[2026-03-30 02:53:30 +0000] [1] [INFO] Starting gunicorn 23.0.0
[2026-03-30 02:53:30 +0000] [1] [INFO] Listening at: http://0.0.0.0:8080 (1)
[2026-03-30 02:53:30 +0000] [1] [INFO] Using worker: uvicorn.workers.UvicornWorker
[2026-03-30 02:53:30 +0000] [7] [INFO] Booting worker with pid: 7
[2026-03-30 02:53:30 +0000] [8] [INFO] Booting worker with pid: 8
[2026-03-30 02:53:30 +0000] [11] [INFO] Booting worker with pid: 11
[2026-03-30 02:53:30 +0000] [8] [INFO] Started server process [8]
[2026-03-30 02:53:30 +0000] [7] [INFO] Started server process [7]
[2026-03-30 02:53:30 +0000] [7] [INFO] Waiting for application startup.
[2026-03-30 02:53:30 +0000] [8] [INFO] Waiting for application startup.
[2026-03-30 02:53:30 +0000] [7] [INFO] Application startup complete.
[2026-03-30 02:53:30 +0000] [8] [INFO] Application startup complete.
[2026-03-30 02:53:30 +0000] [11] [INFO] Started server process [11]
[2026-03-30 02:53:30 +0000] [11] [INFO] Waiting for application startup.
[2026-03-30 02:53:30 +0000] [11] [INFO] Application startup complete.
[2026-03-30 02:53:30 +0000] [13] [INFO] Booting worker with pid: 13
[2026-03-30 02:53:30 +0000] [15] [INFO] Booting worker with pid: 15
[2026-03-30 02:53:30 +0000] [13] [INFO] Started server process [13]
[2026-03-30 02:53:30 +0000] [13] [INFO] Waiting for application startup.
[2026-03-30 02:53:30 +0000] [13] [INFO] Application startup complete.
[2026-03-30 02:53:30 +0000] [15] [INFO] Started server process [15]
[2026-03-30 02:53:30 +0000] [15] [INFO] Waiting for application startup.
[2026-03-30 02:53:30 +0000] [15] [INFO] Application startup complete.
[2026-03-30 02:53:30 +0000] [17] [INFO] Booting worker with pid: 17
[2026-03-30 02:53:30 +0000] [18] [INFO] Booting worker with pid: 18
[2026-03-30 02:53:30 +0000] [19] [INFO] Booting worker with pid: 19
[2026-03-30 02:53:30 +0000] [17] [INFO] Started server process [17]
[2026-03-30 02:53:30 +0000] [17] [INFO] Waiting for application startup.
[2026-03-30 02:53:30 +0000] [17] [INFO] Application startup complete.
[2026-03-30 02:53:30 +0000] [23] [INFO] Booting worker with pid: 23
[2026-03-30 02:53:30 +0000] [18] [INFO] Started server process [18]
[2026-03-30 02:53:30 +0000] [18] [INFO] Waiting for application startup.
[2026-03-30 02:53:30 +0000] [18] [INFO] Application startup complete.
[2026-03-30 02:53:30 +0000] [19] [INFO] Started server process [19]
[2026-03-30 02:53:30 +0000] [19] [INFO] Waiting for application startup.
[2026-03-30 02:53:30 +0000] [19] [INFO] Application startup complete.
[2026-03-30 02:53:30 +0000] [24] [INFO] Booting worker with pid: 24
[2026-03-30 02:53:31 +0000] [25] [INFO] Booting worker with pid: 25
[2026-03-30 02:53:31 +0000] [26] [INFO] Booting worker with pid: 26
[2026-03-30 02:53:31 +0000] [23] [INFO] Started server process [23]
[2026-03-30 02:53:31 +0000] [23] [INFO] Waiting for application startup.
[2026-03-30 02:53:31 +0000] [23] [INFO] Application startup complete.
[2026-03-30 02:53:31 +0000] [24] [INFO] Started server process [24]
[2026-03-30 02:53:31 +0000] [24] [INFO] Waiting for application startup.
[2026-03-30 02:53:31 +0000] [24] [INFO] Application startup complete.
[2026-03-30 02:53:31 +0000] [25] [INFO] Started server process [25]
[2026-03-30 02:53:31 +0000] [25] [INFO] Waiting for application startup.
[2026-03-30 02:53:31 +0000] [25] [INFO] Application startup complete.
[2026-03-30 02:53:31 +0000] [26] [INFO] Started server process [26]
[2026-03-30 02:53:31 +0000] [26] [INFO] Waiting for application startup.
[2026-03-30 02:53:31 +0000] [26] [INFO] Application startup complete.
[2026-03-30 02:53:31 +0000] [31] [INFO] Booting worker with pid: 31
[2026-03-30 02:53:31 +0000] [32] [INFO] Booting worker with pid: 32
[2026-03-30 02:53:31 +0000] [31] [INFO] Started server process [31]
[2026-03-30 02:53:31 +0000] [31] [INFO] Waiting for application startup.
[2026-03-30 02:53:31 +0000] [31] [INFO] Application startup complete.
[2026-03-30 02:53:31 +0000] [34] [INFO] Booting worker with pid: 34
[2026-03-30 02:53:31 +0000] [32] [INFO] Started server process [32]
[2026-03-30 02:53:31 +0000] [32] [INFO] Waiting for application startup.
[2026-03-30 02:53:31 +0000] [32] [INFO] Application startup complete.
[2026-03-30 02:53:31 +0000] [49] [INFO] Booting worker with pid: 49
[2026-03-30 02:53:31 +0000] [34] [INFO] Started server process [34]
[2026-03-30 02:53:31 +0000] [34] [INFO] Waiting for application startup.
[2026-03-30 02:53:31 +0000] [34] [INFO] Application startup complete.
[2026-03-30 02:53:31 +0000] [80] [INFO] Booting worker with pid: 80
[2026-03-30 02:53:31 +0000] [49] [INFO] Started server process [49]
[2026-03-30 02:53:31 +0000] [49] [INFO] Waiting for application startup.
[2026-03-30 02:53:31 +0000] [49] [INFO] Application startup complete.
[2026-03-30 02:53:31 +0000] [86] [INFO] Booting worker with pid: 86
[2026-03-30 02:53:31 +0000] [87] [INFO] Booting worker with pid: 87
[2026-03-30 02:53:31 +0000] [80] [INFO] Started server process [80]
[2026-03-30 02:53:31 +0000] [80] [INFO] Waiting for application startup.
[2026-03-30 02:53:31 +0000] [80] [INFO] Application startup complete.
[2026-03-30 02:53:31 +0000] [86] [INFO] Started server process [86]
[2026-03-30 02:53:31 +0000] [86] [INFO] Waiting for application startup.
[2026-03-30 02:53:31 +0000] [86] [INFO] Application startup complete.
[2026-03-30 02:53:31 +0000] [87] [INFO] Started server process [87]
[2026-03-30 02:53:31 +0000] [87] [INFO] Waiting for application startup.
[2026-03-30 02:53:31 +0000] [87] [INFO] Application startup complete.
[2026-03-30 02:53:31 +0000] [96] [INFO] Booting worker with pid: 96
[2026-03-30 02:53:31 +0000] [96] [INFO] Started server process [96]
[2026-03-30 02:53:31 +0000] [96] [INFO] Waiting for application startup.
[2026-03-30 02:53:31 +0000] [96] [INFO] Application startup complete.
[2026-03-30 02:53:31 +0000] [106] [INFO] Booting worker with pid: 106
[2026-03-30 02:53:31 +0000] [112] [INFO] Booting worker with pid: 112
[2026-03-30 02:53:31 +0000] [106] [INFO] Started server process [106]
[2026-03-30 02:53:31 +0000] [106] [INFO] Waiting for application startup.
[2026-03-30 02:53:31 +0000] [106] [INFO] Application startup complete.
[2026-03-30 02:53:31 +0000] [116] [INFO] Booting worker with pid: 116
[2026-03-30 02:53:31 +0000] [112] [INFO] Started server process [112]
[2026-03-30 02:53:31 +0000] [112] [INFO] Waiting for application startup.
[2026-03-30 02:53:31 +0000] [112] [INFO] Application startup complete.
[2026-03-30 02:53:31 +0000] [123] [INFO] Booting worker with pid: 123
[2026-03-30 02:53:31 +0000] [116] [INFO] Started server process [116]
[2026-03-30 02:53:31 +0000] [116] [INFO] Waiting for application startup.
[2026-03-30 02:53:31 +0000] [116] [INFO] Application startup complete.
[2026-03-30 02:53:31 +0000] [125] [INFO] Booting worker with pid: 125
[2026-03-30 02:53:31 +0000] [126] [INFO] Booting worker with pid: 126
[2026-03-30 02:53:31 +0000] [130] [INFO] Booting worker with pid: 130
[2026-03-30 02:53:31 +0000] [123] [INFO] Started server process [123]
[2026-03-30 02:53:31 +0000] [123] [INFO] Waiting for application startup.
[2026-03-30 02:53:31 +0000] [123] [INFO] Application startup complete.
[2026-03-30 02:53:31 +0000] [125] [INFO] Started server process [125]
[2026-03-30 02:53:31 +0000] [125] [INFO] Waiting for application startup.
[2026-03-30 02:53:31 +0000] [125] [INFO] Application startup complete.
[2026-03-30 02:53:32 +0000] [126] [INFO] Started server process [126]
[2026-03-30 02:53:32 +0000] [126] [INFO] Waiting for application startup.
[2026-03-30 02:53:32 +0000] [126] [INFO] Application startup complete.
[2026-03-30 02:53:32 +0000] [141] [INFO] Booting worker with pid: 141
[2026-03-30 02:53:32 +0000] [130] [INFO] Started server process [130]
[2026-03-30 02:53:32 +0000] [130] [INFO] Waiting for application startup.
[2026-03-30 02:53:32 +0000] [130] [INFO] Application startup complete.
[2026-03-30 02:53:32 +0000] [147] [INFO] Booting worker with pid: 147
[2026-03-30 02:53:32 +0000] [141] [INFO] Started server process [141]
[2026-03-30 02:53:32 +0000] [141] [INFO] Waiting for application startup.
[2026-03-30 02:53:32 +0000] [141] [INFO] Application startup complete.
[2026-03-30 02:53:32 +0000] [147] [INFO] Started server process [147]
[2026-03-30 02:53:32 +0000] [147] [INFO] Waiting for application startup.
[2026-03-30 02:53:32 +0000] [147] [INFO] Application startup complete.
[2026-03-30 02:53:32 +0000] [158] [INFO] Booting worker with pid: 158
[2026-03-30 02:53:32 +0000] [164] [INFO] Booting worker with pid: 164
[2026-03-30 02:53:32 +0000] [158] [INFO] Started server process [158]
[2026-03-30 02:53:32 +0000] [158] [INFO] Waiting for application startup.
[2026-03-30 02:53:32 +0000] [158] [INFO] Application startup complete.
[2026-03-30 02:53:32 +0000] [168] [INFO] Booting worker with pid: 168
[2026-03-30 02:53:32 +0000] [172] [INFO] Booting worker with pid: 172
[2026-03-30 02:53:32 +0000] [164] [INFO] Started server process [164]
[2026-03-30 02:53:32 +0000] [164] [INFO] Waiting for application startup.
[2026-03-30 02:53:32 +0000] [164] [INFO] Application startup complete.
[2026-03-30 02:53:32 +0000] [176] [INFO] Booting worker with pid: 176
[2026-03-30 02:53:32 +0000] [181] [INFO] Booting worker with pid: 181
[2026-03-30 02:53:32 +0000] [168] [INFO] Started server process [168]
[2026-03-30 02:53:32 +0000] [168] [INFO] Waiting for application startup.
[2026-03-30 02:53:32 +0000] [168] [INFO] Application startup complete.
[2026-03-30 02:53:32 +0000] [172] [INFO] Started server process [172]
[2026-03-30 02:53:32 +0000] [172] [INFO] Waiting for application startup.
[2026-03-30 02:53:32 +0000] [172] [INFO] Application startup complete.
[2026-03-30 02:53:32 +0000] [176] [INFO] Started server process [176]
[2026-03-30 02:53:32 +0000] [176] [INFO] Waiting for application startup.
[2026-03-30 02:53:32 +0000] [176] [INFO] Application startup complete.
[2026-03-30 02:53:32 +0000] [196] [INFO] Booting worker with pid: 196
[2026-03-30 02:53:32 +0000] [181] [INFO] Started server process [181]
[2026-03-30 02:53:32 +0000] [181] [INFO] Waiting for application startup.
[2026-03-30 02:53:32 +0000] [181] [INFO] Application startup complete.
[2026-03-30 02:53:32 +0000] [197] [INFO] Booting worker with pid: 197
[2026-03-30 02:53:32 +0000] [206] [INFO] Booting worker with pid: 206
[2026-03-30 02:53:32 +0000] [196] [INFO] Started server process [196]
[2026-03-30 02:53:32 +0000] [196] [INFO] Waiting for application startup.
[2026-03-30 02:53:32 +0000] [196] [INFO] Application startup complete.
[2026-03-30 02:53:32 +0000] [208] [INFO] Booting worker with pid: 208
[2026-03-30 02:53:32 +0000] [197] [INFO] Started server process [197]
[2026-03-30 02:53:32 +0000] [197] [INFO] Waiting for application startup.
[2026-03-30 02:53:32 +0000] [197] [INFO] Application startup complete.
[2026-03-30 02:53:32 +0000] [217] [INFO] Booting worker with pid: 217
[2026-03-30 02:53:32 +0000] [218] [INFO] Booting worker with pid: 218
[2026-03-30 02:53:32 +0000] [206] [INFO] Started server process [206]
[2026-03-30 02:53:32 +0000] [206] [INFO] Waiting for application startup.
[2026-03-30 02:53:32 +0000] [206] [INFO] Application startup complete.
[2026-03-30 02:53:32 +0000] [208] [INFO] Started server process [208]
[2026-03-30 02:53:32 +0000] [208] [INFO] Waiting for application startup.
[2026-03-30 02:53:32 +0000] [208] [INFO] Application startup complete.
[2026-03-30 02:53:32 +0000] [217] [INFO] Started server process [217]
[2026-03-30 02:53:32 +0000] [217] [INFO] Waiting for application startup.
[2026-03-30 02:53:32 +0000] [217] [INFO] Application startup complete.
[2026-03-30 02:53:32 +0000] [227] [INFO] Booting worker with pid: 227
[2026-03-30 02:53:32 +0000] [230] [INFO] Booting worker with pid: 230
[2026-03-30 02:53:32 +0000] [218] [INFO] Started server process [218]
[2026-03-30 02:53:32 +0000] [218] [INFO] Waiting for application startup.
[2026-03-30 02:53:32 +0000] [218] [INFO] Application startup complete.
[2026-03-30 02:53:32 +0000] [243] [INFO] Booting worker with pid: 243
[2026-03-30 02:53:32 +0000] [227] [INFO] Started server process [227]
[2026-03-30 02:53:32 +0000] [227] [INFO] Waiting for application startup.
[2026-03-30 02:53:32 +0000] [227] [INFO] Application startup complete.
[2026-03-30 02:53:32 +0000] [230] [INFO] Started server process [230]
[2026-03-30 02:53:32 +0000] [230] [INFO] Waiting for application startup.
[2026-03-30 02:53:32 +0000] [230] [INFO] Application startup complete.
[2026-03-30 02:53:32 +0000] [256] [INFO] Booting worker with pid: 256
[2026-03-30 02:53:32 +0000] [243] [INFO] Started server process [243]
[2026-03-30 02:53:32 +0000] [243] [INFO] Waiting for application startup.
[2026-03-30 02:53:32 +0000] [243] [INFO] Application startup complete.
[2026-03-30 02:53:32 +0000] [263] [INFO] Booting worker with pid: 263
[2026-03-30 02:53:32 +0000] [265] [INFO] Booting worker with pid: 265
[2026-03-30 02:53:33 +0000] [256] [INFO] Started server process [256]
[2026-03-30 02:53:33 +0000] [256] [INFO] Waiting for application startup.
[2026-03-30 02:53:33 +0000] [256] [INFO] Application startup complete.
[2026-03-30 02:53:33 +0000] [277] [INFO] Booting worker with pid: 277
[2026-03-30 02:53:33 +0000] [263] [INFO] Started server process [263]
[2026-03-30 02:53:33 +0000] [263] [INFO] Waiting for application startup.
[2026-03-30 02:53:33 +0000] [263] [INFO] Application startup complete.
[2026-03-30 02:53:33 +0000] [265] [INFO] Started server process [265]
[2026-03-30 02:53:33 +0000] [265] [INFO] Waiting for application startup.
[2026-03-30 02:53:33 +0000] [265] [INFO] Application startup complete.
[2026-03-30 02:53:33 +0000] [287] [INFO] Booting worker with pid: 287
[2026-03-30 02:53:33 +0000] [277] [INFO] Started server process [277]
[2026-03-30 02:53:33 +0000] [277] [INFO] Waiting for application startup.
[2026-03-30 02:53:33 +0000] [277] [INFO] Application startup complete.
[2026-03-30 02:53:33 +0000] [291] [INFO] Booting worker with pid: 291
[2026-03-30 02:53:33 +0000] [294] [INFO] Booting worker with pid: 294
[2026-03-30 02:53:33 +0000] [287] [INFO] Started server process [287]
[2026-03-30 02:53:33 +0000] [287] [INFO] Waiting for application startup.
[2026-03-30 02:53:33 +0000] [287] [INFO] Application startup complete.
[2026-03-30 02:53:33 +0000] [300] [INFO] Booting worker with pid: 300
[2026-03-30 02:53:33 +0000] [291] [INFO] Started server process [291]
[2026-03-30 02:53:33 +0000] [291] [INFO] Waiting for application startup.
[2026-03-30 02:53:33 +0000] [291] [INFO] Application startup complete.
[2026-03-30 02:53:33 +0000] [306] [INFO] Booting worker with pid: 306
[2026-03-30 02:53:33 +0000] [294] [INFO] Started server process [294]
[2026-03-30 02:53:33 +0000] [294] [INFO] Waiting for application startup.
[2026-03-30 02:53:33 +0000] [294] [INFO] Application startup complete.
[2026-03-30 02:53:33 +0000] [300] [INFO] Started server process [300]
[2026-03-30 02:53:33 +0000] [300] [INFO] Waiting for application startup.
[2026-03-30 02:53:33 +0000] [300] [INFO] Application startup complete.
[2026-03-30 02:53:33 +0000] [318] [INFO] Booting worker with pid: 318
[2026-03-30 02:53:33 +0000] [306] [INFO] Started server process [306]
[2026-03-30 02:53:33 +0000] [306] [INFO] Waiting for application startup.
[2026-03-30 02:53:33 +0000] [306] [INFO] Application startup complete.
[2026-03-30 02:53:33 +0000] [323] [INFO] Booting worker with pid: 323
[2026-03-30 02:53:33 +0000] [324] [INFO] Booting worker with pid: 324
[2026-03-30 02:53:33 +0000] [318] [INFO] Started server process [318]
[2026-03-30 02:53:33 +0000] [318] [INFO] Waiting for application startup.
[2026-03-30 02:53:33 +0000] [318] [INFO] Application startup complete.
[2026-03-30 02:53:33 +0000] [332] [INFO] Booting worker with pid: 332
[2026-03-30 02:53:33 +0000] [323] [INFO] Started server process [323]
[2026-03-30 02:53:33 +0000] [323] [INFO] Waiting for application startup.
[2026-03-30 02:53:33 +0000] [323] [INFO] Application startup complete.
[2026-03-30 02:53:33 +0000] [324] [INFO] Started server process [324]
[2026-03-30 02:53:33 +0000] [324] [INFO] Waiting for application startup.
[2026-03-30 02:53:33 +0000] [324] [INFO] Application startup complete.
[2026-03-30 02:53:33 +0000] [343] [INFO] Booting worker with pid: 343
[2026-03-30 02:53:33 +0000] [346] [INFO] Booting worker with pid: 346
[2026-03-30 02:53:33 +0000] [332] [INFO] Started server process [332]
[2026-03-30 02:53:33 +0000] [332] [INFO] Waiting for application startup.
[2026-03-30 02:53:33 +0000] [332] [INFO] Application startup complete.
[2026-03-30 02:53:33 +0000] [350] [INFO] Booting worker with pid: 350
[2026-03-30 02:53:33 +0000] [343] [INFO] Started server process [343]
[2026-03-30 02:53:33 +0000] [343] [INFO] Waiting for application startup.
[2026-03-30 02:53:33 +0000] [343] [INFO] Application startup complete.
[2026-03-30 02:53:33 +0000] [352] [INFO] Booting worker with pid: 352
[2026-03-30 02:53:33 +0000] [346] [INFO] Started server process [346]
[2026-03-30 02:53:33 +0000] [346] [INFO] Waiting for application startup.
[2026-03-30 02:53:33 +0000] [346] [INFO] Application startup complete.
[2026-03-30 02:53:33 +0000] [361] [INFO] Booting worker with pid: 361
[2026-03-30 02:53:33 +0000] [350] [INFO] Started server process [350]
[2026-03-30 02:53:33 +0000] [350] [INFO] Waiting for application startup.
[2026-03-30 02:53:33 +0000] [350] [INFO] Application startup complete.
[2026-03-30 02:53:33 +0000] [352] [INFO] Started server process [352]
[2026-03-30 02:53:33 +0000] [352] [INFO] Waiting for application startup.
[2026-03-30 02:53:33 +0000] [352] [INFO] Application startup complete.
[2026-03-30 02:53:34 +0000] [367] [INFO] Booting worker with pid: 367
[2026-03-30 02:53:34 +0000] [361] [INFO] Started server process [361]
[2026-03-30 02:53:34 +0000] [361] [INFO] Waiting for application startup.
[2026-03-30 02:53:34 +0000] [361] [INFO] Application startup complete.
[2026-03-30 02:53:34 +0000] [372] [INFO] Booting worker with pid: 372
[2026-03-30 02:53:34 +0000] [376] [INFO] Booting worker with pid: 376
[2026-03-30 02:53:34 +0000] [378] [INFO] Booting worker with pid: 378
[2026-03-30 02:53:34 +0000] [367] [INFO] Started server process [367]
[2026-03-30 02:53:34 +0000] [367] [INFO] Waiting for application startup.
[2026-03-30 02:53:34 +0000] [367] [INFO] Application startup complete.
[2026-03-30 02:53:34 +0000] [379] [INFO] Booting worker with pid: 379
[2026-03-30 02:53:34 +0000] [372] [INFO] Started server process [372]
[2026-03-30 02:53:34 +0000] [372] [INFO] Waiting for application startup.
[2026-03-30 02:53:34 +0000] [372] [INFO] Application startup complete.
[2026-03-30 02:53:34 +0000] [388] [INFO] Booting worker with pid: 388
[2026-03-30 02:53:34 +0000] [389] [INFO] Booting worker with pid: 389
[2026-03-30 02:53:34 +0000] [376] [INFO] Started server process [376]
[2026-03-30 02:53:34 +0000] [376] [INFO] Waiting for application startup.
[2026-03-30 02:53:34 +0000] [376] [INFO] Application startup complete.
[2026-03-30 02:53:34 +0000] [378] [INFO] Started server process [378]
[2026-03-30 02:53:34 +0000] [378] [INFO] Waiting for application startup.
[2026-03-30 02:53:34 +0000] [378] [INFO] Application startup complete.
[2026-03-30 02:53:34 +0000] [379] [INFO] Started server process [379]
[2026-03-30 02:53:34 +0000] [379] [INFO] Waiting for application startup.
[2026-03-30 02:53:34 +0000] [379] [INFO] Application startup complete.
[2026-03-30 02:53:34 +0000] [398] [INFO] Booting worker with pid: 398
[2026-03-30 02:53:34 +0000] [405] [INFO] Booting worker with pid: 405
[2026-03-30 02:53:34 +0000] [388] [INFO] Started server process [388]
[2026-03-30 02:53:34 +0000] [388] [INFO] Waiting for application startup.
[2026-03-30 02:53:34 +0000] [388] [INFO] Application startup complete.
[2026-03-30 02:53:34 +0000] [389] [INFO] Started server process [389]
[2026-03-30 02:53:34 +0000] [389] [INFO] Waiting for application startup.
[2026-03-30 02:53:34 +0000] [389] [INFO] Application startup complete.
[2026-03-30 02:53:34 +0000] [409] [INFO] Booting worker with pid: 409
[2026-03-30 02:53:34 +0000] [398] [INFO] Started server process [398]
[2026-03-30 02:53:34 +0000] [398] [INFO] Waiting for application startup.
[2026-03-30 02:53:34 +0000] [398] [INFO] Application startup complete.
[2026-03-30 02:53:34 +0000] [405] [INFO] Started server process [405]
[2026-03-30 02:53:34 +0000] [405] [INFO] Waiting for application startup.
[2026-03-30 02:53:34 +0000] [405] [INFO] Application startup complete.
[2026-03-30 02:53:34 +0000] [419] [INFO] Booting worker with pid: 419
[2026-03-30 02:53:34 +0000] [409] [INFO] Started server process [409]
[2026-03-30 02:53:34 +0000] [409] [INFO] Waiting for application startup.
[2026-03-30 02:53:34 +0000] [409] [INFO] Application startup complete.
[2026-03-30 02:53:34 +0000] [426] [INFO] Booting worker with pid: 426
[2026-03-30 02:53:34 +0000] [419] [INFO] Started server process [419]
[2026-03-30 02:53:34 +0000] [419] [INFO] Waiting for application startup.
[2026-03-30 02:53:34 +0000] [419] [INFO] Application startup complete.
[2026-03-30 02:53:34 +0000] [437] [INFO] Booting worker with pid: 437
[2026-03-30 02:53:34 +0000] [426] [INFO] Started server process [426]
[2026-03-30 02:53:34 +0000] [426] [INFO] Waiting for application startup.
[2026-03-30 02:53:34 +0000] [426] [INFO] Application startup complete.
[2026-03-30 02:53:34 +0000] [446] [INFO] Booting worker with pid: 446
[2026-03-30 02:53:34 +0000] [437] [INFO] Started server process [437]
[2026-03-30 02:53:34 +0000] [437] [INFO] Waiting for application startup.
[2026-03-30 02:53:34 +0000] [437] [INFO] Application startup complete.
[2026-03-30 02:53:34 +0000] [455] [INFO] Booting worker with pid: 455
[2026-03-30 02:53:34 +0000] [446] [INFO] Started server process [446]
[2026-03-30 02:53:34 +0000] [446] [INFO] Waiting for application startup.
[2026-03-30 02:53:34 +0000] [446] [INFO] Application startup complete.
[2026-03-30 02:53:34 +0000] [459] [INFO] Booting worker with pid: 459
[2026-03-30 02:53:34 +0000] [455] [INFO] Started server process [455]
[2026-03-30 02:53:34 +0000] [455] [INFO] Waiting for application startup.
[2026-03-30 02:53:34 +0000] [455] [INFO] Application startup complete.
[2026-03-30 02:53:34 +0000] [463] [INFO] Booting worker with pid: 463
[2026-03-30 02:53:35 +0000] [459] [INFO] Started server process [459]
[2026-03-30 02:53:35 +0000] [459] [INFO] Waiting for application startup.
[2026-03-30 02:53:35 +0000] [459] [INFO] Application startup complete.
[2026-03-30 02:53:35 +0000] [471] [INFO] Booting worker with pid: 471
[2026-03-30 02:53:35 +0000] [463] [INFO] Started server process [463]
[2026-03-30 02:53:35 +0000] [463] [INFO] Waiting for application startup.
[2026-03-30 02:53:35 +0000] [463] [INFO] Application startup complete.
[2026-03-30 02:53:35 +0000] [473] [INFO] Booting worker with pid: 473
[2026-03-30 02:53:35 +0000] [476] [INFO] Booting worker with pid: 476
[2026-03-30 02:53:35 +0000] [477] [INFO] Booting worker with pid: 477
[2026-03-30 02:53:35 +0000] [471] [INFO] Started server process [471]
[2026-03-30 02:53:35 +0000] [471] [INFO] Waiting for application startup.
[2026-03-30 02:53:35 +0000] [471] [INFO] Application startup complete.
[2026-03-30 02:53:35 +0000] [473] [INFO] Started server process [473]
[2026-03-30 02:53:35 +0000] [473] [INFO] Waiting for application startup.
[2026-03-30 02:53:35 +0000] [473] [INFO] Application startup complete.
[2026-03-30 02:53:35 +0000] [486] [INFO] Booting worker with pid: 486
[2026-03-30 02:53:35 +0000] [476] [INFO] Started server process [476]
[2026-03-30 02:53:35 +0000] [476] [INFO] Waiting for application startup.
[2026-03-30 02:53:35 +0000] [476] [INFO] Application startup complete.
[2026-03-30 02:53:35 +0000] [477] [INFO] Started server process [477]
[2026-03-30 02:53:35 +0000] [477] [INFO] Waiting for application startup.
[2026-03-30 02:53:35 +0000] [477] [INFO] Application startup complete.
[2026-03-30 02:53:35 +0000] [492] [INFO] Booting worker with pid: 492
[2026-03-30 02:53:35 +0000] [486] [INFO] Started server process [486]
[2026-03-30 02:53:35 +0000] [486] [INFO] Waiting for application startup.
[2026-03-30 02:53:35 +0000] [486] [INFO] Application startup complete.
[2026-03-30 02:53:35 +0000] [498] [INFO] Booting worker with pid: 498
[2026-03-30 02:53:35 +0000] [492] [INFO] Started server process [492]
[2026-03-30 02:53:35 +0000] [492] [INFO] Waiting for application startup.
[2026-03-30 02:53:35 +0000] [492] [INFO] Application startup complete.
[2026-03-30 02:53:35 +0000] [509] [INFO] Booting worker with pid: 509
[2026-03-30 02:53:35 +0000] [498] [INFO] Started server process [498]
[2026-03-30 02:53:35 +0000] [498] [INFO] Waiting for application startup.
[2026-03-30 02:53:35 +0000] [498] [INFO] Application startup complete.
[2026-03-30 02:53:35 +0000] [513] [INFO] Booting worker with pid: 513
[2026-03-30 02:53:35 +0000] [514] [INFO] Booting worker with pid: 514
[2026-03-30 02:53:35 +0000] [515] [INFO] Booting worker with pid: 515
[2026-03-30 02:53:35 +0000] [509] [INFO] Started server process [509]
[2026-03-30 02:53:35 +0000] [509] [INFO] Waiting for application startup.
[2026-03-30 02:53:35 +0000] [509] [INFO] Application startup complete.
[2026-03-30 02:53:35 +0000] [520] [INFO] Booting worker with pid: 520
[2026-03-30 02:53:35 +0000] [522] [INFO] Booting worker with pid: 522
[2026-03-30 02:53:35 +0000] [513] [INFO] Started server process [513]
[2026-03-30 02:53:35 +0000] [513] [INFO] Waiting for application startup.
[2026-03-30 02:53:35 +0000] [513] [INFO] Application startup complete.
[2026-03-30 02:53:35 +0000] [514] [INFO] Started server process [514]
[2026-03-30 02:53:35 +0000] [514] [INFO] Waiting for application startup.
[2026-03-30 02:53:35 +0000] [514] [INFO] Application startup complete.
[2026-03-30 02:53:35 +0000] [528] [INFO] Booting worker with pid: 528
[2026-03-30 02:53:35 +0000] [515] [INFO] Started server process [515]
[2026-03-30 02:53:35 +0000] [515] [INFO] Waiting for application startup.
[2026-03-30 02:53:35 +0000] [515] [INFO] Application startup complete.
[2026-03-30 02:53:35 +0000] [535] [INFO] Booting worker with pid: 535
[2026-03-30 02:53:35 +0000] [520] [INFO] Started server process [520]
[2026-03-30 02:53:35 +0000] [520] [INFO] Waiting for application startup.
[2026-03-30 02:53:35 +0000] [520] [INFO] Application startup complete.
[2026-03-30 02:53:35 +0000] [522] [INFO] Started server process [522]
[2026-03-30 02:53:35 +0000] [522] [INFO] Waiting for application startup.
[2026-03-30 02:53:35 +0000] [522] [INFO] Application startup complete.
[2026-03-30 02:53:35 +0000] [528] [INFO] Started server process [528]
[2026-03-30 02:53:35 +0000] [528] [INFO] Waiting for application startup.
[2026-03-30 02:53:35 +0000] [528] [INFO] Application startup complete.
[2026-03-30 02:53:35 +0000] [545] [INFO] Booting worker with pid: 545
[2026-03-30 02:53:35 +0000] [535] [INFO] Started server process [535]
[2026-03-30 02:53:35 +0000] [535] [INFO] Waiting for application startup.
[2026-03-30 02:53:35 +0000] [535] [INFO] Application startup complete.
[2026-03-30 02:53:35 +0000] [548] [INFO] Booting worker with pid: 548
[2026-03-30 02:53:35 +0000] [545] [INFO] Started server process [545]
[2026-03-30 02:53:35 +0000] [545] [INFO] Waiting for application startup.
[2026-03-30 02:53:35 +0000] [545] [INFO] Application startup complete.
[2026-03-30 02:53:35 +0000] [552] [INFO] Booting worker with pid: 552
[2026-03-30 02:53:35 +0000] [556] [INFO] Booting worker with pid: 556
[2026-03-30 02:53:35 +0000] [548] [INFO] Started server process [548]
[2026-03-30 02:53:35 +0000] [548] [INFO] Waiting for application startup.
[2026-03-30 02:53:35 +0000] [548] [INFO] Application startup complete.
[2026-03-30 02:53:35 +0000] [561] [INFO] Booting worker with pid: 561
[2026-03-30 02:53:35 +0000] [552] [INFO] Started server process [552]
[2026-03-30 02:53:35 +0000] [552] [INFO] Waiting for application startup.
[2026-03-30 02:53:35 +0000] [552] [INFO] Application startup complete.
[2026-03-30 02:53:36 +0000] [564] [INFO] Booting worker with pid: 564
[2026-03-30 02:53:36 +0000] [556] [INFO] Started server process [556]
[2026-03-30 02:53:36 +0000] [556] [INFO] Waiting for application startup.
[2026-03-30 02:53:36 +0000] [556] [INFO] Application startup complete.
[2026-03-30 02:53:36 +0000] [565] [INFO] Booting worker with pid: 565
[2026-03-30 02:53:36 +0000] [561] [INFO] Started server process [561]
[2026-03-30 02:53:36 +0000] [561] [INFO] Waiting for application startup.
[2026-03-30 02:53:36 +0000] [561] [INFO] Application startup complete.
[2026-03-30 02:53:36 +0000] [573] [INFO] Booting worker with pid: 573
[2026-03-30 02:53:36 +0000] [564] [INFO] Started server process [564]
[2026-03-30 02:53:36 +0000] [564] [INFO] Waiting for application startup.
[2026-03-30 02:53:36 +0000] [564] [INFO] Application startup complete.
[2026-03-30 02:53:36 +0000] [575] [INFO] Booting worker with pid: 575
[2026-03-30 02:53:36 +0000] [565] [INFO] Started server process [565]
[2026-03-30 02:53:36 +0000] [565] [INFO] Waiting for application startup.
[2026-03-30 02:53:36 +0000] [565] [INFO] Application startup complete.
[2026-03-30 02:53:36 +0000] [580] [INFO] Booting worker with pid: 580
[2026-03-30 02:53:36 +0000] [581] [INFO] Booting worker with pid: 581
[2026-03-30 02:53:36 +0000] [573] [INFO] Started server process [573]
[2026-03-30 02:53:36 +0000] [573] [INFO] Waiting for application startup.
[2026-03-30 02:53:36 +0000] [573] [INFO] Application startup complete.
[2026-03-30 02:53:36 +0000] [575] [INFO] Started server process [575]
[2026-03-30 02:53:36 +0000] [575] [INFO] Waiting for application startup.
[2026-03-30 02:53:36 +0000] [575] [INFO] Application startup complete.
[2026-03-30 02:53:36 +0000] [580] [INFO] Started server process [580]
[2026-03-30 02:53:36 +0000] [580] [INFO] Waiting for application startup.
[2026-03-30 02:53:36 +0000] [580] [INFO] Application startup complete.
[2026-03-30 02:53:36 +0000] [588] [INFO] Booting worker with pid: 588
[2026-03-30 02:53:36 +0000] [581] [INFO] Started server process [581]
[2026-03-30 02:53:36 +0000] [581] [INFO] Waiting for application startup.
[2026-03-30 02:53:36 +0000] [581] [INFO] Application startup complete.
[2026-03-30 02:53:36 +0000] [591] [INFO] Booting worker with pid: 591
[2026-03-30 02:53:36 +0000] [588] [INFO] Started server process [588]
[2026-03-30 02:53:36 +0000] [588] [INFO] Waiting for application startup.
[2026-03-30 02:53:36 +0000] [588] [INFO] Application startup complete.
[2026-03-30 02:53:36 +0000] [593] [INFO] Booting worker with pid: 593
[2026-03-30 02:53:36 +0000] [595] [INFO] Booting worker with pid: 595
[2026-03-30 02:53:36 +0000] [591] [INFO] Started server process [591]
[2026-03-30 02:53:36 +0000] [591] [INFO] Waiting for application startup.
[2026-03-30 02:53:36 +0000] [591] [INFO] Application startup complete.
[2026-03-30 02:53:36 +0000] [593] [INFO] Started server process [593]
[2026-03-30 02:53:36 +0000] [593] [INFO] Waiting for application startup.
[2026-03-30 02:53:36 +0000] [593] [INFO] Application startup complete.
[2026-03-30 02:53:36 +0000] [597] [INFO] Booting worker with pid: 597
[2026-03-30 02:53:36 +0000] [595] [INFO] Started server process [595]
[2026-03-30 02:53:36 +0000] [595] [INFO] Waiting for application startup.
[2026-03-30 02:53:36 +0000] [595] [INFO] Application startup complete.
[2026-03-30 02:53:36 +0000] [599] [INFO] Booting worker with pid: 599
[2026-03-30 02:53:36 +0000] [597] [INFO] Started server process [597]
[2026-03-30 02:53:36 +0000] [597] [INFO] Waiting for application startup.
[2026-03-30 02:53:36 +0000] [597] [INFO] Application startup complete.
[2026-03-30 02:53:36 +0000] [601] [INFO] Booting worker with pid: 601
[2026-03-30 02:53:36 +0000] [599] [INFO] Started server process [599]
[2026-03-30 02:53:36 +0000] [599] [INFO] Waiting for application startup.
[2026-03-30 02:53:36 +0000] [599] [INFO] Application startup complete.
[2026-03-30 02:53:36 +0000] [603] [INFO] Booting worker with pid: 603
[2026-03-30 02:53:36 +0000] [605] [INFO] Booting worker with pid: 605
[2026-03-30 02:53:36 +0000] [601] [INFO] Started server process [601]
[2026-03-30 02:53:36 +0000] [601] [INFO] Waiting for application startup.
[2026-03-30 02:53:36 +0000] [601] [INFO] Application startup complete.
[2026-03-30 02:53:36 +0000] [606] [INFO] Booting worker with pid: 606
[2026-03-30 02:53:36 +0000] [603] [INFO] Started server process [603]
[2026-03-30 02:53:36 +0000] [603] [INFO] Waiting for application startup.
[2026-03-30 02:53:36 +0000] [603] [INFO] Application startup complete.
[2026-03-30 02:53:36 +0000] [605] [INFO] Started server process [605]
[2026-03-30 02:53:36 +0000] [605] [INFO] Waiting for application startup.
[2026-03-30 02:53:36 +0000] [605] [INFO] Application startup complete.
[2026-03-30 02:53:36 +0000] [606] [INFO] Started server process [606]
[2026-03-30 02:53:36 +0000] [606] [INFO] Waiting for application startup.
[2026-03-30 02:53:36 +0000] [606] [INFO] Application startup complete.
[2026-03-30 02:53:36 +0000] [610] [INFO] Booting worker with pid: 610
[2026-03-30 02:53:36 +0000] [611] [INFO] Booting worker with pid: 611
[2026-03-30 02:53:36 +0000] [612] [INFO] Booting worker with pid: 612
[2026-03-30 02:53:36 +0000] [613] [INFO] Booting worker with pid: 613
[2026-03-30 02:53:36 +0000] [610] [INFO] Started server process [610]
[2026-03-30 02:53:36 +0000] [610] [INFO] Waiting for application startup.
[2026-03-30 02:53:36 +0000] [610] [INFO] Application startup complete.
[2026-03-30 02:53:36 +0000] [611] [INFO] Started server process [611]
[2026-03-30 02:53:36 +0000] [612] [INFO] Started server process [612]
[2026-03-30 02:53:36 +0000] [611] [INFO] Waiting for application startup.
[2026-03-30 02:53:36 +0000] [612] [INFO] Waiting for application startup.
[2026-03-30 02:53:36 +0000] [612] [INFO] Application startup complete.
[2026-03-30 02:53:36 +0000] [611] [INFO] Application startup complete.
[2026-03-30 02:53:36 +0000] [617] [INFO] Booting worker with pid: 617
[2026-03-30 02:53:36 +0000] [613] [INFO] Started server process [613]
[2026-03-30 02:53:36 +0000] [613] [INFO] Waiting for application startup.
[2026-03-30 02:53:36 +0000] [613] [INFO] Application startup complete.
[2026-03-30 02:53:37 +0000] [617] [INFO] Started server process [617]
[2026-03-30 02:53:37 +0000] [617] [INFO] Waiting for application startup.
[2026-03-30 02:53:37 +0000] [617] [INFO] Application startup complete.
[2026-03-30 02:53:37 +0000] [620] [INFO] Booting worker with pid: 620
[2026-03-30 02:53:37 +0000] [622] [INFO] Booting worker with pid: 622
[2026-03-30 02:53:37 +0000] [620] [INFO] Started server process [620]
[2026-03-30 02:53:37 +0000] [620] [INFO] Waiting for application startup.
[2026-03-30 02:53:37 +0000] [620] [INFO] Application startup complete.
[2026-03-30 02:53:37 +0000] [623] [INFO] Booting worker with pid: 623
[2026-03-30 02:53:37 +0000] [622] [INFO] Started server process [622]
[2026-03-30 02:53:37 +0000] [622] [INFO] Waiting for application startup.
[2026-03-30 02:53:37 +0000] [622] [INFO] Application startup complete.
[2026-03-30 02:53:37 +0000] [623] [INFO] Started server process [623]
[2026-03-30 02:53:37 +0000] [623] [INFO] Waiting for application startup.
[2026-03-30 02:53:37 +0000] [623] [INFO] Application startup complete.
[2026-03-30 02:53:37 +0000] [626] [INFO] Booting worker with pid: 626
[2026-03-30 02:53:37 +0000] [627] [INFO] Booting worker with pid: 627
[2026-03-30 02:53:37 +0000] [628] [INFO] Booting worker with pid: 628
[2026-03-30 02:53:37 +0000] [626] [INFO] Started server process [626]
[2026-03-30 02:53:37 +0000] [626] [INFO] Waiting for application startup.
[2026-03-30 02:53:37 +0000] [631] [INFO] Booting worker with pid: 631
[2026-03-30 02:53:37 +0000] [626] [INFO] Application startup complete.
[2026-03-30 02:53:37 +0000] [627] [INFO] Started server process [627]
[2026-03-30 02:53:37 +0000] [627] [INFO] Waiting for application startup.
[2026-03-30 02:53:37 +0000] [627] [INFO] Application startup complete.
[2026-03-30 02:53:37 +0000] [628] [INFO] Started server process [628]
[2026-03-30 02:53:37 +0000] [628] [INFO] Waiting for application startup.
[2026-03-30 02:53:37 +0000] [628] [INFO] Application startup complete.
[2026-03-30 02:53:37 +0000] [631] [INFO] Started server process [631]
[2026-03-30 02:53:37 +0000] [631] [INFO] Waiting for application startup.
[2026-03-30 02:53:37 +0000] [631] [INFO] Application startup complete.
[2026-03-30 02:53:37 +0000] [634] [INFO] Booting worker with pid: 634
[2026-03-30 02:53:37 +0000] [635] [INFO] Booting worker with pid: 635
[2026-03-30 02:53:37 +0000] [636] [INFO] Booting worker with pid: 636
[2026-03-30 02:53:37 +0000] [634] [INFO] Started server process [634]
[2026-03-30 02:53:37 +0000] [634] [INFO] Waiting for application startup.
[2026-03-30 02:53:37 +0000] [634] [INFO] Application startup complete.
[2026-03-30 02:53:37 +0000] [635] [INFO] Started server process [635]
[2026-03-30 02:53:37 +0000] [635] [INFO] Waiting for application startup.
[2026-03-30 02:53:37 +0000] [635] [INFO] Application startup complete.
[2026-03-30 02:53:37 +0000] [639] [INFO] Booting worker with pid: 639
[2026-03-30 02:53:37 +0000] [640] [INFO] Booting worker with pid: 640
[2026-03-30 02:53:37 +0000] [636] [INFO] Started server process [636]
[2026-03-30 02:53:37 +0000] [636] [INFO] Waiting for application startup.
[2026-03-30 02:53:37 +0000] [636] [INFO] Application startup complete.
[2026-03-30 02:53:37 +0000] [642] [INFO] Booting worker with pid: 642
[2026-03-30 02:53:37 +0000] [639] [INFO] Started server process [639]
[2026-03-30 02:53:37 +0000] [639] [INFO] Waiting for application startup.
[2026-03-30 02:53:37 +0000] [639] [INFO] Application startup complete.
[2026-03-30 02:53:37 +0000] [645] [INFO] Booting worker with pid: 645
[2026-03-30 02:53:37 +0000] [640] [INFO] Started server process [640]
[2026-03-30 02:53:37 +0000] [640] [INFO] Waiting for application startup.
[2026-03-30 02:53:37 +0000] [640] [INFO] Application startup complete.
[2026-03-30 02:53:37 +0000] [642] [INFO] Started server process [642]
[2026-03-30 02:53:37 +0000] [642] [INFO] Waiting for application startup.
[2026-03-30 02:53:37 +0000] [642] [INFO] Application startup complete.
[2026-03-30 02:53:37 +0000] [648] [INFO] Booting worker with pid: 648
[2026-03-30 02:53:37 +0000] [645] [INFO] Started server process [645]
[2026-03-30 02:53:37 +0000] [645] [INFO] Waiting for application startup.
[2026-03-30 02:53:37 +0000] [645] [INFO] Application startup complete.
[2026-03-30 02:53:37 +0000] [650] [INFO] Booting worker with pid: 650
[2026-03-30 02:53:37 +0000] [648] [INFO] Started server process [648]
[2026-03-30 02:53:37 +0000] [648] [INFO] Waiting for application startup.
[2026-03-30 02:53:37 +0000] [648] [INFO] Application startup complete.
[2026-03-30 02:53:37 +0000] [651] [INFO] Booting worker with pid: 651
[2026-03-30 02:53:37 +0000] [650] [INFO] Started server process [650]
[2026-03-30 02:53:37 +0000] [650] [INFO] Waiting for application startup.
[2026-03-30 02:53:37 +0000] [650] [INFO] Application startup complete.
[2026-03-30 02:53:37 +0000] [653] [INFO] Booting worker with pid: 653
[2026-03-30 02:53:37 +0000] [655] [INFO] Booting worker with pid: 655
[2026-03-30 02:53:37 +0000] [651] [INFO] Started server process [651]
[2026-03-30 02:53:37 +0000] [651] [INFO] Waiting for application startup.
[2026-03-30 02:53:37 +0000] [651] [INFO] Application startup complete.
[2026-03-30 02:53:37 +0000] [656] [INFO] Booting worker with pid: 656
[2026-03-30 02:53:37 +0000] [653] [INFO] Started server process [653]
[2026-03-30 02:53:37 +0000] [653] [INFO] Waiting for application startup.
[2026-03-30 02:53:37 +0000] [653] [INFO] Application startup complete.
[2026-03-30 02:53:37 +0000] [655] [INFO] Started server process [655]
[2026-03-30 02:53:37 +0000] [655] [INFO] Waiting for application startup.
[2026-03-30 02:53:37 +0000] [655] [INFO] Application startup complete.
[2026-03-30 02:53:37 +0000] [659] [INFO] Booting worker with pid: 659
[2026-03-30 02:53:37 +0000] [656] [INFO] Started server process [656]
[2026-03-30 02:53:37 +0000] [656] [INFO] Waiting for application startup.
[2026-03-30 02:53:37 +0000] [656] [INFO] Application startup complete.
[2026-03-30 02:53:38 +0000] [661] [INFO] Booting worker with pid: 661
[2026-03-30 02:53:38 +0000] [659] [INFO] Started server process [659]
[2026-03-30 02:53:38 +0000] [659] [INFO] Waiting for application startup.
[2026-03-30 02:53:38 +0000] [659] [INFO] Application startup complete.
[2026-03-30 02:53:38 +0000] [664] [INFO] Booting worker with pid: 664
[2026-03-30 02:53:38 +0000] [661] [INFO] Started server process [661]
[2026-03-30 02:53:38 +0000] [661] [INFO] Waiting for application startup.
[2026-03-30 02:53:38 +0000] [661] [INFO] Application startup complete.
[2026-03-30 02:53:38 +0000] [665] [INFO] Booting worker with pid: 665
[2026-03-30 02:53:38 +0000] [664] [INFO] Started server process [664]
[2026-03-30 02:53:38 +0000] [664] [INFO] Waiting for application startup.
[2026-03-30 02:53:38 +0000] [664] [INFO] Application startup complete.
[2026-03-30 02:53:38 +0000] [667] [INFO] Booting worker with pid: 667
[2026-03-30 02:53:38 +0000] [665] [INFO] Started server process [665]
[2026-03-30 02:53:38 +0000] [665] [INFO] Waiting for application startup.
[2026-03-30 02:53:38 +0000] [665] [INFO] Application startup complete.
[2026-03-30 02:53:38 +0000] [667] [INFO] Started server process [667]
[2026-03-30 02:53:38 +0000] [667] [INFO] Waiting for application startup.
[2026-03-30 02:53:38 +0000] [667] [INFO] Application startup complete.
[2026-03-30 02:53:38 +0000] [670] [INFO] Booting worker with pid: 670
[2026-03-30 02:53:38 +0000] [671] [INFO] Booting worker with pid: 671
[2026-03-30 02:53:38 +0000] [670] [INFO] Started server process [670]
[2026-03-30 02:53:38 +0000] [670] [INFO] Waiting for application startup.
[2026-03-30 02:53:38 +0000] [670] [INFO] Application startup complete.
[2026-03-30 02:53:38 +0000] [674] [INFO] Booting worker with pid: 674
[2026-03-30 02:53:38 +0000] [671] [INFO] Started server process [671]
[2026-03-30 02:53:38 +0000] [671] [INFO] Waiting for application startup.
[2026-03-30 02:53:38 +0000] [671] [INFO] Application startup complete.
[2026-03-30 02:53:38 +0000] [675] [INFO] Booting worker with pid: 675
[2026-03-30 02:53:38 +0000] [676] [INFO] Booting worker with pid: 676
[2026-03-30 02:53:38 +0000] [674] [INFO] Started server process [674]
[2026-03-30 02:53:38 +0000] [674] [INFO] Waiting for application startup.
[2026-03-30 02:53:38 +0000] [674] [INFO] Application startup complete.
[2026-03-30 02:53:38 +0000] [675] [INFO] Started server process [675]
[2026-03-30 02:53:38 +0000] [675] [INFO] Waiting for application startup.
[2026-03-30 02:53:38 +0000] [675] [INFO] Application startup complete.
[2026-03-30 02:53:38 +0000] [676] [INFO] Started server process [676]
[2026-03-30 02:53:38 +0000] [676] [INFO] Waiting for application startup.
[2026-03-30 02:53:38 +0000] [676] [INFO] Application startup complete.
[2026-03-30 02:53:38 +0000] [680] [INFO] Booting worker with pid: 680
[2026-03-30 02:53:38 +0000] [686] [INFO] Booting worker with pid: 686
[2026-03-30 02:53:38 +0000] [680] [INFO] Started server process [680]
[2026-03-30 02:53:38 +0000] [680] [INFO] Waiting for application startup.
[2026-03-30 02:53:38 +0000] [680] [INFO] Application startup complete.
[2026-03-30 02:53:38 +0000] [691] [INFO] Booting worker with pid: 691
[2026-03-30 02:53:38 +0000] [698] [INFO] Booting worker with pid: 698
[2026-03-30 02:53:38 +0000] [709] [INFO] Booting worker with pid: 709
[2026-03-30 02:53:38 +0000] [686] [INFO] Started server process [686]
[2026-03-30 02:53:38 +0000] [686] [INFO] Waiting for application startup.
[2026-03-30 02:53:38 +0000] [686] [INFO] Application startup complete.
[2026-03-30 02:53:38 +0000] [691] [INFO] Started server process [691]
[2026-03-30 02:53:38 +0000] [691] [INFO] Waiting for application startup.
[2026-03-30 02:53:38 +0000] [691] [INFO] Application startup complete.
[2026-03-30 02:53:38 +0000] [739] [INFO] Booting worker with pid: 739
[2026-03-30 02:53:38 +0000] [743] [INFO] Booting worker with pid: 743
[2026-03-30 02:53:38 +0000] [698] [INFO] Started server process [698]
[2026-03-30 02:53:38 +0000] [698] [INFO] Waiting for application startup.
[2026-03-30 02:53:38 +0000] [698] [INFO] Application startup complete.
[2026-03-30 02:53:38 +0000] [709] [INFO] Started server process [709]
[2026-03-30 02:53:38 +0000] [709] [INFO] Waiting for application startup.
[2026-03-30 02:53:38 +0000] [709] [INFO] Application startup complete.
[2026-03-30 02:53:38 +0000] [756] [INFO] Booting worker with pid: 756
[2026-03-30 02:53:38 +0000] [739] [INFO] Started server process [739]
[2026-03-30 02:53:38 +0000] [739] [INFO] Waiting for application startup.
[2026-03-30 02:53:38 +0000] [739] [INFO] Application startup complete.
[2026-03-30 02:53:38 +0000] [743] [INFO] Started server process [743]
[2026-03-30 02:53:38 +0000] [743] [INFO] Waiting for application startup.
[2026-03-30 02:53:38 +0000] [743] [INFO] Application startup complete.
[2026-03-30 02:53:38 +0000] [760] [INFO] Booting worker with pid: 760
[2026-03-30 02:53:38 +0000] [756] [INFO] Started server process [756]
[2026-03-30 02:53:38 +0000] [756] [INFO] Waiting for application startup.
[2026-03-30 02:53:38 +0000] [756] [INFO] Application startup complete.
[2026-03-30 02:53:38 +0000] [769] [INFO] Booting worker with pid: 769
[2026-03-30 02:53:38 +0000] [773] [INFO] Booting worker with pid: 773
[2026-03-30 02:53:38 +0000] [774] [INFO] Booting worker with pid: 774
[2026-03-30 02:53:39 +0000] [760] [INFO] Started server process [760]
[2026-03-30 02:53:39 +0000] [760] [INFO] Waiting for application startup.
[2026-03-30 02:53:39 +0000] [760] [INFO] Application startup complete.
[2026-03-30 02:53:39 +0000] [769] [INFO] Started server process [769]
[2026-03-30 02:53:39 +0000] [769] [INFO] Waiting for application startup.
[2026-03-30 02:53:39 +0000] [769] [INFO] Application startup complete.
[2026-03-30 02:53:39 +0000] [788] [INFO] Booting worker with pid: 788
[2026-03-30 02:53:39 +0000] [773] [INFO] Started server process [773]
[2026-03-30 02:53:39 +0000] [773] [INFO] Waiting for application startup.
[2026-03-30 02:53:39 +0000] [773] [INFO] Application startup complete.
[2026-03-30 02:53:39 +0000] [774] [INFO] Started server process [774]
[2026-03-30 02:53:39 +0000] [774] [INFO] Waiting for application startup.
[2026-03-30 02:53:39 +0000] [774] [INFO] Application startup complete.
[2026-03-30 02:53:39 +0000] [788] [INFO] Started server process [788]
[2026-03-30 02:53:39 +0000] [788] [INFO] Waiting for application startup.
[2026-03-30 02:53:39 +0000] [788] [INFO] Application startup complete.
[2026-03-30 02:53:39 +0000] [802] [INFO] Booting worker with pid: 802
[2026-03-30 02:53:39 +0000] [812] [INFO] Booting worker with pid: 812
[2026-03-30 02:53:39 +0000] [815] [INFO] Booting worker with pid: 815
[2026-03-30 02:53:39 +0000] [818] [INFO] Booting worker with pid: 818
[2026-03-30 02:53:39 +0000] [812] [INFO] Started server process [812]
[2026-03-30 02:53:39 +0000] [812] [INFO] Waiting for application startup.
[2026-03-30 02:53:39 +0000] [812] [INFO] Application startup complete.
[2026-03-30 02:53:39 +0000] [824] [INFO] Booting worker with pid: 824
[2026-03-30 02:53:39 +0000] [802] [INFO] Started server process [802]
[2026-03-30 02:53:39 +0000] [802] [INFO] Waiting for application startup.
[2026-03-30 02:53:39 +0000] [802] [INFO] Application startup complete.
[2026-03-30 02:53:39 +0000] [815] [INFO] Started server process [815]
[2026-03-30 02:53:39 +0000] [815] [INFO] Waiting for application startup.
[2026-03-30 02:53:39 +0000] [815] [INFO] Application startup complete.
[2026-03-30 02:53:39 +0000] [818] [INFO] Started server process [818]
[2026-03-30 02:53:39 +0000] [818] [INFO] Waiting for application startup.
[2026-03-30 02:53:39 +0000] [818] [INFO] Application startup complete.
[2026-03-30 02:53:39 +0000] [834] [INFO] Booting worker with pid: 834
[2026-03-30 02:53:39 +0000] [837] [INFO] Booting worker with pid: 837
[2026-03-30 02:53:39 +0000] [849] [INFO] Booting worker with pid: 849
[2026-03-30 02:53:39 +0000] [824] [INFO] Started server process [824]
[2026-03-30 02:53:39 +0000] [824] [INFO] Waiting for application startup.
[2026-03-30 02:53:39 +0000] [824] [INFO] Application startup complete.
[2026-03-30 02:53:39 +0000] [834] [INFO] Started server process [834]
[2026-03-30 02:53:39 +0000] [834] [INFO] Waiting for application startup.
[2026-03-30 02:53:39 +0000] [834] [INFO] Application startup complete.
[2026-03-30 02:53:39 +0000] [837] [INFO] Started server process [837]
[2026-03-30 02:53:39 +0000] [837] [INFO] Waiting for application startup.
[2026-03-30 02:53:39 +0000] [837] [INFO] Application startup complete.
[2026-03-30 02:53:39 +0000] [862] [INFO] Booting worker with pid: 862
[2026-03-30 02:53:39 +0000] [849] [INFO] Started server process [849]
[2026-03-30 02:53:39 +0000] [849] [INFO] Waiting for application startup.
[2026-03-30 02:53:39 +0000] [849] [INFO] Application startup complete.
[2026-03-30 02:53:39 +0000] [864] [INFO] Booting worker with pid: 864
[2026-03-30 02:53:39 +0000] [869] [INFO] Booting worker with pid: 869
[2026-03-30 02:53:39 +0000] [862] [INFO] Started server process [862]
[2026-03-30 02:53:39 +0000] [862] [INFO] Waiting for application startup.
[2026-03-30 02:53:39 +0000] [862] [INFO] Application startup complete.
[2026-03-30 02:53:39 +0000] [875] [INFO] Booting worker with pid: 875
[2026-03-30 02:53:39 +0000] [864] [INFO] Started server process [864]
[2026-03-30 02:53:39 +0000] [864] [INFO] Waiting for application startup.
[2026-03-30 02:53:39 +0000] [864] [INFO] Application startup complete.
[2026-03-30 02:53:39 +0000] [880] [INFO] Booting worker with pid: 880
[2026-03-30 02:53:39 +0000] [869] [INFO] Started server process [869]
[2026-03-30 02:53:39 +0000] [869] [INFO] Waiting for application startup.
[2026-03-30 02:53:39 +0000] [869] [INFO] Application startup complete.
[2026-03-30 02:53:40 +0000] [884] [INFO] Booting worker with pid: 884
[2026-03-30 02:53:40 +0000] [875] [INFO] Started server process [875]
[2026-03-30 02:53:40 +0000] [875] [INFO] Waiting for application startup.
[2026-03-30 02:53:40 +0000] [875] [INFO] Application startup complete.
[2026-03-30 02:53:40 +0000] [886] [INFO] Booting worker with pid: 886
[2026-03-30 02:53:40 +0000] [884] [INFO] Started server process [884]
[2026-03-30 02:53:40 +0000] [884] [INFO] Waiting for application startup.
[2026-03-30 02:53:40 +0000] [884] [INFO] Application startup complete.
[2026-03-30 02:53:40 +0000] [888] [INFO] Booting worker with pid: 888
[2026-03-30 02:53:40 +0000] [880] [INFO] Started server process [880]
[2026-03-30 02:53:40 +0000] [880] [INFO] Waiting for application startup.
[2026-03-30 02:53:40 +0000] [880] [INFO] Application startup complete.
[2026-03-30 02:53:40 +0000] [894] [INFO] Booting worker with pid: 894
[2026-03-30 02:53:40 +0000] [888] [INFO] Started server process [888]
[2026-03-30 02:53:40 +0000] [888] [INFO] Waiting for application startup.
[2026-03-30 02:53:40 +0000] [888] [INFO] Application startup complete.
[2026-03-30 02:53:40 +0000] [898] [INFO] Booting worker with pid: 898
[2026-03-30 02:53:40 +0000] [900] [INFO] Booting worker with pid: 900
[2026-03-30 02:53:40 +0000] [903] [INFO] Booting worker with pid: 903
[2026-03-30 02:53:40 +0000] [904] [INFO] Booting worker with pid: 904
[2026-03-30 02:53:40 +0000] [894] [INFO] Started server process [894]
[2026-03-30 02:53:40 +0000] [894] [INFO] Waiting for application startup.
[2026-03-30 02:53:40 +0000] [894] [INFO] Application startup complete.
[2026-03-30 02:53:40 +0000] [898] [INFO] Started server process [898]
[2026-03-30 02:53:40 +0000] [898] [INFO] Waiting for application startup.
[2026-03-30 02:53:40 +0000] [898] [INFO] Application startup complete.
[2026-03-30 02:53:40 +0000] [886] [INFO] Started server process [886]
[2026-03-30 02:53:40 +0000] [886] [INFO] Waiting for application startup.
[2026-03-30 02:53:40 +0000] [886] [INFO] Application startup complete.
[2026-03-30 02:53:40 +0000] [907] [INFO] Booting worker with pid: 907
[2026-03-30 02:53:40 +0000] [909] [INFO] Booting worker with pid: 909
[2026-03-30 02:53:40 +0000] [916] [INFO] Booting worker with pid: 916
[2026-03-30 02:53:40 +0000] [900] [INFO] Started server process [900]
[2026-03-30 02:53:40 +0000] [900] [INFO] Waiting for application startup.
[2026-03-30 02:53:40 +0000] [900] [INFO] Application startup complete.
[2026-03-30 02:53:40 +0000] [918] [INFO] Booting worker with pid: 918
[2026-03-30 02:53:40 +0000] [922] [INFO] Booting worker with pid: 922
[2026-03-30 02:53:40 +0000] [923] [INFO] Booting worker with pid: 923
[2026-03-30 02:53:40 +0000] [904] [INFO] Started server process [904]
[2026-03-30 02:53:40 +0000] [904] [INFO] Waiting for application startup.
[2026-03-30 02:53:40 +0000] [904] [INFO] Application startup complete.
[2026-03-30 02:53:40 +0000] [924] [INFO] Booting worker with pid: 924
[2026-03-30 02:53:40 +0000] [909] [INFO] Started server process [909]
[2026-03-30 02:53:40 +0000] [909] [INFO] Waiting for application startup.
[2026-03-30 02:53:40 +0000] [909] [INFO] Application startup complete.
[2026-03-30 02:53:40 +0000] [931] [INFO] Booting worker with pid: 931
[2026-03-30 02:53:40 +0000] [936] [INFO] Booting worker with pid: 936
[2026-03-30 02:53:40 +0000] [924] [INFO] Started server process [924]
[2026-03-30 02:53:40 +0000] [924] [INFO] Waiting for application startup.
[2026-03-30 02:53:40 +0000] [924] [INFO] Application startup complete.
[2026-03-30 02:53:40 +0000] [903] [INFO] Started server process [903]
[2026-03-30 02:53:40 +0000] [903] [INFO] Waiting for application startup.
[2026-03-30 02:53:40 +0000] [903] [INFO] Application startup complete.
[2026-03-30 02:53:40 +0000] [907] [INFO] Started server process [907]
[2026-03-30 02:53:40 +0000] [907] [INFO] Waiting for application startup.
[2026-03-30 02:53:40 +0000] [907] [INFO] Application startup complete.
[2026-03-30 02:53:40 +0000] [923] [INFO] Started server process [923]
[2026-03-30 02:53:40 +0000] [923] [INFO] Waiting for application startup.
[2026-03-30 02:53:40 +0000] [923] [INFO] Application startup complete.
[2026-03-30 02:53:40 +0000] [944] [INFO] Booting worker with pid: 944
[2026-03-30 02:53:40 +0000] [922] [INFO] Started server process [922]
[2026-03-30 02:53:40 +0000] [922] [INFO] Waiting for application startup.
[2026-03-30 02:53:40 +0000] [922] [INFO] Application startup complete.
[2026-03-30 02:53:40 +0000] [936] [INFO] Started server process [936]
[2026-03-30 02:53:40 +0000] [936] [INFO] Waiting for application startup.
[2026-03-30 02:53:40 +0000] [936] [INFO] Application startup complete.
[2026-03-30 02:53:40 +0000] [950] [INFO] Booting worker with pid: 950
[2026-03-30 02:53:40 +0000] [931] [INFO] Started server process [931]
[2026-03-30 02:53:40 +0000] [931] [INFO] Waiting for application startup.
[2026-03-30 02:53:40 +0000] [931] [INFO] Application startup complete.
[2026-03-30 02:53:40 +0000] [944] [INFO] Started server process [944]
[2026-03-30 02:53:40 +0000] [944] [INFO] Waiting for application startup.
[2026-03-30 02:53:40 +0000] [944] [INFO] Application startup complete.
[2026-03-30 02:53:40 +0000] [955] [INFO] Booting worker with pid: 955
[2026-03-30 02:53:40 +0000] [918] [INFO] Started server process [918]
[2026-03-30 02:53:40 +0000] [918] [INFO] Waiting for application startup.
[2026-03-30 02:53:40 +0000] [918] [INFO] Application startup complete.
[2026-03-30 02:53:40 +0000] [916] [INFO] Started server process [916]
[2026-03-30 02:53:40 +0000] [916] [INFO] Waiting for application startup.
[2026-03-30 02:53:40 +0000] [916] [INFO] Application startup complete.
[2026-03-30 02:53:40 +0000] [958] [INFO] Booting worker with pid: 958
[2026-03-30 02:53:41 +0000] [955] [INFO] Started server process [955]
[2026-03-30 02:53:41 +0000] [955] [INFO] Waiting for application startup.
[2026-03-30 02:53:41 +0000] [969] [INFO] Booting worker with pid: 969
[2026-03-30 02:53:41 +0000] [955] [INFO] Application startup complete.
[2026-03-30 02:53:41 +0000] [972] [INFO] Booting worker with pid: 972
[2026-03-30 02:53:41 +0000] [958] [INFO] Started server process [958]
[2026-03-30 02:53:41 +0000] [958] [INFO] Waiting for application startup.
[2026-03-30 02:53:41 +0000] [958] [INFO] Application startup complete.
[2026-03-30 02:53:41 +0000] [978] [INFO] Booting worker with pid: 978
[2026-03-30 02:53:41 +0000] [950] [INFO] Started server process [950]
[2026-03-30 02:53:41 +0000] [950] [INFO] Waiting for application startup.
[2026-03-30 02:53:41 +0000] [950] [INFO] Application startup complete.
[2026-03-30 02:53:41 +0000] [985] [INFO] Booting worker with pid: 985
[2026-03-30 02:53:41 +0000] [978] [INFO] Started server process [978]
[2026-03-30 02:53:41 +0000] [978] [INFO] Waiting for application startup.
[2026-03-30 02:53:41 +0000] [978] [INFO] Application startup complete.
[2026-03-30 02:53:41 +0000] [989] [INFO] Booting worker with pid: 989
[2026-03-30 02:53:41 +0000] [993] [INFO] Booting worker with pid: 993
[2026-03-30 02:53:41 +0000] [994] [INFO] Booting worker with pid: 994
[2026-03-30 02:53:41 +0000] [989] [INFO] Started server process [989]
[2026-03-30 02:53:41 +0000] [989] [INFO] Waiting for application startup.
[2026-03-30 02:53:41 +0000] [989] [INFO] Application startup complete.
[2026-03-30 02:53:41 +0000] [972] [INFO] Started server process [972]
[2026-03-30 02:53:41 +0000] [972] [INFO] Waiting for application startup.
[2026-03-30 02:53:41 +0000] [972] [INFO] Application startup complete.
[2026-03-30 02:53:41 +0000] [985] [INFO] Started server process [985]
[2026-03-30 02:53:41 +0000] [985] [INFO] Waiting for application startup.
[2026-03-30 02:53:41 +0000] [985] [INFO] Application startup complete.
[2026-03-30 02:53:41 +0000] [969] [INFO] Started server process [969]
[2026-03-30 02:53:41 +0000] [969] [INFO] Waiting for application startup.
[2026-03-30 02:53:41 +0000] [969] [INFO] Application startup complete.
[2026-03-30 02:53:41 +0000] [1003] [INFO] Booting worker with pid: 1003
[2026-03-30 02:53:41 +0000] [1005] [INFO] Booting worker with pid: 1005
[2026-03-30 02:53:41 +0000] [1008] [INFO] Booting worker with pid: 1008
[2026-03-30 02:53:41 +0000] [994] [INFO] Started server process [994]
[2026-03-30 02:53:41 +0000] [994] [INFO] Waiting for application startup.
[2026-03-30 02:53:41 +0000] [994] [INFO] Application startup complete.
[2026-03-30 02:53:41 +0000] [1013] [INFO] Booting worker with pid: 1013
[2026-03-30 02:53:41 +0000] [1019] [INFO] Booting worker with pid: 1019
[2026-03-30 02:53:41 +0000] [1003] [INFO] Started server process [1003]
[2026-03-30 02:53:41 +0000] [1003] [INFO] Waiting for application startup.
[2026-03-30 02:53:41 +0000] [1003] [INFO] Application startup complete.
[2026-03-30 02:53:41 +0000] [993] [INFO] Started server process [993]
[2026-03-30 02:53:41 +0000] [993] [INFO] Waiting for application startup.
[2026-03-30 02:53:41 +0000] [993] [INFO] Application startup complete.
[2026-03-30 02:53:41 +0000] [1022] [INFO] Booting worker with pid: 1022
[2026-03-30 02:53:41 +0000] [1023] [INFO] Booting worker with pid: 1023
[2026-03-30 02:53:41 +0000] [1028] [INFO] Booting worker with pid: 1028
[2026-03-30 02:53:41 +0000] [1008] [INFO] Started server process [1008]
[2026-03-30 02:53:41 +0000] [1008] [INFO] Waiting for application startup.
[2026-03-30 02:53:41 +0000] [1008] [INFO] Application startup complete.
[2026-03-30 02:53:42 +0000] [1035] [INFO] Booting worker with pid: 1035
[2026-03-30 02:53:42 +0000] [1028] [INFO] Started server process [1028]
[2026-03-30 02:53:42 +0000] [1028] [INFO] Waiting for application startup.
[2026-03-30 02:53:42 +0000] [1028] [INFO] Application startup complete.
[2026-03-30 02:53:42 +0000] [1005] [INFO] Started server process [1005]
[2026-03-30 02:53:42 +0000] [1005] [INFO] Waiting for application startup.
[2026-03-30 02:53:42 +0000] [1005] [INFO] Application startup complete.
[2026-03-30 02:53:42 +0000] [1019] [INFO] Started server process [1019]
[2026-03-30 02:53:42 +0000] [1019] [INFO] Waiting for application startup.
[2026-03-30 02:53:42 +0000] [1019] [INFO] Application startup complete.
[2026-03-30 02:53:42 +0000] [1038] [INFO] Booting worker with pid: 1038
[2026-03-30 02:53:42 +0000] [1022] [INFO] Started server process [1022]
[2026-03-30 02:53:42 +0000] [1022] [INFO] Waiting for application startup.
[2026-03-30 02:53:42 +0000] [1022] [INFO] Application startup complete.
[2026-03-30 02:53:42 +0000] [1041] [INFO] Booting worker with pid: 1041
[2026-03-30 02:53:42 +0000] [1042] [INFO] Booting worker with pid: 1042
[2026-03-30 02:53:42 +0000] [1046] [INFO] Booting worker with pid: 1046
[2026-03-30 02:53:42 +0000] [1023] [INFO] Started server process [1023]
[2026-03-30 02:53:42 +0000] [1023] [INFO] Waiting for application startup.
[2026-03-30 02:53:42 +0000] [1023] [INFO] Application startup complete.
[2026-03-30 02:53:42 +0000] [1050] [INFO] Booting worker with pid: 1050
[2026-03-30 02:53:42 +0000] [1038] [INFO] Started server process [1038]
[2026-03-30 02:53:42 +0000] [1038] [INFO] Waiting for application startup.
[2026-03-30 02:53:42 +0000] [1038] [INFO] Application startup complete.
[2026-03-30 02:53:42 +0000] [1051] [INFO] Booting worker with pid: 1051
[2026-03-30 02:53:42 +0000] [1053] [INFO] Booting worker with pid: 1053
[2026-03-30 02:53:42 +0000] [1042] [INFO] Started server process [1042]
[2026-03-30 02:53:42 +0000] [1042] [INFO] Waiting for application startup.
[2026-03-30 02:53:42 +0000] [1042] [INFO] Application startup complete.
[2026-03-30 02:53:42 +0000] [1059] [INFO] Booting worker with pid: 1059
[2026-03-30 02:53:42 +0000] [1046] [INFO] Started server process [1046]
[2026-03-30 02:53:42 +0000] [1046] [INFO] Waiting for application startup.
[2026-03-30 02:53:42 +0000] [1046] [INFO] Application startup complete.
[2026-03-30 02:53:42 +0000] [1050] [INFO] Started server process [1050]
[2026-03-30 02:53:42 +0000] [1050] [INFO] Waiting for application startup.
[2026-03-30 02:53:42 +0000] [1050] [INFO] Application startup complete.
[2026-03-30 02:53:42 +0000] [1041] [INFO] Started server process [1041]
[2026-03-30 02:53:42 +0000] [1041] [INFO] Waiting for application startup.
[2026-03-30 02:53:42 +0000] [1041] [INFO] Application startup complete.
[2026-03-30 02:53:42 +0000] [1035] [INFO] Started server process [1035]
[2026-03-30 02:53:42 +0000] [1035] [INFO] Waiting for application startup.
[2026-03-30 02:53:42 +0000] [1035] [INFO] Application startup complete.
[2026-03-30 02:53:42 +0000] [1013] [INFO] Started server process [1013]
[2026-03-30 02:53:42 +0000] [1013] [INFO] Waiting for application startup.
[2026-03-30 02:53:42 +0000] [1013] [INFO] Application startup complete.
[2026-03-30 02:53:42 +0000] [1067] [INFO] Booting worker with pid: 1067
[2026-03-30 02:53:42 +0000] [1074] [INFO] Booting worker with pid: 1074
[2026-03-30 02:53:42 +0000] [1077] [INFO] Booting worker with pid: 1077
[2026-03-30 02:53:42 +0000] [1078] [INFO] Booting worker with pid: 1078
[2026-03-30 02:53:42 +0000] [1067] [INFO] Started server process [1067]
[2026-03-30 02:53:42 +0000] [1067] [INFO] Waiting for application startup.
[2026-03-30 02:53:42 +0000] [1059] [INFO] Started server process [1059]
[2026-03-30 02:53:42 +0000] [1059] [INFO] Waiting for application startup.
[2026-03-30 02:53:42 +0000] [1067] [INFO] Application startup complete.
[2026-03-30 02:53:42 +0000] [1059] [INFO] Application startup complete.
[2026-03-30 02:53:42 +0000] [1080] [INFO] Booting worker with pid: 1080
[2026-03-30 02:53:42 +0000] [1051] [INFO] Started server process [1051]
[2026-03-30 02:53:42 +0000] [1051] [INFO] Waiting for application startup.
[2026-03-30 02:53:42 +0000] [1051] [INFO] Application startup complete.
[2026-03-30 02:53:42 +0000] [1077] [INFO] Started server process [1077]
[2026-03-30 02:53:42 +0000] [1077] [INFO] Waiting for application startup.
[2026-03-30 02:53:42 +0000] [1077] [INFO] Application startup complete.
[2026-03-30 02:53:42 +0000] [1078] [INFO] Started server process [1078]
[2026-03-30 02:53:42 +0000] [1078] [INFO] Waiting for application startup.
[2026-03-30 02:53:42 +0000] [1078] [INFO] Application startup complete.
[2026-03-30 02:53:42 +0000] [1091] [INFO] Booting worker with pid: 1091
[2026-03-30 02:53:42 +0000] [1080] [INFO] Started server process [1080]
[2026-03-30 02:53:42 +0000] [1080] [INFO] Waiting for application startup.
[2026-03-30 02:53:42 +0000] [1080] [INFO] Application startup complete.
[2026-03-30 02:53:42 +0000] [1096] [INFO] Booting worker with pid: 1096
[2026-03-30 02:53:42 +0000] [1099] [INFO] Booting worker with pid: 1099
[2026-03-30 02:53:42 +0000] [1096] [INFO] Started server process [1096]
[2026-03-30 02:53:42 +0000] [1096] [INFO] Waiting for application startup.
[2026-03-30 02:53:42 +0000] [1096] [INFO] Application startup complete.
[2026-03-30 02:53:42 +0000] [1105] [INFO] Booting worker with pid: 1105
[2026-03-30 02:53:42 +0000] [1053] [INFO] Started server process [1053]
[2026-03-30 02:53:42 +0000] [1053] [INFO] Waiting for application startup.
[2026-03-30 02:53:42 +0000] [1053] [INFO] Application startup complete.
[2026-03-30 02:53:42 +0000] [1109] [INFO] Booting worker with pid: 1109
[2026-03-30 02:53:42 +0000] [1074] [INFO] Started server process [1074]
[2026-03-30 02:53:42 +0000] [1074] [INFO] Waiting for application startup.
[2026-03-30 02:53:42 +0000] [1074] [INFO] Application startup complete.
[2026-03-30 02:53:42 +0000] [1099] [INFO] Started server process [1099]
[2026-03-30 02:53:42 +0000] [1099] [INFO] Waiting for application startup.
[2026-03-30 02:53:42 +0000] [1099] [INFO] Application startup complete.
[2026-03-30 02:53:43 +0000] [1111] [INFO] Booting worker with pid: 1111
[2026-03-30 02:53:43 +0000] [1112] [INFO] Booting worker with pid: 1112
[2026-03-30 02:53:43 +0000] [1114] [INFO] Booting worker with pid: 1114
[2026-03-30 02:53:43 +0000] [1091] [INFO] Started server process [1091]
[2026-03-30 02:53:43 +0000] [1091] [INFO] Waiting for application startup.
[2026-03-30 02:53:43 +0000] [1091] [INFO] Application startup complete.
[2026-03-30 02:53:43 +0000] [1105] [INFO] Started server process [1105]
[2026-03-30 02:53:43 +0000] [1105] [INFO] Waiting for application startup.
[2026-03-30 02:53:43 +0000] [1105] [INFO] Application startup complete.
[2026-03-30 02:53:43 +0000] [1117] [INFO] Booting worker with pid: 1117
[2026-03-30 02:53:43 +0000] [1118] [INFO] Booting worker with pid: 1118
[2026-03-30 02:53:43 +0000] [1119] [INFO] Booting worker with pid: 1119
[2026-03-30 02:53:43 +0000] [1120] [INFO] Booting worker with pid: 1120
[2026-03-30 02:53:43 +0000] [1117] [INFO] Started server process [1117]
[2026-03-30 02:53:43 +0000] [1117] [INFO] Waiting for application startup.
[2026-03-30 02:53:43 +0000] [1117] [INFO] Application startup complete.
[2026-03-30 02:53:43 +0000] [1118] [INFO] Started server process [1118]
[2026-03-30 02:53:43 +0000] [1118] [INFO] Waiting for application startup.
[2026-03-30 02:53:43 +0000] [1118] [INFO] Application startup complete.
[2026-03-30 02:53:43 +0000] [1120] [INFO] Started server process [1120]
[2026-03-30 02:53:43 +0000] [1120] [INFO] Waiting for application startup.
[2026-03-30 02:53:43 +0000] [1120] [INFO] Application startup complete.
[2026-03-30 02:53:43 +0000] [1131] [INFO] Booting worker with pid: 1131
[2026-03-30 02:53:43 +0000] [1112] [INFO] Started server process [1112]
[2026-03-30 02:53:43 +0000] [1112] [INFO] Waiting for application startup.
[2026-03-30 02:53:43 +0000] [1112] [INFO] Application startup complete.
[2026-03-30 02:53:43 +0000] [1114] [INFO] Started server process [1114]
[2026-03-30 02:53:43 +0000] [1114] [INFO] Waiting for application startup.
[2026-03-30 02:53:43 +0000] [1114] [INFO] Application startup complete.
[2026-03-30 02:53:43 +0000] [1136] [INFO] Booting worker with pid: 1136
[2026-03-30 02:53:43 +0000] [1119] [INFO] Started server process [1119]
[2026-03-30 02:53:43 +0000] [1119] [INFO] Waiting for application startup.
[2026-03-30 02:53:43 +0000] [1137] [INFO] Booting worker with pid: 1137
[2026-03-30 02:53:43 +0000] [1119] [INFO] Application startup complete.
[2026-03-30 02:53:43 +0000] [1109] [INFO] Started server process [1109]
[2026-03-30 02:53:43 +0000] [1109] [INFO] Waiting for application startup.
[2026-03-30 02:53:43 +0000] [1109] [INFO] Application startup complete.
[2026-03-30 02:53:43 +0000] [1139] [INFO] Booting worker with pid: 1139
[2026-03-30 02:53:43 +0000] [1111] [INFO] Started server process [1111]
[2026-03-30 02:53:43 +0000] [1111] [INFO] Waiting for application startup.
[2026-03-30 02:53:43 +0000] [1111] [INFO] Application startup complete.
[2026-03-30 02:53:43 +0000] [1131] [INFO] Started server process [1131]
[2026-03-30 02:53:43 +0000] [1131] [INFO] Waiting for application startup.
[2026-03-30 02:53:43 +0000] [1131] [INFO] Application startup complete.
[2026-03-30 02:53:43 +0000] [1144] [INFO] Booting worker with pid: 1144
[2026-03-30 02:53:43 +0000] [1136] [INFO] Started server process [1136]
[2026-03-30 02:53:43 +0000] [1136] [INFO] Waiting for application startup.
[2026-03-30 02:53:43 +0000] [1136] [INFO] Application startup complete.
[2026-03-30 02:53:43 +0000] [1151] [INFO] Booting worker with pid: 1151
[2026-03-30 02:53:43 +0000] [1144] [INFO] Started server process [1144]
[2026-03-30 02:53:43 +0000] [1144] [INFO] Waiting for application startup.
[2026-03-30 02:53:43 +0000] [1144] [INFO] Application startup complete.
[2026-03-30 02:53:43 +0000] [1157] [INFO] Booting worker with pid: 1157
[2026-03-30 02:53:43 +0000] [1159] [INFO] Booting worker with pid: 1159
[2026-03-30 02:53:43 +0000] [1137] [INFO] Started server process [1137]
[2026-03-30 02:53:43 +0000] [1137] [INFO] Waiting for application startup.
[2026-03-30 02:53:43 +0000] [1137] [INFO] Application startup complete.
[2026-03-30 02:53:43 +0000] [1139] [INFO] Started server process [1139]
[2026-03-30 02:53:43 +0000] [1139] [INFO] Waiting for application startup.
[2026-03-30 02:53:43 +0000] [1139] [INFO] Application startup complete.
[2026-03-30 02:53:43 +0000] [1151] [INFO] Started server process [1151]
[2026-03-30 02:53:43 +0000] [1151] [INFO] Waiting for application startup.
[2026-03-30 02:53:43 +0000] [1151] [INFO] Application startup complete.
[2026-03-30 02:53:43 +0000] [1160] [INFO] Booting worker with pid: 1160
[2026-03-30 02:53:43 +0000] [1157] [INFO] Started server process [1157]
[2026-03-30 02:53:43 +0000] [1157] [INFO] Waiting for application startup.
[2026-03-30 02:53:43 +0000] [1157] [INFO] Application startup complete.
[2026-03-30 02:53:43 +0000] [1159] [INFO] Started server process [1159]
[2026-03-30 02:53:43 +0000] [1159] [INFO] Waiting for application startup.
[2026-03-30 02:53:43 +0000] [1159] [INFO] Application startup complete.
[2026-03-30 02:53:43 +0000] [1164] [INFO] Booting worker with pid: 1164
[2026-03-30 02:53:43 +0000] [1160] [INFO] Started server process [1160]
[2026-03-30 02:53:43 +0000] [1160] [INFO] Waiting for application startup.
[2026-03-30 02:53:43 +0000] [1160] [INFO] Application startup complete.
[2026-03-30 02:53:43 +0000] [1165] [INFO] Booting worker with pid: 1165
[2026-03-30 02:53:43 +0000] [1164] [INFO] Started server process [1164]
[2026-03-30 02:53:43 +0000] [1164] [INFO] Waiting for application startup.
[2026-03-30 02:53:43 +0000] [1164] [INFO] Application startup complete.
[2026-03-30 02:53:43 +0000] [1167] [INFO] Booting worker with pid: 1167
[2026-03-30 02:53:43 +0000] [1169] [INFO] Booting worker with pid: 1169
[2026-03-30 02:53:43 +0000] [1165] [INFO] Started server process [1165]
[2026-03-30 02:53:43 +0000] [1165] [INFO] Waiting for application startup.
[2026-03-30 02:53:43 +0000] [1165] [INFO] Application startup complete.
[2026-03-30 02:53:44 +0000] [1172] [INFO] Booting worker with pid: 1172
[2026-03-30 02:53:44 +0000] [1167] [INFO] Started server process [1167]
[2026-03-30 02:53:44 +0000] [1167] [INFO] Waiting for application startup.
[2026-03-30 02:53:44 +0000] [1167] [INFO] Application startup complete.
[2026-03-30 02:53:44 +0000] [1169] [INFO] Started server process [1169]
[2026-03-30 02:53:44 +0000] [1169] [INFO] Waiting for application startup.
[2026-03-30 02:53:44 +0000] [1169] [INFO] Application startup complete.
[2026-03-30 02:53:44 +0000] [1173] [INFO] Booting worker with pid: 1173
[2026-03-30 02:53:44 +0000] [1172] [INFO] Started server process [1172]
[2026-03-30 02:53:44 +0000] [1172] [INFO] Waiting for application startup.
[2026-03-30 02:53:44 +0000] [1172] [INFO] Application startup complete.
[2026-03-30 02:53:44 +0000] [1173] [INFO] Started server process [1173]
[2026-03-30 02:53:44 +0000] [1173] [INFO] Waiting for application startup.
[2026-03-30 02:53:44 +0000] [1173] [INFO] Application startup complete.
[2026-03-30 02:53:44 +0000] [1176] [INFO] Booting worker with pid: 1176
[2026-03-30 02:53:44 +0000] [1176] [INFO] Started server process [1176]
[2026-03-30 02:53:44 +0000] [1176] [INFO] Waiting for application startup.
[2026-03-30 02:53:44 +0000] [1176] [INFO] Application startup complete.
[2026-03-30 02:53:44 +0000] [1178] [INFO] Booting worker with pid: 1178
[2026-03-30 02:53:44 +0000] [1179] [INFO] Booting worker with pid: 1179
[2026-03-30 02:53:44 +0000] [1178] [INFO] Started server process [1178]
[2026-03-30 02:53:44 +0000] [1178] [INFO] Waiting for application startup.
[2026-03-30 02:53:44 +0000] [1178] [INFO] Application startup complete.
[2026-03-30 02:53:44 +0000] [1179] [INFO] Started server process [1179]
[2026-03-30 02:53:44 +0000] [1179] [INFO] Waiting for application startup.
[2026-03-30 02:53:44 +0000] [1179] [INFO] Application startup complete.
