[2026-03-16 17:20:13 +0000] [1] [INFO] Starting gunicorn 23.0.0
[2026-03-16 17:20:13 +0000] [1] [INFO] Listening at: http://0.0.0.0:8080 (1)
[2026-03-16 17:20:13 +0000] [1] [INFO] Using worker: uvicorn.workers.UvicornWorker
[2026-03-16 17:20:13 +0000] [7] [INFO] Booting worker with pid: 7
[2026-03-16 17:20:13 +0000] [8] [INFO] Booting worker with pid: 8
[2026-03-16 17:20:13 +0000] [9] [INFO] Booting worker with pid: 9
[2026-03-16 17:20:13 +0000] [10] [INFO] Booting worker with pid: 10
[2026-03-16 17:20:13 +0000] [11] [INFO] Booting worker with pid: 11
[2026-03-16 17:20:13 +0000] [12] [INFO] Booting worker with pid: 12
[2026-03-16 17:20:13 +0000] [14] [INFO] Booting worker with pid: 14
[2026-03-16 17:20:13 +0000] [7] [INFO] Started server process [7]
[2026-03-16 17:20:13 +0000] [7] [INFO] Waiting for application startup.
[2026-03-16 17:20:13 +0000] [7] [INFO] Application startup complete.
[2026-03-16 17:20:13 +0000] [15] [INFO] Booting worker with pid: 15
[2026-03-16 17:20:13 +0000] [8] [INFO] Started server process [8]
[2026-03-16 17:20:13 +0000] [8] [INFO] Waiting for application startup.
[2026-03-16 17:20:13 +0000] [8] [INFO] Application startup complete.
[2026-03-16 17:20:13 +0000] [9] [INFO] Started server process [9]
[2026-03-16 17:20:13 +0000] [9] [INFO] Waiting for application startup.
[2026-03-16 17:20:13 +0000] [9] [INFO] Application startup complete.
[2026-03-16 17:20:13 +0000] [19] [INFO] Booting worker with pid: 19
[2026-03-16 17:20:13 +0000] [10] [INFO] Started server process [10]
[2026-03-16 17:20:13 +0000] [10] [INFO] Waiting for application startup.
[2026-03-16 17:20:13 +0000] [10] [INFO] Application startup complete.
[2026-03-16 17:20:13 +0000] [20] [INFO] Booting worker with pid: 20
[2026-03-16 17:20:13 +0000] [21] [INFO] Booting worker with pid: 21
[2026-03-16 17:20:13 +0000] [11] [INFO] Started server process [11]
[2026-03-16 17:20:13 +0000] [11] [INFO] Waiting for application startup.
[2026-03-16 17:20:13 +0000] [11] [INFO] Application startup complete.
[2026-03-16 17:20:13 +0000] [24] [INFO] Booting worker with pid: 24
[2026-03-16 17:20:13 +0000] [12] [INFO] Started server process [12]
[2026-03-16 17:20:13 +0000] [12] [INFO] Waiting for application startup.
[2026-03-16 17:20:13 +0000] [12] [INFO] Application startup complete.
[2026-03-16 17:20:13 +0000] [14] [INFO] Started server process [14]
[2026-03-16 17:20:13 +0000] [14] [INFO] Waiting for application startup.
[2026-03-16 17:20:13 +0000] [14] [INFO] Application startup complete.
[2026-03-16 17:20:13 +0000] [26] [INFO] Booting worker with pid: 26
[2026-03-16 17:20:13 +0000] [15] [INFO] Started server process [15]
[2026-03-16 17:20:13 +0000] [15] [INFO] Waiting for application startup.
[2026-03-16 17:20:13 +0000] [15] [INFO] Application startup complete.
[2026-03-16 17:20:13 +0000] [28] [INFO] Booting worker with pid: 28
[2026-03-16 17:20:13 +0000] [19] [INFO] Started server process [19]
[2026-03-16 17:20:13 +0000] [19] [INFO] Waiting for application startup.
[2026-03-16 17:20:13 +0000] [19] [INFO] Application startup complete.
[2026-03-16 17:20:13 +0000] [20] [INFO] Started server process [20]
[2026-03-16 17:20:13 +0000] [20] [INFO] Waiting for application startup.
[2026-03-16 17:20:13 +0000] [20] [INFO] Application startup complete.
[2026-03-16 17:20:13 +0000] [32] [INFO] Booting worker with pid: 32
[2026-03-16 17:20:13 +0000] [21] [INFO] Started server process [21]
[2026-03-16 17:20:13 +0000] [21] [INFO] Waiting for application startup.
[2026-03-16 17:20:13 +0000] [21] [INFO] Application startup complete.
[2026-03-16 17:20:13 +0000] [33] [INFO] Booting worker with pid: 33
[2026-03-16 17:20:13 +0000] [24] [INFO] Started server process [24]
[2026-03-16 17:20:13 +0000] [24] [INFO] Waiting for application startup.
[2026-03-16 17:20:13 +0000] [24] [INFO] Application startup complete.
[2026-03-16 17:20:13 +0000] [35] [INFO] Booting worker with pid: 35
[2026-03-16 17:20:13 +0000] [26] [INFO] Started server process [26]
[2026-03-16 17:20:13 +0000] [26] [INFO] Waiting for application startup.
[2026-03-16 17:20:13 +0000] [26] [INFO] Application startup complete.
[2026-03-16 17:20:13 +0000] [28] [INFO] Started server process [28]
[2026-03-16 17:20:13 +0000] [28] [INFO] Waiting for application startup.
[2026-03-16 17:20:13 +0000] [28] [INFO] Application startup complete.
[2026-03-16 17:20:13 +0000] [38] [INFO] Booting worker with pid: 38
[2026-03-16 17:20:14 +0000] [32] [INFO] Started server process [32]
[2026-03-16 17:20:14 +0000] [32] [INFO] Waiting for application startup.
[2026-03-16 17:20:14 +0000] [32] [INFO] Application startup complete.
[2026-03-16 17:20:14 +0000] [40] [INFO] Booting worker with pid: 40
[2026-03-16 17:20:14 +0000] [41] [INFO] Booting worker with pid: 41
[2026-03-16 17:20:14 +0000] [42] [INFO] Booting worker with pid: 42
[2026-03-16 17:20:14 +0000] [33] [INFO] Started server process [33]
[2026-03-16 17:20:14 +0000] [33] [INFO] Waiting for application startup.
[2026-03-16 17:20:14 +0000] [33] [INFO] Application startup complete.
[2026-03-16 17:20:14 +0000] [35] [INFO] Started server process [35]
[2026-03-16 17:20:14 +0000] [35] [INFO] Waiting for application startup.
[2026-03-16 17:20:14 +0000] [35] [INFO] Application startup complete.
[2026-03-16 17:20:14 +0000] [45] [INFO] Booting worker with pid: 45
[2026-03-16 17:20:14 +0000] [46] [INFO] Booting worker with pid: 46
[2026-03-16 17:20:14 +0000] [47] [INFO] Booting worker with pid: 47
[2026-03-16 17:20:14 +0000] [49] [INFO] Booting worker with pid: 49
[2026-03-16 17:20:14 +0000] [38] [INFO] Started server process [38]
[2026-03-16 17:20:14 +0000] [38] [INFO] Waiting for application startup.
[2026-03-16 17:20:14 +0000] [38] [INFO] Application startup complete.
[2026-03-16 17:20:14 +0000] [50] [INFO] Booting worker with pid: 50
[2026-03-16 17:20:14 +0000] [40] [INFO] Started server process [40]
[2026-03-16 17:20:14 +0000] [40] [INFO] Waiting for application startup.
[2026-03-16 17:20:14 +0000] [40] [INFO] Application startup complete.
[2026-03-16 17:20:14 +0000] [41] [INFO] Started server process [41]
[2026-03-16 17:20:14 +0000] [41] [INFO] Waiting for application startup.
[2026-03-16 17:20:14 +0000] [41] [INFO] Application startup complete.
[2026-03-16 17:20:14 +0000] [42] [INFO] Started server process [42]
[2026-03-16 17:20:14 +0000] [42] [INFO] Waiting for application startup.
[2026-03-16 17:20:14 +0000] [42] [INFO] Application startup complete.
[2026-03-16 17:20:14 +0000] [54] [INFO] Booting worker with pid: 54
[2026-03-16 17:20:14 +0000] [55] [INFO] Booting worker with pid: 55
[2026-03-16 17:20:14 +0000] [45] [INFO] Started server process [45]
[2026-03-16 17:20:14 +0000] [45] [INFO] Waiting for application startup.
[2026-03-16 17:20:14 +0000] [45] [INFO] Application startup complete.
[2026-03-16 17:20:14 +0000] [57] [INFO] Booting worker with pid: 57
[2026-03-16 17:20:14 +0000] [58] [INFO] Booting worker with pid: 58
[2026-03-16 17:20:14 +0000] [46] [INFO] Started server process [46]
[2026-03-16 17:20:14 +0000] [46] [INFO] Waiting for application startup.
[2026-03-16 17:20:14 +0000] [46] [INFO] Application startup complete.
[2026-03-16 17:20:14 +0000] [47] [INFO] Started server process [47]
[2026-03-16 17:20:14 +0000] [47] [INFO] Waiting for application startup.
[2026-03-16 17:20:14 +0000] [47] [INFO] Application startup complete.
[2026-03-16 17:20:14 +0000] [62] [INFO] Booting worker with pid: 62
[2026-03-16 17:20:14 +0000] [49] [INFO] Started server process [49]
[2026-03-16 17:20:14 +0000] [49] [INFO] Waiting for application startup.
[2026-03-16 17:20:14 +0000] [49] [INFO] Application startup complete.
[2026-03-16 17:20:14 +0000] [63] [INFO] Booting worker with pid: 63
[2026-03-16 17:20:14 +0000] [64] [INFO] Booting worker with pid: 64
[2026-03-16 17:20:14 +0000] [50] [INFO] Started server process [50]
[2026-03-16 17:20:14 +0000] [50] [INFO] Waiting for application startup.
[2026-03-16 17:20:14 +0000] [50] [INFO] Application startup complete.
[2026-03-16 17:20:14 +0000] [66] [INFO] Booting worker with pid: 66
[2026-03-16 17:20:14 +0000] [54] [INFO] Started server process [54]
[2026-03-16 17:20:14 +0000] [54] [INFO] Waiting for application startup.
[2026-03-16 17:20:14 +0000] [54] [INFO] Application startup complete.
[2026-03-16 17:20:14 +0000] [55] [INFO] Started server process [55]
[2026-03-16 17:20:14 +0000] [55] [INFO] Waiting for application startup.
[2026-03-16 17:20:14 +0000] [55] [INFO] Application startup complete.
[2026-03-16 17:20:14 +0000] [69] [INFO] Booting worker with pid: 69
[2026-03-16 17:20:14 +0000] [70] [INFO] Booting worker with pid: 70
[2026-03-16 17:20:14 +0000] [57] [INFO] Started server process [57]
[2026-03-16 17:20:14 +0000] [57] [INFO] Waiting for application startup.
[2026-03-16 17:20:14 +0000] [57] [INFO] Application startup complete.
[2026-03-16 17:20:14 +0000] [58] [INFO] Started server process [58]
[2026-03-16 17:20:14 +0000] [58] [INFO] Waiting for application startup.
[2026-03-16 17:20:14 +0000] [58] [INFO] Application startup complete.
[2026-03-16 17:20:14 +0000] [73] [INFO] Booting worker with pid: 73
[2026-03-16 17:20:14 +0000] [63] [INFO] Started server process [63]
[2026-03-16 17:20:14 +0000] [63] [INFO] Waiting for application startup.
[2026-03-16 17:20:14 +0000] [63] [INFO] Application startup complete.
[2026-03-16 17:20:14 +0000] [62] [INFO] Started server process [62]
[2026-03-16 17:20:14 +0000] [62] [INFO] Waiting for application startup.
[2026-03-16 17:20:14 +0000] [62] [INFO] Application startup complete.
[2026-03-16 17:20:14 +0000] [76] [INFO] Booting worker with pid: 76
[2026-03-16 17:20:14 +0000] [64] [INFO] Started server process [64]
[2026-03-16 17:20:14 +0000] [64] [INFO] Waiting for application startup.
[2026-03-16 17:20:14 +0000] [64] [INFO] Application startup complete.
[2026-03-16 17:20:14 +0000] [66] [INFO] Started server process [66]
[2026-03-16 17:20:14 +0000] [66] [INFO] Waiting for application startup.
[2026-03-16 17:20:14 +0000] [66] [INFO] Application startup complete.
[2026-03-16 17:20:14 +0000] [79] [INFO] Booting worker with pid: 79
[2026-03-16 17:20:15 +0000] [69] [INFO] Started server process [69]
[2026-03-16 17:20:15 +0000] [69] [INFO] Waiting for application startup.
[2026-03-16 17:20:15 +0000] [69] [INFO] Application startup complete.
[2026-03-16 17:20:15 +0000] [70] [INFO] Started server process [70]
[2026-03-16 17:20:15 +0000] [70] [INFO] Waiting for application startup.
[2026-03-16 17:20:15 +0000] [70] [INFO] Application startup complete.
[2026-03-16 17:20:15 +0000] [82] [INFO] Booting worker with pid: 82
[2026-03-16 17:20:15 +0000] [73] [INFO] Started server process [73]
[2026-03-16 17:20:15 +0000] [73] [INFO] Waiting for application startup.
[2026-03-16 17:20:15 +0000] [73] [INFO] Application startup complete.
[2026-03-16 17:20:15 +0000] [84] [INFO] Booting worker with pid: 84
[2026-03-16 17:20:15 +0000] [85] [INFO] Booting worker with pid: 85
[2026-03-16 17:20:15 +0000] [86] [INFO] Booting worker with pid: 86
[2026-03-16 17:20:15 +0000] [88] [INFO] Booting worker with pid: 88
[2026-03-16 17:20:15 +0000] [76] [INFO] Started server process [76]
[2026-03-16 17:20:15 +0000] [76] [INFO] Waiting for application startup.
[2026-03-16 17:20:15 +0000] [76] [INFO] Application startup complete.
[2026-03-16 17:20:15 +0000] [89] [INFO] Booting worker with pid: 89
[2026-03-16 17:20:15 +0000] [90] [INFO] Booting worker with pid: 90
[2026-03-16 17:20:15 +0000] [91] [INFO] Booting worker with pid: 91
[2026-03-16 17:20:15 +0000] [79] [INFO] Started server process [79]
[2026-03-16 17:20:15 +0000] [79] [INFO] Waiting for application startup.
[2026-03-16 17:20:15 +0000] [79] [INFO] Application startup complete.
[2026-03-16 17:20:15 +0000] [94] [INFO] Booting worker with pid: 94
[2026-03-16 17:20:15 +0000] [82] [INFO] Started server process [82]
[2026-03-16 17:20:15 +0000] [82] [INFO] Waiting for application startup.
[2026-03-16 17:20:15 +0000] [82] [INFO] Application startup complete.
[2026-03-16 17:20:15 +0000] [95] [INFO] Booting worker with pid: 95
[2026-03-16 17:20:15 +0000] [84] [INFO] Started server process [84]
[2026-03-16 17:20:15 +0000] [84] [INFO] Waiting for application startup.
[2026-03-16 17:20:15 +0000] [84] [INFO] Application startup complete.
[2026-03-16 17:20:15 +0000] [85] [INFO] Started server process [85]
[2026-03-16 17:20:15 +0000] [85] [INFO] Waiting for application startup.
[2026-03-16 17:20:15 +0000] [85] [INFO] Application startup complete.
[2026-03-16 17:20:15 +0000] [98] [INFO] Booting worker with pid: 98
[2026-03-16 17:20:15 +0000] [88] [INFO] Started server process [88]
[2026-03-16 17:20:15 +0000] [88] [INFO] Waiting for application startup.
[2026-03-16 17:20:15 +0000] [88] [INFO] Application startup complete.
[2026-03-16 17:20:15 +0000] [100] [INFO] Booting worker with pid: 100
[2026-03-16 17:20:15 +0000] [86] [INFO] Started server process [86]
[2026-03-16 17:20:15 +0000] [86] [INFO] Waiting for application startup.
[2026-03-16 17:20:15 +0000] [86] [INFO] Application startup complete.
[2026-03-16 17:20:15 +0000] [89] [INFO] Started server process [89]
[2026-03-16 17:20:15 +0000] [89] [INFO] Waiting for application startup.
[2026-03-16 17:20:15 +0000] [89] [INFO] Application startup complete.
[2026-03-16 17:20:15 +0000] [90] [INFO] Started server process [90]
[2026-03-16 17:20:15 +0000] [90] [INFO] Waiting for application startup.
[2026-03-16 17:20:15 +0000] [90] [INFO] Application startup complete.
[2026-03-16 17:20:15 +0000] [105] [INFO] Booting worker with pid: 105
[2026-03-16 17:20:15 +0000] [91] [INFO] Started server process [91]
[2026-03-16 17:20:15 +0000] [91] [INFO] Waiting for application startup.
[2026-03-16 17:20:15 +0000] [91] [INFO] Application startup complete.
[2026-03-16 17:20:15 +0000] [107] [INFO] Booting worker with pid: 107
[2026-03-16 17:20:15 +0000] [94] [INFO] Started server process [94]
[2026-03-16 17:20:15 +0000] [94] [INFO] Waiting for application startup.
[2026-03-16 17:20:15 +0000] [94] [INFO] Application startup complete.
[2026-03-16 17:20:15 +0000] [95] [INFO] Started server process [95]
[2026-03-16 17:20:15 +0000] [95] [INFO] Waiting for application startup.
[2026-03-16 17:20:15 +0000] [95] [INFO] Application startup complete.
[2026-03-16 17:20:15 +0000] [109] [INFO] Booting worker with pid: 109
[2026-03-16 17:20:15 +0000] [98] [INFO] Started server process [98]
[2026-03-16 17:20:15 +0000] [98] [INFO] Waiting for application startup.
[2026-03-16 17:20:15 +0000] [98] [INFO] Application startup complete.
[2026-03-16 17:20:15 +0000] [112] [INFO] Booting worker with pid: 112
[2026-03-16 17:20:15 +0000] [100] [INFO] Started server process [100]
[2026-03-16 17:20:15 +0000] [100] [INFO] Waiting for application startup.
[2026-03-16 17:20:15 +0000] [100] [INFO] Application startup complete.
[2026-03-16 17:20:15 +0000] [114] [INFO] Booting worker with pid: 114
[2026-03-16 17:20:15 +0000] [105] [INFO] Started server process [105]
[2026-03-16 17:20:15 +0000] [105] [INFO] Waiting for application startup.
[2026-03-16 17:20:15 +0000] [105] [INFO] Application startup complete.
[2026-03-16 17:20:15 +0000] [107] [INFO] Started server process [107]
[2026-03-16 17:20:15 +0000] [107] [INFO] Waiting for application startup.
[2026-03-16 17:20:15 +0000] [107] [INFO] Application startup complete.
[2026-03-16 17:20:15 +0000] [116] [INFO] Booting worker with pid: 116
[2026-03-16 17:20:15 +0000] [117] [INFO] Booting worker with pid: 117
[2026-03-16 17:20:15 +0000] [109] [INFO] Started server process [109]
[2026-03-16 17:20:15 +0000] [109] [INFO] Waiting for application startup.
[2026-03-16 17:20:15 +0000] [109] [INFO] Application startup complete.
[2026-03-16 17:20:16 +0000] [119] [INFO] Booting worker with pid: 119
[2026-03-16 17:20:16 +0000] [121] [INFO] Booting worker with pid: 121
[2026-03-16 17:20:16 +0000] [112] [INFO] Started server process [112]
[2026-03-16 17:20:16 +0000] [112] [INFO] Waiting for application startup.
[2026-03-16 17:20:16 +0000] [112] [INFO] Application startup complete.
[2026-03-16 17:20:16 +0000] [122] [INFO] Booting worker with pid: 122
[2026-03-16 17:20:16 +0000] [114] [INFO] Started server process [114]
[2026-03-16 17:20:16 +0000] [114] [INFO] Waiting for application startup.
[2026-03-16 17:20:16 +0000] [114] [INFO] Application startup complete.
[2026-03-16 17:20:16 +0000] [124] [INFO] Booting worker with pid: 124
[2026-03-16 17:20:16 +0000] [125] [INFO] Booting worker with pid: 125
[2026-03-16 17:20:16 +0000] [116] [INFO] Started server process [116]
[2026-03-16 17:20:16 +0000] [116] [INFO] Waiting for application startup.
[2026-03-16 17:20:16 +0000] [116] [INFO] Application startup complete.
[2026-03-16 17:20:16 +0000] [128] [INFO] Booting worker with pid: 128
[2026-03-16 17:20:16 +0000] [117] [INFO] Started server process [117]
[2026-03-16 17:20:16 +0000] [117] [INFO] Waiting for application startup.
[2026-03-16 17:20:16 +0000] [117] [INFO] Application startup complete.
[2026-03-16 17:20:16 +0000] [119] [INFO] Started server process [119]
[2026-03-16 17:20:16 +0000] [119] [INFO] Waiting for application startup.
[2026-03-16 17:20:16 +0000] [119] [INFO] Application startup complete.
[2026-03-16 17:20:16 +0000] [130] [INFO] Booting worker with pid: 130
[2026-03-16 17:20:16 +0000] [121] [INFO] Started server process [121]
[2026-03-16 17:20:16 +0000] [121] [INFO] Waiting for application startup.
[2026-03-16 17:20:16 +0000] [121] [INFO] Application startup complete.
[2026-03-16 17:20:16 +0000] [122] [INFO] Started server process [122]
[2026-03-16 17:20:16 +0000] [122] [INFO] Waiting for application startup.
[2026-03-16 17:20:16 +0000] [122] [INFO] Application startup complete.
[2026-03-16 17:20:16 +0000] [133] [INFO] Booting worker with pid: 133
[2026-03-16 17:20:16 +0000] [124] [INFO] Started server process [124]
[2026-03-16 17:20:16 +0000] [124] [INFO] Waiting for application startup.
[2026-03-16 17:20:16 +0000] [124] [INFO] Application startup complete.
[2026-03-16 17:20:16 +0000] [125] [INFO] Started server process [125]
[2026-03-16 17:20:16 +0000] [125] [INFO] Waiting for application startup.
[2026-03-16 17:20:16 +0000] [125] [INFO] Application startup complete.
[2026-03-16 17:20:16 +0000] [136] [INFO] Booting worker with pid: 136
[2026-03-16 17:20:16 +0000] [128] [INFO] Started server process [128]
[2026-03-16 17:20:16 +0000] [128] [INFO] Waiting for application startup.
[2026-03-16 17:20:16 +0000] [128] [INFO] Application startup complete.
[2026-03-16 17:20:16 +0000] [138] [INFO] Booting worker with pid: 138
[2026-03-16 17:20:16 +0000] [139] [INFO] Booting worker with pid: 139
[2026-03-16 17:20:16 +0000] [140] [INFO] Booting worker with pid: 140
[2026-03-16 17:20:16 +0000] [130] [INFO] Started server process [130]
[2026-03-16 17:20:16 +0000] [130] [INFO] Waiting for application startup.
[2026-03-16 17:20:16 +0000] [130] [INFO] Application startup complete.
[2026-03-16 17:20:16 +0000] [142] [INFO] Booting worker with pid: 142
[2026-03-16 17:20:16 +0000] [143] [INFO] Booting worker with pid: 143
[2026-03-16 17:20:16 +0000] [133] [INFO] Started server process [133]
[2026-03-16 17:20:16 +0000] [133] [INFO] Waiting for application startup.
[2026-03-16 17:20:16 +0000] [133] [INFO] Application startup complete.
[2026-03-16 17:20:16 +0000] [145] [INFO] Booting worker with pid: 145
[2026-03-16 17:20:16 +0000] [146] [INFO] Booting worker with pid: 146
[2026-03-16 17:20:16 +0000] [136] [INFO] Started server process [136]
[2026-03-16 17:20:16 +0000] [136] [INFO] Waiting for application startup.
[2026-03-16 17:20:16 +0000] [136] [INFO] Application startup complete.
[2026-03-16 17:20:16 +0000] [149] [INFO] Booting worker with pid: 149
[2026-03-16 17:20:16 +0000] [138] [INFO] Started server process [138]
[2026-03-16 17:20:16 +0000] [138] [INFO] Waiting for application startup.
[2026-03-16 17:20:16 +0000] [138] [INFO] Application startup complete.
[2026-03-16 17:20:16 +0000] [150] [INFO] Booting worker with pid: 150
[2026-03-16 17:20:16 +0000] [139] [INFO] Started server process [139]
[2026-03-16 17:20:16 +0000] [139] [INFO] Waiting for application startup.
[2026-03-16 17:20:16 +0000] [139] [INFO] Application startup complete.
[2026-03-16 17:20:16 +0000] [152] [INFO] Booting worker with pid: 152
[2026-03-16 17:20:17 +0000] [140] [INFO] Started server process [140]
[2026-03-16 17:20:17 +0000] [140] [INFO] Waiting for application startup.
[2026-03-16 17:20:17 +0000] [140] [INFO] Application startup complete.
[2026-03-16 17:20:17 +0000] [155] [INFO] Booting worker with pid: 155
[2026-03-16 17:20:17 +0000] [142] [INFO] Started server process [142]
[2026-03-16 17:20:17 +0000] [142] [INFO] Waiting for application startup.
[2026-03-16 17:20:17 +0000] [142] [INFO] Application startup complete.
[2026-03-16 17:20:17 +0000] [143] [INFO] Started server process [143]
[2026-03-16 17:20:17 +0000] [143] [INFO] Waiting for application startup.
[2026-03-16 17:20:17 +0000] [143] [INFO] Application startup complete.
[2026-03-16 17:20:17 +0000] [157] [INFO] Booting worker with pid: 157
[2026-03-16 17:20:17 +0000] [146] [INFO] Started server process [146]
[2026-03-16 17:20:17 +0000] [146] [INFO] Waiting for application startup.
[2026-03-16 17:20:17 +0000] [146] [INFO] Application startup complete.
[2026-03-16 17:20:17 +0000] [145] [INFO] Started server process [145]
[2026-03-16 17:20:17 +0000] [145] [INFO] Waiting for application startup.
[2026-03-16 17:20:17 +0000] [145] [INFO] Application startup complete.
[2026-03-16 17:20:17 +0000] [160] [INFO] Booting worker with pid: 160
[2026-03-16 17:20:17 +0000] [149] [INFO] Started server process [149]
[2026-03-16 17:20:17 +0000] [149] [INFO] Waiting for application startup.
[2026-03-16 17:20:17 +0000] [149] [INFO] Application startup complete.
[2026-03-16 17:20:17 +0000] [162] [INFO] Booting worker with pid: 162
[2026-03-16 17:20:17 +0000] [150] [INFO] Started server process [150]
[2026-03-16 17:20:17 +0000] [150] [INFO] Waiting for application startup.
[2026-03-16 17:20:17 +0000] [150] [INFO] Application startup complete.
[2026-03-16 17:20:17 +0000] [165] [INFO] Booting worker with pid: 165
[2026-03-16 17:20:17 +0000] [152] [INFO] Started server process [152]
[2026-03-16 17:20:17 +0000] [152] [INFO] Waiting for application startup.
[2026-03-16 17:20:17 +0000] [152] [INFO] Application startup complete.
[2026-03-16 17:20:17 +0000] [167] [INFO] Booting worker with pid: 167
[2026-03-16 17:20:17 +0000] [155] [INFO] Started server process [155]
[2026-03-16 17:20:17 +0000] [155] [INFO] Waiting for application startup.
[2026-03-16 17:20:17 +0000] [155] [INFO] Application startup complete.
[2026-03-16 17:20:17 +0000] [157] [INFO] Started server process [157]
[2026-03-16 17:20:17 +0000] [157] [INFO] Waiting for application startup.
[2026-03-16 17:20:17 +0000] [157] [INFO] Application startup complete.
[2026-03-16 17:20:17 +0000] [169] [INFO] Booting worker with pid: 169
[2026-03-16 17:20:17 +0000] [160] [INFO] Started server process [160]
[2026-03-16 17:20:17 +0000] [160] [INFO] Waiting for application startup.
[2026-03-16 17:20:17 +0000] [160] [INFO] Application startup complete.
[2026-03-16 17:20:17 +0000] [171] [INFO] Booting worker with pid: 171
[2026-03-16 17:20:17 +0000] [173] [INFO] Booting worker with pid: 173
[2026-03-16 17:20:17 +0000] [162] [INFO] Started server process [162]
[2026-03-16 17:20:17 +0000] [162] [INFO] Waiting for application startup.
[2026-03-16 17:20:17 +0000] [162] [INFO] Application startup complete.
[2026-03-16 17:20:17 +0000] [174] [INFO] Booting worker with pid: 174
[2026-03-16 17:20:17 +0000] [165] [INFO] Started server process [165]
[2026-03-16 17:20:17 +0000] [165] [INFO] Waiting for application startup.
[2026-03-16 17:20:17 +0000] [165] [INFO] Application startup complete.
[2026-03-16 17:20:17 +0000] [177] [INFO] Booting worker with pid: 177
[2026-03-16 17:20:17 +0000] [167] [INFO] Started server process [167]
[2026-03-16 17:20:17 +0000] [167] [INFO] Waiting for application startup.
[2026-03-16 17:20:17 +0000] [167] [INFO] Application startup complete.
[2026-03-16 17:20:17 +0000] [169] [INFO] Started server process [169]
[2026-03-16 17:20:17 +0000] [169] [INFO] Waiting for application startup.
[2026-03-16 17:20:17 +0000] [169] [INFO] Application startup complete.
[2026-03-16 17:20:17 +0000] [179] [INFO] Booting worker with pid: 179
[2026-03-16 17:20:17 +0000] [182] [INFO] Booting worker with pid: 182
[2026-03-16 17:20:17 +0000] [171] [INFO] Started server process [171]
[2026-03-16 17:20:17 +0000] [171] [INFO] Waiting for application startup.
[2026-03-16 17:20:17 +0000] [171] [INFO] Application startup complete.
[2026-03-16 17:20:17 +0000] [173] [INFO] Started server process [173]
[2026-03-16 17:20:17 +0000] [173] [INFO] Waiting for application startup.
[2026-03-16 17:20:17 +0000] [173] [INFO] Application startup complete.
[2026-03-16 17:20:17 +0000] [183] [INFO] Booting worker with pid: 183
[2026-03-16 17:20:17 +0000] [185] [INFO] Booting worker with pid: 185
[2026-03-16 17:20:17 +0000] [186] [INFO] Booting worker with pid: 186
[2026-03-16 17:20:17 +0000] [174] [INFO] Started server process [174]
[2026-03-16 17:20:17 +0000] [174] [INFO] Waiting for application startup.
[2026-03-16 17:20:17 +0000] [174] [INFO] Application startup complete.
[2026-03-16 17:20:17 +0000] [187] [INFO] Booting worker with pid: 187
[2026-03-16 17:20:18 +0000] [189] [INFO] Booting worker with pid: 189
[2026-03-16 17:20:18 +0000] [177] [INFO] Started server process [177]
[2026-03-16 17:20:18 +0000] [177] [INFO] Waiting for application startup.
[2026-03-16 17:20:18 +0000] [177] [INFO] Application startup complete.
[2026-03-16 17:20:18 +0000] [191] [INFO] Booting worker with pid: 191
[2026-03-16 17:20:18 +0000] [179] [INFO] Started server process [179]
[2026-03-16 17:20:18 +0000] [179] [INFO] Waiting for application startup.
[2026-03-16 17:20:18 +0000] [179] [INFO] Application startup complete.
[2026-03-16 17:20:18 +0000] [192] [INFO] Booting worker with pid: 192
[2026-03-16 17:20:18 +0000] [193] [INFO] Booting worker with pid: 193
[2026-03-16 17:20:18 +0000] [195] [INFO] Booting worker with pid: 195
[2026-03-16 17:20:18 +0000] [182] [INFO] Started server process [182]
[2026-03-16 17:20:18 +0000] [182] [INFO] Waiting for application startup.
[2026-03-16 17:20:18 +0000] [182] [INFO] Application startup complete.
[2026-03-16 17:20:18 +0000] [183] [INFO] Started server process [183]
[2026-03-16 17:20:18 +0000] [183] [INFO] Waiting for application startup.
[2026-03-16 17:20:18 +0000] [183] [INFO] Application startup complete.
[2026-03-16 17:20:18 +0000] [197] [INFO] Booting worker with pid: 197
[2026-03-16 17:20:18 +0000] [186] [INFO] Started server process [186]
[2026-03-16 17:20:18 +0000] [186] [INFO] Waiting for application startup.
[2026-03-16 17:20:18 +0000] [186] [INFO] Application startup complete.
[2026-03-16 17:20:18 +0000] [200] [INFO] Booting worker with pid: 200
[2026-03-16 17:20:18 +0000] [185] [INFO] Started server process [185]
[2026-03-16 17:20:18 +0000] [185] [INFO] Waiting for application startup.
[2026-03-16 17:20:18 +0000] [185] [INFO] Application startup complete.
[2026-03-16 17:20:18 +0000] [187] [INFO] Started server process [187]
[2026-03-16 17:20:18 +0000] [187] [INFO] Waiting for application startup.
[2026-03-16 17:20:18 +0000] [187] [INFO] Application startup complete.
[2026-03-16 17:20:18 +0000] [202] [INFO] Booting worker with pid: 202
[2026-03-16 17:20:18 +0000] [189] [INFO] Started server process [189]
[2026-03-16 17:20:18 +0000] [189] [INFO] Waiting for application startup.
[2026-03-16 17:20:18 +0000] [189] [INFO] Application startup complete.
[2026-03-16 17:20:18 +0000] [205] [INFO] Booting worker with pid: 205
[2026-03-16 17:20:18 +0000] [191] [INFO] Started server process [191]
[2026-03-16 17:20:18 +0000] [191] [INFO] Waiting for application startup.
[2026-03-16 17:20:18 +0000] [191] [INFO] Application startup complete.
[2026-03-16 17:20:18 +0000] [192] [INFO] Started server process [192]
[2026-03-16 17:20:18 +0000] [192] [INFO] Waiting for application startup.
[2026-03-16 17:20:18 +0000] [192] [INFO] Application startup complete.
[2026-03-16 17:20:18 +0000] [193] [INFO] Started server process [193]
[2026-03-16 17:20:18 +0000] [193] [INFO] Waiting for application startup.
[2026-03-16 17:20:18 +0000] [193] [INFO] Application startup complete.
[2026-03-16 17:20:18 +0000] [195] [INFO] Started server process [195]
[2026-03-16 17:20:18 +0000] [195] [INFO] Waiting for application startup.
[2026-03-16 17:20:18 +0000] [195] [INFO] Application startup complete.
[2026-03-16 17:20:18 +0000] [209] [INFO] Booting worker with pid: 209
[2026-03-16 17:20:18 +0000] [210] [INFO] Booting worker with pid: 210
[2026-03-16 17:20:18 +0000] [197] [INFO] Started server process [197]
[2026-03-16 17:20:18 +0000] [197] [INFO] Waiting for application startup.
[2026-03-16 17:20:18 +0000] [197] [INFO] Application startup complete.
[2026-03-16 17:20:18 +0000] [212] [INFO] Booting worker with pid: 212
[2026-03-16 17:20:18 +0000] [214] [INFO] Booting worker with pid: 214
[2026-03-16 17:20:18 +0000] [200] [INFO] Started server process [200]
[2026-03-16 17:20:18 +0000] [200] [INFO] Waiting for application startup.
[2026-03-16 17:20:18 +0000] [200] [INFO] Application startup complete.
[2026-03-16 17:20:18 +0000] [215] [INFO] Booting worker with pid: 215
[2026-03-16 17:20:18 +0000] [202] [INFO] Started server process [202]
[2026-03-16 17:20:18 +0000] [202] [INFO] Waiting for application startup.
[2026-03-16 17:20:18 +0000] [202] [INFO] Application startup complete.
[2026-03-16 17:20:18 +0000] [218] [INFO] Booting worker with pid: 218
[2026-03-16 17:20:18 +0000] [205] [INFO] Started server process [205]
[2026-03-16 17:20:18 +0000] [205] [INFO] Waiting for application startup.
[2026-03-16 17:20:18 +0000] [205] [INFO] Application startup complete.
[2026-03-16 17:20:18 +0000] [221] [INFO] Booting worker with pid: 221
[2026-03-16 17:20:18 +0000] [209] [INFO] Started server process [209]
[2026-03-16 17:20:18 +0000] [209] [INFO] Waiting for application startup.
[2026-03-16 17:20:18 +0000] [209] [INFO] Application startup complete.
[2026-03-16 17:20:18 +0000] [210] [INFO] Started server process [210]
[2026-03-16 17:20:18 +0000] [210] [INFO] Waiting for application startup.
[2026-03-16 17:20:18 +0000] [210] [INFO] Application startup complete.
[2026-03-16 17:20:18 +0000] [222] [INFO] Booting worker with pid: 222
[2026-03-16 17:20:18 +0000] [223] [INFO] Booting worker with pid: 223
[2026-03-16 17:20:18 +0000] [212] [INFO] Started server process [212]
[2026-03-16 17:20:18 +0000] [212] [INFO] Waiting for application startup.
[2026-03-16 17:20:18 +0000] [212] [INFO] Application startup complete.
[2026-03-16 17:20:18 +0000] [225] [INFO] Booting worker with pid: 225
[2026-03-16 17:20:18 +0000] [227] [INFO] Booting worker with pid: 227
[2026-03-16 17:20:18 +0000] [214] [INFO] Started server process [214]
[2026-03-16 17:20:18 +0000] [214] [INFO] Waiting for application startup.
[2026-03-16 17:20:18 +0000] [214] [INFO] Application startup complete.
[2026-03-16 17:20:18 +0000] [228] [INFO] Booting worker with pid: 228
[2026-03-16 17:20:18 +0000] [215] [INFO] Started server process [215]
[2026-03-16 17:20:18 +0000] [215] [INFO] Waiting for application startup.
[2026-03-16 17:20:18 +0000] [215] [INFO] Application startup complete.
[2026-03-16 17:20:19 +0000] [230] [INFO] Booting worker with pid: 230
[2026-03-16 17:20:19 +0000] [218] [INFO] Started server process [218]
[2026-03-16 17:20:19 +0000] [218] [INFO] Waiting for application startup.
[2026-03-16 17:20:19 +0000] [218] [INFO] Application startup complete.
[2026-03-16 17:20:19 +0000] [232] [INFO] Booting worker with pid: 232
[2026-03-16 17:20:19 +0000] [233] [INFO] Booting worker with pid: 233
[2026-03-16 17:20:19 +0000] [221] [INFO] Started server process [221]
[2026-03-16 17:20:19 +0000] [221] [INFO] Waiting for application startup.
[2026-03-16 17:20:19 +0000] [221] [INFO] Application startup complete.
[2026-03-16 17:20:19 +0000] [222] [INFO] Started server process [222]
[2026-03-16 17:20:19 +0000] [222] [INFO] Waiting for application startup.
[2026-03-16 17:20:19 +0000] [222] [INFO] Application startup complete.
[2026-03-16 17:20:19 +0000] [223] [INFO] Started server process [223]
[2026-03-16 17:20:19 +0000] [223] [INFO] Waiting for application startup.
[2026-03-16 17:20:19 +0000] [223] [INFO] Application startup complete.
[2026-03-16 17:20:19 +0000] [227] [INFO] Started server process [227]
[2026-03-16 17:20:19 +0000] [225] [INFO] Started server process [225]
[2026-03-16 17:20:19 +0000] [225] [INFO] Waiting for application startup.
[2026-03-16 17:20:19 +0000] [227] [INFO] Waiting for application startup.
[2026-03-16 17:20:19 +0000] [225] [INFO] Application startup complete.
[2026-03-16 17:20:19 +0000] [227] [INFO] Application startup complete.
[2026-03-16 17:20:19 +0000] [239] [INFO] Booting worker with pid: 239
[2026-03-16 17:20:19 +0000] [228] [INFO] Started server process [228]
[2026-03-16 17:20:19 +0000] [228] [INFO] Waiting for application startup.
[2026-03-16 17:20:19 +0000] [228] [INFO] Application startup complete.
[2026-03-16 17:20:19 +0000] [242] [INFO] Booting worker with pid: 242
[2026-03-16 17:20:19 +0000] [230] [INFO] Started server process [230]
[2026-03-16 17:20:19 +0000] [230] [INFO] Waiting for application startup.
[2026-03-16 17:20:19 +0000] [230] [INFO] Application startup complete.
[2026-03-16 17:20:19 +0000] [232] [INFO] Started server process [232]
[2026-03-16 17:20:19 +0000] [232] [INFO] Waiting for application startup.
[2026-03-16 17:20:19 +0000] [232] [INFO] Application startup complete.
[2026-03-16 17:20:19 +0000] [244] [INFO] Booting worker with pid: 244
[2026-03-16 17:20:19 +0000] [233] [INFO] Started server process [233]
[2026-03-16 17:20:19 +0000] [233] [INFO] Waiting for application startup.
[2026-03-16 17:20:19 +0000] [233] [INFO] Application startup complete.
[2026-03-16 17:20:19 +0000] [246] [INFO] Booting worker with pid: 246
[2026-03-16 17:20:19 +0000] [247] [INFO] Booting worker with pid: 247
[2026-03-16 17:20:19 +0000] [239] [INFO] Started server process [239]
[2026-03-16 17:20:19 +0000] [239] [INFO] Waiting for application startup.
[2026-03-16 17:20:19 +0000] [239] [INFO] Application startup complete.
[2026-03-16 17:20:19 +0000] [250] [INFO] Booting worker with pid: 250
[2026-03-16 17:20:19 +0000] [242] [INFO] Started server process [242]
[2026-03-16 17:20:19 +0000] [242] [INFO] Waiting for application startup.
[2026-03-16 17:20:19 +0000] [242] [INFO] Application startup complete.
[2026-03-16 17:20:19 +0000] [252] [INFO] Booting worker with pid: 252
[2026-03-16 17:20:19 +0000] [244] [INFO] Started server process [244]
[2026-03-16 17:20:19 +0000] [244] [INFO] Waiting for application startup.
[2026-03-16 17:20:19 +0000] [244] [INFO] Application startup complete.
[2026-03-16 17:20:19 +0000] [246] [INFO] Started server process [246]
[2026-03-16 17:20:19 +0000] [246] [INFO] Waiting for application startup.
[2026-03-16 17:20:19 +0000] [246] [INFO] Application startup complete.
[2026-03-16 17:20:19 +0000] [247] [INFO] Started server process [247]
[2026-03-16 17:20:19 +0000] [247] [INFO] Waiting for application startup.
[2026-03-16 17:20:19 +0000] [247] [INFO] Application startup complete.
[2026-03-16 17:20:19 +0000] [255] [INFO] Booting worker with pid: 255
[2026-03-16 17:20:19 +0000] [256] [INFO] Booting worker with pid: 256
[2026-03-16 17:20:19 +0000] [257] [INFO] Booting worker with pid: 257
[2026-03-16 17:20:19 +0000] [250] [INFO] Started server process [250]
[2026-03-16 17:20:19 +0000] [250] [INFO] Waiting for application startup.
[2026-03-16 17:20:19 +0000] [250] [INFO] Application startup complete.
[2026-03-16 17:20:19 +0000] [260] [INFO] Booting worker with pid: 260
[2026-03-16 17:20:19 +0000] [252] [INFO] Started server process [252]
[2026-03-16 17:20:19 +0000] [252] [INFO] Waiting for application startup.
[2026-03-16 17:20:19 +0000] [252] [INFO] Application startup complete.
[2026-03-16 17:20:19 +0000] [261] [INFO] Booting worker with pid: 261
[2026-03-16 17:20:20 +0000] [264] [INFO] Booting worker with pid: 264
[2026-03-16 17:20:20 +0000] [255] [INFO] Started server process [255]
[2026-03-16 17:20:20 +0000] [255] [INFO] Waiting for application startup.
[2026-03-16 17:20:20 +0000] [255] [INFO] Application startup complete.
[2026-03-16 17:20:20 +0000] [256] [INFO] Started server process [256]
[2026-03-16 17:20:20 +0000] [256] [INFO] Waiting for application startup.
[2026-03-16 17:20:20 +0000] [256] [INFO] Application startup complete.
[2026-03-16 17:20:20 +0000] [266] [INFO] Booting worker with pid: 266
[2026-03-16 17:20:20 +0000] [257] [INFO] Started server process [257]
[2026-03-16 17:20:20 +0000] [257] [INFO] Waiting for application startup.
[2026-03-16 17:20:20 +0000] [257] [INFO] Application startup complete.
[2026-03-16 17:20:20 +0000] [268] [INFO] Booting worker with pid: 268
[2026-03-16 17:20:20 +0000] [260] [INFO] Started server process [260]
[2026-03-16 17:20:20 +0000] [260] [INFO] Waiting for application startup.
[2026-03-16 17:20:20 +0000] [260] [INFO] Application startup complete.
[2026-03-16 17:20:20 +0000] [269] [INFO] Booting worker with pid: 269
[2026-03-16 17:20:20 +0000] [261] [INFO] Started server process [261]
[2026-03-16 17:20:20 +0000] [261] [INFO] Waiting for application startup.
[2026-03-16 17:20:20 +0000] [261] [INFO] Application startup complete.
[2026-03-16 17:20:20 +0000] [264] [INFO] Started server process [264]
[2026-03-16 17:20:20 +0000] [264] [INFO] Waiting for application startup.
[2026-03-16 17:20:20 +0000] [264] [INFO] Application startup complete.
[2026-03-16 17:20:20 +0000] [272] [INFO] Booting worker with pid: 272
[2026-03-16 17:20:20 +0000] [274] [INFO] Booting worker with pid: 274
[2026-03-16 17:20:20 +0000] [266] [INFO] Started server process [266]
[2026-03-16 17:20:20 +0000] [266] [INFO] Waiting for application startup.
[2026-03-16 17:20:20 +0000] [266] [INFO] Application startup complete.
[2026-03-16 17:20:20 +0000] [275] [INFO] Booting worker with pid: 275
[2026-03-16 17:20:20 +0000] [277] [INFO] Booting worker with pid: 277
[2026-03-16 17:20:20 +0000] [268] [INFO] Started server process [268]
[2026-03-16 17:20:20 +0000] [268] [INFO] Waiting for application startup.
[2026-03-16 17:20:20 +0000] [268] [INFO] Application startup complete.
[2026-03-16 17:20:20 +0000] [278] [INFO] Booting worker with pid: 278
[2026-03-16 17:20:20 +0000] [269] [INFO] Started server process [269]
[2026-03-16 17:20:20 +0000] [269] [INFO] Waiting for application startup.
[2026-03-16 17:20:20 +0000] [269] [INFO] Application startup complete.
[2026-03-16 17:20:20 +0000] [281] [INFO] Booting worker with pid: 281
[2026-03-16 17:20:20 +0000] [272] [INFO] Started server process [272]
[2026-03-16 17:20:20 +0000] [272] [INFO] Waiting for application startup.
[2026-03-16 17:20:20 +0000] [272] [INFO] Application startup complete.
[2026-03-16 17:20:20 +0000] [274] [INFO] Started server process [274]
[2026-03-16 17:20:20 +0000] [274] [INFO] Waiting for application startup.
[2026-03-16 17:20:20 +0000] [274] [INFO] Application startup complete.
[2026-03-16 17:20:20 +0000] [275] [INFO] Started server process [275]
[2026-03-16 17:20:20 +0000] [275] [INFO] Waiting for application startup.
[2026-03-16 17:20:20 +0000] [275] [INFO] Application startup complete.
[2026-03-16 17:20:20 +0000] [284] [INFO] Booting worker with pid: 284
[2026-03-16 17:20:20 +0000] [285] [INFO] Booting worker with pid: 285
[2026-03-16 17:20:20 +0000] [286] [INFO] Booting worker with pid: 286
[2026-03-16 17:20:20 +0000] [288] [INFO] Booting worker with pid: 288
[2026-03-16 17:20:20 +0000] [277] [INFO] Started server process [277]
[2026-03-16 17:20:20 +0000] [277] [INFO] Waiting for application startup.
[2026-03-16 17:20:20 +0000] [277] [INFO] Application startup complete.
[2026-03-16 17:20:20 +0000] [278] [INFO] Started server process [278]
[2026-03-16 17:20:20 +0000] [278] [INFO] Waiting for application startup.
[2026-03-16 17:20:20 +0000] [278] [INFO] Application startup complete.
[2026-03-16 17:20:20 +0000] [290] [INFO] Booting worker with pid: 290
[2026-03-16 17:20:20 +0000] [281] [INFO] Started server process [281]
[2026-03-16 17:20:20 +0000] [281] [INFO] Waiting for application startup.
[2026-03-16 17:20:20 +0000] [281] [INFO] Application startup complete.
[2026-03-16 17:20:20 +0000] [292] [INFO] Booting worker with pid: 292
[2026-03-16 17:20:20 +0000] [284] [INFO] Started server process [284]
[2026-03-16 17:20:20 +0000] [284] [INFO] Waiting for application startup.
[2026-03-16 17:20:20 +0000] [284] [INFO] Application startup complete.
[2026-03-16 17:20:20 +0000] [294] [INFO] Booting worker with pid: 294
[2026-03-16 17:20:20 +0000] [295] [INFO] Booting worker with pid: 295
[2026-03-16 17:20:20 +0000] [286] [INFO] Started server process [286]
[2026-03-16 17:20:20 +0000] [286] [INFO] Waiting for application startup.
[2026-03-16 17:20:20 +0000] [286] [INFO] Application startup complete.
[2026-03-16 17:20:20 +0000] [285] [INFO] Started server process [285]
[2026-03-16 17:20:20 +0000] [285] [INFO] Waiting for application startup.
[2026-03-16 17:20:20 +0000] [285] [INFO] Application startup complete.
[2026-03-16 17:20:20 +0000] [288] [INFO] Started server process [288]
[2026-03-16 17:20:20 +0000] [288] [INFO] Waiting for application startup.
[2026-03-16 17:20:20 +0000] [288] [INFO] Application startup complete.
[2026-03-16 17:20:20 +0000] [299] [INFO] Booting worker with pid: 299
[2026-03-16 17:20:20 +0000] [300] [INFO] Booting worker with pid: 300
[2026-03-16 17:20:20 +0000] [290] [INFO] Started server process [290]
[2026-03-16 17:20:20 +0000] [290] [INFO] Waiting for application startup.
[2026-03-16 17:20:20 +0000] [290] [INFO] Application startup complete.
[2026-03-16 17:20:21 +0000] [302] [INFO] Booting worker with pid: 302
[2026-03-16 17:20:21 +0000] [304] [INFO] Booting worker with pid: 304
[2026-03-16 17:20:21 +0000] [292] [INFO] Started server process [292]
[2026-03-16 17:20:21 +0000] [292] [INFO] Waiting for application startup.
[2026-03-16 17:20:21 +0000] [292] [INFO] Application startup complete.
[2026-03-16 17:20:21 +0000] [294] [INFO] Started server process [294]
[2026-03-16 17:20:21 +0000] [294] [INFO] Waiting for application startup.
[2026-03-16 17:20:21 +0000] [294] [INFO] Application startup complete.
[2026-03-16 17:20:21 +0000] [295] [INFO] Started server process [295]
[2026-03-16 17:20:21 +0000] [295] [INFO] Waiting for application startup.
[2026-03-16 17:20:21 +0000] [295] [INFO] Application startup complete.
[2026-03-16 17:20:21 +0000] [307] [INFO] Booting worker with pid: 307
[2026-03-16 17:20:21 +0000] [299] [INFO] Started server process [299]
[2026-03-16 17:20:21 +0000] [299] [INFO] Waiting for application startup.
[2026-03-16 17:20:21 +0000] [299] [INFO] Application startup complete.
[2026-03-16 17:20:21 +0000] [309] [INFO] Booting worker with pid: 309
[2026-03-16 17:20:21 +0000] [300] [INFO] Started server process [300]
[2026-03-16 17:20:21 +0000] [300] [INFO] Waiting for application startup.
[2026-03-16 17:20:21 +0000] [300] [INFO] Application startup complete.
[2026-03-16 17:20:21 +0000] [312] [INFO] Booting worker with pid: 312
[2026-03-16 17:20:21 +0000] [302] [INFO] Started server process [302]
[2026-03-16 17:20:21 +0000] [302] [INFO] Waiting for application startup.
[2026-03-16 17:20:21 +0000] [302] [INFO] Application startup complete.
[2026-03-16 17:20:21 +0000] [304] [INFO] Started server process [304]
[2026-03-16 17:20:21 +0000] [304] [INFO] Waiting for application startup.
[2026-03-16 17:20:21 +0000] [304] [INFO] Application startup complete.
[2026-03-16 17:20:21 +0000] [314] [INFO] Booting worker with pid: 314
[2026-03-16 17:20:21 +0000] [307] [INFO] Started server process [307]
[2026-03-16 17:20:21 +0000] [307] [INFO] Waiting for application startup.
[2026-03-16 17:20:21 +0000] [307] [INFO] Application startup complete.
[2026-03-16 17:20:21 +0000] [316] [INFO] Booting worker with pid: 316
[2026-03-16 17:20:21 +0000] [309] [INFO] Started server process [309]
[2026-03-16 17:20:21 +0000] [309] [INFO] Waiting for application startup.
[2026-03-16 17:20:21 +0000] [309] [INFO] Application startup complete.
[2026-03-16 17:20:21 +0000] [319] [INFO] Booting worker with pid: 319
[2026-03-16 17:20:21 +0000] [312] [INFO] Started server process [312]
[2026-03-16 17:20:21 +0000] [312] [INFO] Waiting for application startup.
[2026-03-16 17:20:21 +0000] [312] [INFO] Application startup complete.
[2026-03-16 17:20:21 +0000] [320] [INFO] Booting worker with pid: 320
[2026-03-16 17:20:21 +0000] [321] [INFO] Booting worker with pid: 321
[2026-03-16 17:20:21 +0000] [314] [INFO] Started server process [314]
[2026-03-16 17:20:21 +0000] [314] [INFO] Waiting for application startup.
[2026-03-16 17:20:21 +0000] [314] [INFO] Application startup complete.
[2026-03-16 17:20:21 +0000] [323] [INFO] Booting worker with pid: 323
[2026-03-16 17:20:21 +0000] [324] [INFO] Booting worker with pid: 324
[2026-03-16 17:20:21 +0000] [325] [INFO] Booting worker with pid: 325
[2026-03-16 17:20:22 +0000] [316] [INFO] Started server process [316]
[2026-03-16 17:20:22 +0000] [316] [INFO] Waiting for application startup.
[2026-03-16 17:20:22 +0000] [316] [INFO] Application startup complete.
[2026-03-16 17:20:22 +0000] [327] [INFO] Booting worker with pid: 327
[2026-03-16 17:20:22 +0000] [328] [INFO] Booting worker with pid: 328
[2026-03-16 17:20:22 +0000] [329] [INFO] Booting worker with pid: 329
[2026-03-16 17:20:22 +0000] [330] [INFO] Booting worker with pid: 330
[2026-03-16 17:20:22 +0000] [319] [INFO] Started server process [319]
[2026-03-16 17:20:22 +0000] [319] [INFO] Waiting for application startup.
[2026-03-16 17:20:22 +0000] [319] [INFO] Application startup complete.
[2026-03-16 17:20:22 +0000] [332] [INFO] Booting worker with pid: 332
[2026-03-16 17:20:22 +0000] [334] [INFO] Booting worker with pid: 334
[2026-03-16 17:20:22 +0000] [320] [INFO] Started server process [320]
[2026-03-16 17:20:22 +0000] [320] [INFO] Waiting for application startup.
[2026-03-16 17:20:22 +0000] [320] [INFO] Application startup complete.
[2026-03-16 17:20:22 +0000] [335] [INFO] Booting worker with pid: 335
[2026-03-16 17:20:22 +0000] [336] [INFO] Booting worker with pid: 336
[2026-03-16 17:20:22 +0000] [323] [INFO] Started server process [323]
[2026-03-16 17:20:22 +0000] [323] [INFO] Waiting for application startup.
[2026-03-16 17:20:22 +0000] [323] [INFO] Application startup complete.
[2026-03-16 17:20:22 +0000] [340] [INFO] Booting worker with pid: 340
[2026-03-16 17:20:22 +0000] [321] [INFO] Started server process [321]
[2026-03-16 17:20:22 +0000] [321] [INFO] Waiting for application startup.
[2026-03-16 17:20:22 +0000] [321] [INFO] Application startup complete.
[2026-03-16 17:20:22 +0000] [324] [INFO] Started server process [324]
[2026-03-16 17:20:22 +0000] [324] [INFO] Waiting for application startup.
[2026-03-16 17:20:22 +0000] [324] [INFO] Application startup complete.
[2026-03-16 17:20:22 +0000] [341] [INFO] Booting worker with pid: 341
[2026-03-16 17:20:22 +0000] [343] [INFO] Booting worker with pid: 343
[2026-03-16 17:20:22 +0000] [329] [INFO] Started server process [329]
[2026-03-16 17:20:22 +0000] [329] [INFO] Waiting for application startup.
[2026-03-16 17:20:22 +0000] [329] [INFO] Application startup complete.
[2026-03-16 17:20:22 +0000] [345] [INFO] Booting worker with pid: 345
[2026-03-16 17:20:22 +0000] [347] [INFO] Booting worker with pid: 347
[2026-03-16 17:20:22 +0000] [328] [INFO] Started server process [328]
[2026-03-16 17:20:22 +0000] [328] [INFO] Waiting for application startup.
[2026-03-16 17:20:22 +0000] [328] [INFO] Application startup complete.
[2026-03-16 17:20:22 +0000] [348] [INFO] Booting worker with pid: 348
[2026-03-16 17:20:22 +0000] [325] [INFO] Started server process [325]
[2026-03-16 17:20:22 +0000] [325] [INFO] Waiting for application startup.
[2026-03-16 17:20:22 +0000] [325] [INFO] Application startup complete.
[2026-03-16 17:20:22 +0000] [349] [INFO] Booting worker with pid: 349
[2026-03-16 17:20:22 +0000] [330] [INFO] Started server process [330]
[2026-03-16 17:20:22 +0000] [330] [INFO] Waiting for application startup.
[2026-03-16 17:20:22 +0000] [330] [INFO] Application startup complete.
[2026-03-16 17:20:22 +0000] [351] [INFO] Booting worker with pid: 351
[2026-03-16 17:20:22 +0000] [352] [INFO] Booting worker with pid: 352
[2026-03-16 17:20:23 +0000] [332] [INFO] Started server process [332]
[2026-03-16 17:20:23 +0000] [332] [INFO] Waiting for application startup.
[2026-03-16 17:20:23 +0000] [332] [INFO] Application startup complete.
[2026-03-16 17:20:23 +0000] [335] [INFO] Started server process [335]
[2026-03-16 17:20:23 +0000] [335] [INFO] Waiting for application startup.
[2026-03-16 17:20:23 +0000] [335] [INFO] Application startup complete.
[2026-03-16 17:20:23 +0000] [356] [INFO] Booting worker with pid: 356
[2026-03-16 17:20:23 +0000] [327] [INFO] Started server process [327]
[2026-03-16 17:20:23 +0000] [327] [INFO] Waiting for application startup.
[2026-03-16 17:20:23 +0000] [327] [INFO] Application startup complete.
[2026-03-16 17:20:23 +0000] [358] [INFO] Booting worker with pid: 358
[2026-03-16 17:20:23 +0000] [336] [INFO] Started server process [336]
[2026-03-16 17:20:23 +0000] [336] [INFO] Waiting for application startup.
[2026-03-16 17:20:23 +0000] [336] [INFO] Application startup complete.
[2026-03-16 17:20:23 +0000] [359] [INFO] Booting worker with pid: 359
[2026-03-16 17:20:23 +0000] [361] [INFO] Booting worker with pid: 361
[2026-03-16 17:20:23 +0000] [341] [INFO] Started server process [341]
[2026-03-16 17:20:23 +0000] [341] [INFO] Waiting for application startup.
[2026-03-16 17:20:23 +0000] [341] [INFO] Application startup complete.
[2026-03-16 17:20:23 +0000] [340] [INFO] Started server process [340]
[2026-03-16 17:20:23 +0000] [340] [INFO] Waiting for application startup.
[2026-03-16 17:20:23 +0000] [340] [INFO] Application startup complete.
[2026-03-16 17:20:23 +0000] [363] [INFO] Booting worker with pid: 363
[2026-03-16 17:20:23 +0000] [366] [INFO] Booting worker with pid: 366
[2026-03-16 17:20:23 +0000] [351] [INFO] Started server process [351]
[2026-03-16 17:20:23 +0000] [351] [INFO] Waiting for application startup.
[2026-03-16 17:20:23 +0000] [351] [INFO] Application startup complete.
[2026-03-16 17:20:23 +0000] [334] [INFO] Started server process [334]
[2026-03-16 17:20:23 +0000] [334] [INFO] Waiting for application startup.
[2026-03-16 17:20:23 +0000] [334] [INFO] Application startup complete.
[2026-03-16 17:20:23 +0000] [367] [INFO] Booting worker with pid: 367
[2026-03-16 17:20:23 +0000] [368] [INFO] Booting worker with pid: 368
[2026-03-16 17:20:23 +0000] [369] [INFO] Booting worker with pid: 369
[2026-03-16 17:20:23 +0000] [371] [INFO] Booting worker with pid: 371
[2026-03-16 17:20:23 +0000] [372] [INFO] Booting worker with pid: 372
[2026-03-16 17:20:23 +0000] [343] [INFO] Started server process [343]
[2026-03-16 17:20:23 +0000] [343] [INFO] Waiting for application startup.
[2026-03-16 17:20:23 +0000] [343] [INFO] Application startup complete.
[2026-03-16 17:20:23 +0000] [373] [INFO] Booting worker with pid: 373
[2026-03-16 17:20:23 +0000] [349] [INFO] Started server process [349]
[2026-03-16 17:20:23 +0000] [349] [INFO] Waiting for application startup.
[2026-03-16 17:20:23 +0000] [349] [INFO] Application startup complete.
[2026-03-16 17:20:23 +0000] [376] [INFO] Booting worker with pid: 376
[2026-03-16 17:20:23 +0000] [352] [INFO] Started server process [352]
[2026-03-16 17:20:23 +0000] [352] [INFO] Waiting for application startup.
[2026-03-16 17:20:23 +0000] [352] [INFO] Application startup complete.
[2026-03-16 17:20:23 +0000] [358] [INFO] Started server process [358]
[2026-03-16 17:20:23 +0000] [358] [INFO] Waiting for application startup.
[2026-03-16 17:20:23 +0000] [358] [INFO] Application startup complete.
[2026-03-16 17:20:23 +0000] [380] [INFO] Booting worker with pid: 380
[2026-03-16 17:20:23 +0000] [348] [INFO] Started server process [348]
[2026-03-16 17:20:23 +0000] [348] [INFO] Waiting for application startup.
[2026-03-16 17:20:23 +0000] [348] [INFO] Application startup complete.
[2026-03-16 17:20:23 +0000] [345] [INFO] Started server process [345]
[2026-03-16 17:20:23 +0000] [345] [INFO] Waiting for application startup.
[2026-03-16 17:20:23 +0000] [345] [INFO] Application startup complete.
[2026-03-16 17:20:23 +0000] [381] [INFO] Booting worker with pid: 381
[2026-03-16 17:20:23 +0000] [383] [INFO] Booting worker with pid: 383
[2026-03-16 17:20:23 +0000] [361] [INFO] Started server process [361]
[2026-03-16 17:20:23 +0000] [361] [INFO] Waiting for application startup.
[2026-03-16 17:20:23 +0000] [361] [INFO] Application startup complete.
[2026-03-16 17:20:23 +0000] [384] [INFO] Booting worker with pid: 384
[2026-03-16 17:20:23 +0000] [385] [INFO] Booting worker with pid: 385
[2026-03-16 17:20:23 +0000] [386] [INFO] Booting worker with pid: 386
[2026-03-16 17:20:24 +0000] [387] [INFO] Booting worker with pid: 387
[2026-03-16 17:20:24 +0000] [388] [INFO] Booting worker with pid: 388
[2026-03-16 17:20:24 +0000] [389] [INFO] Booting worker with pid: 389
[2026-03-16 17:20:24 +0000] [356] [INFO] Started server process [356]
[2026-03-16 17:20:24 +0000] [356] [INFO] Waiting for application startup.
[2026-03-16 17:20:24 +0000] [356] [INFO] Application startup complete.
[2026-03-16 17:20:24 +0000] [347] [INFO] Started server process [347]
[2026-03-16 17:20:24 +0000] [347] [INFO] Waiting for application startup.
[2026-03-16 17:20:24 +0000] [347] [INFO] Application startup complete.
[2026-03-16 17:20:24 +0000] [394] [INFO] Booting worker with pid: 394
[2026-03-16 17:20:24 +0000] [371] [INFO] Started server process [371]
[2026-03-16 17:20:24 +0000] [371] [INFO] Waiting for application startup.
[2026-03-16 17:20:24 +0000] [371] [INFO] Application startup complete.
[2026-03-16 17:20:24 +0000] [368] [INFO] Started server process [368]
[2026-03-16 17:20:24 +0000] [368] [INFO] Waiting for application startup.
[2026-03-16 17:20:24 +0000] [368] [INFO] Application startup complete.
[2026-03-16 17:20:24 +0000] [366] [INFO] Started server process [366]
[2026-03-16 17:20:24 +0000] [366] [INFO] Waiting for application startup.
[2026-03-16 17:20:24 +0000] [366] [INFO] Application startup complete.
[2026-03-16 17:20:24 +0000] [359] [INFO] Started server process [359]
[2026-03-16 17:20:24 +0000] [367] [INFO] Started server process [367]
[2026-03-16 17:20:24 +0000] [359] [INFO] Waiting for application startup.
[2026-03-16 17:20:24 +0000] [359] [INFO] Application startup complete.
[2026-03-16 17:20:24 +0000] [367] [INFO] Waiting for application startup.
[2026-03-16 17:20:24 +0000] [367] [INFO] Application startup complete.
[2026-03-16 17:20:24 +0000] [369] [INFO] Started server process [369]
[2026-03-16 17:20:24 +0000] [369] [INFO] Waiting for application startup.
[2026-03-16 17:20:24 +0000] [369] [INFO] Application startup complete.
[2026-03-16 17:20:24 +0000] [399] [INFO] Booting worker with pid: 399
[2026-03-16 17:20:24 +0000] [363] [INFO] Started server process [363]
[2026-03-16 17:20:24 +0000] [363] [INFO] Waiting for application startup.
[2026-03-16 17:20:24 +0000] [363] [INFO] Application startup complete.
[2026-03-16 17:20:24 +0000] [401] [INFO] Booting worker with pid: 401
[2026-03-16 17:20:24 +0000] [402] [INFO] Booting worker with pid: 402
[2026-03-16 17:20:24 +0000] [404] [INFO] Booting worker with pid: 404
[2026-03-16 17:20:24 +0000] [386] [INFO] Started server process [386]
[2026-03-16 17:20:24 +0000] [386] [INFO] Waiting for application startup.
[2026-03-16 17:20:24 +0000] [386] [INFO] Application startup complete.
[2026-03-16 17:20:24 +0000] [406] [INFO] Booting worker with pid: 406
[2026-03-16 17:20:24 +0000] [385] [INFO] Started server process [385]
[2026-03-16 17:20:24 +0000] [385] [INFO] Waiting for application startup.
[2026-03-16 17:20:24 +0000] [385] [INFO] Application startup complete.
[2026-03-16 17:20:24 +0000] [372] [INFO] Started server process [372]
[2026-03-16 17:20:24 +0000] [372] [INFO] Waiting for application startup.
[2026-03-16 17:20:24 +0000] [372] [INFO] Application startup complete.
[2026-03-16 17:20:24 +0000] [409] [INFO] Booting worker with pid: 409
[2026-03-16 17:20:24 +0000] [380] [INFO] Started server process [380]
[2026-03-16 17:20:24 +0000] [380] [INFO] Waiting for application startup.
[2026-03-16 17:20:24 +0000] [380] [INFO] Application startup complete.
[2026-03-16 17:20:24 +0000] [412] [INFO] Booting worker with pid: 412
[2026-03-16 17:20:24 +0000] [373] [INFO] Started server process [373]
[2026-03-16 17:20:24 +0000] [373] [INFO] Waiting for application startup.
[2026-03-16 17:20:24 +0000] [373] [INFO] Application startup complete.
[2026-03-16 17:20:24 +0000] [394] [INFO] Started server process [394]
[2026-03-16 17:20:24 +0000] [394] [INFO] Waiting for application startup.
[2026-03-16 17:20:24 +0000] [394] [INFO] Application startup complete.
[2026-03-16 17:20:24 +0000] [415] [INFO] Booting worker with pid: 415
[2026-03-16 17:20:24 +0000] [381] [INFO] Started server process [381]
[2026-03-16 17:20:24 +0000] [381] [INFO] Waiting for application startup.
[2026-03-16 17:20:24 +0000] [381] [INFO] Application startup complete.
[2026-03-16 17:20:24 +0000] [384] [INFO] Started server process [384]
[2026-03-16 17:20:24 +0000] [384] [INFO] Waiting for application startup.
[2026-03-16 17:20:24 +0000] [384] [INFO] Application startup complete.
[2026-03-16 17:20:24 +0000] [376] [INFO] Started server process [376]
[2026-03-16 17:20:24 +0000] [376] [INFO] Waiting for application startup.
[2026-03-16 17:20:24 +0000] [376] [INFO] Application startup complete.
[2026-03-16 17:20:24 +0000] [417] [INFO] Booting worker with pid: 417
[2026-03-16 17:20:24 +0000] [383] [INFO] Started server process [383]
[2026-03-16 17:20:24 +0000] [383] [INFO] Waiting for application startup.
[2026-03-16 17:20:24 +0000] [383] [INFO] Application startup complete.
[2026-03-16 17:20:24 +0000] [388] [INFO] Started server process [388]
[2026-03-16 17:20:24 +0000] [388] [INFO] Waiting for application startup.
[2026-03-16 17:20:24 +0000] [388] [INFO] Application startup complete.
[2026-03-16 17:20:24 +0000] [401] [INFO] Started server process [401]
[2026-03-16 17:20:24 +0000] [401] [INFO] Waiting for application startup.
[2026-03-16 17:20:24 +0000] [401] [INFO] Application startup complete.
[2026-03-16 17:20:24 +0000] [389] [INFO] Started server process [389]
[2026-03-16 17:20:24 +0000] [389] [INFO] Waiting for application startup.
[2026-03-16 17:20:24 +0000] [389] [INFO] Application startup complete.
[2026-03-16 17:20:24 +0000] [422] [INFO] Booting worker with pid: 422
[2026-03-16 17:20:25 +0000] [423] [INFO] Booting worker with pid: 423
[2026-03-16 17:20:25 +0000] [425] [INFO] Booting worker with pid: 425
[2026-03-16 17:20:25 +0000] [404] [INFO] Started server process [404]
[2026-03-16 17:20:25 +0000] [404] [INFO] Waiting for application startup.
[2026-03-16 17:20:25 +0000] [404] [INFO] Application startup complete.
[2026-03-16 17:20:25 +0000] [399] [INFO] Started server process [399]
[2026-03-16 17:20:25 +0000] [399] [INFO] Waiting for application startup.
[2026-03-16 17:20:25 +0000] [399] [INFO] Application startup complete.
[2026-03-16 17:20:25 +0000] [387] [INFO] Started server process [387]
[2026-03-16 17:20:25 +0000] [387] [INFO] Waiting for application startup.
[2026-03-16 17:20:25 +0000] [387] [INFO] Application startup complete.
[2026-03-16 17:20:25 +0000] [428] [INFO] Booting worker with pid: 428
[2026-03-16 17:20:25 +0000] [429] [INFO] Booting worker with pid: 429
[2026-03-16 17:20:25 +0000] [415] [INFO] Started server process [415]
[2026-03-16 17:20:25 +0000] [415] [INFO] Waiting for application startup.
[2026-03-16 17:20:25 +0000] [415] [INFO] Application startup complete.
[2026-03-16 17:20:25 +0000] [431] [INFO] Booting worker with pid: 431
[2026-03-16 17:20:25 +0000] [417] [INFO] Started server process [417]
[2026-03-16 17:20:25 +0000] [417] [INFO] Waiting for application startup.
[2026-03-16 17:20:25 +0000] [417] [INFO] Application startup complete.
[2026-03-16 17:20:25 +0000] [434] [INFO] Booting worker with pid: 434
[2026-03-16 17:20:25 +0000] [406] [INFO] Started server process [406]
[2026-03-16 17:20:25 +0000] [406] [INFO] Waiting for application startup.
[2026-03-16 17:20:25 +0000] [406] [INFO] Application startup complete.
[2026-03-16 17:20:25 +0000] [435] [INFO] Booting worker with pid: 435
[2026-03-16 17:20:25 +0000] [409] [INFO] Started server process [409]
[2026-03-16 17:20:25 +0000] [409] [INFO] Waiting for application startup.
[2026-03-16 17:20:25 +0000] [409] [INFO] Application startup complete.
[2026-03-16 17:20:25 +0000] [438] [INFO] Booting worker with pid: 438
[2026-03-16 17:20:25 +0000] [412] [INFO] Started server process [412]
[2026-03-16 17:20:25 +0000] [412] [INFO] Waiting for application startup.
[2026-03-16 17:20:25 +0000] [412] [INFO] Application startup complete.
[2026-03-16 17:20:25 +0000] [439] [INFO] Booting worker with pid: 439
[2026-03-16 17:20:25 +0000] [440] [INFO] Booting worker with pid: 440
[2026-03-16 17:20:25 +0000] [441] [INFO] Booting worker with pid: 441
[2026-03-16 17:20:25 +0000] [442] [INFO] Booting worker with pid: 442
[2026-03-16 17:20:25 +0000] [422] [INFO] Started server process [422]
[2026-03-16 17:20:25 +0000] [422] [INFO] Waiting for application startup.
[2026-03-16 17:20:25 +0000] [422] [INFO] Application startup complete.
[2026-03-16 17:20:25 +0000] [402] [INFO] Started server process [402]
[2026-03-16 17:20:25 +0000] [402] [INFO] Waiting for application startup.
[2026-03-16 17:20:25 +0000] [402] [INFO] Application startup complete.
[2026-03-16 17:20:25 +0000] [445] [INFO] Booting worker with pid: 445
[2026-03-16 17:20:25 +0000] [425] [INFO] Started server process [425]
[2026-03-16 17:20:25 +0000] [425] [INFO] Waiting for application startup.
[2026-03-16 17:20:25 +0000] [425] [INFO] Application startup complete.
[2026-03-16 17:20:25 +0000] [448] [INFO] Booting worker with pid: 448
[2026-03-16 17:20:25 +0000] [428] [INFO] Started server process [428]
[2026-03-16 17:20:25 +0000] [428] [INFO] Waiting for application startup.
[2026-03-16 17:20:25 +0000] [428] [INFO] Application startup complete.
[2026-03-16 17:20:25 +0000] [450] [INFO] Booting worker with pid: 450
[2026-03-16 17:20:25 +0000] [431] [INFO] Started server process [431]
[2026-03-16 17:20:25 +0000] [431] [INFO] Waiting for application startup.
[2026-03-16 17:20:25 +0000] [431] [INFO] Application startup complete.
[2026-03-16 17:20:25 +0000] [429] [INFO] Started server process [429]
[2026-03-16 17:20:25 +0000] [429] [INFO] Waiting for application startup.
[2026-03-16 17:20:25 +0000] [429] [INFO] Application startup complete.
[2026-03-16 17:20:25 +0000] [452] [INFO] Booting worker with pid: 452
[2026-03-16 17:20:25 +0000] [454] [INFO] Booting worker with pid: 454
[2026-03-16 17:20:26 +0000] [423] [INFO] Started server process [423]
[2026-03-16 17:20:26 +0000] [423] [INFO] Waiting for application startup.
[2026-03-16 17:20:26 +0000] [423] [INFO] Application startup complete.
[2026-03-16 17:20:26 +0000] [455] [INFO] Booting worker with pid: 455
[2026-03-16 17:20:26 +0000] [456] [INFO] Booting worker with pid: 456
[2026-03-16 17:20:26 +0000] [438] [INFO] Started server process [438]
[2026-03-16 17:20:26 +0000] [438] [INFO] Waiting for application startup.
[2026-03-16 17:20:26 +0000] [438] [INFO] Application startup complete.
[2026-03-16 17:20:26 +0000] [458] [INFO] Booting worker with pid: 458
[2026-03-16 17:20:26 +0000] [442] [INFO] Started server process [442]
[2026-03-16 17:20:26 +0000] [442] [INFO] Waiting for application startup.
[2026-03-16 17:20:26 +0000] [442] [INFO] Application startup complete.
[2026-03-16 17:20:26 +0000] [461] [INFO] Booting worker with pid: 461
[2026-03-16 17:20:26 +0000] [434] [INFO] Started server process [434]
[2026-03-16 17:20:26 +0000] [434] [INFO] Waiting for application startup.
[2026-03-16 17:20:26 +0000] [434] [INFO] Application startup complete.
[2026-03-16 17:20:26 +0000] [463] [INFO] Booting worker with pid: 463
[2026-03-16 17:20:26 +0000] [439] [INFO] Started server process [439]
[2026-03-16 17:20:26 +0000] [439] [INFO] Waiting for application startup.
[2026-03-16 17:20:26 +0000] [439] [INFO] Application startup complete.
[2026-03-16 17:20:26 +0000] [435] [INFO] Started server process [435]
[2026-03-16 17:20:26 +0000] [435] [INFO] Waiting for application startup.
[2026-03-16 17:20:26 +0000] [435] [INFO] Application startup complete.
[2026-03-16 17:20:26 +0000] [465] [INFO] Booting worker with pid: 465
[2026-03-16 17:20:26 +0000] [441] [INFO] Started server process [441]
[2026-03-16 17:20:26 +0000] [441] [INFO] Waiting for application startup.
[2026-03-16 17:20:26 +0000] [441] [INFO] Application startup complete.
[2026-03-16 17:20:26 +0000] [470] [INFO] Booting worker with pid: 470
[2026-03-16 17:20:26 +0000] [452] [INFO] Started server process [452]
[2026-03-16 17:20:26 +0000] [452] [INFO] Waiting for application startup.
[2026-03-16 17:20:26 +0000] [452] [INFO] Application startup complete.
[2026-03-16 17:20:26 +0000] [445] [INFO] Started server process [445]
[2026-03-16 17:20:26 +0000] [445] [INFO] Waiting for application startup.
[2026-03-16 17:20:26 +0000] [445] [INFO] Application startup complete.
[2026-03-16 17:20:26 +0000] [454] [INFO] Started server process [454]
[2026-03-16 17:20:26 +0000] [454] [INFO] Waiting for application startup.
[2026-03-16 17:20:26 +0000] [454] [INFO] Application startup complete.
[2026-03-16 17:20:26 +0000] [450] [INFO] Started server process [450]
[2026-03-16 17:20:26 +0000] [450] [INFO] Waiting for application startup.
[2026-03-16 17:20:26 +0000] [450] [INFO] Application startup complete.
[2026-03-16 17:20:26 +0000] [448] [INFO] Started server process [448]
[2026-03-16 17:20:26 +0000] [448] [INFO] Waiting for application startup.
[2026-03-16 17:20:26 +0000] [448] [INFO] Application startup complete.
[2026-03-16 17:20:26 +0000] [440] [INFO] Started server process [440]
[2026-03-16 17:20:26 +0000] [440] [INFO] Waiting for application startup.
[2026-03-16 17:20:26 +0000] [440] [INFO] Application startup complete.
[2026-03-16 17:20:26 +0000] [455] [INFO] Started server process [455]
[2026-03-16 17:20:26 +0000] [455] [INFO] Waiting for application startup.
[2026-03-16 17:20:26 +0000] [455] [INFO] Application startup complete.
[2026-03-16 17:20:26 +0000] [475] [INFO] Booting worker with pid: 475
[2026-03-16 17:20:26 +0000] [476] [INFO] Booting worker with pid: 476
[2026-03-16 17:20:26 +0000] [456] [INFO] Started server process [456]
[2026-03-16 17:20:26 +0000] [456] [INFO] Waiting for application startup.
[2026-03-16 17:20:26 +0000] [456] [INFO] Application startup complete.
[2026-03-16 17:20:26 +0000] [458] [INFO] Started server process [458]
[2026-03-16 17:20:26 +0000] [458] [INFO] Waiting for application startup.
[2026-03-16 17:20:26 +0000] [458] [INFO] Application startup complete.
[2026-03-16 17:20:26 +0000] [479] [INFO] Booting worker with pid: 479
[2026-03-16 17:20:26 +0000] [481] [INFO] Booting worker with pid: 481
[2026-03-16 17:20:26 +0000] [461] [INFO] Started server process [461]
[2026-03-16 17:20:26 +0000] [461] [INFO] Waiting for application startup.
[2026-03-16 17:20:26 +0000] [461] [INFO] Application startup complete.
[2026-03-16 17:20:26 +0000] [463] [INFO] Started server process [463]
[2026-03-16 17:20:26 +0000] [463] [INFO] Waiting for application startup.
[2026-03-16 17:20:26 +0000] [463] [INFO] Application startup complete.
[2026-03-16 17:20:26 +0000] [483] [INFO] Booting worker with pid: 483
[2026-03-16 17:20:26 +0000] [465] [INFO] Started server process [465]
[2026-03-16 17:20:26 +0000] [465] [INFO] Waiting for application startup.
[2026-03-16 17:20:26 +0000] [465] [INFO] Application startup complete.
[2026-03-16 17:20:26 +0000] [486] [INFO] Booting worker with pid: 486
[2026-03-16 17:20:26 +0000] [470] [INFO] Started server process [470]
[2026-03-16 17:20:26 +0000] [470] [INFO] Waiting for application startup.
[2026-03-16 17:20:26 +0000] [470] [INFO] Application startup complete.
[2026-03-16 17:20:26 +0000] [487] [INFO] Booting worker with pid: 487
[2026-03-16 17:20:26 +0000] [488] [INFO] Booting worker with pid: 488
[2026-03-16 17:20:26 +0000] [475] [INFO] Started server process [475]
[2026-03-16 17:20:26 +0000] [475] [INFO] Waiting for application startup.
[2026-03-16 17:20:26 +0000] [475] [INFO] Application startup complete.
[2026-03-16 17:20:26 +0000] [476] [INFO] Started server process [476]
[2026-03-16 17:20:26 +0000] [476] [INFO] Waiting for application startup.
[2026-03-16 17:20:26 +0000] [476] [INFO] Application startup complete.
[2026-03-16 17:20:26 +0000] [491] [INFO] Booting worker with pid: 491
[2026-03-16 17:20:26 +0000] [481] [INFO] Started server process [481]
[2026-03-16 17:20:26 +0000] [481] [INFO] Waiting for application startup.
[2026-03-16 17:20:26 +0000] [481] [INFO] Application startup complete.
[2026-03-16 17:20:26 +0000] [479] [INFO] Started server process [479]
[2026-03-16 17:20:26 +0000] [479] [INFO] Waiting for application startup.
[2026-03-16 17:20:26 +0000] [479] [INFO] Application startup complete.
[2026-03-16 17:20:26 +0000] [494] [INFO] Booting worker with pid: 494
[2026-03-16 17:20:26 +0000] [483] [INFO] Started server process [483]
[2026-03-16 17:20:26 +0000] [483] [INFO] Waiting for application startup.
[2026-03-16 17:20:26 +0000] [483] [INFO] Application startup complete.
[2026-03-16 17:20:26 +0000] [486] [INFO] Started server process [486]
[2026-03-16 17:20:26 +0000] [486] [INFO] Waiting for application startup.
[2026-03-16 17:20:26 +0000] [486] [INFO] Application startup complete.
[2026-03-16 17:20:26 +0000] [487] [INFO] Started server process [487]
[2026-03-16 17:20:26 +0000] [487] [INFO] Waiting for application startup.
[2026-03-16 17:20:26 +0000] [487] [INFO] Application startup complete.
[2026-03-16 17:20:27 +0000] [488] [INFO] Started server process [488]
[2026-03-16 17:20:27 +0000] [488] [INFO] Waiting for application startup.
[2026-03-16 17:20:27 +0000] [488] [INFO] Application startup complete.
[2026-03-16 17:20:27 +0000] [499] [INFO] Booting worker with pid: 499
[2026-03-16 17:20:27 +0000] [500] [INFO] Booting worker with pid: 500
[2026-03-16 17:20:27 +0000] [491] [INFO] Started server process [491]
[2026-03-16 17:20:27 +0000] [491] [INFO] Waiting for application startup.
[2026-03-16 17:20:27 +0000] [491] [INFO] Application startup complete.
[2026-03-16 17:20:27 +0000] [502] [INFO] Booting worker with pid: 502
[2026-03-16 17:20:27 +0000] [503] [INFO] Booting worker with pid: 503
[2026-03-16 17:20:27 +0000] [505] [INFO] Booting worker with pid: 505
[2026-03-16 17:20:27 +0000] [494] [INFO] Started server process [494]
[2026-03-16 17:20:27 +0000] [494] [INFO] Waiting for application startup.
[2026-03-16 17:20:27 +0000] [494] [INFO] Application startup complete.
[2026-03-16 17:20:27 +0000] [506] [INFO] Booting worker with pid: 506
[2026-03-16 17:20:27 +0000] [499] [INFO] Started server process [499]
[2026-03-16 17:20:27 +0000] [499] [INFO] Waiting for application startup.
[2026-03-16 17:20:27 +0000] [499] [INFO] Application startup complete.
[2026-03-16 17:20:27 +0000] [509] [INFO] Booting worker with pid: 509
[2026-03-16 17:20:27 +0000] [510] [INFO] Booting worker with pid: 510
[2026-03-16 17:20:27 +0000] [500] [INFO] Started server process [500]
[2026-03-16 17:20:27 +0000] [500] [INFO] Waiting for application startup.
[2026-03-16 17:20:27 +0000] [500] [INFO] Application startup complete.
[2026-03-16 17:20:27 +0000] [511] [INFO] Booting worker with pid: 511
[2026-03-16 17:20:27 +0000] [502] [INFO] Started server process [502]
[2026-03-16 17:20:27 +0000] [502] [INFO] Waiting for application startup.
[2026-03-16 17:20:27 +0000] [502] [INFO] Application startup complete.
[2026-03-16 17:20:27 +0000] [503] [INFO] Started server process [503]
[2026-03-16 17:20:27 +0000] [503] [INFO] Waiting for application startup.
[2026-03-16 17:20:27 +0000] [503] [INFO] Application startup complete.
[2026-03-16 17:20:27 +0000] [505] [INFO] Started server process [505]
[2026-03-16 17:20:27 +0000] [505] [INFO] Waiting for application startup.
[2026-03-16 17:20:27 +0000] [505] [INFO] Application startup complete.
[2026-03-16 17:20:27 +0000] [506] [INFO] Started server process [506]
[2026-03-16 17:20:27 +0000] [506] [INFO] Waiting for application startup.
[2026-03-16 17:20:27 +0000] [506] [INFO] Application startup complete.
[2026-03-16 17:20:27 +0000] [509] [INFO] Started server process [509]
[2026-03-16 17:20:27 +0000] [509] [INFO] Waiting for application startup.
[2026-03-16 17:20:27 +0000] [509] [INFO] Application startup complete.
[2026-03-16 17:20:27 +0000] [510] [INFO] Started server process [510]
[2026-03-16 17:20:27 +0000] [510] [INFO] Waiting for application startup.
[2026-03-16 17:20:27 +0000] [510] [INFO] Application startup complete.
[2026-03-16 17:20:27 +0000] [511] [INFO] Started server process [511]
[2026-03-16 17:20:27 +0000] [511] [INFO] Waiting for application startup.
[2026-03-16 17:20:27 +0000] [511] [INFO] Application startup complete.
