[2026-03-16 17:20:37 +0000] [1] [INFO] Starting gunicorn 23.0.0
[2026-03-16 17:20:37 +0000] [1] [INFO] Listening at: http://0.0.0.0:8080 (1)
[2026-03-16 17:20:37 +0000] [1] [INFO] Using worker: uvicorn.workers.UvicornWorker
[2026-03-16 17:20:37 +0000] [7] [INFO] Booting worker with pid: 7
[2026-03-16 17:20:37 +0000] [8] [INFO] Booting worker with pid: 8
[2026-03-16 17:20:37 +0000] [9] [INFO] Booting worker with pid: 9
[2026-03-16 17:20:37 +0000] [10] [INFO] Booting worker with pid: 10
[2026-03-16 17:20:37 +0000] [11] [INFO] Booting worker with pid: 11
[2026-03-16 17:20:37 +0000] [7] [INFO] Started server process [7]
[2026-03-16 17:20:37 +0000] [7] [INFO] Waiting for application startup.
[2026-03-16 17:20:37 +0000] [7] [INFO] Application startup complete.
[2026-03-16 17:20:37 +0000] [13] [INFO] Booting worker with pid: 13
[2026-03-16 17:20:37 +0000] [14] [INFO] Booting worker with pid: 14
[2026-03-16 17:20:37 +0000] [8] [INFO] Started server process [8]
[2026-03-16 17:20:37 +0000] [8] [INFO] Waiting for application startup.
[2026-03-16 17:20:37 +0000] [8] [INFO] Application startup complete.
[2026-03-16 17:20:37 +0000] [17] [INFO] Booting worker with pid: 17
[2026-03-16 17:20:37 +0000] [9] [INFO] Started server process [9]
[2026-03-16 17:20:37 +0000] [9] [INFO] Waiting for application startup.
[2026-03-16 17:20:37 +0000] [9] [INFO] Application startup complete.
[2026-03-16 17:20:37 +0000] [18] [INFO] Booting worker with pid: 18
[2026-03-16 17:20:37 +0000] [10] [INFO] Started server process [10]
[2026-03-16 17:20:37 +0000] [10] [INFO] Waiting for application startup.
[2026-03-16 17:20:37 +0000] [10] [INFO] Application startup complete.
[2026-03-16 17:20:37 +0000] [21] [INFO] Booting worker with pid: 21
[2026-03-16 17:20:37 +0000] [11] [INFO] Started server process [11]
[2026-03-16 17:20:37 +0000] [11] [INFO] Waiting for application startup.
[2026-03-16 17:20:37 +0000] [11] [INFO] Application startup complete.
[2026-03-16 17:20:37 +0000] [13] [INFO] Started server process [13]
[2026-03-16 17:20:37 +0000] [13] [INFO] Waiting for application startup.
[2026-03-16 17:20:37 +0000] [13] [INFO] Application startup complete.
[2026-03-16 17:20:37 +0000] [23] [INFO] Booting worker with pid: 23
[2026-03-16 17:20:37 +0000] [14] [INFO] Started server process [14]
[2026-03-16 17:20:37 +0000] [14] [INFO] Waiting for application startup.
[2026-03-16 17:20:37 +0000] [14] [INFO] Application startup complete.
[2026-03-16 17:20:37 +0000] [25] [INFO] Booting worker with pid: 25
[2026-03-16 17:20:37 +0000] [17] [INFO] Started server process [17]
[2026-03-16 17:20:37 +0000] [17] [INFO] Waiting for application startup.
[2026-03-16 17:20:37 +0000] [17] [INFO] Application startup complete.
[2026-03-16 17:20:37 +0000] [18] [INFO] Started server process [18]
[2026-03-16 17:20:37 +0000] [18] [INFO] Waiting for application startup.
[2026-03-16 17:20:37 +0000] [18] [INFO] Application startup complete.
[2026-03-16 17:20:37 +0000] [28] [INFO] Booting worker with pid: 28
[2026-03-16 17:20:37 +0000] [29] [INFO] Booting worker with pid: 29
[2026-03-16 17:20:37 +0000] [30] [INFO] Booting worker with pid: 30
[2026-03-16 17:20:37 +0000] [21] [INFO] Started server process [21]
[2026-03-16 17:20:37 +0000] [21] [INFO] Waiting for application startup.
[2026-03-16 17:20:37 +0000] [21] [INFO] Application startup complete.
[2026-03-16 17:20:37 +0000] [32] [INFO] Booting worker with pid: 32
[2026-03-16 17:20:37 +0000] [23] [INFO] Started server process [23]
[2026-03-16 17:20:37 +0000] [23] [INFO] Waiting for application startup.
[2026-03-16 17:20:37 +0000] [23] [INFO] Application startup complete.
[2026-03-16 17:20:37 +0000] [25] [INFO] Started server process [25]
[2026-03-16 17:20:37 +0000] [25] [INFO] Waiting for application startup.
[2026-03-16 17:20:37 +0000] [25] [INFO] Application startup complete.
[2026-03-16 17:20:37 +0000] [35] [INFO] Booting worker with pid: 35
[2026-03-16 17:20:37 +0000] [28] [INFO] Started server process [28]
[2026-03-16 17:20:37 +0000] [28] [INFO] Waiting for application startup.
[2026-03-16 17:20:37 +0000] [28] [INFO] Application startup complete.
[2026-03-16 17:20:37 +0000] [29] [INFO] Started server process [29]
[2026-03-16 17:20:37 +0000] [29] [INFO] Waiting for application startup.
[2026-03-16 17:20:37 +0000] [29] [INFO] Application startup complete.
[2026-03-16 17:20:37 +0000] [38] [INFO] Booting worker with pid: 38
[2026-03-16 17:20:37 +0000] [30] [INFO] Started server process [30]
[2026-03-16 17:20:37 +0000] [30] [INFO] Waiting for application startup.
[2026-03-16 17:20:37 +0000] [30] [INFO] Application startup complete.
[2026-03-16 17:20:38 +0000] [40] [INFO] Booting worker with pid: 40
[2026-03-16 17:20:38 +0000] [32] [INFO] Started server process [32]
[2026-03-16 17:20:38 +0000] [32] [INFO] Waiting for application startup.
[2026-03-16 17:20:38 +0000] [32] [INFO] Application startup complete.
[2026-03-16 17:20:38 +0000] [42] [INFO] Booting worker with pid: 42
[2026-03-16 17:20:38 +0000] [44] [INFO] Booting worker with pid: 44
[2026-03-16 17:20:38 +0000] [35] [INFO] Started server process [35]
[2026-03-16 17:20:38 +0000] [35] [INFO] Waiting for application startup.
[2026-03-16 17:20:38 +0000] [35] [INFO] Application startup complete.
[2026-03-16 17:20:38 +0000] [45] [INFO] Booting worker with pid: 45
[2026-03-16 17:20:38 +0000] [47] [INFO] Booting worker with pid: 47
[2026-03-16 17:20:38 +0000] [38] [INFO] Started server process [38]
[2026-03-16 17:20:38 +0000] [38] [INFO] Waiting for application startup.
[2026-03-16 17:20:38 +0000] [38] [INFO] Application startup complete.
[2026-03-16 17:20:38 +0000] [40] [INFO] Started server process [40]
[2026-03-16 17:20:38 +0000] [40] [INFO] Waiting for application startup.
[2026-03-16 17:20:38 +0000] [40] [INFO] Application startup complete.
[2026-03-16 17:20:38 +0000] [49] [INFO] Booting worker with pid: 49
[2026-03-16 17:20:38 +0000] [50] [INFO] Booting worker with pid: 50
[2026-03-16 17:20:38 +0000] [42] [INFO] Started server process [42]
[2026-03-16 17:20:38 +0000] [42] [INFO] Waiting for application startup.
[2026-03-16 17:20:38 +0000] [42] [INFO] Application startup complete.
[2026-03-16 17:20:38 +0000] [52] [INFO] Booting worker with pid: 52
[2026-03-16 17:20:38 +0000] [53] [INFO] Booting worker with pid: 53
[2026-03-16 17:20:38 +0000] [54] [INFO] Booting worker with pid: 54
[2026-03-16 17:20:38 +0000] [44] [INFO] Started server process [44]
[2026-03-16 17:20:38 +0000] [44] [INFO] Waiting for application startup.
[2026-03-16 17:20:38 +0000] [44] [INFO] Application startup complete.
[2026-03-16 17:20:38 +0000] [45] [INFO] Started server process [45]
[2026-03-16 17:20:38 +0000] [45] [INFO] Waiting for application startup.
[2026-03-16 17:20:38 +0000] [45] [INFO] Application startup complete.
[2026-03-16 17:20:38 +0000] [58] [INFO] Booting worker with pid: 58
[2026-03-16 17:20:38 +0000] [47] [INFO] Started server process [47]
[2026-03-16 17:20:38 +0000] [47] [INFO] Waiting for application startup.
[2026-03-16 17:20:38 +0000] [47] [INFO] Application startup complete.
[2026-03-16 17:20:38 +0000] [59] [INFO] Booting worker with pid: 59
[2026-03-16 17:20:38 +0000] [60] [INFO] Booting worker with pid: 60
[2026-03-16 17:20:38 +0000] [63] [INFO] Booting worker with pid: 63
[2026-03-16 17:20:38 +0000] [50] [INFO] Started server process [50]
[2026-03-16 17:20:38 +0000] [50] [INFO] Waiting for application startup.
[2026-03-16 17:20:38 +0000] [50] [INFO] Application startup complete.
[2026-03-16 17:20:38 +0000] [49] [INFO] Started server process [49]
[2026-03-16 17:20:38 +0000] [49] [INFO] Waiting for application startup.
[2026-03-16 17:20:38 +0000] [49] [INFO] Application startup complete.
[2026-03-16 17:20:38 +0000] [64] [INFO] Booting worker with pid: 64
[2026-03-16 17:20:38 +0000] [66] [INFO] Booting worker with pid: 66
[2026-03-16 17:20:38 +0000] [52] [INFO] Started server process [52]
[2026-03-16 17:20:38 +0000] [52] [INFO] Waiting for application startup.
[2026-03-16 17:20:38 +0000] [52] [INFO] Application startup complete.
[2026-03-16 17:20:38 +0000] [53] [INFO] Started server process [53]
[2026-03-16 17:20:38 +0000] [53] [INFO] Waiting for application startup.
[2026-03-16 17:20:38 +0000] [53] [INFO] Application startup complete.
[2026-03-16 17:20:38 +0000] [54] [INFO] Started server process [54]
[2026-03-16 17:20:38 +0000] [54] [INFO] Waiting for application startup.
[2026-03-16 17:20:38 +0000] [54] [INFO] Application startup complete.
[2026-03-16 17:20:38 +0000] [69] [INFO] Booting worker with pid: 69
[2026-03-16 17:20:38 +0000] [70] [INFO] Booting worker with pid: 70
[2026-03-16 17:20:38 +0000] [58] [INFO] Started server process [58]
[2026-03-16 17:20:38 +0000] [58] [INFO] Waiting for application startup.
[2026-03-16 17:20:38 +0000] [58] [INFO] Application startup complete.
[2026-03-16 17:20:38 +0000] [72] [INFO] Booting worker with pid: 72
[2026-03-16 17:20:38 +0000] [59] [INFO] Started server process [59]
[2026-03-16 17:20:38 +0000] [59] [INFO] Waiting for application startup.
[2026-03-16 17:20:38 +0000] [59] [INFO] Application startup complete.
[2026-03-16 17:20:38 +0000] [60] [INFO] Started server process [60]
[2026-03-16 17:20:38 +0000] [60] [INFO] Waiting for application startup.
[2026-03-16 17:20:38 +0000] [60] [INFO] Application startup complete.
[2026-03-16 17:20:38 +0000] [63] [INFO] Started server process [63]
[2026-03-16 17:20:38 +0000] [63] [INFO] Waiting for application startup.
[2026-03-16 17:20:38 +0000] [63] [INFO] Application startup complete.
[2026-03-16 17:20:38 +0000] [76] [INFO] Booting worker with pid: 76
[2026-03-16 17:20:38 +0000] [78] [INFO] Booting worker with pid: 78
[2026-03-16 17:20:38 +0000] [64] [INFO] Started server process [64]
[2026-03-16 17:20:38 +0000] [64] [INFO] Waiting for application startup.
[2026-03-16 17:20:38 +0000] [64] [INFO] Application startup complete.
[2026-03-16 17:20:38 +0000] [66] [INFO] Started server process [66]
[2026-03-16 17:20:38 +0000] [66] [INFO] Waiting for application startup.
[2026-03-16 17:20:38 +0000] [66] [INFO] Application startup complete.
[2026-03-16 17:20:38 +0000] [80] [INFO] Booting worker with pid: 80
[2026-03-16 17:20:39 +0000] [81] [INFO] Booting worker with pid: 81
[2026-03-16 17:20:39 +0000] [83] [INFO] Booting worker with pid: 83
[2026-03-16 17:20:39 +0000] [69] [INFO] Started server process [69]
[2026-03-16 17:20:39 +0000] [69] [INFO] Waiting for application startup.
[2026-03-16 17:20:39 +0000] [69] [INFO] Application startup complete.
[2026-03-16 17:20:39 +0000] [70] [INFO] Started server process [70]
[2026-03-16 17:20:39 +0000] [70] [INFO] Waiting for application startup.
[2026-03-16 17:20:39 +0000] [70] [INFO] Application startup complete.
[2026-03-16 17:20:39 +0000] [72] [INFO] Started server process [72]
[2026-03-16 17:20:39 +0000] [72] [INFO] Waiting for application startup.
[2026-03-16 17:20:39 +0000] [72] [INFO] Application startup complete.
[2026-03-16 17:20:39 +0000] [86] [INFO] Booting worker with pid: 86
[2026-03-16 17:20:39 +0000] [87] [INFO] Booting worker with pid: 87
[2026-03-16 17:20:39 +0000] [76] [INFO] Started server process [76]
[2026-03-16 17:20:39 +0000] [76] [INFO] Waiting for application startup.
[2026-03-16 17:20:39 +0000] [76] [INFO] Application startup complete.
[2026-03-16 17:20:39 +0000] [78] [INFO] Started server process [78]
[2026-03-16 17:20:39 +0000] [78] [INFO] Waiting for application startup.
[2026-03-16 17:20:39 +0000] [78] [INFO] Application startup complete.
[2026-03-16 17:20:39 +0000] [90] [INFO] Booting worker with pid: 90
[2026-03-16 17:20:39 +0000] [80] [INFO] Started server process [80]
[2026-03-16 17:20:39 +0000] [80] [INFO] Waiting for application startup.
[2026-03-16 17:20:39 +0000] [80] [INFO] Application startup complete.
[2026-03-16 17:20:39 +0000] [93] [INFO] Booting worker with pid: 93
[2026-03-16 17:20:39 +0000] [81] [INFO] Started server process [81]
[2026-03-16 17:20:39 +0000] [81] [INFO] Waiting for application startup.
[2026-03-16 17:20:39 +0000] [81] [INFO] Application startup complete.
[2026-03-16 17:20:39 +0000] [83] [INFO] Started server process [83]
[2026-03-16 17:20:39 +0000] [83] [INFO] Waiting for application startup.
[2026-03-16 17:20:39 +0000] [83] [INFO] Application startup complete.
[2026-03-16 17:20:39 +0000] [95] [INFO] Booting worker with pid: 95
[2026-03-16 17:20:39 +0000] [86] [INFO] Started server process [86]
[2026-03-16 17:20:39 +0000] [86] [INFO] Waiting for application startup.
[2026-03-16 17:20:39 +0000] [86] [INFO] Application startup complete.
[2026-03-16 17:20:39 +0000] [87] [INFO] Started server process [87]
[2026-03-16 17:20:39 +0000] [87] [INFO] Waiting for application startup.
[2026-03-16 17:20:39 +0000] [87] [INFO] Application startup complete.
[2026-03-16 17:20:39 +0000] [98] [INFO] Booting worker with pid: 98
[2026-03-16 17:20:39 +0000] [99] [INFO] Booting worker with pid: 99
[2026-03-16 17:20:39 +0000] [101] [INFO] Booting worker with pid: 101
[2026-03-16 17:20:39 +0000] [90] [INFO] Started server process [90]
[2026-03-16 17:20:39 +0000] [90] [INFO] Waiting for application startup.
[2026-03-16 17:20:39 +0000] [90] [INFO] Application startup complete.
[2026-03-16 17:20:39 +0000] [102] [INFO] Booting worker with pid: 102
[2026-03-16 17:20:39 +0000] [93] [INFO] Started server process [93]
[2026-03-16 17:20:39 +0000] [93] [INFO] Waiting for application startup.
[2026-03-16 17:20:39 +0000] [93] [INFO] Application startup complete.
[2026-03-16 17:20:39 +0000] [104] [INFO] Booting worker with pid: 104
[2026-03-16 17:20:39 +0000] [105] [INFO] Booting worker with pid: 105
[2026-03-16 17:20:39 +0000] [106] [INFO] Booting worker with pid: 106
[2026-03-16 17:20:39 +0000] [107] [INFO] Booting worker with pid: 107
[2026-03-16 17:20:39 +0000] [95] [INFO] Started server process [95]
[2026-03-16 17:20:39 +0000] [95] [INFO] Waiting for application startup.
[2026-03-16 17:20:39 +0000] [95] [INFO] Application startup complete.
[2026-03-16 17:20:39 +0000] [109] [INFO] Booting worker with pid: 109
[2026-03-16 17:20:39 +0000] [98] [INFO] Started server process [98]
[2026-03-16 17:20:39 +0000] [98] [INFO] Waiting for application startup.
[2026-03-16 17:20:39 +0000] [98] [INFO] Application startup complete.
[2026-03-16 17:20:39 +0000] [112] [INFO] Booting worker with pid: 112
[2026-03-16 17:20:39 +0000] [99] [INFO] Started server process [99]
[2026-03-16 17:20:39 +0000] [99] [INFO] Waiting for application startup.
[2026-03-16 17:20:39 +0000] [99] [INFO] Application startup complete.
[2026-03-16 17:20:39 +0000] [113] [INFO] Booting worker with pid: 113
[2026-03-16 17:20:39 +0000] [101] [INFO] Started server process [101]
[2026-03-16 17:20:39 +0000] [101] [INFO] Waiting for application startup.
[2026-03-16 17:20:39 +0000] [101] [INFO] Application startup complete.
[2026-03-16 17:20:39 +0000] [116] [INFO] Booting worker with pid: 116
[2026-03-16 17:20:39 +0000] [102] [INFO] Started server process [102]
[2026-03-16 17:20:39 +0000] [102] [INFO] Waiting for application startup.
[2026-03-16 17:20:39 +0000] [102] [INFO] Application startup complete.
[2026-03-16 17:20:39 +0000] [117] [INFO] Booting worker with pid: 117
[2026-03-16 17:20:40 +0000] [104] [INFO] Started server process [104]
[2026-03-16 17:20:40 +0000] [104] [INFO] Waiting for application startup.
[2026-03-16 17:20:40 +0000] [104] [INFO] Application startup complete.
[2026-03-16 17:20:40 +0000] [119] [INFO] Booting worker with pid: 119
[2026-03-16 17:20:40 +0000] [107] [INFO] Started server process [107]
[2026-03-16 17:20:40 +0000] [107] [INFO] Waiting for application startup.
[2026-03-16 17:20:40 +0000] [107] [INFO] Application startup complete.
[2026-03-16 17:20:40 +0000] [106] [INFO] Started server process [106]
[2026-03-16 17:20:40 +0000] [106] [INFO] Waiting for application startup.
[2026-03-16 17:20:40 +0000] [106] [INFO] Application startup complete.
[2026-03-16 17:20:40 +0000] [105] [INFO] Started server process [105]
[2026-03-16 17:20:40 +0000] [105] [INFO] Waiting for application startup.
[2026-03-16 17:20:40 +0000] [105] [INFO] Application startup complete.
[2026-03-16 17:20:40 +0000] [123] [INFO] Booting worker with pid: 123
[2026-03-16 17:20:40 +0000] [124] [INFO] Booting worker with pid: 124
[2026-03-16 17:20:40 +0000] [109] [INFO] Started server process [109]
[2026-03-16 17:20:40 +0000] [109] [INFO] Waiting for application startup.
[2026-03-16 17:20:40 +0000] [109] [INFO] Application startup complete.
[2026-03-16 17:20:40 +0000] [127] [INFO] Booting worker with pid: 127
[2026-03-16 17:20:40 +0000] [112] [INFO] Started server process [112]
[2026-03-16 17:20:40 +0000] [112] [INFO] Waiting for application startup.
[2026-03-16 17:20:40 +0000] [112] [INFO] Application startup complete.
[2026-03-16 17:20:40 +0000] [113] [INFO] Started server process [113]
[2026-03-16 17:20:40 +0000] [113] [INFO] Waiting for application startup.
[2026-03-16 17:20:40 +0000] [113] [INFO] Application startup complete.
[2026-03-16 17:20:40 +0000] [129] [INFO] Booting worker with pid: 129
[2026-03-16 17:20:40 +0000] [130] [INFO] Booting worker with pid: 130
[2026-03-16 17:20:40 +0000] [132] [INFO] Booting worker with pid: 132
[2026-03-16 17:20:40 +0000] [116] [INFO] Started server process [116]
[2026-03-16 17:20:40 +0000] [116] [INFO] Waiting for application startup.
[2026-03-16 17:20:40 +0000] [116] [INFO] Application startup complete.
[2026-03-16 17:20:40 +0000] [117] [INFO] Started server process [117]
[2026-03-16 17:20:40 +0000] [117] [INFO] Waiting for application startup.
[2026-03-16 17:20:40 +0000] [117] [INFO] Application startup complete.
[2026-03-16 17:20:40 +0000] [134] [INFO] Booting worker with pid: 134
[2026-03-16 17:20:40 +0000] [135] [INFO] Booting worker with pid: 135
[2026-03-16 17:20:40 +0000] [119] [INFO] Started server process [119]
[2026-03-16 17:20:40 +0000] [119] [INFO] Waiting for application startup.
[2026-03-16 17:20:40 +0000] [119] [INFO] Application startup complete.
[2026-03-16 17:20:40 +0000] [137] [INFO] Booting worker with pid: 137
[2026-03-16 17:20:40 +0000] [123] [INFO] Started server process [123]
[2026-03-16 17:20:40 +0000] [123] [INFO] Waiting for application startup.
[2026-03-16 17:20:40 +0000] [123] [INFO] Application startup complete.
[2026-03-16 17:20:40 +0000] [139] [INFO] Booting worker with pid: 139
[2026-03-16 17:20:40 +0000] [140] [INFO] Booting worker with pid: 140
[2026-03-16 17:20:40 +0000] [141] [INFO] Booting worker with pid: 141
[2026-03-16 17:20:40 +0000] [144] [INFO] Booting worker with pid: 144
[2026-03-16 17:20:40 +0000] [127] [INFO] Started server process [127]
[2026-03-16 17:20:40 +0000] [127] [INFO] Waiting for application startup.
[2026-03-16 17:20:40 +0000] [127] [INFO] Application startup complete.
[2026-03-16 17:20:40 +0000] [124] [INFO] Started server process [124]
[2026-03-16 17:20:40 +0000] [124] [INFO] Waiting for application startup.
[2026-03-16 17:20:40 +0000] [124] [INFO] Application startup complete.
[2026-03-16 17:20:40 +0000] [129] [INFO] Started server process [129]
[2026-03-16 17:20:40 +0000] [129] [INFO] Waiting for application startup.
[2026-03-16 17:20:40 +0000] [129] [INFO] Application startup complete.
[2026-03-16 17:20:40 +0000] [146] [INFO] Booting worker with pid: 146
[2026-03-16 17:20:40 +0000] [148] [INFO] Booting worker with pid: 148
[2026-03-16 17:20:40 +0000] [149] [INFO] Booting worker with pid: 149
[2026-03-16 17:20:40 +0000] [132] [INFO] Started server process [132]
[2026-03-16 17:20:40 +0000] [132] [INFO] Waiting for application startup.
[2026-03-16 17:20:40 +0000] [132] [INFO] Application startup complete.
[2026-03-16 17:20:40 +0000] [134] [INFO] Started server process [134]
[2026-03-16 17:20:40 +0000] [134] [INFO] Waiting for application startup.
[2026-03-16 17:20:40 +0000] [134] [INFO] Application startup complete.
[2026-03-16 17:20:40 +0000] [152] [INFO] Booting worker with pid: 152
[2026-03-16 17:20:40 +0000] [130] [INFO] Started server process [130]
[2026-03-16 17:20:40 +0000] [130] [INFO] Waiting for application startup.
[2026-03-16 17:20:40 +0000] [130] [INFO] Application startup complete.
[2026-03-16 17:20:40 +0000] [135] [INFO] Started server process [135]
[2026-03-16 17:20:40 +0000] [154] [INFO] Booting worker with pid: 154
[2026-03-16 17:20:40 +0000] [135] [INFO] Waiting for application startup.
[2026-03-16 17:20:40 +0000] [135] [INFO] Application startup complete.
[2026-03-16 17:20:40 +0000] [155] [INFO] Booting worker with pid: 155
[2026-03-16 17:20:40 +0000] [139] [INFO] Started server process [139]
[2026-03-16 17:20:40 +0000] [139] [INFO] Waiting for application startup.
[2026-03-16 17:20:40 +0000] [139] [INFO] Application startup complete.
[2026-03-16 17:20:40 +0000] [157] [INFO] Booting worker with pid: 157
[2026-03-16 17:20:40 +0000] [159] [INFO] Booting worker with pid: 159
[2026-03-16 17:20:40 +0000] [137] [INFO] Started server process [137]
[2026-03-16 17:20:40 +0000] [137] [INFO] Waiting for application startup.
[2026-03-16 17:20:40 +0000] [137] [INFO] Application startup complete.
[2026-03-16 17:20:40 +0000] [141] [INFO] Started server process [141]
[2026-03-16 17:20:40 +0000] [141] [INFO] Waiting for application startup.
[2026-03-16 17:20:40 +0000] [141] [INFO] Application startup complete.
[2026-03-16 17:20:41 +0000] [162] [INFO] Booting worker with pid: 162
[2026-03-16 17:20:41 +0000] [140] [INFO] Started server process [140]
[2026-03-16 17:20:41 +0000] [140] [INFO] Waiting for application startup.
[2026-03-16 17:20:41 +0000] [140] [INFO] Application startup complete.
[2026-03-16 17:20:41 +0000] [163] [INFO] Booting worker with pid: 163
[2026-03-16 17:20:41 +0000] [144] [INFO] Started server process [144]
[2026-03-16 17:20:41 +0000] [144] [INFO] Waiting for application startup.
[2026-03-16 17:20:41 +0000] [144] [INFO] Application startup complete.
[2026-03-16 17:20:41 +0000] [166] [INFO] Booting worker with pid: 166
[2026-03-16 17:20:41 +0000] [152] [INFO] Started server process [152]
[2026-03-16 17:20:41 +0000] [152] [INFO] Waiting for application startup.
[2026-03-16 17:20:41 +0000] [152] [INFO] Application startup complete.
[2026-03-16 17:20:41 +0000] [167] [INFO] Booting worker with pid: 167
[2026-03-16 17:20:41 +0000] [149] [INFO] Started server process [149]
[2026-03-16 17:20:41 +0000] [149] [INFO] Waiting for application startup.
[2026-03-16 17:20:41 +0000] [149] [INFO] Application startup complete.
[2026-03-16 17:20:41 +0000] [146] [INFO] Started server process [146]
[2026-03-16 17:20:41 +0000] [146] [INFO] Waiting for application startup.
[2026-03-16 17:20:41 +0000] [146] [INFO] Application startup complete.
[2026-03-16 17:20:41 +0000] [171] [INFO] Booting worker with pid: 171
[2026-03-16 17:20:41 +0000] [172] [INFO] Booting worker with pid: 172
[2026-03-16 17:20:41 +0000] [148] [INFO] Started server process [148]
[2026-03-16 17:20:41 +0000] [148] [INFO] Waiting for application startup.
[2026-03-16 17:20:41 +0000] [148] [INFO] Application startup complete.
[2026-03-16 17:20:41 +0000] [154] [INFO] Started server process [154]
[2026-03-16 17:20:41 +0000] [154] [INFO] Waiting for application startup.
[2026-03-16 17:20:41 +0000] [154] [INFO] Application startup complete.
[2026-03-16 17:20:41 +0000] [174] [INFO] Booting worker with pid: 174
[2026-03-16 17:20:41 +0000] [175] [INFO] Booting worker with pid: 175
[2026-03-16 17:20:41 +0000] [155] [INFO] Started server process [155]
[2026-03-16 17:20:41 +0000] [155] [INFO] Waiting for application startup.
[2026-03-16 17:20:41 +0000] [155] [INFO] Application startup complete.
[2026-03-16 17:20:41 +0000] [177] [INFO] Booting worker with pid: 177
[2026-03-16 17:20:41 +0000] [159] [INFO] Started server process [159]
[2026-03-16 17:20:41 +0000] [159] [INFO] Waiting for application startup.
[2026-03-16 17:20:41 +0000] [159] [INFO] Application startup complete.
[2026-03-16 17:20:41 +0000] [179] [INFO] Booting worker with pid: 179
[2026-03-16 17:20:41 +0000] [157] [INFO] Started server process [157]
[2026-03-16 17:20:41 +0000] [157] [INFO] Waiting for application startup.
[2026-03-16 17:20:41 +0000] [157] [INFO] Application startup complete.
[2026-03-16 17:20:41 +0000] [181] [INFO] Booting worker with pid: 181
[2026-03-16 17:20:41 +0000] [182] [INFO] Booting worker with pid: 182
[2026-03-16 17:20:41 +0000] [183] [INFO] Booting worker with pid: 183
[2026-03-16 17:20:41 +0000] [162] [INFO] Started server process [162]
[2026-03-16 17:20:41 +0000] [162] [INFO] Waiting for application startup.
[2026-03-16 17:20:41 +0000] [162] [INFO] Application startup complete.
[2026-03-16 17:20:41 +0000] [167] [INFO] Started server process [167]
[2026-03-16 17:20:41 +0000] [167] [INFO] Waiting for application startup.
[2026-03-16 17:20:41 +0000] [167] [INFO] Application startup complete.
[2026-03-16 17:20:41 +0000] [163] [INFO] Started server process [163]
[2026-03-16 17:20:41 +0000] [163] [INFO] Waiting for application startup.
[2026-03-16 17:20:41 +0000] [163] [INFO] Application startup complete.
[2026-03-16 17:20:41 +0000] [187] [INFO] Booting worker with pid: 187
[2026-03-16 17:20:41 +0000] [166] [INFO] Started server process [166]
[2026-03-16 17:20:41 +0000] [166] [INFO] Waiting for application startup.
[2026-03-16 17:20:41 +0000] [166] [INFO] Application startup complete.
[2026-03-16 17:20:41 +0000] [172] [INFO] Started server process [172]
[2026-03-16 17:20:41 +0000] [172] [INFO] Waiting for application startup.
[2026-03-16 17:20:41 +0000] [172] [INFO] Application startup complete.
[2026-03-16 17:20:41 +0000] [171] [INFO] Started server process [171]
[2026-03-16 17:20:41 +0000] [171] [INFO] Waiting for application startup.
[2026-03-16 17:20:41 +0000] [171] [INFO] Application startup complete.
[2026-03-16 17:20:41 +0000] [191] [INFO] Booting worker with pid: 191
[2026-03-16 17:20:41 +0000] [192] [INFO] Booting worker with pid: 192
[2026-03-16 17:20:41 +0000] [174] [INFO] Started server process [174]
[2026-03-16 17:20:41 +0000] [174] [INFO] Waiting for application startup.
[2026-03-16 17:20:41 +0000] [174] [INFO] Application startup complete.
[2026-03-16 17:20:41 +0000] [175] [INFO] Started server process [175]
[2026-03-16 17:20:41 +0000] [175] [INFO] Waiting for application startup.
[2026-03-16 17:20:41 +0000] [175] [INFO] Application startup complete.
[2026-03-16 17:20:41 +0000] [196] [INFO] Booting worker with pid: 196
[2026-03-16 17:20:41 +0000] [177] [INFO] Started server process [177]
[2026-03-16 17:20:41 +0000] [177] [INFO] Waiting for application startup.
[2026-03-16 17:20:41 +0000] [177] [INFO] Application startup complete.
[2026-03-16 17:20:41 +0000] [197] [INFO] Booting worker with pid: 197
[2026-03-16 17:20:41 +0000] [198] [INFO] Booting worker with pid: 198
[2026-03-16 17:20:41 +0000] [199] [INFO] Booting worker with pid: 199
[2026-03-16 17:20:41 +0000] [182] [INFO] Started server process [182]
[2026-03-16 17:20:41 +0000] [182] [INFO] Waiting for application startup.
[2026-03-16 17:20:41 +0000] [182] [INFO] Application startup complete.
[2026-03-16 17:20:42 +0000] [183] [INFO] Started server process [183]
[2026-03-16 17:20:42 +0000] [183] [INFO] Waiting for application startup.
[2026-03-16 17:20:42 +0000] [183] [INFO] Application startup complete.
[2026-03-16 17:20:42 +0000] [181] [INFO] Started server process [181]
[2026-03-16 17:20:42 +0000] [181] [INFO] Waiting for application startup.
[2026-03-16 17:20:42 +0000] [181] [INFO] Application startup complete.
[2026-03-16 17:20:42 +0000] [179] [INFO] Started server process [179]
[2026-03-16 17:20:42 +0000] [179] [INFO] Waiting for application startup.
[2026-03-16 17:20:42 +0000] [179] [INFO] Application startup complete.
[2026-03-16 17:20:42 +0000] [204] [INFO] Booting worker with pid: 204
[2026-03-16 17:20:42 +0000] [205] [INFO] Booting worker with pid: 205
[2026-03-16 17:20:42 +0000] [187] [INFO] Started server process [187]
[2026-03-16 17:20:42 +0000] [187] [INFO] Waiting for application startup.
[2026-03-16 17:20:42 +0000] [187] [INFO] Application startup complete.
[2026-03-16 17:20:42 +0000] [208] [INFO] Booting worker with pid: 208
[2026-03-16 17:20:42 +0000] [192] [INFO] Started server process [192]
[2026-03-16 17:20:42 +0000] [192] [INFO] Waiting for application startup.
[2026-03-16 17:20:42 +0000] [192] [INFO] Application startup complete.
[2026-03-16 17:20:42 +0000] [191] [INFO] Started server process [191]
[2026-03-16 17:20:42 +0000] [191] [INFO] Waiting for application startup.
[2026-03-16 17:20:42 +0000] [191] [INFO] Application startup complete.
[2026-03-16 17:20:42 +0000] [210] [INFO] Booting worker with pid: 210
[2026-03-16 17:20:42 +0000] [212] [INFO] Booting worker with pid: 212
[2026-03-16 17:20:42 +0000] [197] [INFO] Started server process [197]
[2026-03-16 17:20:42 +0000] [197] [INFO] Waiting for application startup.
[2026-03-16 17:20:42 +0000] [197] [INFO] Application startup complete.
[2026-03-16 17:20:42 +0000] [213] [INFO] Booting worker with pid: 213
[2026-03-16 17:20:42 +0000] [196] [INFO] Started server process [196]
[2026-03-16 17:20:42 +0000] [196] [INFO] Waiting for application startup.
[2026-03-16 17:20:42 +0000] [196] [INFO] Application startup complete.
[2026-03-16 17:20:42 +0000] [215] [INFO] Booting worker with pid: 215
[2026-03-16 17:20:42 +0000] [217] [INFO] Booting worker with pid: 217
[2026-03-16 17:20:42 +0000] [198] [INFO] Started server process [198]
[2026-03-16 17:20:42 +0000] [198] [INFO] Waiting for application startup.
[2026-03-16 17:20:42 +0000] [198] [INFO] Application startup complete.
[2026-03-16 17:20:42 +0000] [199] [INFO] Started server process [199]
[2026-03-16 17:20:42 +0000] [199] [INFO] Waiting for application startup.
[2026-03-16 17:20:42 +0000] [199] [INFO] Application startup complete.
[2026-03-16 17:20:42 +0000] [219] [INFO] Booting worker with pid: 219
[2026-03-16 17:20:42 +0000] [220] [INFO] Booting worker with pid: 220
[2026-03-16 17:20:42 +0000] [222] [INFO] Booting worker with pid: 222
[2026-03-16 17:20:42 +0000] [204] [INFO] Started server process [204]
[2026-03-16 17:20:42 +0000] [204] [INFO] Waiting for application startup.
[2026-03-16 17:20:42 +0000] [204] [INFO] Application startup complete.
[2026-03-16 17:20:42 +0000] [205] [INFO] Started server process [205]
[2026-03-16 17:20:42 +0000] [205] [INFO] Waiting for application startup.
[2026-03-16 17:20:42 +0000] [205] [INFO] Application startup complete.
[2026-03-16 17:20:42 +0000] [224] [INFO] Booting worker with pid: 224
[2026-03-16 17:20:42 +0000] [225] [INFO] Booting worker with pid: 225
[2026-03-16 17:20:42 +0000] [208] [INFO] Started server process [208]
[2026-03-16 17:20:42 +0000] [208] [INFO] Waiting for application startup.
[2026-03-16 17:20:42 +0000] [208] [INFO] Application startup complete.
[2026-03-16 17:20:42 +0000] [227] [INFO] Booting worker with pid: 227
[2026-03-16 17:20:42 +0000] [228] [INFO] Booting worker with pid: 228
[2026-03-16 17:20:42 +0000] [229] [INFO] Booting worker with pid: 229
[2026-03-16 17:20:42 +0000] [210] [INFO] Started server process [210]
[2026-03-16 17:20:42 +0000] [210] [INFO] Waiting for application startup.
[2026-03-16 17:20:42 +0000] [210] [INFO] Application startup complete.
[2026-03-16 17:20:42 +0000] [232] [INFO] Booting worker with pid: 232
[2026-03-16 17:20:42 +0000] [215] [INFO] Started server process [215]
[2026-03-16 17:20:42 +0000] [215] [INFO] Waiting for application startup.
[2026-03-16 17:20:42 +0000] [215] [INFO] Application startup complete.
[2026-03-16 17:20:42 +0000] [212] [INFO] Started server process [212]
[2026-03-16 17:20:42 +0000] [212] [INFO] Waiting for application startup.
[2026-03-16 17:20:42 +0000] [212] [INFO] Application startup complete.
[2026-03-16 17:20:42 +0000] [217] [INFO] Started server process [217]
[2026-03-16 17:20:42 +0000] [217] [INFO] Waiting for application startup.
[2026-03-16 17:20:42 +0000] [217] [INFO] Application startup complete.
[2026-03-16 17:20:42 +0000] [213] [INFO] Started server process [213]
[2026-03-16 17:20:42 +0000] [213] [INFO] Waiting for application startup.
[2026-03-16 17:20:42 +0000] [213] [INFO] Application startup complete.
[2026-03-16 17:20:42 +0000] [236] [INFO] Booting worker with pid: 236
[2026-03-16 17:20:43 +0000] [239] [INFO] Booting worker with pid: 239
[2026-03-16 17:20:43 +0000] [219] [INFO] Started server process [219]
[2026-03-16 17:20:43 +0000] [219] [INFO] Waiting for application startup.
[2026-03-16 17:20:43 +0000] [219] [INFO] Application startup complete.
[2026-03-16 17:20:43 +0000] [220] [INFO] Started server process [220]
[2026-03-16 17:20:43 +0000] [220] [INFO] Waiting for application startup.
[2026-03-16 17:20:43 +0000] [220] [INFO] Application startup complete.
[2026-03-16 17:20:43 +0000] [240] [INFO] Booting worker with pid: 240
[2026-03-16 17:20:43 +0000] [222] [INFO] Started server process [222]
[2026-03-16 17:20:43 +0000] [222] [INFO] Waiting for application startup.
[2026-03-16 17:20:43 +0000] [222] [INFO] Application startup complete.
[2026-03-16 17:20:43 +0000] [224] [INFO] Started server process [224]
[2026-03-16 17:20:43 +0000] [224] [INFO] Waiting for application startup.
[2026-03-16 17:20:43 +0000] [224] [INFO] Application startup complete.
[2026-03-16 17:20:43 +0000] [243] [INFO] Booting worker with pid: 243
[2026-03-16 17:20:43 +0000] [225] [INFO] Started server process [225]
[2026-03-16 17:20:43 +0000] [225] [INFO] Waiting for application startup.
[2026-03-16 17:20:43 +0000] [225] [INFO] Application startup complete.
[2026-03-16 17:20:43 +0000] [245] [INFO] Booting worker with pid: 245
[2026-03-16 17:20:43 +0000] [228] [INFO] Started server process [228]
[2026-03-16 17:20:43 +0000] [228] [INFO] Waiting for application startup.
[2026-03-16 17:20:43 +0000] [228] [INFO] Application startup complete.
[2026-03-16 17:20:43 +0000] [227] [INFO] Started server process [227]
[2026-03-16 17:20:43 +0000] [227] [INFO] Waiting for application startup.
[2026-03-16 17:20:43 +0000] [227] [INFO] Application startup complete.
[2026-03-16 17:20:43 +0000] [249] [INFO] Booting worker with pid: 249
[2026-03-16 17:20:43 +0000] [229] [INFO] Started server process [229]
[2026-03-16 17:20:43 +0000] [229] [INFO] Waiting for application startup.
[2026-03-16 17:20:43 +0000] [229] [INFO] Application startup complete.
[2026-03-16 17:20:43 +0000] [250] [INFO] Booting worker with pid: 250
[2026-03-16 17:20:43 +0000] [236] [INFO] Started server process [236]
[2026-03-16 17:20:43 +0000] [236] [INFO] Waiting for application startup.
[2026-03-16 17:20:43 +0000] [236] [INFO] Application startup complete.
[2026-03-16 17:20:43 +0000] [232] [INFO] Started server process [232]
[2026-03-16 17:20:43 +0000] [232] [INFO] Waiting for application startup.
[2026-03-16 17:20:43 +0000] [232] [INFO] Application startup complete.
[2026-03-16 17:20:43 +0000] [239] [INFO] Started server process [239]
[2026-03-16 17:20:43 +0000] [239] [INFO] Waiting for application startup.
[2026-03-16 17:20:43 +0000] [239] [INFO] Application startup complete.
[2026-03-16 17:20:43 +0000] [254] [INFO] Booting worker with pid: 254
[2026-03-16 17:20:43 +0000] [256] [INFO] Booting worker with pid: 256
[2026-03-16 17:20:43 +0000] [240] [INFO] Started server process [240]
[2026-03-16 17:20:43 +0000] [240] [INFO] Waiting for application startup.
[2026-03-16 17:20:43 +0000] [240] [INFO] Application startup complete.
[2026-03-16 17:20:43 +0000] [257] [INFO] Booting worker with pid: 257
[2026-03-16 17:20:43 +0000] [243] [INFO] Started server process [243]
[2026-03-16 17:20:43 +0000] [243] [INFO] Waiting for application startup.
[2026-03-16 17:20:43 +0000] [243] [INFO] Application startup complete.
[2026-03-16 17:20:43 +0000] [259] [INFO] Booting worker with pid: 259
[2026-03-16 17:20:43 +0000] [245] [INFO] Started server process [245]
[2026-03-16 17:20:43 +0000] [245] [INFO] Waiting for application startup.
[2026-03-16 17:20:43 +0000] [245] [INFO] Application startup complete.
[2026-03-16 17:20:43 +0000] [261] [INFO] Booting worker with pid: 261
[2026-03-16 17:20:43 +0000] [249] [INFO] Started server process [249]
[2026-03-16 17:20:43 +0000] [249] [INFO] Waiting for application startup.
[2026-03-16 17:20:43 +0000] [249] [INFO] Application startup complete.
[2026-03-16 17:20:43 +0000] [250] [INFO] Started server process [250]
[2026-03-16 17:20:43 +0000] [250] [INFO] Waiting for application startup.
[2026-03-16 17:20:43 +0000] [250] [INFO] Application startup complete.
[2026-03-16 17:20:43 +0000] [264] [INFO] Booting worker with pid: 264
[2026-03-16 17:20:43 +0000] [254] [INFO] Started server process [254]
[2026-03-16 17:20:43 +0000] [254] [INFO] Waiting for application startup.
[2026-03-16 17:20:43 +0000] [254] [INFO] Application startup complete.
[2026-03-16 17:20:43 +0000] [256] [INFO] Started server process [256]
[2026-03-16 17:20:43 +0000] [256] [INFO] Waiting for application startup.
[2026-03-16 17:20:43 +0000] [256] [INFO] Application startup complete.
[2026-03-16 17:20:43 +0000] [257] [INFO] Started server process [257]
[2026-03-16 17:20:43 +0000] [257] [INFO] Waiting for application startup.
[2026-03-16 17:20:43 +0000] [257] [INFO] Application startup complete.
[2026-03-16 17:20:43 +0000] [268] [INFO] Booting worker with pid: 268
[2026-03-16 17:20:43 +0000] [259] [INFO] Started server process [259]
[2026-03-16 17:20:43 +0000] [259] [INFO] Waiting for application startup.
[2026-03-16 17:20:43 +0000] [259] [INFO] Application startup complete.
[2026-03-16 17:20:43 +0000] [271] [INFO] Booting worker with pid: 271
[2026-03-16 17:20:43 +0000] [261] [INFO] Started server process [261]
[2026-03-16 17:20:43 +0000] [261] [INFO] Waiting for application startup.
[2026-03-16 17:20:43 +0000] [261] [INFO] Application startup complete.
[2026-03-16 17:20:43 +0000] [272] [INFO] Booting worker with pid: 272
[2026-03-16 17:20:43 +0000] [273] [INFO] Booting worker with pid: 273
[2026-03-16 17:20:43 +0000] [264] [INFO] Started server process [264]
[2026-03-16 17:20:43 +0000] [264] [INFO] Waiting for application startup.
[2026-03-16 17:20:43 +0000] [264] [INFO] Application startup complete.
[2026-03-16 17:20:43 +0000] [275] [INFO] Booting worker with pid: 275
[2026-03-16 17:20:43 +0000] [268] [INFO] Started server process [268]
[2026-03-16 17:20:43 +0000] [268] [INFO] Waiting for application startup.
[2026-03-16 17:20:43 +0000] [268] [INFO] Application startup complete.
[2026-03-16 17:20:43 +0000] [277] [INFO] Booting worker with pid: 277
[2026-03-16 17:20:43 +0000] [271] [INFO] Started server process [271]
[2026-03-16 17:20:43 +0000] [271] [INFO] Waiting for application startup.
[2026-03-16 17:20:43 +0000] [271] [INFO] Application startup complete.
[2026-03-16 17:20:44 +0000] [272] [INFO] Started server process [272]
[2026-03-16 17:20:44 +0000] [272] [INFO] Waiting for application startup.
[2026-03-16 17:20:44 +0000] [272] [INFO] Application startup complete.
[2026-03-16 17:20:44 +0000] [281] [INFO] Booting worker with pid: 281
[2026-03-16 17:20:44 +0000] [273] [INFO] Started server process [273]
[2026-03-16 17:20:44 +0000] [273] [INFO] Waiting for application startup.
[2026-03-16 17:20:44 +0000] [273] [INFO] Application startup complete.
[2026-03-16 17:20:44 +0000] [283] [INFO] Booting worker with pid: 283
[2026-03-16 17:20:44 +0000] [275] [INFO] Started server process [275]
[2026-03-16 17:20:44 +0000] [275] [INFO] Waiting for application startup.
[2026-03-16 17:20:44 +0000] [275] [INFO] Application startup complete.
[2026-03-16 17:20:44 +0000] [284] [INFO] Booting worker with pid: 284
[2026-03-16 17:20:44 +0000] [277] [INFO] Started server process [277]
[2026-03-16 17:20:44 +0000] [277] [INFO] Waiting for application startup.
[2026-03-16 17:20:44 +0000] [277] [INFO] Application startup complete.
[2026-03-16 17:20:44 +0000] [286] [INFO] Booting worker with pid: 286
[2026-03-16 17:20:44 +0000] [281] [INFO] Started server process [281]
[2026-03-16 17:20:44 +0000] [281] [INFO] Waiting for application startup.
[2026-03-16 17:20:44 +0000] [281] [INFO] Application startup complete.
[2026-03-16 17:20:44 +0000] [288] [INFO] Booting worker with pid: 288
[2026-03-16 17:20:44 +0000] [289] [INFO] Booting worker with pid: 289
[2026-03-16 17:20:44 +0000] [283] [INFO] Started server process [283]
[2026-03-16 17:20:44 +0000] [283] [INFO] Waiting for application startup.
[2026-03-16 17:20:44 +0000] [283] [INFO] Application startup complete.
[2026-03-16 17:20:44 +0000] [291] [INFO] Booting worker with pid: 291
[2026-03-16 17:20:44 +0000] [284] [INFO] Started server process [284]
[2026-03-16 17:20:44 +0000] [284] [INFO] Waiting for application startup.
[2026-03-16 17:20:44 +0000] [284] [INFO] Application startup complete.
[2026-03-16 17:20:44 +0000] [293] [INFO] Booting worker with pid: 293
[2026-03-16 17:20:44 +0000] [286] [INFO] Started server process [286]
[2026-03-16 17:20:44 +0000] [286] [INFO] Waiting for application startup.
[2026-03-16 17:20:44 +0000] [286] [INFO] Application startup complete.
[2026-03-16 17:20:44 +0000] [295] [INFO] Booting worker with pid: 295
[2026-03-16 17:20:44 +0000] [296] [INFO] Booting worker with pid: 296
[2026-03-16 17:20:44 +0000] [288] [INFO] Started server process [288]
[2026-03-16 17:20:44 +0000] [288] [INFO] Waiting for application startup.
[2026-03-16 17:20:44 +0000] [288] [INFO] Application startup complete.
[2026-03-16 17:20:44 +0000] [299] [INFO] Booting worker with pid: 299
[2026-03-16 17:20:44 +0000] [289] [INFO] Started server process [289]
[2026-03-16 17:20:44 +0000] [289] [INFO] Waiting for application startup.
[2026-03-16 17:20:44 +0000] [289] [INFO] Application startup complete.
[2026-03-16 17:20:44 +0000] [300] [INFO] Booting worker with pid: 300
[2026-03-16 17:20:44 +0000] [291] [INFO] Started server process [291]
[2026-03-16 17:20:44 +0000] [291] [INFO] Waiting for application startup.
[2026-03-16 17:20:44 +0000] [291] [INFO] Application startup complete.
[2026-03-16 17:20:44 +0000] [303] [INFO] Booting worker with pid: 303
[2026-03-16 17:20:44 +0000] [293] [INFO] Started server process [293]
[2026-03-16 17:20:44 +0000] [293] [INFO] Waiting for application startup.
[2026-03-16 17:20:44 +0000] [293] [INFO] Application startup complete.
[2026-03-16 17:20:44 +0000] [304] [INFO] Booting worker with pid: 304
[2026-03-16 17:20:44 +0000] [295] [INFO] Started server process [295]
[2026-03-16 17:20:44 +0000] [295] [INFO] Waiting for application startup.
[2026-03-16 17:20:44 +0000] [295] [INFO] Application startup complete.
[2026-03-16 17:20:44 +0000] [296] [INFO] Started server process [296]
[2026-03-16 17:20:44 +0000] [296] [INFO] Waiting for application startup.
[2026-03-16 17:20:44 +0000] [296] [INFO] Application startup complete.
[2026-03-16 17:20:44 +0000] [308] [INFO] Booting worker with pid: 308
[2026-03-16 17:20:44 +0000] [299] [INFO] Started server process [299]
[2026-03-16 17:20:44 +0000] [299] [INFO] Waiting for application startup.
[2026-03-16 17:20:44 +0000] [299] [INFO] Application startup complete.
[2026-03-16 17:20:44 +0000] [310] [INFO] Booting worker with pid: 310
[2026-03-16 17:20:44 +0000] [300] [INFO] Started server process [300]
[2026-03-16 17:20:44 +0000] [300] [INFO] Waiting for application startup.
[2026-03-16 17:20:44 +0000] [300] [INFO] Application startup complete.
[2026-03-16 17:20:44 +0000] [311] [INFO] Booting worker with pid: 311
[2026-03-16 17:20:45 +0000] [303] [INFO] Started server process [303]
[2026-03-16 17:20:45 +0000] [303] [INFO] Waiting for application startup.
[2026-03-16 17:20:45 +0000] [303] [INFO] Application startup complete.
[2026-03-16 17:20:45 +0000] [304] [INFO] Started server process [304]
[2026-03-16 17:20:45 +0000] [304] [INFO] Waiting for application startup.
[2026-03-16 17:20:45 +0000] [304] [INFO] Application startup complete.
[2026-03-16 17:20:45 +0000] [314] [INFO] Booting worker with pid: 314
[2026-03-16 17:20:45 +0000] [316] [INFO] Booting worker with pid: 316
[2026-03-16 17:20:45 +0000] [308] [INFO] Started server process [308]
[2026-03-16 17:20:45 +0000] [308] [INFO] Waiting for application startup.
[2026-03-16 17:20:45 +0000] [308] [INFO] Application startup complete.
[2026-03-16 17:20:45 +0000] [310] [INFO] Started server process [310]
[2026-03-16 17:20:45 +0000] [310] [INFO] Waiting for application startup.
[2026-03-16 17:20:45 +0000] [310] [INFO] Application startup complete.
[2026-03-16 17:20:45 +0000] [318] [INFO] Booting worker with pid: 318
[2026-03-16 17:20:45 +0000] [311] [INFO] Started server process [311]
[2026-03-16 17:20:45 +0000] [311] [INFO] Waiting for application startup.
[2026-03-16 17:20:45 +0000] [311] [INFO] Application startup complete.
[2026-03-16 17:20:45 +0000] [320] [INFO] Booting worker with pid: 320
[2026-03-16 17:20:45 +0000] [314] [INFO] Started server process [314]
[2026-03-16 17:20:45 +0000] [314] [INFO] Waiting for application startup.
[2026-03-16 17:20:45 +0000] [314] [INFO] Application startup complete.
[2026-03-16 17:20:45 +0000] [322] [INFO] Booting worker with pid: 322
[2026-03-16 17:20:45 +0000] [316] [INFO] Started server process [316]
[2026-03-16 17:20:45 +0000] [316] [INFO] Waiting for application startup.
[2026-03-16 17:20:45 +0000] [316] [INFO] Application startup complete.
[2026-03-16 17:20:45 +0000] [325] [INFO] Booting worker with pid: 325
[2026-03-16 17:20:45 +0000] [318] [INFO] Started server process [318]
[2026-03-16 17:20:45 +0000] [318] [INFO] Waiting for application startup.
[2026-03-16 17:20:45 +0000] [318] [INFO] Application startup complete.
[2026-03-16 17:20:45 +0000] [327] [INFO] Booting worker with pid: 327
[2026-03-16 17:20:45 +0000] [320] [INFO] Started server process [320]
[2026-03-16 17:20:45 +0000] [320] [INFO] Waiting for application startup.
[2026-03-16 17:20:45 +0000] [320] [INFO] Application startup complete.
[2026-03-16 17:20:45 +0000] [328] [INFO] Booting worker with pid: 328
[2026-03-16 17:20:45 +0000] [329] [INFO] Booting worker with pid: 329
[2026-03-16 17:20:45 +0000] [322] [INFO] Started server process [322]
[2026-03-16 17:20:45 +0000] [322] [INFO] Waiting for application startup.
[2026-03-16 17:20:45 +0000] [322] [INFO] Application startup complete.
[2026-03-16 17:20:45 +0000] [331] [INFO] Booting worker with pid: 331
[2026-03-16 17:20:45 +0000] [325] [INFO] Started server process [325]
[2026-03-16 17:20:45 +0000] [325] [INFO] Waiting for application startup.
[2026-03-16 17:20:45 +0000] [325] [INFO] Application startup complete.
[2026-03-16 17:20:45 +0000] [333] [INFO] Booting worker with pid: 333
[2026-03-16 17:20:45 +0000] [334] [INFO] Booting worker with pid: 334
[2026-03-16 17:20:45 +0000] [335] [INFO] Booting worker with pid: 335
[2026-03-16 17:20:45 +0000] [336] [INFO] Booting worker with pid: 336
[2026-03-16 17:20:45 +0000] [328] [INFO] Started server process [328]
[2026-03-16 17:20:45 +0000] [328] [INFO] Waiting for application startup.
[2026-03-16 17:20:45 +0000] [328] [INFO] Application startup complete.
[2026-03-16 17:20:45 +0000] [329] [INFO] Started server process [329]
[2026-03-16 17:20:45 +0000] [329] [INFO] Waiting for application startup.
[2026-03-16 17:20:45 +0000] [329] [INFO] Application startup complete.
[2026-03-16 17:20:45 +0000] [327] [INFO] Started server process [327]
[2026-03-16 17:20:45 +0000] [327] [INFO] Waiting for application startup.
[2026-03-16 17:20:45 +0000] [327] [INFO] Application startup complete.
[2026-03-16 17:20:45 +0000] [340] [INFO] Booting worker with pid: 340
[2026-03-16 17:20:45 +0000] [331] [INFO] Started server process [331]
[2026-03-16 17:20:45 +0000] [331] [INFO] Waiting for application startup.
[2026-03-16 17:20:45 +0000] [331] [INFO] Application startup complete.
[2026-03-16 17:20:46 +0000] [342] [INFO] Booting worker with pid: 342
[2026-03-16 17:20:46 +0000] [343] [INFO] Booting worker with pid: 343
[2026-03-16 17:20:46 +0000] [344] [INFO] Booting worker with pid: 344
[2026-03-16 17:20:46 +0000] [345] [INFO] Booting worker with pid: 345
[2026-03-16 17:20:46 +0000] [334] [INFO] Started server process [334]
[2026-03-16 17:20:46 +0000] [334] [INFO] Waiting for application startup.
[2026-03-16 17:20:46 +0000] [334] [INFO] Application startup complete.
[2026-03-16 17:20:46 +0000] [347] [INFO] Booting worker with pid: 347
[2026-03-16 17:20:46 +0000] [348] [INFO] Booting worker with pid: 348
[2026-03-16 17:20:46 +0000] [333] [INFO] Started server process [333]
[2026-03-16 17:20:46 +0000] [333] [INFO] Waiting for application startup.
[2026-03-16 17:20:46 +0000] [333] [INFO] Application startup complete.
[2026-03-16 17:20:46 +0000] [336] [INFO] Started server process [336]
[2026-03-16 17:20:46 +0000] [336] [INFO] Waiting for application startup.
[2026-03-16 17:20:46 +0000] [336] [INFO] Application startup complete.
[2026-03-16 17:20:46 +0000] [352] [INFO] Booting worker with pid: 352
[2026-03-16 17:20:46 +0000] [335] [INFO] Started server process [335]
[2026-03-16 17:20:46 +0000] [335] [INFO] Waiting for application startup.
[2026-03-16 17:20:46 +0000] [335] [INFO] Application startup complete.
[2026-03-16 17:20:46 +0000] [353] [INFO] Booting worker with pid: 353
[2026-03-16 17:20:46 +0000] [354] [INFO] Booting worker with pid: 354
[2026-03-16 17:20:46 +0000] [340] [INFO] Started server process [340]
[2026-03-16 17:20:46 +0000] [340] [INFO] Waiting for application startup.
[2026-03-16 17:20:46 +0000] [340] [INFO] Application startup complete.
[2026-03-16 17:20:46 +0000] [342] [INFO] Started server process [342]
[2026-03-16 17:20:46 +0000] [342] [INFO] Waiting for application startup.
[2026-03-16 17:20:46 +0000] [342] [INFO] Application startup complete.
[2026-03-16 17:20:46 +0000] [357] [INFO] Booting worker with pid: 357
[2026-03-16 17:20:46 +0000] [358] [INFO] Booting worker with pid: 358
[2026-03-16 17:20:46 +0000] [359] [INFO] Booting worker with pid: 359
[2026-03-16 17:20:46 +0000] [343] [INFO] Started server process [343]
[2026-03-16 17:20:46 +0000] [343] [INFO] Waiting for application startup.
[2026-03-16 17:20:46 +0000] [343] [INFO] Application startup complete.
[2026-03-16 17:20:46 +0000] [361] [INFO] Booting worker with pid: 361
[2026-03-16 17:20:46 +0000] [362] [INFO] Booting worker with pid: 362
[2026-03-16 17:20:46 +0000] [347] [INFO] Started server process [347]
[2026-03-16 17:20:46 +0000] [347] [INFO] Waiting for application startup.
[2026-03-16 17:20:46 +0000] [347] [INFO] Application startup complete.
[2026-03-16 17:20:46 +0000] [364] [INFO] Booting worker with pid: 364
[2026-03-16 17:20:46 +0000] [365] [INFO] Booting worker with pid: 365
[2026-03-16 17:20:46 +0000] [344] [INFO] Started server process [344]
[2026-03-16 17:20:46 +0000] [344] [INFO] Waiting for application startup.
[2026-03-16 17:20:46 +0000] [344] [INFO] Application startup complete.
[2026-03-16 17:20:46 +0000] [367] [INFO] Booting worker with pid: 367
[2026-03-16 17:20:47 +0000] [368] [INFO] Booting worker with pid: 368
[2026-03-16 17:20:47 +0000] [369] [INFO] Booting worker with pid: 369
[2026-03-16 17:20:47 +0000] [372] [INFO] Booting worker with pid: 372
[2026-03-16 17:20:47 +0000] [352] [INFO] Started server process [352]
[2026-03-16 17:20:47 +0000] [352] [INFO] Waiting for application startup.
[2026-03-16 17:20:47 +0000] [352] [INFO] Application startup complete.
[2026-03-16 17:20:47 +0000] [357] [INFO] Started server process [357]
[2026-03-16 17:20:47 +0000] [357] [INFO] Waiting for application startup.
[2026-03-16 17:20:47 +0000] [357] [INFO] Application startup complete.
[2026-03-16 17:20:47 +0000] [358] [INFO] Started server process [358]
[2026-03-16 17:20:47 +0000] [358] [INFO] Waiting for application startup.
[2026-03-16 17:20:47 +0000] [358] [INFO] Application startup complete.
[2026-03-16 17:20:47 +0000] [375] [INFO] Booting worker with pid: 375
[2026-03-16 17:20:47 +0000] [353] [INFO] Started server process [353]
[2026-03-16 17:20:47 +0000] [353] [INFO] Waiting for application startup.
[2026-03-16 17:20:47 +0000] [353] [INFO] Application startup complete.
[2026-03-16 17:20:47 +0000] [379] [INFO] Booting worker with pid: 379
[2026-03-16 17:20:47 +0000] [348] [INFO] Started server process [348]
[2026-03-16 17:20:47 +0000] [348] [INFO] Waiting for application startup.
[2026-03-16 17:20:47 +0000] [348] [INFO] Application startup complete.
[2026-03-16 17:20:47 +0000] [361] [INFO] Started server process [361]
[2026-03-16 17:20:47 +0000] [361] [INFO] Waiting for application startup.
[2026-03-16 17:20:47 +0000] [361] [INFO] Application startup complete.
[2026-03-16 17:20:47 +0000] [354] [INFO] Started server process [354]
[2026-03-16 17:20:47 +0000] [354] [INFO] Waiting for application startup.
[2026-03-16 17:20:47 +0000] [354] [INFO] Application startup complete.
[2026-03-16 17:20:47 +0000] [380] [INFO] Booting worker with pid: 380
[2026-03-16 17:20:47 +0000] [381] [INFO] Booting worker with pid: 381
[2026-03-16 17:20:47 +0000] [383] [INFO] Booting worker with pid: 383
[2026-03-16 17:20:47 +0000] [364] [INFO] Started server process [364]
[2026-03-16 17:20:47 +0000] [364] [INFO] Waiting for application startup.
[2026-03-16 17:20:47 +0000] [364] [INFO] Application startup complete.
[2026-03-16 17:20:47 +0000] [385] [INFO] Booting worker with pid: 385
[2026-03-16 17:20:47 +0000] [345] [INFO] Started server process [345]
[2026-03-16 17:20:47 +0000] [345] [INFO] Waiting for application startup.
[2026-03-16 17:20:47 +0000] [345] [INFO] Application startup complete.
[2026-03-16 17:20:47 +0000] [386] [INFO] Booting worker with pid: 386
[2026-03-16 17:20:47 +0000] [390] [INFO] Booting worker with pid: 390
[2026-03-16 17:20:47 +0000] [372] [INFO] Started server process [372]
[2026-03-16 17:20:47 +0000] [372] [INFO] Waiting for application startup.
[2026-03-16 17:20:47 +0000] [372] [INFO] Application startup complete.
[2026-03-16 17:20:47 +0000] [367] [INFO] Started server process [367]
[2026-03-16 17:20:47 +0000] [375] [INFO] Started server process [375]
[2026-03-16 17:20:47 +0000] [375] [INFO] Waiting for application startup.
[2026-03-16 17:20:47 +0000] [367] [INFO] Waiting for application startup.
[2026-03-16 17:20:47 +0000] [375] [INFO] Application startup complete.
[2026-03-16 17:20:47 +0000] [367] [INFO] Application startup complete.
[2026-03-16 17:20:47 +0000] [362] [INFO] Started server process [362]
[2026-03-16 17:20:47 +0000] [362] [INFO] Waiting for application startup.
[2026-03-16 17:20:47 +0000] [362] [INFO] Application startup complete.
[2026-03-16 17:20:47 +0000] [392] [INFO] Booting worker with pid: 392
[2026-03-16 17:20:47 +0000] [393] [INFO] Booting worker with pid: 393
[2026-03-16 17:20:47 +0000] [394] [INFO] Booting worker with pid: 394
[2026-03-16 17:20:47 +0000] [359] [INFO] Started server process [359]
[2026-03-16 17:20:47 +0000] [359] [INFO] Waiting for application startup.
[2026-03-16 17:20:47 +0000] [359] [INFO] Application startup complete.
[2026-03-16 17:20:47 +0000] [398] [INFO] Booting worker with pid: 398
[2026-03-16 17:20:48 +0000] [368] [INFO] Started server process [368]
[2026-03-16 17:20:48 +0000] [368] [INFO] Waiting for application startup.
[2026-03-16 17:20:48 +0000] [368] [INFO] Application startup complete.
[2026-03-16 17:20:48 +0000] [400] [INFO] Booting worker with pid: 400
[2026-03-16 17:20:48 +0000] [385] [INFO] Started server process [385]
[2026-03-16 17:20:48 +0000] [385] [INFO] Waiting for application startup.
[2026-03-16 17:20:48 +0000] [385] [INFO] Application startup complete.
[2026-03-16 17:20:48 +0000] [369] [INFO] Started server process [369]
[2026-03-16 17:20:48 +0000] [369] [INFO] Waiting for application startup.
[2026-03-16 17:20:48 +0000] [369] [INFO] Application startup complete.
[2026-03-16 17:20:48 +0000] [380] [INFO] Started server process [380]
[2026-03-16 17:20:48 +0000] [380] [INFO] Waiting for application startup.
[2026-03-16 17:20:48 +0000] [380] [INFO] Application startup complete.
[2026-03-16 17:20:48 +0000] [402] [INFO] Booting worker with pid: 402
[2026-03-16 17:20:48 +0000] [403] [INFO] Booting worker with pid: 403
[2026-03-16 17:20:48 +0000] [383] [INFO] Started server process [383]
[2026-03-16 17:20:48 +0000] [383] [INFO] Waiting for application startup.
[2026-03-16 17:20:48 +0000] [383] [INFO] Application startup complete.
[2026-03-16 17:20:48 +0000] [381] [INFO] Started server process [381]
[2026-03-16 17:20:48 +0000] [381] [INFO] Waiting for application startup.
[2026-03-16 17:20:48 +0000] [381] [INFO] Application startup complete.
[2026-03-16 17:20:48 +0000] [406] [INFO] Booting worker with pid: 406
[2026-03-16 17:20:48 +0000] [407] [INFO] Booting worker with pid: 407
[2026-03-16 17:20:48 +0000] [390] [INFO] Started server process [390]
[2026-03-16 17:20:48 +0000] [390] [INFO] Waiting for application startup.
[2026-03-16 17:20:48 +0000] [390] [INFO] Application startup complete.
[2026-03-16 17:20:48 +0000] [409] [INFO] Booting worker with pid: 409
[2026-03-16 17:20:48 +0000] [410] [INFO] Booting worker with pid: 410
[2026-03-16 17:20:48 +0000] [386] [INFO] Started server process [386]
[2026-03-16 17:20:48 +0000] [414] [INFO] Booting worker with pid: 414
[2026-03-16 17:20:48 +0000] [386] [INFO] Waiting for application startup.
[2026-03-16 17:20:48 +0000] [386] [INFO] Application startup complete.
[2026-03-16 17:20:48 +0000] [392] [INFO] Started server process [392]
[2026-03-16 17:20:48 +0000] [392] [INFO] Waiting for application startup.
[2026-03-16 17:20:48 +0000] [392] [INFO] Application startup complete.
[2026-03-16 17:20:48 +0000] [379] [INFO] Started server process [379]
[2026-03-16 17:20:48 +0000] [379] [INFO] Waiting for application startup.
[2026-03-16 17:20:48 +0000] [379] [INFO] Application startup complete.
[2026-03-16 17:20:48 +0000] [415] [INFO] Booting worker with pid: 415
[2026-03-16 17:20:48 +0000] [400] [INFO] Started server process [400]
[2026-03-16 17:20:48 +0000] [400] [INFO] Waiting for application startup.
[2026-03-16 17:20:48 +0000] [400] [INFO] Application startup complete.
[2026-03-16 17:20:48 +0000] [418] [INFO] Booting worker with pid: 418
[2026-03-16 17:20:48 +0000] [394] [INFO] Started server process [394]
[2026-03-16 17:20:48 +0000] [394] [INFO] Waiting for application startup.
[2026-03-16 17:20:48 +0000] [394] [INFO] Application startup complete.
[2026-03-16 17:20:48 +0000] [419] [INFO] Booting worker with pid: 419
[2026-03-16 17:20:48 +0000] [421] [INFO] Booting worker with pid: 421
[2026-03-16 17:20:48 +0000] [403] [INFO] Started server process [403]
[2026-03-16 17:20:48 +0000] [403] [INFO] Waiting for application startup.
[2026-03-16 17:20:48 +0000] [403] [INFO] Application startup complete.
[2026-03-16 17:20:48 +0000] [423] [INFO] Booting worker with pid: 423
[2026-03-16 17:20:48 +0000] [365] [INFO] Started server process [365]
[2026-03-16 17:20:48 +0000] [365] [INFO] Waiting for application startup.
[2026-03-16 17:20:48 +0000] [424] [INFO] Booting worker with pid: 424
[2026-03-16 17:20:48 +0000] [365] [INFO] Application startup complete.
[2026-03-16 17:20:48 +0000] [393] [INFO] Started server process [393]
[2026-03-16 17:20:48 +0000] [393] [INFO] Waiting for application startup.
[2026-03-16 17:20:48 +0000] [393] [INFO] Application startup complete.
[2026-03-16 17:20:48 +0000] [426] [INFO] Booting worker with pid: 426
[2026-03-16 17:20:48 +0000] [410] [INFO] Started server process [410]
[2026-03-16 17:20:48 +0000] [410] [INFO] Waiting for application startup.
[2026-03-16 17:20:48 +0000] [410] [INFO] Application startup complete.
[2026-03-16 17:20:48 +0000] [428] [INFO] Booting worker with pid: 428
[2026-03-16 17:20:48 +0000] [429] [INFO] Booting worker with pid: 429
[2026-03-16 17:20:49 +0000] [402] [INFO] Started server process [402]
[2026-03-16 17:20:49 +0000] [402] [INFO] Waiting for application startup.
[2026-03-16 17:20:49 +0000] [402] [INFO] Application startup complete.
[2026-03-16 17:20:49 +0000] [406] [INFO] Started server process [406]
[2026-03-16 17:20:49 +0000] [406] [INFO] Waiting for application startup.
[2026-03-16 17:20:49 +0000] [406] [INFO] Application startup complete.
[2026-03-16 17:20:49 +0000] [432] [INFO] Booting worker with pid: 432
[2026-03-16 17:20:49 +0000] [434] [INFO] Booting worker with pid: 434
[2026-03-16 17:20:49 +0000] [436] [INFO] Booting worker with pid: 436
[2026-03-16 17:20:49 +0000] [409] [INFO] Started server process [409]
[2026-03-16 17:20:49 +0000] [409] [INFO] Waiting for application startup.
[2026-03-16 17:20:49 +0000] [409] [INFO] Application startup complete.
[2026-03-16 17:20:49 +0000] [398] [INFO] Started server process [398]
[2026-03-16 17:20:49 +0000] [398] [INFO] Waiting for application startup.
[2026-03-16 17:20:49 +0000] [398] [INFO] Application startup complete.
[2026-03-16 17:20:49 +0000] [438] [INFO] Booting worker with pid: 438
[2026-03-16 17:20:49 +0000] [418] [INFO] Started server process [418]
[2026-03-16 17:20:49 +0000] [418] [INFO] Waiting for application startup.
[2026-03-16 17:20:49 +0000] [418] [INFO] Application startup complete.
[2026-03-16 17:20:49 +0000] [439] [INFO] Booting worker with pid: 439
[2026-03-16 17:20:49 +0000] [441] [INFO] Booting worker with pid: 441
[2026-03-16 17:20:49 +0000] [414] [INFO] Started server process [414]
[2026-03-16 17:20:49 +0000] [414] [INFO] Waiting for application startup.
[2026-03-16 17:20:49 +0000] [414] [INFO] Application startup complete.
[2026-03-16 17:20:49 +0000] [442] [INFO] Booting worker with pid: 442
[2026-03-16 17:20:49 +0000] [419] [INFO] Started server process [419]
[2026-03-16 17:20:49 +0000] [419] [INFO] Waiting for application startup.
[2026-03-16 17:20:49 +0000] [419] [INFO] Application startup complete.
[2026-03-16 17:20:49 +0000] [444] [INFO] Booting worker with pid: 444
[2026-03-16 17:20:49 +0000] [446] [INFO] Booting worker with pid: 446
[2026-03-16 17:20:49 +0000] [421] [INFO] Started server process [421]
[2026-03-16 17:20:49 +0000] [421] [INFO] Waiting for application startup.
[2026-03-16 17:20:49 +0000] [421] [INFO] Application startup complete.
[2026-03-16 17:20:49 +0000] [449] [INFO] Booting worker with pid: 449
[2026-03-16 17:20:49 +0000] [407] [INFO] Started server process [407]
[2026-03-16 17:20:49 +0000] [407] [INFO] Waiting for application startup.
[2026-03-16 17:20:49 +0000] [407] [INFO] Application startup complete.
[2026-03-16 17:20:49 +0000] [423] [INFO] Started server process [423]
[2026-03-16 17:20:49 +0000] [423] [INFO] Waiting for application startup.
[2026-03-16 17:20:49 +0000] [423] [INFO] Application startup complete.
[2026-03-16 17:20:49 +0000] [450] [INFO] Booting worker with pid: 450
[2026-03-16 17:20:49 +0000] [452] [INFO] Booting worker with pid: 452
[2026-03-16 17:20:49 +0000] [429] [INFO] Started server process [429]
[2026-03-16 17:20:49 +0000] [429] [INFO] Waiting for application startup.
[2026-03-16 17:20:49 +0000] [429] [INFO] Application startup complete.
[2026-03-16 17:20:49 +0000] [453] [INFO] Booting worker with pid: 453
[2026-03-16 17:20:49 +0000] [454] [INFO] Booting worker with pid: 454
[2026-03-16 17:20:49 +0000] [432] [INFO] Started server process [432]
[2026-03-16 17:20:49 +0000] [432] [INFO] Waiting for application startup.
[2026-03-16 17:20:49 +0000] [432] [INFO] Application startup complete.
[2026-03-16 17:20:49 +0000] [459] [INFO] Booting worker with pid: 459
[2026-03-16 17:20:49 +0000] [434] [INFO] Started server process [434]
[2026-03-16 17:20:50 +0000] [434] [INFO] Waiting for application startup.
[2026-03-16 17:20:50 +0000] [434] [INFO] Application startup complete.
[2026-03-16 17:20:50 +0000] [460] [INFO] Booting worker with pid: 460
[2026-03-16 17:20:50 +0000] [436] [INFO] Started server process [436]
[2026-03-16 17:20:50 +0000] [436] [INFO] Waiting for application startup.
[2026-03-16 17:20:50 +0000] [436] [INFO] Application startup complete.
[2026-03-16 17:20:50 +0000] [441] [INFO] Started server process [441]
[2026-03-16 17:20:50 +0000] [441] [INFO] Waiting for application startup.
[2026-03-16 17:20:50 +0000] [441] [INFO] Application startup complete.
[2026-03-16 17:20:50 +0000] [415] [INFO] Started server process [415]
[2026-03-16 17:20:50 +0000] [415] [INFO] Waiting for application startup.
[2026-03-16 17:20:50 +0000] [415] [INFO] Application startup complete.
[2026-03-16 17:20:50 +0000] [463] [INFO] Booting worker with pid: 463
[2026-03-16 17:20:50 +0000] [465] [INFO] Booting worker with pid: 465
[2026-03-16 17:20:50 +0000] [439] [INFO] Started server process [439]
[2026-03-16 17:20:50 +0000] [439] [INFO] Waiting for application startup.
[2026-03-16 17:20:50 +0000] [439] [INFO] Application startup complete.
[2026-03-16 17:20:50 +0000] [426] [INFO] Started server process [426]
[2026-03-16 17:20:50 +0000] [426] [INFO] Waiting for application startup.
[2026-03-16 17:20:50 +0000] [426] [INFO] Application startup complete.
[2026-03-16 17:20:50 +0000] [468] [INFO] Booting worker with pid: 468
[2026-03-16 17:20:50 +0000] [438] [INFO] Started server process [438]
[2026-03-16 17:20:50 +0000] [438] [INFO] Waiting for application startup.
[2026-03-16 17:20:50 +0000] [438] [INFO] Application startup complete.
[2026-03-16 17:20:50 +0000] [446] [INFO] Started server process [446]
[2026-03-16 17:20:50 +0000] [446] [INFO] Waiting for application startup.
[2026-03-16 17:20:50 +0000] [446] [INFO] Application startup complete.
[2026-03-16 17:20:50 +0000] [450] [INFO] Started server process [450]
[2026-03-16 17:20:50 +0000] [450] [INFO] Waiting for application startup.
[2026-03-16 17:20:50 +0000] [450] [INFO] Application startup complete.
[2026-03-16 17:20:50 +0000] [449] [INFO] Started server process [449]
[2026-03-16 17:20:50 +0000] [449] [INFO] Waiting for application startup.
[2026-03-16 17:20:50 +0000] [449] [INFO] Application startup complete.
[2026-03-16 17:20:50 +0000] [472] [INFO] Booting worker with pid: 472
[2026-03-16 17:20:50 +0000] [424] [INFO] Started server process [424]
[2026-03-16 17:20:50 +0000] [424] [INFO] Waiting for application startup.
[2026-03-16 17:20:50 +0000] [424] [INFO] Application startup complete.
[2026-03-16 17:20:50 +0000] [475] [INFO] Booting worker with pid: 475
[2026-03-16 17:20:50 +0000] [476] [INFO] Booting worker with pid: 476
[2026-03-16 17:20:50 +0000] [444] [INFO] Started server process [444]
[2026-03-16 17:20:50 +0000] [444] [INFO] Waiting for application startup.
[2026-03-16 17:20:50 +0000] [444] [INFO] Application startup complete.
[2026-03-16 17:20:50 +0000] [442] [INFO] Started server process [442]
[2026-03-16 17:20:50 +0000] [442] [INFO] Waiting for application startup.
[2026-03-16 17:20:50 +0000] [442] [INFO] Application startup complete.
[2026-03-16 17:20:50 +0000] [479] [INFO] Booting worker with pid: 479
[2026-03-16 17:20:50 +0000] [452] [INFO] Started server process [452]
[2026-03-16 17:20:50 +0000] [452] [INFO] Waiting for application startup.
[2026-03-16 17:20:50 +0000] [452] [INFO] Application startup complete.
[2026-03-16 17:20:50 +0000] [453] [INFO] Started server process [453]
[2026-03-16 17:20:50 +0000] [453] [INFO] Waiting for application startup.
[2026-03-16 17:20:50 +0000] [453] [INFO] Application startup complete.
[2026-03-16 17:20:50 +0000] [480] [INFO] Booting worker with pid: 480
[2026-03-16 17:20:50 +0000] [428] [INFO] Started server process [428]
[2026-03-16 17:20:50 +0000] [428] [INFO] Waiting for application startup.
[2026-03-16 17:20:50 +0000] [428] [INFO] Application startup complete.
[2026-03-16 17:20:50 +0000] [482] [INFO] Booting worker with pid: 482
[2026-03-16 17:20:50 +0000] [463] [INFO] Started server process [463]
[2026-03-16 17:20:50 +0000] [463] [INFO] Waiting for application startup.
[2026-03-16 17:20:50 +0000] [463] [INFO] Application startup complete.
[2026-03-16 17:20:50 +0000] [460] [INFO] Started server process [460]
[2026-03-16 17:20:50 +0000] [460] [INFO] Waiting for application startup.
[2026-03-16 17:20:50 +0000] [460] [INFO] Application startup complete.
[2026-03-16 17:20:50 +0000] [454] [INFO] Started server process [454]
[2026-03-16 17:20:50 +0000] [454] [INFO] Waiting for application startup.
[2026-03-16 17:20:50 +0000] [454] [INFO] Application startup complete.
[2026-03-16 17:20:50 +0000] [487] [INFO] Booting worker with pid: 487
[2026-03-16 17:20:50 +0000] [459] [INFO] Started server process [459]
[2026-03-16 17:20:50 +0000] [459] [INFO] Waiting for application startup.
[2026-03-16 17:20:50 +0000] [459] [INFO] Application startup complete.
[2026-03-16 17:20:50 +0000] [465] [INFO] Started server process [465]
[2026-03-16 17:20:50 +0000] [465] [INFO] Waiting for application startup.
[2026-03-16 17:20:50 +0000] [465] [INFO] Application startup complete.
[2026-03-16 17:20:50 +0000] [489] [INFO] Booting worker with pid: 489
[2026-03-16 17:20:50 +0000] [468] [INFO] Started server process [468]
[2026-03-16 17:20:50 +0000] [468] [INFO] Waiting for application startup.
[2026-03-16 17:20:50 +0000] [468] [INFO] Application startup complete.
[2026-03-16 17:20:50 +0000] [472] [INFO] Started server process [472]
[2026-03-16 17:20:50 +0000] [472] [INFO] Waiting for application startup.
[2026-03-16 17:20:50 +0000] [472] [INFO] Application startup complete.
[2026-03-16 17:20:50 +0000] [494] [INFO] Booting worker with pid: 494
[2026-03-16 17:20:50 +0000] [475] [INFO] Started server process [475]
[2026-03-16 17:20:50 +0000] [475] [INFO] Waiting for application startup.
[2026-03-16 17:20:50 +0000] [475] [INFO] Application startup complete.
[2026-03-16 17:20:50 +0000] [476] [INFO] Started server process [476]
[2026-03-16 17:20:50 +0000] [476] [INFO] Waiting for application startup.
[2026-03-16 17:20:50 +0000] [476] [INFO] Application startup complete.
[2026-03-16 17:20:50 +0000] [495] [INFO] Booting worker with pid: 495
[2026-03-16 17:20:50 +0000] [479] [INFO] Started server process [479]
[2026-03-16 17:20:50 +0000] [479] [INFO] Waiting for application startup.
[2026-03-16 17:20:50 +0000] [479] [INFO] Application startup complete.
[2026-03-16 17:20:50 +0000] [480] [INFO] Started server process [480]
[2026-03-16 17:20:50 +0000] [480] [INFO] Waiting for application startup.
[2026-03-16 17:20:50 +0000] [480] [INFO] Application startup complete.
[2026-03-16 17:20:50 +0000] [482] [INFO] Started server process [482]
[2026-03-16 17:20:50 +0000] [482] [INFO] Waiting for application startup.
[2026-03-16 17:20:50 +0000] [482] [INFO] Application startup complete.
[2026-03-16 17:20:50 +0000] [499] [INFO] Booting worker with pid: 499
[2026-03-16 17:20:50 +0000] [487] [INFO] Started server process [487]
[2026-03-16 17:20:50 +0000] [487] [INFO] Waiting for application startup.
[2026-03-16 17:20:50 +0000] [487] [INFO] Application startup complete.
[2026-03-16 17:20:50 +0000] [489] [INFO] Started server process [489]
[2026-03-16 17:20:50 +0000] [489] [INFO] Waiting for application startup.
[2026-03-16 17:20:50 +0000] [489] [INFO] Application startup complete.
[2026-03-16 17:20:50 +0000] [502] [INFO] Booting worker with pid: 502
[2026-03-16 17:20:50 +0000] [503] [INFO] Booting worker with pid: 503
[2026-03-16 17:20:50 +0000] [504] [INFO] Booting worker with pid: 504
[2026-03-16 17:20:51 +0000] [494] [INFO] Started server process [494]
[2026-03-16 17:20:51 +0000] [494] [INFO] Waiting for application startup.
[2026-03-16 17:20:51 +0000] [494] [INFO] Application startup complete.
[2026-03-16 17:20:51 +0000] [495] [INFO] Started server process [495]
[2026-03-16 17:20:51 +0000] [495] [INFO] Waiting for application startup.
[2026-03-16 17:20:51 +0000] [495] [INFO] Application startup complete.
[2026-03-16 17:20:51 +0000] [507] [INFO] Booting worker with pid: 507
[2026-03-16 17:20:51 +0000] [509] [INFO] Booting worker with pid: 509
[2026-03-16 17:20:51 +0000] [499] [INFO] Started server process [499]
[2026-03-16 17:20:51 +0000] [499] [INFO] Waiting for application startup.
[2026-03-16 17:20:51 +0000] [499] [INFO] Application startup complete.
[2026-03-16 17:20:51 +0000] [510] [INFO] Booting worker with pid: 510
[2026-03-16 17:20:51 +0000] [502] [INFO] Started server process [502]
[2026-03-16 17:20:51 +0000] [502] [INFO] Waiting for application startup.
[2026-03-16 17:20:51 +0000] [502] [INFO] Application startup complete.
[2026-03-16 17:20:51 +0000] [503] [INFO] Started server process [503]
[2026-03-16 17:20:51 +0000] [503] [INFO] Waiting for application startup.
[2026-03-16 17:20:51 +0000] [503] [INFO] Application startup complete.
[2026-03-16 17:20:51 +0000] [514] [INFO] Booting worker with pid: 514
[2026-03-16 17:20:51 +0000] [504] [INFO] Started server process [504]
[2026-03-16 17:20:51 +0000] [504] [INFO] Waiting for application startup.
[2026-03-16 17:20:51 +0000] [504] [INFO] Application startup complete.
[2026-03-16 17:20:51 +0000] [507] [INFO] Started server process [507]
[2026-03-16 17:20:51 +0000] [507] [INFO] Waiting for application startup.
[2026-03-16 17:20:51 +0000] [507] [INFO] Application startup complete.
[2026-03-16 17:20:51 +0000] [509] [INFO] Started server process [509]
[2026-03-16 17:20:51 +0000] [509] [INFO] Waiting for application startup.
[2026-03-16 17:20:51 +0000] [509] [INFO] Application startup complete.
[2026-03-16 17:20:51 +0000] [510] [INFO] Started server process [510]
[2026-03-16 17:20:51 +0000] [510] [INFO] Waiting for application startup.
[2026-03-16 17:20:51 +0000] [510] [INFO] Application startup complete.
[2026-03-16 17:20:51 +0000] [514] [INFO] Started server process [514]
[2026-03-16 17:20:51 +0000] [514] [INFO] Waiting for application startup.
[2026-03-16 17:20:51 +0000] [514] [INFO] Application startup complete.
