2026-03-16T16:18:50.937410Z   INFO - kemal: [production] Kemal is ready to lead at http://0.0.0.0:8080
2026-03-16T16:18:50.937431Z   INFO - kemal: [production] Kemal is ready to lead at http://0.0.0.0:8080
2026-03-16T16:18:50.937849Z   INFO - kemal: [production] Kemal is ready to lead at http://0.0.0.0:8080
2026-03-16T16:18:50.942902Z   INFO - kemal: [production] Kemal is ready to lead at http://0.0.0.0:8080
2026-03-16T16:18:50.943026Z   INFO - kemal: [production] Kemal is ready to lead at http://0.0.0.0:8080
2026-03-16T16:18:50.943973Z   INFO - kemal: [production] Kemal is ready to lead at http://0.0.0.0:8080
2026-03-16T16:18:50.944299Z   INFO - kemal: [production] Kemal is ready to lead at http://0.0.0.0:8080
2026-03-16T16:18:50.946043Z   INFO - kemal: [production] Kemal is ready to lead at http://0.0.0.0:8080
2026-03-16T16:18:50.946134Z   INFO - kemal: [production] Kemal is ready to lead at http://0.0.0.0:8080
2026-03-16T16:18:50.946251Z   INFO - kemal: [production] Kemal is ready to lead at http://0.0.0.0:8080
2026-03-16T16:18:50.946309Z   INFO - kemal: [production] Kemal is ready to lead at http://0.0.0.0:8080
2026-03-16T16:18:50.947539Z   INFO - kemal: [production] Kemal is ready to lead at http://0.0.0.0:8080
2026-03-16T16:18:50.947701Z   INFO - kemal: [production] Kemal is ready to lead at http://0.0.0.0:8080
2026-03-16T16:18:50.947828Z   INFO - kemal: [production] Kemal is ready to lead at http://0.0.0.0:8080
2026-03-16T16:18:50.948303Z   INFO - kemal: [production] Kemal is ready to lead at http://0.0.0.0:8080
2026-03-16T16:18:50.949272Z   INFO - kemal: [production] Kemal is ready to lead at http://0.0.0.0:8080
2026-03-16T16:18:50.950627Z   INFO - kemal: [production] Kemal is ready to lead at http://0.0.0.0:8080
2026-03-16T16:18:50.950845Z   INFO - kemal: [production] Kemal is ready to lead at http://0.0.0.0:8080
2026-03-16T16:18:50.950933Z   INFO - kemal: [production] Kemal is ready to lead at http://0.0.0.0:8080
2026-03-16T16:18:50.951013Z   INFO - kemal: [production] Kemal is ready to lead at http://0.0.0.0:8080
2026-03-16T16:18:50.951293Z   INFO - kemal: [production] Kemal is ready to lead at http://0.0.0.0:8080
2026-03-16T16:18:50.951373Z   INFO - kemal: [production] Kemal is ready to lead at http://0.0.0.0:8080
2026-03-16T16:18:50.951807Z   INFO - kemal: [production] Kemal is ready to lead at http://0.0.0.0:8080
2026-03-16T16:18:50.952067Z   INFO - kemal: [production] Kemal is ready to lead at http://0.0.0.0:8080
2026-03-16T16:18:50.952730Z   INFO - kemal: [production] Kemal is ready to lead at http://0.0.0.0:8080
2026-03-16T16:18:50.952730Z   INFO - kemal: [production] Kemal is ready to lead at http://0.0.0.0:8080
2026-03-16T16:18:50.953112Z   INFO - kemal: [production] Kemal is ready to lead at http://0.0.0.0:8080
2026-03-16T16:18:50.953224Z   INFO - kemal: [production] Kemal is ready to lead at http://0.0.0.0:8080
2026-03-16T16:18:50.953384Z   INFO - kemal: [production] Kemal is ready to lead at http://0.0.0.0:8080
2026-03-16T16:18:50.953613Z   INFO - kemal: [production] Kemal is ready to lead at http://0.0.0.0:8080
2026-03-16T16:18:50.954777Z   INFO - kemal: [production] Kemal is ready to lead at http://0.0.0.0:8080
2026-03-16T16:18:50.954821Z   INFO - kemal: [production] Kemal is ready to lead at http://0.0.0.0:8080
2026-03-16T16:18:50.955083Z   INFO - kemal: [production] Kemal is ready to lead at http://0.0.0.0:8080
2026-03-16T16:18:50.955121Z   INFO - kemal: [production] Kemal is ready to lead at http://0.0.0.0:8080
2026-03-16T16:18:50.955294Z   INFO - kemal: [production] Kemal is ready to lead at http://0.0.0.0:8080
2026-03-16T16:18:50.956263Z   INFO - kemal: [production] Kemal is ready to lead at http://0.0.0.0:8080
2026-03-16T16:18:50.956471Z   INFO - kemal: [production] Kemal is ready to lead at http://0.0.0.0:8080
2026-03-16T16:18:50.956716Z   INFO - kemal: [production] Kemal is ready to lead at http://0.0.0.0:8080
2026-03-16T16:18:50.956822Z   INFO - kemal: [production] Kemal is ready to lead at http://0.0.0.0:8080
2026-03-16T16:18:50.956829Z   INFO - kemal: [production] Kemal is ready to lead at http://0.0.0.0:8080
2026-03-16T16:18:50.956982Z   INFO - kemal: [production] Kemal is ready to lead at http://0.0.0.0:8080
2026-03-16T16:18:50.956987Z   INFO - kemal: [production] Kemal is ready to lead at http://0.0.0.0:8080
2026-03-16T16:18:50.957770Z   INFO - kemal: [production] Kemal is ready to lead at http://0.0.0.0:8080
2026-03-16T16:18:50.957985Z   INFO - kemal: [production] Kemal is ready to lead at http://0.0.0.0:8080
2026-03-16T16:18:50.958456Z   INFO - kemal: [production] Kemal is ready to lead at http://0.0.0.0:8080
2026-03-16T16:18:50.958760Z   INFO - kemal: [production] Kemal is ready to lead at http://0.0.0.0:8080
2026-03-16T16:18:50.959135Z   INFO - kemal: [production] Kemal is ready to lead at http://0.0.0.0:8080
2026-03-16T16:18:50.959351Z   INFO - kemal: [production] Kemal is ready to lead at http://0.0.0.0:8080
2026-03-16T16:18:50.959479Z   INFO - kemal: [production] Kemal is ready to lead at http://0.0.0.0:8080
2026-03-16T16:18:50.959799Z   INFO - kemal: [production] Kemal is ready to lead at http://0.0.0.0:8080
2026-03-16T16:18:50.960508Z   INFO - kemal: [production] Kemal is ready to lead at http://0.0.0.0:8080
2026-03-16T16:18:50.961064Z   INFO - kemal: [production] Kemal is ready to lead at http://0.0.0.0:8080
2026-03-16T16:18:50.962058Z   INFO - kemal: [production] Kemal is ready to lead at http://0.0.0.0:8080
2026-03-16T16:18:50.962642Z   INFO - kemal: [production] Kemal is ready to lead at http://0.0.0.0:8080
2026-03-16T16:18:50.962739Z   INFO - kemal: [production] Kemal is ready to lead at http://0.0.0.0:8080
2026-03-16T16:18:50.962727Z   INFO - kemal: [production] Kemal is ready to lead at http://0.0.0.0:8080
2026-03-16T16:18:50.962762Z   INFO - kemal: [production] Kemal is ready to lead at http://0.0.0.0:8080
2026-03-16T16:18:50.962829Z   INFO - kemal: [production] Kemal is ready to lead at http://0.0.0.0:8080
2026-03-16T16:18:50.962914Z   INFO - kemal: [production] Kemal is ready to lead at http://0.0.0.0:8080
2026-03-16T16:18:50.962990Z   INFO - kemal: [production] Kemal is ready to lead at http://0.0.0.0:8080
2026-03-16T16:18:50.963044Z   INFO - kemal: [production] Kemal is ready to lead at http://0.0.0.0:8080
2026-03-16T16:18:50.963006Z   INFO - kemal: [production] Kemal is ready to lead at http://0.0.0.0:8080
2026-03-16T16:18:50.963453Z   INFO - kemal: [production] Kemal is ready to lead at http://0.0.0.0:8080
2026-03-16T16:18:50.963483Z   INFO - kemal: [production] Kemal is ready to lead at http://0.0.0.0:8080
2026-03-16T16:18:50.963566Z   INFO - kemal: [production] Kemal is ready to lead at http://0.0.0.0:8080
2026-03-16T16:18:50.964066Z   INFO - kemal: [production] Kemal is ready to lead at http://0.0.0.0:8080
2026-03-16T16:18:50.964141Z   INFO - kemal: [production] Kemal is ready to lead at http://0.0.0.0:8080
2026-03-16T16:18:50.964262Z   INFO - kemal: [production] Kemal is ready to lead at http://0.0.0.0:8080
2026-03-16T16:18:50.964320Z   INFO - kemal: [production] Kemal is ready to lead at http://0.0.0.0:8080
2026-03-16T16:18:50.964383Z   INFO - kemal: [production] Kemal is ready to lead at http://0.0.0.0:8080
2026-03-16T16:18:50.964408Z   INFO - kemal: [production] Kemal is ready to lead at http://0.0.0.0:8080
2026-03-16T16:18:50.964466Z   INFO - kemal: [production] Kemal is ready to lead at http://0.0.0.0:8080
2026-03-16T16:18:50.964539Z   INFO - kemal: [production] Kemal is ready to lead at http://0.0.0.0:8080
2026-03-16T16:18:50.964544Z   INFO - kemal: [production] Kemal is ready to lead at http://0.0.0.0:8080
2026-03-16T16:18:50.964648Z   INFO - kemal: [production] Kemal is ready to lead at http://0.0.0.0:8080
2026-03-16T16:18:50.964717Z   INFO - kemal: [production] Kemal is ready to lead at http://0.0.0.0:8080
2026-03-16T16:18:50.964741Z   INFO - kemal: [production] Kemal is ready to lead at http://0.0.0.0:8080
2026-03-16T16:18:50.964904Z   INFO - kemal: [production] Kemal is ready to lead at http://0.0.0.0:8080
2026-03-16T16:18:50.965006Z   INFO - kemal: [production] Kemal is ready to lead at http://0.0.0.0:8080
2026-03-16T16:18:50.965403Z   INFO - kemal: [production] Kemal is ready to lead at http://0.0.0.0:8080
2026-03-16T16:18:50.965514Z   INFO - kemal: [production] Kemal is ready to lead at http://0.0.0.0:8080
2026-03-16T16:18:50.965773Z   INFO - kemal: [production] Kemal is ready to lead at http://0.0.0.0:8080
2026-03-16T16:18:50.965810Z   INFO - kemal: [production] Kemal is ready to lead at http://0.0.0.0:8080
2026-03-16T16:18:50.965839Z   INFO - kemal: [production] Kemal is ready to lead at http://0.0.0.0:8080
2026-03-16T16:18:50.965871Z   INFO - kemal: [production] Kemal is ready to lead at http://0.0.0.0:8080
2026-03-16T16:18:50.966029Z   INFO - kemal: [production] Kemal is ready to lead at http://0.0.0.0:8080
2026-03-16T16:18:50.966345Z   INFO - kemal: [production] Kemal is ready to lead at http://0.0.0.0:8080
2026-03-16T16:18:50.966492Z   INFO - kemal: [production] Kemal is ready to lead at http://0.0.0.0:8080
2026-03-16T16:18:50.966654Z   INFO - kemal: [production] Kemal is ready to lead at http://0.0.0.0:8080
2026-03-16T16:18:50.966809Z   INFO - kemal: [production] Kemal is ready to lead at http://0.0.0.0:8080
2026-03-16T16:18:50.966875Z   INFO - kemal: [production] Kemal is ready to lead at http://0.0.0.0:8080
2026-03-16T16:18:50.966884Z   INFO - kemal: [production] Kemal is ready to lead at http://0.0.0.0:8080
2026-03-16T16:18:50.967123Z   INFO - kemal: [production] Kemal is ready to lead at http://0.0.0.0:8080
2026-03-16T16:18:50.967203Z   INFO - kemal: [production] Kemal is ready to lead at http://0.0.0.0:8080
2026-03-16T16:18:50.967324Z   INFO - kemal: [production] Kemal is ready to lead at http://0.0.0.0:8080
2026-03-16T16:18:50.967359Z   INFO - kemal: [production] Kemal is ready to lead at http://0.0.0.0:8080
2026-03-16T16:18:50.967419Z   INFO - kemal: [production] Kemal is ready to lead at http://0.0.0.0:8080
2026-03-16T16:18:50.967443Z   INFO - kemal: [production] Kemal is ready to lead at http://0.0.0.0:8080
2026-03-16T16:18:50.967717Z   INFO - kemal: [production] Kemal is ready to lead at http://0.0.0.0:8080
2026-03-16T16:18:50.967747Z   INFO - kemal: [production] Kemal is ready to lead at http://0.0.0.0:8080
2026-03-16T16:18:50.967803Z   INFO - kemal: [production] Kemal is ready to lead at http://0.0.0.0:8080
2026-03-16T16:18:50.967844Z   INFO - kemal: [production] Kemal is ready to lead at http://0.0.0.0:8080
2026-03-16T16:18:50.967881Z   INFO - kemal: [production] Kemal is ready to lead at http://0.0.0.0:8080
2026-03-16T16:18:50.968003Z   INFO - kemal: [production] Kemal is ready to lead at http://0.0.0.0:8080
2026-03-16T16:18:50.968042Z   INFO - kemal: [production] Kemal is ready to lead at http://0.0.0.0:8080
2026-03-16T16:18:50.968064Z   INFO - kemal: [production] Kemal is ready to lead at http://0.0.0.0:8080
2026-03-16T16:18:50.968117Z   INFO - kemal: [production] Kemal is ready to lead at http://0.0.0.0:8080
2026-03-16T16:18:50.968208Z   INFO - kemal: [production] Kemal is ready to lead at http://0.0.0.0:8080
2026-03-16T16:18:50.968214Z   INFO - kemal: [production] Kemal is ready to lead at http://0.0.0.0:8080
2026-03-16T16:18:50.968216Z   INFO - kemal: [production] Kemal is ready to lead at http://0.0.0.0:8080
2026-03-16T16:18:50.968375Z   INFO - kemal: [production] Kemal is ready to lead at http://0.0.0.0:8080
2026-03-16T16:18:50.968385Z   INFO - kemal: [production] Kemal is ready to lead at http://0.0.0.0:8080
2026-03-16T16:18:50.968825Z   INFO - kemal: [production] Kemal is ready to lead at http://0.0.0.0:8080
2026-03-16T16:18:50.969373Z   INFO - kemal: [production] Kemal is ready to lead at http://0.0.0.0:8080
2026-03-16T16:18:50.969380Z   INFO - kemal: [production] Kemal is ready to lead at http://0.0.0.0:8080
2026-03-16T16:18:50.969703Z   INFO - kemal: [production] Kemal is ready to lead at http://0.0.0.0:8080
2026-03-16T16:18:50.969925Z   INFO - kemal: [production] Kemal is ready to lead at http://0.0.0.0:8080
2026-03-16T16:18:50.970295Z   INFO - kemal: [production] Kemal is ready to lead at http://0.0.0.0:8080
2026-03-16T16:18:50.970411Z   INFO - kemal: [production] Kemal is ready to lead at http://0.0.0.0:8080
2026-03-16T16:18:50.970424Z   INFO - kemal: [production] Kemal is ready to lead at http://0.0.0.0:8080
2026-03-16T16:18:50.970893Z   INFO - kemal: [production] Kemal is ready to lead at http://0.0.0.0:8080
2026-03-16T16:18:50.971452Z   INFO - kemal: [production] Kemal is ready to lead at http://0.0.0.0:8080
2026-03-16T16:18:50.971856Z   INFO - kemal: [production] Kemal is ready to lead at http://0.0.0.0:8080
2026-03-16T16:18:50.971905Z   INFO - kemal: [production] Kemal is ready to lead at http://0.0.0.0:8080
2026-03-16T16:18:50.972112Z   INFO - kemal: [production] Kemal is ready to lead at http://0.0.0.0:8080
2026-03-16T16:18:50.972235Z   INFO - kemal: [production] Kemal is ready to lead at http://0.0.0.0:8080
2026-03-16T16:18:50.972980Z   INFO - kemal: [production] Kemal is ready to lead at http://0.0.0.0:8080
2026-03-16T16:18:50.974608Z   INFO - kemal: [production] Kemal is ready to lead at http://0.0.0.0:8080
Unhandled exception in spawn: Error while flushing data to the client (HTTP::Server::ClientError)
  from /app/server in '??'
  from /app/server in '??'
Unhandled exception in spawn: Error while flushing data to the client (HTTP::Server::ClientError)
Unhandled exception in spawn: Error while flushing data to the client (HTTP::Server::ClientError)
Unhandled exception in spawn: Error while flushing data to the client (HTTP::Server::ClientError)
Unhandled exception in spawn: Error while flushing data to the client (HTTP::Server::ClientError)
  from /app/server in '??'
  from /app/server in '??'
  from /app/server in '??'
  from /app/server in '??'
  from ???
Caused by: Error writing to socket (#<TCPSocket:0x789842561980>): Connection reset by peer (IO::Error)
  from /app/server in '??'
  from /app/server in '??'
  from /app/server in '??'
  from /app/server in '??'
  from /app/server in '??'
  from /app/server in '??'
  from /app/server in '??'
  from ???
Unhandled exception in spawn: Error while flushing data to the client (HTTP::Server::ClientError)
  from /app/server in '??'
  from /app/server in '??'
  from /app/server in '??'
  from /app/server in '??'
  from /app/server in '??'
  from /app/server in '??'
  from ???
Caused by: Error writing to socket (#<TCPSocket:0x7d1308877130>): Connection reset by peer (IO::Error)
  from /app/server in '??'
  from /app/server in '??'
  from /app/server in '??'
  from /app/server in '??'
  from /app/server in '??'
  from /app/server in '??'
  from /app/server in '??'
  from ???
Unhandled exception in spawn: Error while flushing data to the client (HTTP::Server::ClientError)
  from /app/server in '??'
  from /app/server in '??'
  from /app/server in '??'
  from /app/server in '??'
  from /app/server in '??'
  from /app/server in '??'
  from ???
Caused by: Error writing to socket (#<TCPSocket:0x7d1308bff980>): Connection reset by peer (IO::Error)
  from /app/server in '??'
  from /app/server in '??'
  from /app/server in '??'
  from /app/server in '??'
  from /app/server in '??'
  from /app/server in '??'
  from /app/server in '??'
  from ???
Unhandled exception in spawn: Error while flushing data to the client (HTTP::Server::ClientError)
Unhandled exception in spawn: Error while flushing data to the client (HTTP::Server::ClientError)
  from /app/server in '??'
  from /app/server in '??'
  from /app/server in '??'
  from /app/server in '??'
  from /app/server in '??'
  from /app/server in '??'
  from ???
Caused by: Error writing to socket (#<TCPSocket:0x74cb3f12cbe0>): Connection reset by peer (IO::Error)
  from /app/server in '??'
  from /app/server in '??'
  from /app/server in '??'
  from /app/server in '??'
  from /app/server in '??'
  from /app/server in '??'
  from /app/server in '??'
  from ???
Unhandled exception in spawn: Error while flushing data to the client (HTTP::Server::ClientError)
  from /app/server in '??'
  from /app/server in '??'
  from /app/server in '??'
  from /app/server in '??'
  from /app/server in '??'
  from /app/server in '??'
  from /app/server in '??'
  from /app/server in '??'
  from ???
Caused by: Error writing to socket (#<TCPSocket:0x71cde31495f0>): Connection reset by peer (IO::Error)
  from /app/server in '??'
  from /app/server in '??'
  from /app/server in '??'
  from /app/server in '??'
  from /app/server in '??'
  from /app/server in '??'
  from /app/server in '??'
  from /app/server in '??'
  from ???
Unhandled exception in spawn: Error while flushing data to the client (HTTP::Server::ClientError)
Unhandled exception in spawn: Error while flushing data to the client (HTTP::Server::ClientError)
  from /app/server in '??'
  from /app/server in '??'
  from /app/server in '??'
  from ???
Caused by: Error writing to socket (#<TCPSocket:0x757e9e50c720>): Connection reset by peer (IO::Error)
  from /app/server in '??'
  from /app/server in '??'
  from /app/server in '??'
  from /app/server in '??'
  from /app/server in '??'
  from /app/server in '??'
  from /app/server in '??'
  from ???
  from /app/server in '??'
  from /app/server in '??'
  from /app/server in '??'
  from /app/server in '??'
  from /app/server in '??'
  from /app/server in '??'
  from ???
Caused by: Error writing to socket (#<TCPSocket:0x7661da86a980>): Connection reset by peer (IO::Error)
  from /app/server in '??'
  from /app/server in '??'
  from /app/server in '??'
  from /app/server in '??'
  from /app/server in '??'
  from /app/server in '??'
  from /app/server in '??'
  from ???
Unhandled exception in spawn: Error while flushing data to the client (HTTP::Server::ClientError)
  from /app/server in '??'
  from /app/server in '??'
  from /app/server in '??'
  from /app/server in '??'
  from /app/server in '??'
  from /app/server in '??'
  from ???
Caused by: Error writing to socket (#<TCPSocket:0x71d080c06980>): Connection reset by peer (IO::Error)
  from /app/server in '??'
  from /app/server in '??'
  from /app/server in '??'
  from /app/server in '??'
  from /app/server in '??'
  from /app/server in '??'
  from /app/server in '??'
  from ???
  from /app/server in '??'
  from /app/server in '??'
  from /app/server in '??'
  from /app/server in '??'
  from /app/server in '??'
  from /app/server in '??'
  from /app/server in '??'
  from ???
Caused by: Error writing to socket (#<TCPSocket:0x757e9e50c390>): Connection reset by peer (IO::Error)
  from /app/server in '??'
  from /app/server in '??'
  from /app/server in '??'
  from /app/server in '??'
  from /app/server in '??'
  from /app/server in '??'
  from /app/server in '??'
  from /app/server in '??'
  from /app/server in '??'
  from ???
  from /app/server in '??'
  from /app/server in '??'
  from /app/server in '??'
  from ???
Caused by: Error writing to socket (#<TCPSocket:0x7d53f97e7d10>): Connection reset by peer (IO::Error)
  from /app/server in '??'
  from /app/server in '??'
  from /app/server in '??'
  from /app/server in '??'
  from /app/server in '??'
  from /app/server in '??'
  from /app/server in '??'
  from ???
Unhandled exception in spawn: Error while flushing data to the client (HTTP::Server::ClientError)
  from /app/server in '??'
  from /app/server in '??'
  from /app/server in '??'
  from /app/server in '??'
  from /app/server in '??'
  from /app/server in '??'
  from ???
Caused by: Error writing to socket (#<TCPSocket:0x71cde3149000>): Connection reset by peer (IO::Error)
Unhandled exception in spawn: Error while flushing data to the client (HTTP::Server::ClientError)
  from /app/server in '??'
  from /app/server in '??'
  from /app/server in '??'
  from /app/server in '??'
  from /app/server in '??'
  from /app/server in '??'
  from /app/server in '??'
  from ???
  from /app/server in '??'
  from /app/server in '??'
  from /app/server in '??'
  from /app/server in '??'
  from /app/server in '??'
  from /app/server in '??'
  from ???
Caused by: Error writing to socket (#<TCPSocket:0x757e9e50c260>): Connection reset by peer (IO::Error)
Unhandled exception in spawn: Error while flushing data to the client (HTTP::Server::ClientError)
  from /app/server in '??'
  from /app/server in '??'
  from /app/server in '??'
  from /app/server in '??'
  from /app/server in '??'
  from /app/server in '??'
  from /app/server in '??'
  from /app/server in '??'
  from /app/server in '??'
  from /app/server in '??'
  from /app/server in '??'
  from /app/server in '??'
  from ???
  from /app/server in '??'
  from ???
Caused by: Error writing to socket (#<TCPSocket:0x7d53f97e7e40>): Connection reset by peer (IO::Error)
  from /app/server in '??'
  from /app/server in '??'
  from /app/server in '??'
  from /app/server in '??'
  from /app/server in '??'
  from /app/server in '??'
  from /app/server in '??'
  from ???
Unhandled exception in spawn: Error while flushing data to the client (HTTP::Server::ClientError)
  from /app/server in '??'
  from /app/server in '??'
  from /app/server in '??'
  from /app/server in '??'
  from /app/server in '??'
  from /app/server in '??'
  from ???
Caused by: Error writing to socket (#<TCPSocket:0x709bc38c3ab0>): Connection reset by peer (IO::Error)
  from /app/server in '??'
  from /app/server in '??'
  from /app/server in '??'
  from /app/server in '??'
  from /app/server in '??'
  from /app/server in '??'
  from /app/server in '??'
  from ???
  from /app/server in '??'
  from /app/server in '??'
  from /app/server in '??'
  from /app/server in '??'
  from /app/server in '??'
  from /app/server in '??'
  from ???
Caused by: Error writing to socket (#<TCPSocket:0x7d570cef8130>): Connection reset by peer (IO::Error)
  from /app/server in '??'
  from /app/server in '??'
  from /app/server in '??'
  from /app/server in '??'
  from /app/server in '??'
  from /app/server in '??'
  from /app/server in '??'
  from ???
  from /app/server in '??'
Unhandled exception in spawn: Error while flushing data to the client (HTTP::Server::ClientError)
  from /app/server in '??'
  from /app/server in '??'
  from /app/server in '??'
  from /app/server in '??'
  from /app/server in '??'
  from /app/server in '??'
  from ???
Caused by: Error writing to socket (#<TCPSocket:0x71cde3149390>): Connection reset by peer (IO::Error)
  from /app/server in '??'
  from /app/server in '??'
  from /app/server in '??'
  from /app/server in '??'
  from /app/server in '??'
  from /app/server in '??'
  from /app/server in '??'
  from ???
Unhandled exception in spawn: Error while flushing data to the client (HTTP::Server::ClientError)
  from /app/server in '??'
  from /app/server in '??'
  from /app/server in '??'
  from /app/server in '??'
  from /app/server in '??'
  from /app/server in '??'
  from ???
Caused by: Error writing to socket (#<TCPSocket:0x7b322b2be000>): Connection reset by peer (IO::Error)
  from /app/server in '??'
  from /app/server in '??'
  from /app/server in '??'
  from /app/server in '??'
  from /app/server in '??'
  from /app/server in '??'
  from ???
Caused by: Error writing to socket (#<TCPSocket:0x7d53f97e7720>): Connection reset by peer (IO::Error)
  from /app/server in '??'
  from /app/server in '??'
  from /app/server in '??'
  from /app/server in '??'
  from /app/server in '??'
  from /app/server in '??'
  from /app/server in '??'
  from /app/server in '??'
  from ???
  from /app/server in '??'
Unhandled exception in spawn: Error while flushing data to the client (HTTP::Server::ClientError)
  from /app/server in '??'
  from /app/server in '??'
  from /app/server in '??'
  from /app/server in '??'
  from ???
Unhandled exception in spawn: Error while flushing data to the client (HTTP::Server::ClientError)
  from /app/server in '??'
  from /app/server in '??'
  from /app/server in '??'
  from /app/server in '??'
  from /app/server in '??'
  from /app/server in '??'
  from ???
Caused by: Error writing to socket (#<TCPSocket:0x71cda359de40>): Connection reset by peer (IO::Error)
  from /app/server in '??'
  from /app/server in '??'
  from /app/server in '??'
  from /app/server in '??'
  from /app/server in '??'
  from /app/server in '??'
  from /app/server in '??'
  from ???
Unhandled exception in spawn: Error while flushing data to the client (HTTP::Server::ClientError)
Unhandled exception in spawn: Error while flushing data to the client (HTTP::Server::ClientError)
  from /app/server in '??'
  from /app/server in '??'
  from /app/server in '??'
  from /app/server in '??'
  from /app/server in '??'
  from /app/server in '??'
  from ???
Caused by: Error writing to socket (#<TCPSocket:0x7775308ae130>): Connection reset by peer (IO::Error)
  from /app/server in '??'
  from /app/server in '??'
  from /app/server in '??'
  from /app/server in '??'
  from /app/server in '??'
  from /app/server in '??'
  from /app/server in '??'
  from ???
Unhandled exception in spawn: Error while flushing data to the client (HTTP::Server::ClientError)
  from /app/server in '??'
  from /app/server in '??'
  from /app/server in '??'
  from /app/server in '??'
  from /app/server in '??'
  from /app/server in '??'
  from ???
Caused by: Error writing to socket (#<TCPSocket:0x7998b4e9b850>): Connection reset by peer (IO::Error)
  from /app/server in '??'
  from /app/server in '??'
  from /app/server in '??'
  from /app/server in '??'
  from /app/server in '??'
  from /app/server in '??'
  from /app/server in '??'
  from ???
  from /app/server in '??'
Unhandled exception in spawn: Error while flushing data to the client (HTTP::Server::ClientError  from /app/server in '??'
)
  from /app/server in '??'
  from /app/server in '??'
  from /app/server in '??'
  from /app/server in '??'
  from ???
Caused by: Error writing to socket (#<TCPSocket:0x71a15a073260>): Connection reset by peer (IO::Error)
  from /app/server in '??'
  from /app/server in '??'
  from /app/server in '??'
  from /app/server in '??'
  from /app/server in '??'
  from /app/server in '??'
  from ???
Caused by: Error writing to socket (#<TCPSocket:0x7d543c853390>): Connection reset by peer (IO::Error  from /app/server in '??'
)
  from /app/server in '??'
  from /app/server in '??'
  from /app/server in '??'
  from /app/server in '??'
  from /app/server in '??'
  from /app/server in '??'
  from ???
  from /app/server in '??'
  from /app/server in '??'
  from /app/server in '??'
  from /app/server in '??'
  from /app/server in '??'
  from /app/server in '??'
  from /app/server in '??'
  from ???
  from /app/server in '??'
  from /app/server in '??'
  from /app/server in '??'
  from /app/server in '??'
  from /app/server in '??'
  from /app/server in '??'
  from ???
Caused by: Error writing to socket (#<TCPSocket:0x7b9e2b7d6130>): Connection reset by peer (IO::Error)
  from /app/server in '??'
Unhandled exception in spawn: Error while flushing data to the client (HTTP::Server::ClientError  from /app/server in '??'
)
  from /app/server in '??'
  from /app/server in '??'
  from /app/server in '??'
  from /app/server in '??'
  from /app/server in '??'
  from ???
  from /app/server in '??'
  from /app/server in '??'
Unhandled exception in spawn: Error while flushing data to the client (HTTP::Server::ClientError  from /app/server in '??'
  from /app/server in '??'
)
  from /app/server in '??'
  from /app/server in '??'
  from ???
Caused by: Error writing to socket (#<TCPSocket:0x7d543c80e130>): Connection reset by peer (IO::Error)
  from /app/server in '??'
  from /app/server in '??'
  from /app/server in '??'
  from /app/server in '??'
  from /app/server in '??'
  from /app/server in '??'
  from /app/server in '??'
  from ???
Unhandled exception in spawn: Error while flushing data to the client (HTTP::Server::ClientError)
  from /app/server in '??'
  from /app/server in '??'
  from /app/server in '??'
  from /app/server in '??'
  from /app/server in '??'
  from /app/server in '??'
  from ???
Caused by: Error writing to socket (#<TCPSocket:0x7351a9cbc130>): Connection reset by peer (IO::Error)
  from /app/server in '??'
  from /app/server in '??'
  from /app/server in '??'
  from /app/server in '??'
  from /app/server in '??'
  from /app/server in '??'
  from /app/server in '??'
  from ???
Unhandled exception in spawn: Error while flushing data to the client (HTTP::Server::ClientError)
Unhandled exception in spawn: Error while flushing data to the client (HTTP::Server::ClientError)
Unhandled exception in spawn: Error while flushing data to the client (HTTP::Server::ClientError)
  from /app/server in '??'
  from /app/server in '??'
  from /app/server in '??'
  from /app/server in '??'
  from /app/server in '??'
  from /app/server in '??'
  from ???
Caused by: Error writing to socket (#<TCPSocket:0x70d921676850>): Connection reset by peer (IO::Error)
Unhandled exception in spawn: Error while flushing data to the client (HTTP::Server::ClientError)
  from /app/server in '??'
  from /app/server in '??'
  from /app/server in '??'
  from /app/server in '??'
  from /app/server in '??'
  from /app/server in '??'
  from /app/server in '??'
  from ???
  from /app/server in '??'
  from /app/server in '??'
  from /app/server in '??'
  from /app/server in '??'
  from /app/server in '??'
  from /app/server in '??'
  from ???
Caused by: Error writing to socket (#<TCPSocket:0x7dc834c5b260>): Connection reset by peer (IO::Error)
  from /app/server in '??'
  from /app/server in '??'
  from /app/server in '??'
  from /app/server in '??'
  from /app/server in '??'
  from /app/server in '??'
  from /app/server in '??'
  from ???
Unhandled exception in spawn: Error while flushing data to the client (HTTP::Server::ClientError)
  from /app/server in '??'
  from /app/server in '??'
  from /app/server in '??'
  from /app/server in '??'
  from /app/server in '??'
  from /app/server in '??'
  from ???
Caused by: Error writing to socket (#<TCPSocket:0x70d9216765f0>): Connection reset by peer (IO::Error)
Unhandled exception in spawn: Error while flushing data to the client (HTTP::Server::ClientError)
  from /app/server in '??'
  from /app/server in '??'
  from /app/server in '??'
  from /app/server in '??'
  from /app/server in '??'
  from /app/server in '??'
  from /app/server in '??'
  from /app/server in '??'
  from /app/server in '??'
  from ???
  from /app/server in '??'
  from /app/server in '??'
  from /app/server in '??'
  from /app/server in '??'
  from ???
Caused by: Error writing to socket (#<TCPSocket:0x7dc834c74e40>): Connection reset by peer (IO::Error)
  from /app/server in '??'
  from /app/server in '??'
  from /app/server in '??'
  from /app/server in '??'
  from /app/server in '??'
  from /app/server in '??'
  from /app/server in '??'
  from ???
Unhandled exception in spawn: Error while flushing data to the client (HTTP::Server::ClientError)
Unhandled exception in spawn: Error while flushing data to the client (HTTP::Server::ClientError)
  from /app/server in '??'
  from /app/server in '??'
  from /app/server in '??'
  from /app/server in '??'
  from /app/server in '??'
  from /app/server in '??'
  from ???
Caused by: Error writing to socket (#<TCPSocket:0x7ad3e85b04c0>): Connection reset by peer (IO::Error)
  from /app/server in '??'
  from /app/server in '??'
  from /app/server in '??'
  from /app/server in '??'
  from /app/server in '??'
  from /app/server in '??'
  from /app/server in '??'
  from ???
Unhandled exception in spawn: Error while flushing data to the client (HTTP::Server::ClientError)
  from /app/server in '??'
  from /app/server in '??'
  from /app/server in '??'
  from /app/server in '??'
  from /app/server in '??'
  from /app/server in '??'
  from ???
Caused by: Error writing to socket (#<TCPSocket:0x7987dd7fb000>): Connection reset by peer (IO::Error)
  from /app/server in '??'
  from /app/server in '??'
  from /app/server in '??'
  from /app/server in '??'
  from /app/server in '??'
  from /app/server in '??'
  from /app/server in '??'
  from ???
Unhandled exception in spawn: Error while flushing data to the client (HTTP::Server::ClientError)
  from /app/server in '??'
  from /app/server in '??'
  from /app/server in '??'
  from /app/server in '??'
  from /app/server in '??'
  from /app/server in '??'
  from ???
Caused by: Error writing to socket (#<TCPSocket:0x75b34e66a980>): Connection reset by peer (IO::Error)
  from /app/server in '??'
  from /app/server in '??'
  from /app/server in '??'
  from /app/server in '??'
  from /app/server in '??'
  from /app/server in '??'
  from /app/server in '??'
  from ???
Unhandled exception in spawn: Error while flushing data to the client (HTTP::Server::ClientError)
  from /app/server in '??'
  from /app/server in '??'
  from /app/server in '??'
  from /app/server in '??'
  from /app/server in '??'
  from /app/server in '??'
  from ???
Caused by: Error writing to socket (#<TCPSocket:0x7351a9c685f0>): Connection reset by peer (IO::Error)
  from /app/server in '??'
  from /app/server in '??'
  from /app/server in '??'
  from /app/server in '??'
  from /app/server in '??'
  from /app/server in '??'
  from /app/server in '??'
  from ???
  from /app/server in '??'
  from /app/server in '??'
  from /app/server in '??'
  from /app/server in '??'
  from /app/server in '??'
  from /app/server in '??'
  from ???
Caused by: Error writing to socket (#<TCPSocket:0x738dc949abe0>): Connection reset by peer (IO::Error)
  from /app/server in '??'
  from /app/server in '??'
  from /app/server in '??'
  from /app/server in '??'
  from /app/server in '??'
  from /app/server in '??'
  from /app/server in '??'
  from ???
  from /app/server in '??'
  from /app/server in '??'
  from /app/server in '??'
  from /app/server in '??'
  from /app/server in '??'
  from /app/server in '??'
  from ???
Caused by: Error writing to socket (#<TCPSocket:0x7287d7c42390>): Connection reset by peer (IO::Error)
  from /app/server in '??'
  from /app/server in '??'
  from /app/server in '??'
  from /app/server in '??'
  from /app/server in '??'
  from /app/server in '??'
  from /app/server in '??'
  from ???
  from /app/server in '??'
  from /app/server in '??'
  from /app/server in '??'
  from /app/server in '??'
  from /app/server in '??'
  from /app/server in '??'
  from ???
Caused by: Error writing to socket (#<TCPSocket:0x7feb5d837850>): Connection reset by peer (IO::Error)
  from /app/server in '??'
  from /app/server in '??'
  from /app/server in '??'
  from /app/server in '??'
  from /app/server in '??'
  from /app/server in '??'
  from /app/server in '??'
  from ???
Unhandled exception in spawn: Error while flushing data to the client (HTTP::Server::ClientError)
Unhandled exception in spawn: Error while flushing data to the client (HTTP::Server::ClientError)
  from /app/server in '??'
  from /app/server in '??'
  from /app/server in '??'
  from /app/server in '??'
  from /app/server in '??'
  from /app/server in '??'
  from /app/server in '??'
  from ???
  from /app/server in '??'
Caused by: Error writing to socket (#<TCPSocket:0x72470dc20d10>): Connection reset by peer (IO::Error  from /app/server in '??'
)
  from /app/server in '??'
  from /app/server in '??'
  from /app/server in '??'
  from ???
Caused by: Error writing to socket (#<TCPSocket:0x7dc834dff260>): Connection reset by peer (IO::Error)
  from /app/server in '??'
  from /app/server in '??'
  from /app/server in '??'
  from /app/server in '??'
  from /app/server in '??'
  from /app/server in '??'
  from /app/server in '??'
  from /app/server in '??'
  from /app/server in '??'
  from ???
  from /app/server in '??'
  from /app/server in '??'
  from /app/server in '??'
  from /app/server in '??'
  from /app/server in '??'
  from ???
Unhandled exception in spawn: Error while flushing data to the client (HTTP::Server::ClientError)
Unhandled exception in spawn: Error while flushing data to the client (HTTP::Server::ClientError)
Unhandled exception in spawn: Error while flushing data to the client (HTTP::Server::ClientError)
  from /app/server in '??'
  from /app/server in '??'
  from /app/server in '??'
  from /app/server in '??'
  from /app/server in '??'
  from /app/server in '??'
  from ???
Caused by: Error writing to socket (#<TCPSocket:0x7feb5f364850>): Connection reset by peer (IO::Error)
Unhandled exception in spawn: Error while flushing data to the client (HTTP::Server::ClientError)
  from /app/server in '??'
  from /app/server in '??'
  from /app/server in '??'
  from /app/server in '??'
  from /app/server in '??'
  from /app/server in '??'
  from /app/server in '??'
  from ???
Unhandled exception in spawn: Error while flushing data to the client (HTTP::Server::ClientError)
Unhandled exception in spawn: Error while flushing data to the client (HTTP::Server::ClientError)
  from /app/server in '??'
  from /app/server in '??'
  from /app/server in '??'
  from /app/server in '??'
  from /app/server in '??'
  from /app/server in '??'
  from ???
Caused by: Error writing to socket (#<TCPSocket:0x7287d7c5b980>): Connection reset by peer (IO::Error)
  from /app/server in '??'
  from /app/server in '??'
  from /app/server in '??'
  from /app/server in '??'
  from /app/server in '??'
  from /app/server in '??'
  from /app/server in '??'
  from ???
Unhandled exception in spawn: Error while flushing data to the client (HTTP::Server::ClientErrorUnhandled exception in spawn: Error while flushing data to the client (HTTP::Server::ClientError)
)
  from /app/server in '??'
  from /app/server in '??'
  from /app/server in '??'
  from /app/server in '??'
  from /app/server in '??'
  from /app/server in '??'
  from ???
Caused by: Error writing to socket (#<TCPSocket:0x7287d7c5b850>): Connection reset by peer (IO::Error)
  from /app/server in '??'
  from /app/server in '??'
  from /app/server in '??'
  from /app/server in '??'
  from /app/server in '??'
  from /app/server in '??'
  from /app/server in '??'
  from ???
Unhandled exception in spawn: Error while flushing data to the client (HTTP::Server::ClientError)
  from /app/server in '??'
  from /app/server in '??'
  from /app/server in '??'
  from /app/server in '??'
  from /app/server in '??'
  from /app/server in '??'
  from ???
Caused by: Error writing to socket (#<TCPSocket:0x7287d7c5b4c0>): Connection reset by peer (IO::Error)
  from /app/server in '??'
  from /app/server in '??'
  from /app/server in '??'
  from /app/server in '??'
  from /app/server in '??'
  from /app/server in '??'
  from /app/server in '??'
  from ???
Unhandled exception in spawn: Error while flushing data to the client (HTTP::Server::ClientError)
Unhandled exception in spawn: Error while flushing data to the client (HTTP::Server::ClientError)
Unhandled exception in spawn: Error while flushing data to the client (HTTP::Server::ClientError)
  from /app/server in '??'
  from /app/server in '??'
  from /app/server in '??'
  from /app/server in '??'
  from /app/server in '??'
  from /app/server in '??'
  from ???
Caused by: Error writing to socket (#<TCPSocket:0x71d0828df980>): Connection reset by peer (IO::Error)
  from /app/server in '??'
  from /app/server in '??'
  from /app/server in '??'
  from /app/server in '??'
  from /app/server in '??'
  from /app/server in '??'
  from /app/server in '??'
  from ???
Unhandled exception in spawn: Error while flushing data to the client (HTTP::Server::ClientError)
  from /app/server in '??'
  from /app/server in '??'
  from /app/server in '??'
  from /app/server in '??'
  from /app/server in '??'
  from /app/server in '??'
  from ???
Caused by: Error writing to socket (#<TCPSocket:0x7feb5d82c130>): Connection reset by peer (IO::Error)
  from /app/server in '??'
  from /app/server in '??'
  from /app/server in '??'
  from /app/server in '??'
  from /app/server in '??'
  from /app/server in '??'
  from /app/server in '??'
  from ???
Unhandled exception in spawn: Error while flushing data to the client (HTTP::Server::ClientError)
Unhandled exception in spawn: Error while flushing data to the client (HTTP::Server::ClientError  from /app/server in '??'
)
  from /app/server in '??'
  from /app/server in '??'
  from /app/server in '??'
  from /app/server in '??'
  from /app/server in '??'
  from ???
Caused by: Error writing to socket (#<TCPSocket:0x759da782fe40>): Connection reset by peer (IO::Error)
  from /app/server in '??'
  from /app/server in '??'
  from /app/server in '??'
  from /app/server in '??'
  from /app/server in '??'
  from /app/server in '??'
  from /app/server in '??'
  from /app/server in '??'
  from /app/server in '??'
  from /app/server in '??'
  from ???
  from /app/server in '??'
Caused by: Error writing to socket (#<TCPSocket:0x72470dc9a4c0>): Connection reset by peer (IO::Error  from /app/server in '??'
)
  from /app/server in '??'
  from ???
  from /app/server in '??'
  from /app/server in '??'
  from /app/server in '??'
  from /app/server in '??'
  from /app/server in '??'
  from /app/server in '??'
  from /app/server in '??'
  from ???
Unhandled exception in spawn: Error while flushing data to the client (HTTP::Server::ClientError)
  from /app/server in '??'
  from /app/server in '??'
  from /app/server in '??'
  from /app/server in '??'
  from /app/server in '??'
  from /app/server in '??'
  from ???
Caused by: Error writing to socket (#<TCPSocket:0x7775308a5850>): Connection reset by peer (IO::Error)
  from /app/server in '??'
  from /app/server in '??'
  from /app/server in '??'
  from /app/server in '??'
  from /app/server in '??'
  from /app/server in '??'
  from /app/server in '??'
  from ???
  from /app/server in '??'
  from /app/server in '??'
  from /app/server in '??'
  from /app/server in '??'
  from /app/server in '??'
  from /app/server in '??'
  from ???
Caused by: Error writing to socket (#<TCPSocket:0x7d828c1345f0>): Connection reset by peer (IO::Error)
  from /app/server in '??'
  from /app/server in '??'
  from /app/server in '??'
  from /app/server in '??'
  from /app/server in '??'
  from /app/server in '??'
  from /app/server in '??'
  from ???
Unhandled exception in spawn: Error while flushing data to the client (HTTP::Server::ClientError)
  from /app/server in '??'
  from /app/server in '??'
  from /app/server in '??'
  from /app/server in '??'
  from /app/server in '??'
  from /app/server in '??'
  from ???
Caused by: Error writing to socket (#<TCPSocket:0x7d828a421390>): Connection reset by peer (IO::Error)
  from /app/server in '??'
  from /app/server in '??'
  from /app/server in '??'
  from /app/server in '??'
  from /app/server in '??'
  from /app/server in '??'
  from /app/server in '??'
  from ???
  from /app/server in '??'
  from /app/server in '??'
  from /app/server in '??'
  from /app/server in '??'
  from /app/server in '??'
  from /app/server in '??'
  from ???
Caused by: Error writing to socket (#<TCPSocket:0x7586851bebe0>): Connection reset by peer (IO::Error)
Unhandled exception in spawn: Error while flushing data to the client (HTTP::Server::ClientError)
  from /app/server in '??'
  from /app/server in '??'
  from /app/server in '??'
  from /app/server in '??'
  from /app/server in '??'
  from /app/server in '??'
  from /app/server in '??'
  from /app/server in '??'
  from ???
  from /app/server in '??'
  from /app/server in '??'
  from /app/server in '??'
  from /app/server in '??'
  from /app/server in '??'
  from ???
Caused by: Error writing to socket (#<TCPSocket:0x7523527704c0>): Connection reset by peer (IO::Error)
  from /app/server in '??'
  from /app/server in '??'
  from /app/server in '??'
  from /app/server in '??'
  from /app/server in '??'
  from /app/server in '??'
  from ???
Caused by: Error writing to socket (#<TCPSocket:0x756de86b6ab0>): Connection reset by peer (IO::Error)
  from /app/server in '??'
  from /app/server in '??'
  from /app/server in '??'
  from /app/server in '??'
  from /app/server in '??'
  from /app/server in '??'
  from /app/server in '??'
  from ???
  from /app/server in '??'
  from /app/server in '??'
  from /app/server in '??'
  from /app/server in '??'
  from /app/server in '??'
  from /app/server in '??'
  from /app/server in '??'
  from ???
Unhandled exception in spawn: Error while flushing data to the client (HTTP::Server::ClientError)
  from /app/server in '??'
  from /app/server in '??'
  from /app/server in '??'
  from /app/server in '??'
  from /app/server in '??'
  from /app/server in '??'
  from ???
Caused by: Error writing to socket (#<TCPSocket:0x7e8ab5a72720>): Connection reset by peer (IO::Error)
  from /app/server in '??'
  from /app/server in '??'
  from /app/server in '??'
  from /app/server in '??'
  from /app/server in '??'
  from /app/server in '??'
  from /app/server in '??'
  from ???
  from /app/server in '??'
  from /app/server in '??'
  from /app/server in '??'
  from /app/server in '??'
  from /app/server in '??'
  from /app/server in '??'
  from ???
Caused by: Error writing to socket (#<TCPSocket:0x70ae3466cd10>): Connection reset by peer (IO::Error)
  from /app/server in '??'
  from /app/server in '??'
  from /app/server in '??'
  from /app/server in '??'
  from /app/server in '??'
  from /app/server in '??'
  from /app/server in '??'
  from ???
  from /app/server in '??'
  from /app/server in '??'
  from /app/server in '??'
  from /app/server in '??'
  from /app/server in '??'
  from /app/server in '??'
  from ???
Caused by: Error writing to socket (#<TCPSocket:0x760b89415e40>): Connection reset by peer (IO::Error)
  from /app/server in '??'
  from /app/server in '??'
  from /app/server in '??'
  from /app/server in '??'
  from /app/server in '??'
  from /app/server in '??'
  from /app/server in '??'
  from ???
Unhandled exception in spawn: Error while flushing data to the client (HTTP::Server::ClientError)
  from /app/server in '??'
  from /app/server in '??'
  from /app/server in '??'
  from /app/server in '??'
  from /app/server in '??'
  from /app/server in '??'
  from ???
Caused by: Error writing to socket (#<TCPSocket:0x760b8ae45ab0>): Connection reset by peer (IO::Error)
  from /app/server in '??'
  from /app/server in '??'
  from /app/server in '??'
  from /app/server in '??'
  from /app/server in '??'
  from /app/server in '??'
  from /app/server in '??'
  from ???
  from /app/server in '??'
  from /app/server in '??'
  from /app/server in '??'
  from /app/server in '??'
  from /app/server in '??'
  from /app/server in '??'
  from ???
Caused by: Error writing to socket (#<TCPSocket:0x7987548284c0>): Connection reset by peer (IO::Error)
  from /app/server in '??'
  from /app/server in '??'
  from /app/server in '??'
  from /app/server in '??'
  from /app/server in '??'
  from /app/server in '??'
  from /app/server in '??'
  from ???
Unhandled exception in spawn: Error while flushing data to the client (HTTP::Server::ClientError)
  from /app/server in '??'
  from /app/server in '??'
  from /app/server in '??'
  from /app/server in '??'
  from /app/server in '??'
  from /app/server in '??'
  from ???
Caused by: Error writing to socket (#<TCPSocket:0x760b8ae8aab0>): Connection reset by peer (IO::Error)
  from /app/server in '??'
  from /app/server in '??'
  from /app/server in '??'
  from /app/server in '??'
  from /app/server in '??'
  from /app/server in '??'
  from /app/server in '??'
  from ???
  from /app/server in '??'
  from /app/server in '??'
  from /app/server in '??'
  from /app/server in '??'
  from /app/server in '??'
  from /app/server in '??'
  from ???
Caused by: Error writing to socket (#<TCPSocket:0x7c69c0c63e40>): Connection reset by peer (IO::Error)
  from /app/server in '??'
  from /app/server in '??'
  from /app/server in '??'
  from /app/server in '??'
  from /app/server in '??'
  from /app/server in '??'
  from /app/server in '??'
  from ???
  from /app/server in '??'
  from /app/server in '??'
  from /app/server in '??'
  from /app/server in '??'
  from /app/server in '??'
  from /app/server in '??'
  from ???
Caused by: Error writing to socket (#<TCPSocket:0x73cd5148b260>): Connection reset by peer (IO::Error)
  from /app/server in '??'
  from /app/server in '??'
  from /app/server in '??'
  from /app/server in '??'
  from /app/server in '??'
  from /app/server in '??'
  from /app/server in '??'
  from ???
Unhandled exception in spawn: Error while flushing data to the client (HTTP::Server::ClientError)
  from /app/server in '??'
  from /app/server in '??'
  from /app/server in '??'
  from /app/server in '??'
  from /app/server in '??'
  from /app/server in '??'
  from ???
Caused by: Error writing to socket (#<TCPSocket:0x7d828a441000>): Connection reset by peer (IO::Error)
  from /app/server in '??'
  from /app/server in '??'
  from /app/server in '??'
  from /app/server in '??'
  from /app/server in '??'
  from /app/server in '??'
  from /app/server in '??'
  from ???
Unhandled exception in spawn: Error while flushing data to the client (HTTP::Server::ClientError)
  from /app/server in '??'
  from /app/server in '??'
  from /app/server in '??'
  from /app/server in '??'
  from /app/server in '??'
  from /app/server in '??'
  from ???
Caused by: Error writing to socket (#<TCPSocket:0x7e8af1019980>): Connection reset by peer (IO::Error)
  from /app/server in '??'
  from /app/server in '??'
  from /app/server in '??'
  from /app/server in '??'
  from /app/server in '??'
  from /app/server in '??'
  from /app/server in '??'
  from ???
Unhandled exception in spawn: Error while flushing data to the client (HTTP::Server::ClientError)
  from /app/server in '??'
  from /app/server in '??'
  from /app/server in '??'
  from /app/server in '??'
  from /app/server in '??'
  from /app/server in '??'
  from ???
Caused by: Error writing to socket (#<TCPSocket:0x7d828a353720>): Connection reset by peer (IO::Error)
  from /app/server in '??'
  from /app/server in '??'
  from /app/server in '??'
  from /app/server in '??'
  from /app/server in '??'
  from /app/server in '??'
  from /app/server in '??'
  from ???
Unhandled exception in spawn: Error while flushing data to the client (HTTP::Server::ClientError)
  from /app/server in '??'
  from /app/server in '??'
  from /app/server in '??'
  from /app/server in '??'
  from /app/server in '??'
  from /app/server in '??'
  from ???
Caused by: Error writing to socket (#<TCPSocket:0x7e8af10195f0>): Connection reset by peer (IO::Error)
  from /app/server in '??'
  from /app/server in '??'
  from /app/server in '??'
  from /app/server in '??'
  from /app/server in '??'
  from /app/server in '??'
  from /app/server in '??'
  from ???
Unhandled exception in spawn: Error while flushing data to the client (HTTP::Server::ClientError)
  from /app/server in '??'
  from /app/server in '??'
  from /app/server in '??'
  from /app/server in '??'
  from /app/server in '??'
  from /app/server in '??'
  from ???
Caused by: Error writing to socket (#<TCPSocket:0x7d824e0dfd10>): Connection reset by peer (IO::Error)
  from /app/server in '??'
  from /app/server in '??'
  from /app/server in '??'
  from /app/server in '??'
  from /app/server in '??'
  from /app/server in '??'
  from /app/server in '??'
  from ???
Unhandled exception in spawn: Error while flushing data to the client (HTTP::Server::ClientError)
Unhandled exception in spawn: Error while flushing data to the client (HTTP::Server::ClientError)
Unhandled exception in spawn: Error while flushing data to the client (HTTP::Server::ClientError)
  from /app/server in '??'
  from /app/server in '??'
  from /app/server in '??'
  from /app/server in '??'
  from /app/server in '??'
  from /app/server in '??'
  from ???
Caused by: Error writing to socket (#<TCPSocket:0x7d4865447000>): Connection reset by peer (IO::Error)
  from /app/server in '??'
  from /app/server in '??'
  from /app/server in '??'
  from /app/server in '??'
  from /app/server in '??'
  from /app/server in '??'
  from /app/server in '??'
  from ???
Unhandled exception in spawn: Error while flushing data to the client (HTTP::Server::ClientError)
  from /app/server in '??'
  from /app/server in '??'
  from /app/server in '??'
  from /app/server in '??'
  from /app/server in '??'
  from /app/server in '??'
  from ???
Caused by: Error writing to socket (#<TCPSocket:0x73f91985bab0>): Connection reset by peer (IO::Error)
  from /app/server in '??'
  from /app/server in '??'
  from /app/server in '??'
  from /app/server in '??'
  from /app/server in '??'
  from /app/server in '??'
  from /app/server in '??'
  from /app/server in '??'
  from /app/server in '??'
  from /app/server in '??'
  from ???
  from /app/server in '??'
Caused by: Error writing to socket (#<TCPSocket:0x77047ec04850>): Connection reset by peer (IO::Error  from /app/server in '??'
)
  from /app/server in '??'
  from ???
  from /app/server in '??'
  from /app/server in '??'
  from /app/server in '??'
  from /app/server in '??'
  from /app/server in '??'
  from /app/server in '??'
  from /app/server in '??'
  from ???
  from /app/server in '??'
  from /app/server in '??'
  from /app/server in '??'
  from /app/server in '??'
  from /app/server in '??'
  from /app/server in '??'
  from ???
Caused by: Error writing to socket (#<TCPSocket:0x741c9e484390>): Connection reset by peer (IO::Error)
  from /app/server in '??'
  from /app/server in '??'
  from /app/server in '??'
  from /app/server in '??'
  from /app/server in '??'
  from /app/server in '??'
  from /app/server in '??'
  from ???
  from /app/server in '??'
  from /app/server in '??'
  from /app/server in '??'
  from /app/server in '??'
  from /app/server in '??'
  from /app/server in '??'
  from ???
Caused by: Error writing to socket (#<TCPSocket:0x7cb659ced260>): Connection reset by peer (IO::Error)
  from /app/server in '??'
  from /app/server in '??'
  from /app/server in '??'
  from /app/server in '??'
  from /app/server in '??'
  from /app/server in '??'
  from /app/server in '??'
  from ???
Unhandled exception in spawn: Error while flushing data to the client (HTTP::Server::ClientError)
  from /app/server in '??'
  from /app/server in '??'
  from /app/server in '??'
  from /app/server in '??'
  from /app/server in '??'
  from /app/server in '??'
  from ???
Caused by: Error writing to socket (#<TCPSocket:0x7cb659c82850>): Connection reset by peer (IO::Error)
  from /app/server in '??'
  from /app/server in '??'
  from /app/server in '??'
  from /app/server in '??'
  from /app/server in '??'
  from /app/server in '??'
  from /app/server in '??'
  from ???
Unhandled exception in spawn: Error while flushing data to the client (HTTP::Server::ClientError)
  from /app/server in '??'
  from /app/server in '??'
  from /app/server in '??'
  from /app/server in '??'
  from /app/server in '??'
  from /app/server in '??'
  from ???
Caused by: Error writing to socket (#<TCPSocket:0x753384499850>): Connection reset by peer (IO::Error)
  from /app/server in '??'
  from /app/server in '??'
  from /app/server in '??'
  from /app/server in '??'
  from /app/server in '??'
  from /app/server in '??'
  from /app/server in '??'
  from ???
Unhandled exception in spawn: Error while flushing data to the client (HTTP::Server::ClientError)
  from /app/server in '??'
  from /app/server in '??'
  from /app/server in '??'
  from /app/server in '??'
  from /app/server in '??'
  from /app/server in '??'
  from ???
Caused by: Error writing to socket (#<TCPSocket:0x7b924184de40>): Connection reset by peer (IO::Error)
  from /app/server in '??'
  from /app/server in '??'
  from /app/server in '??'
  from /app/server in '??'
  from /app/server in '??'
  from /app/server in '??'
  from /app/server in '??'
  from ???
Unhandled exception in spawn: Error while flushing data to the client (HTTP::Server::ClientError)
  from /app/server in '??'
  from /app/server in '??'
  from /app/server in '??'
  from /app/server in '??'
  from /app/server in '??'
  from /app/server in '??'
  from ???
Caused by: Error writing to socket (#<TCPSocket:0x7bde36d114c0>): Connection reset by peer (IO::Error)
  from /app/server in '??'
  from /app/server in '??'
  from /app/server in '??'
  from /app/server in '??'
  from /app/server in '??'
  from /app/server in '??'
  from /app/server in '??'
  from ???
