[2026-03-16 17:19:49 +0000] [1] [INFO] Starting gunicorn 23.0.0
[2026-03-16 17:19:49 +0000] [1] [INFO] Listening at: http://0.0.0.0:8080 (1)
[2026-03-16 17:19:49 +0000] [1] [INFO] Using worker: uvicorn.workers.UvicornWorker
[2026-03-16 17:19:49 +0000] [7] [INFO] Booting worker with pid: 7
[2026-03-16 17:19:49 +0000] [8] [INFO] Booting worker with pid: 8
[2026-03-16 17:19:49 +0000] [9] [INFO] Booting worker with pid: 9
[2026-03-16 17:19:49 +0000] [10] [INFO] Booting worker with pid: 10
[2026-03-16 17:19:49 +0000] [11] [INFO] Booting worker with pid: 11
[2026-03-16 17:19:49 +0000] [12] [INFO] Booting worker with pid: 12
[2026-03-16 17:19:49 +0000] [13] [INFO] Booting worker with pid: 13
[2026-03-16 17:19:49 +0000] [7] [INFO] Started server process [7]
[2026-03-16 17:19:49 +0000] [7] [INFO] Waiting for application startup.
[2026-03-16 17:19:49 +0000] [7] [INFO] Application startup complete.
[2026-03-16 17:19:49 +0000] [16] [INFO] Booting worker with pid: 16
[2026-03-16 17:19:49 +0000] [8] [INFO] Started server process [8]
[2026-03-16 17:19:49 +0000] [8] [INFO] Waiting for application startup.
[2026-03-16 17:19:49 +0000] [8] [INFO] Application startup complete.
[2026-03-16 17:19:49 +0000] [9] [INFO] Started server process [9]
[2026-03-16 17:19:49 +0000] [9] [INFO] Waiting for application startup.
[2026-03-16 17:19:49 +0000] [9] [INFO] Application startup complete.
[2026-03-16 17:19:49 +0000] [10] [INFO] Started server process [10]
[2026-03-16 17:19:49 +0000] [10] [INFO] Waiting for application startup.
[2026-03-16 17:19:49 +0000] [10] [INFO] Application startup complete.
[2026-03-16 17:19:49 +0000] [19] [INFO] Booting worker with pid: 19
[2026-03-16 17:19:49 +0000] [20] [INFO] Booting worker with pid: 20
[2026-03-16 17:19:49 +0000] [21] [INFO] Booting worker with pid: 21
[2026-03-16 17:19:49 +0000] [22] [INFO] Booting worker with pid: 22
[2026-03-16 17:19:49 +0000] [11] [INFO] Started server process [11]
[2026-03-16 17:19:49 +0000] [11] [INFO] Waiting for application startup.
[2026-03-16 17:19:49 +0000] [11] [INFO] Application startup complete.
[2026-03-16 17:19:49 +0000] [12] [INFO] Started server process [12]
[2026-03-16 17:19:49 +0000] [12] [INFO] Waiting for application startup.
[2026-03-16 17:19:49 +0000] [12] [INFO] Application startup complete.
[2026-03-16 17:19:49 +0000] [25] [INFO] Booting worker with pid: 25
[2026-03-16 17:19:49 +0000] [13] [INFO] Started server process [13]
[2026-03-16 17:19:49 +0000] [13] [INFO] Waiting for application startup.
[2026-03-16 17:19:49 +0000] [13] [INFO] Application startup complete.
[2026-03-16 17:19:49 +0000] [27] [INFO] Booting worker with pid: 27
[2026-03-16 17:19:49 +0000] [16] [INFO] Started server process [16]
[2026-03-16 17:19:49 +0000] [16] [INFO] Waiting for application startup.
[2026-03-16 17:19:49 +0000] [16] [INFO] Application startup complete.
[2026-03-16 17:19:49 +0000] [30] [INFO] Booting worker with pid: 30
[2026-03-16 17:19:49 +0000] [19] [INFO] Started server process [19]
[2026-03-16 17:19:49 +0000] [19] [INFO] Waiting for application startup.
[2026-03-16 17:19:49 +0000] [19] [INFO] Application startup complete.
[2026-03-16 17:19:49 +0000] [31] [INFO] Booting worker with pid: 31
[2026-03-16 17:19:49 +0000] [20] [INFO] Started server process [20]
[2026-03-16 17:19:49 +0000] [20] [INFO] Waiting for application startup.
[2026-03-16 17:19:49 +0000] [20] [INFO] Application startup complete.
[2026-03-16 17:19:49 +0000] [21] [INFO] Started server process [21]
[2026-03-16 17:19:49 +0000] [21] [INFO] Waiting for application startup.
[2026-03-16 17:19:49 +0000] [21] [INFO] Application startup complete.
[2026-03-16 17:19:49 +0000] [22] [INFO] Started server process [22]
[2026-03-16 17:19:49 +0000] [22] [INFO] Waiting for application startup.
[2026-03-16 17:19:49 +0000] [22] [INFO] Application startup complete.
[2026-03-16 17:19:50 +0000] [35] [INFO] Booting worker with pid: 35
[2026-03-16 17:19:50 +0000] [25] [INFO] Started server process [25]
[2026-03-16 17:19:50 +0000] [25] [INFO] Waiting for application startup.
[2026-03-16 17:19:50 +0000] [25] [INFO] Application startup complete.
[2026-03-16 17:19:50 +0000] [37] [INFO] Booting worker with pid: 37
[2026-03-16 17:19:50 +0000] [27] [INFO] Started server process [27]
[2026-03-16 17:19:50 +0000] [27] [INFO] Waiting for application startup.
[2026-03-16 17:19:50 +0000] [27] [INFO] Application startup complete.
[2026-03-16 17:19:50 +0000] [39] [INFO] Booting worker with pid: 39
[2026-03-16 17:19:50 +0000] [40] [INFO] Booting worker with pid: 40
[2026-03-16 17:19:50 +0000] [41] [INFO] Booting worker with pid: 41
[2026-03-16 17:19:50 +0000] [30] [INFO] Started server process [30]
[2026-03-16 17:19:50 +0000] [30] [INFO] Waiting for application startup.
[2026-03-16 17:19:50 +0000] [30] [INFO] Application startup complete.
[2026-03-16 17:19:50 +0000] [31] [INFO] Started server process [31]
[2026-03-16 17:19:50 +0000] [31] [INFO] Waiting for application startup.
[2026-03-16 17:19:50 +0000] [31] [INFO] Application startup complete.
[2026-03-16 17:19:50 +0000] [44] [INFO] Booting worker with pid: 44
[2026-03-16 17:19:50 +0000] [35] [INFO] Started server process [35]
[2026-03-16 17:19:50 +0000] [35] [INFO] Waiting for application startup.
[2026-03-16 17:19:50 +0000] [35] [INFO] Application startup complete.
[2026-03-16 17:19:50 +0000] [37] [INFO] Started server process [37]
[2026-03-16 17:19:50 +0000] [37] [INFO] Waiting for application startup.
[2026-03-16 17:19:50 +0000] [37] [INFO] Application startup complete.
[2026-03-16 17:19:50 +0000] [47] [INFO] Booting worker with pid: 47
[2026-03-16 17:19:50 +0000] [48] [INFO] Booting worker with pid: 48
[2026-03-16 17:19:50 +0000] [39] [INFO] Started server process [39]
[2026-03-16 17:19:50 +0000] [39] [INFO] Waiting for application startup.
[2026-03-16 17:19:50 +0000] [39] [INFO] Application startup complete.
[2026-03-16 17:19:50 +0000] [50] [INFO] Booting worker with pid: 50
[2026-03-16 17:19:50 +0000] [40] [INFO] Started server process [40]
[2026-03-16 17:19:50 +0000] [40] [INFO] Waiting for application startup.
[2026-03-16 17:19:50 +0000] [40] [INFO] Application startup complete.
[2026-03-16 17:19:50 +0000] [41] [INFO] Started server process [41]
[2026-03-16 17:19:50 +0000] [41] [INFO] Waiting for application startup.
[2026-03-16 17:19:50 +0000] [41] [INFO] Application startup complete.
[2026-03-16 17:19:50 +0000] [53] [INFO] Booting worker with pid: 53
[2026-03-16 17:19:50 +0000] [54] [INFO] Booting worker with pid: 54
[2026-03-16 17:19:50 +0000] [44] [INFO] Started server process [44]
[2026-03-16 17:19:50 +0000] [44] [INFO] Waiting for application startup.
[2026-03-16 17:19:50 +0000] [44] [INFO] Application startup complete.
[2026-03-16 17:19:50 +0000] [56] [INFO] Booting worker with pid: 56
[2026-03-16 17:19:50 +0000] [47] [INFO] Started server process [47]
[2026-03-16 17:19:50 +0000] [47] [INFO] Waiting for application startup.
[2026-03-16 17:19:50 +0000] [47] [INFO] Application startup complete.
[2026-03-16 17:19:50 +0000] [48] [INFO] Started server process [48]
[2026-03-16 17:19:50 +0000] [48] [INFO] Waiting for application startup.
[2026-03-16 17:19:50 +0000] [48] [INFO] Application startup complete.
[2026-03-16 17:19:50 +0000] [60] [INFO] Booting worker with pid: 60
[2026-03-16 17:19:50 +0000] [50] [INFO] Started server process [50]
[2026-03-16 17:19:50 +0000] [50] [INFO] Waiting for application startup.
[2026-03-16 17:19:50 +0000] [50] [INFO] Application startup complete.
[2026-03-16 17:19:50 +0000] [53] [INFO] Started server process [53]
[2026-03-16 17:19:50 +0000] [53] [INFO] Waiting for application startup.
[2026-03-16 17:19:50 +0000] [53] [INFO] Application startup complete.
[2026-03-16 17:19:50 +0000] [63] [INFO] Booting worker with pid: 63
[2026-03-16 17:19:50 +0000] [54] [INFO] Started server process [54]
[2026-03-16 17:19:50 +0000] [54] [INFO] Waiting for application startup.
[2026-03-16 17:19:50 +0000] [54] [INFO] Application startup complete.
[2026-03-16 17:19:50 +0000] [56] [INFO] Started server process [56]
[2026-03-16 17:19:50 +0000] [56] [INFO] Waiting for application startup.
[2026-03-16 17:19:50 +0000] [56] [INFO] Application startup complete.
[2026-03-16 17:19:50 +0000] [65] [INFO] Booting worker with pid: 65
[2026-03-16 17:19:50 +0000] [66] [INFO] Booting worker with pid: 66
[2026-03-16 17:19:50 +0000] [67] [INFO] Booting worker with pid: 67
[2026-03-16 17:19:50 +0000] [60] [INFO] Started server process [60]
[2026-03-16 17:19:50 +0000] [60] [INFO] Waiting for application startup.
[2026-03-16 17:19:50 +0000] [60] [INFO] Application startup complete.
[2026-03-16 17:19:50 +0000] [69] [INFO] Booting worker with pid: 69
[2026-03-16 17:19:50 +0000] [70] [INFO] Booting worker with pid: 70
[2026-03-16 17:19:50 +0000] [71] [INFO] Booting worker with pid: 71
[2026-03-16 17:19:50 +0000] [72] [INFO] Booting worker with pid: 72
[2026-03-16 17:19:51 +0000] [63] [INFO] Started server process [63]
[2026-03-16 17:19:51 +0000] [63] [INFO] Waiting for application startup.
[2026-03-16 17:19:51 +0000] [63] [INFO] Application startup complete.
[2026-03-16 17:19:51 +0000] [74] [INFO] Booting worker with pid: 74
[2026-03-16 17:19:51 +0000] [76] [INFO] Booting worker with pid: 76
[2026-03-16 17:19:51 +0000] [65] [INFO] Started server process [65]
[2026-03-16 17:19:51 +0000] [65] [INFO] Waiting for application startup.
[2026-03-16 17:19:51 +0000] [65] [INFO] Application startup complete.
[2026-03-16 17:19:51 +0000] [66] [INFO] Started server process [66]
[2026-03-16 17:19:51 +0000] [66] [INFO] Waiting for application startup.
[2026-03-16 17:19:51 +0000] [66] [INFO] Application startup complete.
[2026-03-16 17:19:51 +0000] [79] [INFO] Booting worker with pid: 79
[2026-03-16 17:19:51 +0000] [67] [INFO] Started server process [67]
[2026-03-16 17:19:51 +0000] [67] [INFO] Waiting for application startup.
[2026-03-16 17:19:51 +0000] [67] [INFO] Application startup complete.
[2026-03-16 17:19:51 +0000] [80] [INFO] Booting worker with pid: 80
[2026-03-16 17:19:51 +0000] [69] [INFO] Started server process [69]
[2026-03-16 17:19:51 +0000] [69] [INFO] Waiting for application startup.
[2026-03-16 17:19:51 +0000] [69] [INFO] Application startup complete.
[2026-03-16 17:19:51 +0000] [70] [INFO] Started server process [70]
[2026-03-16 17:19:51 +0000] [70] [INFO] Waiting for application startup.
[2026-03-16 17:19:51 +0000] [70] [INFO] Application startup complete.
[2026-03-16 17:19:51 +0000] [71] [INFO] Started server process [71]
[2026-03-16 17:19:51 +0000] [71] [INFO] Waiting for application startup.
[2026-03-16 17:19:51 +0000] [71] [INFO] Application startup complete.
[2026-03-16 17:19:51 +0000] [72] [INFO] Started server process [72]
[2026-03-16 17:19:51 +0000] [72] [INFO] Waiting for application startup.
[2026-03-16 17:19:51 +0000] [72] [INFO] Application startup complete.
[2026-03-16 17:19:51 +0000] [85] [INFO] Booting worker with pid: 85
[2026-03-16 17:19:51 +0000] [87] [INFO] Booting worker with pid: 87
[2026-03-16 17:19:51 +0000] [74] [INFO] Started server process [74]
[2026-03-16 17:19:51 +0000] [74] [INFO] Waiting for application startup.
[2026-03-16 17:19:51 +0000] [74] [INFO] Application startup complete.
[2026-03-16 17:19:51 +0000] [76] [INFO] Started server process [76]
[2026-03-16 17:19:51 +0000] [76] [INFO] Waiting for application startup.
[2026-03-16 17:19:51 +0000] [76] [INFO] Application startup complete.
[2026-03-16 17:19:51 +0000] [89] [INFO] Booting worker with pid: 89
[2026-03-16 17:19:51 +0000] [79] [INFO] Started server process [79]
[2026-03-16 17:19:51 +0000] [79] [INFO] Waiting for application startup.
[2026-03-16 17:19:51 +0000] [79] [INFO] Application startup complete.
[2026-03-16 17:19:51 +0000] [91] [INFO] Booting worker with pid: 91
[2026-03-16 17:19:51 +0000] [80] [INFO] Started server process [80]
[2026-03-16 17:19:51 +0000] [80] [INFO] Waiting for application startup.
[2026-03-16 17:19:51 +0000] [80] [INFO] Application startup complete.
[2026-03-16 17:19:51 +0000] [93] [INFO] Booting worker with pid: 93
[2026-03-16 17:19:51 +0000] [85] [INFO] Started server process [85]
[2026-03-16 17:19:51 +0000] [85] [INFO] Waiting for application startup.
[2026-03-16 17:19:51 +0000] [85] [INFO] Application startup complete.
[2026-03-16 17:19:51 +0000] [87] [INFO] Started server process [87]
[2026-03-16 17:19:51 +0000] [87] [INFO] Waiting for application startup.
[2026-03-16 17:19:51 +0000] [87] [INFO] Application startup complete.
[2026-03-16 17:19:51 +0000] [96] [INFO] Booting worker with pid: 96
[2026-03-16 17:19:51 +0000] [98] [INFO] Booting worker with pid: 98
[2026-03-16 17:19:51 +0000] [89] [INFO] Started server process [89]
[2026-03-16 17:19:51 +0000] [89] [INFO] Waiting for application startup.
[2026-03-16 17:19:51 +0000] [89] [INFO] Application startup complete.
[2026-03-16 17:19:51 +0000] [91] [INFO] Started server process [91]
[2026-03-16 17:19:51 +0000] [91] [INFO] Waiting for application startup.
[2026-03-16 17:19:51 +0000] [91] [INFO] Application startup complete.
[2026-03-16 17:19:51 +0000] [100] [INFO] Booting worker with pid: 100
[2026-03-16 17:19:51 +0000] [101] [INFO] Booting worker with pid: 101
[2026-03-16 17:19:51 +0000] [93] [INFO] Started server process [93]
[2026-03-16 17:19:51 +0000] [93] [INFO] Waiting for application startup.
[2026-03-16 17:19:51 +0000] [93] [INFO] Application startup complete.
[2026-03-16 17:19:51 +0000] [103] [INFO] Booting worker with pid: 103
[2026-03-16 17:19:51 +0000] [96] [INFO] Started server process [96]
[2026-03-16 17:19:51 +0000] [96] [INFO] Waiting for application startup.
[2026-03-16 17:19:51 +0000] [96] [INFO] Application startup complete.
[2026-03-16 17:19:51 +0000] [98] [INFO] Started server process [98]
[2026-03-16 17:19:51 +0000] [98] [INFO] Waiting for application startup.
[2026-03-16 17:19:51 +0000] [98] [INFO] Application startup complete.
[2026-03-16 17:19:51 +0000] [106] [INFO] Booting worker with pid: 106
[2026-03-16 17:19:51 +0000] [107] [INFO] Booting worker with pid: 107
[2026-03-16 17:19:51 +0000] [100] [INFO] Started server process [100]
[2026-03-16 17:19:51 +0000] [100] [INFO] Waiting for application startup.
[2026-03-16 17:19:51 +0000] [100] [INFO] Application startup complete.
[2026-03-16 17:19:51 +0000] [101] [INFO] Started server process [101]
[2026-03-16 17:19:51 +0000] [101] [INFO] Waiting for application startup.
[2026-03-16 17:19:51 +0000] [101] [INFO] Application startup complete.
[2026-03-16 17:19:52 +0000] [110] [INFO] Booting worker with pid: 110
[2026-03-16 17:19:52 +0000] [103] [INFO] Started server process [103]
[2026-03-16 17:19:52 +0000] [103] [INFO] Waiting for application startup.
[2026-03-16 17:19:52 +0000] [103] [INFO] Application startup complete.
[2026-03-16 17:19:52 +0000] [112] [INFO] Booting worker with pid: 112
[2026-03-16 17:19:52 +0000] [113] [INFO] Booting worker with pid: 113
[2026-03-16 17:19:52 +0000] [114] [INFO] Booting worker with pid: 114
[2026-03-16 17:19:52 +0000] [106] [INFO] Started server process [106]
[2026-03-16 17:19:52 +0000] [106] [INFO] Waiting for application startup.
[2026-03-16 17:19:52 +0000] [106] [INFO] Application startup complete.
[2026-03-16 17:19:52 +0000] [116] [INFO] Booting worker with pid: 116
[2026-03-16 17:19:52 +0000] [107] [INFO] Started server process [107]
[2026-03-16 17:19:52 +0000] [107] [INFO] Waiting for application startup.
[2026-03-16 17:19:52 +0000] [107] [INFO] Application startup complete.
[2026-03-16 17:19:52 +0000] [110] [INFO] Started server process [110]
[2026-03-16 17:19:52 +0000] [110] [INFO] Waiting for application startup.
[2026-03-16 17:19:52 +0000] [110] [INFO] Application startup complete.
[2026-03-16 17:19:52 +0000] [119] [INFO] Booting worker with pid: 119
[2026-03-16 17:19:52 +0000] [121] [INFO] Booting worker with pid: 121
[2026-03-16 17:19:52 +0000] [112] [INFO] Started server process [112]
[2026-03-16 17:19:52 +0000] [112] [INFO] Waiting for application startup.
[2026-03-16 17:19:52 +0000] [112] [INFO] Application startup complete.
[2026-03-16 17:19:52 +0000] [113] [INFO] Started server process [113]
[2026-03-16 17:19:52 +0000] [113] [INFO] Waiting for application startup.
[2026-03-16 17:19:52 +0000] [113] [INFO] Application startup complete.
[2026-03-16 17:19:52 +0000] [123] [INFO] Booting worker with pid: 123
[2026-03-16 17:19:52 +0000] [114] [INFO] Started server process [114]
[2026-03-16 17:19:52 +0000] [114] [INFO] Waiting for application startup.
[2026-03-16 17:19:52 +0000] [114] [INFO] Application startup complete.
[2026-03-16 17:19:52 +0000] [125] [INFO] Booting worker with pid: 125
[2026-03-16 17:19:52 +0000] [127] [INFO] Booting worker with pid: 127
[2026-03-16 17:19:52 +0000] [116] [INFO] Started server process [116]
[2026-03-16 17:19:52 +0000] [116] [INFO] Waiting for application startup.
[2026-03-16 17:19:52 +0000] [116] [INFO] Application startup complete.
[2026-03-16 17:19:52 +0000] [128] [INFO] Booting worker with pid: 128
[2026-03-16 17:19:52 +0000] [130] [INFO] Booting worker with pid: 130
[2026-03-16 17:19:52 +0000] [119] [INFO] Started server process [119]
[2026-03-16 17:19:52 +0000] [119] [INFO] Waiting for application startup.
[2026-03-16 17:19:52 +0000] [119] [INFO] Application startup complete.
[2026-03-16 17:19:52 +0000] [121] [INFO] Started server process [121]
[2026-03-16 17:19:52 +0000] [121] [INFO] Waiting for application startup.
[2026-03-16 17:19:52 +0000] [121] [INFO] Application startup complete.
[2026-03-16 17:19:52 +0000] [123] [INFO] Started server process [123]
[2026-03-16 17:19:52 +0000] [123] [INFO] Waiting for application startup.
[2026-03-16 17:19:52 +0000] [123] [INFO] Application startup complete.
[2026-03-16 17:19:52 +0000] [133] [INFO] Booting worker with pid: 133
[2026-03-16 17:19:52 +0000] [134] [INFO] Booting worker with pid: 134
[2026-03-16 17:19:52 +0000] [135] [INFO] Booting worker with pid: 135
[2026-03-16 17:19:52 +0000] [125] [INFO] Started server process [125]
[2026-03-16 17:19:52 +0000] [125] [INFO] Waiting for application startup.
[2026-03-16 17:19:52 +0000] [125] [INFO] Application startup complete.
[2026-03-16 17:19:52 +0000] [138] [INFO] Booting worker with pid: 138
[2026-03-16 17:19:52 +0000] [127] [INFO] Started server process [127]
[2026-03-16 17:19:52 +0000] [127] [INFO] Waiting for application startup.
[2026-03-16 17:19:52 +0000] [127] [INFO] Application startup complete.
[2026-03-16 17:19:52 +0000] [128] [INFO] Started server process [128]
[2026-03-16 17:19:52 +0000] [128] [INFO] Waiting for application startup.
[2026-03-16 17:19:52 +0000] [128] [INFO] Application startup complete.
[2026-03-16 17:19:52 +0000] [140] [INFO] Booting worker with pid: 140
[2026-03-16 17:19:52 +0000] [141] [INFO] Booting worker with pid: 141
[2026-03-16 17:19:52 +0000] [142] [INFO] Booting worker with pid: 142
[2026-03-16 17:19:52 +0000] [143] [INFO] Booting worker with pid: 143
[2026-03-16 17:19:52 +0000] [130] [INFO] Started server process [130]
[2026-03-16 17:19:52 +0000] [130] [INFO] Waiting for application startup.
[2026-03-16 17:19:52 +0000] [130] [INFO] Application startup complete.
[2026-03-16 17:19:52 +0000] [145] [INFO] Booting worker with pid: 145
[2026-03-16 17:19:52 +0000] [147] [INFO] Booting worker with pid: 147
[2026-03-16 17:19:52 +0000] [133] [INFO] Started server process [133]
[2026-03-16 17:19:52 +0000] [133] [INFO] Waiting for application startup.
[2026-03-16 17:19:52 +0000] [133] [INFO] Application startup complete.
[2026-03-16 17:19:52 +0000] [135] [INFO] Started server process [135]
[2026-03-16 17:19:52 +0000] [135] [INFO] Waiting for application startup.
[2026-03-16 17:19:52 +0000] [135] [INFO] Application startup complete.
[2026-03-16 17:19:53 +0000] [134] [INFO] Started server process [134]
[2026-03-16 17:19:53 +0000] [134] [INFO] Waiting for application startup.
[2026-03-16 17:19:53 +0000] [150] [INFO] Booting worker with pid: 150
[2026-03-16 17:19:53 +0000] [134] [INFO] Application startup complete.
[2026-03-16 17:19:53 +0000] [152] [INFO] Booting worker with pid: 152
[2026-03-16 17:19:53 +0000] [153] [INFO] Booting worker with pid: 153
[2026-03-16 17:19:53 +0000] [138] [INFO] Started server process [138]
[2026-03-16 17:19:53 +0000] [138] [INFO] Waiting for application startup.
[2026-03-16 17:19:53 +0000] [138] [INFO] Application startup complete.
[2026-03-16 17:19:53 +0000] [140] [INFO] Started server process [140]
[2026-03-16 17:19:53 +0000] [140] [INFO] Waiting for application startup.
[2026-03-16 17:19:53 +0000] [140] [INFO] Application startup complete.
[2026-03-16 17:19:53 +0000] [141] [INFO] Started server process [141]
[2026-03-16 17:19:53 +0000] [141] [INFO] Waiting for application startup.
[2026-03-16 17:19:53 +0000] [141] [INFO] Application startup complete.
[2026-03-16 17:19:53 +0000] [156] [INFO] Booting worker with pid: 156
[2026-03-16 17:19:53 +0000] [159] [INFO] Booting worker with pid: 159
[2026-03-16 17:19:53 +0000] [143] [INFO] Started server process [143]
[2026-03-16 17:19:53 +0000] [143] [INFO] Waiting for application startup.
[2026-03-16 17:19:53 +0000] [143] [INFO] Application startup complete.
[2026-03-16 17:19:53 +0000] [142] [INFO] Started server process [142]
[2026-03-16 17:19:53 +0000] [142] [INFO] Waiting for application startup.
[2026-03-16 17:19:53 +0000] [142] [INFO] Application startup complete.
[2026-03-16 17:19:53 +0000] [160] [INFO] Booting worker with pid: 160
[2026-03-16 17:19:53 +0000] [145] [INFO] Started server process [145]
[2026-03-16 17:19:53 +0000] [145] [INFO] Waiting for application startup.
[2026-03-16 17:19:53 +0000] [145] [INFO] Application startup complete.
[2026-03-16 17:19:53 +0000] [162] [INFO] Booting worker with pid: 162
[2026-03-16 17:19:53 +0000] [147] [INFO] Started server process [147]
[2026-03-16 17:19:53 +0000] [147] [INFO] Waiting for application startup.
[2026-03-16 17:19:53 +0000] [147] [INFO] Application startup complete.
[2026-03-16 17:19:53 +0000] [165] [INFO] Booting worker with pid: 165
[2026-03-16 17:19:53 +0000] [150] [INFO] Started server process [150]
[2026-03-16 17:19:53 +0000] [150] [INFO] Waiting for application startup.
[2026-03-16 17:19:53 +0000] [150] [INFO] Application startup complete.
[2026-03-16 17:19:53 +0000] [152] [INFO] Started server process [152]
[2026-03-16 17:19:53 +0000] [152] [INFO] Waiting for application startup.
[2026-03-16 17:19:53 +0000] [152] [INFO] Application startup complete.
[2026-03-16 17:19:53 +0000] [153] [INFO] Started server process [153]
[2026-03-16 17:19:53 +0000] [153] [INFO] Waiting for application startup.
[2026-03-16 17:19:53 +0000] [153] [INFO] Application startup complete.
[2026-03-16 17:19:53 +0000] [168] [INFO] Booting worker with pid: 168
[2026-03-16 17:19:53 +0000] [170] [INFO] Booting worker with pid: 170
[2026-03-16 17:19:53 +0000] [156] [INFO] Started server process [156]
[2026-03-16 17:19:53 +0000] [156] [INFO] Waiting for application startup.
[2026-03-16 17:19:53 +0000] [156] [INFO] Application startup complete.
[2026-03-16 17:19:53 +0000] [159] [INFO] Started server process [159]
[2026-03-16 17:19:53 +0000] [159] [INFO] Waiting for application startup.
[2026-03-16 17:19:53 +0000] [159] [INFO] Application startup complete.
[2026-03-16 17:19:53 +0000] [172] [INFO] Booting worker with pid: 172
[2026-03-16 17:19:53 +0000] [160] [INFO] Started server process [160]
[2026-03-16 17:19:53 +0000] [160] [INFO] Waiting for application startup.
[2026-03-16 17:19:53 +0000] [160] [INFO] Application startup complete.
[2026-03-16 17:19:53 +0000] [174] [INFO] Booting worker with pid: 174
[2026-03-16 17:19:53 +0000] [175] [INFO] Booting worker with pid: 175
[2026-03-16 17:19:53 +0000] [176] [INFO] Booting worker with pid: 176
[2026-03-16 17:19:53 +0000] [162] [INFO] Started server process [162]
[2026-03-16 17:19:53 +0000] [162] [INFO] Waiting for application startup.
[2026-03-16 17:19:53 +0000] [162] [INFO] Application startup complete.
[2026-03-16 17:19:53 +0000] [178] [INFO] Booting worker with pid: 178
[2026-03-16 17:19:53 +0000] [165] [INFO] Started server process [165]
[2026-03-16 17:19:53 +0000] [165] [INFO] Waiting for application startup.
[2026-03-16 17:19:53 +0000] [165] [INFO] Application startup complete.
[2026-03-16 17:19:53 +0000] [168] [INFO] Started server process [168]
[2026-03-16 17:19:53 +0000] [168] [INFO] Waiting for application startup.
[2026-03-16 17:19:53 +0000] [181] [INFO] Booting worker with pid: 181
[2026-03-16 17:19:53 +0000] [168] [INFO] Application startup complete.
[2026-03-16 17:19:53 +0000] [170] [INFO] Started server process [170]
[2026-03-16 17:19:53 +0000] [170] [INFO] Waiting for application startup.
[2026-03-16 17:19:53 +0000] [170] [INFO] Application startup complete.
[2026-03-16 17:19:53 +0000] [172] [INFO] Started server process [172]
[2026-03-16 17:19:53 +0000] [172] [INFO] Waiting for application startup.
[2026-03-16 17:19:53 +0000] [172] [INFO] Application startup complete.
[2026-03-16 17:19:53 +0000] [184] [INFO] Booting worker with pid: 184
[2026-03-16 17:19:53 +0000] [174] [INFO] Started server process [174]
[2026-03-16 17:19:53 +0000] [174] [INFO] Waiting for application startup.
[2026-03-16 17:19:53 +0000] [174] [INFO] Application startup complete.
[2026-03-16 17:19:53 +0000] [175] [INFO] Started server process [175]
[2026-03-16 17:19:53 +0000] [175] [INFO] Waiting for application startup.
[2026-03-16 17:19:53 +0000] [175] [INFO] Application startup complete.
[2026-03-16 17:19:53 +0000] [176] [INFO] Started server process [176]
[2026-03-16 17:19:53 +0000] [176] [INFO] Waiting for application startup.
[2026-03-16 17:19:53 +0000] [176] [INFO] Application startup complete.
[2026-03-16 17:19:53 +0000] [189] [INFO] Booting worker with pid: 189
[2026-03-16 17:19:53 +0000] [178] [INFO] Started server process [178]
[2026-03-16 17:19:53 +0000] [178] [INFO] Waiting for application startup.
[2026-03-16 17:19:53 +0000] [178] [INFO] Application startup complete.
[2026-03-16 17:19:53 +0000] [190] [INFO] Booting worker with pid: 190
[2026-03-16 17:19:53 +0000] [181] [INFO] Started server process [181]
[2026-03-16 17:19:53 +0000] [181] [INFO] Waiting for application startup.
[2026-03-16 17:19:53 +0000] [181] [INFO] Application startup complete.
[2026-03-16 17:19:53 +0000] [192] [INFO] Booting worker with pid: 192
[2026-03-16 17:19:53 +0000] [193] [INFO] Booting worker with pid: 193
[2026-03-16 17:19:53 +0000] [184] [INFO] Started server process [184]
[2026-03-16 17:19:53 +0000] [184] [INFO] Waiting for application startup.
[2026-03-16 17:19:53 +0000] [184] [INFO] Application startup complete.
[2026-03-16 17:19:53 +0000] [195] [INFO] Booting worker with pid: 195
[2026-03-16 17:19:54 +0000] [196] [INFO] Booting worker with pid: 196
[2026-03-16 17:19:54 +0000] [189] [INFO] Started server process [189]
[2026-03-16 17:19:54 +0000] [189] [INFO] Waiting for application startup.
[2026-03-16 17:19:54 +0000] [189] [INFO] Application startup complete.
[2026-03-16 17:19:54 +0000] [190] [INFO] Started server process [190]
[2026-03-16 17:19:54 +0000] [190] [INFO] Waiting for application startup.
[2026-03-16 17:19:54 +0000] [190] [INFO] Application startup complete.
[2026-03-16 17:19:54 +0000] [199] [INFO] Booting worker with pid: 199
[2026-03-16 17:19:54 +0000] [192] [INFO] Started server process [192]
[2026-03-16 17:19:54 +0000] [192] [INFO] Waiting for application startup.
[2026-03-16 17:19:54 +0000] [192] [INFO] Application startup complete.
[2026-03-16 17:19:54 +0000] [193] [INFO] Started server process [193]
[2026-03-16 17:19:54 +0000] [193] [INFO] Waiting for application startup.
[2026-03-16 17:19:54 +0000] [193] [INFO] Application startup complete.
[2026-03-16 17:19:54 +0000] [202] [INFO] Booting worker with pid: 202
[2026-03-16 17:19:54 +0000] [195] [INFO] Started server process [195]
[2026-03-16 17:19:54 +0000] [195] [INFO] Waiting for application startup.
[2026-03-16 17:19:54 +0000] [195] [INFO] Application startup complete.
[2026-03-16 17:19:54 +0000] [204] [INFO] Booting worker with pid: 204
[2026-03-16 17:19:54 +0000] [196] [INFO] Started server process [196]
[2026-03-16 17:19:54 +0000] [196] [INFO] Waiting for application startup.
[2026-03-16 17:19:54 +0000] [196] [INFO] Application startup complete.
[2026-03-16 17:19:54 +0000] [206] [INFO] Booting worker with pid: 206
[2026-03-16 17:19:54 +0000] [208] [INFO] Booting worker with pid: 208
[2026-03-16 17:19:54 +0000] [199] [INFO] Started server process [199]
[2026-03-16 17:19:54 +0000] [199] [INFO] Waiting for application startup.
[2026-03-16 17:19:54 +0000] [199] [INFO] Application startup complete.
[2026-03-16 17:19:54 +0000] [209] [INFO] Booting worker with pid: 209
[2026-03-16 17:19:54 +0000] [210] [INFO] Booting worker with pid: 210
[2026-03-16 17:19:54 +0000] [202] [INFO] Started server process [202]
[2026-03-16 17:19:54 +0000] [202] [INFO] Waiting for application startup.
[2026-03-16 17:19:54 +0000] [202] [INFO] Application startup complete.
[2026-03-16 17:19:54 +0000] [212] [INFO] Booting worker with pid: 212
[2026-03-16 17:19:54 +0000] [204] [INFO] Started server process [204]
[2026-03-16 17:19:54 +0000] [204] [INFO] Waiting for application startup.
[2026-03-16 17:19:54 +0000] [204] [INFO] Application startup complete.
[2026-03-16 17:19:54 +0000] [214] [INFO] Booting worker with pid: 214
[2026-03-16 17:19:54 +0000] [206] [INFO] Started server process [206]
[2026-03-16 17:19:54 +0000] [206] [INFO] Waiting for application startup.
[2026-03-16 17:19:54 +0000] [206] [INFO] Application startup complete.
[2026-03-16 17:19:54 +0000] [216] [INFO] Booting worker with pid: 216
[2026-03-16 17:19:54 +0000] [208] [INFO] Started server process [208]
[2026-03-16 17:19:54 +0000] [208] [INFO] Waiting for application startup.
[2026-03-16 17:19:54 +0000] [208] [INFO] Application startup complete.
[2026-03-16 17:19:54 +0000] [218] [INFO] Booting worker with pid: 218
[2026-03-16 17:19:54 +0000] [209] [INFO] Started server process [209]
[2026-03-16 17:19:54 +0000] [209] [INFO] Waiting for application startup.
[2026-03-16 17:19:54 +0000] [209] [INFO] Application startup complete.
[2026-03-16 17:19:54 +0000] [210] [INFO] Started server process [210]
[2026-03-16 17:19:54 +0000] [210] [INFO] Waiting for application startup.
[2026-03-16 17:19:54 +0000] [210] [INFO] Application startup complete.
[2026-03-16 17:19:54 +0000] [221] [INFO] Booting worker with pid: 221
[2026-03-16 17:19:54 +0000] [212] [INFO] Started server process [212]
[2026-03-16 17:19:54 +0000] [212] [INFO] Waiting for application startup.
[2026-03-16 17:19:54 +0000] [212] [INFO] Application startup complete.
[2026-03-16 17:19:54 +0000] [214] [INFO] Started server process [214]
[2026-03-16 17:19:54 +0000] [214] [INFO] Waiting for application startup.
[2026-03-16 17:19:54 +0000] [214] [INFO] Application startup complete.
[2026-03-16 17:19:54 +0000] [224] [INFO] Booting worker with pid: 224
[2026-03-16 17:19:54 +0000] [216] [INFO] Started server process [216]
[2026-03-16 17:19:54 +0000] [216] [INFO] Waiting for application startup.
[2026-03-16 17:19:54 +0000] [216] [INFO] Application startup complete.
[2026-03-16 17:19:54 +0000] [226] [INFO] Booting worker with pid: 226
[2026-03-16 17:19:54 +0000] [218] [INFO] Started server process [218]
[2026-03-16 17:19:54 +0000] [218] [INFO] Waiting for application startup.
[2026-03-16 17:19:54 +0000] [218] [INFO] Application startup complete.
[2026-03-16 17:19:54 +0000] [228] [INFO] Booting worker with pid: 228
[2026-03-16 17:19:55 +0000] [221] [INFO] Started server process [221]
[2026-03-16 17:19:55 +0000] [221] [INFO] Waiting for application startup.
[2026-03-16 17:19:55 +0000] [221] [INFO] Application startup complete.
[2026-03-16 17:19:55 +0000] [230] [INFO] Booting worker with pid: 230
[2026-03-16 17:19:55 +0000] [224] [INFO] Started server process [224]
[2026-03-16 17:19:55 +0000] [224] [INFO] Waiting for application startup.
[2026-03-16 17:19:55 +0000] [224] [INFO] Application startup complete.
[2026-03-16 17:19:55 +0000] [232] [INFO] Booting worker with pid: 232
[2026-03-16 17:19:55 +0000] [233] [INFO] Booting worker with pid: 233
[2026-03-16 17:19:55 +0000] [226] [INFO] Started server process [226]
[2026-03-16 17:19:55 +0000] [226] [INFO] Waiting for application startup.
[2026-03-16 17:19:55 +0000] [226] [INFO] Application startup complete.
[2026-03-16 17:19:55 +0000] [235] [INFO] Booting worker with pid: 235
[2026-03-16 17:19:55 +0000] [228] [INFO] Started server process [228]
[2026-03-16 17:19:55 +0000] [228] [INFO] Waiting for application startup.
[2026-03-16 17:19:55 +0000] [228] [INFO] Application startup complete.
[2026-03-16 17:19:55 +0000] [237] [INFO] Booting worker with pid: 237
[2026-03-16 17:19:55 +0000] [239] [INFO] Booting worker with pid: 239
[2026-03-16 17:19:55 +0000] [230] [INFO] Started server process [230]
[2026-03-16 17:19:55 +0000] [230] [INFO] Waiting for application startup.
[2026-03-16 17:19:55 +0000] [230] [INFO] Application startup complete.
[2026-03-16 17:19:55 +0000] [240] [INFO] Booting worker with pid: 240
[2026-03-16 17:19:55 +0000] [241] [INFO] Booting worker with pid: 241
[2026-03-16 17:19:55 +0000] [232] [INFO] Started server process [232]
[2026-03-16 17:19:55 +0000] [232] [INFO] Waiting for application startup.
[2026-03-16 17:19:55 +0000] [232] [INFO] Application startup complete.
[2026-03-16 17:19:55 +0000] [233] [INFO] Started server process [233]
[2026-03-16 17:19:55 +0000] [233] [INFO] Waiting for application startup.
[2026-03-16 17:19:55 +0000] [233] [INFO] Application startup complete.
[2026-03-16 17:19:55 +0000] [244] [INFO] Booting worker with pid: 244
[2026-03-16 17:19:55 +0000] [245] [INFO] Booting worker with pid: 245
[2026-03-16 17:19:55 +0000] [246] [INFO] Booting worker with pid: 246
[2026-03-16 17:19:55 +0000] [247] [INFO] Booting worker with pid: 247
[2026-03-16 17:19:55 +0000] [235] [INFO] Started server process [235]
[2026-03-16 17:19:55 +0000] [235] [INFO] Waiting for application startup.
[2026-03-16 17:19:55 +0000] [235] [INFO] Application startup complete.
[2026-03-16 17:19:55 +0000] [249] [INFO] Booting worker with pid: 249
[2026-03-16 17:19:55 +0000] [237] [INFO] Started server process [237]
[2026-03-16 17:19:55 +0000] [237] [INFO] Waiting for application startup.
[2026-03-16 17:19:55 +0000] [237] [INFO] Application startup complete.
[2026-03-16 17:19:55 +0000] [239] [INFO] Started server process [239]
[2026-03-16 17:19:55 +0000] [239] [INFO] Waiting for application startup.
[2026-03-16 17:19:55 +0000] [239] [INFO] Application startup complete.
[2026-03-16 17:19:55 +0000] [240] [INFO] Started server process [240]
[2026-03-16 17:19:55 +0000] [240] [INFO] Waiting for application startup.
[2026-03-16 17:19:55 +0000] [240] [INFO] Application startup complete.
[2026-03-16 17:19:55 +0000] [253] [INFO] Booting worker with pid: 253
[2026-03-16 17:19:55 +0000] [254] [INFO] Booting worker with pid: 254
[2026-03-16 17:19:55 +0000] [256] [INFO] Booting worker with pid: 256
[2026-03-16 17:19:55 +0000] [241] [INFO] Started server process [241]
[2026-03-16 17:19:55 +0000] [241] [INFO] Waiting for application startup.
[2026-03-16 17:19:55 +0000] [241] [INFO] Application startup complete.
[2026-03-16 17:19:55 +0000] [244] [INFO] Started server process [244]
[2026-03-16 17:19:55 +0000] [244] [INFO] Waiting for application startup.
[2026-03-16 17:19:55 +0000] [244] [INFO] Application startup complete.
[2026-03-16 17:19:55 +0000] [258] [INFO] Booting worker with pid: 258
[2026-03-16 17:19:55 +0000] [245] [INFO] Started server process [245]
[2026-03-16 17:19:55 +0000] [245] [INFO] Waiting for application startup.
[2026-03-16 17:19:55 +0000] [245] [INFO] Application startup complete.
[2026-03-16 17:19:55 +0000] [246] [INFO] Started server process [246]
[2026-03-16 17:19:55 +0000] [246] [INFO] Waiting for application startup.
[2026-03-16 17:19:55 +0000] [246] [INFO] Application startup complete.
[2026-03-16 17:19:55 +0000] [247] [INFO] Started server process [247]
[2026-03-16 17:19:55 +0000] [247] [INFO] Waiting for application startup.
[2026-03-16 17:19:55 +0000] [247] [INFO] Application startup complete.
[2026-03-16 17:19:55 +0000] [249] [INFO] Started server process [249]
[2026-03-16 17:19:55 +0000] [249] [INFO] Waiting for application startup.
[2026-03-16 17:19:55 +0000] [249] [INFO] Application startup complete.
[2026-03-16 17:19:55 +0000] [263] [INFO] Booting worker with pid: 263
[2026-03-16 17:19:55 +0000] [264] [INFO] Booting worker with pid: 264
[2026-03-16 17:19:55 +0000] [265] [INFO] Booting worker with pid: 265
[2026-03-16 17:19:55 +0000] [253] [INFO] Started server process [253]
[2026-03-16 17:19:55 +0000] [253] [INFO] Waiting for application startup.
[2026-03-16 17:19:55 +0000] [253] [INFO] Application startup complete.
[2026-03-16 17:19:55 +0000] [254] [INFO] Started server process [254]
[2026-03-16 17:19:55 +0000] [254] [INFO] Waiting for application startup.
[2026-03-16 17:19:55 +0000] [254] [INFO] Application startup complete.
[2026-03-16 17:19:55 +0000] [256] [INFO] Started server process [256]
[2026-03-16 17:19:55 +0000] [256] [INFO] Waiting for application startup.
[2026-03-16 17:19:55 +0000] [256] [INFO] Application startup complete.
[2026-03-16 17:19:55 +0000] [269] [INFO] Booting worker with pid: 269
[2026-03-16 17:19:55 +0000] [270] [INFO] Booting worker with pid: 270
[2026-03-16 17:19:55 +0000] [258] [INFO] Started server process [258]
[2026-03-16 17:19:55 +0000] [258] [INFO] Waiting for application startup.
[2026-03-16 17:19:55 +0000] [258] [INFO] Application startup complete.
[2026-03-16 17:19:56 +0000] [272] [INFO] Booting worker with pid: 272
[2026-03-16 17:19:56 +0000] [274] [INFO] Booting worker with pid: 274
[2026-03-16 17:19:56 +0000] [263] [INFO] Started server process [263]
[2026-03-16 17:19:56 +0000] [263] [INFO] Waiting for application startup.
[2026-03-16 17:19:56 +0000] [263] [INFO] Application startup complete.
[2026-03-16 17:19:56 +0000] [264] [INFO] Started server process [264]
[2026-03-16 17:19:56 +0000] [264] [INFO] Waiting for application startup.
[2026-03-16 17:19:56 +0000] [264] [INFO] Application startup complete.
[2026-03-16 17:19:56 +0000] [265] [INFO] Started server process [265]
[2026-03-16 17:19:56 +0000] [265] [INFO] Waiting for application startup.
[2026-03-16 17:19:56 +0000] [265] [INFO] Application startup complete.
[2026-03-16 17:19:56 +0000] [277] [INFO] Booting worker with pid: 277
[2026-03-16 17:19:56 +0000] [269] [INFO] Started server process [269]
[2026-03-16 17:19:56 +0000] [269] [INFO] Waiting for application startup.
[2026-03-16 17:19:56 +0000] [269] [INFO] Application startup complete.
[2026-03-16 17:19:56 +0000] [270] [INFO] Started server process [270]
[2026-03-16 17:19:56 +0000] [270] [INFO] Waiting for application startup.
[2026-03-16 17:19:56 +0000] [270] [INFO] Application startup complete.
[2026-03-16 17:19:56 +0000] [280] [INFO] Booting worker with pid: 280
[2026-03-16 17:19:56 +0000] [282] [INFO] Booting worker with pid: 282
[2026-03-16 17:19:56 +0000] [272] [INFO] Started server process [272]
[2026-03-16 17:19:56 +0000] [272] [INFO] Waiting for application startup.
[2026-03-16 17:19:56 +0000] [272] [INFO] Application startup complete.
[2026-03-16 17:19:56 +0000] [284] [INFO] Booting worker with pid: 284
[2026-03-16 17:19:56 +0000] [274] [INFO] Started server process [274]
[2026-03-16 17:19:56 +0000] [274] [INFO] Waiting for application startup.
[2026-03-16 17:19:56 +0000] [274] [INFO] Application startup complete.
[2026-03-16 17:19:56 +0000] [285] [INFO] Booting worker with pid: 285
[2026-03-16 17:19:56 +0000] [277] [INFO] Started server process [277]
[2026-03-16 17:19:56 +0000] [277] [INFO] Waiting for application startup.
[2026-03-16 17:19:56 +0000] [277] [INFO] Application startup complete.
[2026-03-16 17:19:56 +0000] [287] [INFO] Booting worker with pid: 287
[2026-03-16 17:19:56 +0000] [289] [INFO] Booting worker with pid: 289
[2026-03-16 17:19:56 +0000] [280] [INFO] Started server process [280]
[2026-03-16 17:19:56 +0000] [280] [INFO] Waiting for application startup.
[2026-03-16 17:19:56 +0000] [280] [INFO] Application startup complete.
[2026-03-16 17:19:56 +0000] [290] [INFO] Booting worker with pid: 290
[2026-03-16 17:19:56 +0000] [282] [INFO] Started server process [282]
[2026-03-16 17:19:56 +0000] [282] [INFO] Waiting for application startup.
[2026-03-16 17:19:56 +0000] [282] [INFO] Application startup complete.
[2026-03-16 17:19:56 +0000] [292] [INFO] Booting worker with pid: 292
[2026-03-16 17:19:56 +0000] [284] [INFO] Started server process [284]
[2026-03-16 17:19:56 +0000] [284] [INFO] Waiting for application startup.
[2026-03-16 17:19:56 +0000] [284] [INFO] Application startup complete.
[2026-03-16 17:19:56 +0000] [285] [INFO] Started server process [285]
[2026-03-16 17:19:56 +0000] [285] [INFO] Waiting for application startup.
[2026-03-16 17:19:56 +0000] [285] [INFO] Application startup complete.
[2026-03-16 17:19:56 +0000] [295] [INFO] Booting worker with pid: 295
[2026-03-16 17:19:56 +0000] [296] [INFO] Booting worker with pid: 296
[2026-03-16 17:19:56 +0000] [287] [INFO] Started server process [287]
[2026-03-16 17:19:56 +0000] [287] [INFO] Waiting for application startup.
[2026-03-16 17:19:56 +0000] [287] [INFO] Application startup complete.
[2026-03-16 17:19:56 +0000] [289] [INFO] Started server process [289]
[2026-03-16 17:19:56 +0000] [289] [INFO] Waiting for application startup.
[2026-03-16 17:19:56 +0000] [289] [INFO] Application startup complete.
[2026-03-16 17:19:56 +0000] [300] [INFO] Booting worker with pid: 300
[2026-03-16 17:19:56 +0000] [290] [INFO] Started server process [290]
[2026-03-16 17:19:56 +0000] [290] [INFO] Waiting for application startup.
[2026-03-16 17:19:56 +0000] [290] [INFO] Application startup complete.
[2026-03-16 17:19:56 +0000] [292] [INFO] Started server process [292]
[2026-03-16 17:19:56 +0000] [292] [INFO] Waiting for application startup.
[2026-03-16 17:19:56 +0000] [292] [INFO] Application startup complete.
[2026-03-16 17:19:56 +0000] [302] [INFO] Booting worker with pid: 302
[2026-03-16 17:19:56 +0000] [304] [INFO] Booting worker with pid: 304
[2026-03-16 17:19:56 +0000] [295] [INFO] Started server process [295]
[2026-03-16 17:19:56 +0000] [295] [INFO] Waiting for application startup.
[2026-03-16 17:19:56 +0000] [295] [INFO] Application startup complete.
[2026-03-16 17:19:56 +0000] [305] [INFO] Booting worker with pid: 305
[2026-03-16 17:19:56 +0000] [306] [INFO] Booting worker with pid: 306
[2026-03-16 17:19:56 +0000] [296] [INFO] Started server process [296]
[2026-03-16 17:19:56 +0000] [296] [INFO] Waiting for application startup.
[2026-03-16 17:19:56 +0000] [296] [INFO] Application startup complete.
[2026-03-16 17:19:57 +0000] [309] [INFO] Booting worker with pid: 309
[2026-03-16 17:19:57 +0000] [300] [INFO] Started server process [300]
[2026-03-16 17:19:57 +0000] [300] [INFO] Waiting for application startup.
[2026-03-16 17:19:57 +0000] [300] [INFO] Application startup complete.
[2026-03-16 17:19:57 +0000] [310] [INFO] Booting worker with pid: 310
[2026-03-16 17:19:57 +0000] [311] [INFO] Booting worker with pid: 311
[2026-03-16 17:19:57 +0000] [312] [INFO] Booting worker with pid: 312
[2026-03-16 17:19:57 +0000] [302] [INFO] Started server process [302]
[2026-03-16 17:19:57 +0000] [302] [INFO] Waiting for application startup.
[2026-03-16 17:19:57 +0000] [302] [INFO] Application startup complete.
[2026-03-16 17:19:57 +0000] [314] [INFO] Booting worker with pid: 314
[2026-03-16 17:19:57 +0000] [316] [INFO] Booting worker with pid: 316
[2026-03-16 17:19:57 +0000] [304] [INFO] Started server process [304]
[2026-03-16 17:19:57 +0000] [304] [INFO] Waiting for application startup.
[2026-03-16 17:19:57 +0000] [304] [INFO] Application startup complete.
[2026-03-16 17:19:57 +0000] [305] [INFO] Started server process [305]
[2026-03-16 17:19:57 +0000] [305] [INFO] Waiting for application startup.
[2026-03-16 17:19:57 +0000] [305] [INFO] Application startup complete.
[2026-03-16 17:19:57 +0000] [306] [INFO] Started server process [306]
[2026-03-16 17:19:57 +0000] [306] [INFO] Waiting for application startup.
[2026-03-16 17:19:57 +0000] [306] [INFO] Application startup complete.
[2026-03-16 17:19:57 +0000] [319] [INFO] Booting worker with pid: 319
[2026-03-16 17:19:57 +0000] [320] [INFO] Booting worker with pid: 320
[2026-03-16 17:19:57 +0000] [321] [INFO] Booting worker with pid: 321
[2026-03-16 17:19:57 +0000] [309] [INFO] Started server process [309]
[2026-03-16 17:19:57 +0000] [309] [INFO] Waiting for application startup.
[2026-03-16 17:19:57 +0000] [309] [INFO] Application startup complete.
[2026-03-16 17:19:57 +0000] [324] [INFO] Booting worker with pid: 324
[2026-03-16 17:19:57 +0000] [310] [INFO] Started server process [310]
[2026-03-16 17:19:57 +0000] [310] [INFO] Waiting for application startup.
[2026-03-16 17:19:57 +0000] [310] [INFO] Application startup complete.
[2026-03-16 17:19:57 +0000] [311] [INFO] Started server process [311]
[2026-03-16 17:19:57 +0000] [311] [INFO] Waiting for application startup.
[2026-03-16 17:19:57 +0000] [311] [INFO] Application startup complete.
[2026-03-16 17:19:57 +0000] [326] [INFO] Booting worker with pid: 326
[2026-03-16 17:19:57 +0000] [327] [INFO] Booting worker with pid: 327
[2026-03-16 17:19:57 +0000] [312] [INFO] Started server process [312]
[2026-03-16 17:19:57 +0000] [312] [INFO] Waiting for application startup.
[2026-03-16 17:19:57 +0000] [312] [INFO] Application startup complete.
[2026-03-16 17:19:57 +0000] [314] [INFO] Started server process [314]
[2026-03-16 17:19:57 +0000] [314] [INFO] Waiting for application startup.
[2026-03-16 17:19:57 +0000] [314] [INFO] Application startup complete.
[2026-03-16 17:19:57 +0000] [316] [INFO] Started server process [316]
[2026-03-16 17:19:57 +0000] [316] [INFO] Waiting for application startup.
[2026-03-16 17:19:57 +0000] [316] [INFO] Application startup complete.
[2026-03-16 17:19:57 +0000] [331] [INFO] Booting worker with pid: 331
[2026-03-16 17:19:57 +0000] [319] [INFO] Started server process [319]
[2026-03-16 17:19:57 +0000] [320] [INFO] Started server process [320]
[2026-03-16 17:19:57 +0000] [319] [INFO] Waiting for application startup.
[2026-03-16 17:19:57 +0000] [320] [INFO] Waiting for application startup.
[2026-03-16 17:19:57 +0000] [319] [INFO] Application startup complete.
[2026-03-16 17:19:57 +0000] [320] [INFO] Application startup complete.
[2026-03-16 17:19:57 +0000] [334] [INFO] Booting worker with pid: 334
[2026-03-16 17:19:57 +0000] [335] [INFO] Booting worker with pid: 335
[2026-03-16 17:19:57 +0000] [321] [INFO] Started server process [321]
[2026-03-16 17:19:57 +0000] [321] [INFO] Waiting for application startup.
[2026-03-16 17:19:57 +0000] [337] [INFO] Booting worker with pid: 337
[2026-03-16 17:19:57 +0000] [321] [INFO] Application startup complete.
[2026-03-16 17:19:57 +0000] [324] [INFO] Started server process [324]
[2026-03-16 17:19:57 +0000] [324] [INFO] Waiting for application startup.
[2026-03-16 17:19:57 +0000] [324] [INFO] Application startup complete.
[2026-03-16 17:19:57 +0000] [339] [INFO] Booting worker with pid: 339
[2026-03-16 17:19:57 +0000] [341] [INFO] Booting worker with pid: 341
[2026-03-16 17:19:57 +0000] [327] [INFO] Started server process [327]
[2026-03-16 17:19:57 +0000] [327] [INFO] Waiting for application startup.
[2026-03-16 17:19:57 +0000] [327] [INFO] Application startup complete.
[2026-03-16 17:19:57 +0000] [343] [INFO] Booting worker with pid: 343
[2026-03-16 17:19:57 +0000] [326] [INFO] Started server process [326]
[2026-03-16 17:19:57 +0000] [326] [INFO] Waiting for application startup.
[2026-03-16 17:19:57 +0000] [326] [INFO] Application startup complete.
[2026-03-16 17:19:57 +0000] [344] [INFO] Booting worker with pid: 344
[2026-03-16 17:19:57 +0000] [345] [INFO] Booting worker with pid: 345
[2026-03-16 17:19:57 +0000] [346] [INFO] Booting worker with pid: 346
[2026-03-16 17:19:58 +0000] [347] [INFO] Booting worker with pid: 347
[2026-03-16 17:19:58 +0000] [349] [INFO] Booting worker with pid: 349
[2026-03-16 17:19:58 +0000] [337] [INFO] Started server process [337]
[2026-03-16 17:19:58 +0000] [337] [INFO] Waiting for application startup.
[2026-03-16 17:19:58 +0000] [337] [INFO] Application startup complete.
[2026-03-16 17:19:58 +0000] [334] [INFO] Started server process [334]
[2026-03-16 17:19:58 +0000] [334] [INFO] Waiting for application startup.
[2026-03-16 17:19:58 +0000] [334] [INFO] Application startup complete.
[2026-03-16 17:19:58 +0000] [351] [INFO] Booting worker with pid: 351
[2026-03-16 17:19:58 +0000] [339] [INFO] Started server process [339]
[2026-03-16 17:19:58 +0000] [339] [INFO] Waiting for application startup.
[2026-03-16 17:19:58 +0000] [339] [INFO] Application startup complete.
[2026-03-16 17:19:58 +0000] [353] [INFO] Booting worker with pid: 353
[2026-03-16 17:19:58 +0000] [354] [INFO] Booting worker with pid: 354
[2026-03-16 17:19:58 +0000] [355] [INFO] Booting worker with pid: 355
[2026-03-16 17:19:58 +0000] [358] [INFO] Booting worker with pid: 358
[2026-03-16 17:19:58 +0000] [344] [INFO] Started server process [344]
[2026-03-16 17:19:58 +0000] [344] [INFO] Waiting for application startup.
[2026-03-16 17:19:58 +0000] [344] [INFO] Application startup complete.
[2026-03-16 17:19:58 +0000] [331] [INFO] Started server process [331]
[2026-03-16 17:19:58 +0000] [331] [INFO] Waiting for application startup.
[2026-03-16 17:19:58 +0000] [331] [INFO] Application startup complete.
[2026-03-16 17:19:58 +0000] [360] [INFO] Booting worker with pid: 360
[2026-03-16 17:19:58 +0000] [341] [INFO] Started server process [341]
[2026-03-16 17:19:58 +0000] [341] [INFO] Waiting for application startup.
[2026-03-16 17:19:58 +0000] [341] [INFO] Application startup complete.
[2026-03-16 17:19:58 +0000] [361] [INFO] Booting worker with pid: 361
[2026-03-16 17:19:58 +0000] [363] [INFO] Booting worker with pid: 363
[2026-03-16 17:19:58 +0000] [345] [INFO] Started server process [345]
[2026-03-16 17:19:58 +0000] [345] [INFO] Waiting for application startup.
[2026-03-16 17:19:58 +0000] [345] [INFO] Application startup complete.
[2026-03-16 17:19:58 +0000] [364] [INFO] Booting worker with pid: 364
[2026-03-16 17:19:58 +0000] [366] [INFO] Booting worker with pid: 366
[2026-03-16 17:19:58 +0000] [368] [INFO] Booting worker with pid: 368
[2026-03-16 17:19:58 +0000] [335] [INFO] Started server process [335]
[2026-03-16 17:19:58 +0000] [335] [INFO] Waiting for application startup.
[2026-03-16 17:19:58 +0000] [335] [INFO] Application startup complete.
[2026-03-16 17:19:58 +0000] [343] [INFO] Started server process [343]
[2026-03-16 17:19:58 +0000] [343] [INFO] Waiting for application startup.
[2026-03-16 17:19:58 +0000] [343] [INFO] Application startup complete.
[2026-03-16 17:19:58 +0000] [369] [INFO] Booting worker with pid: 369
[2026-03-16 17:19:58 +0000] [346] [INFO] Started server process [346]
[2026-03-16 17:19:58 +0000] [346] [INFO] Waiting for application startup.
[2026-03-16 17:19:58 +0000] [346] [INFO] Application startup complete.
[2026-03-16 17:19:58 +0000] [353] [INFO] Started server process [353]
[2026-03-16 17:19:58 +0000] [353] [INFO] Waiting for application startup.
[2026-03-16 17:19:58 +0000] [353] [INFO] Application startup complete.
[2026-03-16 17:19:58 +0000] [347] [INFO] Started server process [347]
[2026-03-16 17:19:58 +0000] [347] [INFO] Waiting for application startup.
[2026-03-16 17:19:58 +0000] [347] [INFO] Application startup complete.
[2026-03-16 17:19:58 +0000] [354] [INFO] Started server process [354]
[2026-03-16 17:19:58 +0000] [354] [INFO] Waiting for application startup.
[2026-03-16 17:19:58 +0000] [354] [INFO] Application startup complete.
[2026-03-16 17:19:58 +0000] [374] [INFO] Booting worker with pid: 374
[2026-03-16 17:19:58 +0000] [375] [INFO] Booting worker with pid: 375
[2026-03-16 17:19:58 +0000] [377] [INFO] Booting worker with pid: 377
[2026-03-16 17:19:59 +0000] [351] [INFO] Started server process [351]
[2026-03-16 17:19:59 +0000] [351] [INFO] Waiting for application startup.
[2026-03-16 17:19:59 +0000] [351] [INFO] Application startup complete.
[2026-03-16 17:19:59 +0000] [378] [INFO] Booting worker with pid: 378
[2026-03-16 17:19:59 +0000] [379] [INFO] Booting worker with pid: 379
[2026-03-16 17:19:59 +0000] [355] [INFO] Started server process [355]
[2026-03-16 17:19:59 +0000] [355] [INFO] Waiting for application startup.
[2026-03-16 17:19:59 +0000] [355] [INFO] Application startup complete.
[2026-03-16 17:19:59 +0000] [363] [INFO] Started server process [363]
[2026-03-16 17:19:59 +0000] [363] [INFO] Waiting for application startup.
[2026-03-16 17:19:59 +0000] [363] [INFO] Application startup complete.
[2026-03-16 17:19:59 +0000] [383] [INFO] Booting worker with pid: 383
[2026-03-16 17:19:59 +0000] [349] [INFO] Started server process [349]
[2026-03-16 17:19:59 +0000] [349] [INFO] Waiting for application startup.
[2026-03-16 17:19:59 +0000] [349] [INFO] Application startup complete.
[2026-03-16 17:19:59 +0000] [360] [INFO] Started server process [360]
[2026-03-16 17:19:59 +0000] [360] [INFO] Waiting for application startup.
[2026-03-16 17:19:59 +0000] [360] [INFO] Application startup complete.
[2026-03-16 17:19:59 +0000] [386] [INFO] Booting worker with pid: 386
[2026-03-16 17:19:59 +0000] [364] [INFO] Started server process [364]
[2026-03-16 17:19:59 +0000] [364] [INFO] Waiting for application startup.
[2026-03-16 17:19:59 +0000] [364] [INFO] Application startup complete.
[2026-03-16 17:19:59 +0000] [388] [INFO] Booting worker with pid: 388
[2026-03-16 17:19:59 +0000] [389] [INFO] Booting worker with pid: 389
[2026-03-16 17:19:59 +0000] [361] [INFO] Started server process [361]
[2026-03-16 17:19:59 +0000] [361] [INFO] Waiting for application startup.
[2026-03-16 17:19:59 +0000] [361] [INFO] Application startup complete.
[2026-03-16 17:19:59 +0000] [368] [INFO] Started server process [368]
[2026-03-16 17:19:59 +0000] [368] [INFO] Waiting for application startup.
[2026-03-16 17:19:59 +0000] [368] [INFO] Application startup complete.
[2026-03-16 17:19:59 +0000] [358] [INFO] Started server process [358]
[2026-03-16 17:19:59 +0000] [358] [INFO] Waiting for application startup.
[2026-03-16 17:19:59 +0000] [358] [INFO] Application startup complete.
[2026-03-16 17:19:59 +0000] [392] [INFO] Booting worker with pid: 392
[2026-03-16 17:19:59 +0000] [375] [INFO] Started server process [375]
[2026-03-16 17:19:59 +0000] [375] [INFO] Waiting for application startup.
[2026-03-16 17:19:59 +0000] [375] [INFO] Application startup complete.
[2026-03-16 17:19:59 +0000] [394] [INFO] Booting worker with pid: 394
[2026-03-16 17:19:59 +0000] [395] [INFO] Booting worker with pid: 395
[2026-03-16 17:19:59 +0000] [397] [INFO] Booting worker with pid: 397
[2026-03-16 17:19:59 +0000] [366] [INFO] Started server process [366]
[2026-03-16 17:19:59 +0000] [366] [INFO] Waiting for application startup.
[2026-03-16 17:19:59 +0000] [366] [INFO] Application startup complete.
[2026-03-16 17:19:59 +0000] [377] [INFO] Started server process [377]
[2026-03-16 17:19:59 +0000] [377] [INFO] Waiting for application startup.
[2026-03-16 17:19:59 +0000] [377] [INFO] Application startup complete.
[2026-03-16 17:19:59 +0000] [399] [INFO] Booting worker with pid: 399
[2026-03-16 17:19:59 +0000] [369] [INFO] Started server process [369]
[2026-03-16 17:19:59 +0000] [369] [INFO] Waiting for application startup.
[2026-03-16 17:19:59 +0000] [369] [INFO] Application startup complete.
[2026-03-16 17:19:59 +0000] [401] [INFO] Booting worker with pid: 401
[2026-03-16 17:19:59 +0000] [379] [INFO] Started server process [379]
[2026-03-16 17:19:59 +0000] [379] [INFO] Waiting for application startup.
[2026-03-16 17:19:59 +0000] [379] [INFO] Application startup complete.
[2026-03-16 17:19:59 +0000] [374] [INFO] Started server process [374]
[2026-03-16 17:19:59 +0000] [374] [INFO] Waiting for application startup.
[2026-03-16 17:19:59 +0000] [374] [INFO] Application startup complete.
[2026-03-16 17:19:59 +0000] [404] [INFO] Booting worker with pid: 404
[2026-03-16 17:19:59 +0000] [405] [INFO] Booting worker with pid: 405
[2026-03-16 17:19:59 +0000] [406] [INFO] Booting worker with pid: 406
[2026-03-16 17:19:59 +0000] [407] [INFO] Booting worker with pid: 407
[2026-03-16 17:19:59 +0000] [408] [INFO] Booting worker with pid: 408
[2026-03-16 17:20:00 +0000] [389] [INFO] Started server process [389]
[2026-03-16 17:20:00 +0000] [389] [INFO] Waiting for application startup.
[2026-03-16 17:20:00 +0000] [389] [INFO] Application startup complete.
[2026-03-16 17:20:00 +0000] [410] [INFO] Booting worker with pid: 410
[2026-03-16 17:20:00 +0000] [392] [INFO] Started server process [392]
[2026-03-16 17:20:00 +0000] [392] [INFO] Waiting for application startup.
[2026-03-16 17:20:00 +0000] [392] [INFO] Application startup complete.
[2026-03-16 17:20:00 +0000] [395] [INFO] Started server process [395]
[2026-03-16 17:20:00 +0000] [395] [INFO] Waiting for application startup.
[2026-03-16 17:20:00 +0000] [395] [INFO] Application startup complete.
[2026-03-16 17:20:00 +0000] [378] [INFO] Started server process [378]
[2026-03-16 17:20:00 +0000] [378] [INFO] Waiting for application startup.
[2026-03-16 17:20:00 +0000] [378] [INFO] Application startup complete.
[2026-03-16 17:20:00 +0000] [383] [INFO] Started server process [383]
[2026-03-16 17:20:00 +0000] [383] [INFO] Waiting for application startup.
[2026-03-16 17:20:00 +0000] [383] [INFO] Application startup complete.
[2026-03-16 17:20:00 +0000] [415] [INFO] Booting worker with pid: 415
[2026-03-16 17:20:00 +0000] [417] [INFO] Booting worker with pid: 417
[2026-03-16 17:20:00 +0000] [397] [INFO] Started server process [397]
[2026-03-16 17:20:00 +0000] [397] [INFO] Waiting for application startup.
[2026-03-16 17:20:00 +0000] [397] [INFO] Application startup complete.
[2026-03-16 17:20:00 +0000] [386] [INFO] Started server process [386]
[2026-03-16 17:20:00 +0000] [386] [INFO] Waiting for application startup.
[2026-03-16 17:20:00 +0000] [386] [INFO] Application startup complete.
[2026-03-16 17:20:00 +0000] [394] [INFO] Started server process [394]
[2026-03-16 17:20:00 +0000] [394] [INFO] Waiting for application startup.
[2026-03-16 17:20:00 +0000] [394] [INFO] Application startup complete.
[2026-03-16 17:20:00 +0000] [421] [INFO] Booting worker with pid: 421
[2026-03-16 17:20:00 +0000] [399] [INFO] Started server process [399]
[2026-03-16 17:20:00 +0000] [399] [INFO] Waiting for application startup.
[2026-03-16 17:20:00 +0000] [399] [INFO] Application startup complete.
[2026-03-16 17:20:00 +0000] [422] [INFO] Booting worker with pid: 422
[2026-03-16 17:20:00 +0000] [425] [INFO] Booting worker with pid: 425
[2026-03-16 17:20:00 +0000] [401] [INFO] Started server process [401]
[2026-03-16 17:20:00 +0000] [401] [INFO] Waiting for application startup.
[2026-03-16 17:20:00 +0000] [401] [INFO] Application startup complete.
[2026-03-16 17:20:00 +0000] [388] [INFO] Started server process [388]
[2026-03-16 17:20:00 +0000] [388] [INFO] Waiting for application startup.
[2026-03-16 17:20:00 +0000] [388] [INFO] Application startup complete.
[2026-03-16 17:20:00 +0000] [426] [INFO] Booting worker with pid: 426
[2026-03-16 17:20:00 +0000] [404] [INFO] Started server process [404]
[2026-03-16 17:20:00 +0000] [404] [INFO] Waiting for application startup.
[2026-03-16 17:20:00 +0000] [404] [INFO] Application startup complete.
[2026-03-16 17:20:00 +0000] [428] [INFO] Booting worker with pid: 428
[2026-03-16 17:20:00 +0000] [430] [INFO] Booting worker with pid: 430
[2026-03-16 17:20:00 +0000] [408] [INFO] Started server process [408]
[2026-03-16 17:20:00 +0000] [408] [INFO] Waiting for application startup.
[2026-03-16 17:20:00 +0000] [408] [INFO] Application startup complete.
[2026-03-16 17:20:00 +0000] [405] [INFO] Started server process [405]
[2026-03-16 17:20:00 +0000] [407] [INFO] Started server process [407]
[2026-03-16 17:20:00 +0000] [407] [INFO] Waiting for application startup.
[2026-03-16 17:20:00 +0000] [407] [INFO] Application startup complete.
[2026-03-16 17:20:00 +0000] [405] [INFO] Waiting for application startup.
[2026-03-16 17:20:00 +0000] [405] [INFO] Application startup complete.
[2026-03-16 17:20:00 +0000] [433] [INFO] Booting worker with pid: 433
[2026-03-16 17:20:00 +0000] [417] [INFO] Started server process [417]
[2026-03-16 17:20:00 +0000] [417] [INFO] Waiting for application startup.
[2026-03-16 17:20:00 +0000] [417] [INFO] Application startup complete.
[2026-03-16 17:20:00 +0000] [436] [INFO] Booting worker with pid: 436
[2026-03-16 17:20:00 +0000] [406] [INFO] Started server process [406]
[2026-03-16 17:20:00 +0000] [406] [INFO] Waiting for application startup.
[2026-03-16 17:20:00 +0000] [406] [INFO] Application startup complete.
[2026-03-16 17:20:00 +0000] [410] [INFO] Started server process [410]
[2026-03-16 17:20:00 +0000] [410] [INFO] Waiting for application startup.
[2026-03-16 17:20:00 +0000] [410] [INFO] Application startup complete.
[2026-03-16 17:20:00 +0000] [415] [INFO] Started server process [415]
[2026-03-16 17:20:00 +0000] [415] [INFO] Waiting for application startup.
[2026-03-16 17:20:00 +0000] [415] [INFO] Application startup complete.
[2026-03-16 17:20:00 +0000] [439] [INFO] Booting worker with pid: 439
[2026-03-16 17:20:00 +0000] [440] [INFO] Booting worker with pid: 440
[2026-03-16 17:20:00 +0000] [441] [INFO] Booting worker with pid: 441
[2026-03-16 17:20:01 +0000] [422] [INFO] Started server process [422]
[2026-03-16 17:20:01 +0000] [422] [INFO] Waiting for application startup.
[2026-03-16 17:20:01 +0000] [422] [INFO] Application startup complete.
[2026-03-16 17:20:01 +0000] [443] [INFO] Booting worker with pid: 443
[2026-03-16 17:20:01 +0000] [425] [INFO] Started server process [425]
[2026-03-16 17:20:01 +0000] [425] [INFO] Waiting for application startup.
[2026-03-16 17:20:01 +0000] [425] [INFO] Application startup complete.
[2026-03-16 17:20:01 +0000] [421] [INFO] Started server process [421]
[2026-03-16 17:20:01 +0000] [421] [INFO] Waiting for application startup.
[2026-03-16 17:20:01 +0000] [421] [INFO] Application startup complete.
[2026-03-16 17:20:01 +0000] [447] [INFO] Booting worker with pid: 447
[2026-03-16 17:20:01 +0000] [428] [INFO] Started server process [428]
[2026-03-16 17:20:01 +0000] [428] [INFO] Waiting for application startup.
[2026-03-16 17:20:01 +0000] [428] [INFO] Application startup complete.
[2026-03-16 17:20:01 +0000] [448] [INFO] Booting worker with pid: 448
[2026-03-16 17:20:01 +0000] [450] [INFO] Booting worker with pid: 450
[2026-03-16 17:20:01 +0000] [433] [INFO] Started server process [433]
[2026-03-16 17:20:01 +0000] [433] [INFO] Waiting for application startup.
[2026-03-16 17:20:01 +0000] [433] [INFO] Application startup complete.
[2026-03-16 17:20:01 +0000] [452] [INFO] Booting worker with pid: 452
[2026-03-16 17:20:01 +0000] [436] [INFO] Started server process [436]
[2026-03-16 17:20:01 +0000] [436] [INFO] Waiting for application startup.
[2026-03-16 17:20:01 +0000] [436] [INFO] Application startup complete.
[2026-03-16 17:20:01 +0000] [430] [INFO] Started server process [430]
[2026-03-16 17:20:01 +0000] [430] [INFO] Waiting for application startup.
[2026-03-16 17:20:01 +0000] [430] [INFO] Application startup complete.
[2026-03-16 17:20:01 +0000] [455] [INFO] Booting worker with pid: 455
[2026-03-16 17:20:01 +0000] [426] [INFO] Started server process [426]
[2026-03-16 17:20:01 +0000] [426] [INFO] Waiting for application startup.
[2026-03-16 17:20:01 +0000] [426] [INFO] Application startup complete.
[2026-03-16 17:20:01 +0000] [439] [INFO] Started server process [439]
[2026-03-16 17:20:01 +0000] [439] [INFO] Waiting for application startup.
[2026-03-16 17:20:01 +0000] [439] [INFO] Application startup complete.
[2026-03-16 17:20:01 +0000] [457] [INFO] Booting worker with pid: 457
[2026-03-16 17:20:01 +0000] [458] [INFO] Booting worker with pid: 458
[2026-03-16 17:20:01 +0000] [440] [INFO] Started server process [440]
[2026-03-16 17:20:01 +0000] [440] [INFO] Waiting for application startup.
[2026-03-16 17:20:01 +0000] [440] [INFO] Application startup complete.
[2026-03-16 17:20:01 +0000] [448] [INFO] Started server process [448]
[2026-03-16 17:20:01 +0000] [448] [INFO] Waiting for application startup.
[2026-03-16 17:20:01 +0000] [461] [INFO] Booting worker with pid: 461
[2026-03-16 17:20:01 +0000] [448] [INFO] Application startup complete.
[2026-03-16 17:20:01 +0000] [441] [INFO] Started server process [441]
[2026-03-16 17:20:01 +0000] [441] [INFO] Waiting for application startup.
[2026-03-16 17:20:01 +0000] [441] [INFO] Application startup complete.
[2026-03-16 17:20:01 +0000] [463] [INFO] Booting worker with pid: 463
[2026-03-16 17:20:01 +0000] [447] [INFO] Started server process [447]
[2026-03-16 17:20:01 +0000] [447] [INFO] Waiting for application startup.
[2026-03-16 17:20:01 +0000] [447] [INFO] Application startup complete.
[2026-03-16 17:20:01 +0000] [450] [INFO] Started server process [450]
[2026-03-16 17:20:01 +0000] [450] [INFO] Waiting for application startup.
[2026-03-16 17:20:01 +0000] [450] [INFO] Application startup complete.
[2026-03-16 17:20:01 +0000] [466] [INFO] Booting worker with pid: 466
[2026-03-16 17:20:01 +0000] [468] [INFO] Booting worker with pid: 468
[2026-03-16 17:20:01 +0000] [443] [INFO] Started server process [443]
[2026-03-16 17:20:01 +0000] [443] [INFO] Waiting for application startup.
[2026-03-16 17:20:01 +0000] [443] [INFO] Application startup complete.
[2026-03-16 17:20:02 +0000] [470] [INFO] Booting worker with pid: 470
[2026-03-16 17:20:02 +0000] [455] [INFO] Started server process [455]
[2026-03-16 17:20:02 +0000] [455] [INFO] Waiting for application startup.
[2026-03-16 17:20:02 +0000] [455] [INFO] Application startup complete.
[2026-03-16 17:20:02 +0000] [457] [INFO] Started server process [457]
[2026-03-16 17:20:02 +0000] [457] [INFO] Waiting for application startup.
[2026-03-16 17:20:02 +0000] [457] [INFO] Application startup complete.
[2026-03-16 17:20:02 +0000] [452] [INFO] Started server process [452]
[2026-03-16 17:20:02 +0000] [452] [INFO] Waiting for application startup.
[2026-03-16 17:20:02 +0000] [452] [INFO] Application startup complete.
[2026-03-16 17:20:02 +0000] [473] [INFO] Booting worker with pid: 473
[2026-03-16 17:20:02 +0000] [461] [INFO] Started server process [461]
[2026-03-16 17:20:02 +0000] [461] [INFO] Waiting for application startup.
[2026-03-16 17:20:02 +0000] [461] [INFO] Application startup complete.
[2026-03-16 17:20:02 +0000] [475] [INFO] Booting worker with pid: 475
[2026-03-16 17:20:02 +0000] [458] [INFO] Started server process [458]
[2026-03-16 17:20:02 +0000] [458] [INFO] Waiting for application startup.
[2026-03-16 17:20:02 +0000] [458] [INFO] Application startup complete.
[2026-03-16 17:20:02 +0000] [477] [INFO] Booting worker with pid: 477
[2026-03-16 17:20:02 +0000] [478] [INFO] Booting worker with pid: 478
[2026-03-16 17:20:02 +0000] [479] [INFO] Booting worker with pid: 479
[2026-03-16 17:20:02 +0000] [481] [INFO] Booting worker with pid: 481
[2026-03-16 17:20:02 +0000] [466] [INFO] Started server process [466]
[2026-03-16 17:20:02 +0000] [466] [INFO] Waiting for application startup.
[2026-03-16 17:20:02 +0000] [466] [INFO] Application startup complete.
[2026-03-16 17:20:02 +0000] [468] [INFO] Started server process [468]
[2026-03-16 17:20:02 +0000] [468] [INFO] Waiting for application startup.
[2026-03-16 17:20:02 +0000] [468] [INFO] Application startup complete.
[2026-03-16 17:20:02 +0000] [463] [INFO] Started server process [463]
[2026-03-16 17:20:02 +0000] [463] [INFO] Waiting for application startup.
[2026-03-16 17:20:02 +0000] [463] [INFO] Application startup complete.
[2026-03-16 17:20:02 +0000] [484] [INFO] Booting worker with pid: 484
[2026-03-16 17:20:02 +0000] [473] [INFO] Started server process [473]
[2026-03-16 17:20:02 +0000] [473] [INFO] Waiting for application startup.
[2026-03-16 17:20:02 +0000] [473] [INFO] Application startup complete.
[2026-03-16 17:20:02 +0000] [487] [INFO] Booting worker with pid: 487
[2026-03-16 17:20:02 +0000] [475] [INFO] Started server process [475]
[2026-03-16 17:20:02 +0000] [475] [INFO] Waiting for application startup.
[2026-03-16 17:20:02 +0000] [475] [INFO] Application startup complete.
[2026-03-16 17:20:02 +0000] [470] [INFO] Started server process [470]
[2026-03-16 17:20:02 +0000] [470] [INFO] Waiting for application startup.
[2026-03-16 17:20:02 +0000] [470] [INFO] Application startup complete.
[2026-03-16 17:20:02 +0000] [489] [INFO] Booting worker with pid: 489
[2026-03-16 17:20:02 +0000] [477] [INFO] Started server process [477]
[2026-03-16 17:20:02 +0000] [477] [INFO] Waiting for application startup.
[2026-03-16 17:20:02 +0000] [477] [INFO] Application startup complete.
[2026-03-16 17:20:02 +0000] [478] [INFO] Started server process [478]
[2026-03-16 17:20:02 +0000] [478] [INFO] Waiting for application startup.
[2026-03-16 17:20:02 +0000] [478] [INFO] Application startup complete.
[2026-03-16 17:20:02 +0000] [479] [INFO] Started server process [479]
[2026-03-16 17:20:02 +0000] [479] [INFO] Waiting for application startup.
[2026-03-16 17:20:02 +0000] [479] [INFO] Application startup complete.
[2026-03-16 17:20:02 +0000] [493] [INFO] Booting worker with pid: 493
[2026-03-16 17:20:02 +0000] [481] [INFO] Started server process [481]
[2026-03-16 17:20:02 +0000] [481] [INFO] Waiting for application startup.
[2026-03-16 17:20:02 +0000] [481] [INFO] Application startup complete.
[2026-03-16 17:20:02 +0000] [495] [INFO] Booting worker with pid: 495
[2026-03-16 17:20:02 +0000] [497] [INFO] Booting worker with pid: 497
[2026-03-16 17:20:02 +0000] [484] [INFO] Started server process [484]
[2026-03-16 17:20:02 +0000] [484] [INFO] Waiting for application startup.
[2026-03-16 17:20:02 +0000] [484] [INFO] Application startup complete.
[2026-03-16 17:20:02 +0000] [499] [INFO] Booting worker with pid: 499
[2026-03-16 17:20:02 +0000] [487] [INFO] Started server process [487]
[2026-03-16 17:20:02 +0000] [487] [INFO] Waiting for application startup.
[2026-03-16 17:20:02 +0000] [487] [INFO] Application startup complete.
[2026-03-16 17:20:02 +0000] [489] [INFO] Started server process [489]
[2026-03-16 17:20:02 +0000] [489] [INFO] Waiting for application startup.
[2026-03-16 17:20:02 +0000] [489] [INFO] Application startup complete.
[2026-03-16 17:20:02 +0000] [501] [INFO] Booting worker with pid: 501
[2026-03-16 17:20:03 +0000] [493] [INFO] Started server process [493]
[2026-03-16 17:20:03 +0000] [493] [INFO] Waiting for application startup.
[2026-03-16 17:20:03 +0000] [493] [INFO] Application startup complete.
[2026-03-16 17:20:03 +0000] [495] [INFO] Started server process [495]
[2026-03-16 17:20:03 +0000] [495] [INFO] Waiting for application startup.
[2026-03-16 17:20:03 +0000] [495] [INFO] Application startup complete.
[2026-03-16 17:20:03 +0000] [504] [INFO] Booting worker with pid: 504
[2026-03-16 17:20:03 +0000] [505] [INFO] Booting worker with pid: 505
[2026-03-16 17:20:03 +0000] [497] [INFO] Started server process [497]
[2026-03-16 17:20:03 +0000] [497] [INFO] Waiting for application startup.
[2026-03-16 17:20:03 +0000] [497] [INFO] Application startup complete.
[2026-03-16 17:20:03 +0000] [508] [INFO] Booting worker with pid: 508
[2026-03-16 17:20:03 +0000] [499] [INFO] Started server process [499]
[2026-03-16 17:20:03 +0000] [499] [INFO] Waiting for application startup.
[2026-03-16 17:20:03 +0000] [499] [INFO] Application startup complete.
[2026-03-16 17:20:03 +0000] [501] [INFO] Started server process [501]
[2026-03-16 17:20:03 +0000] [501] [INFO] Waiting for application startup.
[2026-03-16 17:20:03 +0000] [501] [INFO] Application startup complete.
[2026-03-16 17:20:03 +0000] [510] [INFO] Booting worker with pid: 510
[2026-03-16 17:20:03 +0000] [512] [INFO] Booting worker with pid: 512
[2026-03-16 17:20:03 +0000] [504] [INFO] Started server process [504]
[2026-03-16 17:20:03 +0000] [504] [INFO] Waiting for application startup.
[2026-03-16 17:20:03 +0000] [504] [INFO] Application startup complete.
[2026-03-16 17:20:03 +0000] [505] [INFO] Started server process [505]
[2026-03-16 17:20:03 +0000] [505] [INFO] Waiting for application startup.
[2026-03-16 17:20:03 +0000] [505] [INFO] Application startup complete.
[2026-03-16 17:20:03 +0000] [514] [INFO] Booting worker with pid: 514
[2026-03-16 17:20:03 +0000] [508] [INFO] Started server process [508]
[2026-03-16 17:20:03 +0000] [508] [INFO] Waiting for application startup.
[2026-03-16 17:20:03 +0000] [508] [INFO] Application startup complete.
[2026-03-16 17:20:03 +0000] [510] [INFO] Started server process [510]
[2026-03-16 17:20:03 +0000] [510] [INFO] Waiting for application startup.
[2026-03-16 17:20:03 +0000] [510] [INFO] Application startup complete.
[2026-03-16 17:20:03 +0000] [512] [INFO] Started server process [512]
[2026-03-16 17:20:03 +0000] [512] [INFO] Waiting for application startup.
[2026-03-16 17:20:03 +0000] [512] [INFO] Application startup complete.
[2026-03-16 17:20:03 +0000] [514] [INFO] Started server process [514]
[2026-03-16 17:20:03 +0000] [514] [INFO] Waiting for application startup.
[2026-03-16 17:20:03 +0000] [514] [INFO] Application startup complete.
