[2026-03-16 17:22:17 +0000] [1] [INFO] Starting gunicorn 23.0.0
[2026-03-16 17:22:17 +0000] [1] [INFO] Listening at: http://0.0.0.0:8080 (1)
[2026-03-16 17:22:17 +0000] [1] [INFO] Using worker: uvicorn.workers.UvicornWorker
[2026-03-16 17:22:17 +0000] [7] [INFO] Booting worker with pid: 7
[2026-03-16 17:22:17 +0000] [8] [INFO] Booting worker with pid: 8
[2026-03-16 17:22:17 +0000] [9] [INFO] Booting worker with pid: 9
[2026-03-16 17:22:17 +0000] [10] [INFO] Booting worker with pid: 10
[2026-03-16 17:22:17 +0000] [11] [INFO] Booting worker with pid: 11
[2026-03-16 17:22:17 +0000] [12] [INFO] Booting worker with pid: 12
[2026-03-16 17:22:17 +0000] [13] [INFO] Booting worker with pid: 13
[2026-03-16 17:22:17 +0000] [14] [INFO] Booting worker with pid: 14
[2026-03-16 17:22:17 +0000] [7] [INFO] Started server process [7]
[2026-03-16 17:22:17 +0000] [7] [INFO] Waiting for application startup.
[2026-03-16 17:22:17 +0000] [7] [INFO] Application startup complete.
[2026-03-16 17:22:17 +0000] [16] [INFO] Booting worker with pid: 16
[2026-03-16 17:22:17 +0000] [8] [INFO] Started server process [8]
[2026-03-16 17:22:17 +0000] [8] [INFO] Waiting for application startup.
[2026-03-16 17:22:17 +0000] [8] [INFO] Application startup complete.
[2026-03-16 17:22:17 +0000] [18] [INFO] Booting worker with pid: 18
[2026-03-16 17:22:17 +0000] [9] [INFO] Started server process [9]
[2026-03-16 17:22:17 +0000] [9] [INFO] Waiting for application startup.
[2026-03-16 17:22:17 +0000] [9] [INFO] Application startup complete.
[2026-03-16 17:22:17 +0000] [10] [INFO] Started server process [10]
[2026-03-16 17:22:17 +0000] [10] [INFO] Waiting for application startup.
[2026-03-16 17:22:17 +0000] [10] [INFO] Application startup complete.
[2026-03-16 17:22:17 +0000] [21] [INFO] Booting worker with pid: 21
[2026-03-16 17:22:17 +0000] [11] [INFO] Started server process [11]
[2026-03-16 17:22:17 +0000] [11] [INFO] Waiting for application startup.
[2026-03-16 17:22:17 +0000] [11] [INFO] Application startup complete.
[2026-03-16 17:22:17 +0000] [23] [INFO] Booting worker with pid: 23
[2026-03-16 17:22:17 +0000] [24] [INFO] Booting worker with pid: 24
[2026-03-16 17:22:17 +0000] [12] [INFO] Started server process [12]
[2026-03-16 17:22:17 +0000] [12] [INFO] Waiting for application startup.
[2026-03-16 17:22:17 +0000] [12] [INFO] Application startup complete.
[2026-03-16 17:22:17 +0000] [13] [INFO] Started server process [13]
[2026-03-16 17:22:17 +0000] [13] [INFO] Waiting for application startup.
[2026-03-16 17:22:17 +0000] [13] [INFO] Application startup complete.
[2026-03-16 17:22:17 +0000] [14] [INFO] Started server process [14]
[2026-03-16 17:22:17 +0000] [14] [INFO] Waiting for application startup.
[2026-03-16 17:22:17 +0000] [14] [INFO] Application startup complete.
[2026-03-16 17:22:17 +0000] [28] [INFO] Booting worker with pid: 28
[2026-03-16 17:22:17 +0000] [16] [INFO] Started server process [16]
[2026-03-16 17:22:17 +0000] [16] [INFO] Waiting for application startup.
[2026-03-16 17:22:17 +0000] [16] [INFO] Application startup complete.
[2026-03-16 17:22:17 +0000] [30] [INFO] Booting worker with pid: 30
[2026-03-16 17:22:18 +0000] [18] [INFO] Started server process [18]
[2026-03-16 17:22:18 +0000] [18] [INFO] Waiting for application startup.
[2026-03-16 17:22:18 +0000] [18] [INFO] Application startup complete.
[2026-03-16 17:22:18 +0000] [32] [INFO] Booting worker with pid: 32
[2026-03-16 17:22:18 +0000] [33] [INFO] Booting worker with pid: 33
[2026-03-16 17:22:18 +0000] [34] [INFO] Booting worker with pid: 34
[2026-03-16 17:22:18 +0000] [36] [INFO] Booting worker with pid: 36
[2026-03-16 17:22:18 +0000] [21] [INFO] Started server process [21]
[2026-03-16 17:22:18 +0000] [21] [INFO] Waiting for application startup.
[2026-03-16 17:22:18 +0000] [21] [INFO] Application startup complete.
[2026-03-16 17:22:18 +0000] [23] [INFO] Started server process [23]
[2026-03-16 17:22:18 +0000] [23] [INFO] Waiting for application startup.
[2026-03-16 17:22:18 +0000] [23] [INFO] Application startup complete.
[2026-03-16 17:22:18 +0000] [24] [INFO] Started server process [24]
[2026-03-16 17:22:18 +0000] [24] [INFO] Waiting for application startup.
[2026-03-16 17:22:18 +0000] [24] [INFO] Application startup complete.
[2026-03-16 17:22:18 +0000] [39] [INFO] Booting worker with pid: 39
[2026-03-16 17:22:18 +0000] [28] [INFO] Started server process [28]
[2026-03-16 17:22:18 +0000] [28] [INFO] Waiting for application startup.
[2026-03-16 17:22:18 +0000] [28] [INFO] Application startup complete.
[2026-03-16 17:22:18 +0000] [41] [INFO] Booting worker with pid: 41
[2026-03-16 17:22:18 +0000] [30] [INFO] Started server process [30]
[2026-03-16 17:22:18 +0000] [30] [INFO] Waiting for application startup.
[2026-03-16 17:22:18 +0000] [30] [INFO] Application startup complete.
[2026-03-16 17:22:18 +0000] [45] [INFO] Booting worker with pid: 45
[2026-03-16 17:22:18 +0000] [32] [INFO] Started server process [32]
[2026-03-16 17:22:18 +0000] [32] [INFO] Waiting for application startup.
[2026-03-16 17:22:18 +0000] [32] [INFO] Application startup complete.
[2026-03-16 17:22:18 +0000] [33] [INFO] Started server process [33]
[2026-03-16 17:22:18 +0000] [33] [INFO] Waiting for application startup.
[2026-03-16 17:22:18 +0000] [33] [INFO] Application startup complete.
[2026-03-16 17:22:18 +0000] [47] [INFO] Booting worker with pid: 47
[2026-03-16 17:22:18 +0000] [34] [INFO] Started server process [34]
[2026-03-16 17:22:18 +0000] [34] [INFO] Waiting for application startup.
[2026-03-16 17:22:18 +0000] [34] [INFO] Application startup complete.
[2026-03-16 17:22:18 +0000] [49] [INFO] Booting worker with pid: 49
[2026-03-16 17:22:18 +0000] [50] [INFO] Booting worker with pid: 50
[2026-03-16 17:22:18 +0000] [36] [INFO] Started server process [36]
[2026-03-16 17:22:18 +0000] [36] [INFO] Waiting for application startup.
[2026-03-16 17:22:18 +0000] [36] [INFO] Application startup complete.
[2026-03-16 17:22:18 +0000] [51] [INFO] Booting worker with pid: 51
[2026-03-16 17:22:18 +0000] [52] [INFO] Booting worker with pid: 52
[2026-03-16 17:22:18 +0000] [53] [INFO] Booting worker with pid: 53
[2026-03-16 17:22:18 +0000] [39] [INFO] Started server process [39]
[2026-03-16 17:22:18 +0000] [39] [INFO] Waiting for application startup.
[2026-03-16 17:22:18 +0000] [39] [INFO] Application startup complete.
[2026-03-16 17:22:18 +0000] [55] [INFO] Booting worker with pid: 55
[2026-03-16 17:22:18 +0000] [41] [INFO] Started server process [41]
[2026-03-16 17:22:18 +0000] [41] [INFO] Waiting for application startup.
[2026-03-16 17:22:18 +0000] [41] [INFO] Application startup complete.
[2026-03-16 17:22:18 +0000] [57] [INFO] Booting worker with pid: 57
[2026-03-16 17:22:18 +0000] [58] [INFO] Booting worker with pid: 58
[2026-03-16 17:22:18 +0000] [60] [INFO] Booting worker with pid: 60
[2026-03-16 17:22:18 +0000] [45] [INFO] Started server process [45]
[2026-03-16 17:22:18 +0000] [45] [INFO] Waiting for application startup.
[2026-03-16 17:22:18 +0000] [45] [INFO] Application startup complete.
[2026-03-16 17:22:18 +0000] [47] [INFO] Started server process [47]
[2026-03-16 17:22:18 +0000] [47] [INFO] Waiting for application startup.
[2026-03-16 17:22:18 +0000] [47] [INFO] Application startup complete.
[2026-03-16 17:22:18 +0000] [49] [INFO] Started server process [49]
[2026-03-16 17:22:18 +0000] [49] [INFO] Waiting for application startup.
[2026-03-16 17:22:18 +0000] [49] [INFO] Application startup complete.
[2026-03-16 17:22:18 +0000] [50] [INFO] Started server process [50]
[2026-03-16 17:22:18 +0000] [50] [INFO] Waiting for application startup.
[2026-03-16 17:22:18 +0000] [50] [INFO] Application startup complete.
[2026-03-16 17:22:18 +0000] [64] [INFO] Booting worker with pid: 64
[2026-03-16 17:22:18 +0000] [51] [INFO] Started server process [51]
[2026-03-16 17:22:18 +0000] [51] [INFO] Waiting for application startup.
[2026-03-16 17:22:18 +0000] [51] [INFO] Application startup complete.
[2026-03-16 17:22:18 +0000] [52] [INFO] Started server process [52]
[2026-03-16 17:22:18 +0000] [52] [INFO] Waiting for application startup.
[2026-03-16 17:22:18 +0000] [52] [INFO] Application startup complete.
[2026-03-16 17:22:18 +0000] [53] [INFO] Started server process [53]
[2026-03-16 17:22:18 +0000] [53] [INFO] Waiting for application startup.
[2026-03-16 17:22:18 +0000] [53] [INFO] Application startup complete.
[2026-03-16 17:22:18 +0000] [68] [INFO] Booting worker with pid: 68
[2026-03-16 17:22:18 +0000] [69] [INFO] Booting worker with pid: 69
[2026-03-16 17:22:18 +0000] [55] [INFO] Started server process [55]
[2026-03-16 17:22:18 +0000] [55] [INFO] Waiting for application startup.
[2026-03-16 17:22:18 +0000] [55] [INFO] Application startup complete.
[2026-03-16 17:22:18 +0000] [71] [INFO] Booting worker with pid: 71
[2026-03-16 17:22:18 +0000] [57] [INFO] Started server process [57]
[2026-03-16 17:22:18 +0000] [57] [INFO] Waiting for application startup.
[2026-03-16 17:22:18 +0000] [57] [INFO] Application startup complete.
[2026-03-16 17:22:18 +0000] [58] [INFO] Started server process [58]
[2026-03-16 17:22:18 +0000] [58] [INFO] Waiting for application startup.
[2026-03-16 17:22:18 +0000] [58] [INFO] Application startup complete.
[2026-03-16 17:22:18 +0000] [74] [INFO] Booting worker with pid: 74
[2026-03-16 17:22:18 +0000] [60] [INFO] Started server process [60]
[2026-03-16 17:22:18 +0000] [60] [INFO] Waiting for application startup.
[2026-03-16 17:22:18 +0000] [60] [INFO] Application startup complete.
[2026-03-16 17:22:18 +0000] [77] [INFO] Booting worker with pid: 77
[2026-03-16 17:22:18 +0000] [64] [INFO] Started server process [64]
[2026-03-16 17:22:18 +0000] [64] [INFO] Waiting for application startup.
[2026-03-16 17:22:18 +0000] [64] [INFO] Application startup complete.
[2026-03-16 17:22:18 +0000] [78] [INFO] Booting worker with pid: 78
[2026-03-16 17:22:18 +0000] [79] [INFO] Booting worker with pid: 79
[2026-03-16 17:22:18 +0000] [68] [INFO] Started server process [68]
[2026-03-16 17:22:18 +0000] [68] [INFO] Waiting for application startup.
[2026-03-16 17:22:18 +0000] [68] [INFO] Application startup complete.
[2026-03-16 17:22:18 +0000] [81] [INFO] Booting worker with pid: 81
[2026-03-16 17:22:18 +0000] [82] [INFO] Booting worker with pid: 82
[2026-03-16 17:22:19 +0000] [69] [INFO] Started server process [69]
[2026-03-16 17:22:19 +0000] [69] [INFO] Waiting for application startup.
[2026-03-16 17:22:19 +0000] [69] [INFO] Application startup complete.
[2026-03-16 17:22:19 +0000] [71] [INFO] Started server process [71]
[2026-03-16 17:22:19 +0000] [71] [INFO] Waiting for application startup.
[2026-03-16 17:22:19 +0000] [71] [INFO] Application startup complete.
[2026-03-16 17:22:19 +0000] [85] [INFO] Booting worker with pid: 85
[2026-03-16 17:22:19 +0000] [87] [INFO] Booting worker with pid: 87
[2026-03-16 17:22:19 +0000] [74] [INFO] Started server process [74]
[2026-03-16 17:22:19 +0000] [74] [INFO] Waiting for application startup.
[2026-03-16 17:22:19 +0000] [74] [INFO] Application startup complete.
[2026-03-16 17:22:19 +0000] [88] [INFO] Booting worker with pid: 88
[2026-03-16 17:22:19 +0000] [89] [INFO] Booting worker with pid: 89
[2026-03-16 17:22:19 +0000] [90] [INFO] Booting worker with pid: 90
[2026-03-16 17:22:19 +0000] [77] [INFO] Started server process [77]
[2026-03-16 17:22:19 +0000] [77] [INFO] Waiting for application startup.
[2026-03-16 17:22:19 +0000] [77] [INFO] Application startup complete.
[2026-03-16 17:22:19 +0000] [92] [INFO] Booting worker with pid: 92
[2026-03-16 17:22:19 +0000] [78] [INFO] Started server process [78]
[2026-03-16 17:22:19 +0000] [78] [INFO] Waiting for application startup.
[2026-03-16 17:22:19 +0000] [78] [INFO] Application startup complete.
[2026-03-16 17:22:19 +0000] [79] [INFO] Started server process [79]
[2026-03-16 17:22:19 +0000] [79] [INFO] Waiting for application startup.
[2026-03-16 17:22:19 +0000] [79] [INFO] Application startup complete.
[2026-03-16 17:22:19 +0000] [96] [INFO] Booting worker with pid: 96
[2026-03-16 17:22:19 +0000] [81] [INFO] Started server process [81]
[2026-03-16 17:22:19 +0000] [81] [INFO] Waiting for application startup.
[2026-03-16 17:22:19 +0000] [81] [INFO] Application startup complete.
[2026-03-16 17:22:19 +0000] [82] [INFO] Started server process [82]
[2026-03-16 17:22:19 +0000] [82] [INFO] Waiting for application startup.
[2026-03-16 17:22:19 +0000] [82] [INFO] Application startup complete.
[2026-03-16 17:22:19 +0000] [98] [INFO] Booting worker with pid: 98
[2026-03-16 17:22:19 +0000] [99] [INFO] Booting worker with pid: 99
[2026-03-16 17:22:19 +0000] [101] [INFO] Booting worker with pid: 101
[2026-03-16 17:22:19 +0000] [85] [INFO] Started server process [85]
[2026-03-16 17:22:19 +0000] [85] [INFO] Waiting for application startup.
[2026-03-16 17:22:19 +0000] [85] [INFO] Application startup complete.
[2026-03-16 17:22:19 +0000] [87] [INFO] Started server process [87]
[2026-03-16 17:22:19 +0000] [87] [INFO] Waiting for application startup.
[2026-03-16 17:22:19 +0000] [87] [INFO] Application startup complete.
[2026-03-16 17:22:19 +0000] [88] [INFO] Started server process [88]
[2026-03-16 17:22:19 +0000] [88] [INFO] Waiting for application startup.
[2026-03-16 17:22:19 +0000] [88] [INFO] Application startup complete.
[2026-03-16 17:22:19 +0000] [89] [INFO] Started server process [89]
[2026-03-16 17:22:19 +0000] [89] [INFO] Waiting for application startup.
[2026-03-16 17:22:19 +0000] [89] [INFO] Application startup complete.
[2026-03-16 17:22:19 +0000] [106] [INFO] Booting worker with pid: 106
[2026-03-16 17:22:19 +0000] [90] [INFO] Started server process [90]
[2026-03-16 17:22:19 +0000] [90] [INFO] Waiting for application startup.
[2026-03-16 17:22:19 +0000] [90] [INFO] Application startup complete.
[2026-03-16 17:22:19 +0000] [107] [INFO] Booting worker with pid: 107
[2026-03-16 17:22:19 +0000] [109] [INFO] Booting worker with pid: 109
[2026-03-16 17:22:19 +0000] [92] [INFO] Started server process [92]
[2026-03-16 17:22:19 +0000] [92] [INFO] Waiting for application startup.
[2026-03-16 17:22:19 +0000] [92] [INFO] Application startup complete.
[2026-03-16 17:22:19 +0000] [96] [INFO] Started server process [96]
[2026-03-16 17:22:19 +0000] [96] [INFO] Waiting for application startup.
[2026-03-16 17:22:19 +0000] [96] [INFO] Application startup complete.
[2026-03-16 17:22:19 +0000] [111] [INFO] Booting worker with pid: 111
[2026-03-16 17:22:19 +0000] [98] [INFO] Started server process [98]
[2026-03-16 17:22:19 +0000] [98] [INFO] Waiting for application startup.
[2026-03-16 17:22:19 +0000] [98] [INFO] Application startup complete.
[2026-03-16 17:22:19 +0000] [99] [INFO] Started server process [99]
[2026-03-16 17:22:19 +0000] [99] [INFO] Waiting for application startup.
[2026-03-16 17:22:19 +0000] [99] [INFO] Application startup complete.
[2026-03-16 17:22:19 +0000] [101] [INFO] Started server process [101]
[2026-03-16 17:22:19 +0000] [101] [INFO] Waiting for application startup.
[2026-03-16 17:22:19 +0000] [101] [INFO] Application startup complete.
[2026-03-16 17:22:19 +0000] [115] [INFO] Booting worker with pid: 115
[2026-03-16 17:22:19 +0000] [116] [INFO] Booting worker with pid: 116
[2026-03-16 17:22:19 +0000] [118] [INFO] Booting worker with pid: 118
[2026-03-16 17:22:19 +0000] [106] [INFO] Started server process [106]
[2026-03-16 17:22:19 +0000] [106] [INFO] Waiting for application startup.
[2026-03-16 17:22:19 +0000] [106] [INFO] Application startup complete.
[2026-03-16 17:22:19 +0000] [107] [INFO] Started server process [107]
[2026-03-16 17:22:19 +0000] [107] [INFO] Waiting for application startup.
[2026-03-16 17:22:19 +0000] [107] [INFO] Application startup complete.
[2026-03-16 17:22:19 +0000] [121] [INFO] Booting worker with pid: 121
[2026-03-16 17:22:19 +0000] [109] [INFO] Started server process [109]
[2026-03-16 17:22:19 +0000] [109] [INFO] Waiting for application startup.
[2026-03-16 17:22:19 +0000] [109] [INFO] Application startup complete.
[2026-03-16 17:22:19 +0000] [122] [INFO] Booting worker with pid: 122
[2026-03-16 17:22:19 +0000] [111] [INFO] Started server process [111]
[2026-03-16 17:22:19 +0000] [111] [INFO] Waiting for application startup.
[2026-03-16 17:22:19 +0000] [111] [INFO] Application startup complete.
[2026-03-16 17:22:19 +0000] [124] [INFO] Booting worker with pid: 124
[2026-03-16 17:22:20 +0000] [125] [INFO] Booting worker with pid: 125
[2026-03-16 17:22:20 +0000] [115] [INFO] Started server process [115]
[2026-03-16 17:22:20 +0000] [115] [INFO] Waiting for application startup.
[2026-03-16 17:22:20 +0000] [115] [INFO] Application startup complete.
[2026-03-16 17:22:20 +0000] [116] [INFO] Started server process [116]
[2026-03-16 17:22:20 +0000] [116] [INFO] Waiting for application startup.
[2026-03-16 17:22:20 +0000] [116] [INFO] Application startup complete.
[2026-03-16 17:22:20 +0000] [128] [INFO] Booting worker with pid: 128
[2026-03-16 17:22:20 +0000] [118] [INFO] Started server process [118]
[2026-03-16 17:22:20 +0000] [118] [INFO] Waiting for application startup.
[2026-03-16 17:22:20 +0000] [118] [INFO] Application startup complete.
[2026-03-16 17:22:20 +0000] [130] [INFO] Booting worker with pid: 130
[2026-03-16 17:22:20 +0000] [121] [INFO] Started server process [121]
[2026-03-16 17:22:20 +0000] [121] [INFO] Waiting for application startup.
[2026-03-16 17:22:20 +0000] [132] [INFO] Booting worker with pid: 132
[2026-03-16 17:22:20 +0000] [121] [INFO] Application startup complete.
[2026-03-16 17:22:20 +0000] [134] [INFO] Booting worker with pid: 134
[2026-03-16 17:22:20 +0000] [122] [INFO] Started server process [122]
[2026-03-16 17:22:20 +0000] [122] [INFO] Waiting for application startup.
[2026-03-16 17:22:20 +0000] [122] [INFO] Application startup complete.
[2026-03-16 17:22:20 +0000] [135] [INFO] Booting worker with pid: 135
[2026-03-16 17:22:20 +0000] [124] [INFO] Started server process [124]
[2026-03-16 17:22:20 +0000] [124] [INFO] Waiting for application startup.
[2026-03-16 17:22:20 +0000] [124] [INFO] Application startup complete.
[2026-03-16 17:22:20 +0000] [137] [INFO] Booting worker with pid: 137
[2026-03-16 17:22:20 +0000] [138] [INFO] Booting worker with pid: 138
[2026-03-16 17:22:20 +0000] [125] [INFO] Started server process [125]
[2026-03-16 17:22:20 +0000] [125] [INFO] Waiting for application startup.
[2026-03-16 17:22:20 +0000] [125] [INFO] Application startup complete.
[2026-03-16 17:22:20 +0000] [141] [INFO] Booting worker with pid: 141
[2026-03-16 17:22:20 +0000] [128] [INFO] Started server process [128]
[2026-03-16 17:22:20 +0000] [128] [INFO] Waiting for application startup.
[2026-03-16 17:22:20 +0000] [128] [INFO] Application startup complete.
[2026-03-16 17:22:20 +0000] [130] [INFO] Started server process [130]
[2026-03-16 17:22:20 +0000] [130] [INFO] Waiting for application startup.
[2026-03-16 17:22:20 +0000] [130] [INFO] Application startup complete.
[2026-03-16 17:22:20 +0000] [132] [INFO] Started server process [132]
[2026-03-16 17:22:20 +0000] [132] [INFO] Waiting for application startup.
[2026-03-16 17:22:20 +0000] [132] [INFO] Application startup complete.
[2026-03-16 17:22:20 +0000] [144] [INFO] Booting worker with pid: 144
[2026-03-16 17:22:20 +0000] [147] [INFO] Booting worker with pid: 147
[2026-03-16 17:22:20 +0000] [135] [INFO] Started server process [135]
[2026-03-16 17:22:20 +0000] [135] [INFO] Waiting for application startup.
[2026-03-16 17:22:20 +0000] [135] [INFO] Application startup complete.
[2026-03-16 17:22:20 +0000] [134] [INFO] Started server process [134]
[2026-03-16 17:22:20 +0000] [134] [INFO] Waiting for application startup.
[2026-03-16 17:22:20 +0000] [134] [INFO] Application startup complete.
[2026-03-16 17:22:20 +0000] [148] [INFO] Booting worker with pid: 148
[2026-03-16 17:22:20 +0000] [137] [INFO] Started server process [137]
[2026-03-16 17:22:20 +0000] [137] [INFO] Waiting for application startup.
[2026-03-16 17:22:20 +0000] [137] [INFO] Application startup complete.
[2026-03-16 17:22:20 +0000] [150] [INFO] Booting worker with pid: 150
[2026-03-16 17:22:20 +0000] [151] [INFO] Booting worker with pid: 151
[2026-03-16 17:22:20 +0000] [153] [INFO] Booting worker with pid: 153
[2026-03-16 17:22:20 +0000] [138] [INFO] Started server process [138]
[2026-03-16 17:22:20 +0000] [138] [INFO] Waiting for application startup.
[2026-03-16 17:22:20 +0000] [138] [INFO] Application startup complete.
[2026-03-16 17:22:20 +0000] [154] [INFO] Booting worker with pid: 154
[2026-03-16 17:22:20 +0000] [155] [INFO] Booting worker with pid: 155
[2026-03-16 17:22:21 +0000] [141] [INFO] Started server process [141]
[2026-03-16 17:22:21 +0000] [141] [INFO] Waiting for application startup.
[2026-03-16 17:22:21 +0000] [141] [INFO] Application startup complete.
[2026-03-16 17:22:21 +0000] [144] [INFO] Started server process [144]
[2026-03-16 17:22:21 +0000] [144] [INFO] Waiting for application startup.
[2026-03-16 17:22:21 +0000] [144] [INFO] Application startup complete.
[2026-03-16 17:22:21 +0000] [158] [INFO] Booting worker with pid: 158
[2026-03-16 17:22:21 +0000] [147] [INFO] Started server process [147]
[2026-03-16 17:22:21 +0000] [147] [INFO] Waiting for application startup.
[2026-03-16 17:22:21 +0000] [147] [INFO] Application startup complete.
[2026-03-16 17:22:21 +0000] [160] [INFO] Booting worker with pid: 160
[2026-03-16 17:22:21 +0000] [161] [INFO] Booting worker with pid: 161
[2026-03-16 17:22:21 +0000] [163] [INFO] Booting worker with pid: 163
[2026-03-16 17:22:21 +0000] [148] [INFO] Started server process [148]
[2026-03-16 17:22:21 +0000] [148] [INFO] Waiting for application startup.
[2026-03-16 17:22:21 +0000] [148] [INFO] Application startup complete.
[2026-03-16 17:22:21 +0000] [153] [INFO] Started server process [153]
[2026-03-16 17:22:21 +0000] [153] [INFO] Waiting for application startup.
[2026-03-16 17:22:21 +0000] [153] [INFO] Application startup complete.
[2026-03-16 17:22:21 +0000] [165] [INFO] Booting worker with pid: 165
[2026-03-16 17:22:21 +0000] [150] [INFO] Started server process [150]
[2026-03-16 17:22:21 +0000] [150] [INFO] Waiting for application startup.
[2026-03-16 17:22:21 +0000] [150] [INFO] Application startup complete.
[2026-03-16 17:22:21 +0000] [151] [INFO] Started server process [151]
[2026-03-16 17:22:21 +0000] [151] [INFO] Waiting for application startup.
[2026-03-16 17:22:21 +0000] [151] [INFO] Application startup complete.
[2026-03-16 17:22:21 +0000] [168] [INFO] Booting worker with pid: 168
[2026-03-16 17:22:21 +0000] [169] [INFO] Booting worker with pid: 169
[2026-03-16 17:22:21 +0000] [154] [INFO] Started server process [154]
[2026-03-16 17:22:21 +0000] [154] [INFO] Waiting for application startup.
[2026-03-16 17:22:21 +0000] [154] [INFO] Application startup complete.
[2026-03-16 17:22:21 +0000] [171] [INFO] Booting worker with pid: 171
[2026-03-16 17:22:21 +0000] [172] [INFO] Booting worker with pid: 172
[2026-03-16 17:22:21 +0000] [174] [INFO] Booting worker with pid: 174
[2026-03-16 17:22:21 +0000] [155] [INFO] Started server process [155]
[2026-03-16 17:22:21 +0000] [155] [INFO] Waiting for application startup.
[2026-03-16 17:22:21 +0000] [155] [INFO] Application startup complete.
[2026-03-16 17:22:21 +0000] [176] [INFO] Booting worker with pid: 176
[2026-03-16 17:22:21 +0000] [158] [INFO] Started server process [158]
[2026-03-16 17:22:21 +0000] [158] [INFO] Waiting for application startup.
[2026-03-16 17:22:21 +0000] [158] [INFO] Application startup complete.
[2026-03-16 17:22:21 +0000] [178] [INFO] Booting worker with pid: 178
[2026-03-16 17:22:21 +0000] [179] [INFO] Booting worker with pid: 179
[2026-03-16 17:22:21 +0000] [160] [INFO] Started server process [160]
[2026-03-16 17:22:21 +0000] [160] [INFO] Waiting for application startup.
[2026-03-16 17:22:21 +0000] [160] [INFO] Application startup complete.
[2026-03-16 17:22:21 +0000] [165] [INFO] Started server process [165]
[2026-03-16 17:22:21 +0000] [165] [INFO] Waiting for application startup.
[2026-03-16 17:22:21 +0000] [165] [INFO] Application startup complete.
[2026-03-16 17:22:21 +0000] [182] [INFO] Booting worker with pid: 182
[2026-03-16 17:22:21 +0000] [161] [INFO] Started server process [161]
[2026-03-16 17:22:21 +0000] [161] [INFO] Waiting for application startup.
[2026-03-16 17:22:21 +0000] [161] [INFO] Application startup complete.
[2026-03-16 17:22:21 +0000] [163] [INFO] Started server process [163]
[2026-03-16 17:22:21 +0000] [163] [INFO] Waiting for application startup.
[2026-03-16 17:22:21 +0000] [163] [INFO] Application startup complete.
[2026-03-16 17:22:21 +0000] [184] [INFO] Booting worker with pid: 184
[2026-03-16 17:22:21 +0000] [185] [INFO] Booting worker with pid: 185
[2026-03-16 17:22:21 +0000] [188] [INFO] Booting worker with pid: 188
[2026-03-16 17:22:21 +0000] [169] [INFO] Started server process [169]
[2026-03-16 17:22:21 +0000] [169] [INFO] Waiting for application startup.
[2026-03-16 17:22:21 +0000] [169] [INFO] Application startup complete.
[2026-03-16 17:22:21 +0000] [168] [INFO] Started server process [168]
[2026-03-16 17:22:21 +0000] [168] [INFO] Waiting for application startup.
[2026-03-16 17:22:21 +0000] [168] [INFO] Application startup complete.
[2026-03-16 17:22:21 +0000] [189] [INFO] Booting worker with pid: 189
[2026-03-16 17:22:21 +0000] [190] [INFO] Booting worker with pid: 190
[2026-03-16 17:22:21 +0000] [192] [INFO] Booting worker with pid: 192
[2026-03-16 17:22:21 +0000] [172] [INFO] Started server process [172]
[2026-03-16 17:22:21 +0000] [172] [INFO] Waiting for application startup.
[2026-03-16 17:22:21 +0000] [172] [INFO] Application startup complete.
[2026-03-16 17:22:21 +0000] [193] [INFO] Booting worker with pid: 193
[2026-03-16 17:22:22 +0000] [179] [INFO] Started server process [179]
[2026-03-16 17:22:22 +0000] [179] [INFO] Waiting for application startup.
[2026-03-16 17:22:22 +0000] [179] [INFO] Application startup complete.
[2026-03-16 17:22:22 +0000] [174] [INFO] Started server process [174]
[2026-03-16 17:22:22 +0000] [174] [INFO] Waiting for application startup.
[2026-03-16 17:22:22 +0000] [174] [INFO] Application startup complete.
[2026-03-16 17:22:22 +0000] [171] [INFO] Started server process [171]
[2026-03-16 17:22:22 +0000] [171] [INFO] Waiting for application startup.
[2026-03-16 17:22:22 +0000] [171] [INFO] Application startup complete.
[2026-03-16 17:22:22 +0000] [176] [INFO] Started server process [176]
[2026-03-16 17:22:22 +0000] [176] [INFO] Waiting for application startup.
[2026-03-16 17:22:22 +0000] [176] [INFO] Application startup complete.
[2026-03-16 17:22:22 +0000] [198] [INFO] Booting worker with pid: 198
[2026-03-16 17:22:22 +0000] [178] [INFO] Started server process [178]
[2026-03-16 17:22:22 +0000] [178] [INFO] Waiting for application startup.
[2026-03-16 17:22:22 +0000] [178] [INFO] Application startup complete.
[2026-03-16 17:22:22 +0000] [200] [INFO] Booting worker with pid: 200
[2026-03-16 17:22:22 +0000] [184] [INFO] Started server process [184]
[2026-03-16 17:22:22 +0000] [184] [INFO] Waiting for application startup.
[2026-03-16 17:22:22 +0000] [184] [INFO] Application startup complete.
[2026-03-16 17:22:22 +0000] [202] [INFO] Booting worker with pid: 202
[2026-03-16 17:22:22 +0000] [204] [INFO] Booting worker with pid: 204
[2026-03-16 17:22:22 +0000] [182] [INFO] Started server process [182]
[2026-03-16 17:22:22 +0000] [182] [INFO] Waiting for application startup.
[2026-03-16 17:22:22 +0000] [182] [INFO] Application startup complete.
[2026-03-16 17:22:22 +0000] [206] [INFO] Booting worker with pid: 206
[2026-03-16 17:22:22 +0000] [188] [INFO] Started server process [188]
[2026-03-16 17:22:22 +0000] [188] [INFO] Waiting for application startup.
[2026-03-16 17:22:22 +0000] [188] [INFO] Application startup complete.
[2026-03-16 17:22:22 +0000] [185] [INFO] Started server process [185]
[2026-03-16 17:22:22 +0000] [185] [INFO] Waiting for application startup.
[2026-03-16 17:22:22 +0000] [185] [INFO] Application startup complete.
[2026-03-16 17:22:22 +0000] [208] [INFO] Booting worker with pid: 208
[2026-03-16 17:22:22 +0000] [189] [INFO] Started server process [189]
[2026-03-16 17:22:22 +0000] [189] [INFO] Waiting for application startup.
[2026-03-16 17:22:22 +0000] [189] [INFO] Application startup complete.
[2026-03-16 17:22:22 +0000] [193] [INFO] Started server process [193]
[2026-03-16 17:22:22 +0000] [193] [INFO] Waiting for application startup.
[2026-03-16 17:22:22 +0000] [193] [INFO] Application startup complete.
[2026-03-16 17:22:22 +0000] [211] [INFO] Booting worker with pid: 211
[2026-03-16 17:22:22 +0000] [192] [INFO] Started server process [192]
[2026-03-16 17:22:22 +0000] [192] [INFO] Waiting for application startup.
[2026-03-16 17:22:22 +0000] [192] [INFO] Application startup complete.
[2026-03-16 17:22:22 +0000] [213] [INFO] Booting worker with pid: 213
[2026-03-16 17:22:22 +0000] [214] [INFO] Booting worker with pid: 214
[2026-03-16 17:22:22 +0000] [190] [INFO] Started server process [190]
[2026-03-16 17:22:22 +0000] [190] [INFO] Waiting for application startup.
[2026-03-16 17:22:22 +0000] [190] [INFO] Application startup complete.
[2026-03-16 17:22:22 +0000] [198] [INFO] Started server process [198]
[2026-03-16 17:22:22 +0000] [198] [INFO] Waiting for application startup.
[2026-03-16 17:22:22 +0000] [198] [INFO] Application startup complete.
[2026-03-16 17:22:22 +0000] [202] [INFO] Started server process [202]
[2026-03-16 17:22:22 +0000] [202] [INFO] Waiting for application startup.
[2026-03-16 17:22:22 +0000] [202] [INFO] Application startup complete.
[2026-03-16 17:22:22 +0000] [200] [INFO] Started server process [200]
[2026-03-16 17:22:22 +0000] [200] [INFO] Waiting for application startup.
[2026-03-16 17:22:22 +0000] [200] [INFO] Application startup complete.
[2026-03-16 17:22:22 +0000] [219] [INFO] Booting worker with pid: 219
[2026-03-16 17:22:22 +0000] [220] [INFO] Booting worker with pid: 220
[2026-03-16 17:22:22 +0000] [221] [INFO] Booting worker with pid: 221
[2026-03-16 17:22:22 +0000] [204] [INFO] Started server process [204]
[2026-03-16 17:22:22 +0000] [204] [INFO] Waiting for application startup.
[2026-03-16 17:22:22 +0000] [204] [INFO] Application startup complete.
[2026-03-16 17:22:22 +0000] [223] [INFO] Booting worker with pid: 223
[2026-03-16 17:22:22 +0000] [206] [INFO] Started server process [206]
[2026-03-16 17:22:22 +0000] [206] [INFO] Waiting for application startup.
[2026-03-16 17:22:22 +0000] [206] [INFO] Application startup complete.
[2026-03-16 17:22:22 +0000] [208] [INFO] Started server process [208]
[2026-03-16 17:22:22 +0000] [208] [INFO] Waiting for application startup.
[2026-03-16 17:22:22 +0000] [208] [INFO] Application startup complete.
[2026-03-16 17:22:22 +0000] [226] [INFO] Booting worker with pid: 226
[2026-03-16 17:22:22 +0000] [211] [INFO] Started server process [211]
[2026-03-16 17:22:22 +0000] [211] [INFO] Waiting for application startup.
[2026-03-16 17:22:22 +0000] [211] [INFO] Application startup complete.
[2026-03-16 17:22:22 +0000] [228] [INFO] Booting worker with pid: 228
[2026-03-16 17:22:22 +0000] [213] [INFO] Started server process [213]
[2026-03-16 17:22:22 +0000] [213] [INFO] Waiting for application startup.
[2026-03-16 17:22:22 +0000] [213] [INFO] Application startup complete.
[2026-03-16 17:22:23 +0000] [230] [INFO] Booting worker with pid: 230
[2026-03-16 17:22:23 +0000] [214] [INFO] Started server process [214]
[2026-03-16 17:22:23 +0000] [214] [INFO] Waiting for application startup.
[2026-03-16 17:22:23 +0000] [214] [INFO] Application startup complete.
[2026-03-16 17:22:23 +0000] [232] [INFO] Booting worker with pid: 232
[2026-03-16 17:22:23 +0000] [219] [INFO] Started server process [219]
[2026-03-16 17:22:23 +0000] [219] [INFO] Waiting for application startup.
[2026-03-16 17:22:23 +0000] [219] [INFO] Application startup complete.
[2026-03-16 17:22:23 +0000] [236] [INFO] Booting worker with pid: 236
[2026-03-16 17:22:23 +0000] [220] [INFO] Started server process [220]
[2026-03-16 17:22:23 +0000] [220] [INFO] Waiting for application startup.
[2026-03-16 17:22:23 +0000] [220] [INFO] Application startup complete.
[2026-03-16 17:22:23 +0000] [221] [INFO] Started server process [221]
[2026-03-16 17:22:23 +0000] [221] [INFO] Waiting for application startup.
[2026-03-16 17:22:23 +0000] [221] [INFO] Application startup complete.
[2026-03-16 17:22:23 +0000] [223] [INFO] Started server process [223]
[2026-03-16 17:22:23 +0000] [223] [INFO] Waiting for application startup.
[2026-03-16 17:22:23 +0000] [223] [INFO] Application startup complete.
[2026-03-16 17:22:23 +0000] [238] [INFO] Booting worker with pid: 238
[2026-03-16 17:22:23 +0000] [239] [INFO] Booting worker with pid: 239
[2026-03-16 17:22:23 +0000] [226] [INFO] Started server process [226]
[2026-03-16 17:22:23 +0000] [226] [INFO] Waiting for application startup.
[2026-03-16 17:22:23 +0000] [226] [INFO] Application startup complete.
[2026-03-16 17:22:23 +0000] [228] [INFO] Started server process [228]
[2026-03-16 17:22:23 +0000] [228] [INFO] Waiting for application startup.
[2026-03-16 17:22:23 +0000] [228] [INFO] Application startup complete.
[2026-03-16 17:22:23 +0000] [242] [INFO] Booting worker with pid: 242
[2026-03-16 17:22:23 +0000] [230] [INFO] Started server process [230]
[2026-03-16 17:22:23 +0000] [230] [INFO] Waiting for application startup.
[2026-03-16 17:22:23 +0000] [230] [INFO] Application startup complete.
[2026-03-16 17:22:23 +0000] [245] [INFO] Booting worker with pid: 245
[2026-03-16 17:22:23 +0000] [232] [INFO] Started server process [232]
[2026-03-16 17:22:23 +0000] [232] [INFO] Waiting for application startup.
[2026-03-16 17:22:23 +0000] [232] [INFO] Application startup complete.
[2026-03-16 17:22:23 +0000] [246] [INFO] Booting worker with pid: 246
[2026-03-16 17:22:23 +0000] [236] [INFO] Started server process [236]
[2026-03-16 17:22:23 +0000] [236] [INFO] Waiting for application startup.
[2026-03-16 17:22:23 +0000] [236] [INFO] Application startup complete.
[2026-03-16 17:22:23 +0000] [248] [INFO] Booting worker with pid: 248
[2026-03-16 17:22:23 +0000] [249] [INFO] Booting worker with pid: 249
[2026-03-16 17:22:23 +0000] [238] [INFO] Started server process [238]
[2026-03-16 17:22:23 +0000] [238] [INFO] Waiting for application startup.
[2026-03-16 17:22:23 +0000] [238] [INFO] Application startup complete.
[2026-03-16 17:22:23 +0000] [239] [INFO] Started server process [239]
[2026-03-16 17:22:23 +0000] [239] [INFO] Waiting for application startup.
[2026-03-16 17:22:23 +0000] [239] [INFO] Application startup complete.
[2026-03-16 17:22:23 +0000] [252] [INFO] Booting worker with pid: 252
[2026-03-16 17:22:23 +0000] [253] [INFO] Booting worker with pid: 253
[2026-03-16 17:22:23 +0000] [242] [INFO] Started server process [242]
[2026-03-16 17:22:23 +0000] [242] [INFO] Waiting for application startup.
[2026-03-16 17:22:23 +0000] [242] [INFO] Application startup complete.
[2026-03-16 17:22:23 +0000] [245] [INFO] Started server process [245]
[2026-03-16 17:22:23 +0000] [245] [INFO] Waiting for application startup.
[2026-03-16 17:22:23 +0000] [245] [INFO] Application startup complete.
[2026-03-16 17:22:23 +0000] [257] [INFO] Booting worker with pid: 257
[2026-03-16 17:22:23 +0000] [246] [INFO] Started server process [246]
[2026-03-16 17:22:23 +0000] [246] [INFO] Waiting for application startup.
[2026-03-16 17:22:23 +0000] [246] [INFO] Application startup complete.
[2026-03-16 17:22:23 +0000] [248] [INFO] Started server process [248]
[2026-03-16 17:22:23 +0000] [248] [INFO] Waiting for application startup.
[2026-03-16 17:22:23 +0000] [248] [INFO] Application startup complete.
[2026-03-16 17:22:23 +0000] [249] [INFO] Started server process [249]
[2026-03-16 17:22:23 +0000] [249] [INFO] Waiting for application startup.
[2026-03-16 17:22:23 +0000] [249] [INFO] Application startup complete.
[2026-03-16 17:22:23 +0000] [260] [INFO] Booting worker with pid: 260
[2026-03-16 17:22:23 +0000] [252] [INFO] Started server process [252]
[2026-03-16 17:22:23 +0000] [252] [INFO] Waiting for application startup.
[2026-03-16 17:22:23 +0000] [252] [INFO] Application startup complete.
[2026-03-16 17:22:23 +0000] [253] [INFO] Started server process [253]
[2026-03-16 17:22:23 +0000] [253] [INFO] Waiting for application startup.
[2026-03-16 17:22:23 +0000] [253] [INFO] Application startup complete.
[2026-03-16 17:22:23 +0000] [263] [INFO] Booting worker with pid: 263
[2026-03-16 17:22:23 +0000] [264] [INFO] Booting worker with pid: 264
[2026-03-16 17:22:24 +0000] [265] [INFO] Booting worker with pid: 265
[2026-03-16 17:22:24 +0000] [257] [INFO] Started server process [257]
[2026-03-16 17:22:24 +0000] [257] [INFO] Waiting for application startup.
[2026-03-16 17:22:24 +0000] [257] [INFO] Application startup complete.
[2026-03-16 17:22:24 +0000] [260] [INFO] Started server process [260]
[2026-03-16 17:22:24 +0000] [260] [INFO] Waiting for application startup.
[2026-03-16 17:22:24 +0000] [260] [INFO] Application startup complete.
[2026-03-16 17:22:24 +0000] [268] [INFO] Booting worker with pid: 268
[2026-03-16 17:22:24 +0000] [269] [INFO] Booting worker with pid: 269
[2026-03-16 17:22:24 +0000] [270] [INFO] Booting worker with pid: 270
[2026-03-16 17:22:24 +0000] [271] [INFO] Booting worker with pid: 271
[2026-03-16 17:22:24 +0000] [263] [INFO] Started server process [263]
[2026-03-16 17:22:24 +0000] [263] [INFO] Waiting for application startup.
[2026-03-16 17:22:24 +0000] [263] [INFO] Application startup complete.
[2026-03-16 17:22:24 +0000] [264] [INFO] Started server process [264]
[2026-03-16 17:22:24 +0000] [264] [INFO] Waiting for application startup.
[2026-03-16 17:22:24 +0000] [264] [INFO] Application startup complete.
[2026-03-16 17:22:24 +0000] [274] [INFO] Booting worker with pid: 274
[2026-03-16 17:22:24 +0000] [275] [INFO] Booting worker with pid: 275
[2026-03-16 17:22:24 +0000] [265] [INFO] Started server process [265]
[2026-03-16 17:22:24 +0000] [265] [INFO] Waiting for application startup.
[2026-03-16 17:22:24 +0000] [265] [INFO] Application startup complete.
[2026-03-16 17:22:24 +0000] [277] [INFO] Booting worker with pid: 277
[2026-03-16 17:22:24 +0000] [268] [INFO] Started server process [268]
[2026-03-16 17:22:24 +0000] [268] [INFO] Waiting for application startup.
[2026-03-16 17:22:24 +0000] [268] [INFO] Application startup complete.
[2026-03-16 17:22:24 +0000] [280] [INFO] Booting worker with pid: 280
[2026-03-16 17:22:24 +0000] [269] [INFO] Started server process [269]
[2026-03-16 17:22:24 +0000] [269] [INFO] Waiting for application startup.
[2026-03-16 17:22:24 +0000] [269] [INFO] Application startup complete.
[2026-03-16 17:22:24 +0000] [270] [INFO] Started server process [270]
[2026-03-16 17:22:24 +0000] [270] [INFO] Waiting for application startup.
[2026-03-16 17:22:24 +0000] [270] [INFO] Application startup complete.
[2026-03-16 17:22:24 +0000] [282] [INFO] Booting worker with pid: 282
[2026-03-16 17:22:24 +0000] [271] [INFO] Started server process [271]
[2026-03-16 17:22:24 +0000] [271] [INFO] Waiting for application startup.
[2026-03-16 17:22:24 +0000] [271] [INFO] Application startup complete.
[2026-03-16 17:22:24 +0000] [284] [INFO] Booting worker with pid: 284
[2026-03-16 17:22:24 +0000] [274] [INFO] Started server process [274]
[2026-03-16 17:22:24 +0000] [274] [INFO] Waiting for application startup.
[2026-03-16 17:22:24 +0000] [274] [INFO] Application startup complete.
[2026-03-16 17:22:24 +0000] [275] [INFO] Started server process [275]
[2026-03-16 17:22:24 +0000] [275] [INFO] Waiting for application startup.
[2026-03-16 17:22:24 +0000] [275] [INFO] Application startup complete.
[2026-03-16 17:22:24 +0000] [287] [INFO] Booting worker with pid: 287
[2026-03-16 17:22:24 +0000] [288] [INFO] Booting worker with pid: 288
[2026-03-16 17:22:24 +0000] [277] [INFO] Started server process [277]
[2026-03-16 17:22:24 +0000] [277] [INFO] Waiting for application startup.
[2026-03-16 17:22:24 +0000] [277] [INFO] Application startup complete.
[2026-03-16 17:22:24 +0000] [291] [INFO] Booting worker with pid: 291
[2026-03-16 17:22:24 +0000] [280] [INFO] Started server process [280]
[2026-03-16 17:22:24 +0000] [280] [INFO] Waiting for application startup.
[2026-03-16 17:22:24 +0000] [280] [INFO] Application startup complete.
[2026-03-16 17:22:24 +0000] [282] [INFO] Started server process [282]
[2026-03-16 17:22:24 +0000] [282] [INFO] Waiting for application startup.
[2026-03-16 17:22:24 +0000] [282] [INFO] Application startup complete.
[2026-03-16 17:22:24 +0000] [284] [INFO] Started server process [284]
[2026-03-16 17:22:24 +0000] [284] [INFO] Waiting for application startup.
[2026-03-16 17:22:24 +0000] [284] [INFO] Application startup complete.
[2026-03-16 17:22:24 +0000] [294] [INFO] Booting worker with pid: 294
[2026-03-16 17:22:24 +0000] [287] [INFO] Started server process [287]
[2026-03-16 17:22:24 +0000] [287] [INFO] Waiting for application startup.
[2026-03-16 17:22:24 +0000] [287] [INFO] Application startup complete.
[2026-03-16 17:22:24 +0000] [296] [INFO] Booting worker with pid: 296
[2026-03-16 17:22:24 +0000] [288] [INFO] Started server process [288]
[2026-03-16 17:22:24 +0000] [288] [INFO] Waiting for application startup.
[2026-03-16 17:22:24 +0000] [288] [INFO] Application startup complete.
[2026-03-16 17:22:24 +0000] [298] [INFO] Booting worker with pid: 298
[2026-03-16 17:22:24 +0000] [291] [INFO] Started server process [291]
[2026-03-16 17:22:24 +0000] [291] [INFO] Waiting for application startup.
[2026-03-16 17:22:24 +0000] [291] [INFO] Application startup complete.
[2026-03-16 17:22:24 +0000] [300] [INFO] Booting worker with pid: 300
[2026-03-16 17:22:24 +0000] [301] [INFO] Booting worker with pid: 301
[2026-03-16 17:22:24 +0000] [302] [INFO] Booting worker with pid: 302
[2026-03-16 17:22:24 +0000] [294] [INFO] Started server process [294]
[2026-03-16 17:22:24 +0000] [294] [INFO] Waiting for application startup.
[2026-03-16 17:22:24 +0000] [294] [INFO] Application startup complete.
[2026-03-16 17:22:24 +0000] [304] [INFO] Booting worker with pid: 304
[2026-03-16 17:22:25 +0000] [306] [INFO] Booting worker with pid: 306
[2026-03-16 17:22:25 +0000] [296] [INFO] Started server process [296]
[2026-03-16 17:22:25 +0000] [296] [INFO] Waiting for application startup.
[2026-03-16 17:22:25 +0000] [296] [INFO] Application startup complete.
[2026-03-16 17:22:25 +0000] [307] [INFO] Booting worker with pid: 307
[2026-03-16 17:22:25 +0000] [298] [INFO] Started server process [298]
[2026-03-16 17:22:25 +0000] [298] [INFO] Waiting for application startup.
[2026-03-16 17:22:25 +0000] [298] [INFO] Application startup complete.
[2026-03-16 17:22:25 +0000] [309] [INFO] Booting worker with pid: 309
[2026-03-16 17:22:25 +0000] [311] [INFO] Booting worker with pid: 311
[2026-03-16 17:22:25 +0000] [300] [INFO] Started server process [300]
[2026-03-16 17:22:25 +0000] [300] [INFO] Waiting for application startup.
[2026-03-16 17:22:25 +0000] [300] [INFO] Application startup complete.
[2026-03-16 17:22:25 +0000] [301] [INFO] Started server process [301]
[2026-03-16 17:22:25 +0000] [301] [INFO] Waiting for application startup.
[2026-03-16 17:22:25 +0000] [301] [INFO] Application startup complete.
[2026-03-16 17:22:25 +0000] [314] [INFO] Booting worker with pid: 314
[2026-03-16 17:22:25 +0000] [302] [INFO] Started server process [302]
[2026-03-16 17:22:25 +0000] [302] [INFO] Waiting for application startup.
[2026-03-16 17:22:25 +0000] [302] [INFO] Application startup complete.
[2026-03-16 17:22:25 +0000] [316] [INFO] Booting worker with pid: 316
[2026-03-16 17:22:25 +0000] [304] [INFO] Started server process [304]
[2026-03-16 17:22:25 +0000] [304] [INFO] Waiting for application startup.
[2026-03-16 17:22:25 +0000] [304] [INFO] Application startup complete.
[2026-03-16 17:22:25 +0000] [317] [INFO] Booting worker with pid: 317
[2026-03-16 17:22:25 +0000] [306] [INFO] Started server process [306]
[2026-03-16 17:22:25 +0000] [306] [INFO] Waiting for application startup.
[2026-03-16 17:22:25 +0000] [306] [INFO] Application startup complete.
[2026-03-16 17:22:25 +0000] [319] [INFO] Booting worker with pid: 319
[2026-03-16 17:22:25 +0000] [320] [INFO] Booting worker with pid: 320
[2026-03-16 17:22:25 +0000] [307] [INFO] Started server process [307]
[2026-03-16 17:22:25 +0000] [307] [INFO] Waiting for application startup.
[2026-03-16 17:22:25 +0000] [307] [INFO] Application startup complete.
[2026-03-16 17:22:25 +0000] [322] [INFO] Booting worker with pid: 322
[2026-03-16 17:22:25 +0000] [309] [INFO] Started server process [309]
[2026-03-16 17:22:25 +0000] [309] [INFO] Waiting for application startup.
[2026-03-16 17:22:25 +0000] [309] [INFO] Application startup complete.
[2026-03-16 17:22:25 +0000] [325] [INFO] Booting worker with pid: 325
[2026-03-16 17:22:25 +0000] [311] [INFO] Started server process [311]
[2026-03-16 17:22:25 +0000] [311] [INFO] Waiting for application startup.
[2026-03-16 17:22:25 +0000] [311] [INFO] Application startup complete.
[2026-03-16 17:22:25 +0000] [314] [INFO] Started server process [314]
[2026-03-16 17:22:25 +0000] [314] [INFO] Waiting for application startup.
[2026-03-16 17:22:25 +0000] [314] [INFO] Application startup complete.
[2026-03-16 17:22:25 +0000] [327] [INFO] Booting worker with pid: 327
[2026-03-16 17:22:25 +0000] [316] [INFO] Started server process [316]
[2026-03-16 17:22:25 +0000] [316] [INFO] Waiting for application startup.
[2026-03-16 17:22:25 +0000] [316] [INFO] Application startup complete.
[2026-03-16 17:22:25 +0000] [317] [INFO] Started server process [317]
[2026-03-16 17:22:25 +0000] [317] [INFO] Waiting for application startup.
[2026-03-16 17:22:25 +0000] [317] [INFO] Application startup complete.
[2026-03-16 17:22:25 +0000] [330] [INFO] Booting worker with pid: 330
[2026-03-16 17:22:25 +0000] [319] [INFO] Started server process [319]
[2026-03-16 17:22:25 +0000] [319] [INFO] Waiting for application startup.
[2026-03-16 17:22:25 +0000] [319] [INFO] Application startup complete.
[2026-03-16 17:22:25 +0000] [320] [INFO] Started server process [320]
[2026-03-16 17:22:25 +0000] [320] [INFO] Waiting for application startup.
[2026-03-16 17:22:25 +0000] [320] [INFO] Application startup complete.
[2026-03-16 17:22:25 +0000] [334] [INFO] Booting worker with pid: 334
[2026-03-16 17:22:25 +0000] [322] [INFO] Started server process [322]
[2026-03-16 17:22:25 +0000] [322] [INFO] Waiting for application startup.
[2026-03-16 17:22:25 +0000] [322] [INFO] Application startup complete.
[2026-03-16 17:22:25 +0000] [325] [INFO] Started server process [325]
[2026-03-16 17:22:25 +0000] [325] [INFO] Waiting for application startup.
[2026-03-16 17:22:25 +0000] [325] [INFO] Application startup complete.
[2026-03-16 17:22:25 +0000] [336] [INFO] Booting worker with pid: 336
[2026-03-16 17:22:25 +0000] [327] [INFO] Started server process [327]
[2026-03-16 17:22:25 +0000] [327] [INFO] Waiting for application startup.
[2026-03-16 17:22:25 +0000] [327] [INFO] Application startup complete.
[2026-03-16 17:22:25 +0000] [338] [INFO] Booting worker with pid: 338
[2026-03-16 17:22:25 +0000] [330] [INFO] Started server process [330]
[2026-03-16 17:22:25 +0000] [330] [INFO] Waiting for application startup.
[2026-03-16 17:22:25 +0000] [330] [INFO] Application startup complete.
[2026-03-16 17:22:25 +0000] [340] [INFO] Booting worker with pid: 340
[2026-03-16 17:22:25 +0000] [334] [INFO] Started server process [334]
[2026-03-16 17:22:25 +0000] [334] [INFO] Waiting for application startup.
[2026-03-16 17:22:25 +0000] [334] [INFO] Application startup complete.
[2026-03-16 17:22:25 +0000] [342] [INFO] Booting worker with pid: 342
[2026-03-16 17:22:25 +0000] [343] [INFO] Booting worker with pid: 343
[2026-03-16 17:22:26 +0000] [344] [INFO] Booting worker with pid: 344
[2026-03-16 17:22:26 +0000] [346] [INFO] Booting worker with pid: 346
[2026-03-16 17:22:26 +0000] [338] [INFO] Started server process [338]
[2026-03-16 17:22:26 +0000] [338] [INFO] Waiting for application startup.
[2026-03-16 17:22:26 +0000] [338] [INFO] Application startup complete.
[2026-03-16 17:22:26 +0000] [336] [INFO] Started server process [336]
[2026-03-16 17:22:26 +0000] [336] [INFO] Waiting for application startup.
[2026-03-16 17:22:26 +0000] [336] [INFO] Application startup complete.
[2026-03-16 17:22:26 +0000] [348] [INFO] Booting worker with pid: 348
[2026-03-16 17:22:26 +0000] [340] [INFO] Started server process [340]
[2026-03-16 17:22:26 +0000] [340] [INFO] Waiting for application startup.
[2026-03-16 17:22:26 +0000] [340] [INFO] Application startup complete.
[2026-03-16 17:22:26 +0000] [350] [INFO] Booting worker with pid: 350
[2026-03-16 17:22:26 +0000] [352] [INFO] Booting worker with pid: 352
[2026-03-16 17:22:26 +0000] [342] [INFO] Started server process [342]
[2026-03-16 17:22:26 +0000] [342] [INFO] Waiting for application startup.
[2026-03-16 17:22:26 +0000] [342] [INFO] Application startup complete.
[2026-03-16 17:22:26 +0000] [343] [INFO] Started server process [343]
[2026-03-16 17:22:26 +0000] [343] [INFO] Waiting for application startup.
[2026-03-16 17:22:26 +0000] [343] [INFO] Application startup complete.
[2026-03-16 17:22:26 +0000] [354] [INFO] Booting worker with pid: 354
[2026-03-16 17:22:26 +0000] [355] [INFO] Booting worker with pid: 355
[2026-03-16 17:22:26 +0000] [344] [INFO] Started server process [344]
[2026-03-16 17:22:26 +0000] [344] [INFO] Waiting for application startup.
[2026-03-16 17:22:26 +0000] [344] [INFO] Application startup complete.
[2026-03-16 17:22:26 +0000] [357] [INFO] Booting worker with pid: 357
[2026-03-16 17:22:26 +0000] [348] [INFO] Started server process [348]
[2026-03-16 17:22:26 +0000] [348] [INFO] Waiting for application startup.
[2026-03-16 17:22:26 +0000] [348] [INFO] Application startup complete.
[2026-03-16 17:22:26 +0000] [346] [INFO] Started server process [346]
[2026-03-16 17:22:26 +0000] [346] [INFO] Waiting for application startup.
[2026-03-16 17:22:26 +0000] [346] [INFO] Application startup complete.
[2026-03-16 17:22:26 +0000] [360] [INFO] Booting worker with pid: 360
[2026-03-16 17:22:26 +0000] [361] [INFO] Booting worker with pid: 361
[2026-03-16 17:22:26 +0000] [350] [INFO] Started server process [350]
[2026-03-16 17:22:26 +0000] [350] [INFO] Waiting for application startup.
[2026-03-16 17:22:26 +0000] [350] [INFO] Application startup complete.
[2026-03-16 17:22:26 +0000] [352] [INFO] Started server process [352]
[2026-03-16 17:22:26 +0000] [352] [INFO] Waiting for application startup.
[2026-03-16 17:22:26 +0000] [352] [INFO] Application startup complete.
[2026-03-16 17:22:26 +0000] [364] [INFO] Booting worker with pid: 364
[2026-03-16 17:22:26 +0000] [355] [INFO] Started server process [355]
[2026-03-16 17:22:26 +0000] [355] [INFO] Waiting for application startup.
[2026-03-16 17:22:26 +0000] [355] [INFO] Application startup complete.
[2026-03-16 17:22:26 +0000] [366] [INFO] Booting worker with pid: 366
[2026-03-16 17:22:26 +0000] [367] [INFO] Booting worker with pid: 367
[2026-03-16 17:22:26 +0000] [368] [INFO] Booting worker with pid: 368
[2026-03-16 17:22:26 +0000] [354] [INFO] Started server process [354]
[2026-03-16 17:22:26 +0000] [354] [INFO] Waiting for application startup.
[2026-03-16 17:22:26 +0000] [354] [INFO] Application startup complete.
[2026-03-16 17:22:26 +0000] [357] [INFO] Started server process [357]
[2026-03-16 17:22:26 +0000] [357] [INFO] Waiting for application startup.
[2026-03-16 17:22:26 +0000] [357] [INFO] Application startup complete.
[2026-03-16 17:22:26 +0000] [371] [INFO] Booting worker with pid: 371
[2026-03-16 17:22:26 +0000] [372] [INFO] Booting worker with pid: 372
[2026-03-16 17:22:26 +0000] [373] [INFO] Booting worker with pid: 373
[2026-03-16 17:22:26 +0000] [375] [INFO] Booting worker with pid: 375
[2026-03-16 17:22:26 +0000] [360] [INFO] Started server process [360]
[2026-03-16 17:22:26 +0000] [360] [INFO] Waiting for application startup.
[2026-03-16 17:22:26 +0000] [360] [INFO] Application startup complete.
[2026-03-16 17:22:26 +0000] [377] [INFO] Booting worker with pid: 377
[2026-03-16 17:22:27 +0000] [361] [INFO] Started server process [361]
[2026-03-16 17:22:27 +0000] [361] [INFO] Waiting for application startup.
[2026-03-16 17:22:27 +0000] [361] [INFO] Application startup complete.
[2026-03-16 17:22:27 +0000] [364] [INFO] Started server process [364]
[2026-03-16 17:22:27 +0000] [364] [INFO] Waiting for application startup.
[2026-03-16 17:22:27 +0000] [364] [INFO] Application startup complete.
[2026-03-16 17:22:27 +0000] [379] [INFO] Booting worker with pid: 379
[2026-03-16 17:22:27 +0000] [380] [INFO] Booting worker with pid: 380
[2026-03-16 17:22:27 +0000] [366] [INFO] Started server process [366]
[2026-03-16 17:22:27 +0000] [366] [INFO] Waiting for application startup.
[2026-03-16 17:22:27 +0000] [366] [INFO] Application startup complete.
[2026-03-16 17:22:27 +0000] [367] [INFO] Started server process [367]
[2026-03-16 17:22:27 +0000] [367] [INFO] Waiting for application startup.
[2026-03-16 17:22:27 +0000] [367] [INFO] Application startup complete.
[2026-03-16 17:22:27 +0000] [383] [INFO] Booting worker with pid: 383
[2026-03-16 17:22:27 +0000] [368] [INFO] Started server process [368]
[2026-03-16 17:22:27 +0000] [368] [INFO] Waiting for application startup.
[2026-03-16 17:22:27 +0000] [368] [INFO] Application startup complete.
[2026-03-16 17:22:27 +0000] [385] [INFO] Booting worker with pid: 385
[2026-03-16 17:22:27 +0000] [371] [INFO] Started server process [371]
[2026-03-16 17:22:27 +0000] [371] [INFO] Waiting for application startup.
[2026-03-16 17:22:27 +0000] [371] [INFO] Application startup complete.
[2026-03-16 17:22:27 +0000] [387] [INFO] Booting worker with pid: 387
[2026-03-16 17:22:27 +0000] [372] [INFO] Started server process [372]
[2026-03-16 17:22:27 +0000] [372] [INFO] Waiting for application startup.
[2026-03-16 17:22:27 +0000] [372] [INFO] Application startup complete.
[2026-03-16 17:22:27 +0000] [390] [INFO] Booting worker with pid: 390
[2026-03-16 17:22:27 +0000] [375] [INFO] Started server process [375]
[2026-03-16 17:22:27 +0000] [375] [INFO] Waiting for application startup.
[2026-03-16 17:22:27 +0000] [375] [INFO] Application startup complete.
[2026-03-16 17:22:27 +0000] [391] [INFO] Booting worker with pid: 391
[2026-03-16 17:22:27 +0000] [392] [INFO] Booting worker with pid: 392
[2026-03-16 17:22:27 +0000] [393] [INFO] Booting worker with pid: 393
[2026-03-16 17:22:27 +0000] [394] [INFO] Booting worker with pid: 394
[2026-03-16 17:22:27 +0000] [379] [INFO] Started server process [379]
[2026-03-16 17:22:27 +0000] [379] [INFO] Waiting for application startup.
[2026-03-16 17:22:27 +0000] [379] [INFO] Application startup complete.
[2026-03-16 17:22:27 +0000] [397] [INFO] Booting worker with pid: 397
[2026-03-16 17:22:27 +0000] [377] [INFO] Started server process [377]
[2026-03-16 17:22:27 +0000] [377] [INFO] Waiting for application startup.
[2026-03-16 17:22:27 +0000] [377] [INFO] Application startup complete.
[2026-03-16 17:22:27 +0000] [398] [INFO] Booting worker with pid: 398
[2026-03-16 17:22:27 +0000] [399] [INFO] Booting worker with pid: 399
[2026-03-16 17:22:27 +0000] [385] [INFO] Started server process [385]
[2026-03-16 17:22:27 +0000] [385] [INFO] Waiting for application startup.
[2026-03-16 17:22:27 +0000] [385] [INFO] Application startup complete.
[2026-03-16 17:22:27 +0000] [402] [INFO] Booting worker with pid: 402
[2026-03-16 17:22:27 +0000] [380] [INFO] Started server process [380]
[2026-03-16 17:22:27 +0000] [380] [INFO] Waiting for application startup.
[2026-03-16 17:22:27 +0000] [380] [INFO] Application startup complete.
[2026-03-16 17:22:27 +0000] [403] [INFO] Booting worker with pid: 403
[2026-03-16 17:22:27 +0000] [404] [INFO] Booting worker with pid: 404
[2026-03-16 17:22:28 +0000] [405] [INFO] Booting worker with pid: 405
[2026-03-16 17:22:28 +0000] [373] [INFO] Started server process [373]
[2026-03-16 17:22:28 +0000] [373] [INFO] Waiting for application startup.
[2026-03-16 17:22:28 +0000] [373] [INFO] Application startup complete.
[2026-03-16 17:22:28 +0000] [409] [INFO] Booting worker with pid: 409
[2026-03-16 17:22:28 +0000] [387] [INFO] Started server process [387]
[2026-03-16 17:22:28 +0000] [387] [INFO] Waiting for application startup.
[2026-03-16 17:22:28 +0000] [387] [INFO] Application startup complete.
[2026-03-16 17:22:28 +0000] [383] [INFO] Started server process [383]
[2026-03-16 17:22:28 +0000] [383] [INFO] Waiting for application startup.
[2026-03-16 17:22:28 +0000] [383] [INFO] Application startup complete.
[2026-03-16 17:22:28 +0000] [393] [INFO] Started server process [393]
[2026-03-16 17:22:28 +0000] [393] [INFO] Waiting for application startup.
[2026-03-16 17:22:28 +0000] [393] [INFO] Application startup complete.
[2026-03-16 17:22:28 +0000] [411] [INFO] Booting worker with pid: 411
[2026-03-16 17:22:28 +0000] [413] [INFO] Booting worker with pid: 413
[2026-03-16 17:22:28 +0000] [394] [INFO] Started server process [394]
[2026-03-16 17:22:28 +0000] [394] [INFO] Waiting for application startup.
[2026-03-16 17:22:28 +0000] [394] [INFO] Application startup complete.
[2026-03-16 17:22:28 +0000] [391] [INFO] Started server process [391]
[2026-03-16 17:22:28 +0000] [391] [INFO] Waiting for application startup.
[2026-03-16 17:22:28 +0000] [391] [INFO] Application startup complete.
[2026-03-16 17:22:28 +0000] [415] [INFO] Booting worker with pid: 415
[2026-03-16 17:22:28 +0000] [398] [INFO] Started server process [398]
[2026-03-16 17:22:28 +0000] [398] [INFO] Waiting for application startup.
[2026-03-16 17:22:28 +0000] [398] [INFO] Application startup complete.
[2026-03-16 17:22:28 +0000] [390] [INFO] Started server process [390]
[2026-03-16 17:22:28 +0000] [390] [INFO] Waiting for application startup.
[2026-03-16 17:22:28 +0000] [390] [INFO] Application startup complete.
[2026-03-16 17:22:28 +0000] [419] [INFO] Booting worker with pid: 419
[2026-03-16 17:22:28 +0000] [402] [INFO] Started server process [402]
[2026-03-16 17:22:28 +0000] [402] [INFO] Waiting for application startup.
[2026-03-16 17:22:28 +0000] [402] [INFO] Application startup complete.
[2026-03-16 17:22:28 +0000] [421] [INFO] Booting worker with pid: 421
[2026-03-16 17:22:28 +0000] [392] [INFO] Started server process [392]
[2026-03-16 17:22:28 +0000] [392] [INFO] Waiting for application startup.
[2026-03-16 17:22:28 +0000] [392] [INFO] Application startup complete.
[2026-03-16 17:22:28 +0000] [422] [INFO] Booting worker with pid: 422
[2026-03-16 17:22:28 +0000] [423] [INFO] Booting worker with pid: 423
[2026-03-16 17:22:28 +0000] [424] [INFO] Booting worker with pid: 424
[2026-03-16 17:22:28 +0000] [397] [INFO] Started server process [397]
[2026-03-16 17:22:28 +0000] [397] [INFO] Waiting for application startup.
[2026-03-16 17:22:28 +0000] [397] [INFO] Application startup complete.
[2026-03-16 17:22:28 +0000] [399] [INFO] Started server process [399]
[2026-03-16 17:22:28 +0000] [399] [INFO] Waiting for application startup.
[2026-03-16 17:22:28 +0000] [399] [INFO] Application startup complete.
[2026-03-16 17:22:28 +0000] [427] [INFO] Booting worker with pid: 427
[2026-03-16 17:22:28 +0000] [429] [INFO] Booting worker with pid: 429
[2026-03-16 17:22:28 +0000] [411] [INFO] Started server process [411]
[2026-03-16 17:22:28 +0000] [411] [INFO] Waiting for application startup.
[2026-03-16 17:22:28 +0000] [411] [INFO] Application startup complete.
[2026-03-16 17:22:28 +0000] [430] [INFO] Booting worker with pid: 430
[2026-03-16 17:22:28 +0000] [431] [INFO] Booting worker with pid: 431
[2026-03-16 17:22:28 +0000] [434] [INFO] Booting worker with pid: 434
[2026-03-16 17:22:28 +0000] [403] [INFO] Started server process [403]
[2026-03-16 17:22:28 +0000] [403] [INFO] Waiting for application startup.
[2026-03-16 17:22:28 +0000] [403] [INFO] Application startup complete.
[2026-03-16 17:22:28 +0000] [422] [INFO] Started server process [422]
[2026-03-16 17:22:28 +0000] [422] [INFO] Waiting for application startup.
[2026-03-16 17:22:28 +0000] [422] [INFO] Application startup complete.
[2026-03-16 17:22:29 +0000] [436] [INFO] Booting worker with pid: 436
[2026-03-16 17:22:29 +0000] [421] [INFO] Started server process [421]
[2026-03-16 17:22:29 +0000] [421] [INFO] Waiting for application startup.
[2026-03-16 17:22:29 +0000] [421] [INFO] Application startup complete.
[2026-03-16 17:22:29 +0000] [415] [INFO] Started server process [415]
[2026-03-16 17:22:29 +0000] [415] [INFO] Waiting for application startup.
[2026-03-16 17:22:29 +0000] [415] [INFO] Application startup complete.
[2026-03-16 17:22:29 +0000] [439] [INFO] Booting worker with pid: 439
[2026-03-16 17:22:29 +0000] [419] [INFO] Started server process [419]
[2026-03-16 17:22:29 +0000] [419] [INFO] Waiting for application startup.
[2026-03-16 17:22:29 +0000] [419] [INFO] Application startup complete.
[2026-03-16 17:22:29 +0000] [440] [INFO] Booting worker with pid: 440
[2026-03-16 17:22:29 +0000] [442] [INFO] Booting worker with pid: 442
[2026-03-16 17:22:29 +0000] [404] [INFO] Started server process [404]
[2026-03-16 17:22:29 +0000] [404] [INFO] Waiting for application startup.
[2026-03-16 17:22:29 +0000] [404] [INFO] Application startup complete.
[2026-03-16 17:22:29 +0000] [447] [INFO] Booting worker with pid: 447
[2026-03-16 17:22:29 +0000] [430] [INFO] Started server process [430]
[2026-03-16 17:22:29 +0000] [430] [INFO] Waiting for application startup.
[2026-03-16 17:22:29 +0000] [430] [INFO] Application startup complete.
[2026-03-16 17:22:29 +0000] [448] [INFO] Booting worker with pid: 448
[2026-03-16 17:22:29 +0000] [405] [INFO] Started server process [405]
[2026-03-16 17:22:29 +0000] [405] [INFO] Waiting for application startup.
[2026-03-16 17:22:29 +0000] [405] [INFO] Application startup complete.
[2026-03-16 17:22:29 +0000] [409] [INFO] Started server process [409]
[2026-03-16 17:22:29 +0000] [409] [INFO] Waiting for application startup.
[2026-03-16 17:22:29 +0000] [409] [INFO] Application startup complete.
[2026-03-16 17:22:29 +0000] [413] [INFO] Started server process [413]
[2026-03-16 17:22:29 +0000] [413] [INFO] Waiting for application startup.
[2026-03-16 17:22:29 +0000] [413] [INFO] Application startup complete.
[2026-03-16 17:22:29 +0000] [449] [INFO] Booting worker with pid: 449
[2026-03-16 17:22:29 +0000] [423] [INFO] Started server process [423]
[2026-03-16 17:22:29 +0000] [423] [INFO] Waiting for application startup.
[2026-03-16 17:22:29 +0000] [423] [INFO] Application startup complete.
[2026-03-16 17:22:29 +0000] [451] [INFO] Booting worker with pid: 451
[2026-03-16 17:22:29 +0000] [427] [INFO] Started server process [427]
[2026-03-16 17:22:29 +0000] [427] [INFO] Waiting for application startup.
[2026-03-16 17:22:29 +0000] [427] [INFO] Application startup complete.
[2026-03-16 17:22:29 +0000] [453] [INFO] Booting worker with pid: 453
[2026-03-16 17:22:29 +0000] [424] [INFO] Started server process [424]
[2026-03-16 17:22:29 +0000] [424] [INFO] Waiting for application startup.
[2026-03-16 17:22:29 +0000] [424] [INFO] Application startup complete.
[2026-03-16 17:22:29 +0000] [436] [INFO] Started server process [436]
[2026-03-16 17:22:29 +0000] [436] [INFO] Waiting for application startup.
[2026-03-16 17:22:29 +0000] [436] [INFO] Application startup complete.
[2026-03-16 17:22:29 +0000] [456] [INFO] Booting worker with pid: 456
[2026-03-16 17:22:29 +0000] [457] [INFO] Booting worker with pid: 457
[2026-03-16 17:22:29 +0000] [434] [INFO] Started server process [434]
[2026-03-16 17:22:29 +0000] [434] [INFO] Waiting for application startup.
[2026-03-16 17:22:29 +0000] [434] [INFO] Application startup complete.
[2026-03-16 17:22:29 +0000] [459] [INFO] Booting worker with pid: 459
[2026-03-16 17:22:29 +0000] [431] [INFO] Started server process [431]
[2026-03-16 17:22:29 +0000] [431] [INFO] Waiting for application startup.
[2026-03-16 17:22:29 +0000] [431] [INFO] Application startup complete.
[2026-03-16 17:22:29 +0000] [462] [INFO] Booting worker with pid: 462
[2026-03-16 17:22:29 +0000] [447] [INFO] Started server process [447]
[2026-03-16 17:22:29 +0000] [447] [INFO] Waiting for application startup.
[2026-03-16 17:22:29 +0000] [447] [INFO] Application startup complete.
[2026-03-16 17:22:29 +0000] [463] [INFO] Booting worker with pid: 463
[2026-03-16 17:22:29 +0000] [439] [INFO] Started server process [439]
[2026-03-16 17:22:29 +0000] [439] [INFO] Waiting for application startup.
[2026-03-16 17:22:29 +0000] [439] [INFO] Application startup complete.
[2026-03-16 17:22:29 +0000] [467] [INFO] Booting worker with pid: 467
[2026-03-16 17:22:30 +0000] [448] [INFO] Started server process [448]
[2026-03-16 17:22:30 +0000] [448] [INFO] Waiting for application startup.
[2026-03-16 17:22:30 +0000] [448] [INFO] Application startup complete.
[2026-03-16 17:22:30 +0000] [451] [INFO] Started server process [451]
[2026-03-16 17:22:30 +0000] [440] [INFO] Started server process [440]
[2026-03-16 17:22:30 +0000] [451] [INFO] Waiting for application startup.
[2026-03-16 17:22:30 +0000] [440] [INFO] Waiting for application startup.
[2026-03-16 17:22:30 +0000] [451] [INFO] Application startup complete.
[2026-03-16 17:22:30 +0000] [440] [INFO] Application startup complete.
[2026-03-16 17:22:30 +0000] [469] [INFO] Booting worker with pid: 469
[2026-03-16 17:22:30 +0000] [429] [INFO] Started server process [429]
[2026-03-16 17:22:30 +0000] [429] [INFO] Waiting for application startup.
[2026-03-16 17:22:30 +0000] [429] [INFO] Application startup complete.
[2026-03-16 17:22:30 +0000] [453] [INFO] Started server process [453]
[2026-03-16 17:22:30 +0000] [453] [INFO] Waiting for application startup.
[2026-03-16 17:22:30 +0000] [453] [INFO] Application startup complete.
[2026-03-16 17:22:30 +0000] [449] [INFO] Started server process [449]
[2026-03-16 17:22:30 +0000] [449] [INFO] Waiting for application startup.
[2026-03-16 17:22:30 +0000] [449] [INFO] Application startup complete.
[2026-03-16 17:22:30 +0000] [473] [INFO] Booting worker with pid: 473
[2026-03-16 17:22:30 +0000] [475] [INFO] Booting worker with pid: 475
[2026-03-16 17:22:30 +0000] [442] [INFO] Started server process [442]
[2026-03-16 17:22:30 +0000] [442] [INFO] Waiting for application startup.
[2026-03-16 17:22:30 +0000] [442] [INFO] Application startup complete.
[2026-03-16 17:22:30 +0000] [476] [INFO] Booting worker with pid: 476
[2026-03-16 17:22:30 +0000] [477] [INFO] Booting worker with pid: 477
[2026-03-16 17:22:30 +0000] [479] [INFO] Booting worker with pid: 479
[2026-03-16 17:22:30 +0000] [456] [INFO] Started server process [456]
[2026-03-16 17:22:30 +0000] [481] [INFO] Booting worker with pid: 481
[2026-03-16 17:22:30 +0000] [456] [INFO] Waiting for application startup.
[2026-03-16 17:22:30 +0000] [456] [INFO] Application startup complete.
[2026-03-16 17:22:30 +0000] [457] [INFO] Started server process [457]
[2026-03-16 17:22:30 +0000] [457] [INFO] Waiting for application startup.
[2026-03-16 17:22:30 +0000] [457] [INFO] Application startup complete.
[2026-03-16 17:22:30 +0000] [483] [INFO] Booting worker with pid: 483
[2026-03-16 17:22:30 +0000] [459] [INFO] Started server process [459]
[2026-03-16 17:22:30 +0000] [459] [INFO] Waiting for application startup.
[2026-03-16 17:22:30 +0000] [459] [INFO] Application startup complete.
[2026-03-16 17:22:30 +0000] [485] [INFO] Booting worker with pid: 485
[2026-03-16 17:22:30 +0000] [463] [INFO] Started server process [463]
[2026-03-16 17:22:30 +0000] [463] [INFO] Waiting for application startup.
[2026-03-16 17:22:30 +0000] [463] [INFO] Application startup complete.
[2026-03-16 17:22:30 +0000] [462] [INFO] Started server process [462]
[2026-03-16 17:22:30 +0000] [487] [INFO] Booting worker with pid: 487
[2026-03-16 17:22:30 +0000] [462] [INFO] Waiting for application startup.
[2026-03-16 17:22:30 +0000] [462] [INFO] Application startup complete.
[2026-03-16 17:22:30 +0000] [488] [INFO] Booting worker with pid: 488
[2026-03-16 17:22:30 +0000] [467] [INFO] Started server process [467]
[2026-03-16 17:22:30 +0000] [467] [INFO] Waiting for application startup.
[2026-03-16 17:22:30 +0000] [467] [INFO] Application startup complete.
[2026-03-16 17:22:30 +0000] [473] [INFO] Started server process [473]
[2026-03-16 17:22:30 +0000] [473] [INFO] Waiting for application startup.
[2026-03-16 17:22:30 +0000] [473] [INFO] Application startup complete.
[2026-03-16 17:22:30 +0000] [491] [INFO] Booting worker with pid: 491
[2026-03-16 17:22:30 +0000] [476] [INFO] Started server process [476]
[2026-03-16 17:22:30 +0000] [476] [INFO] Waiting for application startup.
[2026-03-16 17:22:30 +0000] [476] [INFO] Application startup complete.
[2026-03-16 17:22:30 +0000] [469] [INFO] Started server process [469]
[2026-03-16 17:22:30 +0000] [469] [INFO] Waiting for application startup.
[2026-03-16 17:22:30 +0000] [469] [INFO] Application startup complete.
[2026-03-16 17:22:30 +0000] [495] [INFO] Booting worker with pid: 495
[2026-03-16 17:22:30 +0000] [477] [INFO] Started server process [477]
[2026-03-16 17:22:30 +0000] [477] [INFO] Waiting for application startup.
[2026-03-16 17:22:30 +0000] [477] [INFO] Application startup complete.
[2026-03-16 17:22:30 +0000] [475] [INFO] Started server process [475]
[2026-03-16 17:22:30 +0000] [475] [INFO] Waiting for application startup.
[2026-03-16 17:22:30 +0000] [475] [INFO] Application startup complete.
[2026-03-16 17:22:30 +0000] [483] [INFO] Started server process [483]
[2026-03-16 17:22:30 +0000] [483] [INFO] Waiting for application startup.
[2026-03-16 17:22:30 +0000] [483] [INFO] Application startup complete.
[2026-03-16 17:22:30 +0000] [479] [INFO] Started server process [479]
[2026-03-16 17:22:30 +0000] [479] [INFO] Waiting for application startup.
[2026-03-16 17:22:30 +0000] [479] [INFO] Application startup complete.
[2026-03-16 17:22:30 +0000] [481] [INFO] Started server process [481]
[2026-03-16 17:22:30 +0000] [481] [INFO] Waiting for application startup.
[2026-03-16 17:22:30 +0000] [481] [INFO] Application startup complete.
[2026-03-16 17:22:30 +0000] [500] [INFO] Booting worker with pid: 500
[2026-03-16 17:22:30 +0000] [485] [INFO] Started server process [485]
[2026-03-16 17:22:30 +0000] [485] [INFO] Waiting for application startup.
[2026-03-16 17:22:30 +0000] [485] [INFO] Application startup complete.
[2026-03-16 17:22:30 +0000] [487] [INFO] Started server process [487]
[2026-03-16 17:22:30 +0000] [487] [INFO] Waiting for application startup.
[2026-03-16 17:22:30 +0000] [487] [INFO] Application startup complete.
[2026-03-16 17:22:30 +0000] [488] [INFO] Started server process [488]
[2026-03-16 17:22:30 +0000] [488] [INFO] Waiting for application startup.
[2026-03-16 17:22:30 +0000] [488] [INFO] Application startup complete.
[2026-03-16 17:22:30 +0000] [504] [INFO] Booting worker with pid: 504
[2026-03-16 17:22:30 +0000] [491] [INFO] Started server process [491]
[2026-03-16 17:22:30 +0000] [491] [INFO] Waiting for application startup.
[2026-03-16 17:22:30 +0000] [491] [INFO] Application startup complete.
[2026-03-16 17:22:31 +0000] [507] [INFO] Booting worker with pid: 507
[2026-03-16 17:22:31 +0000] [495] [INFO] Started server process [495]
[2026-03-16 17:22:31 +0000] [495] [INFO] Waiting for application startup.
[2026-03-16 17:22:31 +0000] [495] [INFO] Application startup complete.
[2026-03-16 17:22:31 +0000] [508] [INFO] Booting worker with pid: 508
[2026-03-16 17:22:31 +0000] [510] [INFO] Booting worker with pid: 510
[2026-03-16 17:22:31 +0000] [500] [INFO] Started server process [500]
[2026-03-16 17:22:31 +0000] [500] [INFO] Waiting for application startup.
[2026-03-16 17:22:31 +0000] [500] [INFO] Application startup complete.
[2026-03-16 17:22:31 +0000] [511] [INFO] Booting worker with pid: 511
[2026-03-16 17:22:31 +0000] [504] [INFO] Started server process [504]
[2026-03-16 17:22:31 +0000] [504] [INFO] Waiting for application startup.
[2026-03-16 17:22:31 +0000] [504] [INFO] Application startup complete.
[2026-03-16 17:22:31 +0000] [513] [INFO] Booting worker with pid: 513
[2026-03-16 17:22:31 +0000] [507] [INFO] Started server process [507]
[2026-03-16 17:22:31 +0000] [507] [INFO] Waiting for application startup.
[2026-03-16 17:22:31 +0000] [507] [INFO] Application startup complete.
[2026-03-16 17:22:31 +0000] [508] [INFO] Started server process [508]
[2026-03-16 17:22:31 +0000] [508] [INFO] Waiting for application startup.
[2026-03-16 17:22:31 +0000] [508] [INFO] Application startup complete.
[2026-03-16 17:22:31 +0000] [510] [INFO] Started server process [510]
[2026-03-16 17:22:31 +0000] [510] [INFO] Waiting for application startup.
[2026-03-16 17:22:31 +0000] [510] [INFO] Application startup complete.
[2026-03-16 17:22:31 +0000] [511] [INFO] Started server process [511]
[2026-03-16 17:22:31 +0000] [511] [INFO] Waiting for application startup.
[2026-03-16 17:22:31 +0000] [511] [INFO] Application startup complete.
[2026-03-16 17:22:31 +0000] [513] [INFO] Started server process [513]
[2026-03-16 17:22:31 +0000] [513] [INFO] Waiting for application startup.
[2026-03-16 17:22:31 +0000] [513] [INFO] Application startup complete.
