[1] Puma starting in cluster mode...
[1] * Puma version: 6.6.1 ("Return to Forever")
[1] * Ruby version: ruby 3.4.9 (2026-03-11 revision 76cca827ab) +PRISM [x86_64-linux]
[1] *  Min threads: 4
[1] *  Max threads: 4
[1] *  Environment: development
[1] *   Master PID: 1
[1] *      Workers: 128
[1] *     Restarts: (✔) hot (✖) phased (✖) refork
[1] * Preloading application
[1] * Listening on http://0.0.0.0:8080
[1] Use Ctrl-C to stop
[1] - Worker 0 (PID: 8) booted in 0.18s, phase: 0
[1] - Worker 1 (PID: 11) booted in 0.17s, phase: 0
[1] - Worker 2 (PID: 17) booted in 0.17s, phase: 0
[1] - Worker 3 (PID: 26) booted in 0.17s, phase: 0
[1] - Worker 4 (PID: 34) booted in 0.17s, phase: 0
[1] - Worker 5 (PID: 47) booted in 0.17s, phase: 0
[1] - Worker 6 (PID: 62) booted in 0.17s, phase: 0
[1] - Worker 7 (PID: 72) booted in 0.17s, phase: 0
[1] - Worker 8 (PID: 86) booted in 0.17s, phase: 0
[1] - Worker 9 (PID: 100) booted in 0.17s, phase: 0
[1] - Worker 10 (PID: 110) booted in 0.17s, phase: 0
[1] - Worker 11 (PID: 123) booted in 0.16s, phase: 0
[1] - Worker 12 (PID: 135) booted in 0.16s, phase: 0
[1] - Worker 13 (PID: 147) booted in 0.16s, phase: 0
[1] - Worker 14 (PID: 159) booted in 0.16s, phase: 0
[1] - Worker 15 (PID: 173) booted in 0.16s, phase: 0
[1] - Worker 16 (PID: 183) booted in 0.16s, phase: 0
[1] - Worker 17 (PID: 193) booted in 0.16s, phase: 0
[1] - Worker 18 (PID: 208) booted in 0.16s, phase: 0
[1] - Worker 19 (PID: 217) booted in 0.16s, phase: 0
[1] - Worker 20 (PID: 232) booted in 0.16s, phase: 0
[1] - Worker 21 (PID: 243) booted in 0.15s, phase: 0
[1] - Worker 22 (PID: 256) booted in 0.15s, phase: 0
[1] - Worker 23 (PID: 267) booted in 0.15s, phase: 0
[1] - Worker 24 (PID: 280) booted in 0.15s, phase: 0
[1] - Worker 25 (PID: 292) booted in 0.15s, phase: 0
[1] - Worker 26 (PID: 303) booted in 0.15s, phase: 0
[1] - Worker 27 (PID: 316) booted in 0.15s, phase: 0
[1] - Worker 28 (PID: 328) booted in 0.15s, phase: 0
[1] - Worker 29 (PID: 337) booted in 0.15s, phase: 0
[1] - Worker 30 (PID: 352) booted in 0.14s, phase: 0
[1] - Worker 31 (PID: 364) booted in 0.14s, phase: 0
[1] - Worker 32 (PID: 376) booted in 0.14s, phase: 0
[1] - Worker 33 (PID: 387) booted in 0.14s, phase: 0
[1] - Worker 34 (PID: 397) booted in 0.14s, phase: 0
[1] - Worker 35 (PID: 412) booted in 0.14s, phase: 0
[1] - Worker 36 (PID: 424) booted in 0.14s, phase: 0
[1] - Worker 37 (PID: 436) booted in 0.14s, phase: 0
[1] - Worker 38 (PID: 448) booted in 0.14s, phase: 0
[1] - Worker 39 (PID: 460) booted in 0.14s, phase: 0
[1] - Worker 40 (PID: 472) booted in 0.13s, phase: 0
[1] - Worker 41 (PID: 482) booted in 0.13s, phase: 0
[1] - Worker 42 (PID: 495) booted in 0.13s, phase: 0
[1] - Worker 43 (PID: 505) booted in 0.13s, phase: 0
[1] - Worker 44 (PID: 520) booted in 0.13s, phase: 0
[1] - Worker 45 (PID: 532) booted in 0.13s, phase: 0
[1] - Worker 46 (PID: 544) booted in 0.13s, phase: 0
[1] - Worker 47 (PID: 556) booted in 0.13s, phase: 0
[1] - Worker 48 (PID: 568) booted in 0.13s, phase: 0
[1] - Worker 49 (PID: 580) booted in 0.13s, phase: 0
[1] - Worker 50 (PID: 592) booted in 0.12s, phase: 0
[1] - Worker 51 (PID: 603) booted in 0.12s, phase: 0
[1] - Worker 52 (PID: 616) booted in 0.12s, phase: 0
[1] - Worker 53 (PID: 628) booted in 0.12s, phase: 0
[1] - Worker 54 (PID: 640) booted in 0.12s, phase: 0
[1] - Worker 55 (PID: 651) booted in 0.12s, phase: 0
[1] - Worker 56 (PID: 664) booted in 0.12s, phase: 0
[1] - Worker 57 (PID: 676) booted in 0.12s, phase: 0
[1] - Worker 58 (PID: 687) booted in 0.12s, phase: 0
[1] - Worker 59 (PID: 700) booted in 0.12s, phase: 0
[1] - Worker 60 (PID: 711) booted in 0.11s, phase: 0
[1] - Worker 61 (PID: 723) booted in 0.11s, phase: 0
[1] - Worker 62 (PID: 735) booted in 0.11s, phase: 0
[1] - Worker 63 (PID: 748) booted in 0.11s, phase: 0
[1] - Worker 64 (PID: 760) booted in 0.11s, phase: 0
[1] - Worker 65 (PID: 771) booted in 0.11s, phase: 0
[1] - Worker 66 (PID: 784) booted in 0.11s, phase: 0
[1] - Worker 67 (PID: 796) booted in 0.11s, phase: 0
[1] - Worker 68 (PID: 807) booted in 0.11s, phase: 0
[1] - Worker 69 (PID: 820) booted in 0.1s, phase: 0
[1] - Worker 70 (PID: 832) booted in 0.1s, phase: 0
[1] - Worker 71 (PID: 842) booted in 0.1s, phase: 0
[1] - Worker 72 (PID: 856) booted in 0.1s, phase: 0
[1] - Worker 73 (PID: 868) booted in 0.1s, phase: 0
[1] - Worker 74 (PID: 880) booted in 0.1s, phase: 0
[1] - Worker 75 (PID: 892) booted in 0.1s, phase: 0
[1] - Worker 76 (PID: 904) booted in 0.1s, phase: 0
[1] - Worker 77 (PID: 916) booted in 0.1s, phase: 0
[1] - Worker 78 (PID: 928) booted in 0.1s, phase: 0
[1] - Worker 79 (PID: 940) booted in 0.09s, phase: 0
[1] - Worker 80 (PID: 951) booted in 0.09s, phase: 0
[1] - Worker 81 (PID: 964) booted in 0.09s, phase: 0
[1] - Worker 82 (PID: 976) booted in 0.09s, phase: 0
[1] - Worker 83 (PID: 988) booted in 0.09s, phase: 0
[1] - Worker 84 (PID: 1000) booted in 0.09s, phase: 0
[1] - Worker 85 (PID: 1012) booted in 0.09s, phase: 0
[1] - Worker 86 (PID: 1024) booted in 0.09s, phase: 0
[1] - Worker 87 (PID: 1036) booted in 0.09s, phase: 0
[1] - Worker 88 (PID: 1048) booted in 0.08s, phase: 0
[1] - Worker 89 (PID: 1060) booted in 0.08s, phase: 0
[1] - Worker 90 (PID: 1072) booted in 0.08s, phase: 0
[1] - Worker 91 (PID: 1084) booted in 0.08s, phase: 0
[1] - Worker 92 (PID: 1096) booted in 0.08s, phase: 0
[1] - Worker 93 (PID: 1108) booted in 0.08s, phase: 0
[1] - Worker 94 (PID: 1120) booted in 0.08s, phase: 0
[1] - Worker 95 (PID: 1132) booted in 0.08s, phase: 0
[1] - Worker 96 (PID: 1143) booted in 0.08s, phase: 0
[1] - Worker 97 (PID: 1152) booted in 0.07s, phase: 0
[1] - Worker 98 (PID: 1168) booted in 0.07s, phase: 0
[1] - Worker 99 (PID: 1175) booted in 0.07s, phase: 0
[1] - Worker 100 (PID: 1191) booted in 0.07s, phase: 0
[1] - Worker 101 (PID: 1204) booted in 0.07s, phase: 0
[1] - Worker 102 (PID: 1212) booted in 0.07s, phase: 0
[1] - Worker 103 (PID: 1228) booted in 0.07s, phase: 0
[1] - Worker 104 (PID: 1240) booted in 0.07s, phase: 0
[1] - Worker 105 (PID: 1252) booted in 0.07s, phase: 0
[1] - Worker 106 (PID: 1264) booted in 0.07s, phase: 0
[1] - Worker 107 (PID: 1276) booted in 0.06s, phase: 0
[1] - Worker 108 (PID: 1288) booted in 0.06s, phase: 0
[1] - Worker 109 (PID: 1300) booted in 0.06s, phase: 0
[1] - Worker 110 (PID: 1312) booted in 0.06s, phase: 0
[1] - Worker 111 (PID: 1324) booted in 0.06s, phase: 0
[1] - Worker 112 (PID: 1336) booted in 0.06s, phase: 0
[1] - Worker 113 (PID: 1348) booted in 0.06s, phase: 0
[1] - Worker 114 (PID: 1360) booted in 0.06s, phase: 0
[1] - Worker 115 (PID: 1372) booted in 0.06s, phase: 0
[1] - Worker 116 (PID: 1384) booted in 0.05s, phase: 0
[1] - Worker 117 (PID: 1397) booted in 0.05s, phase: 0
[1] - Worker 118 (PID: 1408) booted in 0.05s, phase: 0
[1] - Worker 119 (PID: 1420) booted in 0.05s, phase: 0
[1] - Worker 120 (PID: 1432) booted in 0.05s, phase: 0
[1] - Worker 121 (PID: 1444) booted in 0.05s, phase: 0
[1] - Worker 122 (PID: 1456) booted in 0.05s, phase: 0
[1] - Worker 123 (PID: 1467) booted in 0.05s, phase: 0
[1] - Worker 124 (PID: 1480) booted in 0.05s, phase: 0
[1] - Worker 125 (PID: 1492) booted in 0.05s, phase: 0
[1] - Worker 126 (PID: 1504) booted in 0.04s, phase: 0
[1] - Worker 127 (PID: 1516) booted in 0.04s, phase: 0
