[1] Puma starting in cluster mode...
[1] * Puma version: 6.6.1 ("Return to Forever")
[1] * Ruby version: ruby 3.4.9 (2026-03-11 revision 76cca827ab) +PRISM [x86_64-linux]
[1] *  Min threads: 4
[1] *  Max threads: 4
[1] *  Environment: development
[1] *   Master PID: 1
[1] *      Workers: 128
[1] *     Restarts: (✔) hot (✖) phased (✖) refork
[1] * Preloading application
[1] * Listening on http://0.0.0.0:8080
[1] Use Ctrl-C to stop
[1] - Worker 0 (PID: 8) booted in 0.17s, phase: 0
[1] - Worker 1 (PID: 11) booted in 0.17s, phase: 0
[1] - Worker 2 (PID: 18) booted in 0.17s, phase: 0
[1] - Worker 3 (PID: 27) booted in 0.17s, phase: 0
[1] - Worker 4 (PID: 33) booted in 0.17s, phase: 0
[1] - Worker 5 (PID: 48) booted in 0.17s, phase: 0
[1] - Worker 6 (PID: 58) booted in 0.17s, phase: 0
[1] - Worker 7 (PID: 72) booted in 0.17s, phase: 0
[1] - Worker 8 (PID: 83) booted in 0.17s, phase: 0
[1] - Worker 9 (PID: 99) booted in 0.17s, phase: 0
[1] - Worker 10 (PID: 110) booted in 0.16s, phase: 0
[1] - Worker 11 (PID: 121) booted in 0.16s, phase: 0
[1] - Worker 12 (PID: 134) booted in 0.16s, phase: 0
[1] - Worker 13 (PID: 148) booted in 0.16s, phase: 0
[1] - Worker 14 (PID: 156) booted in 0.16s, phase: 0
[1] - Worker 15 (PID: 171) booted in 0.16s, phase: 0
[1] - Worker 16 (PID: 184) booted in 0.16s, phase: 0
[1] - Worker 17 (PID: 196) booted in 0.16s, phase: 0
[1] - Worker 18 (PID: 208) booted in 0.16s, phase: 0
[1] - Worker 19 (PID: 220) booted in 0.16s, phase: 0
[1] - Worker 20 (PID: 231) booted in 0.15s, phase: 0
[1] - Worker 21 (PID: 244) booted in 0.15s, phase: 0
[1] - Worker 22 (PID: 256) booted in 0.15s, phase: 0
[1] - Worker 23 (PID: 268) booted in 0.15s, phase: 0
[1] - Worker 24 (PID: 280) booted in 0.15s, phase: 0
[1] - Worker 25 (PID: 292) booted in 0.15s, phase: 0
[1] - Worker 26 (PID: 303) booted in 0.15s, phase: 0
[1] - Worker 27 (PID: 316) booted in 0.15s, phase: 0
[1] - Worker 28 (PID: 327) booted in 0.15s, phase: 0
[1] - Worker 29 (PID: 339) booted in 0.15s, phase: 0
[1] - Worker 30 (PID: 352) booted in 0.14s, phase: 0
[1] - Worker 31 (PID: 363) booted in 0.14s, phase: 0
[1] - Worker 32 (PID: 376) booted in 0.14s, phase: 0
[1] - Worker 33 (PID: 388) booted in 0.14s, phase: 0
[1] - Worker 34 (PID: 400) booted in 0.14s, phase: 0
[1] - Worker 35 (PID: 412) booted in 0.14s, phase: 0
[1] - Worker 36 (PID: 424) booted in 0.14s, phase: 0
[1] - Worker 37 (PID: 435) booted in 0.14s, phase: 0
[1] - Worker 38 (PID: 448) booted in 0.14s, phase: 0
[1] - Worker 39 (PID: 459) booted in 0.14s, phase: 0
[1] - Worker 40 (PID: 471) booted in 0.13s, phase: 0
[1] - Worker 41 (PID: 483) booted in 0.13s, phase: 0
[1] - Worker 42 (PID: 496) booted in 0.13s, phase: 0
[1] - Worker 43 (PID: 504) booted in 0.13s, phase: 0
[1] - Worker 44 (PID: 520) booted in 0.13s, phase: 0
[1] - Worker 45 (PID: 532) booted in 0.13s, phase: 0
[1] - Worker 46 (PID: 544) booted in 0.13s, phase: 0
[1] - Worker 47 (PID: 556) booted in 0.13s, phase: 0
[1] - Worker 48 (PID: 568) booted in 0.13s, phase: 0
[1] - Worker 49 (PID: 580) booted in 0.13s, phase: 0
[1] - Worker 50 (PID: 591) booted in 0.12s, phase: 0
[1] - Worker 51 (PID: 604) booted in 0.12s, phase: 0
[1] - Worker 52 (PID: 615) booted in 0.12s, phase: 0
[1] - Worker 53 (PID: 627) booted in 0.12s, phase: 0
[1] - Worker 54 (PID: 640) booted in 0.12s, phase: 0
[1] - Worker 55 (PID: 651) booted in 0.12s, phase: 0
[1] - Worker 56 (PID: 664) booted in 0.12s, phase: 0
[1] - Worker 57 (PID: 676) booted in 0.12s, phase: 0
[1] - Worker 58 (PID: 687) booted in 0.12s, phase: 0
[1] - Worker 59 (PID: 700) booted in 0.12s, phase: 0
[1] - Worker 60 (PID: 712) booted in 0.11s, phase: 0
[1] - Worker 61 (PID: 724) booted in 0.11s, phase: 0
[1] - Worker 62 (PID: 737) booted in 0.11s, phase: 0
[1] - Worker 63 (PID: 748) booted in 0.11s, phase: 0
[1] - Worker 64 (PID: 760) booted in 0.11s, phase: 0
[1] - Worker 65 (PID: 772) booted in 0.11s, phase: 0
[1] - Worker 66 (PID: 784) booted in 0.11s, phase: 0
[1] - Worker 67 (PID: 796) booted in 0.11s, phase: 0
[1] - Worker 68 (PID: 808) booted in 0.11s, phase: 0
[1] - Worker 69 (PID: 820) booted in 0.11s, phase: 0
[1] - Worker 70 (PID: 832) booted in 0.1s, phase: 0
[1] - Worker 71 (PID: 844) booted in 0.1s, phase: 0
[1] - Worker 72 (PID: 856) booted in 0.1s, phase: 0
[1] - Worker 73 (PID: 868) booted in 0.1s, phase: 0
[1] - Worker 74 (PID: 880) booted in 0.1s, phase: 0
[1] - Worker 75 (PID: 892) booted in 0.1s, phase: 0
[1] - Worker 76 (PID: 904) booted in 0.1s, phase: 0
[1] - Worker 77 (PID: 915) booted in 0.1s, phase: 0
[1] - Worker 78 (PID: 928) booted in 0.1s, phase: 0
[1] - Worker 79 (PID: 940) booted in 0.1s, phase: 0
[1] - Worker 80 (PID: 952) booted in 0.09s, phase: 0
[1] - Worker 81 (PID: 964) booted in 0.09s, phase: 0
[1] - Worker 82 (PID: 976) booted in 0.09s, phase: 0
[1] - Worker 83 (PID: 988) booted in 0.09s, phase: 0
[1] - Worker 84 (PID: 1000) booted in 0.09s, phase: 0
[1] - Worker 85 (PID: 1012) booted in 0.09s, phase: 0
[1] - Worker 86 (PID: 1023) booted in 0.09s, phase: 0
[1] - Worker 87 (PID: 1036) booted in 0.09s, phase: 0
[1] - Worker 88 (PID: 1048) booted in 0.09s, phase: 0
[1] - Worker 89 (PID: 1060) booted in 0.08s, phase: 0
[1] - Worker 90 (PID: 1072) booted in 0.08s, phase: 0
[1] - Worker 91 (PID: 1084) booted in 0.08s, phase: 0
[1] - Worker 92 (PID: 1096) booted in 0.08s, phase: 0
[1] - Worker 93 (PID: 1108) booted in 0.08s, phase: 0
[1] - Worker 94 (PID: 1120) booted in 0.08s, phase: 0
[1] - Worker 95 (PID: 1132) booted in 0.08s, phase: 0
[1] - Worker 96 (PID: 1144) booted in 0.08s, phase: 0
[1] - Worker 97 (PID: 1156) booted in 0.08s, phase: 0
[1] - Worker 98 (PID: 1168) booted in 0.08s, phase: 0
[1] - Worker 99 (PID: 1181) booted in 0.07s, phase: 0
[1] - Worker 100 (PID: 1192) booted in 0.07s, phase: 0
[1] - Worker 101 (PID: 1204) booted in 0.07s, phase: 0
[1] - Worker 102 (PID: 1216) booted in 0.07s, phase: 0
[1] - Worker 103 (PID: 1228) booted in 0.07s, phase: 0
[1] - Worker 104 (PID: 1240) booted in 0.07s, phase: 0
[1] - Worker 105 (PID: 1252) booted in 0.07s, phase: 0
[1] - Worker 106 (PID: 1264) booted in 0.07s, phase: 0
[1] - Worker 107 (PID: 1276) booted in 0.07s, phase: 0
[1] - Worker 108 (PID: 1288) booted in 0.06s, phase: 0
[1] - Worker 109 (PID: 1300) booted in 0.06s, phase: 0
[1] - Worker 110 (PID: 1312) booted in 0.06s, phase: 0
[1] - Worker 111 (PID: 1324) booted in 0.06s, phase: 0
[1] - Worker 112 (PID: 1336) booted in 0.06s, phase: 0
[1] - Worker 113 (PID: 1348) booted in 0.06s, phase: 0
[1] - Worker 114 (PID: 1360) booted in 0.06s, phase: 0
[1] - Worker 115 (PID: 1372) booted in 0.06s, phase: 0
[1] - Worker 116 (PID: 1384) booted in 0.06s, phase: 0
[1] - Worker 117 (PID: 1396) booted in 0.06s, phase: 0
[1] - Worker 118 (PID: 1408) booted in 0.05s, phase: 0
[1] - Worker 119 (PID: 1420) booted in 0.05s, phase: 0
[1] - Worker 120 (PID: 1432) booted in 0.05s, phase: 0
[1] - Worker 121 (PID: 1444) booted in 0.05s, phase: 0
[1] - Worker 122 (PID: 1457) booted in 0.05s, phase: 0
[1] - Worker 123 (PID: 1468) booted in 0.05s, phase: 0
[1] - Worker 124 (PID: 1480) booted in 0.05s, phase: 0
[1] - Worker 125 (PID: 1493) booted in 0.05s, phase: 0
[1] - Worker 126 (PID: 1504) booted in 0.05s, phase: 0
[1] - Worker 127 (PID: 1516) booted in 0.04s, phase: 0
2026-03-24 13:44:37 +0000 HTTP parse error, malformed request: #<Puma::HttpParserError: Invalid HTTP format, parsing fails. Are you trying to open an SSL connection to a non-SSL Puma?>
2026-03-24 13:44:37 +0000 HTTP parse error, malformed request: #<Puma::HttpParserError: Invalid HTTP format, parsing fails. Are you trying to open an SSL connection to a non-SSL Puma?>
2026-03-24 13:44:37 +0000 HTTP parse error, malformed request: #<Puma::HttpParserError: Invalid HTTP format, parsing fails. Are you trying to open an SSL connection to a non-SSL Puma?>
2026-03-24 13:44:37 +0000 HTTP parse error, malformed request: #<Puma::HttpParserError: Invalid HTTP format, parsing fails. Are you trying to open an SSL connection to a non-SSL Puma?>
2026-03-24 13:44:37 +0000 HTTP parse error, malformed request: #<Puma::HttpParserError: Invalid HTTP format, parsing fails. Are you trying to open an SSL connection to a non-SSL Puma?>
2026-03-24 13:44:37 +0000 HTTP parse error, malformed request: #<Puma::HttpParserError: Invalid HTTP format, parsing fails. Are you trying to open an SSL connection to a non-SSL Puma?>
2026-03-24 13:44:37 +0000 HTTP parse error, malformed request: #<Puma::HttpParserError: Invalid HTTP format, parsing fails. Are you trying to open an SSL connection to a non-SSL Puma?>
2026-03-24 13:44:37 +0000 HTTP parse error, malformed request: #<Puma::HttpParserError: Invalid HTTP format, parsing fails. Are you trying to open an SSL connection to a non-SSL Puma?>
2026-03-24 13:44:37 +0000 HTTP parse error, malformed request: #<Puma::HttpParserError: Invalid HTTP format, parsing fails. Are you trying to open an SSL connection to a non-SSL Puma?>
2026-03-24 13:44:37 +0000 HTTP parse error, malformed request: #<Puma::HttpParserError: Invalid HTTP format, parsing fails. Are you trying to open an SSL connection to a non-SSL Puma?>
2026-03-24 13:44:37 +0000 HTTP parse error, malformed request: #<Puma::HttpParserError: Invalid HTTP format, parsing fails. Are you trying to open an SSL connection to a non-SSL Puma?>
2026-03-24 13:44:37 +0000 HTTP parse error, malformed request: #<Puma::HttpParserError: Invalid HTTP format, parsing fails. Are you trying to open an SSL connection to a non-SSL Puma?>
2026-03-24 13:44:37 +0000 HTTP parse error, malformed request: #<Puma::HttpParserError: Invalid HTTP format, parsing fails. Are you trying to open an SSL connection to a non-SSL Puma?>
2026-03-24 13:44:37 +0000 HTTP parse error, malformed request: #<Puma::HttpParserError: Invalid HTTP format, parsing fails. Are you trying to open an SSL connection to a non-SSL Puma?>
2026-03-24 13:44:37 +0000 HTTP parse error, malformed request: #<Puma::HttpParserError: Invalid HTTP format, parsing fails. Are you trying to open an SSL connection to a non-SSL Puma?>
2026-03-24 13:44:37 +0000 HTTP parse error, malformed request: #<Puma::HttpParserError: Invalid HTTP format, parsing fails. Are you trying to open an SSL connection to a non-SSL Puma?>
2026-03-24 13:44:37 +0000 HTTP parse error, malformed request: #<Puma::HttpParserError: Invalid HTTP format, parsing fails. Are you trying to open an SSL connection to a non-SSL Puma?>
2026-03-24 13:44:37 +0000 HTTP parse error, malformed request: #<Puma::HttpParserError: Invalid HTTP format, parsing fails. Are you trying to open an SSL connection to a non-SSL Puma?>
2026-03-24 13:44:37 +0000 HTTP parse error, malformed request: #<Puma::HttpParserError: Invalid HTTP format, parsing fails. Are you trying to open an SSL connection to a non-SSL Puma?>
2026-03-24 13:44:37 +0000 HTTP parse error, malformed request: #<Puma::HttpParserError: Invalid HTTP format, parsing fails. Are you trying to open an SSL connection to a non-SSL Puma?>
2026-03-24 13:44:37 +0000 HTTP parse error, malformed request: #<Puma::HttpParserError: Invalid HTTP format, parsing fails. Are you trying to open an SSL connection to a non-SSL Puma?>
2026-03-24 13:44:37 +0000 HTTP parse error, malformed request: #<Puma::HttpParserError: Invalid HTTP format, parsing fails. Are you trying to open an SSL connection to a non-SSL Puma?>
2026-03-24 13:44:37 +0000 HTTP parse error, malformed request: #<Puma::HttpParserError: Invalid HTTP format, parsing fails. Are you trying to open an SSL connection to a non-SSL Puma?>
2026-03-24 13:44:37 +0000 HTTP parse error, malformed request: #<Puma::HttpParserError: Invalid HTTP format, parsing fails. Are you trying to open an SSL connection to a non-SSL Puma?>
2026-03-24 13:44:37 +0000 HTTP parse error, malformed request: #<Puma::HttpParserError: Invalid HTTP format, parsing fails. Are you trying to open an SSL connection to a non-SSL Puma?>
2026-03-24 13:44:37 +0000 HTTP parse error, malformed request: #<Puma::HttpParserError: Invalid HTTP format, parsing fails. Are you trying to open an SSL connection to a non-SSL Puma?>
2026-03-24 13:44:37 +0000 HTTP parse error, malformed request: #<Puma::HttpParserError: Invalid HTTP format, parsing fails. Are you trying to open an SSL connection to a non-SSL Puma?>
2026-03-24 13:44:37 +0000 HTTP parse error, malformed request: #<Puma::HttpParserError: Invalid HTTP format, parsing fails. Are you trying to open an SSL connection to a non-SSL Puma?>
2026-03-24 13:44:37 +0000 HTTP parse error, malformed request: #<Puma::HttpParserError: Invalid HTTP format, parsing fails. Are you trying to open an SSL connection to a non-SSL Puma?>
2026-03-24 13:44:37 +0000 HTTP parse error, malformed request: #<Puma::HttpParserError: Invalid HTTP format, parsing fails. Are you trying to open an SSL connection to a non-SSL Puma?>
2026-03-24 13:44:37 +0000 HTTP parse error, malformed request: #<Puma::HttpParserError: Invalid HTTP format, parsing fails. Are you trying to open an SSL connection to a non-SSL Puma?>
2026-03-24 13:44:37 +0000 HTTP parse error, malformed request: #<Puma::HttpParserError: Invalid HTTP format, parsing fails. Are you trying to open an SSL connection to a non-SSL Puma?>
2026-03-24 13:44:37 +0000 HTTP parse error, malformed request: #<Puma::HttpParserError: Invalid HTTP format, parsing fails. Are you trying to open an SSL connection to a non-SSL Puma?>
2026-03-24 13:44:37 +0000 HTTP parse error, malformed request: #<Puma::HttpParserError: Invalid HTTP format, parsing fails. Are you trying to open an SSL connection to a non-SSL Puma?>
2026-03-24 13:44:37 +0000 HTTP parse error, malformed request: #<Puma::HttpParserError: Invalid HTTP format, parsing fails. Are you trying to open an SSL connection to a non-SSL Puma?>
2026-03-24 13:44:37 +0000 HTTP parse error, malformed request: #<Puma::HttpParserError: Invalid HTTP format, parsing fails. Are you trying to open an SSL connection to a non-SSL Puma?>
2026-03-24 13:44:37 +0000 HTTP parse error, malformed request: #<Puma::HttpParserError: Invalid HTTP format, parsing fails. Are you trying to open an SSL connection to a non-SSL Puma?>
2026-03-24 13:44:37 +0000 HTTP parse error, malformed request: #<Puma::HttpParserError: Invalid HTTP format, parsing fails. Are you trying to open an SSL connection to a non-SSL Puma?>
2026-03-24 13:44:37 +0000 HTTP parse error, malformed request: #<Puma::HttpParserError: Invalid HTTP format, parsing fails. Are you trying to open an SSL connection to a non-SSL Puma?>
2026-03-24 13:44:37 +0000 HTTP parse error, malformed request: #<Puma::HttpParserError: Invalid HTTP format, parsing fails. Are you trying to open an SSL connection to a non-SSL Puma?>
2026-03-24 13:44:37 +0000 HTTP parse error, malformed request: #<Puma::HttpParserError: Invalid HTTP format, parsing fails. Are you trying to open an SSL connection to a non-SSL Puma?>
2026-03-24 13:44:37 +0000 HTTP parse error, malformed request: #<Puma::HttpParserError: Invalid HTTP format, parsing fails. Are you trying to open an SSL connection to a non-SSL Puma?>
2026-03-24 13:44:37 +0000 HTTP parse error, malformed request: #<Puma::HttpParserError: Invalid HTTP format, parsing fails. Are you trying to open an SSL connection to a non-SSL Puma?>
2026-03-24 13:44:37 +0000 HTTP parse error, malformed request: #<Puma::HttpParserError: Invalid HTTP format, parsing fails. Are you trying to open an SSL connection to a non-SSL Puma?>
2026-03-24 13:44:37 +0000 HTTP parse error, malformed request: #<Puma::HttpParserError: Invalid HTTP format, parsing fails. Are you trying to open an SSL connection to a non-SSL Puma?>
2026-03-24 13:44:37 +0000 HTTP parse error, malformed request: #<Puma::HttpParserError: Invalid HTTP format, parsing fails. Are you trying to open an SSL connection to a non-SSL Puma?>
2026-03-24 13:44:37 +0000 HTTP parse error, malformed request: #<Puma::HttpParserError: Invalid HTTP format, parsing fails. Are you trying to open an SSL connection to a non-SSL Puma?>
2026-03-24 13:44:37 +0000 HTTP parse error, malformed request: #<Puma::HttpParserError: Invalid HTTP format, parsing fails. Are you trying to open an SSL connection to a non-SSL Puma?>
2026-03-24 13:44:37 +0000 HTTP parse error, malformed request: #<Puma::HttpParserError: Invalid HTTP format, parsing fails. Are you trying to open an SSL connection to a non-SSL Puma?>
2026-03-24 13:44:37 +0000 HTTP parse error, malformed request: #<Puma::HttpParserError: Invalid HTTP format, parsing fails. Are you trying to open an SSL connection to a non-SSL Puma?>
2026-03-24 13:44:37 +0000 HTTP parse error, malformed request: #<Puma::HttpParserError: Invalid HTTP format, parsing fails. Are you trying to open an SSL connection to a non-SSL Puma?>
2026-03-24 13:44:37 +0000 HTTP parse error, malformed request: #<Puma::HttpParserError: Invalid HTTP format, parsing fails. Are you trying to open an SSL connection to a non-SSL Puma?>
2026-03-24 13:44:37 +0000 HTTP parse error, malformed request: #<Puma::HttpParserError: Invalid HTTP format, parsing fails. Are you trying to open an SSL connection to a non-SSL Puma?>
2026-03-24 13:44:37 +0000 HTTP parse error, malformed request: #<Puma::HttpParserError: Invalid HTTP format, parsing fails. Are you trying to open an SSL connection to a non-SSL Puma?>
2026-03-24 13:44:37 +0000 HTTP parse error, malformed request: #<Puma::HttpParserError: Invalid HTTP format, parsing fails. Are you trying to open an SSL connection to a non-SSL Puma?>
2026-03-24 13:44:37 +0000 HTTP parse error, malformed request: #<Puma::HttpParserError: Invalid HTTP format, parsing fails. Are you trying to open an SSL connection to a non-SSL Puma?>
2026-03-24 13:44:37 +0000 HTTP parse error, malformed request: #<Puma::HttpParserError: Invalid HTTP format, parsing fails. Are you trying to open an SSL connection to a non-SSL Puma?>
2026-03-24 13:44:37 +0000 HTTP parse error, malformed request: #<Puma::HttpParserError: Invalid HTTP format, parsing fails. Are you trying to open an SSL connection to a non-SSL Puma?>
2026-03-24 13:44:37 +0000 HTTP parse error, malformed request: #<Puma::HttpParserError: Invalid HTTP format, parsing fails. Are you trying to open an SSL connection to a non-SSL Puma?>
2026-03-24 13:44:37 +0000 HTTP parse error, malformed request: #<Puma::HttpParserError: Invalid HTTP format, parsing fails. Are you trying to open an SSL connection to a non-SSL Puma?>
2026-03-24 13:44:37 +0000 HTTP parse error, malformed request: #<Puma::HttpParserError: Invalid HTTP format, parsing fails. Are you trying to open an SSL connection to a non-SSL Puma?>
2026-03-24 13:44:37 +0000 HTTP parse error, malformed request: #<Puma::HttpParserError: Invalid HTTP format, parsing fails. Are you trying to open an SSL connection to a non-SSL Puma?>
2026-03-24 13:44:37 +0000 HTTP parse error, malformed request: #<Puma::HttpParserError: Invalid HTTP format, parsing fails. Are you trying to open an SSL connection to a non-SSL Puma?>
2026-03-24 13:44:37 +0000 HTTP parse error, malformed request: #<Puma::HttpParserError: Invalid HTTP format, parsing fails. Are you trying to open an SSL connection to a non-SSL Puma?>
2026-03-24 13:44:37 +0000 HTTP parse error, malformed request: #<Puma::HttpParserError: Invalid HTTP format, parsing fails. Are you trying to open an SSL connection to a non-SSL Puma?>
2026-03-24 13:44:37 +0000 HTTP parse error, malformed request: #<Puma::HttpParserError: Invalid HTTP format, parsing fails. Are you trying to open an SSL connection to a non-SSL Puma?>
2026-03-24 13:44:37 +0000 HTTP parse error, malformed request: #<Puma::HttpParserError: Invalid HTTP format, parsing fails. Are you trying to open an SSL connection to a non-SSL Puma?>
2026-03-24 13:44:37 +0000 HTTP parse error, malformed request: #<Puma::HttpParserError: Invalid HTTP format, parsing fails. Are you trying to open an SSL connection to a non-SSL Puma?>
2026-03-24 13:44:37 +0000 HTTP parse error, malformed request: #<Puma::HttpParserError: Invalid HTTP format, parsing fails. Are you trying to open an SSL connection to a non-SSL Puma?>
2026-03-24 13:44:37 +0000 HTTP parse error, malformed request: #<Puma::HttpParserError: Invalid HTTP format, parsing fails. Are you trying to open an SSL connection to a non-SSL Puma?>
2026-03-24 13:44:37 +0000 HTTP parse error, malformed request: #<Puma::HttpParserError: Invalid HTTP format, parsing fails. Are you trying to open an SSL connection to a non-SSL Puma?>
2026-03-24 13:44:37 +0000 HTTP parse error, malformed request: #<Puma::HttpParserError: Invalid HTTP format, parsing fails. Are you trying to open an SSL connection to a non-SSL Puma?>
2026-03-24 13:44:37 +0000 HTTP parse error, malformed request: #<Puma::HttpParserError: Invalid HTTP format, parsing fails. Are you trying to open an SSL connection to a non-SSL Puma?>
2026-03-24 13:44:37 +0000 HTTP parse error, malformed request: #<Puma::HttpParserError: Invalid HTTP format, parsing fails. Are you trying to open an SSL connection to a non-SSL Puma?>
2026-03-24 13:44:37 +0000 HTTP parse error, malformed request: #<Puma::HttpParserError: Invalid HTTP format, parsing fails. Are you trying to open an SSL connection to a non-SSL Puma?>
2026-03-24 13:44:37 +0000 HTTP parse error, malformed request: #<Puma::HttpParserError: Invalid HTTP format, parsing fails. Are you trying to open an SSL connection to a non-SSL Puma?>
2026-03-24 13:44:37 +0000 HTTP parse error, malformed request: #<Puma::HttpParserError: Invalid HTTP format, parsing fails. Are you trying to open an SSL connection to a non-SSL Puma?>
2026-03-24 13:44:37 +0000 HTTP parse error, malformed request: #<Puma::HttpParserError: Invalid HTTP format, parsing fails. Are you trying to open an SSL connection to a non-SSL Puma?>
2026-03-24 13:44:37 +0000 HTTP parse error, malformed request: #<Puma::HttpParserError: Invalid HTTP format, parsing fails. Are you trying to open an SSL connection to a non-SSL Puma?>
2026-03-24 13:44:37 +0000 HTTP parse error, malformed request: #<Puma::HttpParserError: Invalid HTTP format, parsing fails. Are you trying to open an SSL connection to a non-SSL Puma?>
2026-03-24 13:44:37 +0000 HTTP parse error, malformed request: #<Puma::HttpParserError: Invalid HTTP format, parsing fails. Are you trying to open an SSL connection to a non-SSL Puma?>
2026-03-24 13:44:37 +0000 HTTP parse error, malformed request: #<Puma::HttpParserError: Invalid HTTP format, parsing fails. Are you trying to open an SSL connection to a non-SSL Puma?>
2026-03-24 13:44:37 +0000 HTTP parse error, malformed request: #<Puma::HttpParserError: Invalid HTTP format, parsing fails. Are you trying to open an SSL connection to a non-SSL Puma?>
2026-03-24 13:44:37 +0000 HTTP parse error, malformed request: #<Puma::HttpParserError: Invalid HTTP format, parsing fails. Are you trying to open an SSL connection to a non-SSL Puma?>
2026-03-24 13:44:37 +0000 HTTP parse error, malformed request: #<Puma::HttpParserError: Invalid HTTP format, parsing fails. Are you trying to open an SSL connection to a non-SSL Puma?>
2026-03-24 13:44:37 +0000 HTTP parse error, malformed request: #<Puma::HttpParserError: Invalid HTTP format, parsing fails. Are you trying to open an SSL connection to a non-SSL Puma?>
2026-03-24 13:44:37 +0000 HTTP parse error, malformed request: #<Puma::HttpParserError: Invalid HTTP format, parsing fails. Are you trying to open an SSL connection to a non-SSL Puma?>
2026-03-24 13:44:37 +0000 HTTP parse error, malformed request: #<Puma::HttpParserError: Invalid HTTP format, parsing fails. Are you trying to open an SSL connection to a non-SSL Puma?>
2026-03-24 13:44:37 +0000 HTTP parse error, malformed request: #<Puma::HttpParserError: Invalid HTTP format, parsing fails. Are you trying to open an SSL connection to a non-SSL Puma?>
2026-03-24 13:44:37 +0000 HTTP parse error, malformed request: #<Puma::HttpParserError: Invalid HTTP format, parsing fails. Are you trying to open an SSL connection to a non-SSL Puma?>
2026-03-24 13:44:37 +0000 HTTP parse error, malformed request: #<Puma::HttpParserError: Invalid HTTP format, parsing fails. Are you trying to open an SSL connection to a non-SSL Puma?>
2026-03-24 13:44:37 +0000 HTTP parse error, malformed request: #<Puma::HttpParserError: Invalid HTTP format, parsing fails. Are you trying to open an SSL connection to a non-SSL Puma?>
2026-03-24 13:44:37 +0000 HTTP parse error, malformed request: #<Puma::HttpParserError: Invalid HTTP format, parsing fails. Are you trying to open an SSL connection to a non-SSL Puma?>
2026-03-24 13:44:37 +0000 HTTP parse error, malformed request: #<Puma::HttpParserError: Invalid HTTP format, parsing fails. Are you trying to open an SSL connection to a non-SSL Puma?>
2026-03-24 13:44:37 +0000 HTTP parse error, malformed request: #<Puma::HttpParserError: Invalid HTTP format, parsing fails. Are you trying to open an SSL connection to a non-SSL Puma?>
2026-03-24 13:44:37 +0000 HTTP parse error, malformed request: #<Puma::HttpParserError: Invalid HTTP format, parsing fails. Are you trying to open an SSL connection to a non-SSL Puma?>
2026-03-24 13:44:37 +0000 HTTP parse error, malformed request: #<Puma::HttpParserError: Invalid HTTP format, parsing fails. Are you trying to open an SSL connection to a non-SSL Puma?>
2026-03-24 13:44:37 +0000 HTTP parse error, malformed request: #<Puma::HttpParserError: Invalid HTTP format, parsing fails. Are you trying to open an SSL connection to a non-SSL Puma?>
2026-03-24 13:44:37 +0000 HTTP parse error, malformed request: #<Puma::HttpParserError: Invalid HTTP format, parsing fails. Are you trying to open an SSL connection to a non-SSL Puma?>
2026-03-24 13:44:37 +0000 HTTP parse error, malformed request: #<Puma::HttpParserError: Invalid HTTP format, parsing fails. Are you trying to open an SSL connection to a non-SSL Puma?>
2026-03-24 13:44:37 +0000 HTTP parse error, malformed request: #<Puma::HttpParserError: Invalid HTTP format, parsing fails. Are you trying to open an SSL connection to a non-SSL Puma?>
2026-03-24 13:44:37 +0000 HTTP parse error, malformed request: #<Puma::HttpParserError: Invalid HTTP format, parsing fails. Are you trying to open an SSL connection to a non-SSL Puma?>
2026-03-24 13:44:37 +0000 HTTP parse error, malformed request: #<Puma::HttpParserError: Invalid HTTP format, parsing fails. Are you trying to open an SSL connection to a non-SSL Puma?>
2026-03-24 13:44:37 +0000 HTTP parse error, malformed request: #<Puma::HttpParserError: Invalid HTTP format, parsing fails. Are you trying to open an SSL connection to a non-SSL Puma?>
2026-03-24 13:44:37 +0000 HTTP parse error, malformed request: #<Puma::HttpParserError: Invalid HTTP format, parsing fails. Are you trying to open an SSL connection to a non-SSL Puma?>
2026-03-24 13:44:37 +0000 HTTP parse error, malformed request: #<Puma::HttpParserError: Invalid HTTP format, parsing fails. Are you trying to open an SSL connection to a non-SSL Puma?>
2026-03-24 13:44:37 +0000 HTTP parse error, malformed request: #<Puma::HttpParserError: Invalid HTTP format, parsing fails. Are you trying to open an SSL connection to a non-SSL Puma?>
2026-03-24 13:44:37 +0000 HTTP parse error, malformed request: #<Puma::HttpParserError: Invalid HTTP format, parsing fails. Are you trying to open an SSL connection to a non-SSL Puma?>
2026-03-24 13:44:37 +0000 HTTP parse error, malformed request: #<Puma::HttpParserError: Invalid HTTP format, parsing fails. Are you trying to open an SSL connection to a non-SSL Puma?>
2026-03-24 13:44:37 +0000 HTTP parse error, malformed request: #<Puma::HttpParserError: Invalid HTTP format, parsing fails. Are you trying to open an SSL connection to a non-SSL Puma?>
2026-03-24 13:44:44 +0000 HTTP parse error, malformed request: #<Puma::HttpParserError: Invalid HTTP format, parsing fails. Are you trying to open an SSL connection to a non-SSL Puma?>
2026-03-24 13:44:44 +0000 HTTP parse error, malformed request: #<Puma::HttpParserError: Invalid HTTP format, parsing fails. Are you trying to open an SSL connection to a non-SSL Puma?>
2026-03-24 13:44:44 +0000 HTTP parse error, malformed request: #<Puma::HttpParserError: Invalid HTTP format, parsing fails. Are you trying to open an SSL connection to a non-SSL Puma?>
2026-03-24 13:44:44 +0000 HTTP parse error, malformed request: #<Puma::HttpParserError: Invalid HTTP format, parsing fails. Are you trying to open an SSL connection to a non-SSL Puma?>
2026-03-24 13:44:44 +0000 HTTP parse error, malformed request: #<Puma::HttpParserError: Invalid HTTP format, parsing fails. Are you trying to open an SSL connection to a non-SSL Puma?>
2026-03-24 13:44:44 +0000 HTTP parse error, malformed request: #<Puma::HttpParserError: Invalid HTTP format, parsing fails. Are you trying to open an SSL connection to a non-SSL Puma?>
2026-03-24 13:44:44 +0000 HTTP parse error, malformed request: #<Puma::HttpParserError: Invalid HTTP format, parsing fails. Are you trying to open an SSL connection to a non-SSL Puma?>
2026-03-24 13:44:44 +0000 HTTP parse error, malformed request: #<Puma::HttpParserError: Invalid HTTP format, parsing fails. Are you trying to open an SSL connection to a non-SSL Puma?>
2026-03-24 13:44:44 +0000 HTTP parse error, malformed request: #<Puma::HttpParserError: Invalid HTTP format, parsing fails. Are you trying to open an SSL connection to a non-SSL Puma?>
2026-03-24 13:44:44 +0000 HTTP parse error, malformed request: #<Puma::HttpParserError: Invalid HTTP format, parsing fails. Are you trying to open an SSL connection to a non-SSL Puma?>
2026-03-24 13:44:44 +0000 HTTP parse error, malformed request: #<Puma::HttpParserError: Invalid HTTP format, parsing fails. Are you trying to open an SSL connection to a non-SSL Puma?>
2026-03-24 13:44:44 +0000 HTTP parse error, malformed request: #<Puma::HttpParserError: Invalid HTTP format, parsing fails. Are you trying to open an SSL connection to a non-SSL Puma?>
2026-03-24 13:44:44 +0000 HTTP parse error, malformed request: #<Puma::HttpParserError: Invalid HTTP format, parsing fails. Are you trying to open an SSL connection to a non-SSL Puma?>
2026-03-24 13:44:44 +0000 HTTP parse error, malformed request: #<Puma::HttpParserError: Invalid HTTP format, parsing fails. Are you trying to open an SSL connection to a non-SSL Puma?>
2026-03-24 13:44:44 +0000 HTTP parse error, malformed request: #<Puma::HttpParserError: Invalid HTTP format, parsing fails. Are you trying to open an SSL connection to a non-SSL Puma?>
2026-03-24 13:44:44 +0000 HTTP parse error, malformed request: #<Puma::HttpParserError: Invalid HTTP format, parsing fails. Are you trying to open an SSL connection to a non-SSL Puma?>
2026-03-24 13:44:44 +0000 HTTP parse error, malformed request: #<Puma::HttpParserError: Invalid HTTP format, parsing fails. Are you trying to open an SSL connection to a non-SSL Puma?>
2026-03-24 13:44:44 +0000 HTTP parse error, malformed request: #<Puma::HttpParserError: Invalid HTTP format, parsing fails. Are you trying to open an SSL connection to a non-SSL Puma?>
2026-03-24 13:44:44 +0000 HTTP parse error, malformed request: #<Puma::HttpParserError: Invalid HTTP format, parsing fails. Are you trying to open an SSL connection to a non-SSL Puma?>
2026-03-24 13:44:44 +0000 HTTP parse error, malformed request: #<Puma::HttpParserError: Invalid HTTP format, parsing fails. Are you trying to open an SSL connection to a non-SSL Puma?>
2026-03-24 13:44:44 +0000 HTTP parse error, malformed request: #<Puma::HttpParserError: Invalid HTTP format, parsing fails. Are you trying to open an SSL connection to a non-SSL Puma?>
2026-03-24 13:44:44 +0000 HTTP parse error, malformed request: #<Puma::HttpParserError: Invalid HTTP format, parsing fails. Are you trying to open an SSL connection to a non-SSL Puma?>
2026-03-24 13:44:44 +0000 HTTP parse error, malformed request: #<Puma::HttpParserError: Invalid HTTP format, parsing fails. Are you trying to open an SSL connection to a non-SSL Puma?>
2026-03-24 13:44:44 +0000 HTTP parse error, malformed request: #<Puma::HttpParserError: Invalid HTTP format, parsing fails. Are you trying to open an SSL connection to a non-SSL Puma?>
2026-03-24 13:44:44 +0000 HTTP parse error, malformed request: #<Puma::HttpParserError: Invalid HTTP format, parsing fails. Are you trying to open an SSL connection to a non-SSL Puma?>
2026-03-24 13:44:44 +0000 HTTP parse error, malformed request: #<Puma::HttpParserError: Invalid HTTP format, parsing fails. Are you trying to open an SSL connection to a non-SSL Puma?>
2026-03-24 13:44:44 +0000 HTTP parse error, malformed request: #<Puma::HttpParserError: Invalid HTTP format, parsing fails. Are you trying to open an SSL connection to a non-SSL Puma?>
2026-03-24 13:44:44 +0000 HTTP parse error, malformed request: #<Puma::HttpParserError: Invalid HTTP format, parsing fails. Are you trying to open an SSL connection to a non-SSL Puma?>
2026-03-24 13:44:44 +0000 HTTP parse error, malformed request: #<Puma::HttpParserError: Invalid HTTP format, parsing fails. Are you trying to open an SSL connection to a non-SSL Puma?>
2026-03-24 13:44:44 +0000 HTTP parse error, malformed request: #<Puma::HttpParserError: Invalid HTTP format, parsing fails. Are you trying to open an SSL connection to a non-SSL Puma?>
2026-03-24 13:44:44 +0000 HTTP parse error, malformed request: #<Puma::HttpParserError: Invalid HTTP format, parsing fails. Are you trying to open an SSL connection to a non-SSL Puma?>
2026-03-24 13:44:44 +0000 HTTP parse error, malformed request: #<Puma::HttpParserError: Invalid HTTP format, parsing fails. Are you trying to open an SSL connection to a non-SSL Puma?>
2026-03-24 13:44:44 +0000 HTTP parse error, malformed request: #<Puma::HttpParserError: Invalid HTTP format, parsing fails. Are you trying to open an SSL connection to a non-SSL Puma?>
2026-03-24 13:44:44 +0000 HTTP parse error, malformed request: #<Puma::HttpParserError: Invalid HTTP format, parsing fails. Are you trying to open an SSL connection to a non-SSL Puma?>
2026-03-24 13:44:44 +0000 HTTP parse error, malformed request: #<Puma::HttpParserError: Invalid HTTP format, parsing fails. Are you trying to open an SSL connection to a non-SSL Puma?>
2026-03-24 13:44:44 +0000 HTTP parse error, malformed request: #<Puma::HttpParserError: Invalid HTTP format, parsing fails. Are you trying to open an SSL connection to a non-SSL Puma?>
2026-03-24 13:44:44 +0000 HTTP parse error, malformed request: #<Puma::HttpParserError: Invalid HTTP format, parsing fails. Are you trying to open an SSL connection to a non-SSL Puma?>
2026-03-24 13:44:44 +0000 HTTP parse error, malformed request: #<Puma::HttpParserError: Invalid HTTP format, parsing fails. Are you trying to open an SSL connection to a non-SSL Puma?>
2026-03-24 13:44:44 +0000 HTTP parse error, malformed request: #<Puma::HttpParserError: Invalid HTTP format, parsing fails. Are you trying to open an SSL connection to a non-SSL Puma?>
2026-03-24 13:44:44 +0000 HTTP parse error, malformed request: #<Puma::HttpParserError: Invalid HTTP format, parsing fails. Are you trying to open an SSL connection to a non-SSL Puma?>
2026-03-24 13:44:44 +0000 HTTP parse error, malformed request: #<Puma::HttpParserError: Invalid HTTP format, parsing fails. Are you trying to open an SSL connection to a non-SSL Puma?>
2026-03-24 13:44:44 +0000 HTTP parse error, malformed request: #<Puma::HttpParserError: Invalid HTTP format, parsing fails. Are you trying to open an SSL connection to a non-SSL Puma?>
2026-03-24 13:44:44 +0000 HTTP parse error, malformed request: #<Puma::HttpParserError: Invalid HTTP format, parsing fails. Are you trying to open an SSL connection to a non-SSL Puma?>
2026-03-24 13:44:44 +0000 HTTP parse error, malformed request: #<Puma::HttpParserError: Invalid HTTP format, parsing fails. Are you trying to open an SSL connection to a non-SSL Puma?>
2026-03-24 13:44:44 +0000 HTTP parse error, malformed request: #<Puma::HttpParserError: Invalid HTTP format, parsing fails. Are you trying to open an SSL connection to a non-SSL Puma?>
2026-03-24 13:44:44 +0000 HTTP parse error, malformed request: #<Puma::HttpParserError: Invalid HTTP format, parsing fails. Are you trying to open an SSL connection to a non-SSL Puma?>
2026-03-24 13:44:44 +0000 HTTP parse error, malformed request: #<Puma::HttpParserError: Invalid HTTP format, parsing fails. Are you trying to open an SSL connection to a non-SSL Puma?>
2026-03-24 13:44:44 +0000 HTTP parse error, malformed request: #<Puma::HttpParserError: Invalid HTTP format, parsing fails. Are you trying to open an SSL connection to a non-SSL Puma?>
2026-03-24 13:44:44 +0000 HTTP parse error, malformed request: #<Puma::HttpParserError: Invalid HTTP format, parsing fails. Are you trying to open an SSL connection to a non-SSL Puma?>
2026-03-24 13:44:44 +0000 HTTP parse error, malformed request: #<Puma::HttpParserError: Invalid HTTP format, parsing fails. Are you trying to open an SSL connection to a non-SSL Puma?>
2026-03-24 13:44:44 +0000 HTTP parse error, malformed request: #<Puma::HttpParserError: Invalid HTTP format, parsing fails. Are you trying to open an SSL connection to a non-SSL Puma?>
2026-03-24 13:44:44 +0000 HTTP parse error, malformed request: #<Puma::HttpParserError: Invalid HTTP format, parsing fails. Are you trying to open an SSL connection to a non-SSL Puma?>
2026-03-24 13:44:44 +0000 HTTP parse error, malformed request: #<Puma::HttpParserError: Invalid HTTP format, parsing fails. Are you trying to open an SSL connection to a non-SSL Puma?>
2026-03-24 13:44:44 +0000 HTTP parse error, malformed request: #<Puma::HttpParserError: Invalid HTTP format, parsing fails. Are you trying to open an SSL connection to a non-SSL Puma?>
2026-03-24 13:44:44 +0000 HTTP parse error, malformed request: #<Puma::HttpParserError: Invalid HTTP format, parsing fails. Are you trying to open an SSL connection to a non-SSL Puma?>
2026-03-24 13:44:44 +0000 HTTP parse error, malformed request: #<Puma::HttpParserError: Invalid HTTP format, parsing fails. Are you trying to open an SSL connection to a non-SSL Puma?>
2026-03-24 13:44:44 +0000 HTTP parse error, malformed request: #<Puma::HttpParserError: Invalid HTTP format, parsing fails. Are you trying to open an SSL connection to a non-SSL Puma?>
2026-03-24 13:44:44 +0000 HTTP parse error, malformed request: #<Puma::HttpParserError: Invalid HTTP format, parsing fails. Are you trying to open an SSL connection to a non-SSL Puma?>
2026-03-24 13:44:44 +0000 HTTP parse error, malformed request: #<Puma::HttpParserError: Invalid HTTP format, parsing fails. Are you trying to open an SSL connection to a non-SSL Puma?>
2026-03-24 13:44:44 +0000 HTTP parse error, malformed request: #<Puma::HttpParserError: Invalid HTTP format, parsing fails. Are you trying to open an SSL connection to a non-SSL Puma?>
2026-03-24 13:44:44 +0000 HTTP parse error, malformed request: #<Puma::HttpParserError: Invalid HTTP format, parsing fails. Are you trying to open an SSL connection to a non-SSL Puma?>
2026-03-24 13:44:44 +0000 HTTP parse error, malformed request: #<Puma::HttpParserError: Invalid HTTP format, parsing fails. Are you trying to open an SSL connection to a non-SSL Puma?>
2026-03-24 13:44:44 +0000 HTTP parse error, malformed request: #<Puma::HttpParserError: Invalid HTTP format, parsing fails. Are you trying to open an SSL connection to a non-SSL Puma?>
2026-03-24 13:44:44 +0000 HTTP parse error, malformed request: #<Puma::HttpParserError: Invalid HTTP format, parsing fails. Are you trying to open an SSL connection to a non-SSL Puma?>
2026-03-24 13:44:44 +0000 HTTP parse error, malformed request: #<Puma::HttpParserError: Invalid HTTP format, parsing fails. Are you trying to open an SSL connection to a non-SSL Puma?>
2026-03-24 13:44:44 +0000 HTTP parse error, malformed request: #<Puma::HttpParserError: Invalid HTTP format, parsing fails. Are you trying to open an SSL connection to a non-SSL Puma?>
2026-03-24 13:44:44 +0000 HTTP parse error, malformed request: #<Puma::HttpParserError: Invalid HTTP format, parsing fails. Are you trying to open an SSL connection to a non-SSL Puma?>
2026-03-24 13:44:44 +0000 HTTP parse error, malformed request: #<Puma::HttpParserError: Invalid HTTP format, parsing fails. Are you trying to open an SSL connection to a non-SSL Puma?>
2026-03-24 13:44:44 +0000 HTTP parse error, malformed request: #<Puma::HttpParserError: Invalid HTTP format, parsing fails. Are you trying to open an SSL connection to a non-SSL Puma?>
2026-03-24 13:44:44 +0000 HTTP parse error, malformed request: #<Puma::HttpParserError: Invalid HTTP format, parsing fails. Are you trying to open an SSL connection to a non-SSL Puma?>
2026-03-24 13:44:44 +0000 HTTP parse error, malformed request: #<Puma::HttpParserError: Invalid HTTP format, parsing fails. Are you trying to open an SSL connection to a non-SSL Puma?>
2026-03-24 13:44:44 +0000 HTTP parse error, malformed request: #<Puma::HttpParserError: Invalid HTTP format, parsing fails. Are you trying to open an SSL connection to a non-SSL Puma?>
2026-03-24 13:44:44 +0000 HTTP parse error, malformed request: #<Puma::HttpParserError: Invalid HTTP format, parsing fails. Are you trying to open an SSL connection to a non-SSL Puma?>
2026-03-24 13:44:44 +0000 HTTP parse error, malformed request: #<Puma::HttpParserError: Invalid HTTP format, parsing fails. Are you trying to open an SSL connection to a non-SSL Puma?>
2026-03-24 13:44:44 +0000 HTTP parse error, malformed request: #<Puma::HttpParserError: Invalid HTTP format, parsing fails. Are you trying to open an SSL connection to a non-SSL Puma?>
2026-03-24 13:44:44 +0000 HTTP parse error, malformed request: #<Puma::HttpParserError: Invalid HTTP format, parsing fails. Are you trying to open an SSL connection to a non-SSL Puma?>
2026-03-24 13:44:44 +0000 HTTP parse error, malformed request: #<Puma::HttpParserError: Invalid HTTP format, parsing fails. Are you trying to open an SSL connection to a non-SSL Puma?>
2026-03-24 13:44:44 +0000 HTTP parse error, malformed request: #<Puma::HttpParserError: Invalid HTTP format, parsing fails. Are you trying to open an SSL connection to a non-SSL Puma?>
2026-03-24 13:44:44 +0000 HTTP parse error, malformed request: #<Puma::HttpParserError: Invalid HTTP format, parsing fails. Are you trying to open an SSL connection to a non-SSL Puma?>
2026-03-24 13:44:44 +0000 HTTP parse error, malformed request: #<Puma::HttpParserError: Invalid HTTP format, parsing fails. Are you trying to open an SSL connection to a non-SSL Puma?>
2026-03-24 13:44:44 +0000 HTTP parse error, malformed request: #<Puma::HttpParserError: Invalid HTTP format, parsing fails. Are you trying to open an SSL connection to a non-SSL Puma?>
2026-03-24 13:44:44 +0000 HTTP parse error, malformed request: #<Puma::HttpParserError: Invalid HTTP format, parsing fails. Are you trying to open an SSL connection to a non-SSL Puma?>
2026-03-24 13:44:44 +0000 HTTP parse error, malformed request: #<Puma::HttpParserError: Invalid HTTP format, parsing fails. Are you trying to open an SSL connection to a non-SSL Puma?>
2026-03-24 13:44:44 +0000 HTTP parse error, malformed request: #<Puma::HttpParserError: Invalid HTTP format, parsing fails. Are you trying to open an SSL connection to a non-SSL Puma?>
2026-03-24 13:44:44 +0000 HTTP parse error, malformed request: #<Puma::HttpParserError: Invalid HTTP format, parsing fails. Are you trying to open an SSL connection to a non-SSL Puma?>
2026-03-24 13:44:44 +0000 HTTP parse error, malformed request: #<Puma::HttpParserError: Invalid HTTP format, parsing fails. Are you trying to open an SSL connection to a non-SSL Puma?>
2026-03-24 13:44:44 +0000 HTTP parse error, malformed request: #<Puma::HttpParserError: Invalid HTTP format, parsing fails. Are you trying to open an SSL connection to a non-SSL Puma?>
2026-03-24 13:44:44 +0000 HTTP parse error, malformed request: #<Puma::HttpParserError: Invalid HTTP format, parsing fails. Are you trying to open an SSL connection to a non-SSL Puma?>
2026-03-24 13:44:44 +0000 HTTP parse error, malformed request: #<Puma::HttpParserError: Invalid HTTP format, parsing fails. Are you trying to open an SSL connection to a non-SSL Puma?>
2026-03-24 13:44:44 +0000 HTTP parse error, malformed request: #<Puma::HttpParserError: Invalid HTTP format, parsing fails. Are you trying to open an SSL connection to a non-SSL Puma?>
2026-03-24 13:44:44 +0000 HTTP parse error, malformed request: #<Puma::HttpParserError: Invalid HTTP format, parsing fails. Are you trying to open an SSL connection to a non-SSL Puma?>
2026-03-24 13:44:44 +0000 HTTP parse error, malformed request: #<Puma::HttpParserError: Invalid HTTP format, parsing fails. Are you trying to open an SSL connection to a non-SSL Puma?>
2026-03-24 13:44:44 +0000 HTTP parse error, malformed request: #<Puma::HttpParserError: Invalid HTTP format, parsing fails. Are you trying to open an SSL connection to a non-SSL Puma?>
2026-03-24 13:44:44 +0000 HTTP parse error, malformed request: #<Puma::HttpParserError: Invalid HTTP format, parsing fails. Are you trying to open an SSL connection to a non-SSL Puma?>
2026-03-24 13:44:44 +0000 HTTP parse error, malformed request: #<Puma::HttpParserError: Invalid HTTP format, parsing fails. Are you trying to open an SSL connection to a non-SSL Puma?>
2026-03-24 13:44:44 +0000 HTTP parse error, malformed request: #<Puma::HttpParserError: Invalid HTTP format, parsing fails. Are you trying to open an SSL connection to a non-SSL Puma?>
2026-03-24 13:44:44 +0000 HTTP parse error, malformed request: #<Puma::HttpParserError: Invalid HTTP format, parsing fails. Are you trying to open an SSL connection to a non-SSL Puma?>
2026-03-24 13:44:44 +0000 HTTP parse error, malformed request: #<Puma::HttpParserError: Invalid HTTP format, parsing fails. Are you trying to open an SSL connection to a non-SSL Puma?>
2026-03-24 13:44:44 +0000 HTTP parse error, malformed request: #<Puma::HttpParserError: Invalid HTTP format, parsing fails. Are you trying to open an SSL connection to a non-SSL Puma?>
2026-03-24 13:44:44 +0000 HTTP parse error, malformed request: #<Puma::HttpParserError: Invalid HTTP format, parsing fails. Are you trying to open an SSL connection to a non-SSL Puma?>
2026-03-24 13:44:44 +0000 HTTP parse error, malformed request: #<Puma::HttpParserError: Invalid HTTP format, parsing fails. Are you trying to open an SSL connection to a non-SSL Puma?>
2026-03-24 13:44:44 +0000 HTTP parse error, malformed request: #<Puma::HttpParserError: Invalid HTTP format, parsing fails. Are you trying to open an SSL connection to a non-SSL Puma?>
2026-03-24 13:44:44 +0000 HTTP parse error, malformed request: #<Puma::HttpParserError: Invalid HTTP format, parsing fails. Are you trying to open an SSL connection to a non-SSL Puma?>
2026-03-24 13:44:44 +0000 HTTP parse error, malformed request: #<Puma::HttpParserError: Invalid HTTP format, parsing fails. Are you trying to open an SSL connection to a non-SSL Puma?>
2026-03-24 13:44:44 +0000 HTTP parse error, malformed request: #<Puma::HttpParserError: Invalid HTTP format, parsing fails. Are you trying to open an SSL connection to a non-SSL Puma?>
2026-03-24 13:44:44 +0000 HTTP parse error, malformed request: #<Puma::HttpParserError: Invalid HTTP format, parsing fails. Are you trying to open an SSL connection to a non-SSL Puma?>
2026-03-24 13:44:44 +0000 HTTP parse error, malformed request: #<Puma::HttpParserError: Invalid HTTP format, parsing fails. Are you trying to open an SSL connection to a non-SSL Puma?>
2026-03-24 13:44:44 +0000 HTTP parse error, malformed request: #<Puma::HttpParserError: Invalid HTTP format, parsing fails. Are you trying to open an SSL connection to a non-SSL Puma?>
2026-03-24 13:44:44 +0000 HTTP parse error, malformed request: #<Puma::HttpParserError: Invalid HTTP format, parsing fails. Are you trying to open an SSL connection to a non-SSL Puma?>
2026-03-24 13:44:44 +0000 HTTP parse error, malformed request: #<Puma::HttpParserError: Invalid HTTP format, parsing fails. Are you trying to open an SSL connection to a non-SSL Puma?>
2026-03-24 13:44:44 +0000 HTTP parse error, malformed request: #<Puma::HttpParserError: Invalid HTTP format, parsing fails. Are you trying to open an SSL connection to a non-SSL Puma?>
2026-03-24 13:44:44 +0000 HTTP parse error, malformed request: #<Puma::HttpParserError: Invalid HTTP format, parsing fails. Are you trying to open an SSL connection to a non-SSL Puma?>
2026-03-24 13:44:44 +0000 HTTP parse error, malformed request: #<Puma::HttpParserError: Invalid HTTP format, parsing fails. Are you trying to open an SSL connection to a non-SSL Puma?>
2026-03-24 13:44:44 +0000 HTTP parse error, malformed request: #<Puma::HttpParserError: Invalid HTTP format, parsing fails. Are you trying to open an SSL connection to a non-SSL Puma?>
2026-03-24 13:44:44 +0000 HTTP parse error, malformed request: #<Puma::HttpParserError: Invalid HTTP format, parsing fails. Are you trying to open an SSL connection to a non-SSL Puma?>
2026-03-24 13:44:44 +0000 HTTP parse error, malformed request: #<Puma::HttpParserError: Invalid HTTP format, parsing fails. Are you trying to open an SSL connection to a non-SSL Puma?>
2026-03-24 13:44:44 +0000 HTTP parse error, malformed request: #<Puma::HttpParserError: Invalid HTTP format, parsing fails. Are you trying to open an SSL connection to a non-SSL Puma?>
2026-03-24 13:44:44 +0000 HTTP parse error, malformed request: #<Puma::HttpParserError: Invalid HTTP format, parsing fails. Are you trying to open an SSL connection to a non-SSL Puma?>
2026-03-24 13:44:44 +0000 HTTP parse error, malformed request: #<Puma::HttpParserError: Invalid HTTP format, parsing fails. Are you trying to open an SSL connection to a non-SSL Puma?>
2026-03-24 13:44:44 +0000 HTTP parse error, malformed request: #<Puma::HttpParserError: Invalid HTTP format, parsing fails. Are you trying to open an SSL connection to a non-SSL Puma?>
2026-03-24 13:44:44 +0000 HTTP parse error, malformed request: #<Puma::HttpParserError: Invalid HTTP format, parsing fails. Are you trying to open an SSL connection to a non-SSL Puma?>
2026-03-24 13:44:44 +0000 HTTP parse error, malformed request: #<Puma::HttpParserError: Invalid HTTP format, parsing fails. Are you trying to open an SSL connection to a non-SSL Puma?>
2026-03-24 13:44:51 +0000 HTTP parse error, malformed request: #<Puma::HttpParserError: Invalid HTTP format, parsing fails. Are you trying to open an SSL connection to a non-SSL Puma?>
2026-03-24 13:44:51 +0000 HTTP parse error, malformed request: #<Puma::HttpParserError: Invalid HTTP format, parsing fails. Are you trying to open an SSL connection to a non-SSL Puma?>
2026-03-24 13:44:51 +0000 HTTP parse error, malformed request: #<Puma::HttpParserError: Invalid HTTP format, parsing fails. Are you trying to open an SSL connection to a non-SSL Puma?>
2026-03-24 13:44:51 +0000 HTTP parse error, malformed request: #<Puma::HttpParserError: Invalid HTTP format, parsing fails. Are you trying to open an SSL connection to a non-SSL Puma?>
2026-03-24 13:44:51 +0000 HTTP parse error, malformed request: #<Puma::HttpParserError: Invalid HTTP format, parsing fails. Are you trying to open an SSL connection to a non-SSL Puma?>
2026-03-24 13:44:51 +0000 HTTP parse error, malformed request: #<Puma::HttpParserError: Invalid HTTP format, parsing fails. Are you trying to open an SSL connection to a non-SSL Puma?>
2026-03-24 13:44:51 +0000 HTTP parse error, malformed request: #<Puma::HttpParserError: Invalid HTTP format, parsing fails. Are you trying to open an SSL connection to a non-SSL Puma?>
2026-03-24 13:44:51 +0000 HTTP parse error, malformed request: #<Puma::HttpParserError: Invalid HTTP format, parsing fails. Are you trying to open an SSL connection to a non-SSL Puma?>
2026-03-24 13:44:51 +0000 HTTP parse error, malformed request: #<Puma::HttpParserError: Invalid HTTP format, parsing fails. Are you trying to open an SSL connection to a non-SSL Puma?>
2026-03-24 13:44:51 +0000 HTTP parse error, malformed request: #<Puma::HttpParserError: Invalid HTTP format, parsing fails. Are you trying to open an SSL connection to a non-SSL Puma?>
2026-03-24 13:44:51 +0000 HTTP parse error, malformed request: #<Puma::HttpParserError: Invalid HTTP format, parsing fails. Are you trying to open an SSL connection to a non-SSL Puma?>
2026-03-24 13:44:51 +0000 HTTP parse error, malformed request: #<Puma::HttpParserError: Invalid HTTP format, parsing fails. Are you trying to open an SSL connection to a non-SSL Puma?>
2026-03-24 13:44:51 +0000 HTTP parse error, malformed request: #<Puma::HttpParserError: Invalid HTTP format, parsing fails. Are you trying to open an SSL connection to a non-SSL Puma?>
2026-03-24 13:44:51 +0000 HTTP parse error, malformed request: #<Puma::HttpParserError: Invalid HTTP format, parsing fails. Are you trying to open an SSL connection to a non-SSL Puma?>
2026-03-24 13:44:51 +0000 HTTP parse error, malformed request: #<Puma::HttpParserError: Invalid HTTP format, parsing fails. Are you trying to open an SSL connection to a non-SSL Puma?>
2026-03-24 13:44:51 +0000 HTTP parse error, malformed request: #<Puma::HttpParserError: Invalid HTTP format, parsing fails. Are you trying to open an SSL connection to a non-SSL Puma?>
2026-03-24 13:44:51 +0000 HTTP parse error, malformed request: #<Puma::HttpParserError: Invalid HTTP format, parsing fails. Are you trying to open an SSL connection to a non-SSL Puma?>
2026-03-24 13:44:51 +0000 HTTP parse error, malformed request: #<Puma::HttpParserError: Invalid HTTP format, parsing fails. Are you trying to open an SSL connection to a non-SSL Puma?>
2026-03-24 13:44:51 +0000 HTTP parse error, malformed request: #<Puma::HttpParserError: Invalid HTTP format, parsing fails. Are you trying to open an SSL connection to a non-SSL Puma?>
2026-03-24 13:44:51 +0000 HTTP parse error, malformed request: #<Puma::HttpParserError: Invalid HTTP format, parsing fails. Are you trying to open an SSL connection to a non-SSL Puma?>
2026-03-24 13:44:51 +0000 HTTP parse error, malformed request: #<Puma::HttpParserError: Invalid HTTP format, parsing fails. Are you trying to open an SSL connection to a non-SSL Puma?>
2026-03-24 13:44:51 +0000 HTTP parse error, malformed request: #<Puma::HttpParserError: Invalid HTTP format, parsing fails. Are you trying to open an SSL connection to a non-SSL Puma?>
2026-03-24 13:44:51 +0000 HTTP parse error, malformed request: #<Puma::HttpParserError: Invalid HTTP format, parsing fails. Are you trying to open an SSL connection to a non-SSL Puma?>
2026-03-24 13:44:51 +0000 HTTP parse error, malformed request: #<Puma::HttpParserError: Invalid HTTP format, parsing fails. Are you trying to open an SSL connection to a non-SSL Puma?>
2026-03-24 13:44:51 +0000 HTTP parse error, malformed request: #<Puma::HttpParserError: Invalid HTTP format, parsing fails. Are you trying to open an SSL connection to a non-SSL Puma?>
2026-03-24 13:44:51 +0000 HTTP parse error, malformed request: #<Puma::HttpParserError: Invalid HTTP format, parsing fails. Are you trying to open an SSL connection to a non-SSL Puma?>
2026-03-24 13:44:51 +0000 HTTP parse error, malformed request: #<Puma::HttpParserError: Invalid HTTP format, parsing fails. Are you trying to open an SSL connection to a non-SSL Puma?>
2026-03-24 13:44:51 +0000 HTTP parse error, malformed request: #<Puma::HttpParserError: Invalid HTTP format, parsing fails. Are you trying to open an SSL connection to a non-SSL Puma?>
2026-03-24 13:44:51 +0000 HTTP parse error, malformed request: #<Puma::HttpParserError: Invalid HTTP format, parsing fails. Are you trying to open an SSL connection to a non-SSL Puma?>
2026-03-24 13:44:51 +0000 HTTP parse error, malformed request: #<Puma::HttpParserError: Invalid HTTP format, parsing fails. Are you trying to open an SSL connection to a non-SSL Puma?>
2026-03-24 13:44:51 +0000 HTTP parse error, malformed request: #<Puma::HttpParserError: Invalid HTTP format, parsing fails. Are you trying to open an SSL connection to a non-SSL Puma?>
2026-03-24 13:44:51 +0000 HTTP parse error, malformed request: #<Puma::HttpParserError: Invalid HTTP format, parsing fails. Are you trying to open an SSL connection to a non-SSL Puma?>
2026-03-24 13:44:51 +0000 HTTP parse error, malformed request: #<Puma::HttpParserError: Invalid HTTP format, parsing fails. Are you trying to open an SSL connection to a non-SSL Puma?>
2026-03-24 13:44:51 +0000 HTTP parse error, malformed request: #<Puma::HttpParserError: Invalid HTTP format, parsing fails. Are you trying to open an SSL connection to a non-SSL Puma?>
2026-03-24 13:44:51 +0000 HTTP parse error, malformed request: #<Puma::HttpParserError: Invalid HTTP format, parsing fails. Are you trying to open an SSL connection to a non-SSL Puma?>
2026-03-24 13:44:51 +0000 HTTP parse error, malformed request: #<Puma::HttpParserError: Invalid HTTP format, parsing fails. Are you trying to open an SSL connection to a non-SSL Puma?>
2026-03-24 13:44:51 +0000 HTTP parse error, malformed request: #<Puma::HttpParserError: Invalid HTTP format, parsing fails. Are you trying to open an SSL connection to a non-SSL Puma?>
2026-03-24 13:44:51 +0000 HTTP parse error, malformed request: #<Puma::HttpParserError: Invalid HTTP format, parsing fails. Are you trying to open an SSL connection to a non-SSL Puma?>
2026-03-24 13:44:51 +0000 HTTP parse error, malformed request: #<Puma::HttpParserError: Invalid HTTP format, parsing fails. Are you trying to open an SSL connection to a non-SSL Puma?>
2026-03-24 13:44:51 +0000 HTTP parse error, malformed request: #<Puma::HttpParserError: Invalid HTTP format, parsing fails. Are you trying to open an SSL connection to a non-SSL Puma?>
2026-03-24 13:44:51 +0000 HTTP parse error, malformed request: #<Puma::HttpParserError: Invalid HTTP format, parsing fails. Are you trying to open an SSL connection to a non-SSL Puma?>
2026-03-24 13:44:51 +0000 HTTP parse error, malformed request: #<Puma::HttpParserError: Invalid HTTP format, parsing fails. Are you trying to open an SSL connection to a non-SSL Puma?>
2026-03-24 13:44:51 +0000 HTTP parse error, malformed request: #<Puma::HttpParserError: Invalid HTTP format, parsing fails. Are you trying to open an SSL connection to a non-SSL Puma?>
2026-03-24 13:44:51 +0000 HTTP parse error, malformed request: #<Puma::HttpParserError: Invalid HTTP format, parsing fails. Are you trying to open an SSL connection to a non-SSL Puma?>
2026-03-24 13:44:51 +0000 HTTP parse error, malformed request: #<Puma::HttpParserError: Invalid HTTP format, parsing fails. Are you trying to open an SSL connection to a non-SSL Puma?>
2026-03-24 13:44:51 +0000 HTTP parse error, malformed request: #<Puma::HttpParserError: Invalid HTTP format, parsing fails. Are you trying to open an SSL connection to a non-SSL Puma?>
2026-03-24 13:44:51 +0000 HTTP parse error, malformed request: #<Puma::HttpParserError: Invalid HTTP format, parsing fails. Are you trying to open an SSL connection to a non-SSL Puma?>
2026-03-24 13:44:51 +0000 HTTP parse error, malformed request: #<Puma::HttpParserError: Invalid HTTP format, parsing fails. Are you trying to open an SSL connection to a non-SSL Puma?>
2026-03-24 13:44:51 +0000 HTTP parse error, malformed request: #<Puma::HttpParserError: Invalid HTTP format, parsing fails. Are you trying to open an SSL connection to a non-SSL Puma?>
2026-03-24 13:44:51 +0000 HTTP parse error, malformed request: #<Puma::HttpParserError: Invalid HTTP format, parsing fails. Are you trying to open an SSL connection to a non-SSL Puma?>
2026-03-24 13:44:51 +0000 HTTP parse error, malformed request: #<Puma::HttpParserError: Invalid HTTP format, parsing fails. Are you trying to open an SSL connection to a non-SSL Puma?>
2026-03-24 13:44:51 +0000 HTTP parse error, malformed request: #<Puma::HttpParserError: Invalid HTTP format, parsing fails. Are you trying to open an SSL connection to a non-SSL Puma?>
2026-03-24 13:44:51 +0000 HTTP parse error, malformed request: #<Puma::HttpParserError: Invalid HTTP format, parsing fails. Are you trying to open an SSL connection to a non-SSL Puma?>
2026-03-24 13:44:51 +0000 HTTP parse error, malformed request: #<Puma::HttpParserError: Invalid HTTP format, parsing fails. Are you trying to open an SSL connection to a non-SSL Puma?>
2026-03-24 13:44:51 +0000 HTTP parse error, malformed request: #<Puma::HttpParserError: Invalid HTTP format, parsing fails. Are you trying to open an SSL connection to a non-SSL Puma?>
2026-03-24 13:44:51 +0000 HTTP parse error, malformed request: #<Puma::HttpParserError: Invalid HTTP format, parsing fails. Are you trying to open an SSL connection to a non-SSL Puma?>
2026-03-24 13:44:51 +0000 HTTP parse error, malformed request: #<Puma::HttpParserError: Invalid HTTP format, parsing fails. Are you trying to open an SSL connection to a non-SSL Puma?>
2026-03-24 13:44:51 +0000 HTTP parse error, malformed request: #<Puma::HttpParserError: Invalid HTTP format, parsing fails. Are you trying to open an SSL connection to a non-SSL Puma?>
2026-03-24 13:44:51 +0000 HTTP parse error, malformed request: #<Puma::HttpParserError: Invalid HTTP format, parsing fails. Are you trying to open an SSL connection to a non-SSL Puma?>
2026-03-24 13:44:51 +0000 HTTP parse error, malformed request: #<Puma::HttpParserError: Invalid HTTP format, parsing fails. Are you trying to open an SSL connection to a non-SSL Puma?>
2026-03-24 13:44:51 +0000 HTTP parse error, malformed request: #<Puma::HttpParserError: Invalid HTTP format, parsing fails. Are you trying to open an SSL connection to a non-SSL Puma?>
2026-03-24 13:44:51 +0000 HTTP parse error, malformed request: #<Puma::HttpParserError: Invalid HTTP format, parsing fails. Are you trying to open an SSL connection to a non-SSL Puma?>
2026-03-24 13:44:51 +0000 HTTP parse error, malformed request: #<Puma::HttpParserError: Invalid HTTP format, parsing fails. Are you trying to open an SSL connection to a non-SSL Puma?>
2026-03-24 13:44:51 +0000 HTTP parse error, malformed request: #<Puma::HttpParserError: Invalid HTTP format, parsing fails. Are you trying to open an SSL connection to a non-SSL Puma?>
2026-03-24 13:44:51 +0000 HTTP parse error, malformed request: #<Puma::HttpParserError: Invalid HTTP format, parsing fails. Are you trying to open an SSL connection to a non-SSL Puma?>
2026-03-24 13:44:51 +0000 HTTP parse error, malformed request: #<Puma::HttpParserError: Invalid HTTP format, parsing fails. Are you trying to open an SSL connection to a non-SSL Puma?>
2026-03-24 13:44:51 +0000 HTTP parse error, malformed request: #<Puma::HttpParserError: Invalid HTTP format, parsing fails. Are you trying to open an SSL connection to a non-SSL Puma?>
2026-03-24 13:44:51 +0000 HTTP parse error, malformed request: #<Puma::HttpParserError: Invalid HTTP format, parsing fails. Are you trying to open an SSL connection to a non-SSL Puma?>
2026-03-24 13:44:51 +0000 HTTP parse error, malformed request: #<Puma::HttpParserError: Invalid HTTP format, parsing fails. Are you trying to open an SSL connection to a non-SSL Puma?>
2026-03-24 13:44:51 +0000 HTTP parse error, malformed request: #<Puma::HttpParserError: Invalid HTTP format, parsing fails. Are you trying to open an SSL connection to a non-SSL Puma?>
2026-03-24 13:44:51 +0000 HTTP parse error, malformed request: #<Puma::HttpParserError: Invalid HTTP format, parsing fails. Are you trying to open an SSL connection to a non-SSL Puma?>
2026-03-24 13:44:51 +0000 HTTP parse error, malformed request: #<Puma::HttpParserError: Invalid HTTP format, parsing fails. Are you trying to open an SSL connection to a non-SSL Puma?>
2026-03-24 13:44:51 +0000 HTTP parse error, malformed request: #<Puma::HttpParserError: Invalid HTTP format, parsing fails. Are you trying to open an SSL connection to a non-SSL Puma?>
2026-03-24 13:44:51 +0000 HTTP parse error, malformed request: #<Puma::HttpParserError: Invalid HTTP format, parsing fails. Are you trying to open an SSL connection to a non-SSL Puma?>
2026-03-24 13:44:51 +0000 HTTP parse error, malformed request: #<Puma::HttpParserError: Invalid HTTP format, parsing fails. Are you trying to open an SSL connection to a non-SSL Puma?>
2026-03-24 13:44:51 +0000 HTTP parse error, malformed request: #<Puma::HttpParserError: Invalid HTTP format, parsing fails. Are you trying to open an SSL connection to a non-SSL Puma?>
2026-03-24 13:44:51 +0000 HTTP parse error, malformed request: #<Puma::HttpParserError: Invalid HTTP format, parsing fails. Are you trying to open an SSL connection to a non-SSL Puma?>
2026-03-24 13:44:51 +0000 HTTP parse error, malformed request: #<Puma::HttpParserError: Invalid HTTP format, parsing fails. Are you trying to open an SSL connection to a non-SSL Puma?>
2026-03-24 13:44:51 +0000 HTTP parse error, malformed request: #<Puma::HttpParserError: Invalid HTTP format, parsing fails. Are you trying to open an SSL connection to a non-SSL Puma?>
2026-03-24 13:44:51 +0000 HTTP parse error, malformed request: #<Puma::HttpParserError: Invalid HTTP format, parsing fails. Are you trying to open an SSL connection to a non-SSL Puma?>
2026-03-24 13:44:51 +0000 HTTP parse error, malformed request: #<Puma::HttpParserError: Invalid HTTP format, parsing fails. Are you trying to open an SSL connection to a non-SSL Puma?>
2026-03-24 13:44:51 +0000 HTTP parse error, malformed request: #<Puma::HttpParserError: Invalid HTTP format, parsing fails. Are you trying to open an SSL connection to a non-SSL Puma?>
2026-03-24 13:44:51 +0000 HTTP parse error, malformed request: #<Puma::HttpParserError: Invalid HTTP format, parsing fails. Are you trying to open an SSL connection to a non-SSL Puma?>
2026-03-24 13:44:51 +0000 HTTP parse error, malformed request: #<Puma::HttpParserError: Invalid HTTP format, parsing fails. Are you trying to open an SSL connection to a non-SSL Puma?>
2026-03-24 13:44:51 +0000 HTTP parse error, malformed request: #<Puma::HttpParserError: Invalid HTTP format, parsing fails. Are you trying to open an SSL connection to a non-SSL Puma?>
2026-03-24 13:44:51 +0000 HTTP parse error, malformed request: #<Puma::HttpParserError: Invalid HTTP format, parsing fails. Are you trying to open an SSL connection to a non-SSL Puma?>
2026-03-24 13:44:51 +0000 HTTP parse error, malformed request: #<Puma::HttpParserError: Invalid HTTP format, parsing fails. Are you trying to open an SSL connection to a non-SSL Puma?>
2026-03-24 13:44:51 +0000 HTTP parse error, malformed request: #<Puma::HttpParserError: Invalid HTTP format, parsing fails. Are you trying to open an SSL connection to a non-SSL Puma?>
2026-03-24 13:44:51 +0000 HTTP parse error, malformed request: #<Puma::HttpParserError: Invalid HTTP format, parsing fails. Are you trying to open an SSL connection to a non-SSL Puma?>
2026-03-24 13:44:51 +0000 HTTP parse error, malformed request: #<Puma::HttpParserError: Invalid HTTP format, parsing fails. Are you trying to open an SSL connection to a non-SSL Puma?>
2026-03-24 13:44:51 +0000 HTTP parse error, malformed request: #<Puma::HttpParserError: Invalid HTTP format, parsing fails. Are you trying to open an SSL connection to a non-SSL Puma?>
2026-03-24 13:44:51 +0000 HTTP parse error, malformed request: #<Puma::HttpParserError: Invalid HTTP format, parsing fails. Are you trying to open an SSL connection to a non-SSL Puma?>
2026-03-24 13:44:51 +0000 HTTP parse error, malformed request: #<Puma::HttpParserError: Invalid HTTP format, parsing fails. Are you trying to open an SSL connection to a non-SSL Puma?>
2026-03-24 13:44:51 +0000 HTTP parse error, malformed request: #<Puma::HttpParserError: Invalid HTTP format, parsing fails. Are you trying to open an SSL connection to a non-SSL Puma?>
2026-03-24 13:44:51 +0000 HTTP parse error, malformed request: #<Puma::HttpParserError: Invalid HTTP format, parsing fails. Are you trying to open an SSL connection to a non-SSL Puma?>
2026-03-24 13:44:51 +0000 HTTP parse error, malformed request: #<Puma::HttpParserError: Invalid HTTP format, parsing fails. Are you trying to open an SSL connection to a non-SSL Puma?>
2026-03-24 13:44:51 +0000 HTTP parse error, malformed request: #<Puma::HttpParserError: Invalid HTTP format, parsing fails. Are you trying to open an SSL connection to a non-SSL Puma?>
2026-03-24 13:44:51 +0000 HTTP parse error, malformed request: #<Puma::HttpParserError: Invalid HTTP format, parsing fails. Are you trying to open an SSL connection to a non-SSL Puma?>
2026-03-24 13:44:51 +0000 HTTP parse error, malformed request: #<Puma::HttpParserError: Invalid HTTP format, parsing fails. Are you trying to open an SSL connection to a non-SSL Puma?>
2026-03-24 13:44:51 +0000 HTTP parse error, malformed request: #<Puma::HttpParserError: Invalid HTTP format, parsing fails. Are you trying to open an SSL connection to a non-SSL Puma?>
2026-03-24 13:44:51 +0000 HTTP parse error, malformed request: #<Puma::HttpParserError: Invalid HTTP format, parsing fails. Are you trying to open an SSL connection to a non-SSL Puma?>
2026-03-24 13:44:51 +0000 HTTP parse error, malformed request: #<Puma::HttpParserError: Invalid HTTP format, parsing fails. Are you trying to open an SSL connection to a non-SSL Puma?>
2026-03-24 13:44:51 +0000 HTTP parse error, malformed request: #<Puma::HttpParserError: Invalid HTTP format, parsing fails. Are you trying to open an SSL connection to a non-SSL Puma?>
2026-03-24 13:44:51 +0000 HTTP parse error, malformed request: #<Puma::HttpParserError: Invalid HTTP format, parsing fails. Are you trying to open an SSL connection to a non-SSL Puma?>
2026-03-24 13:44:51 +0000 HTTP parse error, malformed request: #<Puma::HttpParserError: Invalid HTTP format, parsing fails. Are you trying to open an SSL connection to a non-SSL Puma?>
2026-03-24 13:44:51 +0000 HTTP parse error, malformed request: #<Puma::HttpParserError: Invalid HTTP format, parsing fails. Are you trying to open an SSL connection to a non-SSL Puma?>
2026-03-24 13:44:51 +0000 HTTP parse error, malformed request: #<Puma::HttpParserError: Invalid HTTP format, parsing fails. Are you trying to open an SSL connection to a non-SSL Puma?>
2026-03-24 13:44:51 +0000 HTTP parse error, malformed request: #<Puma::HttpParserError: Invalid HTTP format, parsing fails. Are you trying to open an SSL connection to a non-SSL Puma?>
2026-03-24 13:44:51 +0000 HTTP parse error, malformed request: #<Puma::HttpParserError: Invalid HTTP format, parsing fails. Are you trying to open an SSL connection to a non-SSL Puma?>
2026-03-24 13:44:51 +0000 HTTP parse error, malformed request: #<Puma::HttpParserError: Invalid HTTP format, parsing fails. Are you trying to open an SSL connection to a non-SSL Puma?>
2026-03-24 13:44:51 +0000 HTTP parse error, malformed request: #<Puma::HttpParserError: Invalid HTTP format, parsing fails. Are you trying to open an SSL connection to a non-SSL Puma?>
2026-03-24 13:44:51 +0000 HTTP parse error, malformed request: #<Puma::HttpParserError: Invalid HTTP format, parsing fails. Are you trying to open an SSL connection to a non-SSL Puma?>
2026-03-24 13:44:51 +0000 HTTP parse error, malformed request: #<Puma::HttpParserError: Invalid HTTP format, parsing fails. Are you trying to open an SSL connection to a non-SSL Puma?>
2026-03-24 13:44:51 +0000 HTTP parse error, malformed request: #<Puma::HttpParserError: Invalid HTTP format, parsing fails. Are you trying to open an SSL connection to a non-SSL Puma?>
2026-03-24 13:44:51 +0000 HTTP parse error, malformed request: #<Puma::HttpParserError: Invalid HTTP format, parsing fails. Are you trying to open an SSL connection to a non-SSL Puma?>
2026-03-24 13:44:51 +0000 HTTP parse error, malformed request: #<Puma::HttpParserError: Invalid HTTP format, parsing fails. Are you trying to open an SSL connection to a non-SSL Puma?>
2026-03-24 13:44:51 +0000 HTTP parse error, malformed request: #<Puma::HttpParserError: Invalid HTTP format, parsing fails. Are you trying to open an SSL connection to a non-SSL Puma?>
2026-03-24 13:44:51 +0000 HTTP parse error, malformed request: #<Puma::HttpParserError: Invalid HTTP format, parsing fails. Are you trying to open an SSL connection to a non-SSL Puma?>
