[2026-03-30 02:13:57 +0000] [1] [INFO] Starting gunicorn 23.0.0
[2026-03-30 02:13:57 +0000] [1] [INFO] Listening at: http://0.0.0.0:8080 (1)
[2026-03-30 02:13:57 +0000] [1] [INFO] Using worker: uvicorn.workers.UvicornWorker
[2026-03-30 02:13:57 +0000] [7] [INFO] Booting worker with pid: 7
[2026-03-30 02:13:58 +0000] [8] [INFO] Booting worker with pid: 8
[2026-03-30 02:13:58 +0000] [9] [INFO] Booting worker with pid: 9
[2026-03-30 02:13:58 +0000] [10] [INFO] Booting worker with pid: 10
[2026-03-30 02:13:58 +0000] [11] [INFO] Booting worker with pid: 11
[2026-03-30 02:13:58 +0000] [12] [INFO] Booting worker with pid: 12
[2026-03-30 02:13:58 +0000] [7] [INFO] Started server process [7]
[2026-03-30 02:13:58 +0000] [7] [INFO] Waiting for application startup.
[2026-03-30 02:13:58 +0000] [7] [INFO] Application startup complete.
[2026-03-30 02:13:58 +0000] [8] [INFO] Started server process [8]
[2026-03-30 02:13:58 +0000] [8] [INFO] Waiting for application startup.
[2026-03-30 02:13:58 +0000] [8] [INFO] Application startup complete.
[2026-03-30 02:13:58 +0000] [16] [INFO] Booting worker with pid: 16
[2026-03-30 02:13:58 +0000] [9] [INFO] Started server process [9]
[2026-03-30 02:13:58 +0000] [9] [INFO] Waiting for application startup.
[2026-03-30 02:13:58 +0000] [9] [INFO] Application startup complete.
[2026-03-30 02:13:58 +0000] [17] [INFO] Booting worker with pid: 17
[2026-03-30 02:13:58 +0000] [10] [INFO] Started server process [10]
[2026-03-30 02:13:58 +0000] [10] [INFO] Waiting for application startup.
[2026-03-30 02:13:58 +0000] [10] [INFO] Application startup complete.
[2026-03-30 02:13:58 +0000] [20] [INFO] Booting worker with pid: 20
[2026-03-30 02:13:58 +0000] [11] [INFO] Started server process [11]
[2026-03-30 02:13:58 +0000] [11] [INFO] Waiting for application startup.
[2026-03-30 02:13:58 +0000] [11] [INFO] Application startup complete.
[2026-03-30 02:13:58 +0000] [21] [INFO] Booting worker with pid: 21
[2026-03-30 02:13:58 +0000] [23] [INFO] Booting worker with pid: 23
[2026-03-30 02:13:58 +0000] [12] [INFO] Started server process [12]
[2026-03-30 02:13:58 +0000] [12] [INFO] Waiting for application startup.
[2026-03-30 02:13:58 +0000] [12] [INFO] Application startup complete.
[2026-03-30 02:13:58 +0000] [24] [INFO] Booting worker with pid: 24
[2026-03-30 02:13:58 +0000] [25] [INFO] Booting worker with pid: 25
[2026-03-30 02:13:58 +0000] [26] [INFO] Booting worker with pid: 26
[2026-03-30 02:13:58 +0000] [16] [INFO] Started server process [16]
[2026-03-30 02:13:58 +0000] [16] [INFO] Waiting for application startup.
[2026-03-30 02:13:58 +0000] [16] [INFO] Application startup complete.
[2026-03-30 02:13:58 +0000] [29] [INFO] Booting worker with pid: 29
[2026-03-30 02:13:58 +0000] [17] [INFO] Started server process [17]
[2026-03-30 02:13:58 +0000] [17] [INFO] Waiting for application startup.
[2026-03-30 02:13:58 +0000] [17] [INFO] Application startup complete.
[2026-03-30 02:13:58 +0000] [20] [INFO] Started server process [20]
[2026-03-30 02:13:58 +0000] [20] [INFO] Waiting for application startup.
[2026-03-30 02:13:58 +0000] [20] [INFO] Application startup complete.
[2026-03-30 02:13:58 +0000] [32] [INFO] Booting worker with pid: 32
[2026-03-30 02:13:58 +0000] [33] [INFO] Booting worker with pid: 33
[2026-03-30 02:13:58 +0000] [21] [INFO] Started server process [21]
[2026-03-30 02:13:58 +0000] [21] [INFO] Waiting for application startup.
[2026-03-30 02:13:58 +0000] [21] [INFO] Application startup complete.
[2026-03-30 02:13:58 +0000] [35] [INFO] Booting worker with pid: 35
[2026-03-30 02:13:58 +0000] [23] [INFO] Started server process [23]
[2026-03-30 02:13:58 +0000] [23] [INFO] Waiting for application startup.
[2026-03-30 02:13:58 +0000] [23] [INFO] Application startup complete.
[2026-03-30 02:13:58 +0000] [36] [INFO] Booting worker with pid: 36
[2026-03-30 02:13:58 +0000] [37] [INFO] Booting worker with pid: 37
[2026-03-30 02:13:58 +0000] [25] [INFO] Started server process [25]
[2026-03-30 02:13:58 +0000] [25] [INFO] Waiting for application startup.
[2026-03-30 02:13:58 +0000] [25] [INFO] Application startup complete.
[2026-03-30 02:13:58 +0000] [24] [INFO] Started server process [24]
[2026-03-30 02:13:58 +0000] [24] [INFO] Waiting for application startup.
[2026-03-30 02:13:58 +0000] [24] [INFO] Application startup complete.
[2026-03-30 02:13:58 +0000] [26] [INFO] Started server process [26]
[2026-03-30 02:13:58 +0000] [26] [INFO] Waiting for application startup.
[2026-03-30 02:13:58 +0000] [26] [INFO] Application startup complete.
[2026-03-30 02:13:58 +0000] [41] [INFO] Booting worker with pid: 41
[2026-03-30 02:13:58 +0000] [29] [INFO] Started server process [29]
[2026-03-30 02:13:58 +0000] [29] [INFO] Waiting for application startup.
[2026-03-30 02:13:58 +0000] [29] [INFO] Application startup complete.
[2026-03-30 02:13:58 +0000] [43] [INFO] Booting worker with pid: 43
[2026-03-30 02:13:58 +0000] [44] [INFO] Booting worker with pid: 44
[2026-03-30 02:13:58 +0000] [45] [INFO] Booting worker with pid: 45
[2026-03-30 02:13:58 +0000] [46] [INFO] Booting worker with pid: 46
[2026-03-30 02:13:59 +0000] [33] [INFO] Started server process [33]
[2026-03-30 02:13:59 +0000] [33] [INFO] Waiting for application startup.
[2026-03-30 02:13:59 +0000] [33] [INFO] Application startup complete.
[2026-03-30 02:13:59 +0000] [32] [INFO] Started server process [32]
[2026-03-30 02:13:59 +0000] [32] [INFO] Waiting for application startup.
[2026-03-30 02:13:59 +0000] [32] [INFO] Application startup complete.
[2026-03-30 02:13:59 +0000] [35] [INFO] Started server process [35]
[2026-03-30 02:13:59 +0000] [35] [INFO] Waiting for application startup.
[2026-03-30 02:13:59 +0000] [35] [INFO] Application startup complete.
[2026-03-30 02:13:59 +0000] [50] [INFO] Booting worker with pid: 50
[2026-03-30 02:13:59 +0000] [37] [INFO] Started server process [37]
[2026-03-30 02:13:59 +0000] [37] [INFO] Waiting for application startup.
[2026-03-30 02:13:59 +0000] [37] [INFO] Application startup complete.
[2026-03-30 02:13:59 +0000] [36] [INFO] Started server process [36]
[2026-03-30 02:13:59 +0000] [36] [INFO] Waiting for application startup.
[2026-03-30 02:13:59 +0000] [36] [INFO] Application startup complete.
[2026-03-30 02:13:59 +0000] [53] [INFO] Booting worker with pid: 53
[2026-03-30 02:13:59 +0000] [41] [INFO] Started server process [41]
[2026-03-30 02:13:59 +0000] [41] [INFO] Waiting for application startup.
[2026-03-30 02:13:59 +0000] [41] [INFO] Application startup complete.
[2026-03-30 02:13:59 +0000] [55] [INFO] Booting worker with pid: 55
[2026-03-30 02:13:59 +0000] [43] [INFO] Started server process [43]
[2026-03-30 02:13:59 +0000] [43] [INFO] Waiting for application startup.
[2026-03-30 02:13:59 +0000] [43] [INFO] Application startup complete.
[2026-03-30 02:13:59 +0000] [58] [INFO] Booting worker with pid: 58
[2026-03-30 02:13:59 +0000] [44] [INFO] Started server process [44]
[2026-03-30 02:13:59 +0000] [44] [INFO] Waiting for application startup.
[2026-03-30 02:13:59 +0000] [44] [INFO] Application startup complete.
[2026-03-30 02:13:59 +0000] [45] [INFO] Started server process [45]
[2026-03-30 02:13:59 +0000] [45] [INFO] Waiting for application startup.
[2026-03-30 02:13:59 +0000] [45] [INFO] Application startup complete.
[2026-03-30 02:13:59 +0000] [46] [INFO] Started server process [46]
[2026-03-30 02:13:59 +0000] [46] [INFO] Waiting for application startup.
[2026-03-30 02:13:59 +0000] [46] [INFO] Application startup complete.
[2026-03-30 02:13:59 +0000] [61] [INFO] Booting worker with pid: 61
[2026-03-30 02:13:59 +0000] [50] [INFO] Started server process [50]
[2026-03-30 02:13:59 +0000] [50] [INFO] Waiting for application startup.
[2026-03-30 02:13:59 +0000] [50] [INFO] Application startup complete.
[2026-03-30 02:13:59 +0000] [63] [INFO] Booting worker with pid: 63
[2026-03-30 02:13:59 +0000] [53] [INFO] Started server process [53]
[2026-03-30 02:13:59 +0000] [53] [INFO] Waiting for application startup.
[2026-03-30 02:13:59 +0000] [53] [INFO] Application startup complete.
[2026-03-30 02:13:59 +0000] [55] [INFO] Started server process [55]
[2026-03-30 02:13:59 +0000] [55] [INFO] Waiting for application startup.
[2026-03-30 02:13:59 +0000] [55] [INFO] Application startup complete.
[2026-03-30 02:13:59 +0000] [66] [INFO] Booting worker with pid: 66
[2026-03-30 02:13:59 +0000] [67] [INFO] Booting worker with pid: 67
[2026-03-30 02:13:59 +0000] [68] [INFO] Booting worker with pid: 68
[2026-03-30 02:13:59 +0000] [58] [INFO] Started server process [58]
[2026-03-30 02:13:59 +0000] [58] [INFO] Waiting for application startup.
[2026-03-30 02:13:59 +0000] [58] [INFO] Application startup complete.
[2026-03-30 02:13:59 +0000] [70] [INFO] Booting worker with pid: 70
[2026-03-30 02:13:59 +0000] [61] [INFO] Started server process [61]
[2026-03-30 02:13:59 +0000] [61] [INFO] Waiting for application startup.
[2026-03-30 02:13:59 +0000] [61] [INFO] Application startup complete.
[2026-03-30 02:13:59 +0000] [72] [INFO] Booting worker with pid: 72
[2026-03-30 02:13:59 +0000] [63] [INFO] Started server process [63]
[2026-03-30 02:13:59 +0000] [63] [INFO] Waiting for application startup.
[2026-03-30 02:13:59 +0000] [63] [INFO] Application startup complete.
[2026-03-30 02:13:59 +0000] [74] [INFO] Booting worker with pid: 74
[2026-03-30 02:13:59 +0000] [66] [INFO] Started server process [66]
[2026-03-30 02:13:59 +0000] [66] [INFO] Waiting for application startup.
[2026-03-30 02:13:59 +0000] [66] [INFO] Application startup complete.
[2026-03-30 02:13:59 +0000] [76] [INFO] Booting worker with pid: 76
[2026-03-30 02:13:59 +0000] [67] [INFO] Started server process [67]
[2026-03-30 02:13:59 +0000] [67] [INFO] Waiting for application startup.
[2026-03-30 02:13:59 +0000] [67] [INFO] Application startup complete.
[2026-03-30 02:13:59 +0000] [79] [INFO] Booting worker with pid: 79
[2026-03-30 02:13:59 +0000] [68] [INFO] Started server process [68]
[2026-03-30 02:13:59 +0000] [68] [INFO] Waiting for application startup.
[2026-03-30 02:13:59 +0000] [68] [INFO] Application startup complete.
[2026-03-30 02:13:59 +0000] [70] [INFO] Started server process [70]
[2026-03-30 02:13:59 +0000] [70] [INFO] Waiting for application startup.
[2026-03-30 02:13:59 +0000] [70] [INFO] Application startup complete.
[2026-03-30 02:13:59 +0000] [81] [INFO] Booting worker with pid: 81
[2026-03-30 02:14:00 +0000] [82] [INFO] Booting worker with pid: 82
[2026-03-30 02:14:00 +0000] [72] [INFO] Started server process [72]
[2026-03-30 02:14:00 +0000] [72] [INFO] Waiting for application startup.
[2026-03-30 02:14:00 +0000] [72] [INFO] Application startup complete.
[2026-03-30 02:14:00 +0000] [74] [INFO] Started server process [74]
[2026-03-30 02:14:00 +0000] [74] [INFO] Waiting for application startup.
[2026-03-30 02:14:00 +0000] [74] [INFO] Application startup complete.
[2026-03-30 02:14:00 +0000] [85] [INFO] Booting worker with pid: 85
[2026-03-30 02:14:00 +0000] [76] [INFO] Started server process [76]
[2026-03-30 02:14:00 +0000] [76] [INFO] Waiting for application startup.
[2026-03-30 02:14:00 +0000] [76] [INFO] Application startup complete.
[2026-03-30 02:14:00 +0000] [87] [INFO] Booting worker with pid: 87
[2026-03-30 02:14:00 +0000] [79] [INFO] Started server process [79]
[2026-03-30 02:14:00 +0000] [79] [INFO] Waiting for application startup.
[2026-03-30 02:14:00 +0000] [79] [INFO] Application startup complete.
[2026-03-30 02:14:00 +0000] [89] [INFO] Booting worker with pid: 89
[2026-03-30 02:14:00 +0000] [90] [INFO] Booting worker with pid: 90
[2026-03-30 02:14:00 +0000] [91] [INFO] Booting worker with pid: 91
[2026-03-30 02:14:00 +0000] [93] [INFO] Booting worker with pid: 93
[2026-03-30 02:14:00 +0000] [81] [INFO] Started server process [81]
[2026-03-30 02:14:00 +0000] [81] [INFO] Waiting for application startup.
[2026-03-30 02:14:00 +0000] [81] [INFO] Application startup complete.
[2026-03-30 02:14:00 +0000] [94] [INFO] Booting worker with pid: 94
[2026-03-30 02:14:00 +0000] [82] [INFO] Started server process [82]
[2026-03-30 02:14:00 +0000] [82] [INFO] Waiting for application startup.
[2026-03-30 02:14:00 +0000] [82] [INFO] Application startup complete.
[2026-03-30 02:14:00 +0000] [96] [INFO] Booting worker with pid: 96
[2026-03-30 02:14:00 +0000] [97] [INFO] Booting worker with pid: 97
[2026-03-30 02:14:00 +0000] [85] [INFO] Started server process [85]
[2026-03-30 02:14:00 +0000] [85] [INFO] Waiting for application startup.
[2026-03-30 02:14:00 +0000] [85] [INFO] Application startup complete.
[2026-03-30 02:14:00 +0000] [99] [INFO] Booting worker with pid: 99
[2026-03-30 02:14:00 +0000] [102] [INFO] Booting worker with pid: 102
[2026-03-30 02:14:00 +0000] [103] [INFO] Booting worker with pid: 103
[2026-03-30 02:14:00 +0000] [89] [INFO] Started server process [89]
[2026-03-30 02:14:00 +0000] [89] [INFO] Waiting for application startup.
[2026-03-30 02:14:00 +0000] [89] [INFO] Application startup complete.
[2026-03-30 02:14:00 +0000] [87] [INFO] Started server process [87]
[2026-03-30 02:14:00 +0000] [87] [INFO] Waiting for application startup.
[2026-03-30 02:14:00 +0000] [87] [INFO] Application startup complete.
[2026-03-30 02:14:00 +0000] [104] [INFO] Booting worker with pid: 104
[2026-03-30 02:14:00 +0000] [106] [INFO] Booting worker with pid: 106
[2026-03-30 02:14:00 +0000] [107] [INFO] Booting worker with pid: 107
[2026-03-30 02:14:00 +0000] [90] [INFO] Started server process [90]
[2026-03-30 02:14:00 +0000] [90] [INFO] Waiting for application startup.
[2026-03-30 02:14:00 +0000] [90] [INFO] Application startup complete.
[2026-03-30 02:14:00 +0000] [108] [INFO] Booting worker with pid: 108
[2026-03-30 02:14:00 +0000] [111] [INFO] Booting worker with pid: 111
[2026-03-30 02:14:00 +0000] [91] [INFO] Started server process [91]
[2026-03-30 02:14:00 +0000] [91] [INFO] Waiting for application startup.
[2026-03-30 02:14:00 +0000] [91] [INFO] Application startup complete.
[2026-03-30 02:14:00 +0000] [94] [INFO] Started server process [94]
[2026-03-30 02:14:00 +0000] [94] [INFO] Waiting for application startup.
[2026-03-30 02:14:00 +0000] [94] [INFO] Application startup complete.
[2026-03-30 02:14:00 +0000] [93] [INFO] Started server process [93]
[2026-03-30 02:14:00 +0000] [93] [INFO] Waiting for application startup.
[2026-03-30 02:14:00 +0000] [93] [INFO] Application startup complete.
[2026-03-30 02:14:00 +0000] [113] [INFO] Booting worker with pid: 113
[2026-03-30 02:14:00 +0000] [114] [INFO] Booting worker with pid: 114
[2026-03-30 02:14:00 +0000] [115] [INFO] Booting worker with pid: 115
[2026-03-30 02:14:00 +0000] [116] [INFO] Booting worker with pid: 116
[2026-03-30 02:14:00 +0000] [117] [INFO] Booting worker with pid: 117
[2026-03-30 02:14:00 +0000] [120] [INFO] Booting worker with pid: 120
[2026-03-30 02:14:00 +0000] [122] [INFO] Booting worker with pid: 122
[2026-03-30 02:14:00 +0000] [99] [INFO] Started server process [99]
[2026-03-30 02:14:00 +0000] [99] [INFO] Waiting for application startup.
[2026-03-30 02:14:00 +0000] [99] [INFO] Application startup complete.
[2026-03-30 02:14:00 +0000] [96] [INFO] Started server process [96]
[2026-03-30 02:14:00 +0000] [96] [INFO] Waiting for application startup.
[2026-03-30 02:14:00 +0000] [96] [INFO] Application startup complete.
[2026-03-30 02:14:00 +0000] [97] [INFO] Started server process [97]
[2026-03-30 02:14:00 +0000] [97] [INFO] Waiting for application startup.
[2026-03-30 02:14:00 +0000] [97] [INFO] Application startup complete.
[2026-03-30 02:14:00 +0000] [123] [INFO] Booting worker with pid: 123
[2026-03-30 02:14:00 +0000] [124] [INFO] Booting worker with pid: 124
[2026-03-30 02:14:01 +0000] [104] [INFO] Started server process [104]
[2026-03-30 02:14:01 +0000] [104] [INFO] Waiting for application startup.
[2026-03-30 02:14:01 +0000] [104] [INFO] Application startup complete.
[2026-03-30 02:14:01 +0000] [102] [INFO] Started server process [102]
[2026-03-30 02:14:01 +0000] [102] [INFO] Waiting for application startup.
[2026-03-30 02:14:01 +0000] [102] [INFO] Application startup complete.
[2026-03-30 02:14:01 +0000] [103] [INFO] Started server process [103]
[2026-03-30 02:14:01 +0000] [103] [INFO] Waiting for application startup.
[2026-03-30 02:14:01 +0000] [103] [INFO] Application startup complete.
[2026-03-30 02:14:01 +0000] [128] [INFO] Booting worker with pid: 128
[2026-03-30 02:14:01 +0000] [107] [INFO] Started server process [107]
[2026-03-30 02:14:01 +0000] [107] [INFO] Waiting for application startup.
[2026-03-30 02:14:01 +0000] [107] [INFO] Application startup complete.
[2026-03-30 02:14:01 +0000] [132] [INFO] Booting worker with pid: 132
[2026-03-30 02:14:01 +0000] [106] [INFO] Started server process [106]
[2026-03-30 02:14:01 +0000] [106] [INFO] Waiting for application startup.
[2026-03-30 02:14:01 +0000] [106] [INFO] Application startup complete.
[2026-03-30 02:14:01 +0000] [108] [INFO] Started server process [108]
[2026-03-30 02:14:01 +0000] [108] [INFO] Waiting for application startup.
[2026-03-30 02:14:01 +0000] [108] [INFO] Application startup complete.
[2026-03-30 02:14:01 +0000] [133] [INFO] Booting worker with pid: 133
[2026-03-30 02:14:01 +0000] [111] [INFO] Started server process [111]
[2026-03-30 02:14:01 +0000] [111] [INFO] Waiting for application startup.
[2026-03-30 02:14:01 +0000] [111] [INFO] Application startup complete.
[2026-03-30 02:14:01 +0000] [137] [INFO] Booting worker with pid: 137
[2026-03-30 02:14:01 +0000] [113] [INFO] Started server process [113]
[2026-03-30 02:14:01 +0000] [113] [INFO] Waiting for application startup.
[2026-03-30 02:14:01 +0000] [113] [INFO] Application startup complete.
[2026-03-30 02:14:01 +0000] [114] [INFO] Started server process [114]
[2026-03-30 02:14:01 +0000] [114] [INFO] Waiting for application startup.
[2026-03-30 02:14:01 +0000] [114] [INFO] Application startup complete.
[2026-03-30 02:14:01 +0000] [117] [INFO] Started server process [117]
[2026-03-30 02:14:01 +0000] [117] [INFO] Waiting for application startup.
[2026-03-30 02:14:01 +0000] [117] [INFO] Application startup complete.
[2026-03-30 02:14:01 +0000] [139] [INFO] Booting worker with pid: 139
[2026-03-30 02:14:01 +0000] [120] [INFO] Started server process [120]
[2026-03-30 02:14:01 +0000] [120] [INFO] Waiting for application startup.
[2026-03-30 02:14:01 +0000] [120] [INFO] Application startup complete.
[2026-03-30 02:14:01 +0000] [143] [INFO] Booting worker with pid: 143
[2026-03-30 02:14:01 +0000] [115] [INFO] Started server process [115]
[2026-03-30 02:14:01 +0000] [115] [INFO] Waiting for application startup.
[2026-03-30 02:14:01 +0000] [115] [INFO] Application startup complete.
[2026-03-30 02:14:01 +0000] [122] [INFO] Started server process [122]
[2026-03-30 02:14:01 +0000] [122] [INFO] Waiting for application startup.
[2026-03-30 02:14:01 +0000] [122] [INFO] Application startup complete.
[2026-03-30 02:14:01 +0000] [116] [INFO] Started server process [116]
[2026-03-30 02:14:01 +0000] [116] [INFO] Waiting for application startup.
[2026-03-30 02:14:01 +0000] [116] [INFO] Application startup complete.
[2026-03-30 02:14:01 +0000] [145] [INFO] Booting worker with pid: 145
[2026-03-30 02:14:01 +0000] [146] [INFO] Booting worker with pid: 146
[2026-03-30 02:14:01 +0000] [149] [INFO] Booting worker with pid: 149
[2026-03-30 02:14:01 +0000] [123] [INFO] Started server process [123]
[2026-03-30 02:14:01 +0000] [123] [INFO] Waiting for application startup.
[2026-03-30 02:14:01 +0000] [123] [INFO] Application startup complete.
[2026-03-30 02:14:01 +0000] [124] [INFO] Started server process [124]
[2026-03-30 02:14:01 +0000] [124] [INFO] Waiting for application startup.
[2026-03-30 02:14:01 +0000] [124] [INFO] Application startup complete.
[2026-03-30 02:14:01 +0000] [151] [INFO] Booting worker with pid: 151
[2026-03-30 02:14:01 +0000] [152] [INFO] Booting worker with pid: 152
[2026-03-30 02:14:01 +0000] [128] [INFO] Started server process [128]
[2026-03-30 02:14:01 +0000] [128] [INFO] Waiting for application startup.
[2026-03-30 02:14:01 +0000] [128] [INFO] Application startup complete.
[2026-03-30 02:14:01 +0000] [153] [INFO] Booting worker with pid: 153
[2026-03-30 02:14:01 +0000] [154] [INFO] Booting worker with pid: 154
[2026-03-30 02:14:01 +0000] [132] [INFO] Started server process [132]
[2026-03-30 02:14:01 +0000] [132] [INFO] Waiting for application startup.
[2026-03-30 02:14:01 +0000] [132] [INFO] Application startup complete.
[2026-03-30 02:14:01 +0000] [157] [INFO] Booting worker with pid: 157
[2026-03-30 02:14:01 +0000] [133] [INFO] Started server process [133]
[2026-03-30 02:14:01 +0000] [133] [INFO] Waiting for application startup.
[2026-03-30 02:14:01 +0000] [133] [INFO] Application startup complete.
[2026-03-30 02:14:01 +0000] [159] [INFO] Booting worker with pid: 159
[2026-03-30 02:14:01 +0000] [137] [INFO] Started server process [137]
[2026-03-30 02:14:01 +0000] [137] [INFO] Waiting for application startup.
[2026-03-30 02:14:01 +0000] [137] [INFO] Application startup complete.
[2026-03-30 02:14:01 +0000] [162] [INFO] Booting worker with pid: 162
[2026-03-30 02:14:01 +0000] [139] [INFO] Started server process [139]
[2026-03-30 02:14:01 +0000] [139] [INFO] Waiting for application startup.
[2026-03-30 02:14:01 +0000] [139] [INFO] Application startup complete.
[2026-03-30 02:14:01 +0000] [143] [INFO] Started server process [143]
[2026-03-30 02:14:01 +0000] [143] [INFO] Waiting for application startup.
[2026-03-30 02:14:01 +0000] [143] [INFO] Application startup complete.
[2026-03-30 02:14:01 +0000] [163] [INFO] Booting worker with pid: 163
[2026-03-30 02:14:01 +0000] [146] [INFO] Started server process [146]
[2026-03-30 02:14:01 +0000] [146] [INFO] Waiting for application startup.
[2026-03-30 02:14:01 +0000] [146] [INFO] Application startup complete.
[2026-03-30 02:14:01 +0000] [166] [INFO] Booting worker with pid: 166
[2026-03-30 02:14:01 +0000] [145] [INFO] Started server process [145]
[2026-03-30 02:14:01 +0000] [145] [INFO] Waiting for application startup.
[2026-03-30 02:14:01 +0000] [145] [INFO] Application startup complete.
[2026-03-30 02:14:01 +0000] [149] [INFO] Started server process [149]
[2026-03-30 02:14:01 +0000] [149] [INFO] Waiting for application startup.
[2026-03-30 02:14:01 +0000] [149] [INFO] Application startup complete.
[2026-03-30 02:14:01 +0000] [168] [INFO] Booting worker with pid: 168
[2026-03-30 02:14:01 +0000] [171] [INFO] Booting worker with pid: 171
[2026-03-30 02:14:01 +0000] [152] [INFO] Started server process [152]
[2026-03-30 02:14:01 +0000] [152] [INFO] Waiting for application startup.
[2026-03-30 02:14:01 +0000] [152] [INFO] Application startup complete.
[2026-03-30 02:14:01 +0000] [151] [INFO] Started server process [151]
[2026-03-30 02:14:01 +0000] [151] [INFO] Waiting for application startup.
[2026-03-30 02:14:01 +0000] [151] [INFO] Application startup complete.
[2026-03-30 02:14:01 +0000] [172] [INFO] Booting worker with pid: 172
[2026-03-30 02:14:01 +0000] [175] [INFO] Booting worker with pid: 175
[2026-03-30 02:14:01 +0000] [153] [INFO] Started server process [153]
[2026-03-30 02:14:01 +0000] [153] [INFO] Waiting for application startup.
[2026-03-30 02:14:01 +0000] [153] [INFO] Application startup complete.
[2026-03-30 02:14:02 +0000] [154] [INFO] Started server process [154]
[2026-03-30 02:14:02 +0000] [154] [INFO] Waiting for application startup.
[2026-03-30 02:14:02 +0000] [154] [INFO] Application startup complete.
[2026-03-30 02:14:02 +0000] [157] [INFO] Started server process [157]
[2026-03-30 02:14:02 +0000] [157] [INFO] Waiting for application startup.
[2026-03-30 02:14:02 +0000] [157] [INFO] Application startup complete.
[2026-03-30 02:14:02 +0000] [178] [INFO] Booting worker with pid: 178
[2026-03-30 02:14:02 +0000] [159] [INFO] Started server process [159]
[2026-03-30 02:14:02 +0000] [159] [INFO] Waiting for application startup.
[2026-03-30 02:14:02 +0000] [159] [INFO] Application startup complete.
[2026-03-30 02:14:02 +0000] [162] [INFO] Started server process [162]
[2026-03-30 02:14:02 +0000] [162] [INFO] Waiting for application startup.
[2026-03-30 02:14:02 +0000] [162] [INFO] Application startup complete.
[2026-03-30 02:14:02 +0000] [180] [INFO] Booting worker with pid: 180
[2026-03-30 02:14:02 +0000] [183] [INFO] Booting worker with pid: 183
[2026-03-30 02:14:02 +0000] [166] [INFO] Started server process [166]
[2026-03-30 02:14:02 +0000] [166] [INFO] Waiting for application startup.
[2026-03-30 02:14:02 +0000] [166] [INFO] Application startup complete.
[2026-03-30 02:14:02 +0000] [163] [INFO] Started server process [163]
[2026-03-30 02:14:02 +0000] [163] [INFO] Waiting for application startup.
[2026-03-30 02:14:02 +0000] [163] [INFO] Application startup complete.
[2026-03-30 02:14:02 +0000] [184] [INFO] Booting worker with pid: 184
[2026-03-30 02:14:02 +0000] [168] [INFO] Started server process [168]
[2026-03-30 02:14:02 +0000] [168] [INFO] Waiting for application startup.
[2026-03-30 02:14:02 +0000] [168] [INFO] Application startup complete.
[2026-03-30 02:14:02 +0000] [171] [INFO] Started server process [171]
[2026-03-30 02:14:02 +0000] [171] [INFO] Waiting for application startup.
[2026-03-30 02:14:02 +0000] [171] [INFO] Application startup complete.
[2026-03-30 02:14:02 +0000] [187] [INFO] Booting worker with pid: 187
[2026-03-30 02:14:02 +0000] [172] [INFO] Started server process [172]
[2026-03-30 02:14:02 +0000] [172] [INFO] Waiting for application startup.
[2026-03-30 02:14:02 +0000] [172] [INFO] Application startup complete.
[2026-03-30 02:14:02 +0000] [189] [INFO] Booting worker with pid: 189
[2026-03-30 02:14:02 +0000] [191] [INFO] Booting worker with pid: 191
[2026-03-30 02:14:02 +0000] [175] [INFO] Started server process [175]
[2026-03-30 02:14:02 +0000] [175] [INFO] Waiting for application startup.
[2026-03-30 02:14:02 +0000] [175] [INFO] Application startup complete.
[2026-03-30 02:14:02 +0000] [192] [INFO] Booting worker with pid: 192
[2026-03-30 02:14:02 +0000] [178] [INFO] Started server process [178]
[2026-03-30 02:14:02 +0000] [178] [INFO] Waiting for application startup.
[2026-03-30 02:14:02 +0000] [178] [INFO] Application startup complete.
[2026-03-30 02:14:02 +0000] [195] [INFO] Booting worker with pid: 195
[2026-03-30 02:14:02 +0000] [180] [INFO] Started server process [180]
[2026-03-30 02:14:02 +0000] [180] [INFO] Waiting for application startup.
[2026-03-30 02:14:02 +0000] [180] [INFO] Application startup complete.
[2026-03-30 02:14:02 +0000] [183] [INFO] Started server process [183]
[2026-03-30 02:14:02 +0000] [183] [INFO] Waiting for application startup.
[2026-03-30 02:14:02 +0000] [183] [INFO] Application startup complete.
[2026-03-30 02:14:02 +0000] [197] [INFO] Booting worker with pid: 197
[2026-03-30 02:14:02 +0000] [199] [INFO] Booting worker with pid: 199
[2026-03-30 02:14:02 +0000] [184] [INFO] Started server process [184]
[2026-03-30 02:14:02 +0000] [184] [INFO] Waiting for application startup.
[2026-03-30 02:14:02 +0000] [184] [INFO] Application startup complete.
[2026-03-30 02:14:02 +0000] [200] [INFO] Booting worker with pid: 200
[2026-03-30 02:14:02 +0000] [201] [INFO] Booting worker with pid: 201
[2026-03-30 02:14:02 +0000] [202] [INFO] Booting worker with pid: 202
[2026-03-30 02:14:02 +0000] [204] [INFO] Booting worker with pid: 204
[2026-03-30 02:14:02 +0000] [187] [INFO] Started server process [187]
[2026-03-30 02:14:02 +0000] [187] [INFO] Waiting for application startup.
[2026-03-30 02:14:02 +0000] [187] [INFO] Application startup complete.
[2026-03-30 02:14:02 +0000] [189] [INFO] Started server process [189]
[2026-03-30 02:14:02 +0000] [189] [INFO] Waiting for application startup.
[2026-03-30 02:14:02 +0000] [189] [INFO] Application startup complete.
[2026-03-30 02:14:02 +0000] [207] [INFO] Booting worker with pid: 207
[2026-03-30 02:14:02 +0000] [191] [INFO] Started server process [191]
[2026-03-30 02:14:02 +0000] [191] [INFO] Waiting for application startup.
[2026-03-30 02:14:02 +0000] [191] [INFO] Application startup complete.
[2026-03-30 02:14:02 +0000] [209] [INFO] Booting worker with pid: 209
[2026-03-30 02:14:02 +0000] [192] [INFO] Started server process [192]
[2026-03-30 02:14:02 +0000] [192] [INFO] Waiting for application startup.
[2026-03-30 02:14:02 +0000] [192] [INFO] Application startup complete.
[2026-03-30 02:14:02 +0000] [210] [INFO] Booting worker with pid: 210
[2026-03-30 02:14:02 +0000] [211] [INFO] Booting worker with pid: 211
[2026-03-30 02:14:02 +0000] [195] [INFO] Started server process [195]
[2026-03-30 02:14:02 +0000] [195] [INFO] Waiting for application startup.
[2026-03-30 02:14:02 +0000] [195] [INFO] Application startup complete.
[2026-03-30 02:14:02 +0000] [213] [INFO] Booting worker with pid: 213
[2026-03-30 02:14:03 +0000] [214] [INFO] Booting worker with pid: 214
[2026-03-30 02:14:03 +0000] [216] [INFO] Booting worker with pid: 216
[2026-03-30 02:14:03 +0000] [197] [INFO] Started server process [197]
[2026-03-30 02:14:03 +0000] [197] [INFO] Waiting for application startup.
[2026-03-30 02:14:03 +0000] [197] [INFO] Application startup complete.
[2026-03-30 02:14:03 +0000] [199] [INFO] Started server process [199]
[2026-03-30 02:14:03 +0000] [199] [INFO] Waiting for application startup.
[2026-03-30 02:14:03 +0000] [199] [INFO] Application startup complete.
[2026-03-30 02:14:03 +0000] [219] [INFO] Booting worker with pid: 219
[2026-03-30 02:14:03 +0000] [200] [INFO] Started server process [200]
[2026-03-30 02:14:03 +0000] [200] [INFO] Waiting for application startup.
[2026-03-30 02:14:03 +0000] [200] [INFO] Application startup complete.
[2026-03-30 02:14:03 +0000] [221] [INFO] Booting worker with pid: 221
[2026-03-30 02:14:03 +0000] [202] [INFO] Started server process [202]
[2026-03-30 02:14:03 +0000] [202] [INFO] Waiting for application startup.
[2026-03-30 02:14:03 +0000] [202] [INFO] Application startup complete.
[2026-03-30 02:14:03 +0000] [201] [INFO] Started server process [201]
[2026-03-30 02:14:03 +0000] [201] [INFO] Waiting for application startup.
[2026-03-30 02:14:03 +0000] [201] [INFO] Application startup complete.
[2026-03-30 02:14:03 +0000] [204] [INFO] Started server process [204]
[2026-03-30 02:14:03 +0000] [204] [INFO] Waiting for application startup.
[2026-03-30 02:14:03 +0000] [204] [INFO] Application startup complete.
[2026-03-30 02:14:03 +0000] [226] [INFO] Booting worker with pid: 226
[2026-03-30 02:14:03 +0000] [209] [INFO] Started server process [209]
[2026-03-30 02:14:03 +0000] [209] [INFO] Waiting for application startup.
[2026-03-30 02:14:03 +0000] [209] [INFO] Application startup complete.
[2026-03-30 02:14:03 +0000] [207] [INFO] Started server process [207]
[2026-03-30 02:14:03 +0000] [207] [INFO] Waiting for application startup.
[2026-03-30 02:14:03 +0000] [207] [INFO] Application startup complete.
[2026-03-30 02:14:03 +0000] [210] [INFO] Started server process [210]
[2026-03-30 02:14:03 +0000] [210] [INFO] Waiting for application startup.
[2026-03-30 02:14:03 +0000] [210] [INFO] Application startup complete.
[2026-03-30 02:14:03 +0000] [229] [INFO] Booting worker with pid: 229
[2026-03-30 02:14:03 +0000] [211] [INFO] Started server process [211]
[2026-03-30 02:14:03 +0000] [211] [INFO] Waiting for application startup.
[2026-03-30 02:14:03 +0000] [211] [INFO] Application startup complete.
[2026-03-30 02:14:03 +0000] [230] [INFO] Booting worker with pid: 230
[2026-03-30 02:14:03 +0000] [214] [INFO] Started server process [214]
[2026-03-30 02:14:03 +0000] [214] [INFO] Waiting for application startup.
[2026-03-30 02:14:03 +0000] [214] [INFO] Application startup complete.
[2026-03-30 02:14:03 +0000] [213] [INFO] Started server process [213]
[2026-03-30 02:14:03 +0000] [213] [INFO] Waiting for application startup.
[2026-03-30 02:14:03 +0000] [213] [INFO] Application startup complete.
[2026-03-30 02:14:03 +0000] [216] [INFO] Started server process [216]
[2026-03-30 02:14:03 +0000] [216] [INFO] Waiting for application startup.
[2026-03-30 02:14:03 +0000] [216] [INFO] Application startup complete.
[2026-03-30 02:14:03 +0000] [219] [INFO] Started server process [219]
[2026-03-30 02:14:03 +0000] [219] [INFO] Waiting for application startup.
[2026-03-30 02:14:03 +0000] [219] [INFO] Application startup complete.
[2026-03-30 02:14:03 +0000] [236] [INFO] Booting worker with pid: 236
[2026-03-30 02:14:03 +0000] [221] [INFO] Started server process [221]
[2026-03-30 02:14:03 +0000] [221] [INFO] Waiting for application startup.
[2026-03-30 02:14:03 +0000] [221] [INFO] Application startup complete.
[2026-03-30 02:14:03 +0000] [237] [INFO] Booting worker with pid: 237
[2026-03-30 02:14:03 +0000] [226] [INFO] Started server process [226]
[2026-03-30 02:14:03 +0000] [226] [INFO] Waiting for application startup.
[2026-03-30 02:14:03 +0000] [226] [INFO] Application startup complete.
[2026-03-30 02:14:03 +0000] [239] [INFO] Booting worker with pid: 239
[2026-03-30 02:14:03 +0000] [229] [INFO] Started server process [229]
[2026-03-30 02:14:03 +0000] [229] [INFO] Waiting for application startup.
[2026-03-30 02:14:03 +0000] [229] [INFO] Application startup complete.
[2026-03-30 02:14:03 +0000] [241] [INFO] Booting worker with pid: 241
[2026-03-30 02:14:03 +0000] [242] [INFO] Booting worker with pid: 242
[2026-03-30 02:14:03 +0000] [244] [INFO] Booting worker with pid: 244
[2026-03-30 02:14:03 +0000] [230] [INFO] Started server process [230]
[2026-03-30 02:14:03 +0000] [230] [INFO] Waiting for application startup.
[2026-03-30 02:14:03 +0000] [230] [INFO] Application startup complete.
[2026-03-30 02:14:03 +0000] [245] [INFO] Booting worker with pid: 245
[2026-03-30 02:14:03 +0000] [236] [INFO] Started server process [236]
[2026-03-30 02:14:03 +0000] [236] [INFO] Waiting for application startup.
[2026-03-30 02:14:03 +0000] [236] [INFO] Application startup complete.
[2026-03-30 02:14:03 +0000] [247] [INFO] Booting worker with pid: 247
[2026-03-30 02:14:03 +0000] [248] [INFO] Booting worker with pid: 248
[2026-03-30 02:14:03 +0000] [250] [INFO] Booting worker with pid: 250
[2026-03-30 02:14:03 +0000] [237] [INFO] Started server process [237]
[2026-03-30 02:14:03 +0000] [237] [INFO] Waiting for application startup.
[2026-03-30 02:14:03 +0000] [237] [INFO] Application startup complete.
[2026-03-30 02:14:04 +0000] [251] [INFO] Booting worker with pid: 251
[2026-03-30 02:14:04 +0000] [239] [INFO] Started server process [239]
[2026-03-30 02:14:04 +0000] [239] [INFO] Waiting for application startup.
[2026-03-30 02:14:04 +0000] [239] [INFO] Application startup complete.
[2026-03-30 02:14:04 +0000] [241] [INFO] Started server process [241]
[2026-03-30 02:14:04 +0000] [241] [INFO] Waiting for application startup.
[2026-03-30 02:14:04 +0000] [241] [INFO] Application startup complete.
[2026-03-30 02:14:04 +0000] [242] [INFO] Started server process [242]
[2026-03-30 02:14:04 +0000] [242] [INFO] Waiting for application startup.
[2026-03-30 02:14:04 +0000] [242] [INFO] Application startup complete.
[2026-03-30 02:14:04 +0000] [255] [INFO] Booting worker with pid: 255
[2026-03-30 02:14:04 +0000] [256] [INFO] Booting worker with pid: 256
[2026-03-30 02:14:04 +0000] [258] [INFO] Booting worker with pid: 258
[2026-03-30 02:14:04 +0000] [244] [INFO] Started server process [244]
[2026-03-30 02:14:04 +0000] [244] [INFO] Waiting for application startup.
[2026-03-30 02:14:04 +0000] [244] [INFO] Application startup complete.
[2026-03-30 02:14:04 +0000] [260] [INFO] Booting worker with pid: 260
[2026-03-30 02:14:04 +0000] [245] [INFO] Started server process [245]
[2026-03-30 02:14:04 +0000] [245] [INFO] Waiting for application startup.
[2026-03-30 02:14:04 +0000] [245] [INFO] Application startup complete.
[2026-03-30 02:14:04 +0000] [261] [INFO] Booting worker with pid: 261
[2026-03-30 02:14:04 +0000] [247] [INFO] Started server process [247]
[2026-03-30 02:14:04 +0000] [247] [INFO] Waiting for application startup.
[2026-03-30 02:14:04 +0000] [247] [INFO] Application startup complete.
[2026-03-30 02:14:04 +0000] [248] [INFO] Started server process [248]
[2026-03-30 02:14:04 +0000] [248] [INFO] Waiting for application startup.
[2026-03-30 02:14:04 +0000] [248] [INFO] Application startup complete.
[2026-03-30 02:14:04 +0000] [250] [INFO] Started server process [250]
[2026-03-30 02:14:04 +0000] [250] [INFO] Waiting for application startup.
[2026-03-30 02:14:04 +0000] [250] [INFO] Application startup complete.
[2026-03-30 02:14:04 +0000] [265] [INFO] Booting worker with pid: 265
[2026-03-30 02:14:04 +0000] [251] [INFO] Started server process [251]
[2026-03-30 02:14:04 +0000] [251] [INFO] Waiting for application startup.
[2026-03-30 02:14:04 +0000] [251] [INFO] Application startup complete.
[2026-03-30 02:14:04 +0000] [268] [INFO] Booting worker with pid: 268
[2026-03-30 02:14:04 +0000] [255] [INFO] Started server process [255]
[2026-03-30 02:14:04 +0000] [255] [INFO] Waiting for application startup.
[2026-03-30 02:14:04 +0000] [255] [INFO] Application startup complete.
[2026-03-30 02:14:04 +0000] [256] [INFO] Started server process [256]
[2026-03-30 02:14:04 +0000] [256] [INFO] Waiting for application startup.
[2026-03-30 02:14:04 +0000] [256] [INFO] Application startup complete.
[2026-03-30 02:14:04 +0000] [258] [INFO] Started server process [258]
[2026-03-30 02:14:04 +0000] [258] [INFO] Waiting for application startup.
[2026-03-30 02:14:04 +0000] [258] [INFO] Application startup complete.
[2026-03-30 02:14:04 +0000] [260] [INFO] Started server process [260]
[2026-03-30 02:14:04 +0000] [260] [INFO] Waiting for application startup.
[2026-03-30 02:14:04 +0000] [260] [INFO] Application startup complete.
[2026-03-30 02:14:04 +0000] [272] [INFO] Booting worker with pid: 272
[2026-03-30 02:14:04 +0000] [273] [INFO] Booting worker with pid: 273
[2026-03-30 02:14:04 +0000] [261] [INFO] Started server process [261]
[2026-03-30 02:14:04 +0000] [261] [INFO] Waiting for application startup.
[2026-03-30 02:14:04 +0000] [261] [INFO] Application startup complete.
[2026-03-30 02:14:04 +0000] [275] [INFO] Booting worker with pid: 275
[2026-03-30 02:14:04 +0000] [276] [INFO] Booting worker with pid: 276
[2026-03-30 02:14:04 +0000] [277] [INFO] Booting worker with pid: 277
[2026-03-30 02:14:04 +0000] [265] [INFO] Started server process [265]
[2026-03-30 02:14:04 +0000] [265] [INFO] Waiting for application startup.
[2026-03-30 02:14:04 +0000] [265] [INFO] Application startup complete.
[2026-03-30 02:14:04 +0000] [279] [INFO] Booting worker with pid: 279
[2026-03-30 02:14:04 +0000] [268] [INFO] Started server process [268]
[2026-03-30 02:14:04 +0000] [268] [INFO] Waiting for application startup.
[2026-03-30 02:14:04 +0000] [268] [INFO] Application startup complete.
[2026-03-30 02:14:04 +0000] [281] [INFO] Booting worker with pid: 281
[2026-03-30 02:14:04 +0000] [272] [INFO] Started server process [272]
[2026-03-30 02:14:04 +0000] [272] [INFO] Waiting for application startup.
[2026-03-30 02:14:04 +0000] [272] [INFO] Application startup complete.
[2026-03-30 02:14:04 +0000] [273] [INFO] Started server process [273]
[2026-03-30 02:14:04 +0000] [273] [INFO] Waiting for application startup.
[2026-03-30 02:14:04 +0000] [273] [INFO] Application startup complete.
[2026-03-30 02:14:04 +0000] [284] [INFO] Booting worker with pid: 284
[2026-03-30 02:14:04 +0000] [275] [INFO] Started server process [275]
[2026-03-30 02:14:04 +0000] [275] [INFO] Waiting for application startup.
[2026-03-30 02:14:04 +0000] [275] [INFO] Application startup complete.
[2026-03-30 02:14:04 +0000] [288] [INFO] Booting worker with pid: 288
[2026-03-30 02:14:04 +0000] [277] [INFO] Started server process [277]
[2026-03-30 02:14:04 +0000] [277] [INFO] Waiting for application startup.
[2026-03-30 02:14:04 +0000] [277] [INFO] Application startup complete.
[2026-03-30 02:14:04 +0000] [276] [INFO] Started server process [276]
[2026-03-30 02:14:04 +0000] [276] [INFO] Waiting for application startup.
[2026-03-30 02:14:04 +0000] [276] [INFO] Application startup complete.
[2026-03-30 02:14:04 +0000] [290] [INFO] Booting worker with pid: 290
[2026-03-30 02:14:04 +0000] [279] [INFO] Started server process [279]
[2026-03-30 02:14:04 +0000] [279] [INFO] Waiting for application startup.
[2026-03-30 02:14:04 +0000] [279] [INFO] Application startup complete.
[2026-03-30 02:14:04 +0000] [291] [INFO] Booting worker with pid: 291
[2026-03-30 02:14:04 +0000] [281] [INFO] Started server process [281]
[2026-03-30 02:14:04 +0000] [281] [INFO] Waiting for application startup.
[2026-03-30 02:14:04 +0000] [281] [INFO] Application startup complete.
[2026-03-30 02:14:04 +0000] [293] [INFO] Booting worker with pid: 293
[2026-03-30 02:14:05 +0000] [284] [INFO] Started server process [284]
[2026-03-30 02:14:05 +0000] [284] [INFO] Waiting for application startup.
[2026-03-30 02:14:05 +0000] [284] [INFO] Application startup complete.
[2026-03-30 02:14:05 +0000] [288] [INFO] Started server process [288]
[2026-03-30 02:14:05 +0000] [288] [INFO] Waiting for application startup.
[2026-03-30 02:14:05 +0000] [288] [INFO] Application startup complete.
[2026-03-30 02:14:05 +0000] [296] [INFO] Booting worker with pid: 296
[2026-03-30 02:14:05 +0000] [297] [INFO] Booting worker with pid: 297
[2026-03-30 02:14:05 +0000] [299] [INFO] Booting worker with pid: 299
[2026-03-30 02:14:05 +0000] [290] [INFO] Started server process [290]
[2026-03-30 02:14:05 +0000] [290] [INFO] Waiting for application startup.
[2026-03-30 02:14:05 +0000] [290] [INFO] Application startup complete.
[2026-03-30 02:14:05 +0000] [291] [INFO] Started server process [291]
[2026-03-30 02:14:05 +0000] [291] [INFO] Waiting for application startup.
[2026-03-30 02:14:05 +0000] [291] [INFO] Application startup complete.
[2026-03-30 02:14:05 +0000] [301] [INFO] Booting worker with pid: 301
[2026-03-30 02:14:05 +0000] [293] [INFO] Started server process [293]
[2026-03-30 02:14:05 +0000] [293] [INFO] Waiting for application startup.
[2026-03-30 02:14:05 +0000] [293] [INFO] Application startup complete.
[2026-03-30 02:14:05 +0000] [303] [INFO] Booting worker with pid: 303
[2026-03-30 02:14:05 +0000] [304] [INFO] Booting worker with pid: 304
[2026-03-30 02:14:05 +0000] [307] [INFO] Booting worker with pid: 307
[2026-03-30 02:14:05 +0000] [297] [INFO] Started server process [297]
[2026-03-30 02:14:05 +0000] [297] [INFO] Waiting for application startup.
[2026-03-30 02:14:05 +0000] [297] [INFO] Application startup complete.
[2026-03-30 02:14:05 +0000] [296] [INFO] Started server process [296]
[2026-03-30 02:14:05 +0000] [296] [INFO] Waiting for application startup.
[2026-03-30 02:14:05 +0000] [296] [INFO] Application startup complete.
[2026-03-30 02:14:05 +0000] [309] [INFO] Booting worker with pid: 309
[2026-03-30 02:14:05 +0000] [299] [INFO] Started server process [299]
[2026-03-30 02:14:05 +0000] [299] [INFO] Waiting for application startup.
[2026-03-30 02:14:05 +0000] [299] [INFO] Application startup complete.
[2026-03-30 02:14:05 +0000] [301] [INFO] Started server process [301]
[2026-03-30 02:14:05 +0000] [301] [INFO] Waiting for application startup.
[2026-03-30 02:14:05 +0000] [301] [INFO] Application startup complete.
[2026-03-30 02:14:05 +0000] [311] [INFO] Booting worker with pid: 311
[2026-03-30 02:14:05 +0000] [303] [INFO] Started server process [303]
[2026-03-30 02:14:05 +0000] [303] [INFO] Waiting for application startup.
[2026-03-30 02:14:05 +0000] [303] [INFO] Application startup complete.
[2026-03-30 02:14:05 +0000] [313] [INFO] Booting worker with pid: 313
[2026-03-30 02:14:05 +0000] [304] [INFO] Started server process [304]
[2026-03-30 02:14:05 +0000] [304] [INFO] Waiting for application startup.
[2026-03-30 02:14:05 +0000] [304] [INFO] Application startup complete.
[2026-03-30 02:14:05 +0000] [307] [INFO] Started server process [307]
[2026-03-30 02:14:05 +0000] [307] [INFO] Waiting for application startup.
[2026-03-30 02:14:05 +0000] [307] [INFO] Application startup complete.
[2026-03-30 02:14:05 +0000] [316] [INFO] Booting worker with pid: 316
[2026-03-30 02:14:05 +0000] [317] [INFO] Booting worker with pid: 317
[2026-03-30 02:14:05 +0000] [309] [INFO] Started server process [309]
[2026-03-30 02:14:05 +0000] [309] [INFO] Waiting for application startup.
[2026-03-30 02:14:05 +0000] [309] [INFO] Application startup complete.
[2026-03-30 02:14:05 +0000] [320] [INFO] Booting worker with pid: 320
[2026-03-30 02:14:05 +0000] [311] [INFO] Started server process [311]
[2026-03-30 02:14:05 +0000] [311] [INFO] Waiting for application startup.
[2026-03-30 02:14:05 +0000] [311] [INFO] Application startup complete.
[2026-03-30 02:14:05 +0000] [321] [INFO] Booting worker with pid: 321
[2026-03-30 02:14:05 +0000] [313] [INFO] Started server process [313]
[2026-03-30 02:14:05 +0000] [313] [INFO] Waiting for application startup.
[2026-03-30 02:14:05 +0000] [313] [INFO] Application startup complete.
[2026-03-30 02:14:05 +0000] [323] [INFO] Booting worker with pid: 323
[2026-03-30 02:14:05 +0000] [316] [INFO] Started server process [316]
[2026-03-30 02:14:05 +0000] [316] [INFO] Waiting for application startup.
[2026-03-30 02:14:05 +0000] [316] [INFO] Application startup complete.
[2026-03-30 02:14:05 +0000] [317] [INFO] Started server process [317]
[2026-03-30 02:14:05 +0000] [317] [INFO] Waiting for application startup.
[2026-03-30 02:14:05 +0000] [317] [INFO] Application startup complete.
[2026-03-30 02:14:05 +0000] [326] [INFO] Booting worker with pid: 326
[2026-03-30 02:14:06 +0000] [320] [INFO] Started server process [320]
[2026-03-30 02:14:06 +0000] [320] [INFO] Waiting for application startup.
[2026-03-30 02:14:06 +0000] [320] [INFO] Application startup complete.
[2026-03-30 02:14:06 +0000] [328] [INFO] Booting worker with pid: 328
[2026-03-30 02:14:06 +0000] [321] [INFO] Started server process [321]
[2026-03-30 02:14:06 +0000] [321] [INFO] Waiting for application startup.
[2026-03-30 02:14:06 +0000] [321] [INFO] Application startup complete.
[2026-03-30 02:14:06 +0000] [330] [INFO] Booting worker with pid: 330
[2026-03-30 02:14:06 +0000] [323] [INFO] Started server process [323]
[2026-03-30 02:14:06 +0000] [323] [INFO] Waiting for application startup.
[2026-03-30 02:14:06 +0000] [323] [INFO] Application startup complete.
[2026-03-30 02:14:06 +0000] [332] [INFO] Booting worker with pid: 332
[2026-03-30 02:14:06 +0000] [333] [INFO] Booting worker with pid: 333
[2026-03-30 02:14:06 +0000] [326] [INFO] Started server process [326]
[2026-03-30 02:14:06 +0000] [326] [INFO] Waiting for application startup.
[2026-03-30 02:14:06 +0000] [326] [INFO] Application startup complete.
[2026-03-30 02:14:06 +0000] [328] [INFO] Started server process [328]
[2026-03-30 02:14:06 +0000] [328] [INFO] Waiting for application startup.
[2026-03-30 02:14:06 +0000] [328] [INFO] Application startup complete.
[2026-03-30 02:14:06 +0000] [336] [INFO] Booting worker with pid: 336
[2026-03-30 02:14:06 +0000] [337] [INFO] Booting worker with pid: 337
[2026-03-30 02:14:06 +0000] [330] [INFO] Started server process [330]
[2026-03-30 02:14:06 +0000] [330] [INFO] Waiting for application startup.
[2026-03-30 02:14:06 +0000] [330] [INFO] Application startup complete.
[2026-03-30 02:14:06 +0000] [339] [INFO] Booting worker with pid: 339
[2026-03-30 02:14:06 +0000] [340] [INFO] Booting worker with pid: 340
[2026-03-30 02:14:06 +0000] [332] [INFO] Started server process [332]
[2026-03-30 02:14:06 +0000] [332] [INFO] Waiting for application startup.
[2026-03-30 02:14:06 +0000] [332] [INFO] Application startup complete.
[2026-03-30 02:14:06 +0000] [342] [INFO] Booting worker with pid: 342
[2026-03-30 02:14:06 +0000] [343] [INFO] Booting worker with pid: 343
[2026-03-30 02:14:06 +0000] [344] [INFO] Booting worker with pid: 344
[2026-03-30 02:14:06 +0000] [333] [INFO] Started server process [333]
[2026-03-30 02:14:06 +0000] [333] [INFO] Waiting for application startup.
[2026-03-30 02:14:06 +0000] [333] [INFO] Application startup complete.
[2026-03-30 02:14:06 +0000] [346] [INFO] Booting worker with pid: 346
[2026-03-30 02:14:06 +0000] [336] [INFO] Started server process [336]
[2026-03-30 02:14:06 +0000] [336] [INFO] Waiting for application startup.
[2026-03-30 02:14:06 +0000] [336] [INFO] Application startup complete.
[2026-03-30 02:14:06 +0000] [348] [INFO] Booting worker with pid: 348
[2026-03-30 02:14:06 +0000] [349] [INFO] Booting worker with pid: 349
[2026-03-30 02:14:06 +0000] [352] [INFO] Booting worker with pid: 352
[2026-03-30 02:14:06 +0000] [339] [INFO] Started server process [339]
[2026-03-30 02:14:06 +0000] [342] [INFO] Started server process [342]
[2026-03-30 02:14:06 +0000] [339] [INFO] Waiting for application startup.
[2026-03-30 02:14:06 +0000] [342] [INFO] Waiting for application startup.
[2026-03-30 02:14:06 +0000] [342] [INFO] Application startup complete.
[2026-03-30 02:14:06 +0000] [339] [INFO] Application startup complete.
[2026-03-30 02:14:06 +0000] [353] [INFO] Booting worker with pid: 353
[2026-03-30 02:14:06 +0000] [354] [INFO] Booting worker with pid: 354
[2026-03-30 02:14:07 +0000] [340] [INFO] Started server process [340]
[2026-03-30 02:14:07 +0000] [340] [INFO] Waiting for application startup.
[2026-03-30 02:14:07 +0000] [340] [INFO] Application startup complete.
[2026-03-30 02:14:07 +0000] [357] [INFO] Booting worker with pid: 357
[2026-03-30 02:14:07 +0000] [337] [INFO] Started server process [337]
[2026-03-30 02:14:07 +0000] [337] [INFO] Waiting for application startup.
[2026-03-30 02:14:07 +0000] [337] [INFO] Application startup complete.
[2026-03-30 02:14:07 +0000] [358] [INFO] Booting worker with pid: 358
[2026-03-30 02:14:07 +0000] [359] [INFO] Booting worker with pid: 359
[2026-03-30 02:14:07 +0000] [361] [INFO] Booting worker with pid: 361
[2026-03-30 02:14:07 +0000] [343] [INFO] Started server process [343]
[2026-03-30 02:14:07 +0000] [343] [INFO] Waiting for application startup.
[2026-03-30 02:14:07 +0000] [343] [INFO] Application startup complete.
[2026-03-30 02:14:07 +0000] [362] [INFO] Booting worker with pid: 362
[2026-03-30 02:14:07 +0000] [363] [INFO] Booting worker with pid: 363
[2026-03-30 02:14:07 +0000] [364] [INFO] Booting worker with pid: 364
[2026-03-30 02:14:07 +0000] [365] [INFO] Booting worker with pid: 365
[2026-03-30 02:14:07 +0000] [366] [INFO] Booting worker with pid: 366
[2026-03-30 02:14:07 +0000] [367] [INFO] Booting worker with pid: 367
[2026-03-30 02:14:07 +0000] [368] [INFO] Booting worker with pid: 368
[2026-03-30 02:14:07 +0000] [370] [INFO] Booting worker with pid: 370
[2026-03-30 02:14:07 +0000] [359] [INFO] Started server process [359]
[2026-03-30 02:14:07 +0000] [359] [INFO] Waiting for application startup.
[2026-03-30 02:14:07 +0000] [359] [INFO] Application startup complete.
[2026-03-30 02:14:07 +0000] [372] [INFO] Booting worker with pid: 372
[2026-03-30 02:14:07 +0000] [353] [INFO] Started server process [353]
[2026-03-30 02:14:07 +0000] [353] [INFO] Waiting for application startup.
[2026-03-30 02:14:07 +0000] [353] [INFO] Application startup complete.
[2026-03-30 02:14:07 +0000] [373] [INFO] Booting worker with pid: 373
[2026-03-30 02:14:07 +0000] [358] [INFO] Started server process [358]
[2026-03-30 02:14:07 +0000] [358] [INFO] Waiting for application startup.
[2026-03-30 02:14:07 +0000] [358] [INFO] Application startup complete.
[2026-03-30 02:14:07 +0000] [354] [INFO] Started server process [354]
[2026-03-30 02:14:07 +0000] [354] [INFO] Waiting for application startup.
[2026-03-30 02:14:07 +0000] [354] [INFO] Application startup complete.
[2026-03-30 02:14:07 +0000] [376] [INFO] Booting worker with pid: 376
[2026-03-30 02:14:07 +0000] [378] [INFO] Booting worker with pid: 378
[2026-03-30 02:14:07 +0000] [349] [INFO] Started server process [349]
[2026-03-30 02:14:07 +0000] [349] [INFO] Waiting for application startup.
[2026-03-30 02:14:07 +0000] [349] [INFO] Application startup complete.
[2026-03-30 02:14:07 +0000] [379] [INFO] Booting worker with pid: 379
[2026-03-30 02:14:07 +0000] [380] [INFO] Booting worker with pid: 380
[2026-03-30 02:14:07 +0000] [366] [INFO] Started server process [366]
[2026-03-30 02:14:07 +0000] [366] [INFO] Waiting for application startup.
[2026-03-30 02:14:07 +0000] [366] [INFO] Application startup complete.
[2026-03-30 02:14:07 +0000] [382] [INFO] Booting worker with pid: 382
[2026-03-30 02:14:08 +0000] [383] [INFO] Booting worker with pid: 383
[2026-03-30 02:14:08 +0000] [384] [INFO] Booting worker with pid: 384
[2026-03-30 02:14:08 +0000] [385] [INFO] Booting worker with pid: 385
[2026-03-30 02:14:08 +0000] [386] [INFO] Booting worker with pid: 386
[2026-03-30 02:14:08 +0000] [364] [INFO] Started server process [364]
[2026-03-30 02:14:08 +0000] [364] [INFO] Waiting for application startup.
[2026-03-30 02:14:08 +0000] [364] [INFO] Application startup complete.
[2026-03-30 02:14:08 +0000] [389] [INFO] Booting worker with pid: 389
[2026-03-30 02:14:08 +0000] [344] [INFO] Started server process [344]
[2026-03-30 02:14:08 +0000] [344] [INFO] Waiting for application startup.
[2026-03-30 02:14:08 +0000] [344] [INFO] Application startup complete.
[2026-03-30 02:14:08 +0000] [391] [INFO] Booting worker with pid: 391
[2026-03-30 02:14:08 +0000] [393] [INFO] Booting worker with pid: 393
[2026-03-30 02:14:08 +0000] [352] [INFO] Started server process [352]
[2026-03-30 02:14:08 +0000] [352] [INFO] Waiting for application startup.
[2026-03-30 02:14:08 +0000] [352] [INFO] Application startup complete.
[2026-03-30 02:14:08 +0000] [370] [INFO] Started server process [370]
[2026-03-30 02:14:08 +0000] [370] [INFO] Waiting for application startup.
[2026-03-30 02:14:08 +0000] [370] [INFO] Application startup complete.
[2026-03-30 02:14:08 +0000] [346] [INFO] Started server process [346]
[2026-03-30 02:14:08 +0000] [346] [INFO] Waiting for application startup.
[2026-03-30 02:14:08 +0000] [346] [INFO] Application startup complete.
[2026-03-30 02:14:08 +0000] [395] [INFO] Booting worker with pid: 395
[2026-03-30 02:14:08 +0000] [357] [INFO] Started server process [357]
[2026-03-30 02:14:08 +0000] [357] [INFO] Waiting for application startup.
[2026-03-30 02:14:08 +0000] [357] [INFO] Application startup complete.
[2026-03-30 02:14:08 +0000] [361] [INFO] Started server process [361]
[2026-03-30 02:14:08 +0000] [361] [INFO] Waiting for application startup.
[2026-03-30 02:14:08 +0000] [361] [INFO] Application startup complete.
[2026-03-30 02:14:08 +0000] [348] [INFO] Started server process [348]
[2026-03-30 02:14:08 +0000] [348] [INFO] Waiting for application startup.
[2026-03-30 02:14:08 +0000] [348] [INFO] Application startup complete.
[2026-03-30 02:14:08 +0000] [399] [INFO] Booting worker with pid: 399
[2026-03-30 02:14:08 +0000] [400] [INFO] Booting worker with pid: 400
[2026-03-30 02:14:08 +0000] [402] [INFO] Booting worker with pid: 402
[2026-03-30 02:14:08 +0000] [363] [INFO] Started server process [363]
[2026-03-30 02:14:08 +0000] [363] [INFO] Waiting for application startup.
[2026-03-30 02:14:08 +0000] [363] [INFO] Application startup complete.
[2026-03-30 02:14:08 +0000] [403] [INFO] Booting worker with pid: 403
[2026-03-30 02:14:08 +0000] [404] [INFO] Booting worker with pid: 404
[2026-03-30 02:14:08 +0000] [405] [INFO] Booting worker with pid: 405
[2026-03-30 02:14:08 +0000] [406] [INFO] Booting worker with pid: 406
[2026-03-30 02:14:08 +0000] [408] [INFO] Booting worker with pid: 408
[2026-03-30 02:14:08 +0000] [409] [INFO] Booting worker with pid: 409
[2026-03-30 02:14:08 +0000] [365] [INFO] Started server process [365]
[2026-03-30 02:14:08 +0000] [365] [INFO] Waiting for application startup.
[2026-03-30 02:14:08 +0000] [365] [INFO] Application startup complete.
[2026-03-30 02:14:08 +0000] [410] [INFO] Booting worker with pid: 410
[2026-03-30 02:14:09 +0000] [412] [INFO] Booting worker with pid: 412
[2026-03-30 02:14:09 +0000] [368] [INFO] Started server process [368]
[2026-03-30 02:14:09 +0000] [368] [INFO] Waiting for application startup.
[2026-03-30 02:14:09 +0000] [368] [INFO] Application startup complete.
[2026-03-30 02:14:09 +0000] [413] [INFO] Booting worker with pid: 413
[2026-03-30 02:14:09 +0000] [383] [INFO] Started server process [383]
[2026-03-30 02:14:09 +0000] [383] [INFO] Waiting for application startup.
[2026-03-30 02:14:09 +0000] [383] [INFO] Application startup complete.
[2026-03-30 02:14:09 +0000] [417] [INFO] Booting worker with pid: 417
[2026-03-30 02:14:09 +0000] [418] [INFO] Booting worker with pid: 418
[2026-03-30 02:14:09 +0000] [378] [INFO] Started server process [378]
[2026-03-30 02:14:09 +0000] [378] [INFO] Waiting for application startup.
[2026-03-30 02:14:09 +0000] [378] [INFO] Application startup complete.
[2026-03-30 02:14:09 +0000] [382] [INFO] Started server process [382]
[2026-03-30 02:14:09 +0000] [382] [INFO] Waiting for application startup.
[2026-03-30 02:14:09 +0000] [382] [INFO] Application startup complete.
[2026-03-30 02:14:09 +0000] [362] [INFO] Started server process [362]
[2026-03-30 02:14:09 +0000] [362] [INFO] Waiting for application startup.
[2026-03-30 02:14:09 +0000] [362] [INFO] Application startup complete.
[2026-03-30 02:14:09 +0000] [420] [INFO] Booting worker with pid: 420
[2026-03-30 02:14:09 +0000] [400] [INFO] Started server process [400]
[2026-03-30 02:14:09 +0000] [400] [INFO] Waiting for application startup.
[2026-03-30 02:14:09 +0000] [400] [INFO] Application startup complete.
[2026-03-30 02:14:09 +0000] [391] [INFO] Started server process [391]
[2026-03-30 02:14:09 +0000] [391] [INFO] Waiting for application startup.
[2026-03-30 02:14:09 +0000] [391] [INFO] Application startup complete.
[2026-03-30 02:14:09 +0000] [423] [INFO] Booting worker with pid: 423
[2026-03-30 02:14:09 +0000] [384] [INFO] Started server process [384]
[2026-03-30 02:14:09 +0000] [384] [INFO] Waiting for application startup.
[2026-03-30 02:14:09 +0000] [384] [INFO] Application startup complete.
[2026-03-30 02:14:09 +0000] [373] [INFO] Started server process [373]
[2026-03-30 02:14:09 +0000] [373] [INFO] Waiting for application startup.
[2026-03-30 02:14:09 +0000] [373] [INFO] Application startup complete.
[2026-03-30 02:14:09 +0000] [427] [INFO] Booting worker with pid: 427
[2026-03-30 02:14:09 +0000] [385] [INFO] Started server process [385]
[2026-03-30 02:14:09 +0000] [385] [INFO] Waiting for application startup.
[2026-03-30 02:14:09 +0000] [385] [INFO] Application startup complete.
[2026-03-30 02:14:09 +0000] [412] [INFO] Started server process [412]
[2026-03-30 02:14:09 +0000] [412] [INFO] Waiting for application startup.
[2026-03-30 02:14:09 +0000] [412] [INFO] Application startup complete.
[2026-03-30 02:14:09 +0000] [430] [INFO] Booting worker with pid: 430
[2026-03-30 02:14:09 +0000] [367] [INFO] Started server process [367]
[2026-03-30 02:14:09 +0000] [367] [INFO] Waiting for application startup.
[2026-03-30 02:14:09 +0000] [367] [INFO] Application startup complete.
[2026-03-30 02:14:09 +0000] [380] [INFO] Started server process [380]
[2026-03-30 02:14:09 +0000] [380] [INFO] Waiting for application startup.
[2026-03-30 02:14:09 +0000] [380] [INFO] Application startup complete.
[2026-03-30 02:14:09 +0000] [432] [INFO] Booting worker with pid: 432
[2026-03-30 02:14:09 +0000] [389] [INFO] Started server process [389]
[2026-03-30 02:14:09 +0000] [389] [INFO] Waiting for application startup.
[2026-03-30 02:14:09 +0000] [389] [INFO] Application startup complete.
[2026-03-30 02:14:09 +0000] [435] [INFO] Booting worker with pid: 435
[2026-03-30 02:14:09 +0000] [372] [INFO] Started server process [372]
[2026-03-30 02:14:09 +0000] [372] [INFO] Waiting for application startup.
[2026-03-30 02:14:09 +0000] [372] [INFO] Application startup complete.
[2026-03-30 02:14:09 +0000] [413] [INFO] Started server process [413]
[2026-03-30 02:14:09 +0000] [413] [INFO] Waiting for application startup.
[2026-03-30 02:14:09 +0000] [413] [INFO] Application startup complete.
[2026-03-30 02:14:09 +0000] [417] [INFO] Started server process [417]
[2026-03-30 02:14:09 +0000] [417] [INFO] Waiting for application startup.
[2026-03-30 02:14:09 +0000] [417] [INFO] Application startup complete.
[2026-03-30 02:14:09 +0000] [439] [INFO] Booting worker with pid: 439
[2026-03-30 02:14:09 +0000] [440] [INFO] Booting worker with pid: 440
[2026-03-30 02:14:09 +0000] [442] [INFO] Booting worker with pid: 442
[2026-03-30 02:14:09 +0000] [408] [INFO] Started server process [408]
[2026-03-30 02:14:09 +0000] [408] [INFO] Waiting for application startup.
[2026-03-30 02:14:09 +0000] [408] [INFO] Application startup complete.
[2026-03-30 02:14:09 +0000] [444] [INFO] Booting worker with pid: 444
[2026-03-30 02:14:09 +0000] [376] [INFO] Started server process [376]
[2026-03-30 02:14:09 +0000] [376] [INFO] Waiting for application startup.
[2026-03-30 02:14:09 +0000] [376] [INFO] Application startup complete.
[2026-03-30 02:14:09 +0000] [446] [INFO] Booting worker with pid: 446
[2026-03-30 02:14:09 +0000] [423] [INFO] Started server process [423]
[2026-03-30 02:14:09 +0000] [423] [INFO] Waiting for application startup.
[2026-03-30 02:14:09 +0000] [423] [INFO] Application startup complete.
[2026-03-30 02:14:09 +0000] [379] [INFO] Started server process [379]
[2026-03-30 02:14:09 +0000] [379] [INFO] Waiting for application startup.
[2026-03-30 02:14:09 +0000] [379] [INFO] Application startup complete.
[2026-03-30 02:14:09 +0000] [418] [INFO] Started server process [418]
[2026-03-30 02:14:09 +0000] [418] [INFO] Waiting for application startup.
[2026-03-30 02:14:09 +0000] [418] [INFO] Application startup complete.
[2026-03-30 02:14:09 +0000] [450] [INFO] Booting worker with pid: 450
[2026-03-30 02:14:09 +0000] [427] [INFO] Started server process [427]
[2026-03-30 02:14:09 +0000] [427] [INFO] Waiting for application startup.
[2026-03-30 02:14:09 +0000] [427] [INFO] Application startup complete.
[2026-03-30 02:14:09 +0000] [452] [INFO] Booting worker with pid: 452
[2026-03-30 02:14:09 +0000] [393] [INFO] Started server process [393]
[2026-03-30 02:14:09 +0000] [393] [INFO] Waiting for application startup.
[2026-03-30 02:14:09 +0000] [393] [INFO] Application startup complete.
[2026-03-30 02:14:10 +0000] [386] [INFO] Started server process [386]
[2026-03-30 02:14:10 +0000] [386] [INFO] Waiting for application startup.
[2026-03-30 02:14:10 +0000] [386] [INFO] Application startup complete.
[2026-03-30 02:14:10 +0000] [395] [INFO] Started server process [395]
[2026-03-30 02:14:10 +0000] [395] [INFO] Waiting for application startup.
[2026-03-30 02:14:10 +0000] [395] [INFO] Application startup complete.
[2026-03-30 02:14:10 +0000] [454] [INFO] Booting worker with pid: 454
[2026-03-30 02:14:10 +0000] [455] [INFO] Booting worker with pid: 455
[2026-03-30 02:14:10 +0000] [430] [INFO] Started server process [430]
[2026-03-30 02:14:10 +0000] [430] [INFO] Waiting for application startup.
[2026-03-30 02:14:10 +0000] [430] [INFO] Application startup complete.
[2026-03-30 02:14:10 +0000] [458] [INFO] Booting worker with pid: 458
[2026-03-30 02:14:10 +0000] [402] [INFO] Started server process [402]
[2026-03-30 02:14:10 +0000] [402] [INFO] Waiting for application startup.
[2026-03-30 02:14:10 +0000] [402] [INFO] Application startup complete.
[2026-03-30 02:14:10 +0000] [459] [INFO] Booting worker with pid: 459
[2026-03-30 02:14:10 +0000] [460] [INFO] Booting worker with pid: 460
[2026-03-30 02:14:10 +0000] [403] [INFO] Started server process [403]
[2026-03-30 02:14:10 +0000] [403] [INFO] Waiting for application startup.
[2026-03-30 02:14:10 +0000] [403] [INFO] Application startup complete.
[2026-03-30 02:14:10 +0000] [420] [INFO] Started server process [420]
[2026-03-30 02:14:10 +0000] [420] [INFO] Waiting for application startup.
[2026-03-30 02:14:10 +0000] [420] [INFO] Application startup complete.
[2026-03-30 02:14:10 +0000] [464] [INFO] Booting worker with pid: 464
[2026-03-30 02:14:10 +0000] [432] [INFO] Started server process [432]
[2026-03-30 02:14:10 +0000] [432] [INFO] Waiting for application startup.
[2026-03-30 02:14:10 +0000] [432] [INFO] Application startup complete.
[2026-03-30 02:14:10 +0000] [409] [INFO] Started server process [409]
[2026-03-30 02:14:10 +0000] [409] [INFO] Waiting for application startup.
[2026-03-30 02:14:10 +0000] [409] [INFO] Application startup complete.
[2026-03-30 02:14:10 +0000] [405] [INFO] Started server process [405]
[2026-03-30 02:14:10 +0000] [405] [INFO] Waiting for application startup.
[2026-03-30 02:14:10 +0000] [405] [INFO] Application startup complete.
[2026-03-30 02:14:10 +0000] [468] [INFO] Booting worker with pid: 468
[2026-03-30 02:14:10 +0000] [450] [INFO] Started server process [450]
[2026-03-30 02:14:10 +0000] [450] [INFO] Waiting for application startup.
[2026-03-30 02:14:10 +0000] [450] [INFO] Application startup complete.
[2026-03-30 02:14:10 +0000] [455] [INFO] Started server process [455]
[2026-03-30 02:14:10 +0000] [455] [INFO] Waiting for application startup.
[2026-03-30 02:14:10 +0000] [455] [INFO] Application startup complete.
[2026-03-30 02:14:10 +0000] [399] [INFO] Started server process [399]
[2026-03-30 02:14:10 +0000] [399] [INFO] Waiting for application startup.
[2026-03-30 02:14:10 +0000] [399] [INFO] Application startup complete.
[2026-03-30 02:14:10 +0000] [471] [INFO] Booting worker with pid: 471
[2026-03-30 02:14:10 +0000] [454] [INFO] Started server process [454]
[2026-03-30 02:14:10 +0000] [454] [INFO] Waiting for application startup.
[2026-03-30 02:14:10 +0000] [454] [INFO] Application startup complete.
[2026-03-30 02:14:10 +0000] [473] [INFO] Booting worker with pid: 473
[2026-03-30 02:14:10 +0000] [435] [INFO] Started server process [435]
[2026-03-30 02:14:10 +0000] [435] [INFO] Waiting for application startup.
[2026-03-30 02:14:10 +0000] [435] [INFO] Application startup complete.
[2026-03-30 02:14:10 +0000] [464] [INFO] Started server process [464]
[2026-03-30 02:14:10 +0000] [464] [INFO] Waiting for application startup.
[2026-03-30 02:14:10 +0000] [464] [INFO] Application startup complete.
[2026-03-30 02:14:10 +0000] [478] [INFO] Booting worker with pid: 478
[2026-03-30 02:14:10 +0000] [459] [INFO] Started server process [459]
[2026-03-30 02:14:10 +0000] [459] [INFO] Waiting for application startup.
[2026-03-30 02:14:10 +0000] [459] [INFO] Application startup complete.
[2026-03-30 02:14:10 +0000] [446] [INFO] Started server process [446]
[2026-03-30 02:14:10 +0000] [446] [INFO] Waiting for application startup.
[2026-03-30 02:14:10 +0000] [446] [INFO] Application startup complete.
[2026-03-30 02:14:10 +0000] [452] [INFO] Started server process [452]
[2026-03-30 02:14:10 +0000] [452] [INFO] Waiting for application startup.
[2026-03-30 02:14:10 +0000] [452] [INFO] Application startup complete.
[2026-03-30 02:14:10 +0000] [410] [INFO] Started server process [410]
[2026-03-30 02:14:10 +0000] [410] [INFO] Waiting for application startup.
[2026-03-30 02:14:10 +0000] [410] [INFO] Application startup complete.
[2026-03-30 02:14:10 +0000] [481] [INFO] Booting worker with pid: 481
[2026-03-30 02:14:10 +0000] [458] [INFO] Started server process [458]
[2026-03-30 02:14:10 +0000] [458] [INFO] Waiting for application startup.
[2026-03-30 02:14:10 +0000] [458] [INFO] Application startup complete.
[2026-03-30 02:14:10 +0000] [483] [INFO] Booting worker with pid: 483
[2026-03-30 02:14:10 +0000] [404] [INFO] Started server process [404]
[2026-03-30 02:14:10 +0000] [404] [INFO] Waiting for application startup.
[2026-03-30 02:14:10 +0000] [404] [INFO] Application startup complete.
[2026-03-30 02:14:10 +0000] [406] [INFO] Started server process [406]
[2026-03-30 02:14:10 +0000] [406] [INFO] Waiting for application startup.
[2026-03-30 02:14:10 +0000] [406] [INFO] Application startup complete.
[2026-03-30 02:14:10 +0000] [487] [INFO] Booting worker with pid: 487
[2026-03-30 02:14:10 +0000] [488] [INFO] Booting worker with pid: 488
[2026-03-30 02:14:10 +0000] [440] [INFO] Started server process [440]
[2026-03-30 02:14:10 +0000] [440] [INFO] Waiting for application startup.
[2026-03-30 02:14:10 +0000] [440] [INFO] Application startup complete.
[2026-03-30 02:14:10 +0000] [490] [INFO] Booting worker with pid: 490
[2026-03-30 02:14:10 +0000] [460] [INFO] Started server process [460]
[2026-03-30 02:14:10 +0000] [460] [INFO] Waiting for application startup.
[2026-03-30 02:14:10 +0000] [460] [INFO] Application startup complete.
[2026-03-30 02:14:11 +0000] [492] [INFO] Booting worker with pid: 492
[2026-03-30 02:14:11 +0000] [442] [INFO] Started server process [442]
[2026-03-30 02:14:11 +0000] [442] [INFO] Waiting for application startup.
[2026-03-30 02:14:11 +0000] [442] [INFO] Application startup complete.
[2026-03-30 02:14:11 +0000] [493] [INFO] Booting worker with pid: 493
[2026-03-30 02:14:11 +0000] [494] [INFO] Booting worker with pid: 494
[2026-03-30 02:14:11 +0000] [495] [INFO] Booting worker with pid: 495
[2026-03-30 02:14:11 +0000] [496] [INFO] Booting worker with pid: 496
[2026-03-30 02:14:11 +0000] [468] [INFO] Started server process [468]
[2026-03-30 02:14:11 +0000] [468] [INFO] Waiting for application startup.
[2026-03-30 02:14:11 +0000] [468] [INFO] Application startup complete.
[2026-03-30 02:14:11 +0000] [498] [INFO] Booting worker with pid: 498
[2026-03-30 02:14:11 +0000] [483] [INFO] Started server process [483]
[2026-03-30 02:14:11 +0000] [483] [INFO] Waiting for application startup.
[2026-03-30 02:14:11 +0000] [483] [INFO] Application startup complete.
[2026-03-30 02:14:11 +0000] [444] [INFO] Started server process [444]
[2026-03-30 02:14:11 +0000] [444] [INFO] Waiting for application startup.
[2026-03-30 02:14:11 +0000] [444] [INFO] Application startup complete.
[2026-03-30 02:14:11 +0000] [502] [INFO] Booting worker with pid: 502
[2026-03-30 02:14:11 +0000] [439] [INFO] Started server process [439]
[2026-03-30 02:14:11 +0000] [439] [INFO] Waiting for application startup.
[2026-03-30 02:14:11 +0000] [439] [INFO] Application startup complete.
[2026-03-30 02:14:11 +0000] [503] [INFO] Booting worker with pid: 503
[2026-03-30 02:14:11 +0000] [473] [INFO] Started server process [473]
[2026-03-30 02:14:11 +0000] [473] [INFO] Waiting for application startup.
[2026-03-30 02:14:11 +0000] [473] [INFO] Application startup complete.
[2026-03-30 02:14:11 +0000] [471] [INFO] Started server process [471]
[2026-03-30 02:14:11 +0000] [471] [INFO] Waiting for application startup.
[2026-03-30 02:14:11 +0000] [471] [INFO] Application startup complete.
[2026-03-30 02:14:11 +0000] [481] [INFO] Started server process [481]
[2026-03-30 02:14:11 +0000] [481] [INFO] Waiting for application startup.
[2026-03-30 02:14:11 +0000] [481] [INFO] Application startup complete.
[2026-03-30 02:14:11 +0000] [478] [INFO] Started server process [478]
[2026-03-30 02:14:11 +0000] [478] [INFO] Waiting for application startup.
[2026-03-30 02:14:11 +0000] [478] [INFO] Application startup complete.
[2026-03-30 02:14:11 +0000] [493] [INFO] Started server process [493]
[2026-03-30 02:14:11 +0000] [493] [INFO] Waiting for application startup.
[2026-03-30 02:14:11 +0000] [493] [INFO] Application startup complete.
[2026-03-30 02:14:11 +0000] [488] [INFO] Started server process [488]
[2026-03-30 02:14:11 +0000] [488] [INFO] Waiting for application startup.
[2026-03-30 02:14:11 +0000] [488] [INFO] Application startup complete.
[2026-03-30 02:14:11 +0000] [490] [INFO] Started server process [490]
[2026-03-30 02:14:11 +0000] [490] [INFO] Waiting for application startup.
[2026-03-30 02:14:11 +0000] [490] [INFO] Application startup complete.
[2026-03-30 02:14:11 +0000] [492] [INFO] Started server process [492]
[2026-03-30 02:14:11 +0000] [492] [INFO] Waiting for application startup.
[2026-03-30 02:14:11 +0000] [492] [INFO] Application startup complete.
[2026-03-30 02:14:11 +0000] [487] [INFO] Started server process [487]
[2026-03-30 02:14:11 +0000] [487] [INFO] Waiting for application startup.
[2026-03-30 02:14:11 +0000] [487] [INFO] Application startup complete.
[2026-03-30 02:14:11 +0000] [495] [INFO] Started server process [495]
[2026-03-30 02:14:11 +0000] [495] [INFO] Waiting for application startup.
[2026-03-30 02:14:11 +0000] [495] [INFO] Application startup complete.
[2026-03-30 02:14:11 +0000] [494] [INFO] Started server process [494]
[2026-03-30 02:14:11 +0000] [494] [INFO] Waiting for application startup.
[2026-03-30 02:14:11 +0000] [494] [INFO] Application startup complete.
[2026-03-30 02:14:11 +0000] [496] [INFO] Started server process [496]
[2026-03-30 02:14:11 +0000] [496] [INFO] Waiting for application startup.
[2026-03-30 02:14:11 +0000] [496] [INFO] Application startup complete.
[2026-03-30 02:14:11 +0000] [498] [INFO] Started server process [498]
[2026-03-30 02:14:11 +0000] [498] [INFO] Waiting for application startup.
[2026-03-30 02:14:11 +0000] [498] [INFO] Application startup complete.
[2026-03-30 02:14:11 +0000] [503] [INFO] Started server process [503]
[2026-03-30 02:14:11 +0000] [503] [INFO] Waiting for application startup.
[2026-03-30 02:14:11 +0000] [503] [INFO] Application startup complete.
[2026-03-30 02:14:11 +0000] [502] [INFO] Started server process [502]
[2026-03-30 02:14:11 +0000] [502] [INFO] Waiting for application startup.
[2026-03-30 02:14:11 +0000] [502] [INFO] Application startup complete.
