[2026-03-30 02:53:54 +0000] [1] [INFO] Starting gunicorn 23.0.0
[2026-03-30 02:53:54 +0000] [1] [INFO] Listening at: http://0.0.0.0:8080 (1)
[2026-03-30 02:53:54 +0000] [1] [INFO] Using worker: uvicorn.workers.UvicornWorker
[2026-03-30 02:53:54 +0000] [6] [INFO] Booting worker with pid: 6
[2026-03-30 02:53:54 +0000] [7] [INFO] Booting worker with pid: 7
[2026-03-30 02:53:54 +0000] [8] [INFO] Booting worker with pid: 8
[2026-03-30 02:53:54 +0000] [9] [INFO] Booting worker with pid: 9
[2026-03-30 02:53:54 +0000] [7] [INFO] Started server process [7]
[2026-03-30 02:53:54 +0000] [7] [INFO] Waiting for application startup.
[2026-03-30 02:53:54 +0000] [6] [INFO] Started server process [6]
[2026-03-30 02:53:54 +0000] [6] [INFO] Waiting for application startup.
[2026-03-30 02:53:54 +0000] [7] [INFO] Application startup complete.
[2026-03-30 02:53:54 +0000] [6] [INFO] Application startup complete.
[2026-03-30 02:53:54 +0000] [8] [INFO] Started server process [8]
[2026-03-30 02:53:54 +0000] [8] [INFO] Waiting for application startup.
[2026-03-30 02:53:54 +0000] [8] [INFO] Application startup complete.
[2026-03-30 02:53:54 +0000] [13] [INFO] Booting worker with pid: 13
[2026-03-30 02:53:54 +0000] [14] [INFO] Booting worker with pid: 14
[2026-03-30 02:53:54 +0000] [9] [INFO] Started server process [9]
[2026-03-30 02:53:54 +0000] [9] [INFO] Waiting for application startup.
[2026-03-30 02:53:54 +0000] [9] [INFO] Application startup complete.
[2026-03-30 02:53:54 +0000] [17] [INFO] Booting worker with pid: 17
[2026-03-30 02:53:54 +0000] [13] [INFO] Started server process [13]
[2026-03-30 02:53:54 +0000] [13] [INFO] Waiting for application startup.
[2026-03-30 02:53:54 +0000] [13] [INFO] Application startup complete.
[2026-03-30 02:53:54 +0000] [19] [INFO] Booting worker with pid: 19
[2026-03-30 02:53:54 +0000] [14] [INFO] Started server process [14]
[2026-03-30 02:53:54 +0000] [14] [INFO] Waiting for application startup.
[2026-03-30 02:53:54 +0000] [14] [INFO] Application startup complete.
[2026-03-30 02:53:54 +0000] [17] [INFO] Started server process [17]
[2026-03-30 02:53:54 +0000] [17] [INFO] Waiting for application startup.
[2026-03-30 02:53:54 +0000] [17] [INFO] Application startup complete.
[2026-03-30 02:53:54 +0000] [22] [INFO] Booting worker with pid: 22
[2026-03-30 02:53:54 +0000] [19] [INFO] Started server process [19]
[2026-03-30 02:53:54 +0000] [19] [INFO] Waiting for application startup.
[2026-03-30 02:53:54 +0000] [19] [INFO] Application startup complete.
[2026-03-30 02:53:54 +0000] [23] [INFO] Booting worker with pid: 23
[2026-03-30 02:53:54 +0000] [22] [INFO] Started server process [22]
[2026-03-30 02:53:54 +0000] [22] [INFO] Waiting for application startup.
[2026-03-30 02:53:54 +0000] [22] [INFO] Application startup complete.
[2026-03-30 02:53:54 +0000] [26] [INFO] Booting worker with pid: 26
[2026-03-30 02:53:54 +0000] [23] [INFO] Started server process [23]
[2026-03-30 02:53:54 +0000] [23] [INFO] Waiting for application startup.
[2026-03-30 02:53:54 +0000] [23] [INFO] Application startup complete.
[2026-03-30 02:53:54 +0000] [27] [INFO] Booting worker with pid: 27
[2026-03-30 02:53:54 +0000] [26] [INFO] Started server process [26]
[2026-03-30 02:53:54 +0000] [26] [INFO] Waiting for application startup.
[2026-03-30 02:53:54 +0000] [26] [INFO] Application startup complete.
[2026-03-30 02:53:54 +0000] [29] [INFO] Booting worker with pid: 29
[2026-03-30 02:53:54 +0000] [27] [INFO] Started server process [27]
[2026-03-30 02:53:54 +0000] [27] [INFO] Waiting for application startup.
[2026-03-30 02:53:54 +0000] [27] [INFO] Application startup complete.
[2026-03-30 02:53:55 +0000] [32] [INFO] Booting worker with pid: 32
[2026-03-30 02:53:55 +0000] [29] [INFO] Started server process [29]
[2026-03-30 02:53:55 +0000] [29] [INFO] Waiting for application startup.
[2026-03-30 02:53:55 +0000] [29] [INFO] Application startup complete.
[2026-03-30 02:53:55 +0000] [32] [INFO] Started server process [32]
[2026-03-30 02:53:55 +0000] [32] [INFO] Waiting for application startup.
[2026-03-30 02:53:55 +0000] [32] [INFO] Application startup complete.
[2026-03-30 02:53:55 +0000] [34] [INFO] Booting worker with pid: 34
[2026-03-30 02:53:55 +0000] [36] [INFO] Booting worker with pid: 36
[2026-03-30 02:53:55 +0000] [34] [INFO] Started server process [34]
[2026-03-30 02:53:55 +0000] [34] [INFO] Waiting for application startup.
[2026-03-30 02:53:55 +0000] [34] [INFO] Application startup complete.
[2026-03-30 02:53:55 +0000] [37] [INFO] Booting worker with pid: 37
[2026-03-30 02:53:55 +0000] [36] [INFO] Started server process [36]
[2026-03-30 02:53:55 +0000] [36] [INFO] Waiting for application startup.
[2026-03-30 02:53:55 +0000] [36] [INFO] Application startup complete.
[2026-03-30 02:53:55 +0000] [39] [INFO] Booting worker with pid: 39
[2026-03-30 02:53:55 +0000] [40] [INFO] Booting worker with pid: 40
[2026-03-30 02:53:55 +0000] [42] [INFO] Booting worker with pid: 42
[2026-03-30 02:53:55 +0000] [37] [INFO] Started server process [37]
[2026-03-30 02:53:55 +0000] [37] [INFO] Waiting for application startup.
[2026-03-30 02:53:55 +0000] [37] [INFO] Application startup complete.
[2026-03-30 02:53:55 +0000] [39] [INFO] Started server process [39]
[2026-03-30 02:53:55 +0000] [39] [INFO] Waiting for application startup.
[2026-03-30 02:53:55 +0000] [39] [INFO] Application startup complete.
[2026-03-30 02:53:55 +0000] [44] [INFO] Booting worker with pid: 44
[2026-03-30 02:53:55 +0000] [40] [INFO] Started server process [40]
[2026-03-30 02:53:55 +0000] [40] [INFO] Waiting for application startup.
[2026-03-30 02:53:55 +0000] [40] [INFO] Application startup complete.
[2026-03-30 02:53:55 +0000] [42] [INFO] Started server process [42]
[2026-03-30 02:53:55 +0000] [42] [INFO] Waiting for application startup.
[2026-03-30 02:53:55 +0000] [42] [INFO] Application startup complete.
[2026-03-30 02:53:55 +0000] [146] [INFO] Booting worker with pid: 146
[2026-03-30 02:53:55 +0000] [44] [INFO] Started server process [44]
[2026-03-30 02:53:55 +0000] [44] [INFO] Waiting for application startup.
[2026-03-30 02:53:55 +0000] [44] [INFO] Application startup complete.
[2026-03-30 02:53:55 +0000] [154] [INFO] Booting worker with pid: 154
[2026-03-30 02:53:55 +0000] [146] [INFO] Started server process [146]
[2026-03-30 02:53:55 +0000] [146] [INFO] Waiting for application startup.
[2026-03-30 02:53:55 +0000] [146] [INFO] Application startup complete.
[2026-03-30 02:53:55 +0000] [158] [INFO] Booting worker with pid: 158
[2026-03-30 02:53:55 +0000] [154] [INFO] Started server process [154]
[2026-03-30 02:53:55 +0000] [154] [INFO] Waiting for application startup.
[2026-03-30 02:53:55 +0000] [154] [INFO] Application startup complete.
[2026-03-30 02:53:55 +0000] [168] [INFO] Booting worker with pid: 168
[2026-03-30 02:53:55 +0000] [158] [INFO] Started server process [158]
[2026-03-30 02:53:55 +0000] [158] [INFO] Waiting for application startup.
[2026-03-30 02:53:55 +0000] [158] [INFO] Application startup complete.
[2026-03-30 02:53:55 +0000] [170] [INFO] Booting worker with pid: 170
[2026-03-30 02:53:55 +0000] [168] [INFO] Started server process [168]
[2026-03-30 02:53:55 +0000] [168] [INFO] Waiting for application startup.
[2026-03-30 02:53:55 +0000] [168] [INFO] Application startup complete.
[2026-03-30 02:53:55 +0000] [177] [INFO] Booting worker with pid: 177
[2026-03-30 02:53:55 +0000] [170] [INFO] Started server process [170]
[2026-03-30 02:53:55 +0000] [170] [INFO] Waiting for application startup.
[2026-03-30 02:53:55 +0000] [170] [INFO] Application startup complete.
[2026-03-30 02:53:55 +0000] [181] [INFO] Booting worker with pid: 181
[2026-03-30 02:53:55 +0000] [183] [INFO] Booting worker with pid: 183
[2026-03-30 02:53:55 +0000] [186] [INFO] Booting worker with pid: 186
[2026-03-30 02:53:55 +0000] [177] [INFO] Started server process [177]
[2026-03-30 02:53:55 +0000] [177] [INFO] Waiting for application startup.
[2026-03-30 02:53:55 +0000] [177] [INFO] Application startup complete.
[2026-03-30 02:53:55 +0000] [192] [INFO] Booting worker with pid: 192
[2026-03-30 02:53:55 +0000] [181] [INFO] Started server process [181]
[2026-03-30 02:53:55 +0000] [181] [INFO] Waiting for application startup.
[2026-03-30 02:53:55 +0000] [181] [INFO] Application startup complete.
[2026-03-30 02:53:55 +0000] [183] [INFO] Started server process [183]
[2026-03-30 02:53:55 +0000] [183] [INFO] Waiting for application startup.
[2026-03-30 02:53:55 +0000] [183] [INFO] Application startup complete.
[2026-03-30 02:53:55 +0000] [186] [INFO] Started server process [186]
[2026-03-30 02:53:55 +0000] [186] [INFO] Waiting for application startup.
[2026-03-30 02:53:55 +0000] [186] [INFO] Application startup complete.
[2026-03-30 02:53:56 +0000] [192] [INFO] Started server process [192]
[2026-03-30 02:53:56 +0000] [192] [INFO] Waiting for application startup.
[2026-03-30 02:53:56 +0000] [192] [INFO] Application startup complete.
[2026-03-30 02:53:56 +0000] [204] [INFO] Booting worker with pid: 204
[2026-03-30 02:53:56 +0000] [208] [INFO] Booting worker with pid: 208
[2026-03-30 02:53:56 +0000] [204] [INFO] Started server process [204]
[2026-03-30 02:53:56 +0000] [204] [INFO] Waiting for application startup.
[2026-03-30 02:53:56 +0000] [204] [INFO] Application startup complete.
[2026-03-30 02:53:56 +0000] [212] [INFO] Booting worker with pid: 212
[2026-03-30 02:53:56 +0000] [208] [INFO] Started server process [208]
[2026-03-30 02:53:56 +0000] [208] [INFO] Waiting for application startup.
[2026-03-30 02:53:56 +0000] [208] [INFO] Application startup complete.
[2026-03-30 02:53:56 +0000] [219] [INFO] Booting worker with pid: 219
[2026-03-30 02:53:56 +0000] [220] [INFO] Booting worker with pid: 220
[2026-03-30 02:53:56 +0000] [212] [INFO] Started server process [212]
[2026-03-30 02:53:56 +0000] [212] [INFO] Waiting for application startup.
[2026-03-30 02:53:56 +0000] [212] [INFO] Application startup complete.
[2026-03-30 02:53:56 +0000] [223] [INFO] Booting worker with pid: 223
[2026-03-30 02:53:56 +0000] [225] [INFO] Booting worker with pid: 225
[2026-03-30 02:53:56 +0000] [219] [INFO] Started server process [219]
[2026-03-30 02:53:56 +0000] [219] [INFO] Waiting for application startup.
[2026-03-30 02:53:56 +0000] [219] [INFO] Application startup complete.
[2026-03-30 02:53:56 +0000] [220] [INFO] Started server process [220]
[2026-03-30 02:53:56 +0000] [220] [INFO] Waiting for application startup.
[2026-03-30 02:53:56 +0000] [232] [INFO] Booting worker with pid: 232
[2026-03-30 02:53:56 +0000] [220] [INFO] Application startup complete.
[2026-03-30 02:53:56 +0000] [233] [INFO] Booting worker with pid: 233
[2026-03-30 02:53:56 +0000] [225] [INFO] Started server process [225]
[2026-03-30 02:53:56 +0000] [225] [INFO] Waiting for application startup.
[2026-03-30 02:53:56 +0000] [225] [INFO] Application startup complete.
[2026-03-30 02:53:56 +0000] [223] [INFO] Started server process [223]
[2026-03-30 02:53:56 +0000] [223] [INFO] Waiting for application startup.
[2026-03-30 02:53:56 +0000] [223] [INFO] Application startup complete.
[2026-03-30 02:53:56 +0000] [242] [INFO] Booting worker with pid: 242
[2026-03-30 02:53:56 +0000] [251] [INFO] Booting worker with pid: 251
[2026-03-30 02:53:56 +0000] [232] [INFO] Started server process [232]
[2026-03-30 02:53:56 +0000] [232] [INFO] Waiting for application startup.
[2026-03-30 02:53:56 +0000] [232] [INFO] Application startup complete.
[2026-03-30 02:53:56 +0000] [254] [INFO] Booting worker with pid: 254
[2026-03-30 02:53:56 +0000] [233] [INFO] Started server process [233]
[2026-03-30 02:53:56 +0000] [233] [INFO] Waiting for application startup.
[2026-03-30 02:53:56 +0000] [233] [INFO] Application startup complete.
[2026-03-30 02:53:56 +0000] [242] [INFO] Started server process [242]
[2026-03-30 02:53:56 +0000] [242] [INFO] Waiting for application startup.
[2026-03-30 02:53:56 +0000] [242] [INFO] Application startup complete.
[2026-03-30 02:53:56 +0000] [270] [INFO] Booting worker with pid: 270
[2026-03-30 02:53:56 +0000] [251] [INFO] Started server process [251]
[2026-03-30 02:53:56 +0000] [251] [INFO] Waiting for application startup.
[2026-03-30 02:53:56 +0000] [251] [INFO] Application startup complete.
[2026-03-30 02:53:56 +0000] [254] [INFO] Started server process [254]
[2026-03-30 02:53:56 +0000] [254] [INFO] Waiting for application startup.
[2026-03-30 02:53:56 +0000] [254] [INFO] Application startup complete.
[2026-03-30 02:53:56 +0000] [282] [INFO] Booting worker with pid: 282
[2026-03-30 02:53:56 +0000] [270] [INFO] Started server process [270]
[2026-03-30 02:53:56 +0000] [270] [INFO] Waiting for application startup.
[2026-03-30 02:53:56 +0000] [270] [INFO] Application startup complete.
[2026-03-30 02:53:56 +0000] [288] [INFO] Booting worker with pid: 288
[2026-03-30 02:53:56 +0000] [290] [INFO] Booting worker with pid: 290
[2026-03-30 02:53:56 +0000] [292] [INFO] Booting worker with pid: 292
[2026-03-30 02:53:56 +0000] [282] [INFO] Started server process [282]
[2026-03-30 02:53:56 +0000] [282] [INFO] Waiting for application startup.
[2026-03-30 02:53:56 +0000] [282] [INFO] Application startup complete.
[2026-03-30 02:53:56 +0000] [296] [INFO] Booting worker with pid: 296
[2026-03-30 02:53:56 +0000] [288] [INFO] Started server process [288]
[2026-03-30 02:53:56 +0000] [288] [INFO] Waiting for application startup.
[2026-03-30 02:53:56 +0000] [288] [INFO] Application startup complete.
[2026-03-30 02:53:56 +0000] [290] [INFO] Started server process [290]
[2026-03-30 02:53:56 +0000] [290] [INFO] Waiting for application startup.
[2026-03-30 02:53:56 +0000] [290] [INFO] Application startup complete.
[2026-03-30 02:53:56 +0000] [292] [INFO] Started server process [292]
[2026-03-30 02:53:56 +0000] [292] [INFO] Waiting for application startup.
[2026-03-30 02:53:56 +0000] [292] [INFO] Application startup complete.
[2026-03-30 02:53:56 +0000] [309] [INFO] Booting worker with pid: 309
[2026-03-30 02:53:56 +0000] [296] [INFO] Started server process [296]
[2026-03-30 02:53:56 +0000] [296] [INFO] Waiting for application startup.
[2026-03-30 02:53:56 +0000] [296] [INFO] Application startup complete.
[2026-03-30 02:53:56 +0000] [319] [INFO] Booting worker with pid: 319
[2026-03-30 02:53:56 +0000] [309] [INFO] Started server process [309]
[2026-03-30 02:53:56 +0000] [309] [INFO] Waiting for application startup.
[2026-03-30 02:53:56 +0000] [309] [INFO] Application startup complete.
[2026-03-30 02:53:56 +0000] [326] [INFO] Booting worker with pid: 326
[2026-03-30 02:53:57 +0000] [319] [INFO] Started server process [319]
[2026-03-30 02:53:57 +0000] [319] [INFO] Waiting for application startup.
[2026-03-30 02:53:57 +0000] [319] [INFO] Application startup complete.
[2026-03-30 02:53:57 +0000] [334] [INFO] Booting worker with pid: 334
[2026-03-30 02:53:57 +0000] [326] [INFO] Started server process [326]
[2026-03-30 02:53:57 +0000] [326] [INFO] Waiting for application startup.
[2026-03-30 02:53:57 +0000] [326] [INFO] Application startup complete.
[2026-03-30 02:53:57 +0000] [341] [INFO] Booting worker with pid: 341
[2026-03-30 02:53:57 +0000] [334] [INFO] Started server process [334]
[2026-03-30 02:53:57 +0000] [334] [INFO] Waiting for application startup.
[2026-03-30 02:53:57 +0000] [334] [INFO] Application startup complete.
[2026-03-30 02:53:57 +0000] [349] [INFO] Booting worker with pid: 349
[2026-03-30 02:53:57 +0000] [341] [INFO] Started server process [341]
[2026-03-30 02:53:57 +0000] [341] [INFO] Waiting for application startup.
[2026-03-30 02:53:57 +0000] [341] [INFO] Application startup complete.
[2026-03-30 02:53:57 +0000] [354] [INFO] Booting worker with pid: 354
[2026-03-30 02:53:57 +0000] [355] [INFO] Booting worker with pid: 355
[2026-03-30 02:53:57 +0000] [349] [INFO] Started server process [349]
[2026-03-30 02:53:57 +0000] [349] [INFO] Waiting for application startup.
[2026-03-30 02:53:57 +0000] [349] [INFO] Application startup complete.
[2026-03-30 02:53:57 +0000] [369] [INFO] Booting worker with pid: 369
[2026-03-30 02:53:57 +0000] [370] [INFO] Booting worker with pid: 370
[2026-03-30 02:53:57 +0000] [354] [INFO] Started server process [354]
[2026-03-30 02:53:57 +0000] [354] [INFO] Waiting for application startup.
[2026-03-30 02:53:57 +0000] [354] [INFO] Application startup complete.
[2026-03-30 02:53:57 +0000] [355] [INFO] Started server process [355]
[2026-03-30 02:53:57 +0000] [355] [INFO] Waiting for application startup.
[2026-03-30 02:53:57 +0000] [355] [INFO] Application startup complete.
[2026-03-30 02:53:57 +0000] [386] [INFO] Booting worker with pid: 386
[2026-03-30 02:53:57 +0000] [397] [INFO] Booting worker with pid: 397
[2026-03-30 02:53:57 +0000] [405] [INFO] Booting worker with pid: 405
[2026-03-30 02:53:57 +0000] [369] [INFO] Started server process [369]
[2026-03-30 02:53:57 +0000] [369] [INFO] Waiting for application startup.
[2026-03-30 02:53:57 +0000] [369] [INFO] Application startup complete.
[2026-03-30 02:53:57 +0000] [435] [INFO] Booting worker with pid: 435
[2026-03-30 02:53:57 +0000] [370] [INFO] Started server process [370]
[2026-03-30 02:53:57 +0000] [370] [INFO] Waiting for application startup.
[2026-03-30 02:53:57 +0000] [370] [INFO] Application startup complete.
[2026-03-30 02:53:57 +0000] [471] [INFO] Booting worker with pid: 471
[2026-03-30 02:53:57 +0000] [386] [INFO] Started server process [386]
[2026-03-30 02:53:57 +0000] [386] [INFO] Waiting for application startup.
[2026-03-30 02:53:57 +0000] [386] [INFO] Application startup complete.
[2026-03-30 02:53:57 +0000] [405] [INFO] Started server process [405]
[2026-03-30 02:53:57 +0000] [405] [INFO] Waiting for application startup.
[2026-03-30 02:53:57 +0000] [405] [INFO] Application startup complete.
[2026-03-30 02:53:57 +0000] [397] [INFO] Started server process [397]
[2026-03-30 02:53:57 +0000] [397] [INFO] Waiting for application startup.
[2026-03-30 02:53:57 +0000] [397] [INFO] Application startup complete.
[2026-03-30 02:53:57 +0000] [521] [INFO] Booting worker with pid: 521
[2026-03-30 02:53:57 +0000] [435] [INFO] Started server process [435]
[2026-03-30 02:53:57 +0000] [435] [INFO] Waiting for application startup.
[2026-03-30 02:53:57 +0000] [435] [INFO] Application startup complete.
[2026-03-30 02:53:57 +0000] [619] [INFO] Booting worker with pid: 619
[2026-03-30 02:53:57 +0000] [471] [INFO] Started server process [471]
[2026-03-30 02:53:57 +0000] [471] [INFO] Waiting for application startup.
[2026-03-30 02:53:57 +0000] [471] [INFO] Application startup complete.
[2026-03-30 02:53:57 +0000] [661] [INFO] Booting worker with pid: 661
[2026-03-30 02:53:57 +0000] [521] [INFO] Started server process [521]
[2026-03-30 02:53:57 +0000] [521] [INFO] Waiting for application startup.
[2026-03-30 02:53:57 +0000] [521] [INFO] Application startup complete.
[2026-03-30 02:53:57 +0000] [678] [INFO] Booting worker with pid: 678
[2026-03-30 02:53:57 +0000] [619] [INFO] Started server process [619]
[2026-03-30 02:53:57 +0000] [619] [INFO] Waiting for application startup.
[2026-03-30 02:53:57 +0000] [619] [INFO] Application startup complete.
[2026-03-30 02:53:57 +0000] [661] [INFO] Started server process [661]
[2026-03-30 02:53:57 +0000] [661] [INFO] Waiting for application startup.
[2026-03-30 02:53:57 +0000] [661] [INFO] Application startup complete.
[2026-03-30 02:53:57 +0000] [704] [INFO] Booting worker with pid: 704
[2026-03-30 02:53:57 +0000] [678] [INFO] Started server process [678]
[2026-03-30 02:53:57 +0000] [678] [INFO] Waiting for application startup.
[2026-03-30 02:53:57 +0000] [678] [INFO] Application startup complete.
[2026-03-30 02:53:57 +0000] [725] [INFO] Booting worker with pid: 725
[2026-03-30 02:53:57 +0000] [726] [INFO] Booting worker with pid: 726
[2026-03-30 02:53:57 +0000] [730] [INFO] Booting worker with pid: 730
[2026-03-30 02:53:57 +0000] [704] [INFO] Started server process [704]
[2026-03-30 02:53:57 +0000] [704] [INFO] Waiting for application startup.
[2026-03-30 02:53:57 +0000] [704] [INFO] Application startup complete.
[2026-03-30 02:53:57 +0000] [725] [INFO] Started server process [725]
[2026-03-30 02:53:57 +0000] [725] [INFO] Waiting for application startup.
[2026-03-30 02:53:57 +0000] [725] [INFO] Application startup complete.
[2026-03-30 02:53:57 +0000] [726] [INFO] Started server process [726]
[2026-03-30 02:53:57 +0000] [726] [INFO] Waiting for application startup.
[2026-03-30 02:53:57 +0000] [726] [INFO] Application startup complete.
[2026-03-30 02:53:57 +0000] [741] [INFO] Booting worker with pid: 741
[2026-03-30 02:53:58 +0000] [730] [INFO] Started server process [730]
[2026-03-30 02:53:58 +0000] [730] [INFO] Waiting for application startup.
[2026-03-30 02:53:58 +0000] [730] [INFO] Application startup complete.
[2026-03-30 02:53:58 +0000] [756] [INFO] Booting worker with pid: 756
[2026-03-30 02:53:58 +0000] [768] [INFO] Booting worker with pid: 768
[2026-03-30 02:53:58 +0000] [741] [INFO] Started server process [741]
[2026-03-30 02:53:58 +0000] [741] [INFO] Waiting for application startup.
[2026-03-30 02:53:58 +0000] [741] [INFO] Application startup complete.
[2026-03-30 02:53:58 +0000] [771] [INFO] Booting worker with pid: 771
[2026-03-30 02:53:58 +0000] [756] [INFO] Started server process [756]
[2026-03-30 02:53:58 +0000] [756] [INFO] Waiting for application startup.
[2026-03-30 02:53:58 +0000] [756] [INFO] Application startup complete.
[2026-03-30 02:53:58 +0000] [768] [INFO] Started server process [768]
[2026-03-30 02:53:58 +0000] [768] [INFO] Waiting for application startup.
[2026-03-30 02:53:58 +0000] [768] [INFO] Application startup complete.
[2026-03-30 02:53:58 +0000] [786] [INFO] Booting worker with pid: 786
[2026-03-30 02:53:58 +0000] [771] [INFO] Started server process [771]
[2026-03-30 02:53:58 +0000] [771] [INFO] Waiting for application startup.
[2026-03-30 02:53:58 +0000] [771] [INFO] Application startup complete.
[2026-03-30 02:53:58 +0000] [800] [INFO] Booting worker with pid: 800
[2026-03-30 02:53:58 +0000] [786] [INFO] Started server process [786]
[2026-03-30 02:53:58 +0000] [786] [INFO] Waiting for application startup.
[2026-03-30 02:53:58 +0000] [786] [INFO] Application startup complete.
[2026-03-30 02:53:58 +0000] [817] [INFO] Booting worker with pid: 817
[2026-03-30 02:53:58 +0000] [820] [INFO] Booting worker with pid: 820
[2026-03-30 02:53:58 +0000] [800] [INFO] Started server process [800]
[2026-03-30 02:53:58 +0000] [800] [INFO] Waiting for application startup.
[2026-03-30 02:53:58 +0000] [800] [INFO] Application startup complete.
[2026-03-30 02:53:58 +0000] [825] [INFO] Booting worker with pid: 825
[2026-03-30 02:53:58 +0000] [826] [INFO] Booting worker with pid: 826
[2026-03-30 02:53:58 +0000] [817] [INFO] Started server process [817]
[2026-03-30 02:53:58 +0000] [817] [INFO] Waiting for application startup.
[2026-03-30 02:53:58 +0000] [817] [INFO] Application startup complete.
[2026-03-30 02:53:58 +0000] [820] [INFO] Started server process [820]
[2026-03-30 02:53:58 +0000] [820] [INFO] Waiting for application startup.
[2026-03-30 02:53:58 +0000] [820] [INFO] Application startup complete.
[2026-03-30 02:53:58 +0000] [836] [INFO] Booting worker with pid: 836
[2026-03-30 02:53:58 +0000] [825] [INFO] Started server process [825]
[2026-03-30 02:53:58 +0000] [825] [INFO] Waiting for application startup.
[2026-03-30 02:53:58 +0000] [825] [INFO] Application startup complete.
[2026-03-30 02:53:58 +0000] [826] [INFO] Started server process [826]
[2026-03-30 02:53:58 +0000] [826] [INFO] Waiting for application startup.
[2026-03-30 02:53:58 +0000] [826] [INFO] Application startup complete.
[2026-03-30 02:53:58 +0000] [849] [INFO] Booting worker with pid: 849
[2026-03-30 02:53:58 +0000] [836] [INFO] Started server process [836]
[2026-03-30 02:53:58 +0000] [836] [INFO] Waiting for application startup.
[2026-03-30 02:53:58 +0000] [836] [INFO] Application startup complete.
[2026-03-30 02:53:58 +0000] [880] [INFO] Booting worker with pid: 880
[2026-03-30 02:53:58 +0000] [849] [INFO] Started server process [849]
[2026-03-30 02:53:58 +0000] [849] [INFO] Waiting for application startup.
[2026-03-30 02:53:58 +0000] [849] [INFO] Application startup complete.
[2026-03-30 02:53:58 +0000] [897] [INFO] Booting worker with pid: 897
[2026-03-30 02:53:58 +0000] [899] [INFO] Booting worker with pid: 899
[2026-03-30 02:53:58 +0000] [906] [INFO] Booting worker with pid: 906
[2026-03-30 02:53:58 +0000] [880] [INFO] Started server process [880]
[2026-03-30 02:53:58 +0000] [880] [INFO] Waiting for application startup.
[2026-03-30 02:53:58 +0000] [880] [INFO] Application startup complete.
[2026-03-30 02:53:58 +0000] [915] [INFO] Booting worker with pid: 915
[2026-03-30 02:53:58 +0000] [897] [INFO] Started server process [897]
[2026-03-30 02:53:58 +0000] [897] [INFO] Waiting for application startup.
[2026-03-30 02:53:58 +0000] [897] [INFO] Application startup complete.
[2026-03-30 02:53:58 +0000] [906] [INFO] Started server process [906]
[2026-03-30 02:53:58 +0000] [906] [INFO] Waiting for application startup.
[2026-03-30 02:53:58 +0000] [906] [INFO] Application startup complete.
[2026-03-30 02:53:58 +0000] [899] [INFO] Started server process [899]
[2026-03-30 02:53:58 +0000] [899] [INFO] Waiting for application startup.
[2026-03-30 02:53:58 +0000] [899] [INFO] Application startup complete.
[2026-03-30 02:53:58 +0000] [931] [INFO] Booting worker with pid: 931
[2026-03-30 02:53:58 +0000] [932] [INFO] Booting worker with pid: 932
[2026-03-30 02:53:58 +0000] [915] [INFO] Started server process [915]
[2026-03-30 02:53:58 +0000] [915] [INFO] Waiting for application startup.
[2026-03-30 02:53:58 +0000] [915] [INFO] Application startup complete.
[2026-03-30 02:53:58 +0000] [945] [INFO] Booting worker with pid: 945
[2026-03-30 02:53:58 +0000] [948] [INFO] Booting worker with pid: 948
[2026-03-30 02:53:59 +0000] [932] [INFO] Started server process [932]
[2026-03-30 02:53:59 +0000] [932] [INFO] Waiting for application startup.
[2026-03-30 02:53:59 +0000] [932] [INFO] Application startup complete.
[2026-03-30 02:53:59 +0000] [931] [INFO] Started server process [931]
[2026-03-30 02:53:59 +0000] [931] [INFO] Waiting for application startup.
[2026-03-30 02:53:59 +0000] [931] [INFO] Application startup complete.
[2026-03-30 02:53:59 +0000] [969] [INFO] Booting worker with pid: 969
[2026-03-30 02:53:59 +0000] [945] [INFO] Started server process [945]
[2026-03-30 02:53:59 +0000] [945] [INFO] Waiting for application startup.
[2026-03-30 02:53:59 +0000] [945] [INFO] Application startup complete.
[2026-03-30 02:53:59 +0000] [948] [INFO] Started server process [948]
[2026-03-30 02:53:59 +0000] [948] [INFO] Waiting for application startup.
[2026-03-30 02:53:59 +0000] [948] [INFO] Application startup complete.
[2026-03-30 02:53:59 +0000] [979] [INFO] Booting worker with pid: 979
[2026-03-30 02:53:59 +0000] [969] [INFO] Started server process [969]
[2026-03-30 02:53:59 +0000] [969] [INFO] Waiting for application startup.
[2026-03-30 02:53:59 +0000] [969] [INFO] Application startup complete.
[2026-03-30 02:53:59 +0000] [991] [INFO] Booting worker with pid: 991
[2026-03-30 02:53:59 +0000] [993] [INFO] Booting worker with pid: 993
[2026-03-30 02:53:59 +0000] [979] [INFO] Started server process [979]
[2026-03-30 02:53:59 +0000] [979] [INFO] Waiting for application startup.
[2026-03-30 02:53:59 +0000] [979] [INFO] Application startup complete.
[2026-03-30 02:53:59 +0000] [991] [INFO] Started server process [991]
[2026-03-30 02:53:59 +0000] [991] [INFO] Waiting for application startup.
[2026-03-30 02:53:59 +0000] [991] [INFO] Application startup complete.
[2026-03-30 02:53:59 +0000] [1004] [INFO] Booting worker with pid: 1004
[2026-03-30 02:53:59 +0000] [993] [INFO] Started server process [993]
[2026-03-30 02:53:59 +0000] [993] [INFO] Waiting for application startup.
[2026-03-30 02:53:59 +0000] [993] [INFO] Application startup complete.
[2026-03-30 02:53:59 +0000] [1012] [INFO] Booting worker with pid: 1012
[2026-03-30 02:53:59 +0000] [1016] [INFO] Booting worker with pid: 1016
[2026-03-30 02:53:59 +0000] [1004] [INFO] Started server process [1004]
[2026-03-30 02:53:59 +0000] [1004] [INFO] Waiting for application startup.
[2026-03-30 02:53:59 +0000] [1004] [INFO] Application startup complete.
[2026-03-30 02:53:59 +0000] [1018] [INFO] Booting worker with pid: 1018
[2026-03-30 02:53:59 +0000] [1012] [INFO] Started server process [1012]
[2026-03-30 02:53:59 +0000] [1012] [INFO] Waiting for application startup.
[2026-03-30 02:53:59 +0000] [1012] [INFO] Application startup complete.
[2026-03-30 02:53:59 +0000] [1016] [INFO] Started server process [1016]
[2026-03-30 02:53:59 +0000] [1016] [INFO] Waiting for application startup.
[2026-03-30 02:53:59 +0000] [1016] [INFO] Application startup complete.
[2026-03-30 02:53:59 +0000] [1026] [INFO] Booting worker with pid: 1026
[2026-03-30 02:53:59 +0000] [1018] [INFO] Started server process [1018]
[2026-03-30 02:53:59 +0000] [1018] [INFO] Waiting for application startup.
[2026-03-30 02:53:59 +0000] [1018] [INFO] Application startup complete.
[2026-03-30 02:53:59 +0000] [1032] [INFO] Booting worker with pid: 1032
[2026-03-30 02:53:59 +0000] [1048] [INFO] Booting worker with pid: 1048
[2026-03-30 02:53:59 +0000] [1032] [INFO] Started server process [1032]
[2026-03-30 02:53:59 +0000] [1032] [INFO] Waiting for application startup.
[2026-03-30 02:53:59 +0000] [1032] [INFO] Application startup complete.
[2026-03-30 02:53:59 +0000] [1026] [INFO] Started server process [1026]
[2026-03-30 02:53:59 +0000] [1026] [INFO] Waiting for application startup.
[2026-03-30 02:53:59 +0000] [1026] [INFO] Application startup complete.
[2026-03-30 02:53:59 +0000] [1051] [INFO] Booting worker with pid: 1051
[2026-03-30 02:53:59 +0000] [1060] [INFO] Booting worker with pid: 1060
[2026-03-30 02:53:59 +0000] [1048] [INFO] Started server process [1048]
[2026-03-30 02:53:59 +0000] [1048] [INFO] Waiting for application startup.
[2026-03-30 02:53:59 +0000] [1048] [INFO] Application startup complete.
[2026-03-30 02:53:59 +0000] [1051] [INFO] Started server process [1051]
[2026-03-30 02:53:59 +0000] [1051] [INFO] Waiting for application startup.
[2026-03-30 02:53:59 +0000] [1051] [INFO] Application startup complete.
[2026-03-30 02:53:59 +0000] [1063] [INFO] Booting worker with pid: 1063
[2026-03-30 02:53:59 +0000] [1060] [INFO] Started server process [1060]
[2026-03-30 02:53:59 +0000] [1060] [INFO] Waiting for application startup.
[2026-03-30 02:53:59 +0000] [1060] [INFO] Application startup complete.
[2026-03-30 02:53:59 +0000] [1068] [INFO] Booting worker with pid: 1068
[2026-03-30 02:53:59 +0000] [1063] [INFO] Started server process [1063]
[2026-03-30 02:53:59 +0000] [1063] [INFO] Waiting for application startup.
[2026-03-30 02:53:59 +0000] [1063] [INFO] Application startup complete.
[2026-03-30 02:53:59 +0000] [1076] [INFO] Booting worker with pid: 1076
[2026-03-30 02:53:59 +0000] [1068] [INFO] Started server process [1068]
[2026-03-30 02:53:59 +0000] [1068] [INFO] Waiting for application startup.
[2026-03-30 02:53:59 +0000] [1068] [INFO] Application startup complete.
[2026-03-30 02:54:00 +0000] [1084] [INFO] Booting worker with pid: 1084
[2026-03-30 02:54:00 +0000] [1093] [INFO] Booting worker with pid: 1093
[2026-03-30 02:54:00 +0000] [1076] [INFO] Started server process [1076]
[2026-03-30 02:54:00 +0000] [1076] [INFO] Waiting for application startup.
[2026-03-30 02:54:00 +0000] [1076] [INFO] Application startup complete.
[2026-03-30 02:54:00 +0000] [1106] [INFO] Booting worker with pid: 1106
[2026-03-30 02:54:00 +0000] [1084] [INFO] Started server process [1084]
[2026-03-30 02:54:00 +0000] [1084] [INFO] Waiting for application startup.
[2026-03-30 02:54:00 +0000] [1084] [INFO] Application startup complete.
[2026-03-30 02:54:00 +0000] [1093] [INFO] Started server process [1093]
[2026-03-30 02:54:00 +0000] [1093] [INFO] Waiting for application startup.
[2026-03-30 02:54:00 +0000] [1093] [INFO] Application startup complete.
[2026-03-30 02:54:00 +0000] [1106] [INFO] Started server process [1106]
[2026-03-30 02:54:00 +0000] [1106] [INFO] Waiting for application startup.
[2026-03-30 02:54:00 +0000] [1106] [INFO] Application startup complete.
[2026-03-30 02:54:00 +0000] [1112] [INFO] Booting worker with pid: 1112
[2026-03-30 02:54:00 +0000] [1115] [INFO] Booting worker with pid: 1115
[2026-03-30 02:54:00 +0000] [1112] [INFO] Started server process [1112]
[2026-03-30 02:54:00 +0000] [1112] [INFO] Waiting for application startup.
[2026-03-30 02:54:00 +0000] [1112] [INFO] Application startup complete.
[2026-03-30 02:54:00 +0000] [1121] [INFO] Booting worker with pid: 1121
[2026-03-30 02:54:00 +0000] [1115] [INFO] Started server process [1115]
[2026-03-30 02:54:00 +0000] [1115] [INFO] Waiting for application startup.
[2026-03-30 02:54:00 +0000] [1115] [INFO] Application startup complete.
[2026-03-30 02:54:00 +0000] [1121] [INFO] Started server process [1121]
[2026-03-30 02:54:00 +0000] [1121] [INFO] Waiting for application startup.
[2026-03-30 02:54:00 +0000] [1121] [INFO] Application startup complete.
[2026-03-30 02:54:00 +0000] [1124] [INFO] Booting worker with pid: 1124
[2026-03-30 02:54:00 +0000] [1126] [INFO] Booting worker with pid: 1126
[2026-03-30 02:54:00 +0000] [1124] [INFO] Started server process [1124]
[2026-03-30 02:54:00 +0000] [1124] [INFO] Waiting for application startup.
[2026-03-30 02:54:00 +0000] [1124] [INFO] Application startup complete.
[2026-03-30 02:54:00 +0000] [1127] [INFO] Booting worker with pid: 1127
[2026-03-30 02:54:00 +0000] [1128] [INFO] Booting worker with pid: 1128
[2026-03-30 02:54:00 +0000] [1126] [INFO] Started server process [1126]
[2026-03-30 02:54:00 +0000] [1126] [INFO] Waiting for application startup.
[2026-03-30 02:54:00 +0000] [1126] [INFO] Application startup complete.
[2026-03-30 02:54:00 +0000] [1127] [INFO] Started server process [1127]
[2026-03-30 02:54:00 +0000] [1127] [INFO] Waiting for application startup.
[2026-03-30 02:54:00 +0000] [1127] [INFO] Application startup complete.
[2026-03-30 02:54:00 +0000] [1128] [INFO] Started server process [1128]
[2026-03-30 02:54:00 +0000] [1128] [INFO] Waiting for application startup.
[2026-03-30 02:54:00 +0000] [1128] [INFO] Application startup complete.
[2026-03-30 02:54:00 +0000] [1132] [INFO] Booting worker with pid: 1132
[2026-03-30 02:54:00 +0000] [1133] [INFO] Booting worker with pid: 1133
[2026-03-30 02:54:00 +0000] [1135] [INFO] Booting worker with pid: 1135
[2026-03-30 02:54:00 +0000] [1132] [INFO] Started server process [1132]
[2026-03-30 02:54:00 +0000] [1132] [INFO] Waiting for application startup.
[2026-03-30 02:54:00 +0000] [1132] [INFO] Application startup complete.
[2026-03-30 02:54:00 +0000] [1133] [INFO] Started server process [1133]
[2026-03-30 02:54:00 +0000] [1133] [INFO] Waiting for application startup.
[2026-03-30 02:54:00 +0000] [1133] [INFO] Application startup complete.
[2026-03-30 02:54:00 +0000] [1137] [INFO] Booting worker with pid: 1137
[2026-03-30 02:54:00 +0000] [1135] [INFO] Started server process [1135]
[2026-03-30 02:54:00 +0000] [1135] [INFO] Waiting for application startup.
[2026-03-30 02:54:00 +0000] [1135] [INFO] Application startup complete.
[2026-03-30 02:54:00 +0000] [1139] [INFO] Booting worker with pid: 1139
[2026-03-30 02:54:00 +0000] [1137] [INFO] Started server process [1137]
[2026-03-30 02:54:00 +0000] [1137] [INFO] Waiting for application startup.
[2026-03-30 02:54:00 +0000] [1137] [INFO] Application startup complete.
[2026-03-30 02:54:00 +0000] [1139] [INFO] Started server process [1139]
[2026-03-30 02:54:00 +0000] [1139] [INFO] Waiting for application startup.
[2026-03-30 02:54:00 +0000] [1139] [INFO] Application startup complete.
[2026-03-30 02:54:00 +0000] [1142] [INFO] Booting worker with pid: 1142
[2026-03-30 02:54:01 +0000] [1144] [INFO] Booting worker with pid: 1144
[2026-03-30 02:54:01 +0000] [1142] [INFO] Started server process [1142]
[2026-03-30 02:54:01 +0000] [1142] [INFO] Waiting for application startup.
[2026-03-30 02:54:01 +0000] [1142] [INFO] Application startup complete.
[2026-03-30 02:54:01 +0000] [1145] [INFO] Booting worker with pid: 1145
[2026-03-30 02:54:01 +0000] [1144] [INFO] Started server process [1144]
[2026-03-30 02:54:01 +0000] [1144] [INFO] Waiting for application startup.
[2026-03-30 02:54:01 +0000] [1144] [INFO] Application startup complete.
[2026-03-30 02:54:01 +0000] [1147] [INFO] Booting worker with pid: 1147
[2026-03-30 02:54:01 +0000] [1148] [INFO] Booting worker with pid: 1148
[2026-03-30 02:54:01 +0000] [1145] [INFO] Started server process [1145]
[2026-03-30 02:54:01 +0000] [1145] [INFO] Waiting for application startup.
[2026-03-30 02:54:01 +0000] [1145] [INFO] Application startup complete.
[2026-03-30 02:54:01 +0000] [1147] [INFO] Started server process [1147]
[2026-03-30 02:54:01 +0000] [1147] [INFO] Waiting for application startup.
[2026-03-30 02:54:01 +0000] [1147] [INFO] Application startup complete.
[2026-03-30 02:54:01 +0000] [1151] [INFO] Booting worker with pid: 1151
[2026-03-30 02:54:01 +0000] [1148] [INFO] Started server process [1148]
[2026-03-30 02:54:01 +0000] [1148] [INFO] Waiting for application startup.
[2026-03-30 02:54:01 +0000] [1148] [INFO] Application startup complete.
[2026-03-30 02:54:01 +0000] [1154] [INFO] Booting worker with pid: 1154
[2026-03-30 02:54:01 +0000] [1151] [INFO] Started server process [1151]
[2026-03-30 02:54:01 +0000] [1151] [INFO] Waiting for application startup.
[2026-03-30 02:54:01 +0000] [1151] [INFO] Application startup complete.
[2026-03-30 02:54:01 +0000] [1155] [INFO] Booting worker with pid: 1155
[2026-03-30 02:54:01 +0000] [1154] [INFO] Started server process [1154]
[2026-03-30 02:54:01 +0000] [1154] [INFO] Waiting for application startup.
[2026-03-30 02:54:01 +0000] [1154] [INFO] Application startup complete.
[2026-03-30 02:54:01 +0000] [1155] [INFO] Started server process [1155]
[2026-03-30 02:54:01 +0000] [1155] [INFO] Waiting for application startup.
[2026-03-30 02:54:01 +0000] [1155] [INFO] Application startup complete.
[2026-03-30 02:54:01 +0000] [1158] [INFO] Booting worker with pid: 1158
[2026-03-30 02:54:01 +0000] [1159] [INFO] Booting worker with pid: 1159
[2026-03-30 02:54:01 +0000] [1158] [INFO] Started server process [1158]
[2026-03-30 02:54:01 +0000] [1158] [INFO] Waiting for application startup.
[2026-03-30 02:54:01 +0000] [1158] [INFO] Application startup complete.
[2026-03-30 02:54:01 +0000] [1161] [INFO] Booting worker with pid: 1161
[2026-03-30 02:54:01 +0000] [1159] [INFO] Started server process [1159]
[2026-03-30 02:54:01 +0000] [1159] [INFO] Waiting for application startup.
[2026-03-30 02:54:01 +0000] [1159] [INFO] Application startup complete.
[2026-03-30 02:54:01 +0000] [1164] [INFO] Booting worker with pid: 1164
[2026-03-30 02:54:01 +0000] [1161] [INFO] Started server process [1161]
[2026-03-30 02:54:01 +0000] [1161] [INFO] Waiting for application startup.
[2026-03-30 02:54:01 +0000] [1161] [INFO] Application startup complete.
[2026-03-30 02:54:01 +0000] [1164] [INFO] Started server process [1164]
[2026-03-30 02:54:01 +0000] [1164] [INFO] Waiting for application startup.
[2026-03-30 02:54:01 +0000] [1164] [INFO] Application startup complete.
[2026-03-30 02:54:01 +0000] [1166] [INFO] Booting worker with pid: 1166
[2026-03-30 02:54:01 +0000] [1168] [INFO] Booting worker with pid: 1168
[2026-03-30 02:54:01 +0000] [1166] [INFO] Started server process [1166]
[2026-03-30 02:54:01 +0000] [1166] [INFO] Waiting for application startup.
[2026-03-30 02:54:01 +0000] [1166] [INFO] Application startup complete.
[2026-03-30 02:54:01 +0000] [1169] [INFO] Booting worker with pid: 1169
[2026-03-30 02:54:01 +0000] [1168] [INFO] Started server process [1168]
[2026-03-30 02:54:01 +0000] [1168] [INFO] Waiting for application startup.
[2026-03-30 02:54:01 +0000] [1168] [INFO] Application startup complete.
[2026-03-30 02:54:01 +0000] [1171] [INFO] Booting worker with pid: 1171
[2026-03-30 02:54:01 +0000] [1169] [INFO] Started server process [1169]
[2026-03-30 02:54:01 +0000] [1169] [INFO] Waiting for application startup.
[2026-03-30 02:54:01 +0000] [1169] [INFO] Application startup complete.
[2026-03-30 02:54:01 +0000] [1171] [INFO] Started server process [1171]
[2026-03-30 02:54:01 +0000] [1171] [INFO] Waiting for application startup.
[2026-03-30 02:54:01 +0000] [1171] [INFO] Application startup complete.
[2026-03-30 02:54:01 +0000] [1174] [INFO] Booting worker with pid: 1174
[2026-03-30 02:54:01 +0000] [1175] [INFO] Booting worker with pid: 1175
[2026-03-30 02:54:02 +0000] [1176] [INFO] Booting worker with pid: 1176
[2026-03-30 02:54:02 +0000] [1174] [INFO] Started server process [1174]
[2026-03-30 02:54:02 +0000] [1174] [INFO] Waiting for application startup.
[2026-03-30 02:54:02 +0000] [1174] [INFO] Application startup complete.
[2026-03-30 02:54:02 +0000] [1175] [INFO] Started server process [1175]
[2026-03-30 02:54:02 +0000] [1175] [INFO] Waiting for application startup.
[2026-03-30 02:54:02 +0000] [1175] [INFO] Application startup complete.
[2026-03-30 02:54:02 +0000] [1176] [INFO] Started server process [1176]
[2026-03-30 02:54:02 +0000] [1176] [INFO] Waiting for application startup.
[2026-03-30 02:54:02 +0000] [1176] [INFO] Application startup complete.
[2026-03-30 02:54:02 +0000] [1180] [INFO] Booting worker with pid: 1180
[2026-03-30 02:54:02 +0000] [1180] [INFO] Started server process [1180]
[2026-03-30 02:54:02 +0000] [1180] [INFO] Waiting for application startup.
[2026-03-30 02:54:02 +0000] [1180] [INFO] Application startup complete.
[2026-03-30 02:54:02 +0000] [1182] [INFO] Booting worker with pid: 1182
[2026-03-30 02:54:02 +0000] [1183] [INFO] Booting worker with pid: 1183
[2026-03-30 02:54:02 +0000] [1184] [INFO] Booting worker with pid: 1184
[2026-03-30 02:54:02 +0000] [1182] [INFO] Started server process [1182]
[2026-03-30 02:54:02 +0000] [1182] [INFO] Waiting for application startup.
[2026-03-30 02:54:02 +0000] [1182] [INFO] Application startup complete.
[2026-03-30 02:54:02 +0000] [1183] [INFO] Started server process [1183]
[2026-03-30 02:54:02 +0000] [1183] [INFO] Waiting for application startup.
[2026-03-30 02:54:02 +0000] [1183] [INFO] Application startup complete.
[2026-03-30 02:54:02 +0000] [1184] [INFO] Started server process [1184]
[2026-03-30 02:54:02 +0000] [1184] [INFO] Waiting for application startup.
[2026-03-30 02:54:02 +0000] [1184] [INFO] Application startup complete.
[2026-03-30 02:54:02 +0000] [1188] [INFO] Booting worker with pid: 1188
[2026-03-30 02:54:02 +0000] [1189] [INFO] Booting worker with pid: 1189
[2026-03-30 02:54:02 +0000] [1192] [INFO] Booting worker with pid: 1192
[2026-03-30 02:54:02 +0000] [1188] [INFO] Started server process [1188]
[2026-03-30 02:54:02 +0000] [1188] [INFO] Waiting for application startup.
[2026-03-30 02:54:02 +0000] [1188] [INFO] Application startup complete.
[2026-03-30 02:54:02 +0000] [1189] [INFO] Started server process [1189]
[2026-03-30 02:54:02 +0000] [1189] [INFO] Waiting for application startup.
[2026-03-30 02:54:02 +0000] [1189] [INFO] Application startup complete.
[2026-03-30 02:54:02 +0000] [1194] [INFO] Booting worker with pid: 1194
[2026-03-30 02:54:02 +0000] [1192] [INFO] Started server process [1192]
[2026-03-30 02:54:02 +0000] [1192] [INFO] Waiting for application startup.
[2026-03-30 02:54:02 +0000] [1192] [INFO] Application startup complete.
[2026-03-30 02:54:02 +0000] [1195] [INFO] Booting worker with pid: 1195
[2026-03-30 02:54:02 +0000] [1194] [INFO] Started server process [1194]
[2026-03-30 02:54:02 +0000] [1194] [INFO] Waiting for application startup.
[2026-03-30 02:54:02 +0000] [1194] [INFO] Application startup complete.
[2026-03-30 02:54:02 +0000] [1197] [INFO] Booting worker with pid: 1197
[2026-03-30 02:54:02 +0000] [1195] [INFO] Started server process [1195]
[2026-03-30 02:54:02 +0000] [1195] [INFO] Waiting for application startup.
[2026-03-30 02:54:02 +0000] [1195] [INFO] Application startup complete.
[2026-03-30 02:54:02 +0000] [1199] [INFO] Booting worker with pid: 1199
[2026-03-30 02:54:02 +0000] [1197] [INFO] Started server process [1197]
[2026-03-30 02:54:02 +0000] [1197] [INFO] Waiting for application startup.
[2026-03-30 02:54:02 +0000] [1197] [INFO] Application startup complete.
[2026-03-30 02:54:02 +0000] [1201] [INFO] Booting worker with pid: 1201
[2026-03-30 02:54:02 +0000] [1199] [INFO] Started server process [1199]
[2026-03-30 02:54:02 +0000] [1199] [INFO] Waiting for application startup.
[2026-03-30 02:54:02 +0000] [1199] [INFO] Application startup complete.
[2026-03-30 02:54:02 +0000] [1203] [INFO] Booting worker with pid: 1203
[2026-03-30 02:54:02 +0000] [1201] [INFO] Started server process [1201]
[2026-03-30 02:54:02 +0000] [1201] [INFO] Waiting for application startup.
[2026-03-30 02:54:02 +0000] [1201] [INFO] Application startup complete.
[2026-03-30 02:54:02 +0000] [1212] [INFO] Booting worker with pid: 1212
[2026-03-30 02:54:02 +0000] [1203] [INFO] Started server process [1203]
[2026-03-30 02:54:02 +0000] [1203] [INFO] Waiting for application startup.
[2026-03-30 02:54:02 +0000] [1203] [INFO] Application startup complete.
[2026-03-30 02:54:02 +0000] [1283] [INFO] Booting worker with pid: 1283
[2026-03-30 02:54:02 +0000] [1212] [INFO] Started server process [1212]
[2026-03-30 02:54:02 +0000] [1212] [INFO] Waiting for application startup.
[2026-03-30 02:54:02 +0000] [1212] [INFO] Application startup complete.
[2026-03-30 02:54:02 +0000] [1306] [INFO] Booting worker with pid: 1306
[2026-03-30 02:54:02 +0000] [1308] [INFO] Booting worker with pid: 1308
[2026-03-30 02:54:03 +0000] [1283] [INFO] Started server process [1283]
[2026-03-30 02:54:03 +0000] [1283] [INFO] Waiting for application startup.
[2026-03-30 02:54:03 +0000] [1283] [INFO] Application startup complete.
[2026-03-30 02:54:03 +0000] [1315] [INFO] Booting worker with pid: 1315
[2026-03-30 02:54:03 +0000] [1330] [INFO] Booting worker with pid: 1330
[2026-03-30 02:54:03 +0000] [1308] [INFO] Started server process [1308]
[2026-03-30 02:54:03 +0000] [1308] [INFO] Waiting for application startup.
[2026-03-30 02:54:03 +0000] [1308] [INFO] Application startup complete.
[2026-03-30 02:54:03 +0000] [1338] [INFO] Booting worker with pid: 1338
[2026-03-30 02:54:03 +0000] [1330] [INFO] Started server process [1330]
[2026-03-30 02:54:03 +0000] [1330] [INFO] Waiting for application startup.
[2026-03-30 02:54:03 +0000] [1330] [INFO] Application startup complete.
[2026-03-30 02:54:03 +0000] [1306] [INFO] Started server process [1306]
[2026-03-30 02:54:03 +0000] [1306] [INFO] Waiting for application startup.
[2026-03-30 02:54:03 +0000] [1306] [INFO] Application startup complete.
[2026-03-30 02:54:03 +0000] [1348] [INFO] Booting worker with pid: 1348
[2026-03-30 02:54:03 +0000] [1351] [INFO] Booting worker with pid: 1351
[2026-03-30 02:54:03 +0000] [1315] [INFO] Started server process [1315]
[2026-03-30 02:54:03 +0000] [1315] [INFO] Waiting for application startup.
[2026-03-30 02:54:03 +0000] [1315] [INFO] Application startup complete.
[2026-03-30 02:54:03 +0000] [1348] [INFO] Started server process [1348]
[2026-03-30 02:54:03 +0000] [1348] [INFO] Waiting for application startup.
[2026-03-30 02:54:03 +0000] [1348] [INFO] Application startup complete.
[2026-03-30 02:54:03 +0000] [1362] [INFO] Booting worker with pid: 1362
[2026-03-30 02:54:03 +0000] [1338] [INFO] Started server process [1338]
[2026-03-30 02:54:03 +0000] [1338] [INFO] Waiting for application startup.
[2026-03-30 02:54:03 +0000] [1338] [INFO] Application startup complete.
[2026-03-30 02:54:03 +0000] [1364] [INFO] Booting worker with pid: 1364
[2026-03-30 02:54:03 +0000] [1365] [INFO] Booting worker with pid: 1365
[2026-03-30 02:54:03 +0000] [1367] [INFO] Booting worker with pid: 1367
[2026-03-30 02:54:03 +0000] [1351] [INFO] Started server process [1351]
[2026-03-30 02:54:03 +0000] [1351] [INFO] Waiting for application startup.
[2026-03-30 02:54:03 +0000] [1351] [INFO] Application startup complete.
[2026-03-30 02:54:03 +0000] [1371] [INFO] Booting worker with pid: 1371
[2026-03-30 02:54:03 +0000] [1365] [INFO] Started server process [1365]
[2026-03-30 02:54:03 +0000] [1365] [INFO] Waiting for application startup.
[2026-03-30 02:54:03 +0000] [1365] [INFO] Application startup complete.
[2026-03-30 02:54:03 +0000] [1377] [INFO] Booting worker with pid: 1377
[2026-03-30 02:54:03 +0000] [1364] [INFO] Started server process [1364]
[2026-03-30 02:54:03 +0000] [1364] [INFO] Waiting for application startup.
[2026-03-30 02:54:03 +0000] [1364] [INFO] Application startup complete.
[2026-03-30 02:54:03 +0000] [1380] [INFO] Booting worker with pid: 1380
[2026-03-30 02:54:03 +0000] [1385] [INFO] Booting worker with pid: 1385
[2026-03-30 02:54:03 +0000] [1392] [INFO] Booting worker with pid: 1392
[2026-03-30 02:54:03 +0000] [1371] [INFO] Started server process [1371]
[2026-03-30 02:54:03 +0000] [1371] [INFO] Waiting for application startup.
[2026-03-30 02:54:03 +0000] [1371] [INFO] Application startup complete.
[2026-03-30 02:54:03 +0000] [1380] [INFO] Started server process [1380]
[2026-03-30 02:54:03 +0000] [1380] [INFO] Waiting for application startup.
[2026-03-30 02:54:03 +0000] [1380] [INFO] Application startup complete.
[2026-03-30 02:54:03 +0000] [1398] [INFO] Booting worker with pid: 1398
[2026-03-30 02:54:04 +0000] [1405] [INFO] Booting worker with pid: 1405
[2026-03-30 02:54:04 +0000] [1367] [INFO] Started server process [1367]
[2026-03-30 02:54:04 +0000] [1367] [INFO] Waiting for application startup.
[2026-03-30 02:54:04 +0000] [1367] [INFO] Application startup complete.
[2026-03-30 02:54:04 +0000] [1414] [INFO] Booting worker with pid: 1414
[2026-03-30 02:54:04 +0000] [1362] [INFO] Started server process [1362]
[2026-03-30 02:54:04 +0000] [1362] [INFO] Waiting for application startup.
[2026-03-30 02:54:04 +0000] [1362] [INFO] Application startup complete.
[2026-03-30 02:54:04 +0000] [1377] [INFO] Started server process [1377]
[2026-03-30 02:54:04 +0000] [1377] [INFO] Waiting for application startup.
[2026-03-30 02:54:04 +0000] [1377] [INFO] Application startup complete.
[2026-03-30 02:54:04 +0000] [1392] [INFO] Started server process [1392]
[2026-03-30 02:54:04 +0000] [1392] [INFO] Waiting for application startup.
[2026-03-30 02:54:04 +0000] [1392] [INFO] Application startup complete.
[2026-03-30 02:54:04 +0000] [1430] [INFO] Booting worker with pid: 1430
[2026-03-30 02:54:04 +0000] [1435] [INFO] Booting worker with pid: 1435
[2026-03-30 02:54:04 +0000] [1439] [INFO] Booting worker with pid: 1439
[2026-03-30 02:54:04 +0000] [1440] [INFO] Booting worker with pid: 1440
[2026-03-30 02:54:04 +0000] [1444] [INFO] Booting worker with pid: 1444
[2026-03-30 02:54:04 +0000] [1430] [INFO] Started server process [1430]
[2026-03-30 02:54:04 +0000] [1430] [INFO] Waiting for application startup.
[2026-03-30 02:54:04 +0000] [1430] [INFO] Application startup complete.
[2026-03-30 02:54:04 +0000] [1450] [INFO] Booting worker with pid: 1450
[2026-03-30 02:54:04 +0000] [1398] [INFO] Started server process [1398]
[2026-03-30 02:54:04 +0000] [1398] [INFO] Waiting for application startup.
[2026-03-30 02:54:04 +0000] [1398] [INFO] Application startup complete.
[2026-03-30 02:54:04 +0000] [1451] [INFO] Booting worker with pid: 1451
[2026-03-30 02:54:04 +0000] [1456] [INFO] Booting worker with pid: 1456
[2026-03-30 02:54:04 +0000] [1435] [INFO] Started server process [1435]
[2026-03-30 02:54:04 +0000] [1435] [INFO] Waiting for application startup.
[2026-03-30 02:54:04 +0000] [1435] [INFO] Application startup complete.
[2026-03-30 02:54:04 +0000] [1459] [INFO] Booting worker with pid: 1459
[2026-03-30 02:54:04 +0000] [1385] [INFO] Started server process [1385]
[2026-03-30 02:54:04 +0000] [1385] [INFO] Waiting for application startup.
[2026-03-30 02:54:04 +0000] [1385] [INFO] Application startup complete.
[2026-03-30 02:54:04 +0000] [1444] [INFO] Started server process [1444]
[2026-03-30 02:54:04 +0000] [1444] [INFO] Waiting for application startup.
[2026-03-30 02:54:04 +0000] [1444] [INFO] Application startup complete.
[2026-03-30 02:54:04 +0000] [1468] [INFO] Booting worker with pid: 1468
[2026-03-30 02:54:04 +0000] [1439] [INFO] Started server process [1439]
[2026-03-30 02:54:04 +0000] [1439] [INFO] Waiting for application startup.
[2026-03-30 02:54:04 +0000] [1439] [INFO] Application startup complete.
[2026-03-30 02:54:04 +0000] [1405] [INFO] Started server process [1405]
[2026-03-30 02:54:04 +0000] [1405] [INFO] Waiting for application startup.
[2026-03-30 02:54:04 +0000] [1405] [INFO] Application startup complete.
[2026-03-30 02:54:04 +0000] [1471] [INFO] Booting worker with pid: 1471
[2026-03-30 02:54:04 +0000] [1414] [INFO] Started server process [1414]
[2026-03-30 02:54:04 +0000] [1414] [INFO] Waiting for application startup.
[2026-03-30 02:54:04 +0000] [1414] [INFO] Application startup complete.
[2026-03-30 02:54:04 +0000] [1440] [INFO] Started server process [1440]
[2026-03-30 02:54:04 +0000] [1440] [INFO] Waiting for application startup.
[2026-03-30 02:54:04 +0000] [1440] [INFO] Application startup complete.
[2026-03-30 02:54:04 +0000] [1482] [INFO] Booting worker with pid: 1482
[2026-03-30 02:54:04 +0000] [1483] [INFO] Booting worker with pid: 1483
[2026-03-30 02:54:04 +0000] [1451] [INFO] Started server process [1451]
[2026-03-30 02:54:04 +0000] [1451] [INFO] Waiting for application startup.
[2026-03-30 02:54:04 +0000] [1451] [INFO] Application startup complete.
[2026-03-30 02:54:04 +0000] [1471] [INFO] Started server process [1471]
[2026-03-30 02:54:04 +0000] [1471] [INFO] Waiting for application startup.
[2026-03-30 02:54:04 +0000] [1471] [INFO] Application startup complete.
[2026-03-30 02:54:04 +0000] [1492] [INFO] Booting worker with pid: 1492
[2026-03-30 02:54:04 +0000] [1468] [INFO] Started server process [1468]
[2026-03-30 02:54:04 +0000] [1468] [INFO] Waiting for application startup.
[2026-03-30 02:54:04 +0000] [1468] [INFO] Application startup complete.
[2026-03-30 02:54:04 +0000] [1483] [INFO] Started server process [1483]
[2026-03-30 02:54:04 +0000] [1483] [INFO] Waiting for application startup.
[2026-03-30 02:54:04 +0000] [1483] [INFO] Application startup complete.
[2026-03-30 02:54:04 +0000] [1482] [INFO] Started server process [1482]
[2026-03-30 02:54:04 +0000] [1482] [INFO] Waiting for application startup.
[2026-03-30 02:54:04 +0000] [1482] [INFO] Application startup complete.
[2026-03-30 02:54:04 +0000] [1497] [INFO] Booting worker with pid: 1497
[2026-03-30 02:54:04 +0000] [1503] [INFO] Booting worker with pid: 1503
[2026-03-30 02:54:04 +0000] [1459] [INFO] Started server process [1459]
[2026-03-30 02:54:04 +0000] [1459] [INFO] Waiting for application startup.
[2026-03-30 02:54:04 +0000] [1459] [INFO] Application startup complete.
[2026-03-30 02:54:04 +0000] [1509] [INFO] Booting worker with pid: 1509
[2026-03-30 02:54:05 +0000] [1450] [INFO] Started server process [1450]
[2026-03-30 02:54:05 +0000] [1450] [INFO] Waiting for application startup.
[2026-03-30 02:54:05 +0000] [1450] [INFO] Application startup complete.
[2026-03-30 02:54:05 +0000] [1514] [INFO] Booting worker with pid: 1514
[2026-03-30 02:54:05 +0000] [1516] [INFO] Booting worker with pid: 1516
[2026-03-30 02:54:05 +0000] [1519] [INFO] Booting worker with pid: 1519
[2026-03-30 02:54:05 +0000] [1492] [INFO] Started server process [1492]
[2026-03-30 02:54:05 +0000] [1492] [INFO] Waiting for application startup.
[2026-03-30 02:54:05 +0000] [1492] [INFO] Application startup complete.
[2026-03-30 02:54:05 +0000] [1521] [INFO] Booting worker with pid: 1521
[2026-03-30 02:54:05 +0000] [1456] [INFO] Started server process [1456]
[2026-03-30 02:54:05 +0000] [1456] [INFO] Waiting for application startup.
[2026-03-30 02:54:05 +0000] [1456] [INFO] Application startup complete.
[2026-03-30 02:54:05 +0000] [1526] [INFO] Booting worker with pid: 1526
[2026-03-30 02:54:05 +0000] [1530] [INFO] Booting worker with pid: 1530
[2026-03-30 02:54:05 +0000] [1535] [INFO] Booting worker with pid: 1535
[2026-03-30 02:54:05 +0000] [1537] [INFO] Booting worker with pid: 1537
[2026-03-30 02:54:05 +0000] [1538] [INFO] Booting worker with pid: 1538
[2026-03-30 02:54:05 +0000] [1539] [INFO] Booting worker with pid: 1539
[2026-03-30 02:54:05 +0000] [1519] [INFO] Started server process [1519]
[2026-03-30 02:54:05 +0000] [1519] [INFO] Waiting for application startup.
[2026-03-30 02:54:05 +0000] [1519] [INFO] Application startup complete.
[2026-03-30 02:54:05 +0000] [1503] [INFO] Started server process [1503]
[2026-03-30 02:54:05 +0000] [1503] [INFO] Waiting for application startup.
[2026-03-30 02:54:05 +0000] [1503] [INFO] Application startup complete.
[2026-03-30 02:54:05 +0000] [1545] [INFO] Booting worker with pid: 1545
[2026-03-30 02:54:05 +0000] [1530] [INFO] Started server process [1530]
[2026-03-30 02:54:05 +0000] [1530] [INFO] Waiting for application startup.
[2026-03-30 02:54:05 +0000] [1530] [INFO] Application startup complete.
[2026-03-30 02:54:05 +0000] [1539] [INFO] Started server process [1539]
[2026-03-30 02:54:05 +0000] [1539] [INFO] Waiting for application startup.
[2026-03-30 02:54:05 +0000] [1539] [INFO] Application startup complete.
[2026-03-30 02:54:05 +0000] [1559] [INFO] Booting worker with pid: 1559
[2026-03-30 02:54:05 +0000] [1537] [INFO] Started server process [1537]
[2026-03-30 02:54:05 +0000] [1537] [INFO] Waiting for application startup.
[2026-03-30 02:54:05 +0000] [1537] [INFO] Application startup complete.
[2026-03-30 02:54:05 +0000] [1568] [INFO] Booting worker with pid: 1568
[2026-03-30 02:54:05 +0000] [1521] [INFO] Started server process [1521]
[2026-03-30 02:54:05 +0000] [1521] [INFO] Waiting for application startup.
[2026-03-30 02:54:05 +0000] [1521] [INFO] Application startup complete.
[2026-03-30 02:54:05 +0000] [1497] [INFO] Started server process [1497]
[2026-03-30 02:54:05 +0000] [1497] [INFO] Waiting for application startup.
[2026-03-30 02:54:05 +0000] [1497] [INFO] Application startup complete.
[2026-03-30 02:54:05 +0000] [1516] [INFO] Started server process [1516]
[2026-03-30 02:54:05 +0000] [1516] [INFO] Waiting for application startup.
[2026-03-30 02:54:05 +0000] [1516] [INFO] Application startup complete.
[2026-03-30 02:54:05 +0000] [1509] [INFO] Started server process [1509]
[2026-03-30 02:54:05 +0000] [1509] [INFO] Waiting for application startup.
[2026-03-30 02:54:05 +0000] [1509] [INFO] Application startup complete.
[2026-03-30 02:54:05 +0000] [1577] [INFO] Booting worker with pid: 1577
[2026-03-30 02:54:05 +0000] [1538] [INFO] Started server process [1538]
[2026-03-30 02:54:05 +0000] [1538] [INFO] Waiting for application startup.
[2026-03-30 02:54:05 +0000] [1538] [INFO] Application startup complete.
[2026-03-30 02:54:05 +0000] [1586] [INFO] Booting worker with pid: 1586
[2026-03-30 02:54:05 +0000] [1514] [INFO] Started server process [1514]
[2026-03-30 02:54:05 +0000] [1514] [INFO] Waiting for application startup.
[2026-03-30 02:54:05 +0000] [1514] [INFO] Application startup complete.
[2026-03-30 02:54:05 +0000] [1535] [INFO] Started server process [1535]
[2026-03-30 02:54:05 +0000] [1535] [INFO] Waiting for application startup.
[2026-03-30 02:54:05 +0000] [1535] [INFO] Application startup complete.
[2026-03-30 02:54:05 +0000] [1590] [INFO] Booting worker with pid: 1590
[2026-03-30 02:54:05 +0000] [1526] [INFO] Started server process [1526]
[2026-03-30 02:54:05 +0000] [1526] [INFO] Waiting for application startup.
[2026-03-30 02:54:05 +0000] [1526] [INFO] Application startup complete.
[2026-03-30 02:54:05 +0000] [1598] [INFO] Booting worker with pid: 1598
[2026-03-30 02:54:05 +0000] [1607] [INFO] Booting worker with pid: 1607
[2026-03-30 02:54:05 +0000] [1612] [INFO] Booting worker with pid: 1612
[2026-03-30 02:54:05 +0000] [1559] [INFO] Started server process [1559]
[2026-03-30 02:54:05 +0000] [1559] [INFO] Waiting for application startup.
[2026-03-30 02:54:05 +0000] [1559] [INFO] Application startup complete.
[2026-03-30 02:54:06 +0000] [1568] [INFO] Started server process [1568]
[2026-03-30 02:54:06 +0000] [1568] [INFO] Waiting for application startup.
[2026-03-30 02:54:06 +0000] [1568] [INFO] Application startup complete.
[2026-03-30 02:54:06 +0000] [1545] [INFO] Started server process [1545]
[2026-03-30 02:54:06 +0000] [1545] [INFO] Waiting for application startup.
[2026-03-30 02:54:06 +0000] [1545] [INFO] Application startup complete.
[2026-03-30 02:54:06 +0000] [1618] [INFO] Booting worker with pid: 1618
[2026-03-30 02:54:06 +0000] [1590] [INFO] Started server process [1590]
[2026-03-30 02:54:06 +0000] [1590] [INFO] Waiting for application startup.
[2026-03-30 02:54:06 +0000] [1590] [INFO] Application startup complete.
[2026-03-30 02:54:06 +0000] [1577] [INFO] Started server process [1577]
[2026-03-30 02:54:06 +0000] [1577] [INFO] Waiting for application startup.
[2026-03-30 02:54:06 +0000] [1577] [INFO] Application startup complete.
[2026-03-30 02:54:06 +0000] [1628] [INFO] Booting worker with pid: 1628
[2026-03-30 02:54:06 +0000] [1586] [INFO] Started server process [1586]
[2026-03-30 02:54:06 +0000] [1586] [INFO] Waiting for application startup.
[2026-03-30 02:54:06 +0000] [1586] [INFO] Application startup complete.
[2026-03-30 02:54:06 +0000] [1618] [INFO] Started server process [1618]
[2026-03-30 02:54:06 +0000] [1618] [INFO] Waiting for application startup.
[2026-03-30 02:54:06 +0000] [1618] [INFO] Application startup complete.
[2026-03-30 02:54:06 +0000] [1598] [INFO] Started server process [1598]
[2026-03-30 02:54:06 +0000] [1598] [INFO] Waiting for application startup.
[2026-03-30 02:54:06 +0000] [1598] [INFO] Application startup complete.
[2026-03-30 02:54:06 +0000] [1634] [INFO] Booting worker with pid: 1634
[2026-03-30 02:54:06 +0000] [1644] [INFO] Booting worker with pid: 1644
[2026-03-30 02:54:06 +0000] [1646] [INFO] Booting worker with pid: 1646
[2026-03-30 02:54:06 +0000] [1648] [INFO] Booting worker with pid: 1648
[2026-03-30 02:54:06 +0000] [1612] [INFO] Started server process [1612]
[2026-03-30 02:54:06 +0000] [1612] [INFO] Waiting for application startup.
[2026-03-30 02:54:06 +0000] [1612] [INFO] Application startup complete.
[2026-03-30 02:54:06 +0000] [1657] [INFO] Booting worker with pid: 1657
[2026-03-30 02:54:06 +0000] [1607] [INFO] Started server process [1607]
[2026-03-30 02:54:06 +0000] [1607] [INFO] Waiting for application startup.
[2026-03-30 02:54:06 +0000] [1607] [INFO] Application startup complete.
[2026-03-30 02:54:06 +0000] [1628] [INFO] Started server process [1628]
[2026-03-30 02:54:06 +0000] [1628] [INFO] Waiting for application startup.
[2026-03-30 02:54:06 +0000] [1628] [INFO] Application startup complete.
[2026-03-30 02:54:06 +0000] [1662] [INFO] Booting worker with pid: 1662
[2026-03-30 02:54:06 +0000] [1648] [INFO] Started server process [1648]
[2026-03-30 02:54:06 +0000] [1648] [INFO] Waiting for application startup.
[2026-03-30 02:54:06 +0000] [1648] [INFO] Application startup complete.
[2026-03-30 02:54:06 +0000] [1665] [INFO] Booting worker with pid: 1665
[2026-03-30 02:54:06 +0000] [1634] [INFO] Started server process [1634]
[2026-03-30 02:54:06 +0000] [1634] [INFO] Waiting for application startup.
[2026-03-30 02:54:06 +0000] [1634] [INFO] Application startup complete.
[2026-03-30 02:54:06 +0000] [1657] [INFO] Started server process [1657]
[2026-03-30 02:54:06 +0000] [1657] [INFO] Waiting for application startup.
[2026-03-30 02:54:06 +0000] [1657] [INFO] Application startup complete.
[2026-03-30 02:54:06 +0000] [1677] [INFO] Booting worker with pid: 1677
[2026-03-30 02:54:06 +0000] [1683] [INFO] Booting worker with pid: 1683
[2026-03-30 02:54:06 +0000] [1684] [INFO] Booting worker with pid: 1684
[2026-03-30 02:54:06 +0000] [1686] [INFO] Booting worker with pid: 1686
[2026-03-30 02:54:06 +0000] [1687] [INFO] Booting worker with pid: 1687
[2026-03-30 02:54:06 +0000] [1689] [INFO] Booting worker with pid: 1689
[2026-03-30 02:54:06 +0000] [1677] [INFO] Started server process [1677]
[2026-03-30 02:54:06 +0000] [1677] [INFO] Waiting for application startup.
[2026-03-30 02:54:06 +0000] [1677] [INFO] Application startup complete.
[2026-03-30 02:54:06 +0000] [1646] [INFO] Started server process [1646]
[2026-03-30 02:54:06 +0000] [1646] [INFO] Waiting for application startup.
[2026-03-30 02:54:06 +0000] [1646] [INFO] Application startup complete.
[2026-03-30 02:54:06 +0000] [1686] [INFO] Started server process [1686]
[2026-03-30 02:54:06 +0000] [1686] [INFO] Waiting for application startup.
[2026-03-30 02:54:06 +0000] [1686] [INFO] Application startup complete.
[2026-03-30 02:54:06 +0000] [1695] [INFO] Booting worker with pid: 1695
[2026-03-30 02:54:06 +0000] [1662] [INFO] Started server process [1662]
[2026-03-30 02:54:06 +0000] [1662] [INFO] Waiting for application startup.
[2026-03-30 02:54:06 +0000] [1662] [INFO] Application startup complete.
[2026-03-30 02:54:06 +0000] [1665] [INFO] Started server process [1665]
[2026-03-30 02:54:06 +0000] [1665] [INFO] Waiting for application startup.
[2026-03-30 02:54:06 +0000] [1665] [INFO] Application startup complete.
[2026-03-30 02:54:06 +0000] [1705] [INFO] Booting worker with pid: 1705
[2026-03-30 02:54:06 +0000] [1689] [INFO] Started server process [1689]
[2026-03-30 02:54:06 +0000] [1689] [INFO] Waiting for application startup.
[2026-03-30 02:54:06 +0000] [1689] [INFO] Application startup complete.
[2026-03-30 02:54:06 +0000] [1712] [INFO] Booting worker with pid: 1712
[2026-03-30 02:54:07 +0000] [1687] [INFO] Started server process [1687]
[2026-03-30 02:54:07 +0000] [1687] [INFO] Waiting for application startup.
[2026-03-30 02:54:07 +0000] [1687] [INFO] Application startup complete.
[2026-03-30 02:54:07 +0000] [1644] [INFO] Started server process [1644]
[2026-03-30 02:54:07 +0000] [1644] [INFO] Waiting for application startup.
[2026-03-30 02:54:07 +0000] [1644] [INFO] Application startup complete.
[2026-03-30 02:54:07 +0000] [1684] [INFO] Started server process [1684]
[2026-03-30 02:54:07 +0000] [1684] [INFO] Waiting for application startup.
[2026-03-30 02:54:07 +0000] [1684] [INFO] Application startup complete.
[2026-03-30 02:54:07 +0000] [1720] [INFO] Booting worker with pid: 1720
[2026-03-30 02:54:07 +0000] [1722] [INFO] Booting worker with pid: 1722
[2026-03-30 02:54:07 +0000] [1683] [INFO] Started server process [1683]
[2026-03-30 02:54:07 +0000] [1683] [INFO] Waiting for application startup.
[2026-03-30 02:54:07 +0000] [1683] [INFO] Application startup complete.
[2026-03-30 02:54:07 +0000] [1726] [INFO] Booting worker with pid: 1726
[2026-03-30 02:54:07 +0000] [1729] [INFO] Booting worker with pid: 1729
[2026-03-30 02:54:07 +0000] [1731] [INFO] Booting worker with pid: 1731
[2026-03-30 02:54:07 +0000] [1712] [INFO] Started server process [1712]
[2026-03-30 02:54:07 +0000] [1712] [INFO] Waiting for application startup.
[2026-03-30 02:54:07 +0000] [1712] [INFO] Application startup complete.
[2026-03-30 02:54:07 +0000] [1705] [INFO] Started server process [1705]
[2026-03-30 02:54:07 +0000] [1734] [INFO] Booting worker with pid: 1734
[2026-03-30 02:54:07 +0000] [1705] [INFO] Waiting for application startup.
[2026-03-30 02:54:07 +0000] [1705] [INFO] Application startup complete.
[2026-03-30 02:54:07 +0000] [1695] [INFO] Started server process [1695]
[2026-03-30 02:54:07 +0000] [1695] [INFO] Waiting for application startup.
[2026-03-30 02:54:07 +0000] [1695] [INFO] Application startup complete.
[2026-03-30 02:54:07 +0000] [1740] [INFO] Booting worker with pid: 1740
[2026-03-30 02:54:07 +0000] [1743] [INFO] Booting worker with pid: 1743
[2026-03-30 02:54:07 +0000] [1744] [INFO] Booting worker with pid: 1744
[2026-03-30 02:54:07 +0000] [1720] [INFO] Started server process [1720]
[2026-03-30 02:54:07 +0000] [1720] [INFO] Waiting for application startup.
[2026-03-30 02:54:07 +0000] [1720] [INFO] Application startup complete.
[2026-03-30 02:54:07 +0000] [1753] [INFO] Booting worker with pid: 1753
[2026-03-30 02:54:07 +0000] [1755] [INFO] Booting worker with pid: 1755
[2026-03-30 02:54:07 +0000] [1722] [INFO] Started server process [1722]
[2026-03-30 02:54:07 +0000] [1722] [INFO] Waiting for application startup.
[2026-03-30 02:54:07 +0000] [1722] [INFO] Application startup complete.
[2026-03-30 02:54:07 +0000] [1729] [INFO] Started server process [1729]
[2026-03-30 02:54:07 +0000] [1729] [INFO] Waiting for application startup.
[2026-03-30 02:54:07 +0000] [1729] [INFO] Application startup complete.
[2026-03-30 02:54:07 +0000] [1731] [INFO] Started server process [1731]
[2026-03-30 02:54:07 +0000] [1731] [INFO] Waiting for application startup.
[2026-03-30 02:54:07 +0000] [1731] [INFO] Application startup complete.
[2026-03-30 02:54:07 +0000] [1726] [INFO] Started server process [1726]
[2026-03-30 02:54:07 +0000] [1726] [INFO] Waiting for application startup.
[2026-03-30 02:54:07 +0000] [1726] [INFO] Application startup complete.
[2026-03-30 02:54:07 +0000] [1763] [INFO] Booting worker with pid: 1763
[2026-03-30 02:54:07 +0000] [1740] [INFO] Started server process [1740]
[2026-03-30 02:54:07 +0000] [1740] [INFO] Waiting for application startup.
[2026-03-30 02:54:07 +0000] [1740] [INFO] Application startup complete.
[2026-03-30 02:54:07 +0000] [1744] [INFO] Started server process [1744]
[2026-03-30 02:54:07 +0000] [1744] [INFO] Waiting for application startup.
[2026-03-30 02:54:07 +0000] [1744] [INFO] Application startup complete.
[2026-03-30 02:54:07 +0000] [1734] [INFO] Started server process [1734]
[2026-03-30 02:54:07 +0000] [1734] [INFO] Waiting for application startup.
[2026-03-30 02:54:07 +0000] [1734] [INFO] Application startup complete.
[2026-03-30 02:54:07 +0000] [1743] [INFO] Started server process [1743]
[2026-03-30 02:54:07 +0000] [1743] [INFO] Waiting for application startup.
[2026-03-30 02:54:07 +0000] [1743] [INFO] Application startup complete.
[2026-03-30 02:54:07 +0000] [1765] [INFO] Booting worker with pid: 1765
[2026-03-30 02:54:07 +0000] [1755] [INFO] Started server process [1755]
[2026-03-30 02:54:07 +0000] [1755] [INFO] Waiting for application startup.
[2026-03-30 02:54:07 +0000] [1755] [INFO] Application startup complete.
[2026-03-30 02:54:07 +0000] [1753] [INFO] Started server process [1753]
[2026-03-30 02:54:07 +0000] [1753] [INFO] Waiting for application startup.
[2026-03-30 02:54:07 +0000] [1753] [INFO] Application startup complete.
[2026-03-30 02:54:07 +0000] [1763] [INFO] Started server process [1763]
[2026-03-30 02:54:07 +0000] [1763] [INFO] Waiting for application startup.
[2026-03-30 02:54:07 +0000] [1763] [INFO] Application startup complete.
[2026-03-30 02:54:07 +0000] [1765] [INFO] Started server process [1765]
[2026-03-30 02:54:07 +0000] [1765] [INFO] Waiting for application startup.
[2026-03-30 02:54:07 +0000] [1765] [INFO] Application startup complete.
[2026-03-30 02:54:07 +0000] [1770] [INFO] Booting worker with pid: 1770
[2026-03-30 02:54:07 +0000] [1771] [INFO] Booting worker with pid: 1771
[2026-03-30 02:54:07 +0000] [1770] [INFO] Started server process [1770]
[2026-03-30 02:54:07 +0000] [1771] [INFO] Started server process [1771]
[2026-03-30 02:54:07 +0000] [1771] [INFO] Waiting for application startup.
[2026-03-30 02:54:07 +0000] [1770] [INFO] Waiting for application startup.
[2026-03-30 02:54:07 +0000] [1771] [INFO] Application startup complete.
[2026-03-30 02:54:07 +0000] [1770] [INFO] Application startup complete.
[2026-03-30 02:54:07 +0000] [1774] [INFO] Booting worker with pid: 1774
[2026-03-30 02:54:07 +0000] [1775] [INFO] Booting worker with pid: 1775
[2026-03-30 02:54:07 +0000] [1774] [INFO] Started server process [1774]
[2026-03-30 02:54:07 +0000] [1774] [INFO] Waiting for application startup.
[2026-03-30 02:54:07 +0000] [1774] [INFO] Application startup complete.
[2026-03-30 02:54:08 +0000] [1777] [INFO] Booting worker with pid: 1777
[2026-03-30 02:54:08 +0000] [1775] [INFO] Started server process [1775]
[2026-03-30 02:54:08 +0000] [1775] [INFO] Waiting for application startup.
[2026-03-30 02:54:08 +0000] [1775] [INFO] Application startup complete.
[2026-03-30 02:54:08 +0000] [1779] [INFO] Booting worker with pid: 1779
[2026-03-30 02:54:08 +0000] [1777] [INFO] Started server process [1777]
[2026-03-30 02:54:08 +0000] [1777] [INFO] Waiting for application startup.
[2026-03-30 02:54:08 +0000] [1777] [INFO] Application startup complete.
[2026-03-30 02:54:08 +0000] [1779] [INFO] Started server process [1779]
[2026-03-30 02:54:08 +0000] [1779] [INFO] Waiting for application startup.
[2026-03-30 02:54:08 +0000] [1779] [INFO] Application startup complete.
[2026-03-30 02:54:08 +0000] [1782] [INFO] Booting worker with pid: 1782
[2026-03-30 02:54:08 +0000] [1783] [INFO] Booting worker with pid: 1783
[2026-03-30 02:54:08 +0000] [1784] [INFO] Booting worker with pid: 1784
[2026-03-30 02:54:08 +0000] [1782] [INFO] Started server process [1782]
[2026-03-30 02:54:08 +0000] [1782] [INFO] Waiting for application startup.
[2026-03-30 02:54:08 +0000] [1782] [INFO] Application startup complete.
[2026-03-30 02:54:08 +0000] [1787] [INFO] Booting worker with pid: 1787
[2026-03-30 02:54:08 +0000] [1783] [INFO] Started server process [1783]
[2026-03-30 02:54:08 +0000] [1783] [INFO] Waiting for application startup.
[2026-03-30 02:54:08 +0000] [1783] [INFO] Application startup complete.
[2026-03-30 02:54:08 +0000] [1784] [INFO] Started server process [1784]
[2026-03-30 02:54:08 +0000] [1784] [INFO] Waiting for application startup.
[2026-03-30 02:54:08 +0000] [1784] [INFO] Application startup complete.
[2026-03-30 02:54:08 +0000] [1787] [INFO] Started server process [1787]
[2026-03-30 02:54:08 +0000] [1787] [INFO] Waiting for application startup.
[2026-03-30 02:54:08 +0000] [1787] [INFO] Application startup complete.
[2026-03-30 02:54:08 +0000] [1790] [INFO] Booting worker with pid: 1790
[2026-03-30 02:54:08 +0000] [1791] [INFO] Booting worker with pid: 1791
[2026-03-30 02:54:08 +0000] [1790] [INFO] Started server process [1790]
[2026-03-30 02:54:08 +0000] [1790] [INFO] Waiting for application startup.
[2026-03-30 02:54:08 +0000] [1790] [INFO] Application startup complete.
[2026-03-30 02:54:08 +0000] [1791] [INFO] Started server process [1791]
[2026-03-30 02:54:08 +0000] [1791] [INFO] Waiting for application startup.
[2026-03-30 02:54:08 +0000] [1791] [INFO] Application startup complete.
