[2026-03-30 02:14:22 +0000] [1] [INFO] Starting gunicorn 23.0.0
[2026-03-30 02:14:22 +0000] [1] [INFO] Listening at: http://0.0.0.0:8080 (1)
[2026-03-30 02:14:22 +0000] [1] [INFO] Using worker: uvicorn.workers.UvicornWorker
[2026-03-30 02:14:22 +0000] [7] [INFO] Booting worker with pid: 7
[2026-03-30 02:14:22 +0000] [8] [INFO] Booting worker with pid: 8
[2026-03-30 02:14:22 +0000] [9] [INFO] Booting worker with pid: 9
[2026-03-30 02:14:22 +0000] [10] [INFO] Booting worker with pid: 10
[2026-03-30 02:14:22 +0000] [7] [INFO] Started server process [7]
[2026-03-30 02:14:22 +0000] [7] [INFO] Waiting for application startup.
[2026-03-30 02:14:22 +0000] [7] [INFO] Application startup complete.
[2026-03-30 02:14:22 +0000] [8] [INFO] Started server process [8]
[2026-03-30 02:14:22 +0000] [8] [INFO] Waiting for application startup.
[2026-03-30 02:14:22 +0000] [8] [INFO] Application startup complete.
[2026-03-30 02:14:22 +0000] [13] [INFO] Booting worker with pid: 13
[2026-03-30 02:14:22 +0000] [14] [INFO] Booting worker with pid: 14
[2026-03-30 02:14:22 +0000] [15] [INFO] Booting worker with pid: 15
[2026-03-30 02:14:22 +0000] [17] [INFO] Booting worker with pid: 17
[2026-03-30 02:14:22 +0000] [9] [INFO] Started server process [9]
[2026-03-30 02:14:22 +0000] [9] [INFO] Waiting for application startup.
[2026-03-30 02:14:22 +0000] [9] [INFO] Application startup complete.
[2026-03-30 02:14:22 +0000] [19] [INFO] Booting worker with pid: 19
[2026-03-30 02:14:22 +0000] [10] [INFO] Started server process [10]
[2026-03-30 02:14:22 +0000] [10] [INFO] Waiting for application startup.
[2026-03-30 02:14:22 +0000] [10] [INFO] Application startup complete.
[2026-03-30 02:14:22 +0000] [20] [INFO] Booting worker with pid: 20
[2026-03-30 02:14:22 +0000] [22] [INFO] Booting worker with pid: 22
[2026-03-30 02:14:22 +0000] [13] [INFO] Started server process [13]
[2026-03-30 02:14:22 +0000] [13] [INFO] Waiting for application startup.
[2026-03-30 02:14:22 +0000] [13] [INFO] Application startup complete.
[2026-03-30 02:14:22 +0000] [14] [INFO] Started server process [14]
[2026-03-30 02:14:22 +0000] [14] [INFO] Waiting for application startup.
[2026-03-30 02:14:22 +0000] [14] [INFO] Application startup complete.
[2026-03-30 02:14:22 +0000] [24] [INFO] Booting worker with pid: 24
[2026-03-30 02:14:22 +0000] [26] [INFO] Booting worker with pid: 26
[2026-03-30 02:14:22 +0000] [15] [INFO] Started server process [15]
[2026-03-30 02:14:22 +0000] [15] [INFO] Waiting for application startup.
[2026-03-30 02:14:22 +0000] [15] [INFO] Application startup complete.
[2026-03-30 02:14:22 +0000] [17] [INFO] Started server process [17]
[2026-03-30 02:14:22 +0000] [17] [INFO] Waiting for application startup.
[2026-03-30 02:14:22 +0000] [17] [INFO] Application startup complete.
[2026-03-30 02:14:22 +0000] [28] [INFO] Booting worker with pid: 28
[2026-03-30 02:14:22 +0000] [29] [INFO] Booting worker with pid: 29
[2026-03-30 02:14:22 +0000] [19] [INFO] Started server process [19]
[2026-03-30 02:14:22 +0000] [19] [INFO] Waiting for application startup.
[2026-03-30 02:14:22 +0000] [19] [INFO] Application startup complete.
[2026-03-30 02:14:23 +0000] [32] [INFO] Booting worker with pid: 32
[2026-03-30 02:14:23 +0000] [20] [INFO] Started server process [20]
[2026-03-30 02:14:23 +0000] [20] [INFO] Waiting for application startup.
[2026-03-30 02:14:23 +0000] [20] [INFO] Application startup complete.
[2026-03-30 02:14:23 +0000] [22] [INFO] Started server process [22]
[2026-03-30 02:14:23 +0000] [22] [INFO] Waiting for application startup.
[2026-03-30 02:14:23 +0000] [22] [INFO] Application startup complete.
[2026-03-30 02:14:23 +0000] [35] [INFO] Booting worker with pid: 35
[2026-03-30 02:14:23 +0000] [36] [INFO] Booting worker with pid: 36
[2026-03-30 02:14:23 +0000] [24] [INFO] Started server process [24]
[2026-03-30 02:14:23 +0000] [24] [INFO] Waiting for application startup.
[2026-03-30 02:14:23 +0000] [24] [INFO] Application startup complete.
[2026-03-30 02:14:23 +0000] [26] [INFO] Started server process [26]
[2026-03-30 02:14:23 +0000] [26] [INFO] Waiting for application startup.
[2026-03-30 02:14:23 +0000] [26] [INFO] Application startup complete.
[2026-03-30 02:14:23 +0000] [38] [INFO] Booting worker with pid: 38
[2026-03-30 02:14:23 +0000] [40] [INFO] Booting worker with pid: 40
[2026-03-30 02:14:23 +0000] [28] [INFO] Started server process [28]
[2026-03-30 02:14:23 +0000] [28] [INFO] Waiting for application startup.
[2026-03-30 02:14:23 +0000] [28] [INFO] Application startup complete.
[2026-03-30 02:14:23 +0000] [29] [INFO] Started server process [29]
[2026-03-30 02:14:23 +0000] [29] [INFO] Waiting for application startup.
[2026-03-30 02:14:23 +0000] [29] [INFO] Application startup complete.
[2026-03-30 02:14:23 +0000] [42] [INFO] Booting worker with pid: 42
[2026-03-30 02:14:23 +0000] [32] [INFO] Started server process [32]
[2026-03-30 02:14:23 +0000] [32] [INFO] Waiting for application startup.
[2026-03-30 02:14:23 +0000] [32] [INFO] Application startup complete.
[2026-03-30 02:14:23 +0000] [45] [INFO] Booting worker with pid: 45
[2026-03-30 02:14:23 +0000] [35] [INFO] Started server process [35]
[2026-03-30 02:14:23 +0000] [35] [INFO] Waiting for application startup.
[2026-03-30 02:14:23 +0000] [35] [INFO] Application startup complete.
[2026-03-30 02:14:23 +0000] [47] [INFO] Booting worker with pid: 47
[2026-03-30 02:14:23 +0000] [36] [INFO] Started server process [36]
[2026-03-30 02:14:23 +0000] [36] [INFO] Waiting for application startup.
[2026-03-30 02:14:23 +0000] [36] [INFO] Application startup complete.
[2026-03-30 02:14:23 +0000] [49] [INFO] Booting worker with pid: 49
[2026-03-30 02:14:23 +0000] [38] [INFO] Started server process [38]
[2026-03-30 02:14:23 +0000] [38] [INFO] Waiting for application startup.
[2026-03-30 02:14:23 +0000] [38] [INFO] Application startup complete.
[2026-03-30 02:14:23 +0000] [40] [INFO] Started server process [40]
[2026-03-30 02:14:23 +0000] [40] [INFO] Waiting for application startup.
[2026-03-30 02:14:23 +0000] [40] [INFO] Application startup complete.
[2026-03-30 02:14:23 +0000] [51] [INFO] Booting worker with pid: 51
[2026-03-30 02:14:23 +0000] [52] [INFO] Booting worker with pid: 52
[2026-03-30 02:14:23 +0000] [42] [INFO] Started server process [42]
[2026-03-30 02:14:23 +0000] [42] [INFO] Waiting for application startup.
[2026-03-30 02:14:23 +0000] [42] [INFO] Application startup complete.
[2026-03-30 02:14:23 +0000] [54] [INFO] Booting worker with pid: 54
[2026-03-30 02:14:23 +0000] [47] [INFO] Started server process [47]
[2026-03-30 02:14:23 +0000] [47] [INFO] Waiting for application startup.
[2026-03-30 02:14:23 +0000] [47] [INFO] Application startup complete.
[2026-03-30 02:14:23 +0000] [45] [INFO] Started server process [45]
[2026-03-30 02:14:23 +0000] [45] [INFO] Waiting for application startup.
[2026-03-30 02:14:23 +0000] [45] [INFO] Application startup complete.
[2026-03-30 02:14:23 +0000] [57] [INFO] Booting worker with pid: 57
[2026-03-30 02:14:23 +0000] [58] [INFO] Booting worker with pid: 58
[2026-03-30 02:14:23 +0000] [60] [INFO] Booting worker with pid: 60
[2026-03-30 02:14:23 +0000] [61] [INFO] Booting worker with pid: 61
[2026-03-30 02:14:23 +0000] [49] [INFO] Started server process [49]
[2026-03-30 02:14:23 +0000] [49] [INFO] Waiting for application startup.
[2026-03-30 02:14:23 +0000] [49] [INFO] Application startup complete.
[2026-03-30 02:14:23 +0000] [62] [INFO] Booting worker with pid: 62
[2026-03-30 02:14:23 +0000] [64] [INFO] Booting worker with pid: 64
[2026-03-30 02:14:23 +0000] [51] [INFO] Started server process [51]
[2026-03-30 02:14:23 +0000] [51] [INFO] Waiting for application startup.
[2026-03-30 02:14:23 +0000] [51] [INFO] Application startup complete.
[2026-03-30 02:14:23 +0000] [52] [INFO] Started server process [52]
[2026-03-30 02:14:23 +0000] [52] [INFO] Waiting for application startup.
[2026-03-30 02:14:23 +0000] [52] [INFO] Application startup complete.
[2026-03-30 02:14:23 +0000] [66] [INFO] Booting worker with pid: 66
[2026-03-30 02:14:23 +0000] [54] [INFO] Started server process [54]
[2026-03-30 02:14:23 +0000] [54] [INFO] Waiting for application startup.
[2026-03-30 02:14:23 +0000] [54] [INFO] Application startup complete.
[2026-03-30 02:14:23 +0000] [68] [INFO] Booting worker with pid: 68
[2026-03-30 02:14:24 +0000] [58] [INFO] Started server process [58]
[2026-03-30 02:14:24 +0000] [58] [INFO] Waiting for application startup.
[2026-03-30 02:14:24 +0000] [58] [INFO] Application startup complete.
[2026-03-30 02:14:24 +0000] [71] [INFO] Booting worker with pid: 71
[2026-03-30 02:14:24 +0000] [57] [INFO] Started server process [57]
[2026-03-30 02:14:24 +0000] [57] [INFO] Waiting for application startup.
[2026-03-30 02:14:24 +0000] [57] [INFO] Application startup complete.
[2026-03-30 02:14:24 +0000] [73] [INFO] Booting worker with pid: 73
[2026-03-30 02:14:24 +0000] [61] [INFO] Started server process [61]
[2026-03-30 02:14:24 +0000] [61] [INFO] Waiting for application startup.
[2026-03-30 02:14:24 +0000] [61] [INFO] Application startup complete.
[2026-03-30 02:14:24 +0000] [62] [INFO] Started server process [62]
[2026-03-30 02:14:24 +0000] [62] [INFO] Waiting for application startup.
[2026-03-30 02:14:24 +0000] [62] [INFO] Application startup complete.
[2026-03-30 02:14:24 +0000] [60] [INFO] Started server process [60]
[2026-03-30 02:14:24 +0000] [60] [INFO] Waiting for application startup.
[2026-03-30 02:14:24 +0000] [60] [INFO] Application startup complete.
[2026-03-30 02:14:24 +0000] [77] [INFO] Booting worker with pid: 77
[2026-03-30 02:14:24 +0000] [64] [INFO] Started server process [64]
[2026-03-30 02:14:24 +0000] [64] [INFO] Waiting for application startup.
[2026-03-30 02:14:24 +0000] [64] [INFO] Application startup complete.
[2026-03-30 02:14:24 +0000] [66] [INFO] Started server process [66]
[2026-03-30 02:14:24 +0000] [66] [INFO] Waiting for application startup.
[2026-03-30 02:14:24 +0000] [66] [INFO] Application startup complete.
[2026-03-30 02:14:24 +0000] [79] [INFO] Booting worker with pid: 79
[2026-03-30 02:14:24 +0000] [68] [INFO] Started server process [68]
[2026-03-30 02:14:24 +0000] [68] [INFO] Waiting for application startup.
[2026-03-30 02:14:24 +0000] [68] [INFO] Application startup complete.
[2026-03-30 02:14:24 +0000] [81] [INFO] Booting worker with pid: 81
[2026-03-30 02:14:24 +0000] [82] [INFO] Booting worker with pid: 82
[2026-03-30 02:14:24 +0000] [71] [INFO] Started server process [71]
[2026-03-30 02:14:24 +0000] [71] [INFO] Waiting for application startup.
[2026-03-30 02:14:24 +0000] [71] [INFO] Application startup complete.
[2026-03-30 02:14:24 +0000] [84] [INFO] Booting worker with pid: 84
[2026-03-30 02:14:24 +0000] [73] [INFO] Started server process [73]
[2026-03-30 02:14:24 +0000] [73] [INFO] Waiting for application startup.
[2026-03-30 02:14:24 +0000] [73] [INFO] Application startup complete.
[2026-03-30 02:14:24 +0000] [86] [INFO] Booting worker with pid: 86
[2026-03-30 02:14:24 +0000] [77] [INFO] Started server process [77]
[2026-03-30 02:14:24 +0000] [77] [INFO] Waiting for application startup.
[2026-03-30 02:14:24 +0000] [77] [INFO] Application startup complete.
[2026-03-30 02:14:24 +0000] [88] [INFO] Booting worker with pid: 88
[2026-03-30 02:14:24 +0000] [79] [INFO] Started server process [79]
[2026-03-30 02:14:24 +0000] [79] [INFO] Waiting for application startup.
[2026-03-30 02:14:24 +0000] [79] [INFO] Application startup complete.
[2026-03-30 02:14:24 +0000] [90] [INFO] Booting worker with pid: 90
[2026-03-30 02:14:24 +0000] [81] [INFO] Started server process [81]
[2026-03-30 02:14:24 +0000] [81] [INFO] Waiting for application startup.
[2026-03-30 02:14:24 +0000] [81] [INFO] Application startup complete.
[2026-03-30 02:14:24 +0000] [93] [INFO] Booting worker with pid: 93
[2026-03-30 02:14:24 +0000] [82] [INFO] Started server process [82]
[2026-03-30 02:14:24 +0000] [82] [INFO] Waiting for application startup.
[2026-03-30 02:14:24 +0000] [82] [INFO] Application startup complete.
[2026-03-30 02:14:24 +0000] [84] [INFO] Started server process [84]
[2026-03-30 02:14:24 +0000] [84] [INFO] Waiting for application startup.
[2026-03-30 02:14:24 +0000] [84] [INFO] Application startup complete.
[2026-03-30 02:14:24 +0000] [95] [INFO] Booting worker with pid: 95
[2026-03-30 02:14:24 +0000] [97] [INFO] Booting worker with pid: 97
[2026-03-30 02:14:24 +0000] [86] [INFO] Started server process [86]
[2026-03-30 02:14:24 +0000] [86] [INFO] Waiting for application startup.
[2026-03-30 02:14:24 +0000] [86] [INFO] Application startup complete.
[2026-03-30 02:14:24 +0000] [98] [INFO] Booting worker with pid: 98
[2026-03-30 02:14:24 +0000] [88] [INFO] Started server process [88]
[2026-03-30 02:14:24 +0000] [88] [INFO] Waiting for application startup.
[2026-03-30 02:14:24 +0000] [88] [INFO] Application startup complete.
[2026-03-30 02:14:25 +0000] [100] [INFO] Booting worker with pid: 100
[2026-03-30 02:14:25 +0000] [102] [INFO] Booting worker with pid: 102
[2026-03-30 02:14:25 +0000] [90] [INFO] Started server process [90]
[2026-03-30 02:14:25 +0000] [90] [INFO] Waiting for application startup.
[2026-03-30 02:14:25 +0000] [90] [INFO] Application startup complete.
[2026-03-30 02:14:25 +0000] [103] [INFO] Booting worker with pid: 103
[2026-03-30 02:14:25 +0000] [104] [INFO] Booting worker with pid: 104
[2026-03-30 02:14:25 +0000] [93] [INFO] Started server process [93]
[2026-03-30 02:14:25 +0000] [93] [INFO] Waiting for application startup.
[2026-03-30 02:14:25 +0000] [93] [INFO] Application startup complete.
[2026-03-30 02:14:25 +0000] [106] [INFO] Booting worker with pid: 106
[2026-03-30 02:14:25 +0000] [108] [INFO] Booting worker with pid: 108
[2026-03-30 02:14:25 +0000] [95] [INFO] Started server process [95]
[2026-03-30 02:14:25 +0000] [95] [INFO] Waiting for application startup.
[2026-03-30 02:14:25 +0000] [95] [INFO] Application startup complete.
[2026-03-30 02:14:25 +0000] [97] [INFO] Started server process [97]
[2026-03-30 02:14:25 +0000] [97] [INFO] Waiting for application startup.
[2026-03-30 02:14:25 +0000] [97] [INFO] Application startup complete.
[2026-03-30 02:14:25 +0000] [110] [INFO] Booting worker with pid: 110
[2026-03-30 02:14:25 +0000] [98] [INFO] Started server process [98]
[2026-03-30 02:14:25 +0000] [98] [INFO] Waiting for application startup.
[2026-03-30 02:14:25 +0000] [98] [INFO] Application startup complete.
[2026-03-30 02:14:25 +0000] [113] [INFO] Booting worker with pid: 113
[2026-03-30 02:14:25 +0000] [102] [INFO] Started server process [102]
[2026-03-30 02:14:25 +0000] [102] [INFO] Waiting for application startup.
[2026-03-30 02:14:25 +0000] [102] [INFO] Application startup complete.
[2026-03-30 02:14:25 +0000] [114] [INFO] Booting worker with pid: 114
[2026-03-30 02:14:25 +0000] [117] [INFO] Booting worker with pid: 117
[2026-03-30 02:14:25 +0000] [100] [INFO] Started server process [100]
[2026-03-30 02:14:25 +0000] [100] [INFO] Waiting for application startup.
[2026-03-30 02:14:25 +0000] [100] [INFO] Application startup complete.
[2026-03-30 02:14:25 +0000] [103] [INFO] Started server process [103]
[2026-03-30 02:14:25 +0000] [103] [INFO] Waiting for application startup.
[2026-03-30 02:14:25 +0000] [103] [INFO] Application startup complete.
[2026-03-30 02:14:25 +0000] [104] [INFO] Started server process [104]
[2026-03-30 02:14:25 +0000] [104] [INFO] Waiting for application startup.
[2026-03-30 02:14:25 +0000] [104] [INFO] Application startup complete.
[2026-03-30 02:14:25 +0000] [119] [INFO] Booting worker with pid: 119
[2026-03-30 02:14:25 +0000] [106] [INFO] Started server process [106]
[2026-03-30 02:14:25 +0000] [106] [INFO] Waiting for application startup.
[2026-03-30 02:14:25 +0000] [106] [INFO] Application startup complete.
[2026-03-30 02:14:25 +0000] [122] [INFO] Booting worker with pid: 122
[2026-03-30 02:14:25 +0000] [123] [INFO] Booting worker with pid: 123
[2026-03-30 02:14:25 +0000] [108] [INFO] Started server process [108]
[2026-03-30 02:14:25 +0000] [108] [INFO] Waiting for application startup.
[2026-03-30 02:14:25 +0000] [108] [INFO] Application startup complete.
[2026-03-30 02:14:25 +0000] [124] [INFO] Booting worker with pid: 124
[2026-03-30 02:14:25 +0000] [126] [INFO] Booting worker with pid: 126
[2026-03-30 02:14:25 +0000] [110] [INFO] Started server process [110]
[2026-03-30 02:14:25 +0000] [110] [INFO] Waiting for application startup.
[2026-03-30 02:14:25 +0000] [110] [INFO] Application startup complete.
[2026-03-30 02:14:25 +0000] [128] [INFO] Booting worker with pid: 128
[2026-03-30 02:14:25 +0000] [113] [INFO] Started server process [113]
[2026-03-30 02:14:25 +0000] [113] [INFO] Waiting for application startup.
[2026-03-30 02:14:25 +0000] [113] [INFO] Application startup complete.
[2026-03-30 02:14:25 +0000] [114] [INFO] Started server process [114]
[2026-03-30 02:14:25 +0000] [114] [INFO] Waiting for application startup.
[2026-03-30 02:14:25 +0000] [114] [INFO] Application startup complete.
[2026-03-30 02:14:25 +0000] [117] [INFO] Started server process [117]
[2026-03-30 02:14:25 +0000] [117] [INFO] Waiting for application startup.
[2026-03-30 02:14:25 +0000] [117] [INFO] Application startup complete.
[2026-03-30 02:14:25 +0000] [131] [INFO] Booting worker with pid: 131
[2026-03-30 02:14:25 +0000] [132] [INFO] Booting worker with pid: 132
[2026-03-30 02:14:25 +0000] [133] [INFO] Booting worker with pid: 133
[2026-03-30 02:14:25 +0000] [134] [INFO] Booting worker with pid: 134
[2026-03-30 02:14:25 +0000] [136] [INFO] Booting worker with pid: 136
[2026-03-30 02:14:25 +0000] [119] [INFO] Started server process [119]
[2026-03-30 02:14:25 +0000] [119] [INFO] Waiting for application startup.
[2026-03-30 02:14:25 +0000] [119] [INFO] Application startup complete.
[2026-03-30 02:14:25 +0000] [139] [INFO] Booting worker with pid: 139
[2026-03-30 02:14:25 +0000] [122] [INFO] Started server process [122]
[2026-03-30 02:14:25 +0000] [122] [INFO] Waiting for application startup.
[2026-03-30 02:14:25 +0000] [122] [INFO] Application startup complete.
[2026-03-30 02:14:25 +0000] [123] [INFO] Started server process [123]
[2026-03-30 02:14:25 +0000] [123] [INFO] Waiting for application startup.
[2026-03-30 02:14:25 +0000] [123] [INFO] Application startup complete.
[2026-03-30 02:14:26 +0000] [140] [INFO] Booting worker with pid: 140
[2026-03-30 02:14:26 +0000] [124] [INFO] Started server process [124]
[2026-03-30 02:14:26 +0000] [124] [INFO] Waiting for application startup.
[2026-03-30 02:14:26 +0000] [124] [INFO] Application startup complete.
[2026-03-30 02:14:26 +0000] [126] [INFO] Started server process [126]
[2026-03-30 02:14:26 +0000] [126] [INFO] Waiting for application startup.
[2026-03-30 02:14:26 +0000] [126] [INFO] Application startup complete.
[2026-03-30 02:14:26 +0000] [143] [INFO] Booting worker with pid: 143
[2026-03-30 02:14:26 +0000] [128] [INFO] Started server process [128]
[2026-03-30 02:14:26 +0000] [128] [INFO] Waiting for application startup.
[2026-03-30 02:14:26 +0000] [128] [INFO] Application startup complete.
[2026-03-30 02:14:26 +0000] [145] [INFO] Booting worker with pid: 145
[2026-03-30 02:14:26 +0000] [132] [INFO] Started server process [132]
[2026-03-30 02:14:26 +0000] [132] [INFO] Waiting for application startup.
[2026-03-30 02:14:26 +0000] [131] [INFO] Started server process [131]
[2026-03-30 02:14:26 +0000] [131] [INFO] Waiting for application startup.
[2026-03-30 02:14:26 +0000] [132] [INFO] Application startup complete.
[2026-03-30 02:14:26 +0000] [131] [INFO] Application startup complete.
[2026-03-30 02:14:26 +0000] [151] [INFO] Booting worker with pid: 151
[2026-03-30 02:14:26 +0000] [136] [INFO] Started server process [136]
[2026-03-30 02:14:26 +0000] [136] [INFO] Waiting for application startup.
[2026-03-30 02:14:26 +0000] [136] [INFO] Application startup complete.
[2026-03-30 02:14:26 +0000] [133] [INFO] Started server process [133]
[2026-03-30 02:14:26 +0000] [133] [INFO] Waiting for application startup.
[2026-03-30 02:14:26 +0000] [133] [INFO] Application startup complete.
[2026-03-30 02:14:26 +0000] [134] [INFO] Started server process [134]
[2026-03-30 02:14:26 +0000] [134] [INFO] Waiting for application startup.
[2026-03-30 02:14:26 +0000] [134] [INFO] Application startup complete.
[2026-03-30 02:14:26 +0000] [152] [INFO] Booting worker with pid: 152
[2026-03-30 02:14:26 +0000] [153] [INFO] Booting worker with pid: 153
[2026-03-30 02:14:26 +0000] [154] [INFO] Booting worker with pid: 154
[2026-03-30 02:14:26 +0000] [155] [INFO] Booting worker with pid: 155
[2026-03-30 02:14:26 +0000] [139] [INFO] Started server process [139]
[2026-03-30 02:14:26 +0000] [139] [INFO] Waiting for application startup.
[2026-03-30 02:14:26 +0000] [139] [INFO] Application startup complete.
[2026-03-30 02:14:26 +0000] [140] [INFO] Started server process [140]
[2026-03-30 02:14:26 +0000] [140] [INFO] Waiting for application startup.
[2026-03-30 02:14:26 +0000] [140] [INFO] Application startup complete.
[2026-03-30 02:14:26 +0000] [158] [INFO] Booting worker with pid: 158
[2026-03-30 02:14:26 +0000] [143] [INFO] Started server process [143]
[2026-03-30 02:14:26 +0000] [143] [INFO] Waiting for application startup.
[2026-03-30 02:14:26 +0000] [143] [INFO] Application startup complete.
[2026-03-30 02:14:26 +0000] [160] [INFO] Booting worker with pid: 160
[2026-03-30 02:14:26 +0000] [161] [INFO] Booting worker with pid: 161
[2026-03-30 02:14:26 +0000] [152] [INFO] Started server process [152]
[2026-03-30 02:14:26 +0000] [152] [INFO] Waiting for application startup.
[2026-03-30 02:14:26 +0000] [152] [INFO] Application startup complete.
[2026-03-30 02:14:26 +0000] [165] [INFO] Booting worker with pid: 165
[2026-03-30 02:14:26 +0000] [145] [INFO] Started server process [145]
[2026-03-30 02:14:26 +0000] [145] [INFO] Waiting for application startup.
[2026-03-30 02:14:26 +0000] [145] [INFO] Application startup complete.
[2026-03-30 02:14:26 +0000] [153] [INFO] Started server process [153]
[2026-03-30 02:14:26 +0000] [153] [INFO] Waiting for application startup.
[2026-03-30 02:14:26 +0000] [153] [INFO] Application startup complete.
[2026-03-30 02:14:26 +0000] [151] [INFO] Started server process [151]
[2026-03-30 02:14:26 +0000] [151] [INFO] Waiting for application startup.
[2026-03-30 02:14:26 +0000] [151] [INFO] Application startup complete.
[2026-03-30 02:14:26 +0000] [168] [INFO] Booting worker with pid: 168
[2026-03-30 02:14:26 +0000] [155] [INFO] Started server process [155]
[2026-03-30 02:14:26 +0000] [155] [INFO] Waiting for application startup.
[2026-03-30 02:14:26 +0000] [155] [INFO] Application startup complete.
[2026-03-30 02:14:26 +0000] [171] [INFO] Booting worker with pid: 171
[2026-03-30 02:14:26 +0000] [172] [INFO] Booting worker with pid: 172
[2026-03-30 02:14:26 +0000] [154] [INFO] Started server process [154]
[2026-03-30 02:14:26 +0000] [154] [INFO] Waiting for application startup.
[2026-03-30 02:14:26 +0000] [154] [INFO] Application startup complete.
[2026-03-30 02:14:26 +0000] [158] [INFO] Started server process [158]
[2026-03-30 02:14:26 +0000] [158] [INFO] Waiting for application startup.
[2026-03-30 02:14:26 +0000] [158] [INFO] Application startup complete.
[2026-03-30 02:14:26 +0000] [174] [INFO] Booting worker with pid: 174
[2026-03-30 02:14:26 +0000] [160] [INFO] Started server process [160]
[2026-03-30 02:14:26 +0000] [160] [INFO] Waiting for application startup.
[2026-03-30 02:14:26 +0000] [160] [INFO] Application startup complete.
[2026-03-30 02:14:26 +0000] [161] [INFO] Started server process [161]
[2026-03-30 02:14:26 +0000] [161] [INFO] Waiting for application startup.
[2026-03-30 02:14:26 +0000] [161] [INFO] Application startup complete.
[2026-03-30 02:14:26 +0000] [176] [INFO] Booting worker with pid: 176
[2026-03-30 02:14:27 +0000] [165] [INFO] Started server process [165]
[2026-03-30 02:14:27 +0000] [165] [INFO] Waiting for application startup.
[2026-03-30 02:14:27 +0000] [165] [INFO] Application startup complete.
[2026-03-30 02:14:27 +0000] [179] [INFO] Booting worker with pid: 179
[2026-03-30 02:14:27 +0000] [180] [INFO] Booting worker with pid: 180
[2026-03-30 02:14:27 +0000] [168] [INFO] Started server process [168]
[2026-03-30 02:14:27 +0000] [168] [INFO] Waiting for application startup.
[2026-03-30 02:14:27 +0000] [168] [INFO] Application startup complete.
[2026-03-30 02:14:27 +0000] [181] [INFO] Booting worker with pid: 181
[2026-03-30 02:14:27 +0000] [183] [INFO] Booting worker with pid: 183
[2026-03-30 02:14:27 +0000] [171] [INFO] Started server process [171]
[2026-03-30 02:14:27 +0000] [171] [INFO] Waiting for application startup.
[2026-03-30 02:14:27 +0000] [171] [INFO] Application startup complete.
[2026-03-30 02:14:27 +0000] [172] [INFO] Started server process [172]
[2026-03-30 02:14:27 +0000] [172] [INFO] Waiting for application startup.
[2026-03-30 02:14:27 +0000] [172] [INFO] Application startup complete.
[2026-03-30 02:14:27 +0000] [174] [INFO] Started server process [174]
[2026-03-30 02:14:27 +0000] [174] [INFO] Waiting for application startup.
[2026-03-30 02:14:27 +0000] [174] [INFO] Application startup complete.
[2026-03-30 02:14:27 +0000] [186] [INFO] Booting worker with pid: 186
[2026-03-30 02:14:27 +0000] [187] [INFO] Booting worker with pid: 187
[2026-03-30 02:14:27 +0000] [188] [INFO] Booting worker with pid: 188
[2026-03-30 02:14:27 +0000] [176] [INFO] Started server process [176]
[2026-03-30 02:14:27 +0000] [176] [INFO] Waiting for application startup.
[2026-03-30 02:14:27 +0000] [176] [INFO] Application startup complete.
[2026-03-30 02:14:27 +0000] [190] [INFO] Booting worker with pid: 190
[2026-03-30 02:14:27 +0000] [194] [INFO] Booting worker with pid: 194
[2026-03-30 02:14:27 +0000] [179] [INFO] Started server process [179]
[2026-03-30 02:14:27 +0000] [179] [INFO] Waiting for application startup.
[2026-03-30 02:14:27 +0000] [179] [INFO] Application startup complete.
[2026-03-30 02:14:27 +0000] [180] [INFO] Started server process [180]
[2026-03-30 02:14:27 +0000] [180] [INFO] Waiting for application startup.
[2026-03-30 02:14:27 +0000] [180] [INFO] Application startup complete.
[2026-03-30 02:14:27 +0000] [195] [INFO] Booting worker with pid: 195
[2026-03-30 02:14:27 +0000] [181] [INFO] Started server process [181]
[2026-03-30 02:14:27 +0000] [181] [INFO] Waiting for application startup.
[2026-03-30 02:14:27 +0000] [181] [INFO] Application startup complete.
[2026-03-30 02:14:27 +0000] [197] [INFO] Booting worker with pid: 197
[2026-03-30 02:14:27 +0000] [183] [INFO] Started server process [183]
[2026-03-30 02:14:27 +0000] [183] [INFO] Waiting for application startup.
[2026-03-30 02:14:27 +0000] [183] [INFO] Application startup complete.
[2026-03-30 02:14:27 +0000] [198] [INFO] Booting worker with pid: 198
[2026-03-30 02:14:27 +0000] [199] [INFO] Booting worker with pid: 199
[2026-03-30 02:14:27 +0000] [201] [INFO] Booting worker with pid: 201
[2026-03-30 02:14:27 +0000] [186] [INFO] Started server process [186]
[2026-03-30 02:14:27 +0000] [186] [INFO] Waiting for application startup.
[2026-03-30 02:14:27 +0000] [186] [INFO] Application startup complete.
[2026-03-30 02:14:27 +0000] [203] [INFO] Booting worker with pid: 203
[2026-03-30 02:14:27 +0000] [188] [INFO] Started server process [188]
[2026-03-30 02:14:27 +0000] [188] [INFO] Waiting for application startup.
[2026-03-30 02:14:27 +0000] [188] [INFO] Application startup complete.
[2026-03-30 02:14:27 +0000] [187] [INFO] Started server process [187]
[2026-03-30 02:14:27 +0000] [187] [INFO] Waiting for application startup.
[2026-03-30 02:14:27 +0000] [187] [INFO] Application startup complete.
[2026-03-30 02:14:27 +0000] [205] [INFO] Booting worker with pid: 205
[2026-03-30 02:14:27 +0000] [190] [INFO] Started server process [190]
[2026-03-30 02:14:27 +0000] [190] [INFO] Waiting for application startup.
[2026-03-30 02:14:27 +0000] [190] [INFO] Application startup complete.
[2026-03-30 02:14:27 +0000] [195] [INFO] Started server process [195]
[2026-03-30 02:14:27 +0000] [195] [INFO] Waiting for application startup.
[2026-03-30 02:14:27 +0000] [195] [INFO] Application startup complete.
[2026-03-30 02:14:27 +0000] [209] [INFO] Booting worker with pid: 209
[2026-03-30 02:14:27 +0000] [194] [INFO] Started server process [194]
[2026-03-30 02:14:27 +0000] [194] [INFO] Waiting for application startup.
[2026-03-30 02:14:27 +0000] [194] [INFO] Application startup complete.
[2026-03-30 02:14:27 +0000] [198] [INFO] Started server process [198]
[2026-03-30 02:14:27 +0000] [198] [INFO] Waiting for application startup.
[2026-03-30 02:14:27 +0000] [198] [INFO] Application startup complete.
[2026-03-30 02:14:27 +0000] [212] [INFO] Booting worker with pid: 212
[2026-03-30 02:14:27 +0000] [197] [INFO] Started server process [197]
[2026-03-30 02:14:27 +0000] [197] [INFO] Waiting for application startup.
[2026-03-30 02:14:27 +0000] [197] [INFO] Application startup complete.
[2026-03-30 02:14:27 +0000] [213] [INFO] Booting worker with pid: 213
[2026-03-30 02:14:28 +0000] [215] [INFO] Booting worker with pid: 215
[2026-03-30 02:14:28 +0000] [199] [INFO] Started server process [199]
[2026-03-30 02:14:28 +0000] [199] [INFO] Waiting for application startup.
[2026-03-30 02:14:28 +0000] [199] [INFO] Application startup complete.
[2026-03-30 02:14:28 +0000] [201] [INFO] Started server process [201]
[2026-03-30 02:14:28 +0000] [201] [INFO] Waiting for application startup.
[2026-03-30 02:14:28 +0000] [201] [INFO] Application startup complete.
[2026-03-30 02:14:28 +0000] [218] [INFO] Booting worker with pid: 218
[2026-03-30 02:14:28 +0000] [219] [INFO] Booting worker with pid: 219
[2026-03-30 02:14:28 +0000] [203] [INFO] Started server process [203]
[2026-03-30 02:14:28 +0000] [203] [INFO] Waiting for application startup.
[2026-03-30 02:14:28 +0000] [203] [INFO] Application startup complete.
[2026-03-30 02:14:28 +0000] [221] [INFO] Booting worker with pid: 221
[2026-03-30 02:14:28 +0000] [205] [INFO] Started server process [205]
[2026-03-30 02:14:28 +0000] [205] [INFO] Waiting for application startup.
[2026-03-30 02:14:28 +0000] [205] [INFO] Application startup complete.
[2026-03-30 02:14:28 +0000] [222] [INFO] Booting worker with pid: 222
[2026-03-30 02:14:28 +0000] [209] [INFO] Started server process [209]
[2026-03-30 02:14:28 +0000] [209] [INFO] Waiting for application startup.
[2026-03-30 02:14:28 +0000] [209] [INFO] Application startup complete.
[2026-03-30 02:14:28 +0000] [225] [INFO] Booting worker with pid: 225
[2026-03-30 02:14:28 +0000] [212] [INFO] Started server process [212]
[2026-03-30 02:14:28 +0000] [212] [INFO] Waiting for application startup.
[2026-03-30 02:14:28 +0000] [212] [INFO] Application startup complete.
[2026-03-30 02:14:28 +0000] [213] [INFO] Started server process [213]
[2026-03-30 02:14:28 +0000] [213] [INFO] Waiting for application startup.
[2026-03-30 02:14:28 +0000] [213] [INFO] Application startup complete.
[2026-03-30 02:14:28 +0000] [228] [INFO] Booting worker with pid: 228
[2026-03-30 02:14:28 +0000] [215] [INFO] Started server process [215]
[2026-03-30 02:14:28 +0000] [215] [INFO] Waiting for application startup.
[2026-03-30 02:14:28 +0000] [215] [INFO] Application startup complete.
[2026-03-30 02:14:28 +0000] [219] [INFO] Started server process [219]
[2026-03-30 02:14:28 +0000] [219] [INFO] Waiting for application startup.
[2026-03-30 02:14:28 +0000] [219] [INFO] Application startup complete.
[2026-03-30 02:14:28 +0000] [218] [INFO] Started server process [218]
[2026-03-30 02:14:28 +0000] [218] [INFO] Waiting for application startup.
[2026-03-30 02:14:28 +0000] [218] [INFO] Application startup complete.
[2026-03-30 02:14:28 +0000] [231] [INFO] Booting worker with pid: 231
[2026-03-30 02:14:28 +0000] [232] [INFO] Booting worker with pid: 232
[2026-03-30 02:14:28 +0000] [221] [INFO] Started server process [221]
[2026-03-30 02:14:28 +0000] [221] [INFO] Waiting for application startup.
[2026-03-30 02:14:28 +0000] [221] [INFO] Application startup complete.
[2026-03-30 02:14:28 +0000] [222] [INFO] Started server process [222]
[2026-03-30 02:14:28 +0000] [222] [INFO] Waiting for application startup.
[2026-03-30 02:14:28 +0000] [222] [INFO] Application startup complete.
[2026-03-30 02:14:28 +0000] [235] [INFO] Booting worker with pid: 235
[2026-03-30 02:14:28 +0000] [237] [INFO] Booting worker with pid: 237
[2026-03-30 02:14:28 +0000] [225] [INFO] Started server process [225]
[2026-03-30 02:14:28 +0000] [225] [INFO] Waiting for application startup.
[2026-03-30 02:14:28 +0000] [225] [INFO] Application startup complete.
[2026-03-30 02:14:28 +0000] [238] [INFO] Booting worker with pid: 238
[2026-03-30 02:14:28 +0000] [240] [INFO] Booting worker with pid: 240
[2026-03-30 02:14:28 +0000] [228] [INFO] Started server process [228]
[2026-03-30 02:14:28 +0000] [228] [INFO] Waiting for application startup.
[2026-03-30 02:14:28 +0000] [228] [INFO] Application startup complete.
[2026-03-30 02:14:28 +0000] [241] [INFO] Booting worker with pid: 241
[2026-03-30 02:14:28 +0000] [242] [INFO] Booting worker with pid: 242
[2026-03-30 02:14:28 +0000] [231] [INFO] Started server process [231]
[2026-03-30 02:14:28 +0000] [231] [INFO] Waiting for application startup.
[2026-03-30 02:14:28 +0000] [231] [INFO] Application startup complete.
[2026-03-30 02:14:28 +0000] [245] [INFO] Booting worker with pid: 245
[2026-03-30 02:14:28 +0000] [232] [INFO] Started server process [232]
[2026-03-30 02:14:28 +0000] [232] [INFO] Waiting for application startup.
[2026-03-30 02:14:28 +0000] [232] [INFO] Application startup complete.
[2026-03-30 02:14:28 +0000] [247] [INFO] Booting worker with pid: 247
[2026-03-30 02:14:28 +0000] [235] [INFO] Started server process [235]
[2026-03-30 02:14:28 +0000] [235] [INFO] Waiting for application startup.
[2026-03-30 02:14:28 +0000] [235] [INFO] Application startup complete.
[2026-03-30 02:14:28 +0000] [249] [INFO] Booting worker with pid: 249
[2026-03-30 02:14:28 +0000] [237] [INFO] Started server process [237]
[2026-03-30 02:14:28 +0000] [237] [INFO] Waiting for application startup.
[2026-03-30 02:14:28 +0000] [237] [INFO] Application startup complete.
[2026-03-30 02:14:28 +0000] [251] [INFO] Booting worker with pid: 251
[2026-03-30 02:14:28 +0000] [238] [INFO] Started server process [238]
[2026-03-30 02:14:28 +0000] [238] [INFO] Waiting for application startup.
[2026-03-30 02:14:28 +0000] [238] [INFO] Application startup complete.
[2026-03-30 02:14:28 +0000] [240] [INFO] Started server process [240]
[2026-03-30 02:14:28 +0000] [240] [INFO] Waiting for application startup.
[2026-03-30 02:14:28 +0000] [240] [INFO] Application startup complete.
[2026-03-30 02:14:28 +0000] [241] [INFO] Started server process [241]
[2026-03-30 02:14:28 +0000] [241] [INFO] Waiting for application startup.
[2026-03-30 02:14:28 +0000] [241] [INFO] Application startup complete.
[2026-03-30 02:14:28 +0000] [254] [INFO] Booting worker with pid: 254
[2026-03-30 02:14:28 +0000] [242] [INFO] Started server process [242]
[2026-03-30 02:14:28 +0000] [242] [INFO] Waiting for application startup.
[2026-03-30 02:14:28 +0000] [242] [INFO] Application startup complete.
[2026-03-30 02:14:28 +0000] [245] [INFO] Started server process [245]
[2026-03-30 02:14:28 +0000] [245] [INFO] Waiting for application startup.
[2026-03-30 02:14:28 +0000] [245] [INFO] Application startup complete.
[2026-03-30 02:14:29 +0000] [257] [INFO] Booting worker with pid: 257
[2026-03-30 02:14:29 +0000] [247] [INFO] Started server process [247]
[2026-03-30 02:14:29 +0000] [247] [INFO] Waiting for application startup.
[2026-03-30 02:14:29 +0000] [247] [INFO] Application startup complete.
[2026-03-30 02:14:29 +0000] [259] [INFO] Booting worker with pid: 259
[2026-03-30 02:14:29 +0000] [260] [INFO] Booting worker with pid: 260
[2026-03-30 02:14:29 +0000] [249] [INFO] Started server process [249]
[2026-03-30 02:14:29 +0000] [249] [INFO] Waiting for application startup.
[2026-03-30 02:14:29 +0000] [249] [INFO] Application startup complete.
[2026-03-30 02:14:29 +0000] [262] [INFO] Booting worker with pid: 262
[2026-03-30 02:14:29 +0000] [251] [INFO] Started server process [251]
[2026-03-30 02:14:29 +0000] [251] [INFO] Waiting for application startup.
[2026-03-30 02:14:29 +0000] [251] [INFO] Application startup complete.
[2026-03-30 02:14:29 +0000] [264] [INFO] Booting worker with pid: 264
[2026-03-30 02:14:29 +0000] [266] [INFO] Booting worker with pid: 266
[2026-03-30 02:14:29 +0000] [254] [INFO] Started server process [254]
[2026-03-30 02:14:29 +0000] [254] [INFO] Waiting for application startup.
[2026-03-30 02:14:29 +0000] [254] [INFO] Application startup complete.
[2026-03-30 02:14:29 +0000] [267] [INFO] Booting worker with pid: 267
[2026-03-30 02:14:29 +0000] [269] [INFO] Booting worker with pid: 269
[2026-03-30 02:14:29 +0000] [257] [INFO] Started server process [257]
[2026-03-30 02:14:29 +0000] [257] [INFO] Waiting for application startup.
[2026-03-30 02:14:29 +0000] [257] [INFO] Application startup complete.
[2026-03-30 02:14:29 +0000] [271] [INFO] Booting worker with pid: 271
[2026-03-30 02:14:29 +0000] [259] [INFO] Started server process [259]
[2026-03-30 02:14:29 +0000] [259] [INFO] Waiting for application startup.
[2026-03-30 02:14:29 +0000] [259] [INFO] Application startup complete.
[2026-03-30 02:14:29 +0000] [260] [INFO] Started server process [260]
[2026-03-30 02:14:29 +0000] [260] [INFO] Waiting for application startup.
[2026-03-30 02:14:29 +0000] [273] [INFO] Booting worker with pid: 273
[2026-03-30 02:14:29 +0000] [260] [INFO] Application startup complete.
[2026-03-30 02:14:29 +0000] [262] [INFO] Started server process [262]
[2026-03-30 02:14:29 +0000] [262] [INFO] Waiting for application startup.
[2026-03-30 02:14:29 +0000] [262] [INFO] Application startup complete.
[2026-03-30 02:14:29 +0000] [275] [INFO] Booting worker with pid: 275
[2026-03-30 02:14:29 +0000] [276] [INFO] Booting worker with pid: 276
[2026-03-30 02:14:29 +0000] [264] [INFO] Started server process [264]
[2026-03-30 02:14:29 +0000] [264] [INFO] Waiting for application startup.
[2026-03-30 02:14:29 +0000] [264] [INFO] Application startup complete.
[2026-03-30 02:14:29 +0000] [266] [INFO] Started server process [266]
[2026-03-30 02:14:29 +0000] [266] [INFO] Waiting for application startup.
[2026-03-30 02:14:29 +0000] [266] [INFO] Application startup complete.
[2026-03-30 02:14:29 +0000] [267] [INFO] Started server process [267]
[2026-03-30 02:14:29 +0000] [267] [INFO] Waiting for application startup.
[2026-03-30 02:14:29 +0000] [267] [INFO] Application startup complete.
[2026-03-30 02:14:29 +0000] [280] [INFO] Booting worker with pid: 280
[2026-03-30 02:14:29 +0000] [269] [INFO] Started server process [269]
[2026-03-30 02:14:29 +0000] [269] [INFO] Waiting for application startup.
[2026-03-30 02:14:29 +0000] [269] [INFO] Application startup complete.
[2026-03-30 02:14:29 +0000] [271] [INFO] Started server process [271]
[2026-03-30 02:14:29 +0000] [271] [INFO] Waiting for application startup.
[2026-03-30 02:14:29 +0000] [271] [INFO] Application startup complete.
[2026-03-30 02:14:29 +0000] [273] [INFO] Started server process [273]
[2026-03-30 02:14:29 +0000] [273] [INFO] Waiting for application startup.
[2026-03-30 02:14:29 +0000] [273] [INFO] Application startup complete.
[2026-03-30 02:14:29 +0000] [284] [INFO] Booting worker with pid: 284
[2026-03-30 02:14:29 +0000] [285] [INFO] Booting worker with pid: 285
[2026-03-30 02:14:29 +0000] [275] [INFO] Started server process [275]
[2026-03-30 02:14:29 +0000] [275] [INFO] Waiting for application startup.
[2026-03-30 02:14:29 +0000] [275] [INFO] Application startup complete.
[2026-03-30 02:14:29 +0000] [287] [INFO] Booting worker with pid: 287
[2026-03-30 02:14:29 +0000] [276] [INFO] Started server process [276]
[2026-03-30 02:14:29 +0000] [276] [INFO] Waiting for application startup.
[2026-03-30 02:14:29 +0000] [276] [INFO] Application startup complete.
[2026-03-30 02:14:29 +0000] [289] [INFO] Booting worker with pid: 289
[2026-03-30 02:14:29 +0000] [291] [INFO] Booting worker with pid: 291
[2026-03-30 02:14:29 +0000] [280] [INFO] Started server process [280]
[2026-03-30 02:14:29 +0000] [280] [INFO] Waiting for application startup.
[2026-03-30 02:14:29 +0000] [280] [INFO] Application startup complete.
[2026-03-30 02:14:29 +0000] [284] [INFO] Started server process [284]
[2026-03-30 02:14:29 +0000] [284] [INFO] Waiting for application startup.
[2026-03-30 02:14:29 +0000] [284] [INFO] Application startup complete.
[2026-03-30 02:14:29 +0000] [293] [INFO] Booting worker with pid: 293
[2026-03-30 02:14:29 +0000] [285] [INFO] Started server process [285]
[2026-03-30 02:14:29 +0000] [285] [INFO] Waiting for application startup.
[2026-03-30 02:14:29 +0000] [285] [INFO] Application startup complete.
[2026-03-30 02:14:29 +0000] [287] [INFO] Started server process [287]
[2026-03-30 02:14:29 +0000] [287] [INFO] Waiting for application startup.
[2026-03-30 02:14:29 +0000] [287] [INFO] Application startup complete.
[2026-03-30 02:14:29 +0000] [296] [INFO] Booting worker with pid: 296
[2026-03-30 02:14:30 +0000] [297] [INFO] Booting worker with pid: 297
[2026-03-30 02:14:30 +0000] [298] [INFO] Booting worker with pid: 298
[2026-03-30 02:14:30 +0000] [289] [INFO] Started server process [289]
[2026-03-30 02:14:30 +0000] [289] [INFO] Waiting for application startup.
[2026-03-30 02:14:30 +0000] [289] [INFO] Application startup complete.
[2026-03-30 02:14:30 +0000] [291] [INFO] Started server process [291]
[2026-03-30 02:14:30 +0000] [291] [INFO] Waiting for application startup.
[2026-03-30 02:14:30 +0000] [291] [INFO] Application startup complete.
[2026-03-30 02:14:30 +0000] [301] [INFO] Booting worker with pid: 301
[2026-03-30 02:14:30 +0000] [303] [INFO] Booting worker with pid: 303
[2026-03-30 02:14:30 +0000] [293] [INFO] Started server process [293]
[2026-03-30 02:14:30 +0000] [293] [INFO] Waiting for application startup.
[2026-03-30 02:14:30 +0000] [293] [INFO] Application startup complete.
[2026-03-30 02:14:30 +0000] [296] [INFO] Started server process [296]
[2026-03-30 02:14:30 +0000] [296] [INFO] Waiting for application startup.
[2026-03-30 02:14:30 +0000] [296] [INFO] Application startup complete.
[2026-03-30 02:14:30 +0000] [305] [INFO] Booting worker with pid: 305
[2026-03-30 02:14:30 +0000] [297] [INFO] Started server process [297]
[2026-03-30 02:14:30 +0000] [297] [INFO] Waiting for application startup.
[2026-03-30 02:14:30 +0000] [297] [INFO] Application startup complete.
[2026-03-30 02:14:30 +0000] [298] [INFO] Started server process [298]
[2026-03-30 02:14:30 +0000] [298] [INFO] Waiting for application startup.
[2026-03-30 02:14:30 +0000] [298] [INFO] Application startup complete.
[2026-03-30 02:14:30 +0000] [308] [INFO] Booting worker with pid: 308
[2026-03-30 02:14:30 +0000] [309] [INFO] Booting worker with pid: 309
[2026-03-30 02:14:30 +0000] [301] [INFO] Started server process [301]
[2026-03-30 02:14:30 +0000] [301] [INFO] Waiting for application startup.
[2026-03-30 02:14:30 +0000] [301] [INFO] Application startup complete.
[2026-03-30 02:14:30 +0000] [311] [INFO] Booting worker with pid: 311
[2026-03-30 02:14:30 +0000] [313] [INFO] Booting worker with pid: 313
[2026-03-30 02:14:30 +0000] [303] [INFO] Started server process [303]
[2026-03-30 02:14:30 +0000] [303] [INFO] Waiting for application startup.
[2026-03-30 02:14:30 +0000] [303] [INFO] Application startup complete.
[2026-03-30 02:14:30 +0000] [314] [INFO] Booting worker with pid: 314
[2026-03-30 02:14:30 +0000] [305] [INFO] Started server process [305]
[2026-03-30 02:14:30 +0000] [305] [INFO] Waiting for application startup.
[2026-03-30 02:14:30 +0000] [305] [INFO] Application startup complete.
[2026-03-30 02:14:30 +0000] [316] [INFO] Booting worker with pid: 316
[2026-03-30 02:14:30 +0000] [317] [INFO] Booting worker with pid: 317
[2026-03-30 02:14:30 +0000] [318] [INFO] Booting worker with pid: 318
[2026-03-30 02:14:30 +0000] [308] [INFO] Started server process [308]
[2026-03-30 02:14:30 +0000] [308] [INFO] Waiting for application startup.
[2026-03-30 02:14:30 +0000] [308] [INFO] Application startup complete.
[2026-03-30 02:14:30 +0000] [309] [INFO] Started server process [309]
[2026-03-30 02:14:30 +0000] [309] [INFO] Waiting for application startup.
[2026-03-30 02:14:30 +0000] [309] [INFO] Application startup complete.
[2026-03-30 02:14:30 +0000] [321] [INFO] Booting worker with pid: 321
[2026-03-30 02:14:30 +0000] [313] [INFO] Started server process [313]
[2026-03-30 02:14:30 +0000] [313] [INFO] Waiting for application startup.
[2026-03-30 02:14:30 +0000] [313] [INFO] Application startup complete.
[2026-03-30 02:14:30 +0000] [323] [INFO] Booting worker with pid: 323
[2026-03-30 02:14:30 +0000] [324] [INFO] Booting worker with pid: 324
[2026-03-30 02:14:30 +0000] [326] [INFO] Booting worker with pid: 326
[2026-03-30 02:14:30 +0000] [311] [INFO] Started server process [311]
[2026-03-30 02:14:30 +0000] [311] [INFO] Waiting for application startup.
[2026-03-30 02:14:30 +0000] [311] [INFO] Application startup complete.
[2026-03-30 02:14:30 +0000] [316] [INFO] Started server process [316]
[2026-03-30 02:14:30 +0000] [316] [INFO] Waiting for application startup.
[2026-03-30 02:14:30 +0000] [316] [INFO] Application startup complete.
[2026-03-30 02:14:30 +0000] [317] [INFO] Started server process [317]
[2026-03-30 02:14:30 +0000] [317] [INFO] Waiting for application startup.
[2026-03-30 02:14:30 +0000] [317] [INFO] Application startup complete.
[2026-03-30 02:14:30 +0000] [314] [INFO] Started server process [314]
[2026-03-30 02:14:30 +0000] [314] [INFO] Waiting for application startup.
[2026-03-30 02:14:30 +0000] [314] [INFO] Application startup complete.
[2026-03-30 02:14:30 +0000] [318] [INFO] Started server process [318]
[2026-03-30 02:14:30 +0000] [318] [INFO] Waiting for application startup.
[2026-03-30 02:14:30 +0000] [318] [INFO] Application startup complete.
[2026-03-30 02:14:30 +0000] [331] [INFO] Booting worker with pid: 331
[2026-03-30 02:14:31 +0000] [332] [INFO] Booting worker with pid: 332
[2026-03-30 02:14:31 +0000] [333] [INFO] Booting worker with pid: 333
[2026-03-30 02:14:31 +0000] [324] [INFO] Started server process [324]
[2026-03-30 02:14:31 +0000] [324] [INFO] Waiting for application startup.
[2026-03-30 02:14:31 +0000] [324] [INFO] Application startup complete.
[2026-03-30 02:14:31 +0000] [335] [INFO] Booting worker with pid: 335
[2026-03-30 02:14:31 +0000] [326] [INFO] Started server process [326]
[2026-03-30 02:14:31 +0000] [326] [INFO] Waiting for application startup.
[2026-03-30 02:14:31 +0000] [326] [INFO] Application startup complete.
[2026-03-30 02:14:31 +0000] [321] [INFO] Started server process [321]
[2026-03-30 02:14:31 +0000] [321] [INFO] Waiting for application startup.
[2026-03-30 02:14:31 +0000] [321] [INFO] Application startup complete.
[2026-03-30 02:14:31 +0000] [338] [INFO] Booting worker with pid: 338
[2026-03-30 02:14:31 +0000] [340] [INFO] Booting worker with pid: 340
[2026-03-30 02:14:31 +0000] [323] [INFO] Started server process [323]
[2026-03-30 02:14:31 +0000] [323] [INFO] Waiting for application startup.
[2026-03-30 02:14:31 +0000] [323] [INFO] Application startup complete.
[2026-03-30 02:14:31 +0000] [331] [INFO] Started server process [331]
[2026-03-30 02:14:31 +0000] [331] [INFO] Waiting for application startup.
[2026-03-30 02:14:31 +0000] [331] [INFO] Application startup complete.
[2026-03-30 02:14:31 +0000] [342] [INFO] Booting worker with pid: 342
[2026-03-30 02:14:31 +0000] [343] [INFO] Booting worker with pid: 343
[2026-03-30 02:14:31 +0000] [345] [INFO] Booting worker with pid: 345
[2026-03-30 02:14:31 +0000] [332] [INFO] Started server process [332]
[2026-03-30 02:14:31 +0000] [332] [INFO] Waiting for application startup.
[2026-03-30 02:14:31 +0000] [332] [INFO] Application startup complete.
[2026-03-30 02:14:31 +0000] [347] [INFO] Booting worker with pid: 347
[2026-03-30 02:14:31 +0000] [333] [INFO] Started server process [333]
[2026-03-30 02:14:31 +0000] [333] [INFO] Waiting for application startup.
[2026-03-30 02:14:31 +0000] [333] [INFO] Application startup complete.
[2026-03-30 02:14:31 +0000] [335] [INFO] Started server process [335]
[2026-03-30 02:14:31 +0000] [335] [INFO] Waiting for application startup.
[2026-03-30 02:14:31 +0000] [335] [INFO] Application startup complete.
[2026-03-30 02:14:31 +0000] [349] [INFO] Booting worker with pid: 349
[2026-03-30 02:14:31 +0000] [350] [INFO] Booting worker with pid: 350
[2026-03-30 02:14:31 +0000] [338] [INFO] Started server process [338]
[2026-03-30 02:14:31 +0000] [338] [INFO] Waiting for application startup.
[2026-03-30 02:14:31 +0000] [338] [INFO] Application startup complete.
[2026-03-30 02:14:31 +0000] [340] [INFO] Started server process [340]
[2026-03-30 02:14:31 +0000] [340] [INFO] Waiting for application startup.
[2026-03-30 02:14:31 +0000] [340] [INFO] Application startup complete.
[2026-03-30 02:14:31 +0000] [353] [INFO] Booting worker with pid: 353
[2026-03-30 02:14:31 +0000] [342] [INFO] Started server process [342]
[2026-03-30 02:14:31 +0000] [342] [INFO] Waiting for application startup.
[2026-03-30 02:14:31 +0000] [342] [INFO] Application startup complete.
[2026-03-30 02:14:31 +0000] [345] [INFO] Started server process [345]
[2026-03-30 02:14:31 +0000] [345] [INFO] Waiting for application startup.
[2026-03-30 02:14:31 +0000] [345] [INFO] Application startup complete.
[2026-03-30 02:14:31 +0000] [343] [INFO] Started server process [343]
[2026-03-30 02:14:31 +0000] [343] [INFO] Waiting for application startup.
[2026-03-30 02:14:31 +0000] [343] [INFO] Application startup complete.
[2026-03-30 02:14:31 +0000] [357] [INFO] Booting worker with pid: 357
[2026-03-30 02:14:31 +0000] [358] [INFO] Booting worker with pid: 358
[2026-03-30 02:14:31 +0000] [359] [INFO] Booting worker with pid: 359
[2026-03-30 02:14:31 +0000] [347] [INFO] Started server process [347]
[2026-03-30 02:14:31 +0000] [347] [INFO] Waiting for application startup.
[2026-03-30 02:14:31 +0000] [347] [INFO] Application startup complete.
[2026-03-30 02:14:31 +0000] [361] [INFO] Booting worker with pid: 361
[2026-03-30 02:14:31 +0000] [349] [INFO] Started server process [349]
[2026-03-30 02:14:31 +0000] [349] [INFO] Waiting for application startup.
[2026-03-30 02:14:31 +0000] [349] [INFO] Application startup complete.
[2026-03-30 02:14:31 +0000] [350] [INFO] Started server process [350]
[2026-03-30 02:14:31 +0000] [350] [INFO] Waiting for application startup.
[2026-03-30 02:14:31 +0000] [350] [INFO] Application startup complete.
[2026-03-30 02:14:31 +0000] [364] [INFO] Booting worker with pid: 364
[2026-03-30 02:14:32 +0000] [366] [INFO] Booting worker with pid: 366
[2026-03-30 02:14:32 +0000] [353] [INFO] Started server process [353]
[2026-03-30 02:14:32 +0000] [353] [INFO] Waiting for application startup.
[2026-03-30 02:14:32 +0000] [353] [INFO] Application startup complete.
[2026-03-30 02:14:32 +0000] [368] [INFO] Booting worker with pid: 368
[2026-03-30 02:14:32 +0000] [357] [INFO] Started server process [357]
[2026-03-30 02:14:32 +0000] [357] [INFO] Waiting for application startup.
[2026-03-30 02:14:32 +0000] [357] [INFO] Application startup complete.
[2026-03-30 02:14:32 +0000] [369] [INFO] Booting worker with pid: 369
[2026-03-30 02:14:32 +0000] [359] [INFO] Started server process [359]
[2026-03-30 02:14:32 +0000] [359] [INFO] Waiting for application startup.
[2026-03-30 02:14:32 +0000] [359] [INFO] Application startup complete.
[2026-03-30 02:14:32 +0000] [358] [INFO] Started server process [358]
[2026-03-30 02:14:32 +0000] [358] [INFO] Waiting for application startup.
[2026-03-30 02:14:32 +0000] [358] [INFO] Application startup complete.
[2026-03-30 02:14:32 +0000] [373] [INFO] Booting worker with pid: 373
[2026-03-30 02:14:32 +0000] [361] [INFO] Started server process [361]
[2026-03-30 02:14:32 +0000] [361] [INFO] Waiting for application startup.
[2026-03-30 02:14:32 +0000] [361] [INFO] Application startup complete.
[2026-03-30 02:14:32 +0000] [374] [INFO] Booting worker with pid: 374
[2026-03-30 02:14:32 +0000] [364] [INFO] Started server process [364]
[2026-03-30 02:14:32 +0000] [364] [INFO] Waiting for application startup.
[2026-03-30 02:14:32 +0000] [364] [INFO] Application startup complete.
[2026-03-30 02:14:32 +0000] [366] [INFO] Started server process [366]
[2026-03-30 02:14:32 +0000] [366] [INFO] Waiting for application startup.
[2026-03-30 02:14:32 +0000] [366] [INFO] Application startup complete.
[2026-03-30 02:14:32 +0000] [377] [INFO] Booting worker with pid: 377
[2026-03-30 02:14:32 +0000] [378] [INFO] Booting worker with pid: 378
[2026-03-30 02:14:32 +0000] [368] [INFO] Started server process [368]
[2026-03-30 02:14:32 +0000] [368] [INFO] Waiting for application startup.
[2026-03-30 02:14:32 +0000] [368] [INFO] Application startup complete.
[2026-03-30 02:14:32 +0000] [369] [INFO] Started server process [369]
[2026-03-30 02:14:32 +0000] [369] [INFO] Waiting for application startup.
[2026-03-30 02:14:32 +0000] [369] [INFO] Application startup complete.
[2026-03-30 02:14:32 +0000] [381] [INFO] Booting worker with pid: 381
[2026-03-30 02:14:32 +0000] [373] [INFO] Started server process [373]
[2026-03-30 02:14:32 +0000] [373] [INFO] Waiting for application startup.
[2026-03-30 02:14:32 +0000] [373] [INFO] Application startup complete.
[2026-03-30 02:14:32 +0000] [374] [INFO] Started server process [374]
[2026-03-30 02:14:32 +0000] [374] [INFO] Waiting for application startup.
[2026-03-30 02:14:32 +0000] [374] [INFO] Application startup complete.
[2026-03-30 02:14:32 +0000] [384] [INFO] Booting worker with pid: 384
[2026-03-30 02:14:32 +0000] [385] [INFO] Booting worker with pid: 385
[2026-03-30 02:14:32 +0000] [377] [INFO] Started server process [377]
[2026-03-30 02:14:32 +0000] [377] [INFO] Waiting for application startup.
[2026-03-30 02:14:32 +0000] [377] [INFO] Application startup complete.
[2026-03-30 02:14:32 +0000] [387] [INFO] Booting worker with pid: 387
[2026-03-30 02:14:32 +0000] [378] [INFO] Started server process [378]
[2026-03-30 02:14:32 +0000] [378] [INFO] Waiting for application startup.
[2026-03-30 02:14:32 +0000] [378] [INFO] Application startup complete.
[2026-03-30 02:14:32 +0000] [389] [INFO] Booting worker with pid: 389
[2026-03-30 02:14:32 +0000] [381] [INFO] Started server process [381]
[2026-03-30 02:14:32 +0000] [381] [INFO] Waiting for application startup.
[2026-03-30 02:14:32 +0000] [381] [INFO] Application startup complete.
[2026-03-30 02:14:32 +0000] [391] [INFO] Booting worker with pid: 391
[2026-03-30 02:14:32 +0000] [392] [INFO] Booting worker with pid: 392
[2026-03-30 02:14:32 +0000] [393] [INFO] Booting worker with pid: 393
[2026-03-30 02:14:32 +0000] [384] [INFO] Started server process [384]
[2026-03-30 02:14:32 +0000] [384] [INFO] Waiting for application startup.
[2026-03-30 02:14:32 +0000] [384] [INFO] Application startup complete.
[2026-03-30 02:14:32 +0000] [385] [INFO] Started server process [385]
[2026-03-30 02:14:32 +0000] [385] [INFO] Waiting for application startup.
[2026-03-30 02:14:32 +0000] [385] [INFO] Application startup complete.
[2026-03-30 02:14:32 +0000] [396] [INFO] Booting worker with pid: 396
[2026-03-30 02:14:32 +0000] [397] [INFO] Booting worker with pid: 397
[2026-03-30 02:14:32 +0000] [398] [INFO] Booting worker with pid: 398
[2026-03-30 02:14:33 +0000] [399] [INFO] Booting worker with pid: 399
[2026-03-30 02:14:33 +0000] [387] [INFO] Started server process [387]
[2026-03-30 02:14:33 +0000] [387] [INFO] Waiting for application startup.
[2026-03-30 02:14:33 +0000] [387] [INFO] Application startup complete.
[2026-03-30 02:14:33 +0000] [391] [INFO] Started server process [391]
[2026-03-30 02:14:33 +0000] [391] [INFO] Waiting for application startup.
[2026-03-30 02:14:33 +0000] [389] [INFO] Started server process [389]
[2026-03-30 02:14:33 +0000] [389] [INFO] Waiting for application startup.
[2026-03-30 02:14:33 +0000] [391] [INFO] Application startup complete.
[2026-03-30 02:14:33 +0000] [389] [INFO] Application startup complete.
[2026-03-30 02:14:33 +0000] [403] [INFO] Booting worker with pid: 403
[2026-03-30 02:14:33 +0000] [393] [INFO] Started server process [393]
[2026-03-30 02:14:33 +0000] [393] [INFO] Waiting for application startup.
[2026-03-30 02:14:33 +0000] [393] [INFO] Application startup complete.
[2026-03-30 02:14:33 +0000] [406] [INFO] Booting worker with pid: 406
[2026-03-30 02:14:33 +0000] [392] [INFO] Started server process [392]
[2026-03-30 02:14:33 +0000] [392] [INFO] Waiting for application startup.
[2026-03-30 02:14:33 +0000] [392] [INFO] Application startup complete.
[2026-03-30 02:14:33 +0000] [407] [INFO] Booting worker with pid: 407
[2026-03-30 02:14:33 +0000] [408] [INFO] Booting worker with pid: 408
[2026-03-30 02:14:33 +0000] [396] [INFO] Started server process [396]
[2026-03-30 02:14:33 +0000] [396] [INFO] Waiting for application startup.
[2026-03-30 02:14:33 +0000] [396] [INFO] Application startup complete.
[2026-03-30 02:14:33 +0000] [397] [INFO] Started server process [397]
[2026-03-30 02:14:33 +0000] [397] [INFO] Waiting for application startup.
[2026-03-30 02:14:33 +0000] [397] [INFO] Application startup complete.
[2026-03-30 02:14:33 +0000] [411] [INFO] Booting worker with pid: 411
[2026-03-30 02:14:33 +0000] [399] [INFO] Started server process [399]
[2026-03-30 02:14:33 +0000] [399] [INFO] Waiting for application startup.
[2026-03-30 02:14:33 +0000] [399] [INFO] Application startup complete.
[2026-03-30 02:14:33 +0000] [414] [INFO] Booting worker with pid: 414
[2026-03-30 02:14:33 +0000] [398] [INFO] Started server process [398]
[2026-03-30 02:14:33 +0000] [398] [INFO] Waiting for application startup.
[2026-03-30 02:14:33 +0000] [398] [INFO] Application startup complete.
[2026-03-30 02:14:33 +0000] [415] [INFO] Booting worker with pid: 415
[2026-03-30 02:14:33 +0000] [417] [INFO] Booting worker with pid: 417
[2026-03-30 02:14:33 +0000] [403] [INFO] Started server process [403]
[2026-03-30 02:14:33 +0000] [403] [INFO] Waiting for application startup.
[2026-03-30 02:14:33 +0000] [403] [INFO] Application startup complete.
[2026-03-30 02:14:33 +0000] [418] [INFO] Booting worker with pid: 418
[2026-03-30 02:14:33 +0000] [406] [INFO] Started server process [406]
[2026-03-30 02:14:33 +0000] [406] [INFO] Waiting for application startup.
[2026-03-30 02:14:33 +0000] [406] [INFO] Application startup complete.
[2026-03-30 02:14:33 +0000] [421] [INFO] Booting worker with pid: 421
[2026-03-30 02:14:33 +0000] [407] [INFO] Started server process [407]
[2026-03-30 02:14:33 +0000] [407] [INFO] Waiting for application startup.
[2026-03-30 02:14:33 +0000] [407] [INFO] Application startup complete.
[2026-03-30 02:14:33 +0000] [408] [INFO] Started server process [408]
[2026-03-30 02:14:33 +0000] [408] [INFO] Waiting for application startup.
[2026-03-30 02:14:33 +0000] [408] [INFO] Application startup complete.
[2026-03-30 02:14:33 +0000] [424] [INFO] Booting worker with pid: 424
[2026-03-30 02:14:33 +0000] [411] [INFO] Started server process [411]
[2026-03-30 02:14:33 +0000] [411] [INFO] Waiting for application startup.
[2026-03-30 02:14:33 +0000] [411] [INFO] Application startup complete.
[2026-03-30 02:14:33 +0000] [427] [INFO] Booting worker with pid: 427
[2026-03-30 02:14:33 +0000] [414] [INFO] Started server process [414]
[2026-03-30 02:14:33 +0000] [414] [INFO] Waiting for application startup.
[2026-03-30 02:14:33 +0000] [414] [INFO] Application startup complete.
[2026-03-30 02:14:33 +0000] [415] [INFO] Started server process [415]
[2026-03-30 02:14:33 +0000] [415] [INFO] Waiting for application startup.
[2026-03-30 02:14:33 +0000] [415] [INFO] Application startup complete.
[2026-03-30 02:14:33 +0000] [428] [INFO] Booting worker with pid: 428
[2026-03-30 02:14:33 +0000] [429] [INFO] Booting worker with pid: 429
[2026-03-30 02:14:33 +0000] [417] [INFO] Started server process [417]
[2026-03-30 02:14:33 +0000] [417] [INFO] Waiting for application startup.
[2026-03-30 02:14:33 +0000] [417] [INFO] Application startup complete.
[2026-03-30 02:14:33 +0000] [418] [INFO] Started server process [418]
[2026-03-30 02:14:33 +0000] [418] [INFO] Waiting for application startup.
[2026-03-30 02:14:33 +0000] [418] [INFO] Application startup complete.
[2026-03-30 02:14:33 +0000] [432] [INFO] Booting worker with pid: 432
[2026-03-30 02:14:33 +0000] [433] [INFO] Booting worker with pid: 433
[2026-03-30 02:14:33 +0000] [435] [INFO] Booting worker with pid: 435
[2026-03-30 02:14:33 +0000] [421] [INFO] Started server process [421]
[2026-03-30 02:14:33 +0000] [421] [INFO] Waiting for application startup.
[2026-03-30 02:14:33 +0000] [421] [INFO] Application startup complete.
[2026-03-30 02:14:33 +0000] [424] [INFO] Started server process [424]
[2026-03-30 02:14:33 +0000] [424] [INFO] Waiting for application startup.
[2026-03-30 02:14:33 +0000] [424] [INFO] Application startup complete.
[2026-03-30 02:14:33 +0000] [437] [INFO] Booting worker with pid: 437
[2026-03-30 02:14:33 +0000] [428] [INFO] Started server process [428]
[2026-03-30 02:14:33 +0000] [428] [INFO] Waiting for application startup.
[2026-03-30 02:14:33 +0000] [428] [INFO] Application startup complete.
[2026-03-30 02:14:33 +0000] [440] [INFO] Booting worker with pid: 440
[2026-03-30 02:14:34 +0000] [427] [INFO] Started server process [427]
[2026-03-30 02:14:34 +0000] [427] [INFO] Waiting for application startup.
[2026-03-30 02:14:34 +0000] [427] [INFO] Application startup complete.
[2026-03-30 02:14:34 +0000] [429] [INFO] Started server process [429]
[2026-03-30 02:14:34 +0000] [429] [INFO] Waiting for application startup.
[2026-03-30 02:14:34 +0000] [429] [INFO] Application startup complete.
[2026-03-30 02:14:34 +0000] [442] [INFO] Booting worker with pid: 442
[2026-03-30 02:14:34 +0000] [432] [INFO] Started server process [432]
[2026-03-30 02:14:34 +0000] [432] [INFO] Waiting for application startup.
[2026-03-30 02:14:34 +0000] [432] [INFO] Application startup complete.
[2026-03-30 02:14:34 +0000] [433] [INFO] Started server process [433]
[2026-03-30 02:14:34 +0000] [433] [INFO] Waiting for application startup.
[2026-03-30 02:14:34 +0000] [433] [INFO] Application startup complete.
[2026-03-30 02:14:34 +0000] [445] [INFO] Booting worker with pid: 445
[2026-03-30 02:14:34 +0000] [435] [INFO] Started server process [435]
[2026-03-30 02:14:34 +0000] [435] [INFO] Waiting for application startup.
[2026-03-30 02:14:34 +0000] [435] [INFO] Application startup complete.
[2026-03-30 02:14:34 +0000] [448] [INFO] Booting worker with pid: 448
[2026-03-30 02:14:34 +0000] [437] [INFO] Started server process [437]
[2026-03-30 02:14:34 +0000] [437] [INFO] Waiting for application startup.
[2026-03-30 02:14:34 +0000] [437] [INFO] Application startup complete.
[2026-03-30 02:14:34 +0000] [450] [INFO] Booting worker with pid: 450
[2026-03-30 02:14:34 +0000] [440] [INFO] Started server process [440]
[2026-03-30 02:14:34 +0000] [440] [INFO] Waiting for application startup.
[2026-03-30 02:14:34 +0000] [440] [INFO] Application startup complete.
[2026-03-30 02:14:34 +0000] [451] [INFO] Booting worker with pid: 451
[2026-03-30 02:14:34 +0000] [452] [INFO] Booting worker with pid: 452
[2026-03-30 02:14:34 +0000] [453] [INFO] Booting worker with pid: 453
[2026-03-30 02:14:34 +0000] [454] [INFO] Booting worker with pid: 454
[2026-03-30 02:14:34 +0000] [442] [INFO] Started server process [442]
[2026-03-30 02:14:34 +0000] [442] [INFO] Waiting for application startup.
[2026-03-30 02:14:34 +0000] [442] [INFO] Application startup complete.
[2026-03-30 02:14:34 +0000] [456] [INFO] Booting worker with pid: 456
[2026-03-30 02:14:34 +0000] [457] [INFO] Booting worker with pid: 457
[2026-03-30 02:14:34 +0000] [458] [INFO] Booting worker with pid: 458
[2026-03-30 02:14:34 +0000] [460] [INFO] Booting worker with pid: 460
[2026-03-30 02:14:34 +0000] [445] [INFO] Started server process [445]
[2026-03-30 02:14:34 +0000] [445] [INFO] Waiting for application startup.
[2026-03-30 02:14:34 +0000] [445] [INFO] Application startup complete.
[2026-03-30 02:14:34 +0000] [448] [INFO] Started server process [448]
[2026-03-30 02:14:34 +0000] [448] [INFO] Waiting for application startup.
[2026-03-30 02:14:34 +0000] [448] [INFO] Application startup complete.
[2026-03-30 02:14:34 +0000] [462] [INFO] Booting worker with pid: 462
[2026-03-30 02:14:34 +0000] [463] [INFO] Booting worker with pid: 463
[2026-03-30 02:14:34 +0000] [464] [INFO] Booting worker with pid: 464
[2026-03-30 02:14:34 +0000] [450] [INFO] Started server process [450]
[2026-03-30 02:14:34 +0000] [450] [INFO] Waiting for application startup.
[2026-03-30 02:14:34 +0000] [450] [INFO] Application startup complete.
[2026-03-30 02:14:34 +0000] [452] [INFO] Started server process [452]
[2026-03-30 02:14:34 +0000] [452] [INFO] Waiting for application startup.
[2026-03-30 02:14:34 +0000] [451] [INFO] Started server process [451]
[2026-03-30 02:14:34 +0000] [451] [INFO] Waiting for application startup.
[2026-03-30 02:14:34 +0000] [452] [INFO] Application startup complete.
[2026-03-30 02:14:34 +0000] [451] [INFO] Application startup complete.
[2026-03-30 02:14:34 +0000] [468] [INFO] Booting worker with pid: 468
[2026-03-30 02:14:34 +0000] [453] [INFO] Started server process [453]
[2026-03-30 02:14:34 +0000] [453] [INFO] Waiting for application startup.
[2026-03-30 02:14:34 +0000] [453] [INFO] Application startup complete.
[2026-03-30 02:14:34 +0000] [454] [INFO] Started server process [454]
[2026-03-30 02:14:34 +0000] [454] [INFO] Waiting for application startup.
[2026-03-30 02:14:34 +0000] [454] [INFO] Application startup complete.
[2026-03-30 02:14:34 +0000] [456] [INFO] Started server process [456]
[2026-03-30 02:14:34 +0000] [456] [INFO] Waiting for application startup.
[2026-03-30 02:14:34 +0000] [456] [INFO] Application startup complete.
[2026-03-30 02:14:34 +0000] [472] [INFO] Booting worker with pid: 472
[2026-03-30 02:14:34 +0000] [475] [INFO] Booting worker with pid: 475
[2026-03-30 02:14:34 +0000] [457] [INFO] Started server process [457]
[2026-03-30 02:14:34 +0000] [457] [INFO] Waiting for application startup.
[2026-03-30 02:14:34 +0000] [457] [INFO] Application startup complete.
[2026-03-30 02:14:34 +0000] [458] [INFO] Started server process [458]
[2026-03-30 02:14:34 +0000] [458] [INFO] Waiting for application startup.
[2026-03-30 02:14:34 +0000] [458] [INFO] Application startup complete.
[2026-03-30 02:14:34 +0000] [460] [INFO] Started server process [460]
[2026-03-30 02:14:34 +0000] [460] [INFO] Waiting for application startup.
[2026-03-30 02:14:34 +0000] [460] [INFO] Application startup complete.
[2026-03-30 02:14:34 +0000] [477] [INFO] Booting worker with pid: 477
[2026-03-30 02:14:34 +0000] [462] [INFO] Started server process [462]
[2026-03-30 02:14:34 +0000] [462] [INFO] Waiting for application startup.
[2026-03-30 02:14:34 +0000] [462] [INFO] Application startup complete.
[2026-03-30 02:14:34 +0000] [468] [INFO] Started server process [468]
[2026-03-30 02:14:34 +0000] [468] [INFO] Waiting for application startup.
[2026-03-30 02:14:34 +0000] [468] [INFO] Application startup complete.
[2026-03-30 02:14:34 +0000] [464] [INFO] Started server process [464]
[2026-03-30 02:14:34 +0000] [464] [INFO] Waiting for application startup.
[2026-03-30 02:14:34 +0000] [464] [INFO] Application startup complete.
[2026-03-30 02:14:34 +0000] [463] [INFO] Started server process [463]
[2026-03-30 02:14:34 +0000] [463] [INFO] Waiting for application startup.
[2026-03-30 02:14:34 +0000] [463] [INFO] Application startup complete.
[2026-03-30 02:14:34 +0000] [482] [INFO] Booting worker with pid: 482
[2026-03-30 02:14:34 +0000] [483] [INFO] Booting worker with pid: 483
[2026-03-30 02:14:35 +0000] [485] [INFO] Booting worker with pid: 485
[2026-03-30 02:14:35 +0000] [472] [INFO] Started server process [472]
[2026-03-30 02:14:35 +0000] [472] [INFO] Waiting for application startup.
[2026-03-30 02:14:35 +0000] [472] [INFO] Application startup complete.
[2026-03-30 02:14:35 +0000] [486] [INFO] Booting worker with pid: 486
[2026-03-30 02:14:35 +0000] [488] [INFO] Booting worker with pid: 488
[2026-03-30 02:14:35 +0000] [475] [INFO] Started server process [475]
[2026-03-30 02:14:35 +0000] [475] [INFO] Waiting for application startup.
[2026-03-30 02:14:35 +0000] [475] [INFO] Application startup complete.
[2026-03-30 02:14:35 +0000] [490] [INFO] Booting worker with pid: 490
[2026-03-30 02:14:35 +0000] [477] [INFO] Started server process [477]
[2026-03-30 02:14:35 +0000] [477] [INFO] Waiting for application startup.
[2026-03-30 02:14:35 +0000] [477] [INFO] Application startup complete.
[2026-03-30 02:14:35 +0000] [491] [INFO] Booting worker with pid: 491
[2026-03-30 02:14:35 +0000] [482] [INFO] Started server process [482]
[2026-03-30 02:14:35 +0000] [482] [INFO] Waiting for application startup.
[2026-03-30 02:14:35 +0000] [482] [INFO] Application startup complete.
[2026-03-30 02:14:35 +0000] [493] [INFO] Booting worker with pid: 493
[2026-03-30 02:14:35 +0000] [483] [INFO] Started server process [483]
[2026-03-30 02:14:35 +0000] [483] [INFO] Waiting for application startup.
[2026-03-30 02:14:35 +0000] [483] [INFO] Application startup complete.
[2026-03-30 02:14:35 +0000] [496] [INFO] Booting worker with pid: 496
[2026-03-30 02:14:35 +0000] [486] [INFO] Started server process [486]
[2026-03-30 02:14:35 +0000] [486] [INFO] Waiting for application startup.
[2026-03-30 02:14:35 +0000] [486] [INFO] Application startup complete.
[2026-03-30 02:14:35 +0000] [485] [INFO] Started server process [485]
[2026-03-30 02:14:35 +0000] [485] [INFO] Waiting for application startup.
[2026-03-30 02:14:35 +0000] [485] [INFO] Application startup complete.
[2026-03-30 02:14:35 +0000] [498] [INFO] Booting worker with pid: 498
[2026-03-30 02:14:35 +0000] [488] [INFO] Started server process [488]
[2026-03-30 02:14:35 +0000] [488] [INFO] Waiting for application startup.
[2026-03-30 02:14:35 +0000] [488] [INFO] Application startup complete.
[2026-03-30 02:14:35 +0000] [500] [INFO] Booting worker with pid: 500
[2026-03-30 02:14:35 +0000] [490] [INFO] Started server process [490]
[2026-03-30 02:14:35 +0000] [490] [INFO] Waiting for application startup.
[2026-03-30 02:14:35 +0000] [490] [INFO] Application startup complete.
[2026-03-30 02:14:35 +0000] [502] [INFO] Booting worker with pid: 502
[2026-03-30 02:14:35 +0000] [491] [INFO] Started server process [491]
[2026-03-30 02:14:35 +0000] [491] [INFO] Waiting for application startup.
[2026-03-30 02:14:35 +0000] [491] [INFO] Application startup complete.
[2026-03-30 02:14:35 +0000] [493] [INFO] Started server process [493]
[2026-03-30 02:14:35 +0000] [493] [INFO] Waiting for application startup.
[2026-03-30 02:14:35 +0000] [493] [INFO] Application startup complete.
[2026-03-30 02:14:35 +0000] [505] [INFO] Booting worker with pid: 505
[2026-03-30 02:14:35 +0000] [506] [INFO] Booting worker with pid: 506
[2026-03-30 02:14:35 +0000] [496] [INFO] Started server process [496]
[2026-03-30 02:14:35 +0000] [496] [INFO] Waiting for application startup.
[2026-03-30 02:14:35 +0000] [496] [INFO] Application startup complete.
[2026-03-30 02:14:35 +0000] [509] [INFO] Booting worker with pid: 509
[2026-03-30 02:14:35 +0000] [498] [INFO] Started server process [498]
[2026-03-30 02:14:35 +0000] [498] [INFO] Waiting for application startup.
[2026-03-30 02:14:35 +0000] [498] [INFO] Application startup complete.
[2026-03-30 02:14:35 +0000] [510] [INFO] Booting worker with pid: 510
[2026-03-30 02:14:35 +0000] [500] [INFO] Started server process [500]
[2026-03-30 02:14:35 +0000] [500] [INFO] Waiting for application startup.
[2026-03-30 02:14:35 +0000] [500] [INFO] Application startup complete.
[2026-03-30 02:14:35 +0000] [512] [INFO] Booting worker with pid: 512
[2026-03-30 02:14:35 +0000] [502] [INFO] Started server process [502]
[2026-03-30 02:14:35 +0000] [502] [INFO] Waiting for application startup.
[2026-03-30 02:14:35 +0000] [502] [INFO] Application startup complete.
[2026-03-30 02:14:35 +0000] [505] [INFO] Started server process [505]
[2026-03-30 02:14:35 +0000] [505] [INFO] Waiting for application startup.
[2026-03-30 02:14:35 +0000] [505] [INFO] Application startup complete.
[2026-03-30 02:14:35 +0000] [506] [INFO] Started server process [506]
[2026-03-30 02:14:35 +0000] [506] [INFO] Waiting for application startup.
[2026-03-30 02:14:35 +0000] [506] [INFO] Application startup complete.
[2026-03-30 02:14:36 +0000] [509] [INFO] Started server process [509]
[2026-03-30 02:14:36 +0000] [509] [INFO] Waiting for application startup.
[2026-03-30 02:14:36 +0000] [509] [INFO] Application startup complete.
[2026-03-30 02:14:36 +0000] [510] [INFO] Started server process [510]
[2026-03-30 02:14:36 +0000] [510] [INFO] Waiting for application startup.
[2026-03-30 02:14:36 +0000] [510] [INFO] Application startup complete.
[2026-03-30 02:14:36 +0000] [512] [INFO] Started server process [512]
[2026-03-30 02:14:36 +0000] [512] [INFO] Waiting for application startup.
[2026-03-30 02:14:36 +0000] [512] [INFO] Application startup complete.
