[2026-03-30 02:54:18 +0000] [1] [INFO] Starting gunicorn 23.0.0
[2026-03-30 02:54:18 +0000] [1] [INFO] Listening at: http://0.0.0.0:8080 (1)
[2026-03-30 02:54:18 +0000] [1] [INFO] Using worker: uvicorn.workers.UvicornWorker
[2026-03-30 02:54:18 +0000] [7] [INFO] Booting worker with pid: 7
[2026-03-30 02:54:18 +0000] [8] [INFO] Booting worker with pid: 8
[2026-03-30 02:54:18 +0000] [7] [INFO] Started server process [7]
[2026-03-30 02:54:18 +0000] [8] [INFO] Started server process [8]
[2026-03-30 02:54:18 +0000] [7] [INFO] Waiting for application startup.
[2026-03-30 02:54:18 +0000] [8] [INFO] Waiting for application startup.
[2026-03-30 02:54:18 +0000] [7] [INFO] Application startup complete.
[2026-03-30 02:54:18 +0000] [8] [INFO] Application startup complete.
[2026-03-30 02:54:18 +0000] [11] [INFO] Booting worker with pid: 11
[2026-03-30 02:54:18 +0000] [11] [INFO] Started server process [11]
[2026-03-30 02:54:18 +0000] [11] [INFO] Waiting for application startup.
[2026-03-30 02:54:18 +0000] [11] [INFO] Application startup complete.
[2026-03-30 02:54:18 +0000] [13] [INFO] Booting worker with pid: 13
[2026-03-30 02:54:18 +0000] [14] [INFO] Booting worker with pid: 14
[2026-03-30 02:54:18 +0000] [13] [INFO] Started server process [13]
[2026-03-30 02:54:18 +0000] [13] [INFO] Waiting for application startup.
[2026-03-30 02:54:18 +0000] [13] [INFO] Application startup complete.
[2026-03-30 02:54:18 +0000] [14] [INFO] Started server process [14]
[2026-03-30 02:54:18 +0000] [14] [INFO] Waiting for application startup.
[2026-03-30 02:54:18 +0000] [14] [INFO] Application startup complete.
[2026-03-30 02:54:18 +0000] [17] [INFO] Booting worker with pid: 17
[2026-03-30 02:54:18 +0000] [18] [INFO] Booting worker with pid: 18
[2026-03-30 02:54:18 +0000] [19] [INFO] Booting worker with pid: 19
[2026-03-30 02:54:18 +0000] [20] [INFO] Booting worker with pid: 20
[2026-03-30 02:54:18 +0000] [17] [INFO] Started server process [17]
[2026-03-30 02:54:18 +0000] [17] [INFO] Waiting for application startup.
[2026-03-30 02:54:18 +0000] [17] [INFO] Application startup complete.
[2026-03-30 02:54:18 +0000] [18] [INFO] Started server process [18]
[2026-03-30 02:54:18 +0000] [18] [INFO] Waiting for application startup.
[2026-03-30 02:54:18 +0000] [18] [INFO] Application startup complete.
[2026-03-30 02:54:18 +0000] [23] [INFO] Booting worker with pid: 23
[2026-03-30 02:54:18 +0000] [26] [INFO] Booting worker with pid: 26
[2026-03-30 02:54:18 +0000] [19] [INFO] Started server process [19]
[2026-03-30 02:54:18 +0000] [19] [INFO] Waiting for application startup.
[2026-03-30 02:54:18 +0000] [19] [INFO] Application startup complete.
[2026-03-30 02:54:18 +0000] [20] [INFO] Started server process [20]
[2026-03-30 02:54:18 +0000] [20] [INFO] Waiting for application startup.
[2026-03-30 02:54:18 +0000] [20] [INFO] Application startup complete.
[2026-03-30 02:54:18 +0000] [23] [INFO] Started server process [23]
[2026-03-30 02:54:18 +0000] [23] [INFO] Waiting for application startup.
[2026-03-30 02:54:18 +0000] [23] [INFO] Application startup complete.
[2026-03-30 02:54:18 +0000] [26] [INFO] Started server process [26]
[2026-03-30 02:54:18 +0000] [26] [INFO] Waiting for application startup.
[2026-03-30 02:54:18 +0000] [26] [INFO] Application startup complete.
[2026-03-30 02:54:18 +0000] [29] [INFO] Booting worker with pid: 29
[2026-03-30 02:54:18 +0000] [30] [INFO] Booting worker with pid: 30
[2026-03-30 02:54:19 +0000] [33] [INFO] Booting worker with pid: 33
[2026-03-30 02:54:19 +0000] [29] [INFO] Started server process [29]
[2026-03-30 02:54:19 +0000] [29] [INFO] Waiting for application startup.
[2026-03-30 02:54:19 +0000] [29] [INFO] Application startup complete.
[2026-03-30 02:54:19 +0000] [30] [INFO] Started server process [30]
[2026-03-30 02:54:19 +0000] [30] [INFO] Waiting for application startup.
[2026-03-30 02:54:19 +0000] [30] [INFO] Application startup complete.
[2026-03-30 02:54:19 +0000] [34] [INFO] Booting worker with pid: 34
[2026-03-30 02:54:19 +0000] [33] [INFO] Started server process [33]
[2026-03-30 02:54:19 +0000] [33] [INFO] Waiting for application startup.
[2026-03-30 02:54:19 +0000] [33] [INFO] Application startup complete.
[2026-03-30 02:54:19 +0000] [37] [INFO] Booting worker with pid: 37
[2026-03-30 02:54:19 +0000] [34] [INFO] Started server process [34]
[2026-03-30 02:54:19 +0000] [34] [INFO] Waiting for application startup.
[2026-03-30 02:54:19 +0000] [34] [INFO] Application startup complete.
[2026-03-30 02:54:19 +0000] [37] [INFO] Started server process [37]
[2026-03-30 02:54:19 +0000] [37] [INFO] Waiting for application startup.
[2026-03-30 02:54:19 +0000] [37] [INFO] Application startup complete.
[2026-03-30 02:54:19 +0000] [39] [INFO] Booting worker with pid: 39
[2026-03-30 02:54:19 +0000] [40] [INFO] Booting worker with pid: 40
[2026-03-30 02:54:19 +0000] [41] [INFO] Booting worker with pid: 41
[2026-03-30 02:54:19 +0000] [39] [INFO] Started server process [39]
[2026-03-30 02:54:19 +0000] [39] [INFO] Waiting for application startup.
[2026-03-30 02:54:19 +0000] [39] [INFO] Application startup complete.
[2026-03-30 02:54:19 +0000] [40] [INFO] Started server process [40]
[2026-03-30 02:54:19 +0000] [40] [INFO] Waiting for application startup.
[2026-03-30 02:54:19 +0000] [40] [INFO] Application startup complete.
[2026-03-30 02:54:19 +0000] [41] [INFO] Started server process [41]
[2026-03-30 02:54:19 +0000] [41] [INFO] Waiting for application startup.
[2026-03-30 02:54:19 +0000] [41] [INFO] Application startup complete.
[2026-03-30 02:54:19 +0000] [45] [INFO] Booting worker with pid: 45
[2026-03-30 02:54:19 +0000] [47] [INFO] Booting worker with pid: 47
[2026-03-30 02:54:19 +0000] [45] [INFO] Started server process [45]
[2026-03-30 02:54:19 +0000] [45] [INFO] Waiting for application startup.
[2026-03-30 02:54:19 +0000] [45] [INFO] Application startup complete.
[2026-03-30 02:54:19 +0000] [49] [INFO] Booting worker with pid: 49
[2026-03-30 02:54:19 +0000] [51] [INFO] Booting worker with pid: 51
[2026-03-30 02:54:19 +0000] [47] [INFO] Started server process [47]
[2026-03-30 02:54:19 +0000] [47] [INFO] Waiting for application startup.
[2026-03-30 02:54:19 +0000] [47] [INFO] Application startup complete.
[2026-03-30 02:54:19 +0000] [160] [INFO] Booting worker with pid: 160
[2026-03-30 02:54:19 +0000] [163] [INFO] Booting worker with pid: 163
[2026-03-30 02:54:19 +0000] [49] [INFO] Started server process [49]
[2026-03-30 02:54:19 +0000] [49] [INFO] Waiting for application startup.
[2026-03-30 02:54:19 +0000] [49] [INFO] Application startup complete.
[2026-03-30 02:54:19 +0000] [51] [INFO] Started server process [51]
[2026-03-30 02:54:19 +0000] [51] [INFO] Waiting for application startup.
[2026-03-30 02:54:19 +0000] [51] [INFO] Application startup complete.
[2026-03-30 02:54:19 +0000] [160] [INFO] Started server process [160]
[2026-03-30 02:54:19 +0000] [160] [INFO] Waiting for application startup.
[2026-03-30 02:54:19 +0000] [160] [INFO] Application startup complete.
[2026-03-30 02:54:19 +0000] [198] [INFO] Booting worker with pid: 198
[2026-03-30 02:54:19 +0000] [163] [INFO] Started server process [163]
[2026-03-30 02:54:19 +0000] [163] [INFO] Waiting for application startup.
[2026-03-30 02:54:19 +0000] [163] [INFO] Application startup complete.
[2026-03-30 02:54:19 +0000] [219] [INFO] Booting worker with pid: 219
[2026-03-30 02:54:19 +0000] [198] [INFO] Started server process [198]
[2026-03-30 02:54:19 +0000] [198] [INFO] Waiting for application startup.
[2026-03-30 02:54:19 +0000] [198] [INFO] Application startup complete.
[2026-03-30 02:54:19 +0000] [223] [INFO] Booting worker with pid: 223
[2026-03-30 02:54:19 +0000] [219] [INFO] Started server process [219]
[2026-03-30 02:54:19 +0000] [219] [INFO] Waiting for application startup.
[2026-03-30 02:54:19 +0000] [219] [INFO] Application startup complete.
[2026-03-30 02:54:19 +0000] [228] [INFO] Booting worker with pid: 228
[2026-03-30 02:54:19 +0000] [223] [INFO] Started server process [223]
[2026-03-30 02:54:19 +0000] [223] [INFO] Waiting for application startup.
[2026-03-30 02:54:19 +0000] [223] [INFO] Application startup complete.
[2026-03-30 02:54:19 +0000] [240] [INFO] Booting worker with pid: 240
[2026-03-30 02:54:19 +0000] [228] [INFO] Started server process [228]
[2026-03-30 02:54:19 +0000] [228] [INFO] Waiting for application startup.
[2026-03-30 02:54:19 +0000] [228] [INFO] Application startup complete.
[2026-03-30 02:54:20 +0000] [259] [INFO] Booting worker with pid: 259
[2026-03-30 02:54:20 +0000] [240] [INFO] Started server process [240]
[2026-03-30 02:54:20 +0000] [240] [INFO] Waiting for application startup.
[2026-03-30 02:54:20 +0000] [240] [INFO] Application startup complete.
[2026-03-30 02:54:20 +0000] [295] [INFO] Booting worker with pid: 295
[2026-03-30 02:54:20 +0000] [259] [INFO] Started server process [259]
[2026-03-30 02:54:20 +0000] [259] [INFO] Waiting for application startup.
[2026-03-30 02:54:20 +0000] [259] [INFO] Application startup complete.
[2026-03-30 02:54:20 +0000] [303] [INFO] Booting worker with pid: 303
[2026-03-30 02:54:20 +0000] [315] [INFO] Booting worker with pid: 315
[2026-03-30 02:54:20 +0000] [295] [INFO] Started server process [295]
[2026-03-30 02:54:20 +0000] [295] [INFO] Waiting for application startup.
[2026-03-30 02:54:20 +0000] [295] [INFO] Application startup complete.
[2026-03-30 02:54:20 +0000] [321] [INFO] Booting worker with pid: 321
[2026-03-30 02:54:20 +0000] [303] [INFO] Started server process [303]
[2026-03-30 02:54:20 +0000] [303] [INFO] Waiting for application startup.
[2026-03-30 02:54:20 +0000] [303] [INFO] Application startup complete.
[2026-03-30 02:54:20 +0000] [315] [INFO] Started server process [315]
[2026-03-30 02:54:20 +0000] [315] [INFO] Waiting for application startup.
[2026-03-30 02:54:20 +0000] [315] [INFO] Application startup complete.
[2026-03-30 02:54:20 +0000] [332] [INFO] Booting worker with pid: 332
[2026-03-30 02:54:20 +0000] [321] [INFO] Started server process [321]
[2026-03-30 02:54:20 +0000] [321] [INFO] Waiting for application startup.
[2026-03-30 02:54:20 +0000] [321] [INFO] Application startup complete.
[2026-03-30 02:54:20 +0000] [344] [INFO] Booting worker with pid: 344
[2026-03-30 02:54:20 +0000] [351] [INFO] Booting worker with pid: 351
[2026-03-30 02:54:20 +0000] [332] [INFO] Started server process [332]
[2026-03-30 02:54:20 +0000] [332] [INFO] Waiting for application startup.
[2026-03-30 02:54:20 +0000] [332] [INFO] Application startup complete.
[2026-03-30 02:54:20 +0000] [344] [INFO] Started server process [344]
[2026-03-30 02:54:20 +0000] [344] [INFO] Waiting for application startup.
[2026-03-30 02:54:20 +0000] [344] [INFO] Application startup complete.
[2026-03-30 02:54:20 +0000] [370] [INFO] Booting worker with pid: 370
[2026-03-30 02:54:20 +0000] [351] [INFO] Started server process [351]
[2026-03-30 02:54:20 +0000] [351] [INFO] Waiting for application startup.
[2026-03-30 02:54:20 +0000] [351] [INFO] Application startup complete.
[2026-03-30 02:54:20 +0000] [370] [INFO] Started server process [370]
[2026-03-30 02:54:20 +0000] [370] [INFO] Waiting for application startup.
[2026-03-30 02:54:20 +0000] [370] [INFO] Application startup complete.
[2026-03-30 02:54:20 +0000] [379] [INFO] Booting worker with pid: 379
[2026-03-30 02:54:20 +0000] [380] [INFO] Booting worker with pid: 380
[2026-03-30 02:54:20 +0000] [382] [INFO] Booting worker with pid: 382
[2026-03-30 02:54:20 +0000] [398] [INFO] Booting worker with pid: 398
[2026-03-30 02:54:20 +0000] [379] [INFO] Started server process [379]
[2026-03-30 02:54:20 +0000] [379] [INFO] Waiting for application startup.
[2026-03-30 02:54:20 +0000] [379] [INFO] Application startup complete.
[2026-03-30 02:54:20 +0000] [380] [INFO] Started server process [380]
[2026-03-30 02:54:20 +0000] [380] [INFO] Waiting for application startup.
[2026-03-30 02:54:20 +0000] [380] [INFO] Application startup complete.
[2026-03-30 02:54:20 +0000] [382] [INFO] Started server process [382]
[2026-03-30 02:54:20 +0000] [382] [INFO] Waiting for application startup.
[2026-03-30 02:54:20 +0000] [382] [INFO] Application startup complete.
[2026-03-30 02:54:20 +0000] [833] [INFO] Booting worker with pid: 833
[2026-03-30 02:54:20 +0000] [398] [INFO] Started server process [398]
[2026-03-30 02:54:20 +0000] [398] [INFO] Waiting for application startup.
[2026-03-30 02:54:20 +0000] [398] [INFO] Application startup complete.
[2026-03-30 02:54:20 +0000] [841] [INFO] Booting worker with pid: 841
[2026-03-30 02:54:20 +0000] [833] [INFO] Started server process [833]
[2026-03-30 02:54:20 +0000] [833] [INFO] Waiting for application startup.
[2026-03-30 02:54:20 +0000] [833] [INFO] Application startup complete.
[2026-03-30 02:54:20 +0000] [862] [INFO] Booting worker with pid: 862
[2026-03-30 02:54:20 +0000] [841] [INFO] Started server process [841]
[2026-03-30 02:54:20 +0000] [841] [INFO] Waiting for application startup.
[2026-03-30 02:54:20 +0000] [841] [INFO] Application startup complete.
[2026-03-30 02:54:21 +0000] [897] [INFO] Booting worker with pid: 897
[2026-03-30 02:54:21 +0000] [901] [INFO] Booting worker with pid: 901
[2026-03-30 02:54:21 +0000] [862] [INFO] Started server process [862]
[2026-03-30 02:54:21 +0000] [862] [INFO] Waiting for application startup.
[2026-03-30 02:54:21 +0000] [862] [INFO] Application startup complete.
[2026-03-30 02:54:21 +0000] [897] [INFO] Started server process [897]
[2026-03-30 02:54:21 +0000] [897] [INFO] Waiting for application startup.
[2026-03-30 02:54:21 +0000] [897] [INFO] Application startup complete.
[2026-03-30 02:54:21 +0000] [903] [INFO] Booting worker with pid: 903
[2026-03-30 02:54:21 +0000] [901] [INFO] Started server process [901]
[2026-03-30 02:54:21 +0000] [901] [INFO] Waiting for application startup.
[2026-03-30 02:54:21 +0000] [901] [INFO] Application startup complete.
[2026-03-30 02:54:21 +0000] [909] [INFO] Booting worker with pid: 909
[2026-03-30 02:54:21 +0000] [903] [INFO] Started server process [903]
[2026-03-30 02:54:21 +0000] [903] [INFO] Waiting for application startup.
[2026-03-30 02:54:21 +0000] [903] [INFO] Application startup complete.
[2026-03-30 02:54:21 +0000] [924] [INFO] Booting worker with pid: 924
[2026-03-30 02:54:21 +0000] [926] [INFO] Booting worker with pid: 926
[2026-03-30 02:54:21 +0000] [909] [INFO] Started server process [909]
[2026-03-30 02:54:21 +0000] [909] [INFO] Waiting for application startup.
[2026-03-30 02:54:21 +0000] [909] [INFO] Application startup complete.
[2026-03-30 02:54:21 +0000] [927] [INFO] Booting worker with pid: 927
[2026-03-30 02:54:21 +0000] [929] [INFO] Booting worker with pid: 929
[2026-03-30 02:54:21 +0000] [924] [INFO] Started server process [924]
[2026-03-30 02:54:21 +0000] [924] [INFO] Waiting for application startup.
[2026-03-30 02:54:21 +0000] [924] [INFO] Application startup complete.
[2026-03-30 02:54:21 +0000] [926] [INFO] Started server process [926]
[2026-03-30 02:54:21 +0000] [926] [INFO] Waiting for application startup.
[2026-03-30 02:54:21 +0000] [926] [INFO] Application startup complete.
[2026-03-30 02:54:21 +0000] [939] [INFO] Booting worker with pid: 939
[2026-03-30 02:54:21 +0000] [927] [INFO] Started server process [927]
[2026-03-30 02:54:21 +0000] [927] [INFO] Waiting for application startup.
[2026-03-30 02:54:21 +0000] [927] [INFO] Application startup complete.
[2026-03-30 02:54:21 +0000] [929] [INFO] Started server process [929]
[2026-03-30 02:54:21 +0000] [929] [INFO] Waiting for application startup.
[2026-03-30 02:54:21 +0000] [929] [INFO] Application startup complete.
[2026-03-30 02:54:21 +0000] [941] [INFO] Booting worker with pid: 941
[2026-03-30 02:54:21 +0000] [943] [INFO] Booting worker with pid: 943
[2026-03-30 02:54:21 +0000] [949] [INFO] Booting worker with pid: 949
[2026-03-30 02:54:21 +0000] [939] [INFO] Started server process [939]
[2026-03-30 02:54:21 +0000] [939] [INFO] Waiting for application startup.
[2026-03-30 02:54:21 +0000] [939] [INFO] Application startup complete.
[2026-03-30 02:54:21 +0000] [941] [INFO] Started server process [941]
[2026-03-30 02:54:21 +0000] [941] [INFO] Waiting for application startup.
[2026-03-30 02:54:21 +0000] [941] [INFO] Application startup complete.
[2026-03-30 02:54:21 +0000] [943] [INFO] Started server process [943]
[2026-03-30 02:54:21 +0000] [943] [INFO] Waiting for application startup.
[2026-03-30 02:54:21 +0000] [943] [INFO] Application startup complete.
[2026-03-30 02:54:21 +0000] [961] [INFO] Booting worker with pid: 961
[2026-03-30 02:54:21 +0000] [949] [INFO] Started server process [949]
[2026-03-30 02:54:21 +0000] [949] [INFO] Waiting for application startup.
[2026-03-30 02:54:21 +0000] [949] [INFO] Application startup complete.
[2026-03-30 02:54:21 +0000] [963] [INFO] Booting worker with pid: 963
[2026-03-30 02:54:21 +0000] [978] [INFO] Booting worker with pid: 978
[2026-03-30 02:54:21 +0000] [984] [INFO] Booting worker with pid: 984
[2026-03-30 02:54:21 +0000] [961] [INFO] Started server process [961]
[2026-03-30 02:54:21 +0000] [961] [INFO] Waiting for application startup.
[2026-03-30 02:54:21 +0000] [961] [INFO] Application startup complete.
[2026-03-30 02:54:21 +0000] [963] [INFO] Started server process [963]
[2026-03-30 02:54:21 +0000] [963] [INFO] Waiting for application startup.
[2026-03-30 02:54:21 +0000] [963] [INFO] Application startup complete.
[2026-03-30 02:54:21 +0000] [1006] [INFO] Booting worker with pid: 1006
[2026-03-30 02:54:21 +0000] [978] [INFO] Started server process [978]
[2026-03-30 02:54:21 +0000] [978] [INFO] Waiting for application startup.
[2026-03-30 02:54:21 +0000] [978] [INFO] Application startup complete.
[2026-03-30 02:54:21 +0000] [1026] [INFO] Booting worker with pid: 1026
[2026-03-30 02:54:21 +0000] [984] [INFO] Started server process [984]
[2026-03-30 02:54:21 +0000] [984] [INFO] Waiting for application startup.
[2026-03-30 02:54:21 +0000] [984] [INFO] Application startup complete.
[2026-03-30 02:54:21 +0000] [1108] [INFO] Booting worker with pid: 1108
[2026-03-30 02:54:21 +0000] [1006] [INFO] Started server process [1006]
[2026-03-30 02:54:21 +0000] [1006] [INFO] Waiting for application startup.
[2026-03-30 02:54:21 +0000] [1006] [INFO] Application startup complete.
[2026-03-30 02:54:21 +0000] [1113] [INFO] Booting worker with pid: 1113
[2026-03-30 02:54:21 +0000] [1026] [INFO] Started server process [1026]
[2026-03-30 02:54:21 +0000] [1026] [INFO] Waiting for application startup.
[2026-03-30 02:54:21 +0000] [1026] [INFO] Application startup complete.
[2026-03-30 02:54:21 +0000] [1119] [INFO] Booting worker with pid: 1119
[2026-03-30 02:54:22 +0000] [1124] [INFO] Booting worker with pid: 1124
[2026-03-30 02:54:22 +0000] [1125] [INFO] Booting worker with pid: 1125
[2026-03-30 02:54:22 +0000] [1108] [INFO] Started server process [1108]
[2026-03-30 02:54:22 +0000] [1108] [INFO] Waiting for application startup.
[2026-03-30 02:54:22 +0000] [1108] [INFO] Application startup complete.
[2026-03-30 02:54:22 +0000] [1113] [INFO] Started server process [1113]
[2026-03-30 02:54:22 +0000] [1113] [INFO] Waiting for application startup.
[2026-03-30 02:54:22 +0000] [1113] [INFO] Application startup complete.
[2026-03-30 02:54:22 +0000] [1119] [INFO] Started server process [1119]
[2026-03-30 02:54:22 +0000] [1119] [INFO] Waiting for application startup.
[2026-03-30 02:54:22 +0000] [1119] [INFO] Application startup complete.
[2026-03-30 02:54:22 +0000] [1134] [INFO] Booting worker with pid: 1134
[2026-03-30 02:54:22 +0000] [1124] [INFO] Started server process [1124]
[2026-03-30 02:54:22 +0000] [1124] [INFO] Waiting for application startup.
[2026-03-30 02:54:22 +0000] [1124] [INFO] Application startup complete.
[2026-03-30 02:54:22 +0000] [1125] [INFO] Started server process [1125]
[2026-03-30 02:54:22 +0000] [1125] [INFO] Waiting for application startup.
[2026-03-30 02:54:22 +0000] [1125] [INFO] Application startup complete.
[2026-03-30 02:54:22 +0000] [1139] [INFO] Booting worker with pid: 1139
[2026-03-30 02:54:22 +0000] [1140] [INFO] Booting worker with pid: 1140
[2026-03-30 02:54:22 +0000] [1134] [INFO] Started server process [1134]
[2026-03-30 02:54:22 +0000] [1134] [INFO] Waiting for application startup.
[2026-03-30 02:54:22 +0000] [1134] [INFO] Application startup complete.
[2026-03-30 02:54:22 +0000] [1146] [INFO] Booting worker with pid: 1146
[2026-03-30 02:54:22 +0000] [1140] [INFO] Started server process [1140]
[2026-03-30 02:54:22 +0000] [1140] [INFO] Waiting for application startup.
[2026-03-30 02:54:22 +0000] [1140] [INFO] Application startup complete.
[2026-03-30 02:54:22 +0000] [1139] [INFO] Started server process [1139]
[2026-03-30 02:54:22 +0000] [1139] [INFO] Waiting for application startup.
[2026-03-30 02:54:22 +0000] [1139] [INFO] Application startup complete.
[2026-03-30 02:54:22 +0000] [1151] [INFO] Booting worker with pid: 1151
[2026-03-30 02:54:22 +0000] [1146] [INFO] Started server process [1146]
[2026-03-30 02:54:22 +0000] [1146] [INFO] Waiting for application startup.
[2026-03-30 02:54:22 +0000] [1146] [INFO] Application startup complete.
[2026-03-30 02:54:22 +0000] [1153] [INFO] Booting worker with pid: 1153
[2026-03-30 02:54:22 +0000] [1151] [INFO] Started server process [1151]
[2026-03-30 02:54:22 +0000] [1151] [INFO] Waiting for application startup.
[2026-03-30 02:54:22 +0000] [1151] [INFO] Application startup complete.
[2026-03-30 02:54:22 +0000] [1154] [INFO] Booting worker with pid: 1154
[2026-03-30 02:54:22 +0000] [1157] [INFO] Booting worker with pid: 1157
[2026-03-30 02:54:22 +0000] [1153] [INFO] Started server process [1153]
[2026-03-30 02:54:22 +0000] [1153] [INFO] Waiting for application startup.
[2026-03-30 02:54:22 +0000] [1153] [INFO] Application startup complete.
[2026-03-30 02:54:22 +0000] [1154] [INFO] Started server process [1154]
[2026-03-30 02:54:22 +0000] [1154] [INFO] Waiting for application startup.
[2026-03-30 02:54:22 +0000] [1154] [INFO] Application startup complete.
[2026-03-30 02:54:22 +0000] [1160] [INFO] Booting worker with pid: 1160
[2026-03-30 02:54:22 +0000] [1157] [INFO] Started server process [1157]
[2026-03-30 02:54:22 +0000] [1157] [INFO] Waiting for application startup.
[2026-03-30 02:54:22 +0000] [1157] [INFO] Application startup complete.
[2026-03-30 02:54:22 +0000] [1168] [INFO] Booting worker with pid: 1168
[2026-03-30 02:54:22 +0000] [1160] [INFO] Started server process [1160]
[2026-03-30 02:54:22 +0000] [1160] [INFO] Waiting for application startup.
[2026-03-30 02:54:22 +0000] [1160] [INFO] Application startup complete.
[2026-03-30 02:54:22 +0000] [1186] [INFO] Booting worker with pid: 1186
[2026-03-30 02:54:22 +0000] [1190] [INFO] Booting worker with pid: 1190
[2026-03-30 02:54:22 +0000] [1168] [INFO] Started server process [1168]
[2026-03-30 02:54:22 +0000] [1168] [INFO] Waiting for application startup.
[2026-03-30 02:54:22 +0000] [1168] [INFO] Application startup complete.
[2026-03-30 02:54:22 +0000] [1195] [INFO] Booting worker with pid: 1195
[2026-03-30 02:54:22 +0000] [1186] [INFO] Started server process [1186]
[2026-03-30 02:54:22 +0000] [1186] [INFO] Waiting for application startup.
[2026-03-30 02:54:22 +0000] [1186] [INFO] Application startup complete.
[2026-03-30 02:54:22 +0000] [1216] [INFO] Booting worker with pid: 1216
[2026-03-30 02:54:22 +0000] [1190] [INFO] Started server process [1190]
[2026-03-30 02:54:22 +0000] [1190] [INFO] Waiting for application startup.
[2026-03-30 02:54:22 +0000] [1190] [INFO] Application startup complete.
[2026-03-30 02:54:22 +0000] [1218] [INFO] Booting worker with pid: 1218
[2026-03-30 02:54:22 +0000] [1195] [INFO] Started server process [1195]
[2026-03-30 02:54:22 +0000] [1195] [INFO] Waiting for application startup.
[2026-03-30 02:54:22 +0000] [1195] [INFO] Application startup complete.
[2026-03-30 02:54:22 +0000] [1289] [INFO] Booting worker with pid: 1289
[2026-03-30 02:54:22 +0000] [1216] [INFO] Started server process [1216]
[2026-03-30 02:54:22 +0000] [1216] [INFO] Waiting for application startup.
[2026-03-30 02:54:22 +0000] [1216] [INFO] Application startup complete.
[2026-03-30 02:54:22 +0000] [1218] [INFO] Started server process [1218]
[2026-03-30 02:54:22 +0000] [1218] [INFO] Waiting for application startup.
[2026-03-30 02:54:22 +0000] [1218] [INFO] Application startup complete.
[2026-03-30 02:54:23 +0000] [1379] [INFO] Booting worker with pid: 1379
[2026-03-30 02:54:23 +0000] [1289] [INFO] Started server process [1289]
[2026-03-30 02:54:23 +0000] [1289] [INFO] Waiting for application startup.
[2026-03-30 02:54:23 +0000] [1289] [INFO] Application startup complete.
[2026-03-30 02:54:23 +0000] [1382] [INFO] Booting worker with pid: 1382
[2026-03-30 02:54:23 +0000] [1385] [INFO] Booting worker with pid: 1385
[2026-03-30 02:54:23 +0000] [1379] [INFO] Started server process [1379]
[2026-03-30 02:54:23 +0000] [1379] [INFO] Waiting for application startup.
[2026-03-30 02:54:23 +0000] [1379] [INFO] Application startup complete.
[2026-03-30 02:54:23 +0000] [1387] [INFO] Booting worker with pid: 1387
[2026-03-30 02:54:23 +0000] [1389] [INFO] Booting worker with pid: 1389
[2026-03-30 02:54:23 +0000] [1390] [INFO] Booting worker with pid: 1390
[2026-03-30 02:54:23 +0000] [1382] [INFO] Started server process [1382]
[2026-03-30 02:54:23 +0000] [1382] [INFO] Waiting for application startup.
[2026-03-30 02:54:23 +0000] [1382] [INFO] Application startup complete.
[2026-03-30 02:54:23 +0000] [1395] [INFO] Booting worker with pid: 1395
[2026-03-30 02:54:23 +0000] [1399] [INFO] Booting worker with pid: 1399
[2026-03-30 02:54:23 +0000] [1385] [INFO] Started server process [1385]
[2026-03-30 02:54:23 +0000] [1385] [INFO] Waiting for application startup.
[2026-03-30 02:54:23 +0000] [1385] [INFO] Application startup complete.
[2026-03-30 02:54:23 +0000] [1387] [INFO] Started server process [1387]
[2026-03-30 02:54:23 +0000] [1387] [INFO] Waiting for application startup.
[2026-03-30 02:54:23 +0000] [1387] [INFO] Application startup complete.
[2026-03-30 02:54:23 +0000] [1389] [INFO] Started server process [1389]
[2026-03-30 02:54:23 +0000] [1389] [INFO] Waiting for application startup.
[2026-03-30 02:54:23 +0000] [1389] [INFO] Application startup complete.
[2026-03-30 02:54:23 +0000] [1405] [INFO] Booting worker with pid: 1405
[2026-03-30 02:54:23 +0000] [1390] [INFO] Started server process [1390]
[2026-03-30 02:54:23 +0000] [1390] [INFO] Waiting for application startup.
[2026-03-30 02:54:23 +0000] [1390] [INFO] Application startup complete.
[2026-03-30 02:54:23 +0000] [1395] [INFO] Started server process [1395]
[2026-03-30 02:54:23 +0000] [1395] [INFO] Waiting for application startup.
[2026-03-30 02:54:23 +0000] [1395] [INFO] Application startup complete.
[2026-03-30 02:54:23 +0000] [1399] [INFO] Started server process [1399]
[2026-03-30 02:54:23 +0000] [1399] [INFO] Waiting for application startup.
[2026-03-30 02:54:23 +0000] [1399] [INFO] Application startup complete.
[2026-03-30 02:54:23 +0000] [1413] [INFO] Booting worker with pid: 1413
[2026-03-30 02:54:23 +0000] [1405] [INFO] Started server process [1405]
[2026-03-30 02:54:23 +0000] [1405] [INFO] Waiting for application startup.
[2026-03-30 02:54:23 +0000] [1405] [INFO] Application startup complete.
[2026-03-30 02:54:23 +0000] [1415] [INFO] Booting worker with pid: 1415
[2026-03-30 02:54:23 +0000] [1418] [INFO] Booting worker with pid: 1418
[2026-03-30 02:54:23 +0000] [1413] [INFO] Started server process [1413]
[2026-03-30 02:54:23 +0000] [1413] [INFO] Waiting for application startup.
[2026-03-30 02:54:23 +0000] [1413] [INFO] Application startup complete.
[2026-03-30 02:54:23 +0000] [1415] [INFO] Started server process [1415]
[2026-03-30 02:54:23 +0000] [1415] [INFO] Waiting for application startup.
[2026-03-30 02:54:23 +0000] [1415] [INFO] Application startup complete.
[2026-03-30 02:54:23 +0000] [1428] [INFO] Booting worker with pid: 1428
[2026-03-30 02:54:23 +0000] [1418] [INFO] Started server process [1418]
[2026-03-30 02:54:23 +0000] [1418] [INFO] Waiting for application startup.
[2026-03-30 02:54:23 +0000] [1418] [INFO] Application startup complete.
[2026-03-30 02:54:23 +0000] [1434] [INFO] Booting worker with pid: 1434
[2026-03-30 02:54:23 +0000] [1439] [INFO] Booting worker with pid: 1439
[2026-03-30 02:54:23 +0000] [1442] [INFO] Booting worker with pid: 1442
[2026-03-30 02:54:23 +0000] [1428] [INFO] Started server process [1428]
[2026-03-30 02:54:23 +0000] [1428] [INFO] Waiting for application startup.
[2026-03-30 02:54:23 +0000] [1428] [INFO] Application startup complete.
[2026-03-30 02:54:23 +0000] [1434] [INFO] Started server process [1434]
[2026-03-30 02:54:23 +0000] [1434] [INFO] Waiting for application startup.
[2026-03-30 02:54:23 +0000] [1434] [INFO] Application startup complete.
[2026-03-30 02:54:23 +0000] [1448] [INFO] Booting worker with pid: 1448
[2026-03-30 02:54:23 +0000] [1439] [INFO] Started server process [1439]
[2026-03-30 02:54:23 +0000] [1439] [INFO] Waiting for application startup.
[2026-03-30 02:54:23 +0000] [1439] [INFO] Application startup complete.
[2026-03-30 02:54:23 +0000] [1442] [INFO] Started server process [1442]
[2026-03-30 02:54:23 +0000] [1442] [INFO] Waiting for application startup.
[2026-03-30 02:54:23 +0000] [1442] [INFO] Application startup complete.
[2026-03-30 02:54:23 +0000] [1452] [INFO] Booting worker with pid: 1452
[2026-03-30 02:54:23 +0000] [1448] [INFO] Started server process [1448]
[2026-03-30 02:54:23 +0000] [1448] [INFO] Waiting for application startup.
[2026-03-30 02:54:23 +0000] [1448] [INFO] Application startup complete.
[2026-03-30 02:54:23 +0000] [1456] [INFO] Booting worker with pid: 1456
[2026-03-30 02:54:23 +0000] [1458] [INFO] Booting worker with pid: 1458
[2026-03-30 02:54:23 +0000] [1452] [INFO] Started server process [1452]
[2026-03-30 02:54:23 +0000] [1452] [INFO] Waiting for application startup.
[2026-03-30 02:54:23 +0000] [1452] [INFO] Application startup complete.
[2026-03-30 02:54:23 +0000] [1459] [INFO] Booting worker with pid: 1459
[2026-03-30 02:54:23 +0000] [1460] [INFO] Booting worker with pid: 1460
[2026-03-30 02:54:23 +0000] [1462] [INFO] Booting worker with pid: 1462
[2026-03-30 02:54:23 +0000] [1456] [INFO] Started server process [1456]
[2026-03-30 02:54:23 +0000] [1456] [INFO] Waiting for application startup.
[2026-03-30 02:54:23 +0000] [1456] [INFO] Application startup complete.
[2026-03-30 02:54:23 +0000] [1467] [INFO] Booting worker with pid: 1467
[2026-03-30 02:54:23 +0000] [1458] [INFO] Started server process [1458]
[2026-03-30 02:54:23 +0000] [1458] [INFO] Waiting for application startup.
[2026-03-30 02:54:23 +0000] [1458] [INFO] Application startup complete.
[2026-03-30 02:54:23 +0000] [1459] [INFO] Started server process [1459]
[2026-03-30 02:54:23 +0000] [1459] [INFO] Waiting for application startup.
[2026-03-30 02:54:23 +0000] [1459] [INFO] Application startup complete.
[2026-03-30 02:54:23 +0000] [1460] [INFO] Started server process [1460]
[2026-03-30 02:54:23 +0000] [1460] [INFO] Waiting for application startup.
[2026-03-30 02:54:23 +0000] [1460] [INFO] Application startup complete.
[2026-03-30 02:54:24 +0000] [1462] [INFO] Started server process [1462]
[2026-03-30 02:54:24 +0000] [1462] [INFO] Waiting for application startup.
[2026-03-30 02:54:24 +0000] [1462] [INFO] Application startup complete.
[2026-03-30 02:54:24 +0000] [1472] [INFO] Booting worker with pid: 1472
[2026-03-30 02:54:24 +0000] [1467] [INFO] Started server process [1467]
[2026-03-30 02:54:24 +0000] [1467] [INFO] Waiting for application startup.
[2026-03-30 02:54:24 +0000] [1467] [INFO] Application startup complete.
[2026-03-30 02:54:24 +0000] [1478] [INFO] Booting worker with pid: 1478
[2026-03-30 02:54:24 +0000] [1480] [INFO] Booting worker with pid: 1480
[2026-03-30 02:54:24 +0000] [1482] [INFO] Booting worker with pid: 1482
[2026-03-30 02:54:24 +0000] [1472] [INFO] Started server process [1472]
[2026-03-30 02:54:24 +0000] [1472] [INFO] Waiting for application startup.
[2026-03-30 02:54:24 +0000] [1472] [INFO] Application startup complete.
[2026-03-30 02:54:24 +0000] [1478] [INFO] Started server process [1478]
[2026-03-30 02:54:24 +0000] [1478] [INFO] Waiting for application startup.
[2026-03-30 02:54:24 +0000] [1478] [INFO] Application startup complete.
[2026-03-30 02:54:24 +0000] [1480] [INFO] Started server process [1480]
[2026-03-30 02:54:24 +0000] [1480] [INFO] Waiting for application startup.
[2026-03-30 02:54:24 +0000] [1480] [INFO] Application startup complete.
[2026-03-30 02:54:24 +0000] [1491] [INFO] Booting worker with pid: 1491
[2026-03-30 02:54:24 +0000] [1496] [INFO] Booting worker with pid: 1496
[2026-03-30 02:54:24 +0000] [1482] [INFO] Started server process [1482]
[2026-03-30 02:54:24 +0000] [1482] [INFO] Waiting for application startup.
[2026-03-30 02:54:24 +0000] [1482] [INFO] Application startup complete.
[2026-03-30 02:54:24 +0000] [1514] [INFO] Booting worker with pid: 1514
[2026-03-30 02:54:24 +0000] [1491] [INFO] Started server process [1491]
[2026-03-30 02:54:24 +0000] [1491] [INFO] Waiting for application startup.
[2026-03-30 02:54:24 +0000] [1491] [INFO] Application startup complete.
[2026-03-30 02:54:24 +0000] [1496] [INFO] Started server process [1496]
[2026-03-30 02:54:24 +0000] [1496] [INFO] Waiting for application startup.
[2026-03-30 02:54:24 +0000] [1496] [INFO] Application startup complete.
[2026-03-30 02:54:24 +0000] [1522] [INFO] Booting worker with pid: 1522
[2026-03-30 02:54:24 +0000] [1514] [INFO] Started server process [1514]
[2026-03-30 02:54:24 +0000] [1514] [INFO] Waiting for application startup.
[2026-03-30 02:54:24 +0000] [1514] [INFO] Application startup complete.
[2026-03-30 02:54:24 +0000] [1525] [INFO] Booting worker with pid: 1525
[2026-03-30 02:54:24 +0000] [1522] [INFO] Started server process [1522]
[2026-03-30 02:54:24 +0000] [1522] [INFO] Waiting for application startup.
[2026-03-30 02:54:24 +0000] [1522] [INFO] Application startup complete.
[2026-03-30 02:54:24 +0000] [1525] [INFO] Started server process [1525]
[2026-03-30 02:54:24 +0000] [1525] [INFO] Waiting for application startup.
[2026-03-30 02:54:24 +0000] [1525] [INFO] Application startup complete.
[2026-03-30 02:54:24 +0000] [1528] [INFO] Booting worker with pid: 1528
[2026-03-30 02:54:24 +0000] [1530] [INFO] Booting worker with pid: 1530
[2026-03-30 02:54:24 +0000] [1528] [INFO] Started server process [1528]
[2026-03-30 02:54:24 +0000] [1528] [INFO] Waiting for application startup.
[2026-03-30 02:54:24 +0000] [1528] [INFO] Application startup complete.
[2026-03-30 02:54:24 +0000] [1532] [INFO] Booting worker with pid: 1532
[2026-03-30 02:54:24 +0000] [1530] [INFO] Started server process [1530]
[2026-03-30 02:54:24 +0000] [1530] [INFO] Waiting for application startup.
[2026-03-30 02:54:24 +0000] [1530] [INFO] Application startup complete.
[2026-03-30 02:54:24 +0000] [1532] [INFO] Started server process [1532]
[2026-03-30 02:54:24 +0000] [1532] [INFO] Waiting for application startup.
[2026-03-30 02:54:24 +0000] [1532] [INFO] Application startup complete.
[2026-03-30 02:54:24 +0000] [1534] [INFO] Booting worker with pid: 1534
[2026-03-30 02:54:24 +0000] [1535] [INFO] Booting worker with pid: 1535
[2026-03-30 02:54:24 +0000] [1536] [INFO] Booting worker with pid: 1536
[2026-03-30 02:54:24 +0000] [1534] [INFO] Started server process [1534]
[2026-03-30 02:54:24 +0000] [1534] [INFO] Waiting for application startup.
[2026-03-30 02:54:24 +0000] [1534] [INFO] Application startup complete.
[2026-03-30 02:54:24 +0000] [1539] [INFO] Booting worker with pid: 1539
[2026-03-30 02:54:24 +0000] [1535] [INFO] Started server process [1535]
[2026-03-30 02:54:24 +0000] [1535] [INFO] Waiting for application startup.
[2026-03-30 02:54:24 +0000] [1535] [INFO] Application startup complete.
[2026-03-30 02:54:24 +0000] [1536] [INFO] Started server process [1536]
[2026-03-30 02:54:24 +0000] [1536] [INFO] Waiting for application startup.
[2026-03-30 02:54:24 +0000] [1536] [INFO] Application startup complete.
[2026-03-30 02:54:24 +0000] [1541] [INFO] Booting worker with pid: 1541
[2026-03-30 02:54:24 +0000] [1543] [INFO] Booting worker with pid: 1543
[2026-03-30 02:54:24 +0000] [1539] [INFO] Started server process [1539]
[2026-03-30 02:54:24 +0000] [1539] [INFO] Waiting for application startup.
[2026-03-30 02:54:24 +0000] [1539] [INFO] Application startup complete.
[2026-03-30 02:54:25 +0000] [1541] [INFO] Started server process [1541]
[2026-03-30 02:54:25 +0000] [1541] [INFO] Waiting for application startup.
[2026-03-30 02:54:25 +0000] [1541] [INFO] Application startup complete.
[2026-03-30 02:54:25 +0000] [1543] [INFO] Started server process [1543]
[2026-03-30 02:54:25 +0000] [1543] [INFO] Waiting for application startup.
[2026-03-30 02:54:25 +0000] [1543] [INFO] Application startup complete.
[2026-03-30 02:54:25 +0000] [1546] [INFO] Booting worker with pid: 1546
[2026-03-30 02:54:25 +0000] [1547] [INFO] Booting worker with pid: 1547
[2026-03-30 02:54:25 +0000] [1548] [INFO] Booting worker with pid: 1548
[2026-03-30 02:54:25 +0000] [1550] [INFO] Booting worker with pid: 1550
[2026-03-30 02:54:25 +0000] [1546] [INFO] Started server process [1546]
[2026-03-30 02:54:25 +0000] [1546] [INFO] Waiting for application startup.
[2026-03-30 02:54:25 +0000] [1546] [INFO] Application startup complete.
[2026-03-30 02:54:25 +0000] [1552] [INFO] Booting worker with pid: 1552
[2026-03-30 02:54:25 +0000] [1547] [INFO] Started server process [1547]
[2026-03-30 02:54:25 +0000] [1547] [INFO] Waiting for application startup.
[2026-03-30 02:54:25 +0000] [1547] [INFO] Application startup complete.
[2026-03-30 02:54:25 +0000] [1548] [INFO] Started server process [1548]
[2026-03-30 02:54:25 +0000] [1548] [INFO] Waiting for application startup.
[2026-03-30 02:54:25 +0000] [1548] [INFO] Application startup complete.
[2026-03-30 02:54:25 +0000] [1555] [INFO] Booting worker with pid: 1555
[2026-03-30 02:54:25 +0000] [1550] [INFO] Started server process [1550]
[2026-03-30 02:54:25 +0000] [1550] [INFO] Waiting for application startup.
[2026-03-30 02:54:25 +0000] [1550] [INFO] Application startup complete.
[2026-03-30 02:54:25 +0000] [1552] [INFO] Started server process [1552]
[2026-03-30 02:54:25 +0000] [1552] [INFO] Waiting for application startup.
[2026-03-30 02:54:25 +0000] [1552] [INFO] Application startup complete.
[2026-03-30 02:54:25 +0000] [1555] [INFO] Started server process [1555]
[2026-03-30 02:54:25 +0000] [1555] [INFO] Waiting for application startup.
[2026-03-30 02:54:25 +0000] [1555] [INFO] Application startup complete.
[2026-03-30 02:54:25 +0000] [1558] [INFO] Booting worker with pid: 1558
[2026-03-30 02:54:25 +0000] [1559] [INFO] Booting worker with pid: 1559
[2026-03-30 02:54:25 +0000] [1560] [INFO] Booting worker with pid: 1560
[2026-03-30 02:54:25 +0000] [1562] [INFO] Booting worker with pid: 1562
[2026-03-30 02:54:25 +0000] [1558] [INFO] Started server process [1558]
[2026-03-30 02:54:25 +0000] [1558] [INFO] Waiting for application startup.
[2026-03-30 02:54:25 +0000] [1558] [INFO] Application startup complete.
[2026-03-30 02:54:25 +0000] [1559] [INFO] Started server process [1559]
[2026-03-30 02:54:25 +0000] [1559] [INFO] Waiting for application startup.
[2026-03-30 02:54:25 +0000] [1559] [INFO] Application startup complete.
[2026-03-30 02:54:25 +0000] [1560] [INFO] Started server process [1560]
[2026-03-30 02:54:25 +0000] [1560] [INFO] Waiting for application startup.
[2026-03-30 02:54:25 +0000] [1560] [INFO] Application startup complete.
[2026-03-30 02:54:25 +0000] [1566] [INFO] Booting worker with pid: 1566
[2026-03-30 02:54:25 +0000] [1562] [INFO] Started server process [1562]
[2026-03-30 02:54:25 +0000] [1562] [INFO] Waiting for application startup.
[2026-03-30 02:54:25 +0000] [1562] [INFO] Application startup complete.
[2026-03-30 02:54:25 +0000] [1567] [INFO] Booting worker with pid: 1567
[2026-03-30 02:54:25 +0000] [1566] [INFO] Started server process [1566]
[2026-03-30 02:54:25 +0000] [1566] [INFO] Waiting for application startup.
[2026-03-30 02:54:25 +0000] [1566] [INFO] Application startup complete.
[2026-03-30 02:54:25 +0000] [1569] [INFO] Booting worker with pid: 1569
[2026-03-30 02:54:25 +0000] [1567] [INFO] Started server process [1567]
[2026-03-30 02:54:25 +0000] [1567] [INFO] Waiting for application startup.
[2026-03-30 02:54:25 +0000] [1567] [INFO] Application startup complete.
[2026-03-30 02:54:25 +0000] [1569] [INFO] Started server process [1569]
[2026-03-30 02:54:25 +0000] [1569] [INFO] Waiting for application startup.
[2026-03-30 02:54:25 +0000] [1569] [INFO] Application startup complete.
[2026-03-30 02:54:25 +0000] [1572] [INFO] Booting worker with pid: 1572
[2026-03-30 02:54:25 +0000] [1574] [INFO] Booting worker with pid: 1574
[2026-03-30 02:54:25 +0000] [1572] [INFO] Started server process [1572]
[2026-03-30 02:54:25 +0000] [1572] [INFO] Waiting for application startup.
[2026-03-30 02:54:25 +0000] [1572] [INFO] Application startup complete.
[2026-03-30 02:54:25 +0000] [1575] [INFO] Booting worker with pid: 1575
[2026-03-30 02:54:25 +0000] [1576] [INFO] Booting worker with pid: 1576
[2026-03-30 02:54:25 +0000] [1574] [INFO] Started server process [1574]
[2026-03-30 02:54:25 +0000] [1574] [INFO] Waiting for application startup.
[2026-03-30 02:54:25 +0000] [1574] [INFO] Application startup complete.
[2026-03-30 02:54:25 +0000] [1575] [INFO] Started server process [1575]
[2026-03-30 02:54:25 +0000] [1575] [INFO] Waiting for application startup.
[2026-03-30 02:54:25 +0000] [1575] [INFO] Application startup complete.
[2026-03-30 02:54:25 +0000] [1576] [INFO] Started server process [1576]
[2026-03-30 02:54:25 +0000] [1576] [INFO] Waiting for application startup.
[2026-03-30 02:54:25 +0000] [1576] [INFO] Application startup complete.
[2026-03-30 02:54:25 +0000] [1580] [INFO] Booting worker with pid: 1580
[2026-03-30 02:54:25 +0000] [1581] [INFO] Booting worker with pid: 1581
[2026-03-30 02:54:25 +0000] [1580] [INFO] Started server process [1580]
[2026-03-30 02:54:25 +0000] [1580] [INFO] Waiting for application startup.
[2026-03-30 02:54:25 +0000] [1580] [INFO] Application startup complete.
[2026-03-30 02:54:25 +0000] [1583] [INFO] Booting worker with pid: 1583
[2026-03-30 02:54:25 +0000] [1584] [INFO] Booting worker with pid: 1584
[2026-03-30 02:54:26 +0000] [1586] [INFO] Booting worker with pid: 1586
[2026-03-30 02:54:26 +0000] [1581] [INFO] Started server process [1581]
[2026-03-30 02:54:26 +0000] [1581] [INFO] Waiting for application startup.
[2026-03-30 02:54:26 +0000] [1581] [INFO] Application startup complete.
[2026-03-30 02:54:26 +0000] [1587] [INFO] Booting worker with pid: 1587
[2026-03-30 02:54:26 +0000] [1589] [INFO] Booting worker with pid: 1589
[2026-03-30 02:54:26 +0000] [1583] [INFO] Started server process [1583]
[2026-03-30 02:54:26 +0000] [1583] [INFO] Waiting for application startup.
[2026-03-30 02:54:26 +0000] [1583] [INFO] Application startup complete.
[2026-03-30 02:54:26 +0000] [1584] [INFO] Started server process [1584]
[2026-03-30 02:54:26 +0000] [1584] [INFO] Waiting for application startup.
[2026-03-30 02:54:26 +0000] [1584] [INFO] Application startup complete.
[2026-03-30 02:54:26 +0000] [1586] [INFO] Started server process [1586]
[2026-03-30 02:54:26 +0000] [1586] [INFO] Waiting for application startup.
[2026-03-30 02:54:26 +0000] [1586] [INFO] Application startup complete.
[2026-03-30 02:54:26 +0000] [1593] [INFO] Booting worker with pid: 1593
[2026-03-30 02:54:26 +0000] [1587] [INFO] Started server process [1587]
[2026-03-30 02:54:26 +0000] [1587] [INFO] Waiting for application startup.
[2026-03-30 02:54:26 +0000] [1587] [INFO] Application startup complete.
[2026-03-30 02:54:26 +0000] [1595] [INFO] Booting worker with pid: 1595
[2026-03-30 02:54:26 +0000] [1589] [INFO] Started server process [1589]
[2026-03-30 02:54:26 +0000] [1589] [INFO] Waiting for application startup.
[2026-03-30 02:54:26 +0000] [1589] [INFO] Application startup complete.
[2026-03-30 02:54:26 +0000] [1593] [INFO] Started server process [1593]
[2026-03-30 02:54:26 +0000] [1593] [INFO] Waiting for application startup.
[2026-03-30 02:54:26 +0000] [1593] [INFO] Application startup complete.
[2026-03-30 02:54:26 +0000] [1595] [INFO] Started server process [1595]
[2026-03-30 02:54:26 +0000] [1595] [INFO] Waiting for application startup.
[2026-03-30 02:54:26 +0000] [1595] [INFO] Application startup complete.
[2026-03-30 02:54:26 +0000] [1598] [INFO] Booting worker with pid: 1598
[2026-03-30 02:54:26 +0000] [1599] [INFO] Booting worker with pid: 1599
[2026-03-30 02:54:26 +0000] [1598] [INFO] Started server process [1598]
[2026-03-30 02:54:26 +0000] [1598] [INFO] Waiting for application startup.
[2026-03-30 02:54:26 +0000] [1598] [INFO] Application startup complete.
[2026-03-30 02:54:26 +0000] [1599] [INFO] Started server process [1599]
[2026-03-30 02:54:26 +0000] [1599] [INFO] Waiting for application startup.
[2026-03-30 02:54:26 +0000] [1599] [INFO] Application startup complete.
[2026-03-30 02:54:26 +0000] [1602] [INFO] Booting worker with pid: 1602
[2026-03-30 02:54:26 +0000] [1603] [INFO] Booting worker with pid: 1603
[2026-03-30 02:54:26 +0000] [1602] [INFO] Started server process [1602]
[2026-03-30 02:54:26 +0000] [1602] [INFO] Waiting for application startup.
[2026-03-30 02:54:26 +0000] [1602] [INFO] Application startup complete.
[2026-03-30 02:54:26 +0000] [1605] [INFO] Booting worker with pid: 1605
[2026-03-30 02:54:26 +0000] [1603] [INFO] Started server process [1603]
[2026-03-30 02:54:26 +0000] [1603] [INFO] Waiting for application startup.
[2026-03-30 02:54:26 +0000] [1603] [INFO] Application startup complete.
[2026-03-30 02:54:26 +0000] [1605] [INFO] Started server process [1605]
[2026-03-30 02:54:26 +0000] [1605] [INFO] Waiting for application startup.
[2026-03-30 02:54:26 +0000] [1605] [INFO] Application startup complete.
[2026-03-30 02:54:26 +0000] [1608] [INFO] Booting worker with pid: 1608
[2026-03-30 02:54:26 +0000] [1610] [INFO] Booting worker with pid: 1610
[2026-03-30 02:54:26 +0000] [1608] [INFO] Started server process [1608]
[2026-03-30 02:54:26 +0000] [1608] [INFO] Waiting for application startup.
[2026-03-30 02:54:26 +0000] [1608] [INFO] Application startup complete.
[2026-03-30 02:54:26 +0000] [1611] [INFO] Booting worker with pid: 1611
[2026-03-30 02:54:26 +0000] [1612] [INFO] Booting worker with pid: 1612
[2026-03-30 02:54:26 +0000] [1610] [INFO] Started server process [1610]
[2026-03-30 02:54:26 +0000] [1610] [INFO] Waiting for application startup.
[2026-03-30 02:54:26 +0000] [1615] [INFO] Booting worker with pid: 1615
[2026-03-30 02:54:26 +0000] [1610] [INFO] Application startup complete.
[2026-03-30 02:54:26 +0000] [1611] [INFO] Started server process [1611]
[2026-03-30 02:54:26 +0000] [1611] [INFO] Waiting for application startup.
[2026-03-30 02:54:26 +0000] [1611] [INFO] Application startup complete.
[2026-03-30 02:54:26 +0000] [1616] [INFO] Booting worker with pid: 1616
[2026-03-30 02:54:26 +0000] [1617] [INFO] Booting worker with pid: 1617
[2026-03-30 02:54:26 +0000] [1612] [INFO] Started server process [1612]
[2026-03-30 02:54:26 +0000] [1612] [INFO] Waiting for application startup.
[2026-03-30 02:54:26 +0000] [1612] [INFO] Application startup complete.
[2026-03-30 02:54:26 +0000] [1620] [INFO] Booting worker with pid: 1620
[2026-03-30 02:54:26 +0000] [1615] [INFO] Started server process [1615]
[2026-03-30 02:54:26 +0000] [1615] [INFO] Waiting for application startup.
[2026-03-30 02:54:26 +0000] [1615] [INFO] Application startup complete.
[2026-03-30 02:54:26 +0000] [1623] [INFO] Booting worker with pid: 1623
[2026-03-30 02:54:26 +0000] [1616] [INFO] Started server process [1616]
[2026-03-30 02:54:26 +0000] [1616] [INFO] Waiting for application startup.
[2026-03-30 02:54:26 +0000] [1616] [INFO] Application startup complete.
[2026-03-30 02:54:26 +0000] [1617] [INFO] Started server process [1617]
[2026-03-30 02:54:26 +0000] [1617] [INFO] Waiting for application startup.
[2026-03-30 02:54:26 +0000] [1617] [INFO] Application startup complete.
[2026-03-30 02:54:26 +0000] [1620] [INFO] Started server process [1620]
[2026-03-30 02:54:26 +0000] [1620] [INFO] Waiting for application startup.
[2026-03-30 02:54:26 +0000] [1620] [INFO] Application startup complete.
[2026-03-30 02:54:26 +0000] [1625] [INFO] Booting worker with pid: 1625
[2026-03-30 02:54:26 +0000] [1626] [INFO] Booting worker with pid: 1626
[2026-03-30 02:54:26 +0000] [1628] [INFO] Booting worker with pid: 1628
[2026-03-30 02:54:26 +0000] [1629] [INFO] Booting worker with pid: 1629
[2026-03-30 02:54:26 +0000] [1623] [INFO] Started server process [1623]
[2026-03-30 02:54:26 +0000] [1623] [INFO] Waiting for application startup.
[2026-03-30 02:54:26 +0000] [1623] [INFO] Application startup complete.
[2026-03-30 02:54:26 +0000] [1625] [INFO] Started server process [1625]
[2026-03-30 02:54:26 +0000] [1625] [INFO] Waiting for application startup.
[2026-03-30 02:54:26 +0000] [1625] [INFO] Application startup complete.
[2026-03-30 02:54:26 +0000] [1626] [INFO] Started server process [1626]
[2026-03-30 02:54:26 +0000] [1626] [INFO] Waiting for application startup.
[2026-03-30 02:54:26 +0000] [1626] [INFO] Application startup complete.
[2026-03-30 02:54:26 +0000] [1634] [INFO] Booting worker with pid: 1634
[2026-03-30 02:54:26 +0000] [1628] [INFO] Started server process [1628]
[2026-03-30 02:54:26 +0000] [1628] [INFO] Waiting for application startup.
[2026-03-30 02:54:26 +0000] [1628] [INFO] Application startup complete.
[2026-03-30 02:54:26 +0000] [1629] [INFO] Started server process [1629]
[2026-03-30 02:54:26 +0000] [1629] [INFO] Waiting for application startup.
[2026-03-30 02:54:26 +0000] [1629] [INFO] Application startup complete.
[2026-03-30 02:54:27 +0000] [1634] [INFO] Started server process [1634]
[2026-03-30 02:54:27 +0000] [1634] [INFO] Waiting for application startup.
[2026-03-30 02:54:27 +0000] [1634] [INFO] Application startup complete.
[2026-03-30 02:54:27 +0000] [1636] [INFO] Booting worker with pid: 1636
[2026-03-30 02:54:27 +0000] [1638] [INFO] Booting worker with pid: 1638
[2026-03-30 02:54:27 +0000] [1636] [INFO] Started server process [1636]
[2026-03-30 02:54:27 +0000] [1636] [INFO] Waiting for application startup.
[2026-03-30 02:54:27 +0000] [1636] [INFO] Application startup complete.
[2026-03-30 02:54:27 +0000] [1639] [INFO] Booting worker with pid: 1639
[2026-03-30 02:54:27 +0000] [1640] [INFO] Booting worker with pid: 1640
[2026-03-30 02:54:27 +0000] [1641] [INFO] Booting worker with pid: 1641
[2026-03-30 02:54:27 +0000] [1642] [INFO] Booting worker with pid: 1642
[2026-03-30 02:54:27 +0000] [1638] [INFO] Started server process [1638]
[2026-03-30 02:54:27 +0000] [1638] [INFO] Waiting for application startup.
[2026-03-30 02:54:27 +0000] [1638] [INFO] Application startup complete.
[2026-03-30 02:54:27 +0000] [1640] [INFO] Started server process [1640]
[2026-03-30 02:54:27 +0000] [1640] [INFO] Waiting for application startup.
[2026-03-30 02:54:27 +0000] [1640] [INFO] Application startup complete.
[2026-03-30 02:54:27 +0000] [1639] [INFO] Started server process [1639]
[2026-03-30 02:54:27 +0000] [1639] [INFO] Waiting for application startup.
[2026-03-30 02:54:27 +0000] [1639] [INFO] Application startup complete.
[2026-03-30 02:54:27 +0000] [1646] [INFO] Booting worker with pid: 1646
[2026-03-30 02:54:27 +0000] [1647] [INFO] Booting worker with pid: 1647
[2026-03-30 02:54:27 +0000] [1646] [INFO] Started server process [1646]
[2026-03-30 02:54:27 +0000] [1646] [INFO] Waiting for application startup.
[2026-03-30 02:54:27 +0000] [1646] [INFO] Application startup complete.
[2026-03-30 02:54:27 +0000] [1650] [INFO] Booting worker with pid: 1650
[2026-03-30 02:54:27 +0000] [1642] [INFO] Started server process [1642]
[2026-03-30 02:54:27 +0000] [1642] [INFO] Waiting for application startup.
[2026-03-30 02:54:27 +0000] [1642] [INFO] Application startup complete.
[2026-03-30 02:54:27 +0000] [1652] [INFO] Booting worker with pid: 1652
[2026-03-30 02:54:27 +0000] [1641] [INFO] Started server process [1641]
[2026-03-30 02:54:27 +0000] [1641] [INFO] Waiting for application startup.
[2026-03-30 02:54:27 +0000] [1641] [INFO] Application startup complete.
[2026-03-30 02:54:27 +0000] [1647] [INFO] Started server process [1647]
[2026-03-30 02:54:27 +0000] [1647] [INFO] Waiting for application startup.
[2026-03-30 02:54:27 +0000] [1647] [INFO] Application startup complete.
[2026-03-30 02:54:27 +0000] [1655] [INFO] Booting worker with pid: 1655
[2026-03-30 02:54:27 +0000] [1650] [INFO] Started server process [1650]
[2026-03-30 02:54:27 +0000] [1650] [INFO] Waiting for application startup.
[2026-03-30 02:54:27 +0000] [1650] [INFO] Application startup complete.
[2026-03-30 02:54:27 +0000] [1657] [INFO] Booting worker with pid: 1657
[2026-03-30 02:54:27 +0000] [1652] [INFO] Started server process [1652]
[2026-03-30 02:54:27 +0000] [1652] [INFO] Waiting for application startup.
[2026-03-30 02:54:27 +0000] [1652] [INFO] Application startup complete.
[2026-03-30 02:54:27 +0000] [1740] [INFO] Booting worker with pid: 1740
[2026-03-30 02:54:27 +0000] [1655] [INFO] Started server process [1655]
[2026-03-30 02:54:27 +0000] [1655] [INFO] Waiting for application startup.
[2026-03-30 02:54:27 +0000] [1655] [INFO] Application startup complete.
[2026-03-30 02:54:27 +0000] [1657] [INFO] Started server process [1657]
[2026-03-30 02:54:27 +0000] [1657] [INFO] Waiting for application startup.
[2026-03-30 02:54:27 +0000] [1657] [INFO] Application startup complete.
[2026-03-30 02:54:27 +0000] [1800] [INFO] Booting worker with pid: 1800
[2026-03-30 02:54:27 +0000] [1815] [INFO] Booting worker with pid: 1815
[2026-03-30 02:54:27 +0000] [1818] [INFO] Booting worker with pid: 1818
[2026-03-30 02:54:27 +0000] [1740] [INFO] Started server process [1740]
[2026-03-30 02:54:27 +0000] [1740] [INFO] Waiting for application startup.
[2026-03-30 02:54:27 +0000] [1740] [INFO] Application startup complete.
[2026-03-30 02:54:27 +0000] [1850] [INFO] Booting worker with pid: 1850
[2026-03-30 02:54:27 +0000] [1800] [INFO] Started server process [1800]
[2026-03-30 02:54:27 +0000] [1800] [INFO] Waiting for application startup.
[2026-03-30 02:54:27 +0000] [1800] [INFO] Application startup complete.
[2026-03-30 02:54:27 +0000] [1815] [INFO] Started server process [1815]
[2026-03-30 02:54:27 +0000] [1815] [INFO] Waiting for application startup.
[2026-03-30 02:54:27 +0000] [1815] [INFO] Application startup complete.
[2026-03-30 02:54:27 +0000] [1818] [INFO] Started server process [1818]
[2026-03-30 02:54:27 +0000] [1818] [INFO] Waiting for application startup.
[2026-03-30 02:54:27 +0000] [1818] [INFO] Application startup complete.
[2026-03-30 02:54:27 +0000] [1891] [INFO] Booting worker with pid: 1891
[2026-03-30 02:54:27 +0000] [1899] [INFO] Booting worker with pid: 1899
[2026-03-30 02:54:27 +0000] [1850] [INFO] Started server process [1850]
[2026-03-30 02:54:27 +0000] [1850] [INFO] Waiting for application startup.
[2026-03-30 02:54:27 +0000] [1850] [INFO] Application startup complete.
[2026-03-30 02:54:27 +0000] [1891] [INFO] Started server process [1891]
[2026-03-30 02:54:27 +0000] [1891] [INFO] Waiting for application startup.
[2026-03-30 02:54:27 +0000] [1891] [INFO] Application startup complete.
[2026-03-30 02:54:27 +0000] [1917] [INFO] Booting worker with pid: 1917
[2026-03-30 02:54:27 +0000] [1899] [INFO] Started server process [1899]
[2026-03-30 02:54:27 +0000] [1899] [INFO] Waiting for application startup.
[2026-03-30 02:54:27 +0000] [1899] [INFO] Application startup complete.
[2026-03-30 02:54:28 +0000] [1921] [INFO] Booting worker with pid: 1921
[2026-03-30 02:54:28 +0000] [1917] [INFO] Started server process [1917]
[2026-03-30 02:54:28 +0000] [1917] [INFO] Waiting for application startup.
[2026-03-30 02:54:28 +0000] [1917] [INFO] Application startup complete.
[2026-03-30 02:54:28 +0000] [1922] [INFO] Booting worker with pid: 1922
[2026-03-30 02:54:28 +0000] [1924] [INFO] Booting worker with pid: 1924
[2026-03-30 02:54:28 +0000] [1921] [INFO] Started server process [1921]
[2026-03-30 02:54:28 +0000] [1921] [INFO] Waiting for application startup.
[2026-03-30 02:54:28 +0000] [1921] [INFO] Application startup complete.
[2026-03-30 02:54:28 +0000] [1922] [INFO] Started server process [1922]
[2026-03-30 02:54:28 +0000] [1922] [INFO] Waiting for application startup.
[2026-03-30 02:54:28 +0000] [1922] [INFO] Application startup complete.
[2026-03-30 02:54:28 +0000] [1926] [INFO] Booting worker with pid: 1926
[2026-03-30 02:54:28 +0000] [1924] [INFO] Started server process [1924]
[2026-03-30 02:54:28 +0000] [1924] [INFO] Waiting for application startup.
[2026-03-30 02:54:28 +0000] [1924] [INFO] Application startup complete.
[2026-03-30 02:54:28 +0000] [1929] [INFO] Booting worker with pid: 1929
[2026-03-30 02:54:28 +0000] [1926] [INFO] Started server process [1926]
[2026-03-30 02:54:28 +0000] [1926] [INFO] Waiting for application startup.
[2026-03-30 02:54:28 +0000] [1926] [INFO] Application startup complete.
[2026-03-30 02:54:28 +0000] [1930] [INFO] Booting worker with pid: 1930
[2026-03-30 02:54:28 +0000] [1929] [INFO] Started server process [1929]
[2026-03-30 02:54:28 +0000] [1929] [INFO] Waiting for application startup.
[2026-03-30 02:54:28 +0000] [1929] [INFO] Application startup complete.
[2026-03-30 02:54:28 +0000] [1933] [INFO] Booting worker with pid: 1933
[2026-03-30 02:54:28 +0000] [1930] [INFO] Started server process [1930]
[2026-03-30 02:54:28 +0000] [1930] [INFO] Waiting for application startup.
[2026-03-30 02:54:28 +0000] [1930] [INFO] Application startup complete.
[2026-03-30 02:54:28 +0000] [1934] [INFO] Booting worker with pid: 1934
[2026-03-30 02:54:28 +0000] [1935] [INFO] Booting worker with pid: 1935
[2026-03-30 02:54:28 +0000] [1933] [INFO] Started server process [1933]
[2026-03-30 02:54:28 +0000] [1933] [INFO] Waiting for application startup.
[2026-03-30 02:54:28 +0000] [1933] [INFO] Application startup complete.
[2026-03-30 02:54:28 +0000] [1937] [INFO] Booting worker with pid: 1937
[2026-03-30 02:54:28 +0000] [1938] [INFO] Booting worker with pid: 1938
[2026-03-30 02:54:28 +0000] [1934] [INFO] Started server process [1934]
[2026-03-30 02:54:28 +0000] [1934] [INFO] Waiting for application startup.
[2026-03-30 02:54:28 +0000] [1934] [INFO] Application startup complete.
[2026-03-30 02:54:28 +0000] [1935] [INFO] Started server process [1935]
[2026-03-30 02:54:28 +0000] [1935] [INFO] Waiting for application startup.
[2026-03-30 02:54:28 +0000] [1935] [INFO] Application startup complete.
[2026-03-30 02:54:28 +0000] [1942] [INFO] Booting worker with pid: 1942
[2026-03-30 02:54:28 +0000] [1937] [INFO] Started server process [1937]
[2026-03-30 02:54:28 +0000] [1937] [INFO] Waiting for application startup.
[2026-03-30 02:54:28 +0000] [1937] [INFO] Application startup complete.
[2026-03-30 02:54:28 +0000] [1942] [INFO] Started server process [1942]
[2026-03-30 02:54:28 +0000] [1942] [INFO] Waiting for application startup.
[2026-03-30 02:54:28 +0000] [1942] [INFO] Application startup complete.
[2026-03-30 02:54:28 +0000] [1944] [INFO] Booting worker with pid: 1944
[2026-03-30 02:54:28 +0000] [1945] [INFO] Booting worker with pid: 1945
[2026-03-30 02:54:28 +0000] [1947] [INFO] Booting worker with pid: 1947
[2026-03-30 02:54:28 +0000] [1938] [INFO] Started server process [1938]
[2026-03-30 02:54:28 +0000] [1938] [INFO] Waiting for application startup.
[2026-03-30 02:54:28 +0000] [1938] [INFO] Application startup complete.
[2026-03-30 02:54:28 +0000] [1944] [INFO] Started server process [1944]
[2026-03-30 02:54:28 +0000] [1944] [INFO] Waiting for application startup.
[2026-03-30 02:54:28 +0000] [1944] [INFO] Application startup complete.
[2026-03-30 02:54:28 +0000] [1945] [INFO] Started server process [1945]
[2026-03-30 02:54:28 +0000] [1945] [INFO] Waiting for application startup.
[2026-03-30 02:54:28 +0000] [1945] [INFO] Application startup complete.
[2026-03-30 02:54:28 +0000] [1951] [INFO] Booting worker with pid: 1951
[2026-03-30 02:54:28 +0000] [1947] [INFO] Started server process [1947]
[2026-03-30 02:54:28 +0000] [1947] [INFO] Waiting for application startup.
[2026-03-30 02:54:28 +0000] [1947] [INFO] Application startup complete.
[2026-03-30 02:54:28 +0000] [1952] [INFO] Booting worker with pid: 1952
[2026-03-30 02:54:28 +0000] [1954] [INFO] Booting worker with pid: 1954
[2026-03-30 02:54:28 +0000] [1951] [INFO] Started server process [1951]
[2026-03-30 02:54:28 +0000] [1951] [INFO] Waiting for application startup.
[2026-03-30 02:54:28 +0000] [1951] [INFO] Application startup complete.
[2026-03-30 02:54:29 +0000] [1952] [INFO] Started server process [1952]
[2026-03-30 02:54:29 +0000] [1952] [INFO] Waiting for application startup.
[2026-03-30 02:54:29 +0000] [1952] [INFO] Application startup complete.
[2026-03-30 02:54:29 +0000] [1956] [INFO] Booting worker with pid: 1956
[2026-03-30 02:54:29 +0000] [1954] [INFO] Started server process [1954]
[2026-03-30 02:54:29 +0000] [1954] [INFO] Waiting for application startup.
[2026-03-30 02:54:29 +0000] [1954] [INFO] Application startup complete.
[2026-03-30 02:54:29 +0000] [1956] [INFO] Started server process [1956]
[2026-03-30 02:54:29 +0000] [1956] [INFO] Waiting for application startup.
[2026-03-30 02:54:29 +0000] [1956] [INFO] Application startup complete.
[2026-03-30 02:54:29 +0000] [1959] [INFO] Booting worker with pid: 1959
[2026-03-30 02:54:29 +0000] [1961] [INFO] Booting worker with pid: 1961
[2026-03-30 02:54:29 +0000] [1959] [INFO] Started server process [1959]
[2026-03-30 02:54:29 +0000] [1959] [INFO] Waiting for application startup.
[2026-03-30 02:54:29 +0000] [1959] [INFO] Application startup complete.
[2026-03-30 02:54:29 +0000] [1963] [INFO] Booting worker with pid: 1963
[2026-03-30 02:54:29 +0000] [1961] [INFO] Started server process [1961]
[2026-03-30 02:54:29 +0000] [1961] [INFO] Waiting for application startup.
[2026-03-30 02:54:29 +0000] [1961] [INFO] Application startup complete.
[2026-03-30 02:54:29 +0000] [1965] [INFO] Booting worker with pid: 1965
[2026-03-30 02:54:29 +0000] [1963] [INFO] Started server process [1963]
[2026-03-30 02:54:29 +0000] [1963] [INFO] Waiting for application startup.
[2026-03-30 02:54:29 +0000] [1963] [INFO] Application startup complete.
[2026-03-30 02:54:29 +0000] [1966] [INFO] Booting worker with pid: 1966
[2026-03-30 02:54:29 +0000] [1965] [INFO] Started server process [1965]
[2026-03-30 02:54:29 +0000] [1965] [INFO] Waiting for application startup.
[2026-03-30 02:54:29 +0000] [1965] [INFO] Application startup complete.
[2026-03-30 02:54:29 +0000] [1968] [INFO] Booting worker with pid: 1968
[2026-03-30 02:54:29 +0000] [1966] [INFO] Started server process [1966]
[2026-03-30 02:54:29 +0000] [1966] [INFO] Waiting for application startup.
[2026-03-30 02:54:29 +0000] [1966] [INFO] Application startup complete.
[2026-03-30 02:54:29 +0000] [1970] [INFO] Booting worker with pid: 1970
[2026-03-30 02:54:29 +0000] [1968] [INFO] Started server process [1968]
[2026-03-30 02:54:29 +0000] [1968] [INFO] Waiting for application startup.
[2026-03-30 02:54:29 +0000] [1968] [INFO] Application startup complete.
[2026-03-30 02:54:29 +0000] [1972] [INFO] Booting worker with pid: 1972
[2026-03-30 02:54:29 +0000] [1974] [INFO] Booting worker with pid: 1974
[2026-03-30 02:54:29 +0000] [1970] [INFO] Started server process [1970]
[2026-03-30 02:54:29 +0000] [1970] [INFO] Waiting for application startup.
[2026-03-30 02:54:29 +0000] [1970] [INFO] Application startup complete.
[2026-03-30 02:54:29 +0000] [1975] [INFO] Booting worker with pid: 1975
[2026-03-30 02:54:29 +0000] [1972] [INFO] Started server process [1972]
[2026-03-30 02:54:29 +0000] [1972] [INFO] Waiting for application startup.
[2026-03-30 02:54:29 +0000] [1972] [INFO] Application startup complete.
[2026-03-30 02:54:29 +0000] [1974] [INFO] Started server process [1974]
[2026-03-30 02:54:29 +0000] [1974] [INFO] Waiting for application startup.
[2026-03-30 02:54:29 +0000] [1974] [INFO] Application startup complete.
[2026-03-30 02:54:29 +0000] [1978] [INFO] Booting worker with pid: 1978
[2026-03-30 02:54:29 +0000] [1979] [INFO] Booting worker with pid: 1979
[2026-03-30 02:54:29 +0000] [1975] [INFO] Started server process [1975]
[2026-03-30 02:54:29 +0000] [1975] [INFO] Waiting for application startup.
[2026-03-30 02:54:29 +0000] [1975] [INFO] Application startup complete.
[2026-03-30 02:54:29 +0000] [1981] [INFO] Booting worker with pid: 1981
[2026-03-30 02:54:29 +0000] [1982] [INFO] Booting worker with pid: 1982
[2026-03-30 02:54:29 +0000] [1978] [INFO] Started server process [1978]
[2026-03-30 02:54:29 +0000] [1978] [INFO] Waiting for application startup.
[2026-03-30 02:54:29 +0000] [1978] [INFO] Application startup complete.
[2026-03-30 02:54:29 +0000] [1979] [INFO] Started server process [1979]
[2026-03-30 02:54:29 +0000] [1979] [INFO] Waiting for application startup.
[2026-03-30 02:54:29 +0000] [1979] [INFO] Application startup complete.
[2026-03-30 02:54:29 +0000] [1981] [INFO] Started server process [1981]
[2026-03-30 02:54:29 +0000] [1981] [INFO] Waiting for application startup.
[2026-03-30 02:54:29 +0000] [1981] [INFO] Application startup complete.
[2026-03-30 02:54:29 +0000] [1986] [INFO] Booting worker with pid: 1986
[2026-03-30 02:54:29 +0000] [1987] [INFO] Booting worker with pid: 1987
[2026-03-30 02:54:29 +0000] [1982] [INFO] Started server process [1982]
[2026-03-30 02:54:29 +0000] [1982] [INFO] Waiting for application startup.
[2026-03-30 02:54:29 +0000] [1982] [INFO] Application startup complete.
[2026-03-30 02:54:29 +0000] [1989] [INFO] Booting worker with pid: 1989
[2026-03-30 02:54:30 +0000] [1986] [INFO] Started server process [1986]
[2026-03-30 02:54:30 +0000] [1986] [INFO] Waiting for application startup.
[2026-03-30 02:54:30 +0000] [1986] [INFO] Application startup complete.
[2026-03-30 02:54:30 +0000] [1987] [INFO] Started server process [1987]
[2026-03-30 02:54:30 +0000] [1987] [INFO] Waiting for application startup.
[2026-03-30 02:54:30 +0000] [1987] [INFO] Application startup complete.
[2026-03-30 02:54:30 +0000] [1993] [INFO] Booting worker with pid: 1993
[2026-03-30 02:54:30 +0000] [1989] [INFO] Started server process [1989]
[2026-03-30 02:54:30 +0000] [1989] [INFO] Waiting for application startup.
[2026-03-30 02:54:30 +0000] [1989] [INFO] Application startup complete.
[2026-03-30 02:54:30 +0000] [1993] [INFO] Started server process [1993]
[2026-03-30 02:54:30 +0000] [1993] [INFO] Waiting for application startup.
[2026-03-30 02:54:30 +0000] [1993] [INFO] Application startup complete.
[2026-03-30 02:54:30 +0000] [1995] [INFO] Booting worker with pid: 1995
[2026-03-30 02:54:30 +0000] [1996] [INFO] Booting worker with pid: 1996
[2026-03-30 02:54:30 +0000] [1997] [INFO] Booting worker with pid: 1997
[2026-03-30 02:54:30 +0000] [1998] [INFO] Booting worker with pid: 1998
[2026-03-30 02:54:30 +0000] [1996] [INFO] Started server process [1996]
[2026-03-30 02:54:30 +0000] [1996] [INFO] Waiting for application startup.
[2026-03-30 02:54:30 +0000] [1996] [INFO] Application startup complete.
[2026-03-30 02:54:30 +0000] [1995] [INFO] Started server process [1995]
[2026-03-30 02:54:30 +0000] [1995] [INFO] Waiting for application startup.
[2026-03-30 02:54:30 +0000] [1995] [INFO] Application startup complete.
[2026-03-30 02:54:30 +0000] [2001] [INFO] Booting worker with pid: 2001
[2026-03-30 02:54:30 +0000] [1997] [INFO] Started server process [1997]
[2026-03-30 02:54:30 +0000] [1997] [INFO] Waiting for application startup.
[2026-03-30 02:54:30 +0000] [1997] [INFO] Application startup complete.
[2026-03-30 02:54:30 +0000] [1998] [INFO] Started server process [1998]
[2026-03-30 02:54:30 +0000] [1998] [INFO] Waiting for application startup.
[2026-03-30 02:54:30 +0000] [1998] [INFO] Application startup complete.
[2026-03-30 02:54:30 +0000] [2005] [INFO] Booting worker with pid: 2005
[2026-03-30 02:54:30 +0000] [2001] [INFO] Started server process [2001]
[2026-03-30 02:54:30 +0000] [2001] [INFO] Waiting for application startup.
[2026-03-30 02:54:30 +0000] [2001] [INFO] Application startup complete.
[2026-03-30 02:54:30 +0000] [2006] [INFO] Booting worker with pid: 2006
[2026-03-30 02:54:30 +0000] [2005] [INFO] Started server process [2005]
[2026-03-30 02:54:30 +0000] [2005] [INFO] Waiting for application startup.
[2026-03-30 02:54:30 +0000] [2005] [INFO] Application startup complete.
[2026-03-30 02:54:30 +0000] [2009] [INFO] Booting worker with pid: 2009
[2026-03-30 02:54:30 +0000] [2006] [INFO] Started server process [2006]
[2026-03-30 02:54:30 +0000] [2006] [INFO] Waiting for application startup.
[2026-03-30 02:54:30 +0000] [2006] [INFO] Application startup complete.
[2026-03-30 02:54:30 +0000] [2010] [INFO] Booting worker with pid: 2010
[2026-03-30 02:54:30 +0000] [2009] [INFO] Started server process [2009]
[2026-03-30 02:54:30 +0000] [2009] [INFO] Waiting for application startup.
[2026-03-30 02:54:30 +0000] [2009] [INFO] Application startup complete.
[2026-03-30 02:54:30 +0000] [2013] [INFO] Booting worker with pid: 2013
[2026-03-30 02:54:30 +0000] [2010] [INFO] Started server process [2010]
[2026-03-30 02:54:30 +0000] [2010] [INFO] Waiting for application startup.
[2026-03-30 02:54:30 +0000] [2010] [INFO] Application startup complete.
[2026-03-30 02:54:30 +0000] [2015] [INFO] Booting worker with pid: 2015
[2026-03-30 02:54:30 +0000] [2013] [INFO] Started server process [2013]
[2026-03-30 02:54:30 +0000] [2013] [INFO] Waiting for application startup.
[2026-03-30 02:54:30 +0000] [2013] [INFO] Application startup complete.
[2026-03-30 02:54:30 +0000] [2016] [INFO] Booting worker with pid: 2016
[2026-03-30 02:54:30 +0000] [2017] [INFO] Booting worker with pid: 2017
[2026-03-30 02:54:30 +0000] [2015] [INFO] Started server process [2015]
[2026-03-30 02:54:30 +0000] [2015] [INFO] Waiting for application startup.
[2026-03-30 02:54:30 +0000] [2015] [INFO] Application startup complete.
[2026-03-30 02:54:30 +0000] [2016] [INFO] Started server process [2016]
[2026-03-30 02:54:30 +0000] [2016] [INFO] Waiting for application startup.
[2026-03-30 02:54:30 +0000] [2016] [INFO] Application startup complete.
[2026-03-30 02:54:30 +0000] [2020] [INFO] Booting worker with pid: 2020
[2026-03-30 02:54:30 +0000] [2017] [INFO] Started server process [2017]
[2026-03-30 02:54:30 +0000] [2017] [INFO] Waiting for application startup.
[2026-03-30 02:54:30 +0000] [2017] [INFO] Application startup complete.
[2026-03-30 02:54:30 +0000] [2022] [INFO] Booting worker with pid: 2022
[2026-03-30 02:54:30 +0000] [2023] [INFO] Booting worker with pid: 2023
[2026-03-30 02:54:30 +0000] [2025] [INFO] Booting worker with pid: 2025
[2026-03-30 02:54:30 +0000] [2020] [INFO] Started server process [2020]
[2026-03-30 02:54:30 +0000] [2020] [INFO] Waiting for application startup.
[2026-03-30 02:54:30 +0000] [2020] [INFO] Application startup complete.
[2026-03-30 02:54:30 +0000] [2026] [INFO] Booting worker with pid: 2026
[2026-03-30 02:54:30 +0000] [2028] [INFO] Booting worker with pid: 2028
[2026-03-30 02:54:30 +0000] [2022] [INFO] Started server process [2022]
[2026-03-30 02:54:30 +0000] [2022] [INFO] Waiting for application startup.
[2026-03-30 02:54:30 +0000] [2022] [INFO] Application startup complete.
[2026-03-30 02:54:30 +0000] [2023] [INFO] Started server process [2023]
[2026-03-30 02:54:30 +0000] [2023] [INFO] Waiting for application startup.
[2026-03-30 02:54:30 +0000] [2023] [INFO] Application startup complete.
[2026-03-30 02:54:31 +0000] [2025] [INFO] Started server process [2025]
[2026-03-30 02:54:31 +0000] [2025] [INFO] Waiting for application startup.
[2026-03-30 02:54:31 +0000] [2025] [INFO] Application startup complete.
[2026-03-30 02:54:31 +0000] [2031] [INFO] Booting worker with pid: 2031
[2026-03-30 02:54:31 +0000] [2026] [INFO] Started server process [2026]
[2026-03-30 02:54:31 +0000] [2026] [INFO] Waiting for application startup.
[2026-03-30 02:54:31 +0000] [2026] [INFO] Application startup complete.
[2026-03-30 02:54:31 +0000] [2028] [INFO] Started server process [2028]
[2026-03-30 02:54:31 +0000] [2028] [INFO] Waiting for application startup.
[2026-03-30 02:54:31 +0000] [2028] [INFO] Application startup complete.
[2026-03-30 02:54:31 +0000] [2034] [INFO] Booting worker with pid: 2034
[2026-03-30 02:54:31 +0000] [2031] [INFO] Started server process [2031]
[2026-03-30 02:54:31 +0000] [2031] [INFO] Waiting for application startup.
[2026-03-30 02:54:31 +0000] [2031] [INFO] Application startup complete.
[2026-03-30 02:54:31 +0000] [2036] [INFO] Booting worker with pid: 2036
[2026-03-30 02:54:31 +0000] [2037] [INFO] Booting worker with pid: 2037
[2026-03-30 02:54:31 +0000] [2034] [INFO] Started server process [2034]
[2026-03-30 02:54:31 +0000] [2034] [INFO] Waiting for application startup.
[2026-03-30 02:54:31 +0000] [2034] [INFO] Application startup complete.
[2026-03-30 02:54:31 +0000] [2036] [INFO] Started server process [2036]
[2026-03-30 02:54:31 +0000] [2036] [INFO] Waiting for application startup.
[2026-03-30 02:54:31 +0000] [2036] [INFO] Application startup complete.
[2026-03-30 02:54:31 +0000] [2040] [INFO] Booting worker with pid: 2040
[2026-03-30 02:54:31 +0000] [2037] [INFO] Started server process [2037]
[2026-03-30 02:54:31 +0000] [2037] [INFO] Waiting for application startup.
[2026-03-30 02:54:31 +0000] [2037] [INFO] Application startup complete.
[2026-03-30 02:54:31 +0000] [2040] [INFO] Started server process [2040]
[2026-03-30 02:54:31 +0000] [2040] [INFO] Waiting for application startup.
[2026-03-30 02:54:31 +0000] [2040] [INFO] Application startup complete.
[2026-03-30 02:54:31 +0000] [2043] [INFO] Booting worker with pid: 2043
[2026-03-30 02:54:31 +0000] [2044] [INFO] Booting worker with pid: 2044
[2026-03-30 02:54:31 +0000] [2046] [INFO] Booting worker with pid: 2046
[2026-03-30 02:54:31 +0000] [2043] [INFO] Started server process [2043]
[2026-03-30 02:54:31 +0000] [2043] [INFO] Waiting for application startup.
[2026-03-30 02:54:31 +0000] [2043] [INFO] Application startup complete.
[2026-03-30 02:54:31 +0000] [2046] [INFO] Started server process [2046]
[2026-03-30 02:54:31 +0000] [2046] [INFO] Waiting for application startup.
[2026-03-30 02:54:31 +0000] [2046] [INFO] Application startup complete.
[2026-03-30 02:54:31 +0000] [2044] [INFO] Started server process [2044]
[2026-03-30 02:54:31 +0000] [2044] [INFO] Waiting for application startup.
[2026-03-30 02:54:31 +0000] [2044] [INFO] Application startup complete.
