[2026-03-16 17:21:01 +0000] [1] [INFO] Starting gunicorn 23.0.0
[2026-03-16 17:21:01 +0000] [1] [INFO] Listening at: http://0.0.0.0:8080 (1)
[2026-03-16 17:21:01 +0000] [1] [INFO] Using worker: uvicorn.workers.UvicornWorker
[2026-03-16 17:21:01 +0000] [7] [INFO] Booting worker with pid: 7
[2026-03-16 17:21:01 +0000] [8] [INFO] Booting worker with pid: 8
[2026-03-16 17:21:01 +0000] [9] [INFO] Booting worker with pid: 9
[2026-03-16 17:21:01 +0000] [10] [INFO] Booting worker with pid: 10
[2026-03-16 17:21:01 +0000] [11] [INFO] Booting worker with pid: 11
[2026-03-16 17:21:01 +0000] [12] [INFO] Booting worker with pid: 12
[2026-03-16 17:21:01 +0000] [13] [INFO] Booting worker with pid: 13
[2026-03-16 17:21:01 +0000] [15] [INFO] Booting worker with pid: 15
[2026-03-16 17:21:01 +0000] [7] [INFO] Started server process [7]
[2026-03-16 17:21:01 +0000] [7] [INFO] Waiting for application startup.
[2026-03-16 17:21:01 +0000] [7] [INFO] Application startup complete.
[2026-03-16 17:21:01 +0000] [8] [INFO] Started server process [8]
[2026-03-16 17:21:01 +0000] [8] [INFO] Waiting for application startup.
[2026-03-16 17:21:01 +0000] [8] [INFO] Application startup complete.
[2026-03-16 17:21:01 +0000] [9] [INFO] Started server process [9]
[2026-03-16 17:21:01 +0000] [9] [INFO] Waiting for application startup.
[2026-03-16 17:21:01 +0000] [9] [INFO] Application startup complete.
[2026-03-16 17:21:01 +0000] [18] [INFO] Booting worker with pid: 18
[2026-03-16 17:21:01 +0000] [10] [INFO] Started server process [10]
[2026-03-16 17:21:01 +0000] [10] [INFO] Waiting for application startup.
[2026-03-16 17:21:01 +0000] [10] [INFO] Application startup complete.
[2026-03-16 17:21:01 +0000] [11] [INFO] Started server process [11]
[2026-03-16 17:21:01 +0000] [11] [INFO] Waiting for application startup.
[2026-03-16 17:21:01 +0000] [11] [INFO] Application startup complete.
[2026-03-16 17:21:01 +0000] [21] [INFO] Booting worker with pid: 21
[2026-03-16 17:21:01 +0000] [12] [INFO] Started server process [12]
[2026-03-16 17:21:01 +0000] [12] [INFO] Waiting for application startup.
[2026-03-16 17:21:01 +0000] [12] [INFO] Application startup complete.
[2026-03-16 17:21:01 +0000] [13] [INFO] Started server process [13]
[2026-03-16 17:21:01 +0000] [13] [INFO] Waiting for application startup.
[2026-03-16 17:21:01 +0000] [13] [INFO] Application startup complete.
[2026-03-16 17:21:01 +0000] [25] [INFO] Booting worker with pid: 25
[2026-03-16 17:21:01 +0000] [15] [INFO] Started server process [15]
[2026-03-16 17:21:01 +0000] [15] [INFO] Waiting for application startup.
[2026-03-16 17:21:01 +0000] [15] [INFO] Application startup complete.
[2026-03-16 17:21:01 +0000] [27] [INFO] Booting worker with pid: 27
[2026-03-16 17:21:01 +0000] [18] [INFO] Started server process [18]
[2026-03-16 17:21:01 +0000] [18] [INFO] Waiting for application startup.
[2026-03-16 17:21:01 +0000] [18] [INFO] Application startup complete.
[2026-03-16 17:21:01 +0000] [29] [INFO] Booting worker with pid: 29
[2026-03-16 17:21:01 +0000] [21] [INFO] Started server process [21]
[2026-03-16 17:21:01 +0000] [21] [INFO] Waiting for application startup.
[2026-03-16 17:21:01 +0000] [21] [INFO] Application startup complete.
[2026-03-16 17:21:01 +0000] [30] [INFO] Booting worker with pid: 30
[2026-03-16 17:21:01 +0000] [31] [INFO] Booting worker with pid: 31
[2026-03-16 17:21:01 +0000] [25] [INFO] Started server process [25]
[2026-03-16 17:21:01 +0000] [25] [INFO] Waiting for application startup.
[2026-03-16 17:21:01 +0000] [33] [INFO] Booting worker with pid: 33
[2026-03-16 17:21:01 +0000] [25] [INFO] Application startup complete.
[2026-03-16 17:21:02 +0000] [34] [INFO] Booting worker with pid: 34
[2026-03-16 17:21:02 +0000] [27] [INFO] Started server process [27]
[2026-03-16 17:21:02 +0000] [27] [INFO] Waiting for application startup.
[2026-03-16 17:21:02 +0000] [27] [INFO] Application startup complete.
[2026-03-16 17:21:02 +0000] [37] [INFO] Booting worker with pid: 37
[2026-03-16 17:21:02 +0000] [29] [INFO] Started server process [29]
[2026-03-16 17:21:02 +0000] [29] [INFO] Waiting for application startup.
[2026-03-16 17:21:02 +0000] [29] [INFO] Application startup complete.
[2026-03-16 17:21:02 +0000] [38] [INFO] Booting worker with pid: 38
[2026-03-16 17:21:02 +0000] [30] [INFO] Started server process [30]
[2026-03-16 17:21:02 +0000] [30] [INFO] Waiting for application startup.
[2026-03-16 17:21:02 +0000] [30] [INFO] Application startup complete.
[2026-03-16 17:21:02 +0000] [31] [INFO] Started server process [31]
[2026-03-16 17:21:02 +0000] [31] [INFO] Waiting for application startup.
[2026-03-16 17:21:02 +0000] [31] [INFO] Application startup complete.
[2026-03-16 17:21:02 +0000] [42] [INFO] Booting worker with pid: 42
[2026-03-16 17:21:02 +0000] [33] [INFO] Started server process [33]
[2026-03-16 17:21:02 +0000] [33] [INFO] Waiting for application startup.
[2026-03-16 17:21:02 +0000] [33] [INFO] Application startup complete.
[2026-03-16 17:21:02 +0000] [43] [INFO] Booting worker with pid: 43
[2026-03-16 17:21:02 +0000] [44] [INFO] Booting worker with pid: 44
[2026-03-16 17:21:02 +0000] [34] [INFO] Started server process [34]
[2026-03-16 17:21:02 +0000] [34] [INFO] Waiting for application startup.
[2026-03-16 17:21:02 +0000] [34] [INFO] Application startup complete.
[2026-03-16 17:21:02 +0000] [46] [INFO] Booting worker with pid: 46
[2026-03-16 17:21:02 +0000] [47] [INFO] Booting worker with pid: 47
[2026-03-16 17:21:02 +0000] [37] [INFO] Started server process [37]
[2026-03-16 17:21:02 +0000] [37] [INFO] Waiting for application startup.
[2026-03-16 17:21:02 +0000] [37] [INFO] Application startup complete.
[2026-03-16 17:21:02 +0000] [38] [INFO] Started server process [38]
[2026-03-16 17:21:02 +0000] [38] [INFO] Waiting for application startup.
[2026-03-16 17:21:02 +0000] [38] [INFO] Application startup complete.
[2026-03-16 17:21:02 +0000] [50] [INFO] Booting worker with pid: 50
[2026-03-16 17:21:02 +0000] [51] [INFO] Booting worker with pid: 51
[2026-03-16 17:21:02 +0000] [42] [INFO] Started server process [42]
[2026-03-16 17:21:02 +0000] [42] [INFO] Waiting for application startup.
[2026-03-16 17:21:02 +0000] [42] [INFO] Application startup complete.
[2026-03-16 17:21:02 +0000] [54] [INFO] Booting worker with pid: 54
[2026-03-16 17:21:02 +0000] [43] [INFO] Started server process [43]
[2026-03-16 17:21:02 +0000] [43] [INFO] Waiting for application startup.
[2026-03-16 17:21:02 +0000] [43] [INFO] Application startup complete.
[2026-03-16 17:21:02 +0000] [44] [INFO] Started server process [44]
[2026-03-16 17:21:02 +0000] [44] [INFO] Waiting for application startup.
[2026-03-16 17:21:02 +0000] [44] [INFO] Application startup complete.
[2026-03-16 17:21:02 +0000] [46] [INFO] Started server process [46]
[2026-03-16 17:21:02 +0000] [46] [INFO] Waiting for application startup.
[2026-03-16 17:21:02 +0000] [46] [INFO] Application startup complete.
[2026-03-16 17:21:02 +0000] [57] [INFO] Booting worker with pid: 57
[2026-03-16 17:21:02 +0000] [47] [INFO] Started server process [47]
[2026-03-16 17:21:02 +0000] [47] [INFO] Waiting for application startup.
[2026-03-16 17:21:02 +0000] [47] [INFO] Application startup complete.
[2026-03-16 17:21:02 +0000] [59] [INFO] Booting worker with pid: 59
[2026-03-16 17:21:02 +0000] [50] [INFO] Started server process [50]
[2026-03-16 17:21:02 +0000] [50] [INFO] Waiting for application startup.
[2026-03-16 17:21:02 +0000] [50] [INFO] Application startup complete.
[2026-03-16 17:21:02 +0000] [61] [INFO] Booting worker with pid: 61
[2026-03-16 17:21:02 +0000] [51] [INFO] Started server process [51]
[2026-03-16 17:21:02 +0000] [51] [INFO] Waiting for application startup.
[2026-03-16 17:21:02 +0000] [51] [INFO] Application startup complete.
[2026-03-16 17:21:02 +0000] [64] [INFO] Booting worker with pid: 64
[2026-03-16 17:21:02 +0000] [54] [INFO] Started server process [54]
[2026-03-16 17:21:02 +0000] [54] [INFO] Waiting for application startup.
[2026-03-16 17:21:02 +0000] [54] [INFO] Application startup complete.
[2026-03-16 17:21:02 +0000] [65] [INFO] Booting worker with pid: 65
[2026-03-16 17:21:02 +0000] [66] [INFO] Booting worker with pid: 66
[2026-03-16 17:21:02 +0000] [68] [INFO] Booting worker with pid: 68
[2026-03-16 17:21:02 +0000] [57] [INFO] Started server process [57]
[2026-03-16 17:21:02 +0000] [57] [INFO] Waiting for application startup.
[2026-03-16 17:21:02 +0000] [57] [INFO] Application startup complete.
[2026-03-16 17:21:02 +0000] [59] [INFO] Started server process [59]
[2026-03-16 17:21:02 +0000] [59] [INFO] Waiting for application startup.
[2026-03-16 17:21:02 +0000] [59] [INFO] Application startup complete.
[2026-03-16 17:21:02 +0000] [70] [INFO] Booting worker with pid: 70
[2026-03-16 17:21:02 +0000] [71] [INFO] Booting worker with pid: 71
[2026-03-16 17:21:02 +0000] [72] [INFO] Booting worker with pid: 72
[2026-03-16 17:21:03 +0000] [61] [INFO] Started server process [61]
[2026-03-16 17:21:03 +0000] [61] [INFO] Waiting for application startup.
[2026-03-16 17:21:03 +0000] [61] [INFO] Application startup complete.
[2026-03-16 17:21:03 +0000] [74] [INFO] Booting worker with pid: 74
[2026-03-16 17:21:03 +0000] [75] [INFO] Booting worker with pid: 75
[2026-03-16 17:21:03 +0000] [64] [INFO] Started server process [64]
[2026-03-16 17:21:03 +0000] [64] [INFO] Waiting for application startup.
[2026-03-16 17:21:03 +0000] [64] [INFO] Application startup complete.
[2026-03-16 17:21:03 +0000] [78] [INFO] Booting worker with pid: 78
[2026-03-16 17:21:03 +0000] [65] [INFO] Started server process [65]
[2026-03-16 17:21:03 +0000] [65] [INFO] Waiting for application startup.
[2026-03-16 17:21:03 +0000] [65] [INFO] Application startup complete.
[2026-03-16 17:21:03 +0000] [66] [INFO] Started server process [66]
[2026-03-16 17:21:03 +0000] [66] [INFO] Waiting for application startup.
[2026-03-16 17:21:03 +0000] [66] [INFO] Application startup complete.
[2026-03-16 17:21:03 +0000] [68] [INFO] Started server process [68]
[2026-03-16 17:21:03 +0000] [68] [INFO] Waiting for application startup.
[2026-03-16 17:21:03 +0000] [68] [INFO] Application startup complete.
[2026-03-16 17:21:03 +0000] [81] [INFO] Booting worker with pid: 81
[2026-03-16 17:21:03 +0000] [82] [INFO] Booting worker with pid: 82
[2026-03-16 17:21:03 +0000] [70] [INFO] Started server process [70]
[2026-03-16 17:21:03 +0000] [70] [INFO] Waiting for application startup.
[2026-03-16 17:21:03 +0000] [70] [INFO] Application startup complete.
[2026-03-16 17:21:03 +0000] [71] [INFO] Started server process [71]
[2026-03-16 17:21:03 +0000] [71] [INFO] Waiting for application startup.
[2026-03-16 17:21:03 +0000] [71] [INFO] Application startup complete.
[2026-03-16 17:21:03 +0000] [85] [INFO] Booting worker with pid: 85
[2026-03-16 17:21:03 +0000] [88] [INFO] Booting worker with pid: 88
[2026-03-16 17:21:03 +0000] [75] [INFO] Started server process [75]
[2026-03-16 17:21:03 +0000] [75] [INFO] Waiting for application startup.
[2026-03-16 17:21:03 +0000] [75] [INFO] Application startup complete.
[2026-03-16 17:21:03 +0000] [74] [INFO] Started server process [74]
[2026-03-16 17:21:03 +0000] [74] [INFO] Waiting for application startup.
[2026-03-16 17:21:03 +0000] [74] [INFO] Application startup complete.
[2026-03-16 17:21:03 +0000] [72] [INFO] Started server process [72]
[2026-03-16 17:21:03 +0000] [72] [INFO] Waiting for application startup.
[2026-03-16 17:21:03 +0000] [72] [INFO] Application startup complete.
[2026-03-16 17:21:03 +0000] [78] [INFO] Started server process [78]
[2026-03-16 17:21:03 +0000] [78] [INFO] Waiting for application startup.
[2026-03-16 17:21:03 +0000] [78] [INFO] Application startup complete.
[2026-03-16 17:21:03 +0000] [91] [INFO] Booting worker with pid: 91
[2026-03-16 17:21:03 +0000] [81] [INFO] Started server process [81]
[2026-03-16 17:21:03 +0000] [81] [INFO] Waiting for application startup.
[2026-03-16 17:21:03 +0000] [81] [INFO] Application startup complete.
[2026-03-16 17:21:03 +0000] [93] [INFO] Booting worker with pid: 93
[2026-03-16 17:21:03 +0000] [95] [INFO] Booting worker with pid: 95
[2026-03-16 17:21:03 +0000] [96] [INFO] Booting worker with pid: 96
[2026-03-16 17:21:03 +0000] [82] [INFO] Started server process [82]
[2026-03-16 17:21:03 +0000] [82] [INFO] Waiting for application startup.
[2026-03-16 17:21:03 +0000] [82] [INFO] Application startup complete.
[2026-03-16 17:21:03 +0000] [97] [INFO] Booting worker with pid: 97
[2026-03-16 17:21:03 +0000] [98] [INFO] Booting worker with pid: 98
[2026-03-16 17:21:03 +0000] [85] [INFO] Started server process [85]
[2026-03-16 17:21:03 +0000] [85] [INFO] Waiting for application startup.
[2026-03-16 17:21:03 +0000] [85] [INFO] Application startup complete.
[2026-03-16 17:21:03 +0000] [88] [INFO] Started server process [88]
[2026-03-16 17:21:03 +0000] [88] [INFO] Waiting for application startup.
[2026-03-16 17:21:03 +0000] [88] [INFO] Application startup complete.
[2026-03-16 17:21:03 +0000] [101] [INFO] Booting worker with pid: 101
[2026-03-16 17:21:03 +0000] [102] [INFO] Booting worker with pid: 102
[2026-03-16 17:21:03 +0000] [91] [INFO] Started server process [91]
[2026-03-16 17:21:03 +0000] [91] [INFO] Waiting for application startup.
[2026-03-16 17:21:03 +0000] [91] [INFO] Application startup complete.
[2026-03-16 17:21:03 +0000] [105] [INFO] Booting worker with pid: 105
[2026-03-16 17:21:03 +0000] [93] [INFO] Started server process [93]
[2026-03-16 17:21:03 +0000] [93] [INFO] Waiting for application startup.
[2026-03-16 17:21:03 +0000] [93] [INFO] Application startup complete.
[2026-03-16 17:21:03 +0000] [95] [INFO] Started server process [95]
[2026-03-16 17:21:03 +0000] [95] [INFO] Waiting for application startup.
[2026-03-16 17:21:03 +0000] [95] [INFO] Application startup complete.
[2026-03-16 17:21:03 +0000] [96] [INFO] Started server process [96]
[2026-03-16 17:21:03 +0000] [96] [INFO] Waiting for application startup.
[2026-03-16 17:21:03 +0000] [96] [INFO] Application startup complete.
[2026-03-16 17:21:03 +0000] [108] [INFO] Booting worker with pid: 108
[2026-03-16 17:21:03 +0000] [97] [INFO] Started server process [97]
[2026-03-16 17:21:03 +0000] [97] [INFO] Waiting for application startup.
[2026-03-16 17:21:03 +0000] [97] [INFO] Application startup complete.
[2026-03-16 17:21:03 +0000] [98] [INFO] Started server process [98]
[2026-03-16 17:21:03 +0000] [98] [INFO] Waiting for application startup.
[2026-03-16 17:21:03 +0000] [98] [INFO] Application startup complete.
[2026-03-16 17:21:03 +0000] [111] [INFO] Booting worker with pid: 111
[2026-03-16 17:21:03 +0000] [112] [INFO] Booting worker with pid: 112
[2026-03-16 17:21:04 +0000] [115] [INFO] Booting worker with pid: 115
[2026-03-16 17:21:04 +0000] [102] [INFO] Started server process [102]
[2026-03-16 17:21:04 +0000] [102] [INFO] Waiting for application startup.
[2026-03-16 17:21:04 +0000] [102] [INFO] Application startup complete.
[2026-03-16 17:21:04 +0000] [101] [INFO] Started server process [101]
[2026-03-16 17:21:04 +0000] [101] [INFO] Waiting for application startup.
[2026-03-16 17:21:04 +0000] [101] [INFO] Application startup complete.
[2026-03-16 17:21:04 +0000] [105] [INFO] Started server process [105]
[2026-03-16 17:21:04 +0000] [105] [INFO] Waiting for application startup.
[2026-03-16 17:21:04 +0000] [117] [INFO] Booting worker with pid: 117
[2026-03-16 17:21:04 +0000] [105] [INFO] Application startup complete.
[2026-03-16 17:21:04 +0000] [119] [INFO] Booting worker with pid: 119
[2026-03-16 17:21:04 +0000] [108] [INFO] Started server process [108]
[2026-03-16 17:21:04 +0000] [108] [INFO] Waiting for application startup.
[2026-03-16 17:21:04 +0000] [108] [INFO] Application startup complete.
[2026-03-16 17:21:04 +0000] [111] [INFO] Started server process [111]
[2026-03-16 17:21:04 +0000] [111] [INFO] Waiting for application startup.
[2026-03-16 17:21:04 +0000] [111] [INFO] Application startup complete.
[2026-03-16 17:21:04 +0000] [121] [INFO] Booting worker with pid: 121
[2026-03-16 17:21:04 +0000] [112] [INFO] Started server process [112]
[2026-03-16 17:21:04 +0000] [112] [INFO] Waiting for application startup.
[2026-03-16 17:21:04 +0000] [112] [INFO] Application startup complete.
[2026-03-16 17:21:04 +0000] [124] [INFO] Booting worker with pid: 124
[2026-03-16 17:21:04 +0000] [115] [INFO] Started server process [115]
[2026-03-16 17:21:04 +0000] [115] [INFO] Waiting for application startup.
[2026-03-16 17:21:04 +0000] [115] [INFO] Application startup complete.
[2026-03-16 17:21:04 +0000] [125] [INFO] Booting worker with pid: 125
[2026-03-16 17:21:04 +0000] [117] [INFO] Started server process [117]
[2026-03-16 17:21:04 +0000] [117] [INFO] Waiting for application startup.
[2026-03-16 17:21:04 +0000] [117] [INFO] Application startup complete.
[2026-03-16 17:21:04 +0000] [127] [INFO] Booting worker with pid: 127
[2026-03-16 17:21:04 +0000] [128] [INFO] Booting worker with pid: 128
[2026-03-16 17:21:04 +0000] [129] [INFO] Booting worker with pid: 129
[2026-03-16 17:21:04 +0000] [119] [INFO] Started server process [119]
[2026-03-16 17:21:04 +0000] [119] [INFO] Waiting for application startup.
[2026-03-16 17:21:04 +0000] [119] [INFO] Application startup complete.
[2026-03-16 17:21:04 +0000] [132] [INFO] Booting worker with pid: 132
[2026-03-16 17:21:04 +0000] [121] [INFO] Started server process [121]
[2026-03-16 17:21:04 +0000] [121] [INFO] Waiting for application startup.
[2026-03-16 17:21:04 +0000] [121] [INFO] Application startup complete.
[2026-03-16 17:21:04 +0000] [133] [INFO] Booting worker with pid: 133
[2026-03-16 17:21:04 +0000] [124] [INFO] Started server process [124]
[2026-03-16 17:21:04 +0000] [124] [INFO] Waiting for application startup.
[2026-03-16 17:21:04 +0000] [124] [INFO] Application startup complete.
[2026-03-16 17:21:04 +0000] [135] [INFO] Booting worker with pid: 135
[2026-03-16 17:21:04 +0000] [125] [INFO] Started server process [125]
[2026-03-16 17:21:04 +0000] [125] [INFO] Waiting for application startup.
[2026-03-16 17:21:04 +0000] [125] [INFO] Application startup complete.
[2026-03-16 17:21:04 +0000] [137] [INFO] Booting worker with pid: 137
[2026-03-16 17:21:04 +0000] [138] [INFO] Booting worker with pid: 138
[2026-03-16 17:21:04 +0000] [127] [INFO] Started server process [127]
[2026-03-16 17:21:04 +0000] [127] [INFO] Waiting for application startup.
[2026-03-16 17:21:04 +0000] [127] [INFO] Application startup complete.
[2026-03-16 17:21:04 +0000] [140] [INFO] Booting worker with pid: 140
[2026-03-16 17:21:04 +0000] [129] [INFO] Started server process [129]
[2026-03-16 17:21:04 +0000] [129] [INFO] Waiting for application startup.
[2026-03-16 17:21:04 +0000] [129] [INFO] Application startup complete.
[2026-03-16 17:21:04 +0000] [132] [INFO] Started server process [132]
[2026-03-16 17:21:04 +0000] [132] [INFO] Waiting for application startup.
[2026-03-16 17:21:04 +0000] [132] [INFO] Application startup complete.
[2026-03-16 17:21:04 +0000] [128] [INFO] Started server process [128]
[2026-03-16 17:21:04 +0000] [128] [INFO] Waiting for application startup.
[2026-03-16 17:21:04 +0000] [128] [INFO] Application startup complete.
[2026-03-16 17:21:04 +0000] [144] [INFO] Booting worker with pid: 144
[2026-03-16 17:21:04 +0000] [145] [INFO] Booting worker with pid: 145
[2026-03-16 17:21:05 +0000] [146] [INFO] Booting worker with pid: 146
[2026-03-16 17:21:05 +0000] [148] [INFO] Booting worker with pid: 148
[2026-03-16 17:21:05 +0000] [133] [INFO] Started server process [133]
[2026-03-16 17:21:05 +0000] [133] [INFO] Waiting for application startup.
[2026-03-16 17:21:05 +0000] [133] [INFO] Application startup complete.
[2026-03-16 17:21:05 +0000] [135] [INFO] Started server process [135]
[2026-03-16 17:21:05 +0000] [135] [INFO] Waiting for application startup.
[2026-03-16 17:21:05 +0000] [135] [INFO] Application startup complete.
[2026-03-16 17:21:05 +0000] [151] [INFO] Booting worker with pid: 151
[2026-03-16 17:21:05 +0000] [137] [INFO] Started server process [137]
[2026-03-16 17:21:05 +0000] [137] [INFO] Waiting for application startup.
[2026-03-16 17:21:05 +0000] [137] [INFO] Application startup complete.
[2026-03-16 17:21:05 +0000] [152] [INFO] Booting worker with pid: 152
[2026-03-16 17:21:05 +0000] [138] [INFO] Started server process [138]
[2026-03-16 17:21:05 +0000] [138] [INFO] Waiting for application startup.
[2026-03-16 17:21:05 +0000] [138] [INFO] Application startup complete.
[2026-03-16 17:21:05 +0000] [144] [INFO] Started server process [144]
[2026-03-16 17:21:05 +0000] [144] [INFO] Waiting for application startup.
[2026-03-16 17:21:05 +0000] [144] [INFO] Application startup complete.
[2026-03-16 17:21:05 +0000] [155] [INFO] Booting worker with pid: 155
[2026-03-16 17:21:05 +0000] [156] [INFO] Booting worker with pid: 156
[2026-03-16 17:21:05 +0000] [140] [INFO] Started server process [140]
[2026-03-16 17:21:05 +0000] [140] [INFO] Waiting for application startup.
[2026-03-16 17:21:05 +0000] [140] [INFO] Application startup complete.
[2026-03-16 17:21:05 +0000] [158] [INFO] Booting worker with pid: 158
[2026-03-16 17:21:05 +0000] [160] [INFO] Booting worker with pid: 160
[2026-03-16 17:21:05 +0000] [145] [INFO] Started server process [145]
[2026-03-16 17:21:05 +0000] [145] [INFO] Waiting for application startup.
[2026-03-16 17:21:05 +0000] [145] [INFO] Application startup complete.
[2026-03-16 17:21:05 +0000] [162] [INFO] Booting worker with pid: 162
[2026-03-16 17:21:05 +0000] [146] [INFO] Started server process [146]
[2026-03-16 17:21:05 +0000] [146] [INFO] Waiting for application startup.
[2026-03-16 17:21:05 +0000] [146] [INFO] Application startup complete.
[2026-03-16 17:21:05 +0000] [163] [INFO] Booting worker with pid: 163
[2026-03-16 17:21:05 +0000] [164] [INFO] Booting worker with pid: 164
[2026-03-16 17:21:05 +0000] [148] [INFO] Started server process [148]
[2026-03-16 17:21:05 +0000] [148] [INFO] Waiting for application startup.
[2026-03-16 17:21:05 +0000] [148] [INFO] Application startup complete.
[2026-03-16 17:21:05 +0000] [151] [INFO] Started server process [151]
[2026-03-16 17:21:05 +0000] [151] [INFO] Waiting for application startup.
[2026-03-16 17:21:05 +0000] [151] [INFO] Application startup complete.
[2026-03-16 17:21:05 +0000] [167] [INFO] Booting worker with pid: 167
[2026-03-16 17:21:05 +0000] [168] [INFO] Booting worker with pid: 168
[2026-03-16 17:21:05 +0000] [169] [INFO] Booting worker with pid: 169
[2026-03-16 17:21:05 +0000] [171] [INFO] Booting worker with pid: 171
[2026-03-16 17:21:05 +0000] [152] [INFO] Started server process [152]
[2026-03-16 17:21:05 +0000] [152] [INFO] Waiting for application startup.
[2026-03-16 17:21:05 +0000] [152] [INFO] Application startup complete.
[2026-03-16 17:21:05 +0000] [172] [INFO] Booting worker with pid: 172
[2026-03-16 17:21:05 +0000] [158] [INFO] Started server process [158]
[2026-03-16 17:21:05 +0000] [158] [INFO] Waiting for application startup.
[2026-03-16 17:21:05 +0000] [158] [INFO] Application startup complete.
[2026-03-16 17:21:05 +0000] [156] [INFO] Started server process [156]
[2026-03-16 17:21:05 +0000] [156] [INFO] Waiting for application startup.
[2026-03-16 17:21:05 +0000] [156] [INFO] Application startup complete.
[2026-03-16 17:21:05 +0000] [175] [INFO] Booting worker with pid: 175
[2026-03-16 17:21:05 +0000] [163] [INFO] Started server process [163]
[2026-03-16 17:21:05 +0000] [163] [INFO] Waiting for application startup.
[2026-03-16 17:21:05 +0000] [163] [INFO] Application startup complete.
[2026-03-16 17:21:05 +0000] [162] [INFO] Started server process [162]
[2026-03-16 17:21:05 +0000] [162] [INFO] Waiting for application startup.
[2026-03-16 17:21:05 +0000] [162] [INFO] Application startup complete.
[2026-03-16 17:21:05 +0000] [155] [INFO] Started server process [155]
[2026-03-16 17:21:05 +0000] [155] [INFO] Waiting for application startup.
[2026-03-16 17:21:06 +0000] [155] [INFO] Application startup complete.
[2026-03-16 17:21:06 +0000] [160] [INFO] Started server process [160]
[2026-03-16 17:21:06 +0000] [160] [INFO] Waiting for application startup.
[2026-03-16 17:21:06 +0000] [160] [INFO] Application startup complete.
[2026-03-16 17:21:06 +0000] [180] [INFO] Booting worker with pid: 180
[2026-03-16 17:21:06 +0000] [164] [INFO] Started server process [164]
[2026-03-16 17:21:06 +0000] [164] [INFO] Waiting for application startup.
[2026-03-16 17:21:06 +0000] [164] [INFO] Application startup complete.
[2026-03-16 17:21:06 +0000] [167] [INFO] Started server process [167]
[2026-03-16 17:21:06 +0000] [167] [INFO] Waiting for application startup.
[2026-03-16 17:21:06 +0000] [167] [INFO] Application startup complete.
[2026-03-16 17:21:06 +0000] [183] [INFO] Booting worker with pid: 183
[2026-03-16 17:21:06 +0000] [168] [INFO] Started server process [168]
[2026-03-16 17:21:06 +0000] [168] [INFO] Waiting for application startup.
[2026-03-16 17:21:06 +0000] [168] [INFO] Application startup complete.
[2026-03-16 17:21:06 +0000] [185] [INFO] Booting worker with pid: 185
[2026-03-16 17:21:06 +0000] [188] [INFO] Booting worker with pid: 188
[2026-03-16 17:21:06 +0000] [169] [INFO] Started server process [169]
[2026-03-16 17:21:06 +0000] [169] [INFO] Waiting for application startup.
[2026-03-16 17:21:06 +0000] [169] [INFO] Application startup complete.
[2026-03-16 17:21:06 +0000] [171] [INFO] Started server process [171]
[2026-03-16 17:21:06 +0000] [171] [INFO] Waiting for application startup.
[2026-03-16 17:21:06 +0000] [171] [INFO] Application startup complete.
[2026-03-16 17:21:06 +0000] [189] [INFO] Booting worker with pid: 189
[2026-03-16 17:21:06 +0000] [172] [INFO] Started server process [172]
[2026-03-16 17:21:06 +0000] [172] [INFO] Waiting for application startup.
[2026-03-16 17:21:06 +0000] [172] [INFO] Application startup complete.
[2026-03-16 17:21:06 +0000] [175] [INFO] Started server process [175]
[2026-03-16 17:21:06 +0000] [175] [INFO] Waiting for application startup.
[2026-03-16 17:21:06 +0000] [175] [INFO] Application startup complete.
[2026-03-16 17:21:06 +0000] [192] [INFO] Booting worker with pid: 192
[2026-03-16 17:21:06 +0000] [180] [INFO] Started server process [180]
[2026-03-16 17:21:06 +0000] [180] [INFO] Waiting for application startup.
[2026-03-16 17:21:06 +0000] [180] [INFO] Application startup complete.
[2026-03-16 17:21:06 +0000] [194] [INFO] Booting worker with pid: 194
[2026-03-16 17:21:06 +0000] [183] [INFO] Started server process [183]
[2026-03-16 17:21:06 +0000] [183] [INFO] Waiting for application startup.
[2026-03-16 17:21:06 +0000] [183] [INFO] Application startup complete.
[2026-03-16 17:21:06 +0000] [196] [INFO] Booting worker with pid: 196
[2026-03-16 17:21:06 +0000] [198] [INFO] Booting worker with pid: 198
[2026-03-16 17:21:06 +0000] [199] [INFO] Booting worker with pid: 199
[2026-03-16 17:21:06 +0000] [185] [INFO] Started server process [185]
[2026-03-16 17:21:06 +0000] [185] [INFO] Waiting for application startup.
[2026-03-16 17:21:06 +0000] [185] [INFO] Application startup complete.
[2026-03-16 17:21:06 +0000] [200] [INFO] Booting worker with pid: 200
[2026-03-16 17:21:06 +0000] [188] [INFO] Started server process [188]
[2026-03-16 17:21:06 +0000] [188] [INFO] Waiting for application startup.
[2026-03-16 17:21:06 +0000] [188] [INFO] Application startup complete.
[2026-03-16 17:21:06 +0000] [202] [INFO] Booting worker with pid: 202
[2026-03-16 17:21:06 +0000] [203] [INFO] Booting worker with pid: 203
[2026-03-16 17:21:06 +0000] [189] [INFO] Started server process [189]
[2026-03-16 17:21:06 +0000] [189] [INFO] Waiting for application startup.
[2026-03-16 17:21:06 +0000] [189] [INFO] Application startup complete.
[2026-03-16 17:21:06 +0000] [205] [INFO] Booting worker with pid: 205
[2026-03-16 17:21:07 +0000] [192] [INFO] Started server process [192]
[2026-03-16 17:21:07 +0000] [192] [INFO] Waiting for application startup.
[2026-03-16 17:21:07 +0000] [192] [INFO] Application startup complete.
[2026-03-16 17:21:07 +0000] [194] [INFO] Started server process [194]
[2026-03-16 17:21:07 +0000] [194] [INFO] Waiting for application startup.
[2026-03-16 17:21:07 +0000] [194] [INFO] Application startup complete.
[2026-03-16 17:21:07 +0000] [208] [INFO] Booting worker with pid: 208
[2026-03-16 17:21:07 +0000] [209] [INFO] Booting worker with pid: 209
[2026-03-16 17:21:07 +0000] [196] [INFO] Started server process [196]
[2026-03-16 17:21:07 +0000] [196] [INFO] Waiting for application startup.
[2026-03-16 17:21:07 +0000] [196] [INFO] Application startup complete.
[2026-03-16 17:21:07 +0000] [200] [INFO] Started server process [200]
[2026-03-16 17:21:07 +0000] [200] [INFO] Waiting for application startup.
[2026-03-16 17:21:07 +0000] [200] [INFO] Application startup complete.
[2026-03-16 17:21:07 +0000] [198] [INFO] Started server process [198]
[2026-03-16 17:21:07 +0000] [198] [INFO] Waiting for application startup.
[2026-03-16 17:21:07 +0000] [198] [INFO] Application startup complete.
[2026-03-16 17:21:07 +0000] [214] [INFO] Booting worker with pid: 214
[2026-03-16 17:21:07 +0000] [199] [INFO] Started server process [199]
[2026-03-16 17:21:07 +0000] [199] [INFO] Waiting for application startup.
[2026-03-16 17:21:07 +0000] [199] [INFO] Application startup complete.
[2026-03-16 17:21:07 +0000] [216] [INFO] Booting worker with pid: 216
[2026-03-16 17:21:07 +0000] [202] [INFO] Started server process [202]
[2026-03-16 17:21:07 +0000] [202] [INFO] Waiting for application startup.
[2026-03-16 17:21:07 +0000] [202] [INFO] Application startup complete.
[2026-03-16 17:21:07 +0000] [203] [INFO] Started server process [203]
[2026-03-16 17:21:07 +0000] [203] [INFO] Waiting for application startup.
[2026-03-16 17:21:07 +0000] [203] [INFO] Application startup complete.
[2026-03-16 17:21:07 +0000] [218] [INFO] Booting worker with pid: 218
[2026-03-16 17:21:07 +0000] [208] [INFO] Started server process [208]
[2026-03-16 17:21:07 +0000] [208] [INFO] Waiting for application startup.
[2026-03-16 17:21:07 +0000] [208] [INFO] Application startup complete.
[2026-03-16 17:21:07 +0000] [205] [INFO] Started server process [205]
[2026-03-16 17:21:07 +0000] [205] [INFO] Waiting for application startup.
[2026-03-16 17:21:07 +0000] [205] [INFO] Application startup complete.
[2026-03-16 17:21:07 +0000] [222] [INFO] Booting worker with pid: 222
[2026-03-16 17:21:07 +0000] [209] [INFO] Started server process [209]
[2026-03-16 17:21:07 +0000] [209] [INFO] Waiting for application startup.
[2026-03-16 17:21:07 +0000] [209] [INFO] Application startup complete.
[2026-03-16 17:21:07 +0000] [224] [INFO] Booting worker with pid: 224
[2026-03-16 17:21:07 +0000] [214] [INFO] Started server process [214]
[2026-03-16 17:21:07 +0000] [214] [INFO] Waiting for application startup.
[2026-03-16 17:21:07 +0000] [214] [INFO] Application startup complete.
[2026-03-16 17:21:07 +0000] [225] [INFO] Booting worker with pid: 225
[2026-03-16 17:21:07 +0000] [216] [INFO] Started server process [216]
[2026-03-16 17:21:07 +0000] [216] [INFO] Waiting for application startup.
[2026-03-16 17:21:07 +0000] [216] [INFO] Application startup complete.
[2026-03-16 17:21:07 +0000] [227] [INFO] Booting worker with pid: 227
[2026-03-16 17:21:07 +0000] [218] [INFO] Started server process [218]
[2026-03-16 17:21:07 +0000] [218] [INFO] Waiting for application startup.
[2026-03-16 17:21:07 +0000] [218] [INFO] Application startup complete.
[2026-03-16 17:21:07 +0000] [229] [INFO] Booting worker with pid: 229
[2026-03-16 17:21:07 +0000] [222] [INFO] Started server process [222]
[2026-03-16 17:21:07 +0000] [222] [INFO] Waiting for application startup.
[2026-03-16 17:21:07 +0000] [222] [INFO] Application startup complete.
[2026-03-16 17:21:07 +0000] [231] [INFO] Booting worker with pid: 231
[2026-03-16 17:21:07 +0000] [224] [INFO] Started server process [224]
[2026-03-16 17:21:07 +0000] [224] [INFO] Waiting for application startup.
[2026-03-16 17:21:07 +0000] [224] [INFO] Application startup complete.
[2026-03-16 17:21:07 +0000] [234] [INFO] Booting worker with pid: 234
[2026-03-16 17:21:07 +0000] [225] [INFO] Started server process [225]
[2026-03-16 17:21:07 +0000] [225] [INFO] Waiting for application startup.
[2026-03-16 17:21:07 +0000] [225] [INFO] Application startup complete.
[2026-03-16 17:21:07 +0000] [227] [INFO] Started server process [227]
[2026-03-16 17:21:07 +0000] [227] [INFO] Waiting for application startup.
[2026-03-16 17:21:07 +0000] [227] [INFO] Application startup complete.
[2026-03-16 17:21:07 +0000] [236] [INFO] Booting worker with pid: 236
[2026-03-16 17:21:07 +0000] [229] [INFO] Started server process [229]
[2026-03-16 17:21:07 +0000] [229] [INFO] Waiting for application startup.
[2026-03-16 17:21:07 +0000] [229] [INFO] Application startup complete.
[2026-03-16 17:21:07 +0000] [238] [INFO] Booting worker with pid: 238
[2026-03-16 17:21:07 +0000] [240] [INFO] Booting worker with pid: 240
[2026-03-16 17:21:07 +0000] [231] [INFO] Started server process [231]
[2026-03-16 17:21:07 +0000] [231] [INFO] Waiting for application startup.
[2026-03-16 17:21:07 +0000] [231] [INFO] Application startup complete.
[2026-03-16 17:21:07 +0000] [234] [INFO] Started server process [234]
[2026-03-16 17:21:07 +0000] [234] [INFO] Waiting for application startup.
[2026-03-16 17:21:07 +0000] [234] [INFO] Application startup complete.
[2026-03-16 17:21:07 +0000] [242] [INFO] Booting worker with pid: 242
[2026-03-16 17:21:08 +0000] [236] [INFO] Started server process [236]
[2026-03-16 17:21:08 +0000] [236] [INFO] Waiting for application startup.
[2026-03-16 17:21:08 +0000] [236] [INFO] Application startup complete.
[2026-03-16 17:21:08 +0000] [244] [INFO] Booting worker with pid: 244
[2026-03-16 17:21:08 +0000] [238] [INFO] Started server process [238]
[2026-03-16 17:21:08 +0000] [238] [INFO] Waiting for application startup.
[2026-03-16 17:21:08 +0000] [238] [INFO] Application startup complete.
[2026-03-16 17:21:08 +0000] [246] [INFO] Booting worker with pid: 246
[2026-03-16 17:21:08 +0000] [247] [INFO] Booting worker with pid: 247
[2026-03-16 17:21:08 +0000] [240] [INFO] Started server process [240]
[2026-03-16 17:21:08 +0000] [240] [INFO] Waiting for application startup.
[2026-03-16 17:21:08 +0000] [240] [INFO] Application startup complete.
[2026-03-16 17:21:08 +0000] [249] [INFO] Booting worker with pid: 249
[2026-03-16 17:21:08 +0000] [250] [INFO] Booting worker with pid: 250
[2026-03-16 17:21:08 +0000] [251] [INFO] Booting worker with pid: 251
[2026-03-16 17:21:08 +0000] [242] [INFO] Started server process [242]
[2026-03-16 17:21:08 +0000] [242] [INFO] Waiting for application startup.
[2026-03-16 17:21:08 +0000] [242] [INFO] Application startup complete.
[2026-03-16 17:21:08 +0000] [253] [INFO] Booting worker with pid: 253
[2026-03-16 17:21:08 +0000] [244] [INFO] Started server process [244]
[2026-03-16 17:21:08 +0000] [244] [INFO] Waiting for application startup.
[2026-03-16 17:21:08 +0000] [244] [INFO] Application startup complete.
[2026-03-16 17:21:08 +0000] [255] [INFO] Booting worker with pid: 255
[2026-03-16 17:21:08 +0000] [246] [INFO] Started server process [246]
[2026-03-16 17:21:08 +0000] [246] [INFO] Waiting for application startup.
[2026-03-16 17:21:08 +0000] [246] [INFO] Application startup complete.
[2026-03-16 17:21:08 +0000] [247] [INFO] Started server process [247]
[2026-03-16 17:21:08 +0000] [247] [INFO] Waiting for application startup.
[2026-03-16 17:21:08 +0000] [247] [INFO] Application startup complete.
[2026-03-16 17:21:08 +0000] [258] [INFO] Booting worker with pid: 258
[2026-03-16 17:21:08 +0000] [249] [INFO] Started server process [249]
[2026-03-16 17:21:08 +0000] [249] [INFO] Waiting for application startup.
[2026-03-16 17:21:08 +0000] [249] [INFO] Application startup complete.
[2026-03-16 17:21:08 +0000] [250] [INFO] Started server process [250]
[2026-03-16 17:21:08 +0000] [250] [INFO] Waiting for application startup.
[2026-03-16 17:21:08 +0000] [250] [INFO] Application startup complete.
[2026-03-16 17:21:08 +0000] [261] [INFO] Booting worker with pid: 261
[2026-03-16 17:21:08 +0000] [251] [INFO] Started server process [251]
[2026-03-16 17:21:08 +0000] [251] [INFO] Waiting for application startup.
[2026-03-16 17:21:08 +0000] [251] [INFO] Application startup complete.
[2026-03-16 17:21:08 +0000] [263] [INFO] Booting worker with pid: 263
[2026-03-16 17:21:08 +0000] [253] [INFO] Started server process [253]
[2026-03-16 17:21:08 +0000] [253] [INFO] Waiting for application startup.
[2026-03-16 17:21:08 +0000] [253] [INFO] Application startup complete.
[2026-03-16 17:21:08 +0000] [266] [INFO] Booting worker with pid: 266
[2026-03-16 17:21:08 +0000] [255] [INFO] Started server process [255]
[2026-03-16 17:21:08 +0000] [255] [INFO] Waiting for application startup.
[2026-03-16 17:21:08 +0000] [255] [INFO] Application startup complete.
[2026-03-16 17:21:08 +0000] [267] [INFO] Booting worker with pid: 267
[2026-03-16 17:21:08 +0000] [268] [INFO] Booting worker with pid: 268
[2026-03-16 17:21:08 +0000] [258] [INFO] Started server process [258]
[2026-03-16 17:21:08 +0000] [258] [INFO] Waiting for application startup.
[2026-03-16 17:21:08 +0000] [258] [INFO] Application startup complete.
[2026-03-16 17:21:08 +0000] [270] [INFO] Booting worker with pid: 270
[2026-03-16 17:21:08 +0000] [271] [INFO] Booting worker with pid: 271
[2026-03-16 17:21:08 +0000] [273] [INFO] Booting worker with pid: 273
[2026-03-16 17:21:08 +0000] [261] [INFO] Started server process [261]
[2026-03-16 17:21:08 +0000] [261] [INFO] Waiting for application startup.
[2026-03-16 17:21:08 +0000] [261] [INFO] Application startup complete.
[2026-03-16 17:21:08 +0000] [263] [INFO] Started server process [263]
[2026-03-16 17:21:08 +0000] [263] [INFO] Waiting for application startup.
[2026-03-16 17:21:08 +0000] [263] [INFO] Application startup complete.
[2026-03-16 17:21:08 +0000] [275] [INFO] Booting worker with pid: 275
[2026-03-16 17:21:08 +0000] [276] [INFO] Booting worker with pid: 276
[2026-03-16 17:21:08 +0000] [278] [INFO] Booting worker with pid: 278
[2026-03-16 17:21:08 +0000] [266] [INFO] Started server process [266]
[2026-03-16 17:21:08 +0000] [266] [INFO] Waiting for application startup.
[2026-03-16 17:21:08 +0000] [266] [INFO] Application startup complete.
[2026-03-16 17:21:08 +0000] [267] [INFO] Started server process [267]
[2026-03-16 17:21:08 +0000] [267] [INFO] Waiting for application startup.
[2026-03-16 17:21:08 +0000] [267] [INFO] Application startup complete.
[2026-03-16 17:21:08 +0000] [280] [INFO] Booting worker with pid: 280
[2026-03-16 17:21:08 +0000] [281] [INFO] Booting worker with pid: 281
[2026-03-16 17:21:08 +0000] [283] [INFO] Booting worker with pid: 283
[2026-03-16 17:21:08 +0000] [268] [INFO] Started server process [268]
[2026-03-16 17:21:08 +0000] [268] [INFO] Waiting for application startup.
[2026-03-16 17:21:08 +0000] [268] [INFO] Application startup complete.
[2026-03-16 17:21:08 +0000] [270] [INFO] Started server process [270]
[2026-03-16 17:21:08 +0000] [270] [INFO] Waiting for application startup.
[2026-03-16 17:21:08 +0000] [270] [INFO] Application startup complete.
[2026-03-16 17:21:08 +0000] [271] [INFO] Started server process [271]
[2026-03-16 17:21:08 +0000] [271] [INFO] Waiting for application startup.
[2026-03-16 17:21:08 +0000] [271] [INFO] Application startup complete.
[2026-03-16 17:21:09 +0000] [287] [INFO] Booting worker with pid: 287
[2026-03-16 17:21:09 +0000] [273] [INFO] Started server process [273]
[2026-03-16 17:21:09 +0000] [273] [INFO] Waiting for application startup.
[2026-03-16 17:21:09 +0000] [273] [INFO] Application startup complete.
[2026-03-16 17:21:09 +0000] [275] [INFO] Started server process [275]
[2026-03-16 17:21:09 +0000] [275] [INFO] Waiting for application startup.
[2026-03-16 17:21:09 +0000] [275] [INFO] Application startup complete.
[2026-03-16 17:21:09 +0000] [276] [INFO] Started server process [276]
[2026-03-16 17:21:09 +0000] [276] [INFO] Waiting for application startup.
[2026-03-16 17:21:09 +0000] [276] [INFO] Application startup complete.
[2026-03-16 17:21:09 +0000] [290] [INFO] Booting worker with pid: 290
[2026-03-16 17:21:09 +0000] [278] [INFO] Started server process [278]
[2026-03-16 17:21:09 +0000] [278] [INFO] Waiting for application startup.
[2026-03-16 17:21:09 +0000] [278] [INFO] Application startup complete.
[2026-03-16 17:21:09 +0000] [293] [INFO] Booting worker with pid: 293
[2026-03-16 17:21:09 +0000] [280] [INFO] Started server process [280]
[2026-03-16 17:21:09 +0000] [280] [INFO] Waiting for application startup.
[2026-03-16 17:21:09 +0000] [280] [INFO] Application startup complete.
[2026-03-16 17:21:09 +0000] [281] [INFO] Started server process [281]
[2026-03-16 17:21:09 +0000] [281] [INFO] Waiting for application startup.
[2026-03-16 17:21:09 +0000] [281] [INFO] Application startup complete.
[2026-03-16 17:21:09 +0000] [283] [INFO] Started server process [283]
[2026-03-16 17:21:09 +0000] [283] [INFO] Waiting for application startup.
[2026-03-16 17:21:09 +0000] [283] [INFO] Application startup complete.
[2026-03-16 17:21:09 +0000] [296] [INFO] Booting worker with pid: 296
[2026-03-16 17:21:09 +0000] [287] [INFO] Started server process [287]
[2026-03-16 17:21:09 +0000] [287] [INFO] Waiting for application startup.
[2026-03-16 17:21:09 +0000] [287] [INFO] Application startup complete.
[2026-03-16 17:21:09 +0000] [298] [INFO] Booting worker with pid: 298
[2026-03-16 17:21:09 +0000] [290] [INFO] Started server process [290]
[2026-03-16 17:21:09 +0000] [290] [INFO] Waiting for application startup.
[2026-03-16 17:21:09 +0000] [290] [INFO] Application startup complete.
[2026-03-16 17:21:09 +0000] [300] [INFO] Booting worker with pid: 300
[2026-03-16 17:21:09 +0000] [301] [INFO] Booting worker with pid: 301
[2026-03-16 17:21:09 +0000] [293] [INFO] Started server process [293]
[2026-03-16 17:21:09 +0000] [293] [INFO] Waiting for application startup.
[2026-03-16 17:21:09 +0000] [293] [INFO] Application startup complete.
[2026-03-16 17:21:09 +0000] [303] [INFO] Booting worker with pid: 303
[2026-03-16 17:21:09 +0000] [304] [INFO] Booting worker with pid: 304
[2026-03-16 17:21:09 +0000] [305] [INFO] Booting worker with pid: 305
[2026-03-16 17:21:09 +0000] [296] [INFO] Started server process [296]
[2026-03-16 17:21:09 +0000] [296] [INFO] Waiting for application startup.
[2026-03-16 17:21:09 +0000] [296] [INFO] Application startup complete.
[2026-03-16 17:21:09 +0000] [307] [INFO] Booting worker with pid: 307
[2026-03-16 17:21:09 +0000] [308] [INFO] Booting worker with pid: 308
[2026-03-16 17:21:09 +0000] [298] [INFO] Started server process [298]
[2026-03-16 17:21:09 +0000] [298] [INFO] Waiting for application startup.
[2026-03-16 17:21:09 +0000] [298] [INFO] Application startup complete.
[2026-03-16 17:21:09 +0000] [310] [INFO] Booting worker with pid: 310
[2026-03-16 17:21:09 +0000] [300] [INFO] Started server process [300]
[2026-03-16 17:21:09 +0000] [300] [INFO] Waiting for application startup.
[2026-03-16 17:21:09 +0000] [300] [INFO] Application startup complete.
[2026-03-16 17:21:09 +0000] [301] [INFO] Started server process [301]
[2026-03-16 17:21:09 +0000] [301] [INFO] Waiting for application startup.
[2026-03-16 17:21:09 +0000] [301] [INFO] Application startup complete.
[2026-03-16 17:21:09 +0000] [303] [INFO] Started server process [303]
[2026-03-16 17:21:09 +0000] [303] [INFO] Waiting for application startup.
[2026-03-16 17:21:09 +0000] [303] [INFO] Application startup complete.
[2026-03-16 17:21:09 +0000] [316] [INFO] Booting worker with pid: 316
[2026-03-16 17:21:09 +0000] [305] [INFO] Started server process [305]
[2026-03-16 17:21:09 +0000] [305] [INFO] Waiting for application startup.
[2026-03-16 17:21:09 +0000] [305] [INFO] Application startup complete.
[2026-03-16 17:21:09 +0000] [304] [INFO] Started server process [304]
[2026-03-16 17:21:09 +0000] [304] [INFO] Waiting for application startup.
[2026-03-16 17:21:09 +0000] [304] [INFO] Application startup complete.
[2026-03-16 17:21:09 +0000] [317] [INFO] Booting worker with pid: 317
[2026-03-16 17:21:09 +0000] [307] [INFO] Started server process [307]
[2026-03-16 17:21:09 +0000] [307] [INFO] Waiting for application startup.
[2026-03-16 17:21:09 +0000] [307] [INFO] Application startup complete.
[2026-03-16 17:21:09 +0000] [308] [INFO] Started server process [308]
[2026-03-16 17:21:09 +0000] [308] [INFO] Waiting for application startup.
[2026-03-16 17:21:09 +0000] [308] [INFO] Application startup complete.
[2026-03-16 17:21:09 +0000] [320] [INFO] Booting worker with pid: 320
[2026-03-16 17:21:10 +0000] [322] [INFO] Booting worker with pid: 322
[2026-03-16 17:21:10 +0000] [310] [INFO] Started server process [310]
[2026-03-16 17:21:10 +0000] [310] [INFO] Waiting for application startup.
[2026-03-16 17:21:10 +0000] [310] [INFO] Application startup complete.
[2026-03-16 17:21:10 +0000] [324] [INFO] Booting worker with pid: 324
[2026-03-16 17:21:10 +0000] [316] [INFO] Started server process [316]
[2026-03-16 17:21:10 +0000] [316] [INFO] Waiting for application startup.
[2026-03-16 17:21:10 +0000] [316] [INFO] Application startup complete.
[2026-03-16 17:21:10 +0000] [317] [INFO] Started server process [317]
[2026-03-16 17:21:10 +0000] [317] [INFO] Waiting for application startup.
[2026-03-16 17:21:10 +0000] [317] [INFO] Application startup complete.
[2026-03-16 17:21:10 +0000] [326] [INFO] Booting worker with pid: 326
[2026-03-16 17:21:10 +0000] [327] [INFO] Booting worker with pid: 327
[2026-03-16 17:21:10 +0000] [320] [INFO] Started server process [320]
[2026-03-16 17:21:10 +0000] [320] [INFO] Waiting for application startup.
[2026-03-16 17:21:10 +0000] [320] [INFO] Application startup complete.
[2026-03-16 17:21:10 +0000] [329] [INFO] Booting worker with pid: 329
[2026-03-16 17:21:10 +0000] [322] [INFO] Started server process [322]
[2026-03-16 17:21:10 +0000] [322] [INFO] Waiting for application startup.
[2026-03-16 17:21:10 +0000] [322] [INFO] Application startup complete.
[2026-03-16 17:21:10 +0000] [331] [INFO] Booting worker with pid: 331
[2026-03-16 17:21:10 +0000] [324] [INFO] Started server process [324]
[2026-03-16 17:21:10 +0000] [324] [INFO] Waiting for application startup.
[2026-03-16 17:21:10 +0000] [324] [INFO] Application startup complete.
[2026-03-16 17:21:10 +0000] [333] [INFO] Booting worker with pid: 333
[2026-03-16 17:21:10 +0000] [335] [INFO] Booting worker with pid: 335
[2026-03-16 17:21:10 +0000] [326] [INFO] Started server process [326]
[2026-03-16 17:21:10 +0000] [326] [INFO] Waiting for application startup.
[2026-03-16 17:21:10 +0000] [326] [INFO] Application startup complete.
[2026-03-16 17:21:10 +0000] [336] [INFO] Booting worker with pid: 336
[2026-03-16 17:21:10 +0000] [337] [INFO] Booting worker with pid: 337
[2026-03-16 17:21:10 +0000] [339] [INFO] Booting worker with pid: 339
[2026-03-16 17:21:10 +0000] [327] [INFO] Started server process [327]
[2026-03-16 17:21:10 +0000] [327] [INFO] Waiting for application startup.
[2026-03-16 17:21:10 +0000] [327] [INFO] Application startup complete.
[2026-03-16 17:21:10 +0000] [329] [INFO] Started server process [329]
[2026-03-16 17:21:10 +0000] [329] [INFO] Waiting for application startup.
[2026-03-16 17:21:10 +0000] [329] [INFO] Application startup complete.
[2026-03-16 17:21:10 +0000] [342] [INFO] Booting worker with pid: 342
[2026-03-16 17:21:10 +0000] [331] [INFO] Started server process [331]
[2026-03-16 17:21:10 +0000] [331] [INFO] Waiting for application startup.
[2026-03-16 17:21:10 +0000] [331] [INFO] Application startup complete.
[2026-03-16 17:21:10 +0000] [333] [INFO] Started server process [333]
[2026-03-16 17:21:10 +0000] [333] [INFO] Waiting for application startup.
[2026-03-16 17:21:10 +0000] [333] [INFO] Application startup complete.
[2026-03-16 17:21:10 +0000] [344] [INFO] Booting worker with pid: 344
[2026-03-16 17:21:10 +0000] [335] [INFO] Started server process [335]
[2026-03-16 17:21:10 +0000] [335] [INFO] Waiting for application startup.
[2026-03-16 17:21:10 +0000] [335] [INFO] Application startup complete.
[2026-03-16 17:21:10 +0000] [336] [INFO] Started server process [336]
[2026-03-16 17:21:10 +0000] [336] [INFO] Waiting for application startup.
[2026-03-16 17:21:10 +0000] [336] [INFO] Application startup complete.
[2026-03-16 17:21:10 +0000] [337] [INFO] Started server process [337]
[2026-03-16 17:21:10 +0000] [337] [INFO] Waiting for application startup.
[2026-03-16 17:21:10 +0000] [348] [INFO] Booting worker with pid: 348
[2026-03-16 17:21:10 +0000] [337] [INFO] Application startup complete.
[2026-03-16 17:21:10 +0000] [350] [INFO] Booting worker with pid: 350
[2026-03-16 17:21:10 +0000] [339] [INFO] Started server process [339]
[2026-03-16 17:21:10 +0000] [339] [INFO] Waiting for application startup.
[2026-03-16 17:21:10 +0000] [339] [INFO] Application startup complete.
[2026-03-16 17:21:10 +0000] [351] [INFO] Booting worker with pid: 351
[2026-03-16 17:21:11 +0000] [342] [INFO] Started server process [342]
[2026-03-16 17:21:11 +0000] [342] [INFO] Waiting for application startup.
[2026-03-16 17:21:11 +0000] [342] [INFO] Application startup complete.
[2026-03-16 17:21:11 +0000] [353] [INFO] Booting worker with pid: 353
[2026-03-16 17:21:11 +0000] [354] [INFO] Booting worker with pid: 354
[2026-03-16 17:21:11 +0000] [355] [INFO] Booting worker with pid: 355
[2026-03-16 17:21:11 +0000] [344] [INFO] Started server process [344]
[2026-03-16 17:21:11 +0000] [344] [INFO] Waiting for application startup.
[2026-03-16 17:21:11 +0000] [344] [INFO] Application startup complete.
[2026-03-16 17:21:11 +0000] [357] [INFO] Booting worker with pid: 357
[2026-03-16 17:21:11 +0000] [359] [INFO] Booting worker with pid: 359
[2026-03-16 17:21:11 +0000] [348] [INFO] Started server process [348]
[2026-03-16 17:21:11 +0000] [348] [INFO] Waiting for application startup.
[2026-03-16 17:21:11 +0000] [348] [INFO] Application startup complete.
[2026-03-16 17:21:11 +0000] [350] [INFO] Started server process [350]
[2026-03-16 17:21:11 +0000] [350] [INFO] Waiting for application startup.
[2026-03-16 17:21:11 +0000] [350] [INFO] Application startup complete.
[2026-03-16 17:21:11 +0000] [362] [INFO] Booting worker with pid: 362
[2026-03-16 17:21:11 +0000] [351] [INFO] Started server process [351]
[2026-03-16 17:21:11 +0000] [351] [INFO] Waiting for application startup.
[2026-03-16 17:21:11 +0000] [351] [INFO] Application startup complete.
[2026-03-16 17:21:11 +0000] [353] [INFO] Started server process [353]
[2026-03-16 17:21:11 +0000] [353] [INFO] Waiting for application startup.
[2026-03-16 17:21:11 +0000] [353] [INFO] Application startup complete.
[2026-03-16 17:21:11 +0000] [364] [INFO] Booting worker with pid: 364
[2026-03-16 17:21:11 +0000] [365] [INFO] Booting worker with pid: 365
[2026-03-16 17:21:11 +0000] [366] [INFO] Booting worker with pid: 366
[2026-03-16 17:21:11 +0000] [354] [INFO] Started server process [354]
[2026-03-16 17:21:11 +0000] [354] [INFO] Waiting for application startup.
[2026-03-16 17:21:11 +0000] [354] [INFO] Application startup complete.
[2026-03-16 17:21:11 +0000] [368] [INFO] Booting worker with pid: 368
[2026-03-16 17:21:11 +0000] [370] [INFO] Booting worker with pid: 370
[2026-03-16 17:21:11 +0000] [355] [INFO] Started server process [355]
[2026-03-16 17:21:11 +0000] [355] [INFO] Waiting for application startup.
[2026-03-16 17:21:11 +0000] [355] [INFO] Application startup complete.
[2026-03-16 17:21:11 +0000] [371] [INFO] Booting worker with pid: 371
[2026-03-16 17:21:11 +0000] [357] [INFO] Started server process [357]
[2026-03-16 17:21:11 +0000] [357] [INFO] Waiting for application startup.
[2026-03-16 17:21:11 +0000] [357] [INFO] Application startup complete.
[2026-03-16 17:21:11 +0000] [373] [INFO] Booting worker with pid: 373
[2026-03-16 17:21:11 +0000] [359] [INFO] Started server process [359]
[2026-03-16 17:21:11 +0000] [359] [INFO] Waiting for application startup.
[2026-03-16 17:21:11 +0000] [359] [INFO] Application startup complete.
[2026-03-16 17:21:11 +0000] [362] [INFO] Started server process [362]
[2026-03-16 17:21:11 +0000] [362] [INFO] Waiting for application startup.
[2026-03-16 17:21:11 +0000] [362] [INFO] Application startup complete.
[2026-03-16 17:21:11 +0000] [376] [INFO] Booting worker with pid: 376
[2026-03-16 17:21:11 +0000] [377] [INFO] Booting worker with pid: 377
[2026-03-16 17:21:11 +0000] [364] [INFO] Started server process [364]
[2026-03-16 17:21:11 +0000] [364] [INFO] Waiting for application startup.
[2026-03-16 17:21:11 +0000] [364] [INFO] Application startup complete.
[2026-03-16 17:21:11 +0000] [366] [INFO] Started server process [366]
[2026-03-16 17:21:11 +0000] [366] [INFO] Waiting for application startup.
[2026-03-16 17:21:11 +0000] [366] [INFO] Application startup complete.
[2026-03-16 17:21:11 +0000] [381] [INFO] Booting worker with pid: 381
[2026-03-16 17:21:11 +0000] [365] [INFO] Started server process [365]
[2026-03-16 17:21:11 +0000] [365] [INFO] Waiting for application startup.
[2026-03-16 17:21:11 +0000] [365] [INFO] Application startup complete.
[2026-03-16 17:21:11 +0000] [382] [INFO] Booting worker with pid: 382
[2026-03-16 17:21:11 +0000] [368] [INFO] Started server process [368]
[2026-03-16 17:21:11 +0000] [368] [INFO] Waiting for application startup.
[2026-03-16 17:21:11 +0000] [368] [INFO] Application startup complete.
[2026-03-16 17:21:11 +0000] [370] [INFO] Started server process [370]
[2026-03-16 17:21:11 +0000] [370] [INFO] Waiting for application startup.
[2026-03-16 17:21:11 +0000] [370] [INFO] Application startup complete.
[2026-03-16 17:21:11 +0000] [371] [INFO] Started server process [371]
[2026-03-16 17:21:11 +0000] [371] [INFO] Waiting for application startup.
[2026-03-16 17:21:11 +0000] [371] [INFO] Application startup complete.
[2026-03-16 17:21:11 +0000] [386] [INFO] Booting worker with pid: 386
[2026-03-16 17:21:11 +0000] [373] [INFO] Started server process [373]
[2026-03-16 17:21:11 +0000] [373] [INFO] Waiting for application startup.
[2026-03-16 17:21:11 +0000] [373] [INFO] Application startup complete.
[2026-03-16 17:21:11 +0000] [388] [INFO] Booting worker with pid: 388
[2026-03-16 17:21:11 +0000] [390] [INFO] Booting worker with pid: 390
[2026-03-16 17:21:11 +0000] [376] [INFO] Started server process [376]
[2026-03-16 17:21:11 +0000] [376] [INFO] Waiting for application startup.
[2026-03-16 17:21:11 +0000] [376] [INFO] Application startup complete.
[2026-03-16 17:21:11 +0000] [391] [INFO] Booting worker with pid: 391
[2026-03-16 17:21:11 +0000] [393] [INFO] Booting worker with pid: 393
[2026-03-16 17:21:11 +0000] [377] [INFO] Started server process [377]
[2026-03-16 17:21:11 +0000] [377] [INFO] Waiting for application startup.
[2026-03-16 17:21:11 +0000] [377] [INFO] Application startup complete.
[2026-03-16 17:21:12 +0000] [394] [INFO] Booting worker with pid: 394
[2026-03-16 17:21:12 +0000] [381] [INFO] Started server process [381]
[2026-03-16 17:21:12 +0000] [381] [INFO] Waiting for application startup.
[2026-03-16 17:21:12 +0000] [381] [INFO] Application startup complete.
[2026-03-16 17:21:12 +0000] [382] [INFO] Started server process [382]
[2026-03-16 17:21:12 +0000] [382] [INFO] Waiting for application startup.
[2026-03-16 17:21:12 +0000] [382] [INFO] Application startup complete.
[2026-03-16 17:21:12 +0000] [397] [INFO] Booting worker with pid: 397
[2026-03-16 17:21:12 +0000] [399] [INFO] Booting worker with pid: 399
[2026-03-16 17:21:12 +0000] [386] [INFO] Started server process [386]
[2026-03-16 17:21:12 +0000] [386] [INFO] Waiting for application startup.
[2026-03-16 17:21:12 +0000] [386] [INFO] Application startup complete.
[2026-03-16 17:21:12 +0000] [388] [INFO] Started server process [388]
[2026-03-16 17:21:12 +0000] [388] [INFO] Waiting for application startup.
[2026-03-16 17:21:12 +0000] [388] [INFO] Application startup complete.
[2026-03-16 17:21:12 +0000] [391] [INFO] Started server process [391]
[2026-03-16 17:21:12 +0000] [391] [INFO] Waiting for application startup.
[2026-03-16 17:21:12 +0000] [391] [INFO] Application startup complete.
[2026-03-16 17:21:12 +0000] [403] [INFO] Booting worker with pid: 403
[2026-03-16 17:21:12 +0000] [390] [INFO] Started server process [390]
[2026-03-16 17:21:12 +0000] [390] [INFO] Waiting for application startup.
[2026-03-16 17:21:12 +0000] [390] [INFO] Application startup complete.
[2026-03-16 17:21:12 +0000] [393] [INFO] Started server process [393]
[2026-03-16 17:21:12 +0000] [393] [INFO] Waiting for application startup.
[2026-03-16 17:21:12 +0000] [393] [INFO] Application startup complete.
[2026-03-16 17:21:12 +0000] [405] [INFO] Booting worker with pid: 405
[2026-03-16 17:21:12 +0000] [394] [INFO] Started server process [394]
[2026-03-16 17:21:12 +0000] [394] [INFO] Waiting for application startup.
[2026-03-16 17:21:12 +0000] [394] [INFO] Application startup complete.
[2026-03-16 17:21:12 +0000] [407] [INFO] Booting worker with pid: 407
[2026-03-16 17:21:12 +0000] [408] [INFO] Booting worker with pid: 408
[2026-03-16 17:21:12 +0000] [409] [INFO] Booting worker with pid: 409
[2026-03-16 17:21:12 +0000] [399] [INFO] Started server process [399]
[2026-03-16 17:21:12 +0000] [399] [INFO] Waiting for application startup.
[2026-03-16 17:21:12 +0000] [399] [INFO] Application startup complete.
[2026-03-16 17:21:12 +0000] [412] [INFO] Booting worker with pid: 412
[2026-03-16 17:21:12 +0000] [397] [INFO] Started server process [397]
[2026-03-16 17:21:12 +0000] [397] [INFO] Waiting for application startup.
[2026-03-16 17:21:12 +0000] [397] [INFO] Application startup complete.
[2026-03-16 17:21:12 +0000] [413] [INFO] Booting worker with pid: 413
[2026-03-16 17:21:12 +0000] [403] [INFO] Started server process [403]
[2026-03-16 17:21:12 +0000] [403] [INFO] Waiting for application startup.
[2026-03-16 17:21:12 +0000] [403] [INFO] Application startup complete.
[2026-03-16 17:21:12 +0000] [405] [INFO] Started server process [405]
[2026-03-16 17:21:12 +0000] [405] [INFO] Waiting for application startup.
[2026-03-16 17:21:12 +0000] [405] [INFO] Application startup complete.
[2026-03-16 17:21:12 +0000] [416] [INFO] Booting worker with pid: 416
[2026-03-16 17:21:12 +0000] [407] [INFO] Started server process [407]
[2026-03-16 17:21:12 +0000] [407] [INFO] Waiting for application startup.
[2026-03-16 17:21:12 +0000] [407] [INFO] Application startup complete.
[2026-03-16 17:21:12 +0000] [408] [INFO] Started server process [408]
[2026-03-16 17:21:12 +0000] [408] [INFO] Waiting for application startup.
[2026-03-16 17:21:12 +0000] [408] [INFO] Application startup complete.
[2026-03-16 17:21:12 +0000] [419] [INFO] Booting worker with pid: 419
[2026-03-16 17:21:12 +0000] [421] [INFO] Booting worker with pid: 421
[2026-03-16 17:21:12 +0000] [409] [INFO] Started server process [409]
[2026-03-16 17:21:12 +0000] [409] [INFO] Waiting for application startup.
[2026-03-16 17:21:12 +0000] [409] [INFO] Application startup complete.
[2026-03-16 17:21:12 +0000] [422] [INFO] Booting worker with pid: 422
[2026-03-16 17:21:12 +0000] [424] [INFO] Booting worker with pid: 424
[2026-03-16 17:21:12 +0000] [412] [INFO] Started server process [412]
[2026-03-16 17:21:12 +0000] [412] [INFO] Waiting for application startup.
[2026-03-16 17:21:12 +0000] [412] [INFO] Application startup complete.
[2026-03-16 17:21:12 +0000] [413] [INFO] Started server process [413]
[2026-03-16 17:21:12 +0000] [413] [INFO] Waiting for application startup.
[2026-03-16 17:21:12 +0000] [413] [INFO] Application startup complete.
[2026-03-16 17:21:13 +0000] [426] [INFO] Booting worker with pid: 426
[2026-03-16 17:21:13 +0000] [416] [INFO] Started server process [416]
[2026-03-16 17:21:13 +0000] [416] [INFO] Waiting for application startup.
[2026-03-16 17:21:13 +0000] [416] [INFO] Application startup complete.
[2026-03-16 17:21:13 +0000] [428] [INFO] Booting worker with pid: 428
[2026-03-16 17:21:13 +0000] [429] [INFO] Booting worker with pid: 429
[2026-03-16 17:21:13 +0000] [419] [INFO] Started server process [419]
[2026-03-16 17:21:13 +0000] [419] [INFO] Waiting for application startup.
[2026-03-16 17:21:13 +0000] [419] [INFO] Application startup complete.
[2026-03-16 17:21:13 +0000] [431] [INFO] Booting worker with pid: 431
[2026-03-16 17:21:13 +0000] [432] [INFO] Booting worker with pid: 432
[2026-03-16 17:21:13 +0000] [422] [INFO] Started server process [422]
[2026-03-16 17:21:13 +0000] [422] [INFO] Waiting for application startup.
[2026-03-16 17:21:13 +0000] [422] [INFO] Application startup complete.
[2026-03-16 17:21:13 +0000] [424] [INFO] Started server process [424]
[2026-03-16 17:21:13 +0000] [424] [INFO] Waiting for application startup.
[2026-03-16 17:21:13 +0000] [424] [INFO] Application startup complete.
[2026-03-16 17:21:13 +0000] [436] [INFO] Booting worker with pid: 436
[2026-03-16 17:21:13 +0000] [421] [INFO] Started server process [421]
[2026-03-16 17:21:13 +0000] [421] [INFO] Waiting for application startup.
[2026-03-16 17:21:13 +0000] [421] [INFO] Application startup complete.
[2026-03-16 17:21:13 +0000] [437] [INFO] Booting worker with pid: 437
[2026-03-16 17:21:13 +0000] [429] [INFO] Started server process [429]
[2026-03-16 17:21:13 +0000] [429] [INFO] Waiting for application startup.
[2026-03-16 17:21:13 +0000] [429] [INFO] Application startup complete.
[2026-03-16 17:21:13 +0000] [440] [INFO] Booting worker with pid: 440
[2026-03-16 17:21:13 +0000] [426] [INFO] Started server process [426]
[2026-03-16 17:21:13 +0000] [426] [INFO] Waiting for application startup.
[2026-03-16 17:21:13 +0000] [426] [INFO] Application startup complete.
[2026-03-16 17:21:13 +0000] [428] [INFO] Started server process [428]
[2026-03-16 17:21:13 +0000] [428] [INFO] Waiting for application startup.
[2026-03-16 17:21:13 +0000] [428] [INFO] Application startup complete.
[2026-03-16 17:21:13 +0000] [443] [INFO] Booting worker with pid: 443
[2026-03-16 17:21:13 +0000] [431] [INFO] Started server process [431]
[2026-03-16 17:21:13 +0000] [431] [INFO] Waiting for application startup.
[2026-03-16 17:21:13 +0000] [431] [INFO] Application startup complete.
[2026-03-16 17:21:13 +0000] [445] [INFO] Booting worker with pid: 445
[2026-03-16 17:21:13 +0000] [432] [INFO] Started server process [432]
[2026-03-16 17:21:13 +0000] [432] [INFO] Waiting for application startup.
[2026-03-16 17:21:13 +0000] [432] [INFO] Application startup complete.
[2026-03-16 17:21:13 +0000] [446] [INFO] Booting worker with pid: 446
[2026-03-16 17:21:13 +0000] [436] [INFO] Started server process [436]
[2026-03-16 17:21:13 +0000] [436] [INFO] Waiting for application startup.
[2026-03-16 17:21:13 +0000] [436] [INFO] Application startup complete.
[2026-03-16 17:21:13 +0000] [449] [INFO] Booting worker with pid: 449
[2026-03-16 17:21:13 +0000] [437] [INFO] Started server process [437]
[2026-03-16 17:21:13 +0000] [437] [INFO] Waiting for application startup.
[2026-03-16 17:21:13 +0000] [437] [INFO] Application startup complete.
[2026-03-16 17:21:13 +0000] [450] [INFO] Booting worker with pid: 450
[2026-03-16 17:21:13 +0000] [440] [INFO] Started server process [440]
[2026-03-16 17:21:13 +0000] [440] [INFO] Waiting for application startup.
[2026-03-16 17:21:13 +0000] [440] [INFO] Application startup complete.
[2026-03-16 17:21:13 +0000] [452] [INFO] Booting worker with pid: 452
[2026-03-16 17:21:13 +0000] [453] [INFO] Booting worker with pid: 453
[2026-03-16 17:21:13 +0000] [443] [INFO] Started server process [443]
[2026-03-16 17:21:13 +0000] [443] [INFO] Waiting for application startup.
[2026-03-16 17:21:13 +0000] [443] [INFO] Application startup complete.
[2026-03-16 17:21:13 +0000] [455] [INFO] Booting worker with pid: 455
[2026-03-16 17:21:13 +0000] [456] [INFO] Booting worker with pid: 456
[2026-03-16 17:21:13 +0000] [458] [INFO] Booting worker with pid: 458
[2026-03-16 17:21:14 +0000] [446] [INFO] Started server process [446]
[2026-03-16 17:21:14 +0000] [446] [INFO] Waiting for application startup.
[2026-03-16 17:21:14 +0000] [446] [INFO] Application startup complete.
[2026-03-16 17:21:14 +0000] [449] [INFO] Started server process [449]
[2026-03-16 17:21:14 +0000] [449] [INFO] Waiting for application startup.
[2026-03-16 17:21:14 +0000] [449] [INFO] Application startup complete.
[2026-03-16 17:21:14 +0000] [460] [INFO] Booting worker with pid: 460
[2026-03-16 17:21:14 +0000] [450] [INFO] Started server process [450]
[2026-03-16 17:21:14 +0000] [450] [INFO] Waiting for application startup.
[2026-03-16 17:21:14 +0000] [450] [INFO] Application startup complete.
[2026-03-16 17:21:14 +0000] [445] [INFO] Started server process [445]
[2026-03-16 17:21:14 +0000] [445] [INFO] Waiting for application startup.
[2026-03-16 17:21:14 +0000] [445] [INFO] Application startup complete.
[2026-03-16 17:21:14 +0000] [464] [INFO] Booting worker with pid: 464
[2026-03-16 17:21:14 +0000] [452] [INFO] Started server process [452]
[2026-03-16 17:21:14 +0000] [452] [INFO] Waiting for application startup.
[2026-03-16 17:21:14 +0000] [452] [INFO] Application startup complete.
[2026-03-16 17:21:14 +0000] [453] [INFO] Started server process [453]
[2026-03-16 17:21:14 +0000] [453] [INFO] Waiting for application startup.
[2026-03-16 17:21:14 +0000] [455] [INFO] Started server process [455]
[2026-03-16 17:21:14 +0000] [453] [INFO] Application startup complete.
[2026-03-16 17:21:14 +0000] [455] [INFO] Waiting for application startup.
[2026-03-16 17:21:14 +0000] [455] [INFO] Application startup complete.
[2026-03-16 17:21:14 +0000] [467] [INFO] Booting worker with pid: 467
[2026-03-16 17:21:14 +0000] [458] [INFO] Started server process [458]
[2026-03-16 17:21:14 +0000] [458] [INFO] Waiting for application startup.
[2026-03-16 17:21:14 +0000] [458] [INFO] Application startup complete.
[2026-03-16 17:21:14 +0000] [469] [INFO] Booting worker with pid: 469
[2026-03-16 17:21:14 +0000] [470] [INFO] Booting worker with pid: 470
[2026-03-16 17:21:14 +0000] [472] [INFO] Booting worker with pid: 472
[2026-03-16 17:21:14 +0000] [456] [INFO] Started server process [456]
[2026-03-16 17:21:14 +0000] [456] [INFO] Waiting for application startup.
[2026-03-16 17:21:14 +0000] [456] [INFO] Application startup complete.
[2026-03-16 17:21:14 +0000] [460] [INFO] Started server process [460]
[2026-03-16 17:21:14 +0000] [460] [INFO] Waiting for application startup.
[2026-03-16 17:21:14 +0000] [460] [INFO] Application startup complete.
[2026-03-16 17:21:14 +0000] [474] [INFO] Booting worker with pid: 474
[2026-03-16 17:21:14 +0000] [475] [INFO] Booting worker with pid: 475
[2026-03-16 17:21:14 +0000] [476] [INFO] Booting worker with pid: 476
[2026-03-16 17:21:14 +0000] [467] [INFO] Started server process [467]
[2026-03-16 17:21:14 +0000] [467] [INFO] Waiting for application startup.
[2026-03-16 17:21:14 +0000] [467] [INFO] Application startup complete.
[2026-03-16 17:21:14 +0000] [464] [INFO] Started server process [464]
[2026-03-16 17:21:14 +0000] [464] [INFO] Waiting for application startup.
[2026-03-16 17:21:14 +0000] [464] [INFO] Application startup complete.
[2026-03-16 17:21:14 +0000] [469] [INFO] Started server process [469]
[2026-03-16 17:21:14 +0000] [469] [INFO] Waiting for application startup.
[2026-03-16 17:21:14 +0000] [469] [INFO] Application startup complete.
[2026-03-16 17:21:14 +0000] [482] [INFO] Booting worker with pid: 482
[2026-03-16 17:21:14 +0000] [470] [INFO] Started server process [470]
[2026-03-16 17:21:14 +0000] [470] [INFO] Waiting for application startup.
[2026-03-16 17:21:14 +0000] [470] [INFO] Application startup complete.
[2026-03-16 17:21:14 +0000] [472] [INFO] Started server process [472]
[2026-03-16 17:21:14 +0000] [472] [INFO] Waiting for application startup.
[2026-03-16 17:21:14 +0000] [472] [INFO] Application startup complete.
[2026-03-16 17:21:14 +0000] [483] [INFO] Booting worker with pid: 483
[2026-03-16 17:21:14 +0000] [484] [INFO] Booting worker with pid: 484
[2026-03-16 17:21:14 +0000] [486] [INFO] Booting worker with pid: 486
[2026-03-16 17:21:14 +0000] [474] [INFO] Started server process [474]
[2026-03-16 17:21:14 +0000] [474] [INFO] Waiting for application startup.
[2026-03-16 17:21:14 +0000] [474] [INFO] Application startup complete.
[2026-03-16 17:21:14 +0000] [475] [INFO] Started server process [475]
[2026-03-16 17:21:14 +0000] [475] [INFO] Waiting for application startup.
[2026-03-16 17:21:14 +0000] [475] [INFO] Application startup complete.
[2026-03-16 17:21:14 +0000] [489] [INFO] Booting worker with pid: 489
[2026-03-16 17:21:14 +0000] [476] [INFO] Started server process [476]
[2026-03-16 17:21:14 +0000] [476] [INFO] Waiting for application startup.
[2026-03-16 17:21:14 +0000] [476] [INFO] Application startup complete.
[2026-03-16 17:21:14 +0000] [490] [INFO] Booting worker with pid: 490
[2026-03-16 17:21:14 +0000] [482] [INFO] Started server process [482]
[2026-03-16 17:21:14 +0000] [482] [INFO] Waiting for application startup.
[2026-03-16 17:21:14 +0000] [482] [INFO] Application startup complete.
[2026-03-16 17:21:14 +0000] [483] [INFO] Started server process [483]
[2026-03-16 17:21:14 +0000] [483] [INFO] Waiting for application startup.
[2026-03-16 17:21:14 +0000] [483] [INFO] Application startup complete.
[2026-03-16 17:21:14 +0000] [494] [INFO] Booting worker with pid: 494
[2026-03-16 17:21:14 +0000] [484] [INFO] Started server process [484]
[2026-03-16 17:21:14 +0000] [484] [INFO] Waiting for application startup.
[2026-03-16 17:21:14 +0000] [484] [INFO] Application startup complete.
[2026-03-16 17:21:14 +0000] [495] [INFO] Booting worker with pid: 495
[2026-03-16 17:21:14 +0000] [497] [INFO] Booting worker with pid: 497
[2026-03-16 17:21:14 +0000] [486] [INFO] Started server process [486]
[2026-03-16 17:21:14 +0000] [486] [INFO] Waiting for application startup.
[2026-03-16 17:21:14 +0000] [486] [INFO] Application startup complete.
[2026-03-16 17:21:15 +0000] [498] [INFO] Booting worker with pid: 498
[2026-03-16 17:21:15 +0000] [499] [INFO] Booting worker with pid: 499
[2026-03-16 17:21:15 +0000] [489] [INFO] Started server process [489]
[2026-03-16 17:21:15 +0000] [489] [INFO] Waiting for application startup.
[2026-03-16 17:21:15 +0000] [489] [INFO] Application startup complete.
[2026-03-16 17:21:15 +0000] [501] [INFO] Booting worker with pid: 501
[2026-03-16 17:21:15 +0000] [490] [INFO] Started server process [490]
[2026-03-16 17:21:15 +0000] [490] [INFO] Waiting for application startup.
[2026-03-16 17:21:15 +0000] [490] [INFO] Application startup complete.
[2026-03-16 17:21:15 +0000] [503] [INFO] Booting worker with pid: 503
[2026-03-16 17:21:15 +0000] [494] [INFO] Started server process [494]
[2026-03-16 17:21:15 +0000] [494] [INFO] Waiting for application startup.
[2026-03-16 17:21:15 +0000] [494] [INFO] Application startup complete.
[2026-03-16 17:21:15 +0000] [506] [INFO] Booting worker with pid: 506
[2026-03-16 17:21:15 +0000] [495] [INFO] Started server process [495]
[2026-03-16 17:21:15 +0000] [495] [INFO] Waiting for application startup.
[2026-03-16 17:21:15 +0000] [495] [INFO] Application startup complete.
[2026-03-16 17:21:15 +0000] [497] [INFO] Started server process [497]
[2026-03-16 17:21:15 +0000] [497] [INFO] Waiting for application startup.
[2026-03-16 17:21:15 +0000] [497] [INFO] Application startup complete.
[2026-03-16 17:21:15 +0000] [508] [INFO] Booting worker with pid: 508
[2026-03-16 17:21:15 +0000] [498] [INFO] Started server process [498]
[2026-03-16 17:21:15 +0000] [498] [INFO] Waiting for application startup.
[2026-03-16 17:21:15 +0000] [498] [INFO] Application startup complete.
[2026-03-16 17:21:15 +0000] [511] [INFO] Booting worker with pid: 511
[2026-03-16 17:21:15 +0000] [499] [INFO] Started server process [499]
[2026-03-16 17:21:15 +0000] [499] [INFO] Waiting for application startup.
[2026-03-16 17:21:15 +0000] [499] [INFO] Application startup complete.
[2026-03-16 17:21:15 +0000] [512] [INFO] Booting worker with pid: 512
[2026-03-16 17:21:15 +0000] [501] [INFO] Started server process [501]
[2026-03-16 17:21:15 +0000] [501] [INFO] Waiting for application startup.
[2026-03-16 17:21:15 +0000] [501] [INFO] Application startup complete.
[2026-03-16 17:21:15 +0000] [503] [INFO] Started server process [503]
[2026-03-16 17:21:15 +0000] [503] [INFO] Waiting for application startup.
[2026-03-16 17:21:15 +0000] [503] [INFO] Application startup complete.
[2026-03-16 17:21:15 +0000] [506] [INFO] Started server process [506]
[2026-03-16 17:21:15 +0000] [506] [INFO] Waiting for application startup.
[2026-03-16 17:21:15 +0000] [506] [INFO] Application startup complete.
[2026-03-16 17:21:15 +0000] [508] [INFO] Started server process [508]
[2026-03-16 17:21:15 +0000] [508] [INFO] Waiting for application startup.
[2026-03-16 17:21:15 +0000] [508] [INFO] Application startup complete.
[2026-03-16 17:21:15 +0000] [511] [INFO] Started server process [511]
[2026-03-16 17:21:15 +0000] [511] [INFO] Waiting for application startup.
[2026-03-16 17:21:15 +0000] [511] [INFO] Application startup complete.
[2026-03-16 17:21:15 +0000] [512] [INFO] Started server process [512]
[2026-03-16 17:21:15 +0000] [512] [INFO] Waiting for application startup.
[2026-03-16 17:21:15 +0000] [512] [INFO] Application startup complete.
