[2026-03-16 17:24:23 +0000] [1] [INFO] Starting gunicorn 23.0.0
[2026-03-16 17:24:23 +0000] [1] [INFO] Listening at: http://0.0.0.0:8080 (1)
[2026-03-16 17:24:23 +0000] [1] [INFO] Using worker: uvicorn.workers.UvicornWorker
[2026-03-16 17:24:23 +0000] [7] [INFO] Booting worker with pid: 7
[2026-03-16 17:24:23 +0000] [8] [INFO] Booting worker with pid: 8
[2026-03-16 17:24:24 +0000] [9] [INFO] Booting worker with pid: 9
[2026-03-16 17:24:24 +0000] [10] [INFO] Booting worker with pid: 10
[2026-03-16 17:24:24 +0000] [11] [INFO] Booting worker with pid: 11
[2026-03-16 17:24:24 +0000] [12] [INFO] Booting worker with pid: 12
[2026-03-16 17:24:24 +0000] [7] [INFO] Started server process [7]
[2026-03-16 17:24:24 +0000] [7] [INFO] Waiting for application startup.
[2026-03-16 17:24:24 +0000] [7] [INFO] Application startup complete.
[2026-03-16 17:24:24 +0000] [15] [INFO] Booting worker with pid: 15
[2026-03-16 17:24:24 +0000] [8] [INFO] Started server process [8]
[2026-03-16 17:24:24 +0000] [8] [INFO] Waiting for application startup.
[2026-03-16 17:24:24 +0000] [8] [INFO] Application startup complete.
[2026-03-16 17:24:24 +0000] [16] [INFO] Booting worker with pid: 16
[2026-03-16 17:24:24 +0000] [9] [INFO] Started server process [9]
[2026-03-16 17:24:24 +0000] [9] [INFO] Waiting for application startup.
[2026-03-16 17:24:24 +0000] [9] [INFO] Application startup complete.
[2026-03-16 17:24:24 +0000] [10] [INFO] Started server process [10]
[2026-03-16 17:24:24 +0000] [10] [INFO] Waiting for application startup.
[2026-03-16 17:24:24 +0000] [10] [INFO] Application startup complete.
[2026-03-16 17:24:24 +0000] [19] [INFO] Booting worker with pid: 19
[2026-03-16 17:24:24 +0000] [11] [INFO] Started server process [11]
[2026-03-16 17:24:24 +0000] [11] [INFO] Waiting for application startup.
[2026-03-16 17:24:24 +0000] [11] [INFO] Application startup complete.
[2026-03-16 17:24:24 +0000] [21] [INFO] Booting worker with pid: 21
[2026-03-16 17:24:24 +0000] [12] [INFO] Started server process [12]
[2026-03-16 17:24:24 +0000] [12] [INFO] Waiting for application startup.
[2026-03-16 17:24:24 +0000] [12] [INFO] Application startup complete.
[2026-03-16 17:24:24 +0000] [23] [INFO] Booting worker with pid: 23
[2026-03-16 17:24:24 +0000] [24] [INFO] Booting worker with pid: 24
[2026-03-16 17:24:24 +0000] [15] [INFO] Started server process [15]
[2026-03-16 17:24:24 +0000] [15] [INFO] Waiting for application startup.
[2026-03-16 17:24:24 +0000] [15] [INFO] Application startup complete.
[2026-03-16 17:24:24 +0000] [16] [INFO] Started server process [16]
[2026-03-16 17:24:24 +0000] [16] [INFO] Waiting for application startup.
[2026-03-16 17:24:24 +0000] [16] [INFO] Application startup complete.
[2026-03-16 17:24:24 +0000] [27] [INFO] Booting worker with pid: 27
[2026-03-16 17:24:24 +0000] [28] [INFO] Booting worker with pid: 28
[2026-03-16 17:24:24 +0000] [29] [INFO] Booting worker with pid: 29
[2026-03-16 17:24:24 +0000] [19] [INFO] Started server process [19]
[2026-03-16 17:24:24 +0000] [19] [INFO] Waiting for application startup.
[2026-03-16 17:24:24 +0000] [19] [INFO] Application startup complete.
[2026-03-16 17:24:24 +0000] [21] [INFO] Started server process [21]
[2026-03-16 17:24:24 +0000] [21] [INFO] Waiting for application startup.
[2026-03-16 17:24:24 +0000] [21] [INFO] Application startup complete.
[2026-03-16 17:24:24 +0000] [23] [INFO] Started server process [23]
[2026-03-16 17:24:24 +0000] [23] [INFO] Waiting for application startup.
[2026-03-16 17:24:24 +0000] [23] [INFO] Application startup complete.
[2026-03-16 17:24:24 +0000] [33] [INFO] Booting worker with pid: 33
[2026-03-16 17:24:24 +0000] [24] [INFO] Started server process [24]
[2026-03-16 17:24:24 +0000] [24] [INFO] Waiting for application startup.
[2026-03-16 17:24:24 +0000] [24] [INFO] Application startup complete.
[2026-03-16 17:24:24 +0000] [35] [INFO] Booting worker with pid: 35
[2026-03-16 17:24:24 +0000] [27] [INFO] Started server process [27]
[2026-03-16 17:24:24 +0000] [27] [INFO] Waiting for application startup.
[2026-03-16 17:24:24 +0000] [27] [INFO] Application startup complete.
[2026-03-16 17:24:24 +0000] [37] [INFO] Booting worker with pid: 37
[2026-03-16 17:24:24 +0000] [28] [INFO] Started server process [28]
[2026-03-16 17:24:24 +0000] [28] [INFO] Waiting for application startup.
[2026-03-16 17:24:24 +0000] [28] [INFO] Application startup complete.
[2026-03-16 17:24:24 +0000] [29] [INFO] Started server process [29]
[2026-03-16 17:24:24 +0000] [29] [INFO] Waiting for application startup.
[2026-03-16 17:24:24 +0000] [29] [INFO] Application startup complete.
[2026-03-16 17:24:24 +0000] [40] [INFO] Booting worker with pid: 40
[2026-03-16 17:24:24 +0000] [41] [INFO] Booting worker with pid: 41
[2026-03-16 17:24:24 +0000] [33] [INFO] Started server process [33]
[2026-03-16 17:24:24 +0000] [33] [INFO] Waiting for application startup.
[2026-03-16 17:24:24 +0000] [33] [INFO] Application startup complete.
[2026-03-16 17:24:24 +0000] [43] [INFO] Booting worker with pid: 43
[2026-03-16 17:24:25 +0000] [44] [INFO] Booting worker with pid: 44
[2026-03-16 17:24:25 +0000] [35] [INFO] Started server process [35]
[2026-03-16 17:24:25 +0000] [35] [INFO] Waiting for application startup.
[2026-03-16 17:24:25 +0000] [35] [INFO] Application startup complete.
[2026-03-16 17:24:25 +0000] [37] [INFO] Started server process [37]
[2026-03-16 17:24:25 +0000] [37] [INFO] Waiting for application startup.
[2026-03-16 17:24:25 +0000] [37] [INFO] Application startup complete.
[2026-03-16 17:24:25 +0000] [47] [INFO] Booting worker with pid: 47
[2026-03-16 17:24:25 +0000] [49] [INFO] Booting worker with pid: 49
[2026-03-16 17:24:25 +0000] [40] [INFO] Started server process [40]
[2026-03-16 17:24:25 +0000] [40] [INFO] Waiting for application startup.
[2026-03-16 17:24:25 +0000] [40] [INFO] Application startup complete.
[2026-03-16 17:24:25 +0000] [41] [INFO] Started server process [41]
[2026-03-16 17:24:25 +0000] [41] [INFO] Waiting for application startup.
[2026-03-16 17:24:25 +0000] [41] [INFO] Application startup complete.
[2026-03-16 17:24:25 +0000] [51] [INFO] Booting worker with pid: 51
[2026-03-16 17:24:25 +0000] [52] [INFO] Booting worker with pid: 52
[2026-03-16 17:24:25 +0000] [43] [INFO] Started server process [43]
[2026-03-16 17:24:25 +0000] [43] [INFO] Waiting for application startup.
[2026-03-16 17:24:25 +0000] [43] [INFO] Application startup complete.
[2026-03-16 17:24:25 +0000] [54] [INFO] Booting worker with pid: 54
[2026-03-16 17:24:25 +0000] [44] [INFO] Started server process [44]
[2026-03-16 17:24:25 +0000] [44] [INFO] Waiting for application startup.
[2026-03-16 17:24:25 +0000] [44] [INFO] Application startup complete.
[2026-03-16 17:24:25 +0000] [56] [INFO] Booting worker with pid: 56
[2026-03-16 17:24:25 +0000] [47] [INFO] Started server process [47]
[2026-03-16 17:24:25 +0000] [47] [INFO] Waiting for application startup.
[2026-03-16 17:24:25 +0000] [47] [INFO] Application startup complete.
[2026-03-16 17:24:25 +0000] [58] [INFO] Booting worker with pid: 58
[2026-03-16 17:24:25 +0000] [49] [INFO] Started server process [49]
[2026-03-16 17:24:25 +0000] [49] [INFO] Waiting for application startup.
[2026-03-16 17:24:25 +0000] [49] [INFO] Application startup complete.
[2026-03-16 17:24:25 +0000] [51] [INFO] Started server process [51]
[2026-03-16 17:24:25 +0000] [51] [INFO] Waiting for application startup.
[2026-03-16 17:24:25 +0000] [51] [INFO] Application startup complete.
[2026-03-16 17:24:25 +0000] [61] [INFO] Booting worker with pid: 61
[2026-03-16 17:24:25 +0000] [52] [INFO] Started server process [52]
[2026-03-16 17:24:25 +0000] [52] [INFO] Waiting for application startup.
[2026-03-16 17:24:25 +0000] [52] [INFO] Application startup complete.
[2026-03-16 17:24:25 +0000] [54] [INFO] Started server process [54]
[2026-03-16 17:24:25 +0000] [54] [INFO] Waiting for application startup.
[2026-03-16 17:24:25 +0000] [54] [INFO] Application startup complete.
[2026-03-16 17:24:25 +0000] [64] [INFO] Booting worker with pid: 64
[2026-03-16 17:24:25 +0000] [56] [INFO] Started server process [56]
[2026-03-16 17:24:25 +0000] [56] [INFO] Waiting for application startup.
[2026-03-16 17:24:25 +0000] [56] [INFO] Application startup complete.
[2026-03-16 17:24:25 +0000] [58] [INFO] Started server process [58]
[2026-03-16 17:24:25 +0000] [58] [INFO] Waiting for application startup.
[2026-03-16 17:24:25 +0000] [58] [INFO] Application startup complete.
[2026-03-16 17:24:25 +0000] [67] [INFO] Booting worker with pid: 67
[2026-03-16 17:24:25 +0000] [68] [INFO] Booting worker with pid: 68
[2026-03-16 17:24:25 +0000] [61] [INFO] Started server process [61]
[2026-03-16 17:24:25 +0000] [61] [INFO] Waiting for application startup.
[2026-03-16 17:24:25 +0000] [61] [INFO] Application startup complete.
[2026-03-16 17:24:25 +0000] [70] [INFO] Booting worker with pid: 70
[2026-03-16 17:24:25 +0000] [71] [INFO] Booting worker with pid: 71
[2026-03-16 17:24:25 +0000] [72] [INFO] Booting worker with pid: 72
[2026-03-16 17:24:25 +0000] [73] [INFO] Booting worker with pid: 73
[2026-03-16 17:24:25 +0000] [75] [INFO] Booting worker with pid: 75
[2026-03-16 17:24:25 +0000] [64] [INFO] Started server process [64]
[2026-03-16 17:24:25 +0000] [64] [INFO] Waiting for application startup.
[2026-03-16 17:24:25 +0000] [64] [INFO] Application startup complete.
[2026-03-16 17:24:25 +0000] [76] [INFO] Booting worker with pid: 76
[2026-03-16 17:24:25 +0000] [67] [INFO] Started server process [67]
[2026-03-16 17:24:25 +0000] [67] [INFO] Waiting for application startup.
[2026-03-16 17:24:25 +0000] [67] [INFO] Application startup complete.
[2026-03-16 17:24:25 +0000] [78] [INFO] Booting worker with pid: 78
[2026-03-16 17:24:26 +0000] [68] [INFO] Started server process [68]
[2026-03-16 17:24:26 +0000] [68] [INFO] Waiting for application startup.
[2026-03-16 17:24:26 +0000] [68] [INFO] Application startup complete.
[2026-03-16 17:24:26 +0000] [80] [INFO] Booting worker with pid: 80
[2026-03-16 17:24:26 +0000] [70] [INFO] Started server process [70]
[2026-03-16 17:24:26 +0000] [70] [INFO] Waiting for application startup.
[2026-03-16 17:24:26 +0000] [70] [INFO] Application startup complete.
[2026-03-16 17:24:26 +0000] [72] [INFO] Started server process [72]
[2026-03-16 17:24:26 +0000] [72] [INFO] Waiting for application startup.
[2026-03-16 17:24:26 +0000] [72] [INFO] Application startup complete.
[2026-03-16 17:24:26 +0000] [85] [INFO] Booting worker with pid: 85
[2026-03-16 17:24:26 +0000] [71] [INFO] Started server process [71]
[2026-03-16 17:24:26 +0000] [71] [INFO] Waiting for application startup.
[2026-03-16 17:24:26 +0000] [71] [INFO] Application startup complete.
[2026-03-16 17:24:26 +0000] [73] [INFO] Started server process [73]
[2026-03-16 17:24:26 +0000] [73] [INFO] Waiting for application startup.
[2026-03-16 17:24:26 +0000] [73] [INFO] Application startup complete.
[2026-03-16 17:24:26 +0000] [75] [INFO] Started server process [75]
[2026-03-16 17:24:26 +0000] [75] [INFO] Waiting for application startup.
[2026-03-16 17:24:26 +0000] [75] [INFO] Application startup complete.
[2026-03-16 17:24:26 +0000] [87] [INFO] Booting worker with pid: 87
[2026-03-16 17:24:26 +0000] [76] [INFO] Started server process [76]
[2026-03-16 17:24:26 +0000] [76] [INFO] Waiting for application startup.
[2026-03-16 17:24:26 +0000] [76] [INFO] Application startup complete.
[2026-03-16 17:24:26 +0000] [89] [INFO] Booting worker with pid: 89
[2026-03-16 17:24:26 +0000] [78] [INFO] Started server process [78]
[2026-03-16 17:24:26 +0000] [78] [INFO] Waiting for application startup.
[2026-03-16 17:24:26 +0000] [78] [INFO] Application startup complete.
[2026-03-16 17:24:26 +0000] [80] [INFO] Started server process [80]
[2026-03-16 17:24:26 +0000] [80] [INFO] Waiting for application startup.
[2026-03-16 17:24:26 +0000] [80] [INFO] Application startup complete.
[2026-03-16 17:24:26 +0000] [92] [INFO] Booting worker with pid: 92
[2026-03-16 17:24:26 +0000] [85] [INFO] Started server process [85]
[2026-03-16 17:24:26 +0000] [85] [INFO] Waiting for application startup.
[2026-03-16 17:24:26 +0000] [85] [INFO] Application startup complete.
[2026-03-16 17:24:26 +0000] [94] [INFO] Booting worker with pid: 94
[2026-03-16 17:24:26 +0000] [87] [INFO] Started server process [87]
[2026-03-16 17:24:26 +0000] [87] [INFO] Waiting for application startup.
[2026-03-16 17:24:26 +0000] [87] [INFO] Application startup complete.
[2026-03-16 17:24:26 +0000] [96] [INFO] Booting worker with pid: 96
[2026-03-16 17:24:26 +0000] [97] [INFO] Booting worker with pid: 97
[2026-03-16 17:24:26 +0000] [99] [INFO] Booting worker with pid: 99
[2026-03-16 17:24:26 +0000] [89] [INFO] Started server process [89]
[2026-03-16 17:24:26 +0000] [89] [INFO] Waiting for application startup.
[2026-03-16 17:24:26 +0000] [89] [INFO] Application startup complete.
[2026-03-16 17:24:26 +0000] [100] [INFO] Booting worker with pid: 100
[2026-03-16 17:24:26 +0000] [92] [INFO] Started server process [92]
[2026-03-16 17:24:26 +0000] [92] [INFO] Waiting for application startup.
[2026-03-16 17:24:26 +0000] [92] [INFO] Application startup complete.
[2026-03-16 17:24:26 +0000] [102] [INFO] Booting worker with pid: 102
[2026-03-16 17:24:26 +0000] [94] [INFO] Started server process [94]
[2026-03-16 17:24:26 +0000] [94] [INFO] Waiting for application startup.
[2026-03-16 17:24:26 +0000] [94] [INFO] Application startup complete.
[2026-03-16 17:24:26 +0000] [104] [INFO] Booting worker with pid: 104
[2026-03-16 17:24:26 +0000] [96] [INFO] Started server process [96]
[2026-03-16 17:24:26 +0000] [96] [INFO] Waiting for application startup.
[2026-03-16 17:24:26 +0000] [96] [INFO] Application startup complete.
[2026-03-16 17:24:26 +0000] [97] [INFO] Started server process [97]
[2026-03-16 17:24:26 +0000] [97] [INFO] Waiting for application startup.
[2026-03-16 17:24:26 +0000] [97] [INFO] Application startup complete.
[2026-03-16 17:24:26 +0000] [107] [INFO] Booting worker with pid: 107
[2026-03-16 17:24:26 +0000] [99] [INFO] Started server process [99]
[2026-03-16 17:24:26 +0000] [99] [INFO] Waiting for application startup.
[2026-03-16 17:24:26 +0000] [99] [INFO] Application startup complete.
[2026-03-16 17:24:26 +0000] [110] [INFO] Booting worker with pid: 110
[2026-03-16 17:24:26 +0000] [100] [INFO] Started server process [100]
[2026-03-16 17:24:26 +0000] [100] [INFO] Waiting for application startup.
[2026-03-16 17:24:26 +0000] [100] [INFO] Application startup complete.
[2026-03-16 17:24:26 +0000] [111] [INFO] Booting worker with pid: 111
[2026-03-16 17:24:26 +0000] [102] [INFO] Started server process [102]
[2026-03-16 17:24:26 +0000] [102] [INFO] Waiting for application startup.
[2026-03-16 17:24:26 +0000] [102] [INFO] Application startup complete.
[2026-03-16 17:24:27 +0000] [114] [INFO] Booting worker with pid: 114
[2026-03-16 17:24:27 +0000] [104] [INFO] Started server process [104]
[2026-03-16 17:24:27 +0000] [104] [INFO] Waiting for application startup.
[2026-03-16 17:24:27 +0000] [104] [INFO] Application startup complete.
[2026-03-16 17:24:27 +0000] [115] [INFO] Booting worker with pid: 115
[2026-03-16 17:24:27 +0000] [107] [INFO] Started server process [107]
[2026-03-16 17:24:27 +0000] [107] [INFO] Waiting for application startup.
[2026-03-16 17:24:27 +0000] [107] [INFO] Application startup complete.
[2026-03-16 17:24:27 +0000] [117] [INFO] Booting worker with pid: 117
[2026-03-16 17:24:27 +0000] [110] [INFO] Started server process [110]
[2026-03-16 17:24:27 +0000] [110] [INFO] Waiting for application startup.
[2026-03-16 17:24:27 +0000] [110] [INFO] Application startup complete.
[2026-03-16 17:24:27 +0000] [119] [INFO] Booting worker with pid: 119
[2026-03-16 17:24:27 +0000] [111] [INFO] Started server process [111]
[2026-03-16 17:24:27 +0000] [111] [INFO] Waiting for application startup.
[2026-03-16 17:24:27 +0000] [111] [INFO] Application startup complete.
[2026-03-16 17:24:27 +0000] [121] [INFO] Booting worker with pid: 121
[2026-03-16 17:24:27 +0000] [122] [INFO] Booting worker with pid: 122
[2026-03-16 17:24:27 +0000] [114] [INFO] Started server process [114]
[2026-03-16 17:24:27 +0000] [114] [INFO] Waiting for application startup.
[2026-03-16 17:24:27 +0000] [114] [INFO] Application startup complete.
[2026-03-16 17:24:27 +0000] [125] [INFO] Booting worker with pid: 125
[2026-03-16 17:24:27 +0000] [115] [INFO] Started server process [115]
[2026-03-16 17:24:27 +0000] [115] [INFO] Waiting for application startup.
[2026-03-16 17:24:27 +0000] [115] [INFO] Application startup complete.
[2026-03-16 17:24:27 +0000] [117] [INFO] Started server process [117]
[2026-03-16 17:24:27 +0000] [117] [INFO] Waiting for application startup.
[2026-03-16 17:24:27 +0000] [117] [INFO] Application startup complete.
[2026-03-16 17:24:27 +0000] [127] [INFO] Booting worker with pid: 127
[2026-03-16 17:24:27 +0000] [128] [INFO] Booting worker with pid: 128
[2026-03-16 17:24:27 +0000] [119] [INFO] Started server process [119]
[2026-03-16 17:24:27 +0000] [119] [INFO] Waiting for application startup.
[2026-03-16 17:24:27 +0000] [119] [INFO] Application startup complete.
[2026-03-16 17:24:27 +0000] [130] [INFO] Booting worker with pid: 130
[2026-03-16 17:24:27 +0000] [131] [INFO] Booting worker with pid: 131
[2026-03-16 17:24:27 +0000] [121] [INFO] Started server process [121]
[2026-03-16 17:24:27 +0000] [121] [INFO] Waiting for application startup.
[2026-03-16 17:24:27 +0000] [121] [INFO] Application startup complete.
[2026-03-16 17:24:27 +0000] [133] [INFO] Booting worker with pid: 133
[2026-03-16 17:24:27 +0000] [122] [INFO] Started server process [122]
[2026-03-16 17:24:27 +0000] [122] [INFO] Waiting for application startup.
[2026-03-16 17:24:27 +0000] [122] [INFO] Application startup complete.
[2026-03-16 17:24:27 +0000] [136] [INFO] Booting worker with pid: 136
[2026-03-16 17:24:27 +0000] [125] [INFO] Started server process [125]
[2026-03-16 17:24:27 +0000] [125] [INFO] Waiting for application startup.
[2026-03-16 17:24:27 +0000] [125] [INFO] Application startup complete.
[2026-03-16 17:24:27 +0000] [127] [INFO] Started server process [127]
[2026-03-16 17:24:27 +0000] [127] [INFO] Waiting for application startup.
[2026-03-16 17:24:27 +0000] [127] [INFO] Application startup complete.
[2026-03-16 17:24:27 +0000] [138] [INFO] Booting worker with pid: 138
[2026-03-16 17:24:27 +0000] [128] [INFO] Started server process [128]
[2026-03-16 17:24:27 +0000] [128] [INFO] Waiting for application startup.
[2026-03-16 17:24:27 +0000] [128] [INFO] Application startup complete.
[2026-03-16 17:24:27 +0000] [140] [INFO] Booting worker with pid: 140
[2026-03-16 17:24:27 +0000] [141] [INFO] Booting worker with pid: 141
[2026-03-16 17:24:28 +0000] [130] [INFO] Started server process [130]
[2026-03-16 17:24:28 +0000] [130] [INFO] Waiting for application startup.
[2026-03-16 17:24:28 +0000] [130] [INFO] Application startup complete.
[2026-03-16 17:24:28 +0000] [131] [INFO] Started server process [131]
[2026-03-16 17:24:28 +0000] [131] [INFO] Waiting for application startup.
[2026-03-16 17:24:28 +0000] [131] [INFO] Application startup complete.
[2026-03-16 17:24:28 +0000] [144] [INFO] Booting worker with pid: 144
[2026-03-16 17:24:28 +0000] [146] [INFO] Booting worker with pid: 146
[2026-03-16 17:24:28 +0000] [147] [INFO] Booting worker with pid: 147
[2026-03-16 17:24:28 +0000] [133] [INFO] Started server process [133]
[2026-03-16 17:24:28 +0000] [133] [INFO] Waiting for application startup.
[2026-03-16 17:24:28 +0000] [133] [INFO] Application startup complete.
[2026-03-16 17:24:28 +0000] [136] [INFO] Started server process [136]
[2026-03-16 17:24:28 +0000] [136] [INFO] Waiting for application startup.
[2026-03-16 17:24:28 +0000] [136] [INFO] Application startup complete.
[2026-03-16 17:24:28 +0000] [149] [INFO] Booting worker with pid: 149
[2026-03-16 17:24:28 +0000] [138] [INFO] Started server process [138]
[2026-03-16 17:24:28 +0000] [138] [INFO] Waiting for application startup.
[2026-03-16 17:24:28 +0000] [138] [INFO] Application startup complete.
[2026-03-16 17:24:28 +0000] [151] [INFO] Booting worker with pid: 151
[2026-03-16 17:24:28 +0000] [152] [INFO] Booting worker with pid: 152
[2026-03-16 17:24:28 +0000] [140] [INFO] Started server process [140]
[2026-03-16 17:24:28 +0000] [140] [INFO] Waiting for application startup.
[2026-03-16 17:24:28 +0000] [140] [INFO] Application startup complete.
[2026-03-16 17:24:28 +0000] [154] [INFO] Booting worker with pid: 154
[2026-03-16 17:24:28 +0000] [141] [INFO] Started server process [141]
[2026-03-16 17:24:28 +0000] [141] [INFO] Waiting for application startup.
[2026-03-16 17:24:28 +0000] [141] [INFO] Application startup complete.
[2026-03-16 17:24:28 +0000] [156] [INFO] Booting worker with pid: 156
[2026-03-16 17:24:28 +0000] [144] [INFO] Started server process [144]
[2026-03-16 17:24:28 +0000] [144] [INFO] Waiting for application startup.
[2026-03-16 17:24:28 +0000] [144] [INFO] Application startup complete.
[2026-03-16 17:24:28 +0000] [146] [INFO] Started server process [146]
[2026-03-16 17:24:28 +0000] [146] [INFO] Waiting for application startup.
[2026-03-16 17:24:28 +0000] [146] [INFO] Application startup complete.
[2026-03-16 17:24:28 +0000] [160] [INFO] Booting worker with pid: 160
[2026-03-16 17:24:28 +0000] [147] [INFO] Started server process [147]
[2026-03-16 17:24:28 +0000] [147] [INFO] Waiting for application startup.
[2026-03-16 17:24:28 +0000] [147] [INFO] Application startup complete.
[2026-03-16 17:24:28 +0000] [162] [INFO] Booting worker with pid: 162
[2026-03-16 17:24:28 +0000] [149] [INFO] Started server process [149]
[2026-03-16 17:24:28 +0000] [149] [INFO] Waiting for application startup.
[2026-03-16 17:24:28 +0000] [149] [INFO] Application startup complete.
[2026-03-16 17:24:28 +0000] [164] [INFO] Booting worker with pid: 164
[2026-03-16 17:24:28 +0000] [151] [INFO] Started server process [151]
[2026-03-16 17:24:28 +0000] [151] [INFO] Waiting for application startup.
[2026-03-16 17:24:28 +0000] [151] [INFO] Application startup complete.
[2026-03-16 17:24:28 +0000] [165] [INFO] Booting worker with pid: 165
[2026-03-16 17:24:28 +0000] [166] [INFO] Booting worker with pid: 166
[2026-03-16 17:24:28 +0000] [152] [INFO] Started server process [152]
[2026-03-16 17:24:28 +0000] [152] [INFO] Waiting for application startup.
[2026-03-16 17:24:28 +0000] [152] [INFO] Application startup complete.
[2026-03-16 17:24:28 +0000] [169] [INFO] Booting worker with pid: 169
[2026-03-16 17:24:28 +0000] [154] [INFO] Started server process [154]
[2026-03-16 17:24:28 +0000] [154] [INFO] Waiting for application startup.
[2026-03-16 17:24:28 +0000] [154] [INFO] Application startup complete.
[2026-03-16 17:24:28 +0000] [156] [INFO] Started server process [156]
[2026-03-16 17:24:28 +0000] [156] [INFO] Waiting for application startup.
[2026-03-16 17:24:28 +0000] [156] [INFO] Application startup complete.
[2026-03-16 17:24:28 +0000] [171] [INFO] Booting worker with pid: 171
[2026-03-16 17:24:28 +0000] [172] [INFO] Booting worker with pid: 172
[2026-03-16 17:24:28 +0000] [160] [INFO] Started server process [160]
[2026-03-16 17:24:28 +0000] [160] [INFO] Waiting for application startup.
[2026-03-16 17:24:28 +0000] [160] [INFO] Application startup complete.
[2026-03-16 17:24:28 +0000] [174] [INFO] Booting worker with pid: 174
[2026-03-16 17:24:29 +0000] [162] [INFO] Started server process [162]
[2026-03-16 17:24:29 +0000] [162] [INFO] Waiting for application startup.
[2026-03-16 17:24:29 +0000] [162] [INFO] Application startup complete.
[2026-03-16 17:24:29 +0000] [164] [INFO] Started server process [164]
[2026-03-16 17:24:29 +0000] [164] [INFO] Waiting for application startup.
[2026-03-16 17:24:29 +0000] [164] [INFO] Application startup complete.
[2026-03-16 17:24:29 +0000] [177] [INFO] Booting worker with pid: 177
[2026-03-16 17:24:29 +0000] [165] [INFO] Started server process [165]
[2026-03-16 17:24:29 +0000] [165] [INFO] Waiting for application startup.
[2026-03-16 17:24:29 +0000] [165] [INFO] Application startup complete.
[2026-03-16 17:24:29 +0000] [166] [INFO] Started server process [166]
[2026-03-16 17:24:29 +0000] [166] [INFO] Waiting for application startup.
[2026-03-16 17:24:29 +0000] [166] [INFO] Application startup complete.
[2026-03-16 17:24:29 +0000] [180] [INFO] Booting worker with pid: 180
[2026-03-16 17:24:29 +0000] [181] [INFO] Booting worker with pid: 181
[2026-03-16 17:24:29 +0000] [169] [INFO] Started server process [169]
[2026-03-16 17:24:29 +0000] [169] [INFO] Waiting for application startup.
[2026-03-16 17:24:29 +0000] [169] [INFO] Application startup complete.
[2026-03-16 17:24:29 +0000] [183] [INFO] Booting worker with pid: 183
[2026-03-16 17:24:29 +0000] [171] [INFO] Started server process [171]
[2026-03-16 17:24:29 +0000] [171] [INFO] Waiting for application startup.
[2026-03-16 17:24:29 +0000] [171] [INFO] Application startup complete.
[2026-03-16 17:24:29 +0000] [186] [INFO] Booting worker with pid: 186
[2026-03-16 17:24:29 +0000] [172] [INFO] Started server process [172]
[2026-03-16 17:24:29 +0000] [172] [INFO] Waiting for application startup.
[2026-03-16 17:24:29 +0000] [172] [INFO] Application startup complete.
[2026-03-16 17:24:29 +0000] [187] [INFO] Booting worker with pid: 187
[2026-03-16 17:24:29 +0000] [174] [INFO] Started server process [174]
[2026-03-16 17:24:29 +0000] [174] [INFO] Waiting for application startup.
[2026-03-16 17:24:29 +0000] [174] [INFO] Application startup complete.
[2026-03-16 17:24:29 +0000] [189] [INFO] Booting worker with pid: 189
[2026-03-16 17:24:29 +0000] [191] [INFO] Booting worker with pid: 191
[2026-03-16 17:24:29 +0000] [177] [INFO] Started server process [177]
[2026-03-16 17:24:29 +0000] [177] [INFO] Waiting for application startup.
[2026-03-16 17:24:29 +0000] [177] [INFO] Application startup complete.
[2026-03-16 17:24:29 +0000] [192] [INFO] Booting worker with pid: 192
[2026-03-16 17:24:29 +0000] [194] [INFO] Booting worker with pid: 194
[2026-03-16 17:24:29 +0000] [195] [INFO] Booting worker with pid: 195
[2026-03-16 17:24:29 +0000] [180] [INFO] Started server process [180]
[2026-03-16 17:24:29 +0000] [180] [INFO] Waiting for application startup.
[2026-03-16 17:24:29 +0000] [180] [INFO] Application startup complete.
[2026-03-16 17:24:29 +0000] [197] [INFO] Booting worker with pid: 197
[2026-03-16 17:24:29 +0000] [181] [INFO] Started server process [181]
[2026-03-16 17:24:29 +0000] [181] [INFO] Waiting for application startup.
[2026-03-16 17:24:29 +0000] [181] [INFO] Application startup complete.
[2026-03-16 17:24:29 +0000] [183] [INFO] Started server process [183]
[2026-03-16 17:24:29 +0000] [183] [INFO] Waiting for application startup.
[2026-03-16 17:24:29 +0000] [183] [INFO] Application startup complete.
[2026-03-16 17:24:29 +0000] [199] [INFO] Booting worker with pid: 199
[2026-03-16 17:24:29 +0000] [186] [INFO] Started server process [186]
[2026-03-16 17:24:29 +0000] [186] [INFO] Waiting for application startup.
[2026-03-16 17:24:29 +0000] [186] [INFO] Application startup complete.
[2026-03-16 17:24:29 +0000] [202] [INFO] Booting worker with pid: 202
[2026-03-16 17:24:29 +0000] [187] [INFO] Started server process [187]
[2026-03-16 17:24:29 +0000] [187] [INFO] Waiting for application startup.
[2026-03-16 17:24:29 +0000] [187] [INFO] Application startup complete.
[2026-03-16 17:24:29 +0000] [203] [INFO] Booting worker with pid: 203
[2026-03-16 17:24:29 +0000] [204] [INFO] Booting worker with pid: 204
[2026-03-16 17:24:29 +0000] [189] [INFO] Started server process [189]
[2026-03-16 17:24:29 +0000] [189] [INFO] Waiting for application startup.
[2026-03-16 17:24:29 +0000] [189] [INFO] Application startup complete.
[2026-03-16 17:24:29 +0000] [206] [INFO] Booting worker with pid: 206
[2026-03-16 17:24:29 +0000] [208] [INFO] Booting worker with pid: 208
[2026-03-16 17:24:29 +0000] [191] [INFO] Started server process [191]
[2026-03-16 17:24:29 +0000] [191] [INFO] Waiting for application startup.
[2026-03-16 17:24:29 +0000] [191] [INFO] Application startup complete.
[2026-03-16 17:24:29 +0000] [209] [INFO] Booting worker with pid: 209
[2026-03-16 17:24:29 +0000] [210] [INFO] Booting worker with pid: 210
[2026-03-16 17:24:30 +0000] [212] [INFO] Booting worker with pid: 212
[2026-03-16 17:24:30 +0000] [192] [INFO] Started server process [192]
[2026-03-16 17:24:30 +0000] [192] [INFO] Waiting for application startup.
[2026-03-16 17:24:30 +0000] [192] [INFO] Application startup complete.
[2026-03-16 17:24:30 +0000] [194] [INFO] Started server process [194]
[2026-03-16 17:24:30 +0000] [194] [INFO] Waiting for application startup.
[2026-03-16 17:24:30 +0000] [195] [INFO] Started server process [195]
[2026-03-16 17:24:30 +0000] [195] [INFO] Waiting for application startup.
[2026-03-16 17:24:30 +0000] [194] [INFO] Application startup complete.
[2026-03-16 17:24:30 +0000] [195] [INFO] Application startup complete.
[2026-03-16 17:24:30 +0000] [197] [INFO] Started server process [197]
[2026-03-16 17:24:30 +0000] [197] [INFO] Waiting for application startup.
[2026-03-16 17:24:30 +0000] [197] [INFO] Application startup complete.
[2026-03-16 17:24:30 +0000] [216] [INFO] Booting worker with pid: 216
[2026-03-16 17:24:30 +0000] [217] [INFO] Booting worker with pid: 217
[2026-03-16 17:24:30 +0000] [199] [INFO] Started server process [199]
[2026-03-16 17:24:30 +0000] [199] [INFO] Waiting for application startup.
[2026-03-16 17:24:30 +0000] [199] [INFO] Application startup complete.
[2026-03-16 17:24:30 +0000] [219] [INFO] Booting worker with pid: 219
[2026-03-16 17:24:30 +0000] [202] [INFO] Started server process [202]
[2026-03-16 17:24:30 +0000] [202] [INFO] Waiting for application startup.
[2026-03-16 17:24:30 +0000] [202] [INFO] Application startup complete.
[2026-03-16 17:24:30 +0000] [203] [INFO] Started server process [203]
[2026-03-16 17:24:30 +0000] [203] [INFO] Waiting for application startup.
[2026-03-16 17:24:30 +0000] [203] [INFO] Application startup complete.
[2026-03-16 17:24:30 +0000] [222] [INFO] Booting worker with pid: 222
[2026-03-16 17:24:30 +0000] [224] [INFO] Booting worker with pid: 224
[2026-03-16 17:24:30 +0000] [204] [INFO] Started server process [204]
[2026-03-16 17:24:30 +0000] [204] [INFO] Waiting for application startup.
[2026-03-16 17:24:30 +0000] [204] [INFO] Application startup complete.
[2026-03-16 17:24:30 +0000] [206] [INFO] Started server process [206]
[2026-03-16 17:24:30 +0000] [206] [INFO] Waiting for application startup.
[2026-03-16 17:24:30 +0000] [206] [INFO] Application startup complete.
[2026-03-16 17:24:30 +0000] [227] [INFO] Booting worker with pid: 227
[2026-03-16 17:24:30 +0000] [228] [INFO] Booting worker with pid: 228
[2026-03-16 17:24:30 +0000] [208] [INFO] Started server process [208]
[2026-03-16 17:24:30 +0000] [208] [INFO] Waiting for application startup.
[2026-03-16 17:24:30 +0000] [208] [INFO] Application startup complete.
[2026-03-16 17:24:30 +0000] [210] [INFO] Started server process [210]
[2026-03-16 17:24:30 +0000] [210] [INFO] Waiting for application startup.
[2026-03-16 17:24:30 +0000] [210] [INFO] Application startup complete.
[2026-03-16 17:24:30 +0000] [209] [INFO] Started server process [209]
[2026-03-16 17:24:30 +0000] [209] [INFO] Waiting for application startup.
[2026-03-16 17:24:30 +0000] [209] [INFO] Application startup complete.
[2026-03-16 17:24:30 +0000] [212] [INFO] Started server process [212]
[2026-03-16 17:24:30 +0000] [212] [INFO] Waiting for application startup.
[2026-03-16 17:24:30 +0000] [212] [INFO] Application startup complete.
[2026-03-16 17:24:30 +0000] [216] [INFO] Started server process [216]
[2026-03-16 17:24:30 +0000] [216] [INFO] Waiting for application startup.
[2026-03-16 17:24:30 +0000] [216] [INFO] Application startup complete.
[2026-03-16 17:24:30 +0000] [233] [INFO] Booting worker with pid: 233
[2026-03-16 17:24:30 +0000] [217] [INFO] Started server process [217]
[2026-03-16 17:24:30 +0000] [217] [INFO] Waiting for application startup.
[2026-03-16 17:24:30 +0000] [217] [INFO] Application startup complete.
[2026-03-16 17:24:30 +0000] [219] [INFO] Started server process [219]
[2026-03-16 17:24:30 +0000] [219] [INFO] Waiting for application startup.
[2026-03-16 17:24:30 +0000] [219] [INFO] Application startup complete.
[2026-03-16 17:24:30 +0000] [236] [INFO] Booting worker with pid: 236
[2026-03-16 17:24:30 +0000] [237] [INFO] Booting worker with pid: 237
[2026-03-16 17:24:30 +0000] [222] [INFO] Started server process [222]
[2026-03-16 17:24:30 +0000] [222] [INFO] Waiting for application startup.
[2026-03-16 17:24:30 +0000] [222] [INFO] Application startup complete.
[2026-03-16 17:24:30 +0000] [240] [INFO] Booting worker with pid: 240
[2026-03-16 17:24:30 +0000] [224] [INFO] Started server process [224]
[2026-03-16 17:24:30 +0000] [224] [INFO] Waiting for application startup.
[2026-03-16 17:24:30 +0000] [224] [INFO] Application startup complete.
[2026-03-16 17:24:30 +0000] [227] [INFO] Started server process [227]
[2026-03-16 17:24:30 +0000] [227] [INFO] Waiting for application startup.
[2026-03-16 17:24:30 +0000] [227] [INFO] Application startup complete.
[2026-03-16 17:24:30 +0000] [228] [INFO] Started server process [228]
[2026-03-16 17:24:30 +0000] [228] [INFO] Waiting for application startup.
[2026-03-16 17:24:30 +0000] [228] [INFO] Application startup complete.
[2026-03-16 17:24:30 +0000] [243] [INFO] Booting worker with pid: 243
[2026-03-16 17:24:30 +0000] [244] [INFO] Booting worker with pid: 244
[2026-03-16 17:24:30 +0000] [233] [INFO] Started server process [233]
[2026-03-16 17:24:30 +0000] [233] [INFO] Waiting for application startup.
[2026-03-16 17:24:30 +0000] [233] [INFO] Application startup complete.
[2026-03-16 17:24:30 +0000] [246] [INFO] Booting worker with pid: 246
[2026-03-16 17:24:30 +0000] [236] [INFO] Started server process [236]
[2026-03-16 17:24:30 +0000] [236] [INFO] Waiting for application startup.
[2026-03-16 17:24:30 +0000] [236] [INFO] Application startup complete.
[2026-03-16 17:24:30 +0000] [237] [INFO] Started server process [237]
[2026-03-16 17:24:30 +0000] [237] [INFO] Waiting for application startup.
[2026-03-16 17:24:30 +0000] [237] [INFO] Application startup complete.
[2026-03-16 17:24:30 +0000] [250] [INFO] Booting worker with pid: 250
[2026-03-16 17:24:30 +0000] [240] [INFO] Started server process [240]
[2026-03-16 17:24:30 +0000] [240] [INFO] Waiting for application startup.
[2026-03-16 17:24:30 +0000] [240] [INFO] Application startup complete.
[2026-03-16 17:24:30 +0000] [252] [INFO] Booting worker with pid: 252
[2026-03-16 17:24:30 +0000] [243] [INFO] Started server process [243]
[2026-03-16 17:24:30 +0000] [243] [INFO] Waiting for application startup.
[2026-03-16 17:24:30 +0000] [243] [INFO] Application startup complete.
[2026-03-16 17:24:30 +0000] [244] [INFO] Started server process [244]
[2026-03-16 17:24:30 +0000] [244] [INFO] Waiting for application startup.
[2026-03-16 17:24:30 +0000] [244] [INFO] Application startup complete.
[2026-03-16 17:24:30 +0000] [254] [INFO] Booting worker with pid: 254
[2026-03-16 17:24:31 +0000] [256] [INFO] Booting worker with pid: 256
[2026-03-16 17:24:31 +0000] [246] [INFO] Started server process [246]
[2026-03-16 17:24:31 +0000] [246] [INFO] Waiting for application startup.
[2026-03-16 17:24:31 +0000] [246] [INFO] Application startup complete.
[2026-03-16 17:24:31 +0000] [257] [INFO] Booting worker with pid: 257
[2026-03-16 17:24:31 +0000] [250] [INFO] Started server process [250]
[2026-03-16 17:24:31 +0000] [250] [INFO] Waiting for application startup.
[2026-03-16 17:24:31 +0000] [250] [INFO] Application startup complete.
[2026-03-16 17:24:31 +0000] [259] [INFO] Booting worker with pid: 259
[2026-03-16 17:24:31 +0000] [252] [INFO] Started server process [252]
[2026-03-16 17:24:31 +0000] [252] [INFO] Waiting for application startup.
[2026-03-16 17:24:31 +0000] [252] [INFO] Application startup complete.
[2026-03-16 17:24:31 +0000] [254] [INFO] Started server process [254]
[2026-03-16 17:24:31 +0000] [254] [INFO] Waiting for application startup.
[2026-03-16 17:24:31 +0000] [254] [INFO] Application startup complete.
[2026-03-16 17:24:31 +0000] [262] [INFO] Booting worker with pid: 262
[2026-03-16 17:24:31 +0000] [263] [INFO] Booting worker with pid: 263
[2026-03-16 17:24:31 +0000] [256] [INFO] Started server process [256]
[2026-03-16 17:24:31 +0000] [256] [INFO] Waiting for application startup.
[2026-03-16 17:24:31 +0000] [256] [INFO] Application startup complete.
[2026-03-16 17:24:31 +0000] [265] [INFO] Booting worker with pid: 265
[2026-03-16 17:24:31 +0000] [257] [INFO] Started server process [257]
[2026-03-16 17:24:31 +0000] [257] [INFO] Waiting for application startup.
[2026-03-16 17:24:31 +0000] [257] [INFO] Application startup complete.
[2026-03-16 17:24:31 +0000] [267] [INFO] Booting worker with pid: 267
[2026-03-16 17:24:31 +0000] [259] [INFO] Started server process [259]
[2026-03-16 17:24:31 +0000] [259] [INFO] Waiting for application startup.
[2026-03-16 17:24:31 +0000] [259] [INFO] Application startup complete.
[2026-03-16 17:24:31 +0000] [269] [INFO] Booting worker with pid: 269
[2026-03-16 17:24:31 +0000] [270] [INFO] Booting worker with pid: 270
[2026-03-16 17:24:31 +0000] [271] [INFO] Booting worker with pid: 271
[2026-03-16 17:24:31 +0000] [262] [INFO] Started server process [262]
[2026-03-16 17:24:31 +0000] [262] [INFO] Waiting for application startup.
[2026-03-16 17:24:31 +0000] [262] [INFO] Application startup complete.
[2026-03-16 17:24:31 +0000] [273] [INFO] Booting worker with pid: 273
[2026-03-16 17:24:31 +0000] [263] [INFO] Started server process [263]
[2026-03-16 17:24:31 +0000] [263] [INFO] Waiting for application startup.
[2026-03-16 17:24:31 +0000] [263] [INFO] Application startup complete.
[2026-03-16 17:24:31 +0000] [265] [INFO] Started server process [265]
[2026-03-16 17:24:31 +0000] [265] [INFO] Waiting for application startup.
[2026-03-16 17:24:31 +0000] [265] [INFO] Application startup complete.
[2026-03-16 17:24:31 +0000] [277] [INFO] Booting worker with pid: 277
[2026-03-16 17:24:31 +0000] [267] [INFO] Started server process [267]
[2026-03-16 17:24:31 +0000] [267] [INFO] Waiting for application startup.
[2026-03-16 17:24:31 +0000] [267] [INFO] Application startup complete.
[2026-03-16 17:24:31 +0000] [279] [INFO] Booting worker with pid: 279
[2026-03-16 17:24:31 +0000] [269] [INFO] Started server process [269]
[2026-03-16 17:24:31 +0000] [269] [INFO] Waiting for application startup.
[2026-03-16 17:24:31 +0000] [269] [INFO] Application startup complete.
[2026-03-16 17:24:31 +0000] [270] [INFO] Started server process [270]
[2026-03-16 17:24:31 +0000] [270] [INFO] Waiting for application startup.
[2026-03-16 17:24:31 +0000] [270] [INFO] Application startup complete.
[2026-03-16 17:24:31 +0000] [271] [INFO] Started server process [271]
[2026-03-16 17:24:31 +0000] [271] [INFO] Waiting for application startup.
[2026-03-16 17:24:31 +0000] [271] [INFO] Application startup complete.
[2026-03-16 17:24:31 +0000] [282] [INFO] Booting worker with pid: 282
[2026-03-16 17:24:31 +0000] [273] [INFO] Started server process [273]
[2026-03-16 17:24:31 +0000] [273] [INFO] Waiting for application startup.
[2026-03-16 17:24:31 +0000] [273] [INFO] Application startup complete.
[2026-03-16 17:24:31 +0000] [284] [INFO] Booting worker with pid: 284
[2026-03-16 17:24:31 +0000] [285] [INFO] Booting worker with pid: 285
[2026-03-16 17:24:31 +0000] [277] [INFO] Started server process [277]
[2026-03-16 17:24:31 +0000] [277] [INFO] Waiting for application startup.
[2026-03-16 17:24:31 +0000] [277] [INFO] Application startup complete.
[2026-03-16 17:24:31 +0000] [287] [INFO] Booting worker with pid: 287
[2026-03-16 17:24:31 +0000] [279] [INFO] Started server process [279]
[2026-03-16 17:24:31 +0000] [279] [INFO] Waiting for application startup.
[2026-03-16 17:24:31 +0000] [279] [INFO] Application startup complete.
[2026-03-16 17:24:31 +0000] [289] [INFO] Booting worker with pid: 289
[2026-03-16 17:24:32 +0000] [290] [INFO] Booting worker with pid: 290
[2026-03-16 17:24:32 +0000] [291] [INFO] Booting worker with pid: 291
[2026-03-16 17:24:32 +0000] [282] [INFO] Started server process [282]
[2026-03-16 17:24:32 +0000] [282] [INFO] Waiting for application startup.
[2026-03-16 17:24:32 +0000] [282] [INFO] Application startup complete.
[2026-03-16 17:24:32 +0000] [284] [INFO] Started server process [284]
[2026-03-16 17:24:32 +0000] [284] [INFO] Waiting for application startup.
[2026-03-16 17:24:32 +0000] [284] [INFO] Application startup complete.
[2026-03-16 17:24:32 +0000] [294] [INFO] Booting worker with pid: 294
[2026-03-16 17:24:32 +0000] [285] [INFO] Started server process [285]
[2026-03-16 17:24:32 +0000] [285] [INFO] Waiting for application startup.
[2026-03-16 17:24:32 +0000] [285] [INFO] Application startup complete.
[2026-03-16 17:24:32 +0000] [287] [INFO] Started server process [287]
[2026-03-16 17:24:32 +0000] [287] [INFO] Waiting for application startup.
[2026-03-16 17:24:32 +0000] [287] [INFO] Application startup complete.
[2026-03-16 17:24:32 +0000] [297] [INFO] Booting worker with pid: 297
[2026-03-16 17:24:32 +0000] [289] [INFO] Started server process [289]
[2026-03-16 17:24:32 +0000] [289] [INFO] Waiting for application startup.
[2026-03-16 17:24:32 +0000] [289] [INFO] Application startup complete.
[2026-03-16 17:24:32 +0000] [290] [INFO] Started server process [290]
[2026-03-16 17:24:32 +0000] [290] [INFO] Waiting for application startup.
[2026-03-16 17:24:32 +0000] [290] [INFO] Application startup complete.
[2026-03-16 17:24:32 +0000] [300] [INFO] Booting worker with pid: 300
[2026-03-16 17:24:32 +0000] [291] [INFO] Started server process [291]
[2026-03-16 17:24:32 +0000] [291] [INFO] Waiting for application startup.
[2026-03-16 17:24:32 +0000] [291] [INFO] Application startup complete.
[2026-03-16 17:24:32 +0000] [294] [INFO] Started server process [294]
[2026-03-16 17:24:32 +0000] [294] [INFO] Waiting for application startup.
[2026-03-16 17:24:32 +0000] [294] [INFO] Application startup complete.
[2026-03-16 17:24:32 +0000] [303] [INFO] Booting worker with pid: 303
[2026-03-16 17:24:32 +0000] [304] [INFO] Booting worker with pid: 304
[2026-03-16 17:24:32 +0000] [305] [INFO] Booting worker with pid: 305
[2026-03-16 17:24:32 +0000] [297] [INFO] Started server process [297]
[2026-03-16 17:24:32 +0000] [297] [INFO] Waiting for application startup.
[2026-03-16 17:24:32 +0000] [297] [INFO] Application startup complete.
[2026-03-16 17:24:32 +0000] [307] [INFO] Booting worker with pid: 307
[2026-03-16 17:24:32 +0000] [308] [INFO] Booting worker with pid: 308
[2026-03-16 17:24:32 +0000] [309] [INFO] Booting worker with pid: 309
[2026-03-16 17:24:32 +0000] [310] [INFO] Booting worker with pid: 310
[2026-03-16 17:24:32 +0000] [311] [INFO] Booting worker with pid: 311
[2026-03-16 17:24:32 +0000] [300] [INFO] Started server process [300]
[2026-03-16 17:24:32 +0000] [300] [INFO] Waiting for application startup.
[2026-03-16 17:24:32 +0000] [300] [INFO] Application startup complete.
[2026-03-16 17:24:32 +0000] [303] [INFO] Started server process [303]
[2026-03-16 17:24:32 +0000] [303] [INFO] Waiting for application startup.
[2026-03-16 17:24:32 +0000] [303] [INFO] Application startup complete.
[2026-03-16 17:24:32 +0000] [304] [INFO] Started server process [304]
[2026-03-16 17:24:32 +0000] [304] [INFO] Waiting for application startup.
[2026-03-16 17:24:32 +0000] [304] [INFO] Application startup complete.
[2026-03-16 17:24:32 +0000] [315] [INFO] Booting worker with pid: 315
[2026-03-16 17:24:32 +0000] [305] [INFO] Started server process [305]
[2026-03-16 17:24:32 +0000] [305] [INFO] Waiting for application startup.
[2026-03-16 17:24:32 +0000] [305] [INFO] Application startup complete.
[2026-03-16 17:24:32 +0000] [317] [INFO] Booting worker with pid: 317
[2026-03-16 17:24:32 +0000] [319] [INFO] Booting worker with pid: 319
[2026-03-16 17:24:32 +0000] [320] [INFO] Booting worker with pid: 320
[2026-03-16 17:24:32 +0000] [308] [INFO] Started server process [308]
[2026-03-16 17:24:32 +0000] [308] [INFO] Waiting for application startup.
[2026-03-16 17:24:32 +0000] [308] [INFO] Application startup complete.
[2026-03-16 17:24:32 +0000] [322] [INFO] Booting worker with pid: 322
[2026-03-16 17:24:32 +0000] [307] [INFO] Started server process [307]
[2026-03-16 17:24:32 +0000] [307] [INFO] Waiting for application startup.
[2026-03-16 17:24:32 +0000] [307] [INFO] Application startup complete.
[2026-03-16 17:24:32 +0000] [309] [INFO] Started server process [309]
[2026-03-16 17:24:32 +0000] [309] [INFO] Waiting for application startup.
[2026-03-16 17:24:32 +0000] [309] [INFO] Application startup complete.
[2026-03-16 17:24:33 +0000] [324] [INFO] Booting worker with pid: 324
[2026-03-16 17:24:33 +0000] [310] [INFO] Started server process [310]
[2026-03-16 17:24:33 +0000] [310] [INFO] Waiting for application startup.
[2026-03-16 17:24:33 +0000] [310] [INFO] Application startup complete.
[2026-03-16 17:24:33 +0000] [326] [INFO] Booting worker with pid: 326
[2026-03-16 17:24:33 +0000] [311] [INFO] Started server process [311]
[2026-03-16 17:24:33 +0000] [311] [INFO] Waiting for application startup.
[2026-03-16 17:24:33 +0000] [311] [INFO] Application startup complete.
[2026-03-16 17:24:33 +0000] [329] [INFO] Booting worker with pid: 329
[2026-03-16 17:24:33 +0000] [315] [INFO] Started server process [315]
[2026-03-16 17:24:33 +0000] [315] [INFO] Waiting for application startup.
[2026-03-16 17:24:33 +0000] [315] [INFO] Application startup complete.
[2026-03-16 17:24:33 +0000] [330] [INFO] Booting worker with pid: 330
[2026-03-16 17:24:33 +0000] [331] [INFO] Booting worker with pid: 331
[2026-03-16 17:24:33 +0000] [319] [INFO] Started server process [319]
[2026-03-16 17:24:33 +0000] [319] [INFO] Waiting for application startup.
[2026-03-16 17:24:33 +0000] [319] [INFO] Application startup complete.
[2026-03-16 17:24:33 +0000] [317] [INFO] Started server process [317]
[2026-03-16 17:24:33 +0000] [317] [INFO] Waiting for application startup.
[2026-03-16 17:24:33 +0000] [317] [INFO] Application startup complete.
[2026-03-16 17:24:33 +0000] [320] [INFO] Started server process [320]
[2026-03-16 17:24:33 +0000] [320] [INFO] Waiting for application startup.
[2026-03-16 17:24:33 +0000] [320] [INFO] Application startup complete.
[2026-03-16 17:24:33 +0000] [335] [INFO] Booting worker with pid: 335
[2026-03-16 17:24:33 +0000] [337] [INFO] Booting worker with pid: 337
[2026-03-16 17:24:33 +0000] [322] [INFO] Started server process [322]
[2026-03-16 17:24:33 +0000] [322] [INFO] Waiting for application startup.
[2026-03-16 17:24:33 +0000] [322] [INFO] Application startup complete.
[2026-03-16 17:24:33 +0000] [338] [INFO] Booting worker with pid: 338
[2026-03-16 17:24:33 +0000] [339] [INFO] Booting worker with pid: 339
[2026-03-16 17:24:33 +0000] [340] [INFO] Booting worker with pid: 340
[2026-03-16 17:24:33 +0000] [324] [INFO] Started server process [324]
[2026-03-16 17:24:33 +0000] [324] [INFO] Waiting for application startup.
[2026-03-16 17:24:33 +0000] [324] [INFO] Application startup complete.
[2026-03-16 17:24:33 +0000] [326] [INFO] Started server process [326]
[2026-03-16 17:24:33 +0000] [326] [INFO] Waiting for application startup.
[2026-03-16 17:24:33 +0000] [326] [INFO] Application startup complete.
[2026-03-16 17:24:33 +0000] [343] [INFO] Booting worker with pid: 343
[2026-03-16 17:24:33 +0000] [329] [INFO] Started server process [329]
[2026-03-16 17:24:33 +0000] [329] [INFO] Waiting for application startup.
[2026-03-16 17:24:33 +0000] [329] [INFO] Application startup complete.
[2026-03-16 17:24:33 +0000] [345] [INFO] Booting worker with pid: 345
[2026-03-16 17:24:33 +0000] [346] [INFO] Booting worker with pid: 346
[2026-03-16 17:24:33 +0000] [330] [INFO] Started server process [330]
[2026-03-16 17:24:33 +0000] [330] [INFO] Waiting for application startup.
[2026-03-16 17:24:33 +0000] [330] [INFO] Application startup complete.
[2026-03-16 17:24:33 +0000] [348] [INFO] Booting worker with pid: 348
[2026-03-16 17:24:33 +0000] [350] [INFO] Booting worker with pid: 350
[2026-03-16 17:24:33 +0000] [331] [INFO] Started server process [331]
[2026-03-16 17:24:33 +0000] [331] [INFO] Waiting for application startup.
[2026-03-16 17:24:33 +0000] [331] [INFO] Application startup complete.
[2026-03-16 17:24:33 +0000] [335] [INFO] Started server process [335]
[2026-03-16 17:24:33 +0000] [335] [INFO] Waiting for application startup.
[2026-03-16 17:24:33 +0000] [335] [INFO] Application startup complete.
[2026-03-16 17:24:33 +0000] [352] [INFO] Booting worker with pid: 352
[2026-03-16 17:24:33 +0000] [353] [INFO] Booting worker with pid: 353
[2026-03-16 17:24:34 +0000] [355] [INFO] Booting worker with pid: 355
[2026-03-16 17:24:34 +0000] [338] [INFO] Started server process [338]
[2026-03-16 17:24:34 +0000] [338] [INFO] Waiting for application startup.
[2026-03-16 17:24:34 +0000] [338] [INFO] Application startup complete.
[2026-03-16 17:24:34 +0000] [340] [INFO] Started server process [340]
[2026-03-16 17:24:34 +0000] [340] [INFO] Waiting for application startup.
[2026-03-16 17:24:34 +0000] [340] [INFO] Application startup complete.
[2026-03-16 17:24:34 +0000] [343] [INFO] Started server process [343]
[2026-03-16 17:24:34 +0000] [343] [INFO] Waiting for application startup.
[2026-03-16 17:24:34 +0000] [343] [INFO] Application startup complete.
[2026-03-16 17:24:34 +0000] [337] [INFO] Started server process [337]
[2026-03-16 17:24:34 +0000] [337] [INFO] Waiting for application startup.
[2026-03-16 17:24:34 +0000] [337] [INFO] Application startup complete.
[2026-03-16 17:24:34 +0000] [359] [INFO] Booting worker with pid: 359
[2026-03-16 17:24:34 +0000] [360] [INFO] Booting worker with pid: 360
[2026-03-16 17:24:34 +0000] [361] [INFO] Booting worker with pid: 361
[2026-03-16 17:24:34 +0000] [339] [INFO] Started server process [339]
[2026-03-16 17:24:34 +0000] [339] [INFO] Waiting for application startup.
[2026-03-16 17:24:34 +0000] [339] [INFO] Application startup complete.
[2026-03-16 17:24:34 +0000] [363] [INFO] Booting worker with pid: 363
[2026-03-16 17:24:34 +0000] [346] [INFO] Started server process [346]
[2026-03-16 17:24:34 +0000] [346] [INFO] Waiting for application startup.
[2026-03-16 17:24:34 +0000] [346] [INFO] Application startup complete.
[2026-03-16 17:24:34 +0000] [365] [INFO] Booting worker with pid: 365
[2026-03-16 17:24:34 +0000] [366] [INFO] Booting worker with pid: 366
[2026-03-16 17:24:34 +0000] [367] [INFO] Booting worker with pid: 367
[2026-03-16 17:24:34 +0000] [368] [INFO] Booting worker with pid: 368
[2026-03-16 17:24:34 +0000] [369] [INFO] Booting worker with pid: 369
[2026-03-16 17:24:34 +0000] [370] [INFO] Booting worker with pid: 370
[2026-03-16 17:24:34 +0000] [350] [INFO] Started server process [350]
[2026-03-16 17:24:34 +0000] [350] [INFO] Waiting for application startup.
[2026-03-16 17:24:34 +0000] [350] [INFO] Application startup complete.
[2026-03-16 17:24:34 +0000] [373] [INFO] Booting worker with pid: 373
[2026-03-16 17:24:34 +0000] [345] [INFO] Started server process [345]
[2026-03-16 17:24:34 +0000] [345] [INFO] Waiting for application startup.
[2026-03-16 17:24:34 +0000] [345] [INFO] Application startup complete.
[2026-03-16 17:24:34 +0000] [374] [INFO] Booting worker with pid: 374
[2026-03-16 17:24:34 +0000] [376] [INFO] Booting worker with pid: 376
[2026-03-16 17:24:34 +0000] [353] [INFO] Started server process [353]
[2026-03-16 17:24:34 +0000] [353] [INFO] Waiting for application startup.
[2026-03-16 17:24:34 +0000] [353] [INFO] Application startup complete.
[2026-03-16 17:24:34 +0000] [378] [INFO] Booting worker with pid: 378
[2026-03-16 17:24:34 +0000] [348] [INFO] Started server process [348]
[2026-03-16 17:24:34 +0000] [348] [INFO] Waiting for application startup.
[2026-03-16 17:24:34 +0000] [348] [INFO] Application startup complete.
[2026-03-16 17:24:34 +0000] [381] [INFO] Booting worker with pid: 381
[2026-03-16 17:24:34 +0000] [365] [INFO] Started server process [365]
[2026-03-16 17:24:34 +0000] [365] [INFO] Waiting for application startup.
[2026-03-16 17:24:34 +0000] [365] [INFO] Application startup complete.
[2026-03-16 17:24:34 +0000] [352] [INFO] Started server process [352]
[2026-03-16 17:24:34 +0000] [352] [INFO] Waiting for application startup.
[2026-03-16 17:24:34 +0000] [352] [INFO] Application startup complete.
[2026-03-16 17:24:34 +0000] [382] [INFO] Booting worker with pid: 382
[2026-03-16 17:24:34 +0000] [384] [INFO] Booting worker with pid: 384
[2026-03-16 17:24:34 +0000] [369] [INFO] Started server process [369]
[2026-03-16 17:24:34 +0000] [369] [INFO] Waiting for application startup.
[2026-03-16 17:24:34 +0000] [369] [INFO] Application startup complete.
[2026-03-16 17:24:34 +0000] [386] [INFO] Booting worker with pid: 386
[2026-03-16 17:24:34 +0000] [361] [INFO] Started server process [361]
[2026-03-16 17:24:34 +0000] [361] [INFO] Waiting for application startup.
[2026-03-16 17:24:34 +0000] [361] [INFO] Application startup complete.
[2026-03-16 17:24:35 +0000] [388] [INFO] Booting worker with pid: 388
[2026-03-16 17:24:35 +0000] [355] [INFO] Started server process [355]
[2026-03-16 17:24:35 +0000] [355] [INFO] Waiting for application startup.
[2026-03-16 17:24:35 +0000] [355] [INFO] Application startup complete.
[2026-03-16 17:24:35 +0000] [389] [INFO] Booting worker with pid: 389
[2026-03-16 17:24:35 +0000] [391] [INFO] Booting worker with pid: 391
[2026-03-16 17:24:35 +0000] [360] [INFO] Started server process [360]
[2026-03-16 17:24:35 +0000] [360] [INFO] Waiting for application startup.
[2026-03-16 17:24:35 +0000] [360] [INFO] Application startup complete.
[2026-03-16 17:24:35 +0000] [393] [INFO] Booting worker with pid: 393
[2026-03-16 17:24:35 +0000] [374] [INFO] Started server process [374]
[2026-03-16 17:24:35 +0000] [374] [INFO] Waiting for application startup.
[2026-03-16 17:24:35 +0000] [374] [INFO] Application startup complete.
[2026-03-16 17:24:35 +0000] [373] [INFO] Started server process [373]
[2026-03-16 17:24:35 +0000] [373] [INFO] Waiting for application startup.
[2026-03-16 17:24:35 +0000] [373] [INFO] Application startup complete.
[2026-03-16 17:24:35 +0000] [359] [INFO] Started server process [359]
[2026-03-16 17:24:35 +0000] [359] [INFO] Waiting for application startup.
[2026-03-16 17:24:35 +0000] [359] [INFO] Application startup complete.
[2026-03-16 17:24:35 +0000] [396] [INFO] Booting worker with pid: 396
[2026-03-16 17:24:35 +0000] [397] [INFO] Booting worker with pid: 397
[2026-03-16 17:24:35 +0000] [398] [INFO] Booting worker with pid: 398
[2026-03-16 17:24:35 +0000] [400] [INFO] Booting worker with pid: 400
[2026-03-16 17:24:35 +0000] [384] [INFO] Started server process [384]
[2026-03-16 17:24:35 +0000] [384] [INFO] Waiting for application startup.
[2026-03-16 17:24:35 +0000] [384] [INFO] Application startup complete.
[2026-03-16 17:24:35 +0000] [404] [INFO] Booting worker with pid: 404
[2026-03-16 17:24:35 +0000] [363] [INFO] Started server process [363]
[2026-03-16 17:24:35 +0000] [363] [INFO] Waiting for application startup.
[2026-03-16 17:24:35 +0000] [363] [INFO] Application startup complete.
[2026-03-16 17:24:35 +0000] [386] [INFO] Started server process [386]
[2026-03-16 17:24:35 +0000] [386] [INFO] Waiting for application startup.
[2026-03-16 17:24:35 +0000] [386] [INFO] Application startup complete.
[2026-03-16 17:24:35 +0000] [405] [INFO] Booting worker with pid: 405
[2026-03-16 17:24:35 +0000] [381] [INFO] Started server process [381]
[2026-03-16 17:24:35 +0000] [381] [INFO] Waiting for application startup.
[2026-03-16 17:24:35 +0000] [381] [INFO] Application startup complete.
[2026-03-16 17:24:35 +0000] [382] [INFO] Started server process [382]
[2026-03-16 17:24:35 +0000] [382] [INFO] Waiting for application startup.
[2026-03-16 17:24:35 +0000] [382] [INFO] Application startup complete.
[2026-03-16 17:24:35 +0000] [408] [INFO] Booting worker with pid: 408
[2026-03-16 17:24:35 +0000] [388] [INFO] Started server process [388]
[2026-03-16 17:24:35 +0000] [388] [INFO] Waiting for application startup.
[2026-03-16 17:24:35 +0000] [388] [INFO] Application startup complete.
[2026-03-16 17:24:35 +0000] [389] [INFO] Started server process [389]
[2026-03-16 17:24:35 +0000] [389] [INFO] Waiting for application startup.
[2026-03-16 17:24:35 +0000] [389] [INFO] Application startup complete.
[2026-03-16 17:24:35 +0000] [412] [INFO] Booting worker with pid: 412
[2026-03-16 17:24:35 +0000] [368] [INFO] Started server process [368]
[2026-03-16 17:24:35 +0000] [368] [INFO] Waiting for application startup.
[2026-03-16 17:24:35 +0000] [368] [INFO] Application startup complete.
[2026-03-16 17:24:35 +0000] [366] [INFO] Started server process [366]
[2026-03-16 17:24:35 +0000] [366] [INFO] Waiting for application startup.
[2026-03-16 17:24:35 +0000] [366] [INFO] Application startup complete.
[2026-03-16 17:24:35 +0000] [376] [INFO] Started server process [376]
[2026-03-16 17:24:35 +0000] [376] [INFO] Waiting for application startup.
[2026-03-16 17:24:35 +0000] [376] [INFO] Application startup complete.
[2026-03-16 17:24:35 +0000] [414] [INFO] Booting worker with pid: 414
[2026-03-16 17:24:35 +0000] [415] [INFO] Booting worker with pid: 415
[2026-03-16 17:24:35 +0000] [391] [INFO] Started server process [391]
[2026-03-16 17:24:35 +0000] [391] [INFO] Waiting for application startup.
[2026-03-16 17:24:35 +0000] [391] [INFO] Application startup complete.
[2026-03-16 17:24:35 +0000] [418] [INFO] Booting worker with pid: 418
[2026-03-16 17:24:35 +0000] [396] [INFO] Started server process [396]
[2026-03-16 17:24:35 +0000] [396] [INFO] Waiting for application startup.
[2026-03-16 17:24:35 +0000] [396] [INFO] Application startup complete.
[2026-03-16 17:24:35 +0000] [420] [INFO] Booting worker with pid: 420
[2026-03-16 17:24:35 +0000] [398] [INFO] Started server process [398]
[2026-03-16 17:24:35 +0000] [398] [INFO] Waiting for application startup.
[2026-03-16 17:24:35 +0000] [398] [INFO] Application startup complete.
[2026-03-16 17:24:36 +0000] [424] [INFO] Booting worker with pid: 424
[2026-03-16 17:24:36 +0000] [367] [INFO] Started server process [367]
[2026-03-16 17:24:36 +0000] [367] [INFO] Waiting for application startup.
[2026-03-16 17:24:36 +0000] [367] [INFO] Application startup complete.
[2026-03-16 17:24:36 +0000] [370] [INFO] Started server process [370]
[2026-03-16 17:24:36 +0000] [370] [INFO] Waiting for application startup.
[2026-03-16 17:24:36 +0000] [370] [INFO] Application startup complete.
[2026-03-16 17:24:36 +0000] [378] [INFO] Started server process [378]
[2026-03-16 17:24:36 +0000] [378] [INFO] Waiting for application startup.
[2026-03-16 17:24:36 +0000] [378] [INFO] Application startup complete.
[2026-03-16 17:24:36 +0000] [425] [INFO] Booting worker with pid: 425
[2026-03-16 17:24:36 +0000] [393] [INFO] Started server process [393]
[2026-03-16 17:24:36 +0000] [393] [INFO] Waiting for application startup.
[2026-03-16 17:24:36 +0000] [393] [INFO] Application startup complete.
[2026-03-16 17:24:36 +0000] [427] [INFO] Booting worker with pid: 427
[2026-03-16 17:24:36 +0000] [428] [INFO] Booting worker with pid: 428
[2026-03-16 17:24:36 +0000] [405] [INFO] Started server process [405]
[2026-03-16 17:24:36 +0000] [405] [INFO] Waiting for application startup.
[2026-03-16 17:24:36 +0000] [405] [INFO] Application startup complete.
[2026-03-16 17:24:36 +0000] [408] [INFO] Started server process [408]
[2026-03-16 17:24:36 +0000] [408] [INFO] Waiting for application startup.
[2026-03-16 17:24:36 +0000] [408] [INFO] Application startup complete.
[2026-03-16 17:24:36 +0000] [431] [INFO] Booting worker with pid: 431
[2026-03-16 17:24:36 +0000] [432] [INFO] Booting worker with pid: 432
[2026-03-16 17:24:36 +0000] [397] [INFO] Started server process [397]
[2026-03-16 17:24:36 +0000] [397] [INFO] Waiting for application startup.
[2026-03-16 17:24:36 +0000] [397] [INFO] Application startup complete.
[2026-03-16 17:24:36 +0000] [434] [INFO] Booting worker with pid: 434
[2026-03-16 17:24:36 +0000] [435] [INFO] Booting worker with pid: 435
[2026-03-16 17:24:36 +0000] [437] [INFO] Booting worker with pid: 437
[2026-03-16 17:24:36 +0000] [414] [INFO] Started server process [414]
[2026-03-16 17:24:36 +0000] [414] [INFO] Waiting for application startup.
[2026-03-16 17:24:36 +0000] [414] [INFO] Application startup complete.
[2026-03-16 17:24:36 +0000] [439] [INFO] Booting worker with pid: 439
[2026-03-16 17:24:36 +0000] [440] [INFO] Booting worker with pid: 440
[2026-03-16 17:24:36 +0000] [441] [INFO] Booting worker with pid: 441
[2026-03-16 17:24:36 +0000] [412] [INFO] Started server process [412]
[2026-03-16 17:24:36 +0000] [412] [INFO] Waiting for application startup.
[2026-03-16 17:24:36 +0000] [412] [INFO] Application startup complete.
[2026-03-16 17:24:36 +0000] [442] [INFO] Booting worker with pid: 442
[2026-03-16 17:24:36 +0000] [443] [INFO] Booting worker with pid: 443
[2026-03-16 17:24:36 +0000] [445] [INFO] Booting worker with pid: 445
[2026-03-16 17:24:36 +0000] [446] [INFO] Booting worker with pid: 446
[2026-03-16 17:24:36 +0000] [427] [INFO] Started server process [427]
[2026-03-16 17:24:36 +0000] [427] [INFO] Waiting for application startup.
[2026-03-16 17:24:36 +0000] [427] [INFO] Application startup complete.
[2026-03-16 17:24:36 +0000] [400] [INFO] Started server process [400]
[2026-03-16 17:24:36 +0000] [400] [INFO] Waiting for application startup.
[2026-03-16 17:24:36 +0000] [400] [INFO] Application startup complete.
[2026-03-16 17:24:36 +0000] [415] [INFO] Started server process [415]
[2026-03-16 17:24:36 +0000] [415] [INFO] Waiting for application startup.
[2026-03-16 17:24:36 +0000] [415] [INFO] Application startup complete.
[2026-03-16 17:24:36 +0000] [449] [INFO] Booting worker with pid: 449
[2026-03-16 17:24:36 +0000] [450] [INFO] Booting worker with pid: 450
[2026-03-16 17:24:36 +0000] [420] [INFO] Started server process [420]
[2026-03-16 17:24:36 +0000] [420] [INFO] Waiting for application startup.
[2026-03-16 17:24:36 +0000] [420] [INFO] Application startup complete.
[2026-03-16 17:24:36 +0000] [453] [INFO] Booting worker with pid: 453
[2026-03-16 17:24:37 +0000] [418] [INFO] Started server process [418]
[2026-03-16 17:24:37 +0000] [418] [INFO] Waiting for application startup.
[2026-03-16 17:24:37 +0000] [418] [INFO] Application startup complete.
[2026-03-16 17:24:37 +0000] [454] [INFO] Booting worker with pid: 454
[2026-03-16 17:24:37 +0000] [455] [INFO] Booting worker with pid: 455
[2026-03-16 17:24:37 +0000] [456] [INFO] Booting worker with pid: 456
[2026-03-16 17:24:37 +0000] [458] [INFO] Booting worker with pid: 458
[2026-03-16 17:24:37 +0000] [459] [INFO] Booting worker with pid: 459
[2026-03-16 17:24:37 +0000] [404] [INFO] Started server process [404]
[2026-03-16 17:24:37 +0000] [404] [INFO] Waiting for application startup.
[2026-03-16 17:24:37 +0000] [404] [INFO] Application startup complete.
[2026-03-16 17:24:37 +0000] [460] [INFO] Booting worker with pid: 460
[2026-03-16 17:24:37 +0000] [462] [INFO] Booting worker with pid: 462
[2026-03-16 17:24:37 +0000] [424] [INFO] Started server process [424]
[2026-03-16 17:24:37 +0000] [424] [INFO] Waiting for application startup.
[2026-03-16 17:24:37 +0000] [424] [INFO] Application startup complete.
[2026-03-16 17:24:37 +0000] [446] [INFO] Started server process [446]
[2026-03-16 17:24:37 +0000] [446] [INFO] Waiting for application startup.
[2026-03-16 17:24:37 +0000] [446] [INFO] Application startup complete.
[2026-03-16 17:24:37 +0000] [466] [INFO] Booting worker with pid: 466
[2026-03-16 17:24:37 +0000] [428] [INFO] Started server process [428]
[2026-03-16 17:24:37 +0000] [428] [INFO] Waiting for application startup.
[2026-03-16 17:24:37 +0000] [428] [INFO] Application startup complete.
[2026-03-16 17:24:37 +0000] [449] [INFO] Started server process [449]
[2026-03-16 17:24:37 +0000] [449] [INFO] Waiting for application startup.
[2026-03-16 17:24:37 +0000] [449] [INFO] Application startup complete.
[2026-03-16 17:24:37 +0000] [432] [INFO] Started server process [432]
[2026-03-16 17:24:37 +0000] [432] [INFO] Waiting for application startup.
[2026-03-16 17:24:37 +0000] [432] [INFO] Application startup complete.
[2026-03-16 17:24:37 +0000] [469] [INFO] Booting worker with pid: 469
[2026-03-16 17:24:37 +0000] [471] [INFO] Booting worker with pid: 471
[2026-03-16 17:24:37 +0000] [435] [INFO] Started server process [435]
[2026-03-16 17:24:37 +0000] [435] [INFO] Waiting for application startup.
[2026-03-16 17:24:37 +0000] [435] [INFO] Application startup complete.
[2026-03-16 17:24:37 +0000] [439] [INFO] Started server process [439]
[2026-03-16 17:24:37 +0000] [439] [INFO] Waiting for application startup.
[2026-03-16 17:24:37 +0000] [439] [INFO] Application startup complete.
[2026-03-16 17:24:37 +0000] [472] [INFO] Booting worker with pid: 472
[2026-03-16 17:24:37 +0000] [445] [INFO] Started server process [445]
[2026-03-16 17:24:37 +0000] [445] [INFO] Waiting for application startup.
[2026-03-16 17:24:37 +0000] [445] [INFO] Application startup complete.
[2026-03-16 17:24:37 +0000] [431] [INFO] Started server process [431]
[2026-03-16 17:24:37 +0000] [431] [INFO] Waiting for application startup.
[2026-03-16 17:24:37 +0000] [431] [INFO] Application startup complete.
[2026-03-16 17:24:37 +0000] [476] [INFO] Booting worker with pid: 476
[2026-03-16 17:24:37 +0000] [441] [INFO] Started server process [441]
[2026-03-16 17:24:37 +0000] [441] [INFO] Waiting for application startup.
[2026-03-16 17:24:37 +0000] [441] [INFO] Application startup complete.
[2026-03-16 17:24:37 +0000] [434] [INFO] Started server process [434]
[2026-03-16 17:24:37 +0000] [434] [INFO] Waiting for application startup.
[2026-03-16 17:24:37 +0000] [434] [INFO] Application startup complete.
[2026-03-16 17:24:37 +0000] [480] [INFO] Booting worker with pid: 480
[2026-03-16 17:24:37 +0000] [425] [INFO] Started server process [425]
[2026-03-16 17:24:37 +0000] [425] [INFO] Waiting for application startup.
[2026-03-16 17:24:37 +0000] [425] [INFO] Application startup complete.
[2026-03-16 17:24:37 +0000] [453] [INFO] Started server process [453]
[2026-03-16 17:24:37 +0000] [453] [INFO] Waiting for application startup.
[2026-03-16 17:24:37 +0000] [453] [INFO] Application startup complete.
[2026-03-16 17:24:37 +0000] [482] [INFO] Booting worker with pid: 482
[2026-03-16 17:24:37 +0000] [437] [INFO] Started server process [437]
[2026-03-16 17:24:37 +0000] [437] [INFO] Waiting for application startup.
[2026-03-16 17:24:37 +0000] [437] [INFO] Application startup complete.
[2026-03-16 17:24:37 +0000] [440] [INFO] Started server process [440]
[2026-03-16 17:24:37 +0000] [440] [INFO] Waiting for application startup.
[2026-03-16 17:24:37 +0000] [440] [INFO] Application startup complete.
[2026-03-16 17:24:37 +0000] [450] [INFO] Started server process [450]
[2026-03-16 17:24:37 +0000] [450] [INFO] Waiting for application startup.
[2026-03-16 17:24:37 +0000] [450] [INFO] Application startup complete.
[2026-03-16 17:24:37 +0000] [485] [INFO] Booting worker with pid: 485
[2026-03-16 17:24:37 +0000] [487] [INFO] Booting worker with pid: 487
[2026-03-16 17:24:37 +0000] [489] [INFO] Booting worker with pid: 489
[2026-03-16 17:24:37 +0000] [442] [INFO] Started server process [442]
[2026-03-16 17:24:37 +0000] [442] [INFO] Waiting for application startup.
[2026-03-16 17:24:37 +0000] [442] [INFO] Application startup complete.
[2026-03-16 17:24:37 +0000] [460] [INFO] Started server process [460]
[2026-03-16 17:24:37 +0000] [460] [INFO] Waiting for application startup.
[2026-03-16 17:24:37 +0000] [455] [INFO] Started server process [455]
[2026-03-16 17:24:37 +0000] [455] [INFO] Waiting for application startup.
[2026-03-16 17:24:37 +0000] [460] [INFO] Application startup complete.
[2026-03-16 17:24:37 +0000] [455] [INFO] Application startup complete.
[2026-03-16 17:24:37 +0000] [443] [INFO] Started server process [443]
[2026-03-16 17:24:37 +0000] [443] [INFO] Waiting for application startup.
[2026-03-16 17:24:37 +0000] [443] [INFO] Application startup complete.
[2026-03-16 17:24:37 +0000] [492] [INFO] Booting worker with pid: 492
[2026-03-16 17:24:37 +0000] [494] [INFO] Booting worker with pid: 494
[2026-03-16 17:24:37 +0000] [466] [INFO] Started server process [466]
[2026-03-16 17:24:37 +0000] [466] [INFO] Waiting for application startup.
[2026-03-16 17:24:37 +0000] [466] [INFO] Application startup complete.
[2026-03-16 17:24:38 +0000] [495] [INFO] Booting worker with pid: 495
[2026-03-16 17:24:38 +0000] [462] [INFO] Started server process [462]
[2026-03-16 17:24:38 +0000] [462] [INFO] Waiting for application startup.
[2026-03-16 17:24:38 +0000] [462] [INFO] Application startup complete.
[2026-03-16 17:24:38 +0000] [454] [INFO] Started server process [454]
[2026-03-16 17:24:38 +0000] [454] [INFO] Waiting for application startup.
[2026-03-16 17:24:38 +0000] [454] [INFO] Application startup complete.
[2026-03-16 17:24:38 +0000] [471] [INFO] Started server process [471]
[2026-03-16 17:24:38 +0000] [471] [INFO] Waiting for application startup.
[2026-03-16 17:24:38 +0000] [471] [INFO] Application startup complete.
[2026-03-16 17:24:38 +0000] [499] [INFO] Booting worker with pid: 499
[2026-03-16 17:24:38 +0000] [502] [INFO] Booting worker with pid: 502
[2026-03-16 17:24:38 +0000] [456] [INFO] Started server process [456]
[2026-03-16 17:24:38 +0000] [456] [INFO] Waiting for application startup.
[2026-03-16 17:24:38 +0000] [456] [INFO] Application startup complete.
[2026-03-16 17:24:38 +0000] [458] [INFO] Started server process [458]
[2026-03-16 17:24:38 +0000] [458] [INFO] Waiting for application startup.
[2026-03-16 17:24:38 +0000] [458] [INFO] Application startup complete.
[2026-03-16 17:24:38 +0000] [504] [INFO] Booting worker with pid: 504
[2026-03-16 17:24:38 +0000] [476] [INFO] Started server process [476]
[2026-03-16 17:24:38 +0000] [476] [INFO] Waiting for application startup.
[2026-03-16 17:24:38 +0000] [476] [INFO] Application startup complete.
[2026-03-16 17:24:38 +0000] [472] [INFO] Started server process [472]
[2026-03-16 17:24:38 +0000] [472] [INFO] Waiting for application startup.
[2026-03-16 17:24:38 +0000] [472] [INFO] Application startup complete.
[2026-03-16 17:24:38 +0000] [485] [INFO] Started server process [485]
[2026-03-16 17:24:38 +0000] [485] [INFO] Waiting for application startup.
[2026-03-16 17:24:38 +0000] [485] [INFO] Application startup complete.
[2026-03-16 17:24:38 +0000] [480] [INFO] Started server process [480]
[2026-03-16 17:24:38 +0000] [480] [INFO] Waiting for application startup.
[2026-03-16 17:24:38 +0000] [480] [INFO] Application startup complete.
[2026-03-16 17:24:38 +0000] [459] [INFO] Started server process [459]
[2026-03-16 17:24:38 +0000] [459] [INFO] Waiting for application startup.
[2026-03-16 17:24:38 +0000] [459] [INFO] Application startup complete.
[2026-03-16 17:24:38 +0000] [469] [INFO] Started server process [469]
[2026-03-16 17:24:38 +0000] [469] [INFO] Waiting for application startup.
[2026-03-16 17:24:38 +0000] [469] [INFO] Application startup complete.
[2026-03-16 17:24:38 +0000] [482] [INFO] Started server process [482]
[2026-03-16 17:24:38 +0000] [482] [INFO] Waiting for application startup.
[2026-03-16 17:24:38 +0000] [482] [INFO] Application startup complete.
[2026-03-16 17:24:38 +0000] [487] [INFO] Started server process [487]
[2026-03-16 17:24:38 +0000] [487] [INFO] Waiting for application startup.
[2026-03-16 17:24:38 +0000] [487] [INFO] Application startup complete.
[2026-03-16 17:24:38 +0000] [492] [INFO] Started server process [492]
[2026-03-16 17:24:38 +0000] [492] [INFO] Waiting for application startup.
[2026-03-16 17:24:38 +0000] [492] [INFO] Application startup complete.
[2026-03-16 17:24:38 +0000] [489] [INFO] Started server process [489]
[2026-03-16 17:24:38 +0000] [489] [INFO] Waiting for application startup.
[2026-03-16 17:24:38 +0000] [489] [INFO] Application startup complete.
[2026-03-16 17:24:38 +0000] [494] [INFO] Started server process [494]
[2026-03-16 17:24:38 +0000] [494] [INFO] Waiting for application startup.
[2026-03-16 17:24:38 +0000] [494] [INFO] Application startup complete.
[2026-03-16 17:24:38 +0000] [495] [INFO] Started server process [495]
[2026-03-16 17:24:38 +0000] [495] [INFO] Waiting for application startup.
[2026-03-16 17:24:38 +0000] [495] [INFO] Application startup complete.
[2026-03-16 17:24:38 +0000] [502] [INFO] Started server process [502]
[2026-03-16 17:24:38 +0000] [502] [INFO] Waiting for application startup.
[2026-03-16 17:24:38 +0000] [502] [INFO] Application startup complete.
[2026-03-16 17:24:38 +0000] [499] [INFO] Started server process [499]
[2026-03-16 17:24:38 +0000] [499] [INFO] Waiting for application startup.
[2026-03-16 17:24:38 +0000] [499] [INFO] Application startup complete.
[2026-03-16 17:24:38 +0000] [504] [INFO] Started server process [504]
[2026-03-16 17:24:38 +0000] [504] [INFO] Waiting for application startup.
[2026-03-16 17:24:38 +0000] [504] [INFO] Application startup complete.
