[2026-03-16 17:21:25 +0000] [1] [INFO] Starting gunicorn 23.0.0
[2026-03-16 17:21:25 +0000] [1] [INFO] Listening at: http://0.0.0.0:8080 (1)
[2026-03-16 17:21:25 +0000] [1] [INFO] Using worker: uvicorn.workers.UvicornWorker
[2026-03-16 17:21:25 +0000] [7] [INFO] Booting worker with pid: 7
[2026-03-16 17:21:25 +0000] [8] [INFO] Booting worker with pid: 8
[2026-03-16 17:21:25 +0000] [9] [INFO] Booting worker with pid: 9
[2026-03-16 17:21:25 +0000] [10] [INFO] Booting worker with pid: 10
[2026-03-16 17:21:25 +0000] [12] [INFO] Booting worker with pid: 12
[2026-03-16 17:21:25 +0000] [7] [INFO] Started server process [7]
[2026-03-16 17:21:25 +0000] [7] [INFO] Waiting for application startup.
[2026-03-16 17:21:25 +0000] [7] [INFO] Application startup complete.
[2026-03-16 17:21:25 +0000] [8] [INFO] Started server process [8]
[2026-03-16 17:21:25 +0000] [8] [INFO] Waiting for application startup.
[2026-03-16 17:21:25 +0000] [8] [INFO] Application startup complete.
[2026-03-16 17:21:25 +0000] [14] [INFO] Booting worker with pid: 14
[2026-03-16 17:21:25 +0000] [9] [INFO] Started server process [9]
[2026-03-16 17:21:25 +0000] [9] [INFO] Waiting for application startup.
[2026-03-16 17:21:25 +0000] [9] [INFO] Application startup complete.
[2026-03-16 17:21:25 +0000] [10] [INFO] Started server process [10]
[2026-03-16 17:21:25 +0000] [10] [INFO] Waiting for application startup.
[2026-03-16 17:21:25 +0000] [17] [INFO] Booting worker with pid: 17
[2026-03-16 17:21:25 +0000] [10] [INFO] Application startup complete.
[2026-03-16 17:21:25 +0000] [18] [INFO] Booting worker with pid: 18
[2026-03-16 17:21:25 +0000] [19] [INFO] Booting worker with pid: 19
[2026-03-16 17:21:25 +0000] [12] [INFO] Started server process [12]
[2026-03-16 17:21:25 +0000] [12] [INFO] Waiting for application startup.
[2026-03-16 17:21:25 +0000] [12] [INFO] Application startup complete.
[2026-03-16 17:21:25 +0000] [21] [INFO] Booting worker with pid: 21
[2026-03-16 17:21:25 +0000] [22] [INFO] Booting worker with pid: 22
[2026-03-16 17:21:25 +0000] [23] [INFO] Booting worker with pid: 23
[2026-03-16 17:21:25 +0000] [14] [INFO] Started server process [14]
[2026-03-16 17:21:25 +0000] [14] [INFO] Waiting for application startup.
[2026-03-16 17:21:25 +0000] [14] [INFO] Application startup complete.
[2026-03-16 17:21:25 +0000] [25] [INFO] Booting worker with pid: 25
[2026-03-16 17:21:25 +0000] [26] [INFO] Booting worker with pid: 26
[2026-03-16 17:21:25 +0000] [17] [INFO] Started server process [17]
[2026-03-16 17:21:25 +0000] [17] [INFO] Waiting for application startup.
[2026-03-16 17:21:25 +0000] [17] [INFO] Application startup complete.
[2026-03-16 17:21:25 +0000] [18] [INFO] Started server process [18]
[2026-03-16 17:21:25 +0000] [18] [INFO] Waiting for application startup.
[2026-03-16 17:21:25 +0000] [18] [INFO] Application startup complete.
[2026-03-16 17:21:25 +0000] [19] [INFO] Started server process [19]
[2026-03-16 17:21:25 +0000] [19] [INFO] Waiting for application startup.
[2026-03-16 17:21:25 +0000] [19] [INFO] Application startup complete.
[2026-03-16 17:21:25 +0000] [30] [INFO] Booting worker with pid: 30
[2026-03-16 17:21:25 +0000] [21] [INFO] Started server process [21]
[2026-03-16 17:21:25 +0000] [21] [INFO] Waiting for application startup.
[2026-03-16 17:21:25 +0000] [21] [INFO] Application startup complete.
[2026-03-16 17:21:25 +0000] [22] [INFO] Started server process [22]
[2026-03-16 17:21:25 +0000] [22] [INFO] Waiting for application startup.
[2026-03-16 17:21:25 +0000] [22] [INFO] Application startup complete.
[2026-03-16 17:21:25 +0000] [33] [INFO] Booting worker with pid: 33
[2026-03-16 17:21:25 +0000] [23] [INFO] Started server process [23]
[2026-03-16 17:21:25 +0000] [23] [INFO] Waiting for application startup.
[2026-03-16 17:21:25 +0000] [23] [INFO] Application startup complete.
[2026-03-16 17:21:25 +0000] [25] [INFO] Started server process [25]
[2026-03-16 17:21:25 +0000] [25] [INFO] Waiting for application startup.
[2026-03-16 17:21:25 +0000] [25] [INFO] Application startup complete.
[2026-03-16 17:21:25 +0000] [36] [INFO] Booting worker with pid: 36
[2026-03-16 17:21:26 +0000] [26] [INFO] Started server process [26]
[2026-03-16 17:21:26 +0000] [26] [INFO] Waiting for application startup.
[2026-03-16 17:21:26 +0000] [26] [INFO] Application startup complete.
[2026-03-16 17:21:26 +0000] [38] [INFO] Booting worker with pid: 38
[2026-03-16 17:21:26 +0000] [39] [INFO] Booting worker with pid: 39
[2026-03-16 17:21:26 +0000] [30] [INFO] Started server process [30]
[2026-03-16 17:21:26 +0000] [30] [INFO] Waiting for application startup.
[2026-03-16 17:21:26 +0000] [30] [INFO] Application startup complete.
[2026-03-16 17:21:26 +0000] [41] [INFO] Booting worker with pid: 41
[2026-03-16 17:21:26 +0000] [33] [INFO] Started server process [33]
[2026-03-16 17:21:26 +0000] [33] [INFO] Waiting for application startup.
[2026-03-16 17:21:26 +0000] [33] [INFO] Application startup complete.
[2026-03-16 17:21:26 +0000] [36] [INFO] Started server process [36]
[2026-03-16 17:21:26 +0000] [36] [INFO] Waiting for application startup.
[2026-03-16 17:21:26 +0000] [36] [INFO] Application startup complete.
[2026-03-16 17:21:26 +0000] [44] [INFO] Booting worker with pid: 44
[2026-03-16 17:21:26 +0000] [38] [INFO] Started server process [38]
[2026-03-16 17:21:26 +0000] [38] [INFO] Waiting for application startup.
[2026-03-16 17:21:26 +0000] [38] [INFO] Application startup complete.
[2026-03-16 17:21:26 +0000] [47] [INFO] Booting worker with pid: 47
[2026-03-16 17:21:26 +0000] [39] [INFO] Started server process [39]
[2026-03-16 17:21:26 +0000] [39] [INFO] Waiting for application startup.
[2026-03-16 17:21:26 +0000] [39] [INFO] Application startup complete.
[2026-03-16 17:21:26 +0000] [41] [INFO] Started server process [41]
[2026-03-16 17:21:26 +0000] [41] [INFO] Waiting for application startup.
[2026-03-16 17:21:26 +0000] [41] [INFO] Application startup complete.
[2026-03-16 17:21:26 +0000] [49] [INFO] Booting worker with pid: 49
[2026-03-16 17:21:26 +0000] [50] [INFO] Booting worker with pid: 50
[2026-03-16 17:21:26 +0000] [51] [INFO] Booting worker with pid: 51
[2026-03-16 17:21:26 +0000] [44] [INFO] Started server process [44]
[2026-03-16 17:21:26 +0000] [44] [INFO] Waiting for application startup.
[2026-03-16 17:21:26 +0000] [44] [INFO] Application startup complete.
[2026-03-16 17:21:26 +0000] [53] [INFO] Booting worker with pid: 53
[2026-03-16 17:21:26 +0000] [47] [INFO] Started server process [47]
[2026-03-16 17:21:26 +0000] [47] [INFO] Waiting for application startup.
[2026-03-16 17:21:26 +0000] [47] [INFO] Application startup complete.
[2026-03-16 17:21:26 +0000] [55] [INFO] Booting worker with pid: 55
[2026-03-16 17:21:26 +0000] [56] [INFO] Booting worker with pid: 56
[2026-03-16 17:21:26 +0000] [49] [INFO] Started server process [49]
[2026-03-16 17:21:26 +0000] [49] [INFO] Waiting for application startup.
[2026-03-16 17:21:26 +0000] [49] [INFO] Application startup complete.
[2026-03-16 17:21:26 +0000] [50] [INFO] Started server process [50]
[2026-03-16 17:21:26 +0000] [50] [INFO] Waiting for application startup.
[2026-03-16 17:21:26 +0000] [50] [INFO] Application startup complete.
[2026-03-16 17:21:26 +0000] [59] [INFO] Booting worker with pid: 59
[2026-03-16 17:21:26 +0000] [51] [INFO] Started server process [51]
[2026-03-16 17:21:26 +0000] [51] [INFO] Waiting for application startup.
[2026-03-16 17:21:26 +0000] [51] [INFO] Application startup complete.
[2026-03-16 17:21:26 +0000] [61] [INFO] Booting worker with pid: 61
[2026-03-16 17:21:26 +0000] [62] [INFO] Booting worker with pid: 62
[2026-03-16 17:21:26 +0000] [64] [INFO] Booting worker with pid: 64
[2026-03-16 17:21:26 +0000] [53] [INFO] Started server process [53]
[2026-03-16 17:21:26 +0000] [53] [INFO] Waiting for application startup.
[2026-03-16 17:21:26 +0000] [53] [INFO] Application startup complete.
[2026-03-16 17:21:26 +0000] [55] [INFO] Started server process [55]
[2026-03-16 17:21:26 +0000] [55] [INFO] Waiting for application startup.
[2026-03-16 17:21:26 +0000] [55] [INFO] Application startup complete.
[2026-03-16 17:21:26 +0000] [56] [INFO] Started server process [56]
[2026-03-16 17:21:26 +0000] [56] [INFO] Waiting for application startup.
[2026-03-16 17:21:26 +0000] [56] [INFO] Application startup complete.
[2026-03-16 17:21:26 +0000] [67] [INFO] Booting worker with pid: 67
[2026-03-16 17:21:26 +0000] [68] [INFO] Booting worker with pid: 68
[2026-03-16 17:21:27 +0000] [59] [INFO] Started server process [59]
[2026-03-16 17:21:27 +0000] [59] [INFO] Waiting for application startup.
[2026-03-16 17:21:27 +0000] [59] [INFO] Application startup complete.
[2026-03-16 17:21:27 +0000] [70] [INFO] Booting worker with pid: 70
[2026-03-16 17:21:27 +0000] [71] [INFO] Booting worker with pid: 71
[2026-03-16 17:21:27 +0000] [61] [INFO] Started server process [61]
[2026-03-16 17:21:27 +0000] [61] [INFO] Waiting for application startup.
[2026-03-16 17:21:27 +0000] [61] [INFO] Application startup complete.
[2026-03-16 17:21:27 +0000] [75] [INFO] Booting worker with pid: 75
[2026-03-16 17:21:27 +0000] [64] [INFO] Started server process [64]
[2026-03-16 17:21:27 +0000] [64] [INFO] Waiting for application startup.
[2026-03-16 17:21:27 +0000] [64] [INFO] Application startup complete.
[2026-03-16 17:21:27 +0000] [62] [INFO] Started server process [62]
[2026-03-16 17:21:27 +0000] [62] [INFO] Waiting for application startup.
[2026-03-16 17:21:27 +0000] [62] [INFO] Application startup complete.
[2026-03-16 17:21:27 +0000] [76] [INFO] Booting worker with pid: 76
[2026-03-16 17:21:27 +0000] [77] [INFO] Booting worker with pid: 77
[2026-03-16 17:21:27 +0000] [78] [INFO] Booting worker with pid: 78
[2026-03-16 17:21:27 +0000] [79] [INFO] Booting worker with pid: 79
[2026-03-16 17:21:27 +0000] [68] [INFO] Started server process [68]
[2026-03-16 17:21:27 +0000] [68] [INFO] Waiting for application startup.
[2026-03-16 17:21:27 +0000] [68] [INFO] Application startup complete.
[2026-03-16 17:21:27 +0000] [67] [INFO] Started server process [67]
[2026-03-16 17:21:27 +0000] [67] [INFO] Waiting for application startup.
[2026-03-16 17:21:27 +0000] [67] [INFO] Application startup complete.
[2026-03-16 17:21:27 +0000] [82] [INFO] Booting worker with pid: 82
[2026-03-16 17:21:27 +0000] [83] [INFO] Booting worker with pid: 83
[2026-03-16 17:21:27 +0000] [84] [INFO] Booting worker with pid: 84
[2026-03-16 17:21:27 +0000] [71] [INFO] Started server process [71]
[2026-03-16 17:21:27 +0000] [71] [INFO] Waiting for application startup.
[2026-03-16 17:21:27 +0000] [71] [INFO] Application startup complete.
[2026-03-16 17:21:27 +0000] [70] [INFO] Started server process [70]
[2026-03-16 17:21:27 +0000] [70] [INFO] Waiting for application startup.
[2026-03-16 17:21:27 +0000] [70] [INFO] Application startup complete.
[2026-03-16 17:21:27 +0000] [87] [INFO] Booting worker with pid: 87
[2026-03-16 17:21:27 +0000] [75] [INFO] Started server process [75]
[2026-03-16 17:21:27 +0000] [75] [INFO] Waiting for application startup.
[2026-03-16 17:21:27 +0000] [75] [INFO] Application startup complete.
[2026-03-16 17:21:27 +0000] [76] [INFO] Started server process [76]
[2026-03-16 17:21:27 +0000] [76] [INFO] Waiting for application startup.
[2026-03-16 17:21:27 +0000] [76] [INFO] Application startup complete.
[2026-03-16 17:21:27 +0000] [90] [INFO] Booting worker with pid: 90
[2026-03-16 17:21:27 +0000] [79] [INFO] Started server process [79]
[2026-03-16 17:21:27 +0000] [79] [INFO] Waiting for application startup.
[2026-03-16 17:21:27 +0000] [79] [INFO] Application startup complete.
[2026-03-16 17:21:27 +0000] [77] [INFO] Started server process [77]
[2026-03-16 17:21:27 +0000] [77] [INFO] Waiting for application startup.
[2026-03-16 17:21:27 +0000] [77] [INFO] Application startup complete.
[2026-03-16 17:21:27 +0000] [78] [INFO] Started server process [78]
[2026-03-16 17:21:27 +0000] [78] [INFO] Waiting for application startup.
[2026-03-16 17:21:27 +0000] [78] [INFO] Application startup complete.
[2026-03-16 17:21:27 +0000] [94] [INFO] Booting worker with pid: 94
[2026-03-16 17:21:27 +0000] [95] [INFO] Booting worker with pid: 95
[2026-03-16 17:21:27 +0000] [83] [INFO] Started server process [83]
[2026-03-16 17:21:27 +0000] [83] [INFO] Waiting for application startup.
[2026-03-16 17:21:27 +0000] [83] [INFO] Application startup complete.
[2026-03-16 17:21:27 +0000] [97] [INFO] Booting worker with pid: 97
[2026-03-16 17:21:27 +0000] [82] [INFO] Started server process [82]
[2026-03-16 17:21:27 +0000] [82] [INFO] Waiting for application startup.
[2026-03-16 17:21:27 +0000] [82] [INFO] Application startup complete.
[2026-03-16 17:21:27 +0000] [84] [INFO] Started server process [84]
[2026-03-16 17:21:27 +0000] [84] [INFO] Waiting for application startup.
[2026-03-16 17:21:27 +0000] [84] [INFO] Application startup complete.
[2026-03-16 17:21:27 +0000] [100] [INFO] Booting worker with pid: 100
[2026-03-16 17:21:27 +0000] [101] [INFO] Booting worker with pid: 101
[2026-03-16 17:21:27 +0000] [87] [INFO] Started server process [87]
[2026-03-16 17:21:27 +0000] [87] [INFO] Waiting for application startup.
[2026-03-16 17:21:27 +0000] [87] [INFO] Application startup complete.
[2026-03-16 17:21:27 +0000] [103] [INFO] Booting worker with pid: 103
[2026-03-16 17:21:27 +0000] [104] [INFO] Booting worker with pid: 104
[2026-03-16 17:21:27 +0000] [90] [INFO] Started server process [90]
[2026-03-16 17:21:27 +0000] [90] [INFO] Waiting for application startup.
[2026-03-16 17:21:27 +0000] [90] [INFO] Application startup complete.
[2026-03-16 17:21:27 +0000] [106] [INFO] Booting worker with pid: 106
[2026-03-16 17:21:27 +0000] [94] [INFO] Started server process [94]
[2026-03-16 17:21:27 +0000] [94] [INFO] Waiting for application startup.
[2026-03-16 17:21:27 +0000] [94] [INFO] Application startup complete.
[2026-03-16 17:21:27 +0000] [95] [INFO] Started server process [95]
[2026-03-16 17:21:27 +0000] [95] [INFO] Waiting for application startup.
[2026-03-16 17:21:27 +0000] [95] [INFO] Application startup complete.
[2026-03-16 17:21:27 +0000] [109] [INFO] Booting worker with pid: 109
[2026-03-16 17:21:27 +0000] [97] [INFO] Started server process [97]
[2026-03-16 17:21:27 +0000] [97] [INFO] Waiting for application startup.
[2026-03-16 17:21:27 +0000] [97] [INFO] Application startup complete.
[2026-03-16 17:21:28 +0000] [101] [INFO] Started server process [101]
[2026-03-16 17:21:28 +0000] [101] [INFO] Waiting for application startup.
[2026-03-16 17:21:28 +0000] [101] [INFO] Application startup complete.
[2026-03-16 17:21:28 +0000] [100] [INFO] Started server process [100]
[2026-03-16 17:21:28 +0000] [100] [INFO] Waiting for application startup.
[2026-03-16 17:21:28 +0000] [100] [INFO] Application startup complete.
[2026-03-16 17:21:28 +0000] [113] [INFO] Booting worker with pid: 113
[2026-03-16 17:21:28 +0000] [114] [INFO] Booting worker with pid: 114
[2026-03-16 17:21:28 +0000] [103] [INFO] Started server process [103]
[2026-03-16 17:21:28 +0000] [103] [INFO] Waiting for application startup.
[2026-03-16 17:21:28 +0000] [103] [INFO] Application startup complete.
[2026-03-16 17:21:28 +0000] [104] [INFO] Started server process [104]
[2026-03-16 17:21:28 +0000] [104] [INFO] Waiting for application startup.
[2026-03-16 17:21:28 +0000] [104] [INFO] Application startup complete.
[2026-03-16 17:21:28 +0000] [117] [INFO] Booting worker with pid: 117
[2026-03-16 17:21:28 +0000] [106] [INFO] Started server process [106]
[2026-03-16 17:21:28 +0000] [106] [INFO] Waiting for application startup.
[2026-03-16 17:21:28 +0000] [106] [INFO] Application startup complete.
[2026-03-16 17:21:28 +0000] [119] [INFO] Booting worker with pid: 119
[2026-03-16 17:21:28 +0000] [120] [INFO] Booting worker with pid: 120
[2026-03-16 17:21:28 +0000] [109] [INFO] Started server process [109]
[2026-03-16 17:21:28 +0000] [109] [INFO] Waiting for application startup.
[2026-03-16 17:21:28 +0000] [109] [INFO] Application startup complete.
[2026-03-16 17:21:28 +0000] [122] [INFO] Booting worker with pid: 122
[2026-03-16 17:21:28 +0000] [113] [INFO] Started server process [113]
[2026-03-16 17:21:28 +0000] [113] [INFO] Waiting for application startup.
[2026-03-16 17:21:28 +0000] [113] [INFO] Application startup complete.
[2026-03-16 17:21:28 +0000] [124] [INFO] Booting worker with pid: 124
[2026-03-16 17:21:28 +0000] [114] [INFO] Started server process [114]
[2026-03-16 17:21:28 +0000] [114] [INFO] Waiting for application startup.
[2026-03-16 17:21:28 +0000] [114] [INFO] Application startup complete.
[2026-03-16 17:21:28 +0000] [126] [INFO] Booting worker with pid: 126
[2026-03-16 17:21:28 +0000] [127] [INFO] Booting worker with pid: 127
[2026-03-16 17:21:28 +0000] [128] [INFO] Booting worker with pid: 128
[2026-03-16 17:21:28 +0000] [117] [INFO] Started server process [117]
[2026-03-16 17:21:28 +0000] [117] [INFO] Waiting for application startup.
[2026-03-16 17:21:28 +0000] [117] [INFO] Application startup complete.
[2026-03-16 17:21:28 +0000] [130] [INFO] Booting worker with pid: 130
[2026-03-16 17:21:28 +0000] [131] [INFO] Booting worker with pid: 131
[2026-03-16 17:21:28 +0000] [119] [INFO] Started server process [119]
[2026-03-16 17:21:28 +0000] [119] [INFO] Waiting for application startup.
[2026-03-16 17:21:28 +0000] [119] [INFO] Application startup complete.
[2026-03-16 17:21:28 +0000] [120] [INFO] Started server process [120]
[2026-03-16 17:21:28 +0000] [120] [INFO] Waiting for application startup.
[2026-03-16 17:21:28 +0000] [120] [INFO] Application startup complete.
[2026-03-16 17:21:28 +0000] [122] [INFO] Started server process [122]
[2026-03-16 17:21:28 +0000] [122] [INFO] Waiting for application startup.
[2026-03-16 17:21:28 +0000] [122] [INFO] Application startup complete.
[2026-03-16 17:21:28 +0000] [135] [INFO] Booting worker with pid: 135
[2026-03-16 17:21:28 +0000] [136] [INFO] Booting worker with pid: 136
[2026-03-16 17:21:28 +0000] [124] [INFO] Started server process [124]
[2026-03-16 17:21:28 +0000] [124] [INFO] Waiting for application startup.
[2026-03-16 17:21:28 +0000] [124] [INFO] Application startup complete.
[2026-03-16 17:21:28 +0000] [138] [INFO] Booting worker with pid: 138
[2026-03-16 17:21:28 +0000] [139] [INFO] Booting worker with pid: 139
[2026-03-16 17:21:28 +0000] [126] [INFO] Started server process [126]
[2026-03-16 17:21:28 +0000] [126] [INFO] Waiting for application startup.
[2026-03-16 17:21:28 +0000] [126] [INFO] Application startup complete.
[2026-03-16 17:21:28 +0000] [128] [INFO] Started server process [128]
[2026-03-16 17:21:28 +0000] [128] [INFO] Waiting for application startup.
[2026-03-16 17:21:28 +0000] [128] [INFO] Application startup complete.
[2026-03-16 17:21:28 +0000] [142] [INFO] Booting worker with pid: 142
[2026-03-16 17:21:28 +0000] [131] [INFO] Started server process [131]
[2026-03-16 17:21:28 +0000] [131] [INFO] Waiting for application startup.
[2026-03-16 17:21:28 +0000] [131] [INFO] Application startup complete.
[2026-03-16 17:21:28 +0000] [127] [INFO] Started server process [127]
[2026-03-16 17:21:28 +0000] [127] [INFO] Waiting for application startup.
[2026-03-16 17:21:28 +0000] [145] [INFO] Booting worker with pid: 145
[2026-03-16 17:21:28 +0000] [127] [INFO] Application startup complete.
[2026-03-16 17:21:29 +0000] [146] [INFO] Booting worker with pid: 146
[2026-03-16 17:21:29 +0000] [135] [INFO] Started server process [135]
[2026-03-16 17:21:29 +0000] [135] [INFO] Waiting for application startup.
[2026-03-16 17:21:29 +0000] [135] [INFO] Application startup complete.
[2026-03-16 17:21:29 +0000] [148] [INFO] Booting worker with pid: 148
[2026-03-16 17:21:29 +0000] [149] [INFO] Booting worker with pid: 149
[2026-03-16 17:21:29 +0000] [151] [INFO] Booting worker with pid: 151
[2026-03-16 17:21:29 +0000] [130] [INFO] Started server process [130]
[2026-03-16 17:21:29 +0000] [130] [INFO] Waiting for application startup.
[2026-03-16 17:21:29 +0000] [130] [INFO] Application startup complete.
[2026-03-16 17:21:29 +0000] [136] [INFO] Started server process [136]
[2026-03-16 17:21:29 +0000] [136] [INFO] Waiting for application startup.
[2026-03-16 17:21:29 +0000] [136] [INFO] Application startup complete.
[2026-03-16 17:21:29 +0000] [153] [INFO] Booting worker with pid: 153
[2026-03-16 17:21:29 +0000] [154] [INFO] Booting worker with pid: 154
[2026-03-16 17:21:29 +0000] [157] [INFO] Booting worker with pid: 157
[2026-03-16 17:21:29 +0000] [142] [INFO] Started server process [142]
[2026-03-16 17:21:29 +0000] [142] [INFO] Waiting for application startup.
[2026-03-16 17:21:29 +0000] [142] [INFO] Application startup complete.
[2026-03-16 17:21:29 +0000] [138] [INFO] Started server process [138]
[2026-03-16 17:21:29 +0000] [138] [INFO] Waiting for application startup.
[2026-03-16 17:21:29 +0000] [138] [INFO] Application startup complete.
[2026-03-16 17:21:29 +0000] [139] [INFO] Started server process [139]
[2026-03-16 17:21:29 +0000] [139] [INFO] Waiting for application startup.
[2026-03-16 17:21:29 +0000] [139] [INFO] Application startup complete.
[2026-03-16 17:21:29 +0000] [159] [INFO] Booting worker with pid: 159
[2026-03-16 17:21:29 +0000] [160] [INFO] Booting worker with pid: 160
[2026-03-16 17:21:29 +0000] [161] [INFO] Booting worker with pid: 161
[2026-03-16 17:21:29 +0000] [162] [INFO] Booting worker with pid: 162
[2026-03-16 17:21:29 +0000] [145] [INFO] Started server process [145]
[2026-03-16 17:21:29 +0000] [145] [INFO] Waiting for application startup.
[2026-03-16 17:21:29 +0000] [145] [INFO] Application startup complete.
[2026-03-16 17:21:29 +0000] [164] [INFO] Booting worker with pid: 164
[2026-03-16 17:21:29 +0000] [149] [INFO] Started server process [149]
[2026-03-16 17:21:29 +0000] [149] [INFO] Waiting for application startup.
[2026-03-16 17:21:29 +0000] [149] [INFO] Application startup complete.
[2026-03-16 17:21:29 +0000] [166] [INFO] Booting worker with pid: 166
[2026-03-16 17:21:29 +0000] [167] [INFO] Booting worker with pid: 167
[2026-03-16 17:21:29 +0000] [146] [INFO] Started server process [146]
[2026-03-16 17:21:29 +0000] [146] [INFO] Waiting for application startup.
[2026-03-16 17:21:29 +0000] [146] [INFO] Application startup complete.
[2026-03-16 17:21:29 +0000] [148] [INFO] Started server process [148]
[2026-03-16 17:21:29 +0000] [148] [INFO] Waiting for application startup.
[2026-03-16 17:21:29 +0000] [148] [INFO] Application startup complete.
[2026-03-16 17:21:29 +0000] [170] [INFO] Booting worker with pid: 170
[2026-03-16 17:21:29 +0000] [172] [INFO] Booting worker with pid: 172
[2026-03-16 17:21:29 +0000] [151] [INFO] Started server process [151]
[2026-03-16 17:21:29 +0000] [151] [INFO] Waiting for application startup.
[2026-03-16 17:21:29 +0000] [151] [INFO] Application startup complete.
[2026-03-16 17:21:29 +0000] [154] [INFO] Started server process [154]
[2026-03-16 17:21:29 +0000] [154] [INFO] Waiting for application startup.
[2026-03-16 17:21:29 +0000] [154] [INFO] Application startup complete.
[2026-03-16 17:21:29 +0000] [157] [INFO] Started server process [157]
[2026-03-16 17:21:29 +0000] [157] [INFO] Waiting for application startup.
[2026-03-16 17:21:29 +0000] [157] [INFO] Application startup complete.
[2026-03-16 17:21:29 +0000] [175] [INFO] Booting worker with pid: 175
[2026-03-16 17:21:29 +0000] [153] [INFO] Started server process [153]
[2026-03-16 17:21:29 +0000] [153] [INFO] Waiting for application startup.
[2026-03-16 17:21:29 +0000] [153] [INFO] Application startup complete.
[2026-03-16 17:21:29 +0000] [177] [INFO] Booting worker with pid: 177
[2026-03-16 17:21:29 +0000] [159] [INFO] Started server process [159]
[2026-03-16 17:21:29 +0000] [159] [INFO] Waiting for application startup.
[2026-03-16 17:21:29 +0000] [159] [INFO] Application startup complete.
[2026-03-16 17:21:29 +0000] [180] [INFO] Booting worker with pid: 180
[2026-03-16 17:21:29 +0000] [160] [INFO] Started server process [160]
[2026-03-16 17:21:29 +0000] [160] [INFO] Waiting for application startup.
[2026-03-16 17:21:29 +0000] [160] [INFO] Application startup complete.
[2026-03-16 17:21:29 +0000] [161] [INFO] Started server process [161]
[2026-03-16 17:21:29 +0000] [161] [INFO] Waiting for application startup.
[2026-03-16 17:21:29 +0000] [161] [INFO] Application startup complete.
[2026-03-16 17:21:30 +0000] [182] [INFO] Booting worker with pid: 182
[2026-03-16 17:21:30 +0000] [164] [INFO] Started server process [164]
[2026-03-16 17:21:30 +0000] [164] [INFO] Waiting for application startup.
[2026-03-16 17:21:30 +0000] [164] [INFO] Application startup complete.
[2026-03-16 17:21:30 +0000] [184] [INFO] Booting worker with pid: 184
[2026-03-16 17:21:30 +0000] [167] [INFO] Started server process [167]
[2026-03-16 17:21:30 +0000] [167] [INFO] Waiting for application startup.
[2026-03-16 17:21:30 +0000] [167] [INFO] Application startup complete.
[2026-03-16 17:21:30 +0000] [162] [INFO] Started server process [162]
[2026-03-16 17:21:30 +0000] [162] [INFO] Waiting for application startup.
[2026-03-16 17:21:30 +0000] [162] [INFO] Application startup complete.
[2026-03-16 17:21:30 +0000] [166] [INFO] Started server process [166]
[2026-03-16 17:21:30 +0000] [166] [INFO] Waiting for application startup.
[2026-03-16 17:21:30 +0000] [166] [INFO] Application startup complete.
[2026-03-16 17:21:30 +0000] [188] [INFO] Booting worker with pid: 188
[2026-03-16 17:21:30 +0000] [170] [INFO] Started server process [170]
[2026-03-16 17:21:30 +0000] [170] [INFO] Waiting for application startup.
[2026-03-16 17:21:30 +0000] [170] [INFO] Application startup complete.
[2026-03-16 17:21:30 +0000] [190] [INFO] Booting worker with pid: 190
[2026-03-16 17:21:30 +0000] [172] [INFO] Started server process [172]
[2026-03-16 17:21:30 +0000] [172] [INFO] Waiting for application startup.
[2026-03-16 17:21:30 +0000] [172] [INFO] Application startup complete.
[2026-03-16 17:21:30 +0000] [175] [INFO] Started server process [175]
[2026-03-16 17:21:30 +0000] [175] [INFO] Waiting for application startup.
[2026-03-16 17:21:30 +0000] [175] [INFO] Application startup complete.
[2026-03-16 17:21:30 +0000] [193] [INFO] Booting worker with pid: 193
[2026-03-16 17:21:30 +0000] [194] [INFO] Booting worker with pid: 194
[2026-03-16 17:21:30 +0000] [195] [INFO] Booting worker with pid: 195
[2026-03-16 17:21:30 +0000] [197] [INFO] Booting worker with pid: 197
[2026-03-16 17:21:30 +0000] [177] [INFO] Started server process [177]
[2026-03-16 17:21:30 +0000] [177] [INFO] Waiting for application startup.
[2026-03-16 17:21:30 +0000] [177] [INFO] Application startup complete.
[2026-03-16 17:21:30 +0000] [199] [INFO] Booting worker with pid: 199
[2026-03-16 17:21:30 +0000] [200] [INFO] Booting worker with pid: 200
[2026-03-16 17:21:30 +0000] [180] [INFO] Started server process [180]
[2026-03-16 17:21:30 +0000] [180] [INFO] Waiting for application startup.
[2026-03-16 17:21:30 +0000] [180] [INFO] Application startup complete.
[2026-03-16 17:21:30 +0000] [201] [INFO] Booting worker with pid: 201
[2026-03-16 17:21:30 +0000] [202] [INFO] Booting worker with pid: 202
[2026-03-16 17:21:30 +0000] [182] [INFO] Started server process [182]
[2026-03-16 17:21:30 +0000] [182] [INFO] Waiting for application startup.
[2026-03-16 17:21:30 +0000] [182] [INFO] Application startup complete.
[2026-03-16 17:21:30 +0000] [188] [INFO] Started server process [188]
[2026-03-16 17:21:30 +0000] [188] [INFO] Waiting for application startup.
[2026-03-16 17:21:30 +0000] [188] [INFO] Application startup complete.
[2026-03-16 17:21:30 +0000] [205] [INFO] Booting worker with pid: 205
[2026-03-16 17:21:30 +0000] [190] [INFO] Started server process [190]
[2026-03-16 17:21:30 +0000] [190] [INFO] Waiting for application startup.
[2026-03-16 17:21:30 +0000] [190] [INFO] Application startup complete.
[2026-03-16 17:21:30 +0000] [208] [INFO] Booting worker with pid: 208
[2026-03-16 17:21:30 +0000] [184] [INFO] Started server process [184]
[2026-03-16 17:21:30 +0000] [184] [INFO] Waiting for application startup.
[2026-03-16 17:21:30 +0000] [184] [INFO] Application startup complete.
[2026-03-16 17:21:30 +0000] [209] [INFO] Booting worker with pid: 209
[2026-03-16 17:21:30 +0000] [210] [INFO] Booting worker with pid: 210
[2026-03-16 17:21:30 +0000] [193] [INFO] Started server process [193]
[2026-03-16 17:21:30 +0000] [193] [INFO] Waiting for application startup.
[2026-03-16 17:21:30 +0000] [193] [INFO] Application startup complete.
[2026-03-16 17:21:30 +0000] [213] [INFO] Booting worker with pid: 213
[2026-03-16 17:21:30 +0000] [194] [INFO] Started server process [194]
[2026-03-16 17:21:30 +0000] [194] [INFO] Waiting for application startup.
[2026-03-16 17:21:30 +0000] [194] [INFO] Application startup complete.
[2026-03-16 17:21:30 +0000] [214] [INFO] Booting worker with pid: 214
[2026-03-16 17:21:30 +0000] [195] [INFO] Started server process [195]
[2026-03-16 17:21:30 +0000] [195] [INFO] Waiting for application startup.
[2026-03-16 17:21:30 +0000] [195] [INFO] Application startup complete.
[2026-03-16 17:21:30 +0000] [217] [INFO] Booting worker with pid: 217
[2026-03-16 17:21:30 +0000] [197] [INFO] Started server process [197]
[2026-03-16 17:21:30 +0000] [197] [INFO] Waiting for application startup.
[2026-03-16 17:21:30 +0000] [197] [INFO] Application startup complete.
[2026-03-16 17:21:31 +0000] [202] [INFO] Started server process [202]
[2026-03-16 17:21:31 +0000] [202] [INFO] Waiting for application startup.
[2026-03-16 17:21:31 +0000] [202] [INFO] Application startup complete.
[2026-03-16 17:21:31 +0000] [201] [INFO] Started server process [201]
[2026-03-16 17:21:31 +0000] [201] [INFO] Waiting for application startup.
[2026-03-16 17:21:31 +0000] [201] [INFO] Application startup complete.
[2026-03-16 17:21:31 +0000] [199] [INFO] Started server process [199]
[2026-03-16 17:21:31 +0000] [199] [INFO] Waiting for application startup.
[2026-03-16 17:21:31 +0000] [199] [INFO] Application startup complete.
[2026-03-16 17:21:31 +0000] [221] [INFO] Booting worker with pid: 221
[2026-03-16 17:21:31 +0000] [205] [INFO] Started server process [205]
[2026-03-16 17:21:31 +0000] [205] [INFO] Waiting for application startup.
[2026-03-16 17:21:31 +0000] [205] [INFO] Application startup complete.
[2026-03-16 17:21:31 +0000] [224] [INFO] Booting worker with pid: 224
[2026-03-16 17:21:31 +0000] [200] [INFO] Started server process [200]
[2026-03-16 17:21:31 +0000] [200] [INFO] Waiting for application startup.
[2026-03-16 17:21:31 +0000] [200] [INFO] Application startup complete.
[2026-03-16 17:21:31 +0000] [208] [INFO] Started server process [208]
[2026-03-16 17:21:31 +0000] [208] [INFO] Waiting for application startup.
[2026-03-16 17:21:31 +0000] [208] [INFO] Application startup complete.
[2026-03-16 17:21:31 +0000] [209] [INFO] Started server process [209]
[2026-03-16 17:21:31 +0000] [209] [INFO] Waiting for application startup.
[2026-03-16 17:21:31 +0000] [209] [INFO] Application startup complete.
[2026-03-16 17:21:31 +0000] [210] [INFO] Started server process [210]
[2026-03-16 17:21:31 +0000] [210] [INFO] Waiting for application startup.
[2026-03-16 17:21:31 +0000] [210] [INFO] Application startup complete.
[2026-03-16 17:21:31 +0000] [229] [INFO] Booting worker with pid: 229
[2026-03-16 17:21:31 +0000] [213] [INFO] Started server process [213]
[2026-03-16 17:21:31 +0000] [213] [INFO] Waiting for application startup.
[2026-03-16 17:21:31 +0000] [213] [INFO] Application startup complete.
[2026-03-16 17:21:31 +0000] [230] [INFO] Booting worker with pid: 230
[2026-03-16 17:21:31 +0000] [232] [INFO] Booting worker with pid: 232
[2026-03-16 17:21:31 +0000] [214] [INFO] Started server process [214]
[2026-03-16 17:21:31 +0000] [214] [INFO] Waiting for application startup.
[2026-03-16 17:21:31 +0000] [214] [INFO] Application startup complete.
[2026-03-16 17:21:31 +0000] [217] [INFO] Started server process [217]
[2026-03-16 17:21:31 +0000] [217] [INFO] Waiting for application startup.
[2026-03-16 17:21:31 +0000] [217] [INFO] Application startup complete.
[2026-03-16 17:21:31 +0000] [221] [INFO] Started server process [221]
[2026-03-16 17:21:31 +0000] [221] [INFO] Waiting for application startup.
[2026-03-16 17:21:31 +0000] [221] [INFO] Application startup complete.
[2026-03-16 17:21:31 +0000] [235] [INFO] Booting worker with pid: 235
[2026-03-16 17:21:31 +0000] [224] [INFO] Started server process [224]
[2026-03-16 17:21:31 +0000] [224] [INFO] Waiting for application startup.
[2026-03-16 17:21:31 +0000] [224] [INFO] Application startup complete.
[2026-03-16 17:21:31 +0000] [237] [INFO] Booting worker with pid: 237
[2026-03-16 17:21:31 +0000] [238] [INFO] Booting worker with pid: 238
[2026-03-16 17:21:31 +0000] [229] [INFO] Started server process [229]
[2026-03-16 17:21:31 +0000] [229] [INFO] Waiting for application startup.
[2026-03-16 17:21:31 +0000] [229] [INFO] Application startup complete.
[2026-03-16 17:21:31 +0000] [230] [INFO] Started server process [230]
[2026-03-16 17:21:31 +0000] [230] [INFO] Waiting for application startup.
[2026-03-16 17:21:31 +0000] [230] [INFO] Application startup complete.
[2026-03-16 17:21:31 +0000] [232] [INFO] Started server process [232]
[2026-03-16 17:21:31 +0000] [232] [INFO] Waiting for application startup.
[2026-03-16 17:21:31 +0000] [232] [INFO] Application startup complete.
[2026-03-16 17:21:31 +0000] [242] [INFO] Booting worker with pid: 242
[2026-03-16 17:21:31 +0000] [243] [INFO] Booting worker with pid: 243
[2026-03-16 17:21:31 +0000] [235] [INFO] Started server process [235]
[2026-03-16 17:21:31 +0000] [235] [INFO] Waiting for application startup.
[2026-03-16 17:21:31 +0000] [235] [INFO] Application startup complete.
[2026-03-16 17:21:31 +0000] [246] [INFO] Booting worker with pid: 246
[2026-03-16 17:21:31 +0000] [237] [INFO] Started server process [237]
[2026-03-16 17:21:31 +0000] [237] [INFO] Waiting for application startup.
[2026-03-16 17:21:31 +0000] [237] [INFO] Application startup complete.
[2026-03-16 17:21:31 +0000] [238] [INFO] Started server process [238]
[2026-03-16 17:21:31 +0000] [238] [INFO] Waiting for application startup.
[2026-03-16 17:21:31 +0000] [238] [INFO] Application startup complete.
[2026-03-16 17:21:31 +0000] [248] [INFO] Booting worker with pid: 248
[2026-03-16 17:21:31 +0000] [249] [INFO] Booting worker with pid: 249
[2026-03-16 17:21:31 +0000] [242] [INFO] Started server process [242]
[2026-03-16 17:21:31 +0000] [242] [INFO] Waiting for application startup.
[2026-03-16 17:21:31 +0000] [242] [INFO] Application startup complete.
[2026-03-16 17:21:31 +0000] [251] [INFO] Booting worker with pid: 251
[2026-03-16 17:21:31 +0000] [243] [INFO] Started server process [243]
[2026-03-16 17:21:31 +0000] [243] [INFO] Waiting for application startup.
[2026-03-16 17:21:31 +0000] [243] [INFO] Application startup complete.
[2026-03-16 17:21:31 +0000] [253] [INFO] Booting worker with pid: 253
[2026-03-16 17:21:31 +0000] [254] [INFO] Booting worker with pid: 254
[2026-03-16 17:21:31 +0000] [246] [INFO] Started server process [246]
[2026-03-16 17:21:31 +0000] [246] [INFO] Waiting for application startup.
[2026-03-16 17:21:31 +0000] [246] [INFO] Application startup complete.
[2026-03-16 17:21:31 +0000] [256] [INFO] Booting worker with pid: 256
[2026-03-16 17:21:31 +0000] [258] [INFO] Booting worker with pid: 258
[2026-03-16 17:21:31 +0000] [248] [INFO] Started server process [248]
[2026-03-16 17:21:31 +0000] [248] [INFO] Waiting for application startup.
[2026-03-16 17:21:31 +0000] [248] [INFO] Application startup complete.
[2026-03-16 17:21:31 +0000] [259] [INFO] Booting worker with pid: 259
[2026-03-16 17:21:31 +0000] [249] [INFO] Started server process [249]
[2026-03-16 17:21:31 +0000] [249] [INFO] Waiting for application startup.
[2026-03-16 17:21:31 +0000] [249] [INFO] Application startup complete.
[2026-03-16 17:21:32 +0000] [262] [INFO] Booting worker with pid: 262
[2026-03-16 17:21:32 +0000] [251] [INFO] Started server process [251]
[2026-03-16 17:21:32 +0000] [251] [INFO] Waiting for application startup.
[2026-03-16 17:21:32 +0000] [251] [INFO] Application startup complete.
[2026-03-16 17:21:32 +0000] [253] [INFO] Started server process [253]
[2026-03-16 17:21:32 +0000] [253] [INFO] Waiting for application startup.
[2026-03-16 17:21:32 +0000] [253] [INFO] Application startup complete.
[2026-03-16 17:21:32 +0000] [265] [INFO] Booting worker with pid: 265
[2026-03-16 17:21:32 +0000] [254] [INFO] Started server process [254]
[2026-03-16 17:21:32 +0000] [254] [INFO] Waiting for application startup.
[2026-03-16 17:21:32 +0000] [254] [INFO] Application startup complete.
[2026-03-16 17:21:32 +0000] [256] [INFO] Started server process [256]
[2026-03-16 17:21:32 +0000] [256] [INFO] Waiting for application startup.
[2026-03-16 17:21:32 +0000] [256] [INFO] Application startup complete.
[2026-03-16 17:21:32 +0000] [267] [INFO] Booting worker with pid: 267
[2026-03-16 17:21:32 +0000] [258] [INFO] Started server process [258]
[2026-03-16 17:21:32 +0000] [258] [INFO] Waiting for application startup.
[2026-03-16 17:21:32 +0000] [258] [INFO] Application startup complete.
[2026-03-16 17:21:32 +0000] [259] [INFO] Started server process [259]
[2026-03-16 17:21:32 +0000] [259] [INFO] Waiting for application startup.
[2026-03-16 17:21:32 +0000] [259] [INFO] Application startup complete.
[2026-03-16 17:21:32 +0000] [270] [INFO] Booting worker with pid: 270
[2026-03-16 17:21:32 +0000] [262] [INFO] Started server process [262]
[2026-03-16 17:21:32 +0000] [262] [INFO] Waiting for application startup.
[2026-03-16 17:21:32 +0000] [262] [INFO] Application startup complete.
[2026-03-16 17:21:32 +0000] [272] [INFO] Booting worker with pid: 272
[2026-03-16 17:21:32 +0000] [274] [INFO] Booting worker with pid: 274
[2026-03-16 17:21:32 +0000] [265] [INFO] Started server process [265]
[2026-03-16 17:21:32 +0000] [265] [INFO] Waiting for application startup.
[2026-03-16 17:21:32 +0000] [265] [INFO] Application startup complete.
[2026-03-16 17:21:32 +0000] [275] [INFO] Booting worker with pid: 275
[2026-03-16 17:21:32 +0000] [267] [INFO] Started server process [267]
[2026-03-16 17:21:32 +0000] [267] [INFO] Waiting for application startup.
[2026-03-16 17:21:32 +0000] [267] [INFO] Application startup complete.
[2026-03-16 17:21:32 +0000] [277] [INFO] Booting worker with pid: 277
[2026-03-16 17:21:32 +0000] [270] [INFO] Started server process [270]
[2026-03-16 17:21:32 +0000] [270] [INFO] Waiting for application startup.
[2026-03-16 17:21:32 +0000] [270] [INFO] Application startup complete.
[2026-03-16 17:21:32 +0000] [279] [INFO] Booting worker with pid: 279
[2026-03-16 17:21:32 +0000] [272] [INFO] Started server process [272]
[2026-03-16 17:21:32 +0000] [272] [INFO] Waiting for application startup.
[2026-03-16 17:21:32 +0000] [272] [INFO] Application startup complete.
[2026-03-16 17:21:32 +0000] [274] [INFO] Started server process [274]
[2026-03-16 17:21:32 +0000] [274] [INFO] Waiting for application startup.
[2026-03-16 17:21:32 +0000] [274] [INFO] Application startup complete.
[2026-03-16 17:21:32 +0000] [283] [INFO] Booting worker with pid: 283
[2026-03-16 17:21:32 +0000] [275] [INFO] Started server process [275]
[2026-03-16 17:21:32 +0000] [275] [INFO] Waiting for application startup.
[2026-03-16 17:21:32 +0000] [275] [INFO] Application startup complete.
[2026-03-16 17:21:32 +0000] [285] [INFO] Booting worker with pid: 285
[2026-03-16 17:21:32 +0000] [277] [INFO] Started server process [277]
[2026-03-16 17:21:32 +0000] [277] [INFO] Waiting for application startup.
[2026-03-16 17:21:32 +0000] [277] [INFO] Application startup complete.
[2026-03-16 17:21:32 +0000] [286] [INFO] Booting worker with pid: 286
[2026-03-16 17:21:32 +0000] [279] [INFO] Started server process [279]
[2026-03-16 17:21:32 +0000] [279] [INFO] Waiting for application startup.
[2026-03-16 17:21:32 +0000] [279] [INFO] Application startup complete.
[2026-03-16 17:21:32 +0000] [288] [INFO] Booting worker with pid: 288
[2026-03-16 17:21:32 +0000] [283] [INFO] Started server process [283]
[2026-03-16 17:21:32 +0000] [283] [INFO] Waiting for application startup.
[2026-03-16 17:21:32 +0000] [283] [INFO] Application startup complete.
[2026-03-16 17:21:32 +0000] [290] [INFO] Booting worker with pid: 290
[2026-03-16 17:21:32 +0000] [285] [INFO] Started server process [285]
[2026-03-16 17:21:32 +0000] [285] [INFO] Waiting for application startup.
[2026-03-16 17:21:32 +0000] [285] [INFO] Application startup complete.
[2026-03-16 17:21:32 +0000] [286] [INFO] Started server process [286]
[2026-03-16 17:21:32 +0000] [286] [INFO] Waiting for application startup.
[2026-03-16 17:21:32 +0000] [286] [INFO] Application startup complete.
[2026-03-16 17:21:32 +0000] [293] [INFO] Booting worker with pid: 293
[2026-03-16 17:21:33 +0000] [295] [INFO] Booting worker with pid: 295
[2026-03-16 17:21:33 +0000] [288] [INFO] Started server process [288]
[2026-03-16 17:21:33 +0000] [288] [INFO] Waiting for application startup.
[2026-03-16 17:21:33 +0000] [288] [INFO] Application startup complete.
[2026-03-16 17:21:33 +0000] [297] [INFO] Booting worker with pid: 297
[2026-03-16 17:21:33 +0000] [290] [INFO] Started server process [290]
[2026-03-16 17:21:33 +0000] [290] [INFO] Waiting for application startup.
[2026-03-16 17:21:33 +0000] [290] [INFO] Application startup complete.
[2026-03-16 17:21:33 +0000] [293] [INFO] Started server process [293]
[2026-03-16 17:21:33 +0000] [293] [INFO] Waiting for application startup.
[2026-03-16 17:21:33 +0000] [293] [INFO] Application startup complete.
[2026-03-16 17:21:33 +0000] [299] [INFO] Booting worker with pid: 299
[2026-03-16 17:21:33 +0000] [300] [INFO] Booting worker with pid: 300
[2026-03-16 17:21:33 +0000] [295] [INFO] Started server process [295]
[2026-03-16 17:21:33 +0000] [295] [INFO] Waiting for application startup.
[2026-03-16 17:21:33 +0000] [295] [INFO] Application startup complete.
[2026-03-16 17:21:33 +0000] [302] [INFO] Booting worker with pid: 302
[2026-03-16 17:21:33 +0000] [304] [INFO] Booting worker with pid: 304
[2026-03-16 17:21:33 +0000] [297] [INFO] Started server process [297]
[2026-03-16 17:21:33 +0000] [297] [INFO] Waiting for application startup.
[2026-03-16 17:21:33 +0000] [297] [INFO] Application startup complete.
[2026-03-16 17:21:33 +0000] [305] [INFO] Booting worker with pid: 305
[2026-03-16 17:21:33 +0000] [299] [INFO] Started server process [299]
[2026-03-16 17:21:33 +0000] [299] [INFO] Waiting for application startup.
[2026-03-16 17:21:33 +0000] [299] [INFO] Application startup complete.
[2026-03-16 17:21:33 +0000] [307] [INFO] Booting worker with pid: 307
[2026-03-16 17:21:33 +0000] [308] [INFO] Booting worker with pid: 308
[2026-03-16 17:21:33 +0000] [309] [INFO] Booting worker with pid: 309
[2026-03-16 17:21:33 +0000] [310] [INFO] Booting worker with pid: 310
[2026-03-16 17:21:33 +0000] [312] [INFO] Booting worker with pid: 312
[2026-03-16 17:21:33 +0000] [302] [INFO] Started server process [302]
[2026-03-16 17:21:33 +0000] [302] [INFO] Waiting for application startup.
[2026-03-16 17:21:33 +0000] [302] [INFO] Application startup complete.
[2026-03-16 17:21:33 +0000] [313] [INFO] Booting worker with pid: 313
[2026-03-16 17:21:33 +0000] [304] [INFO] Started server process [304]
[2026-03-16 17:21:33 +0000] [304] [INFO] Waiting for application startup.
[2026-03-16 17:21:33 +0000] [304] [INFO] Application startup complete.
[2026-03-16 17:21:33 +0000] [315] [INFO] Booting worker with pid: 315
[2026-03-16 17:21:33 +0000] [300] [INFO] Started server process [300]
[2026-03-16 17:21:33 +0000] [300] [INFO] Waiting for application startup.
[2026-03-16 17:21:33 +0000] [300] [INFO] Application startup complete.
[2026-03-16 17:21:33 +0000] [318] [INFO] Booting worker with pid: 318
[2026-03-16 17:21:33 +0000] [305] [INFO] Started server process [305]
[2026-03-16 17:21:33 +0000] [305] [INFO] Waiting for application startup.
[2026-03-16 17:21:33 +0000] [305] [INFO] Application startup complete.
[2026-03-16 17:21:34 +0000] [308] [INFO] Started server process [308]
[2026-03-16 17:21:34 +0000] [308] [INFO] Waiting for application startup.
[2026-03-16 17:21:34 +0000] [308] [INFO] Application startup complete.
[2026-03-16 17:21:34 +0000] [320] [INFO] Booting worker with pid: 320
[2026-03-16 17:21:34 +0000] [321] [INFO] Booting worker with pid: 321
[2026-03-16 17:21:34 +0000] [322] [INFO] Booting worker with pid: 322
[2026-03-16 17:21:34 +0000] [324] [INFO] Booting worker with pid: 324
[2026-03-16 17:21:34 +0000] [307] [INFO] Started server process [307]
[2026-03-16 17:21:34 +0000] [307] [INFO] Waiting for application startup.
[2026-03-16 17:21:34 +0000] [307] [INFO] Application startup complete.
[2026-03-16 17:21:34 +0000] [325] [INFO] Booting worker with pid: 325
[2026-03-16 17:21:34 +0000] [326] [INFO] Booting worker with pid: 326
[2026-03-16 17:21:34 +0000] [313] [INFO] Started server process [313]
[2026-03-16 17:21:34 +0000] [313] [INFO] Waiting for application startup.
[2026-03-16 17:21:34 +0000] [313] [INFO] Application startup complete.
[2026-03-16 17:21:34 +0000] [328] [INFO] Booting worker with pid: 328
[2026-03-16 17:21:34 +0000] [330] [INFO] Booting worker with pid: 330
[2026-03-16 17:21:34 +0000] [332] [INFO] Booting worker with pid: 332
[2026-03-16 17:21:34 +0000] [309] [INFO] Started server process [309]
[2026-03-16 17:21:34 +0000] [312] [INFO] Started server process [312]
[2026-03-16 17:21:34 +0000] [309] [INFO] Waiting for application startup.
[2026-03-16 17:21:34 +0000] [309] [INFO] Application startup complete.
[2026-03-16 17:21:34 +0000] [312] [INFO] Waiting for application startup.
[2026-03-16 17:21:34 +0000] [312] [INFO] Application startup complete.
[2026-03-16 17:21:34 +0000] [321] [INFO] Started server process [321]
[2026-03-16 17:21:34 +0000] [321] [INFO] Waiting for application startup.
[2026-03-16 17:21:34 +0000] [321] [INFO] Application startup complete.
[2026-03-16 17:21:34 +0000] [337] [INFO] Booting worker with pid: 337
[2026-03-16 17:21:34 +0000] [318] [INFO] Started server process [318]
[2026-03-16 17:21:34 +0000] [318] [INFO] Waiting for application startup.
[2026-03-16 17:21:34 +0000] [318] [INFO] Application startup complete.
[2026-03-16 17:21:34 +0000] [310] [INFO] Started server process [310]
[2026-03-16 17:21:34 +0000] [310] [INFO] Waiting for application startup.
[2026-03-16 17:21:34 +0000] [320] [INFO] Started server process [320]
[2026-03-16 17:21:34 +0000] [310] [INFO] Application startup complete.
[2026-03-16 17:21:34 +0000] [320] [INFO] Waiting for application startup.
[2026-03-16 17:21:34 +0000] [320] [INFO] Application startup complete.
[2026-03-16 17:21:34 +0000] [322] [INFO] Started server process [322]
[2026-03-16 17:21:34 +0000] [322] [INFO] Waiting for application startup.
[2026-03-16 17:21:34 +0000] [322] [INFO] Application startup complete.
[2026-03-16 17:21:34 +0000] [325] [INFO] Started server process [325]
[2026-03-16 17:21:34 +0000] [325] [INFO] Waiting for application startup.
[2026-03-16 17:21:34 +0000] [325] [INFO] Application startup complete.
[2026-03-16 17:21:34 +0000] [341] [INFO] Booting worker with pid: 341
[2026-03-16 17:21:34 +0000] [324] [INFO] Started server process [324]
[2026-03-16 17:21:34 +0000] [324] [INFO] Waiting for application startup.
[2026-03-16 17:21:34 +0000] [324] [INFO] Application startup complete.
[2026-03-16 17:21:34 +0000] [343] [INFO] Booting worker with pid: 343
[2026-03-16 17:21:34 +0000] [315] [INFO] Started server process [315]
[2026-03-16 17:21:34 +0000] [315] [INFO] Waiting for application startup.
[2026-03-16 17:21:34 +0000] [315] [INFO] Application startup complete.
[2026-03-16 17:21:34 +0000] [344] [INFO] Booting worker with pid: 344
[2026-03-16 17:21:34 +0000] [326] [INFO] Started server process [326]
[2026-03-16 17:21:34 +0000] [326] [INFO] Waiting for application startup.
[2026-03-16 17:21:34 +0000] [326] [INFO] Application startup complete.
[2026-03-16 17:21:34 +0000] [328] [INFO] Started server process [328]
[2026-03-16 17:21:34 +0000] [328] [INFO] Waiting for application startup.
[2026-03-16 17:21:34 +0000] [328] [INFO] Application startup complete.
[2026-03-16 17:21:34 +0000] [347] [INFO] Booting worker with pid: 347
[2026-03-16 17:21:34 +0000] [330] [INFO] Started server process [330]
[2026-03-16 17:21:34 +0000] [330] [INFO] Waiting for application startup.
[2026-03-16 17:21:34 +0000] [330] [INFO] Application startup complete.
[2026-03-16 17:21:34 +0000] [349] [INFO] Booting worker with pid: 349
[2026-03-16 17:21:34 +0000] [350] [INFO] Booting worker with pid: 350
[2026-03-16 17:21:34 +0000] [332] [INFO] Started server process [332]
[2026-03-16 17:21:34 +0000] [332] [INFO] Waiting for application startup.
[2026-03-16 17:21:34 +0000] [332] [INFO] Application startup complete.
[2026-03-16 17:21:34 +0000] [353] [INFO] Booting worker with pid: 353
[2026-03-16 17:21:34 +0000] [354] [INFO] Booting worker with pid: 354
[2026-03-16 17:21:34 +0000] [337] [INFO] Started server process [337]
[2026-03-16 17:21:34 +0000] [337] [INFO] Waiting for application startup.
[2026-03-16 17:21:34 +0000] [337] [INFO] Application startup complete.
[2026-03-16 17:21:34 +0000] [341] [INFO] Started server process [341]
[2026-03-16 17:21:34 +0000] [341] [INFO] Waiting for application startup.
[2026-03-16 17:21:34 +0000] [341] [INFO] Application startup complete.
[2026-03-16 17:21:34 +0000] [356] [INFO] Booting worker with pid: 356
[2026-03-16 17:21:35 +0000] [343] [INFO] Started server process [343]
[2026-03-16 17:21:35 +0000] [343] [INFO] Waiting for application startup.
[2026-03-16 17:21:35 +0000] [343] [INFO] Application startup complete.
[2026-03-16 17:21:35 +0000] [358] [INFO] Booting worker with pid: 358
[2026-03-16 17:21:35 +0000] [359] [INFO] Booting worker with pid: 359
[2026-03-16 17:21:35 +0000] [360] [INFO] Booting worker with pid: 360
[2026-03-16 17:21:35 +0000] [361] [INFO] Booting worker with pid: 361
[2026-03-16 17:21:35 +0000] [344] [INFO] Started server process [344]
[2026-03-16 17:21:35 +0000] [344] [INFO] Waiting for application startup.
[2026-03-16 17:21:35 +0000] [344] [INFO] Application startup complete.
[2026-03-16 17:21:35 +0000] [347] [INFO] Started server process [347]
[2026-03-16 17:21:35 +0000] [347] [INFO] Waiting for application startup.
[2026-03-16 17:21:35 +0000] [347] [INFO] Application startup complete.
[2026-03-16 17:21:35 +0000] [364] [INFO] Booting worker with pid: 364
[2026-03-16 17:21:35 +0000] [365] [INFO] Booting worker with pid: 365
[2026-03-16 17:21:35 +0000] [366] [INFO] Booting worker with pid: 366
[2026-03-16 17:21:35 +0000] [369] [INFO] Booting worker with pid: 369
[2026-03-16 17:21:35 +0000] [354] [INFO] Started server process [354]
[2026-03-16 17:21:35 +0000] [354] [INFO] Waiting for application startup.
[2026-03-16 17:21:35 +0000] [354] [INFO] Application startup complete.
[2026-03-16 17:21:35 +0000] [350] [INFO] Started server process [350]
[2026-03-16 17:21:35 +0000] [350] [INFO] Waiting for application startup.
[2026-03-16 17:21:35 +0000] [350] [INFO] Application startup complete.
[2026-03-16 17:21:35 +0000] [349] [INFO] Started server process [349]
[2026-03-16 17:21:35 +0000] [349] [INFO] Waiting for application startup.
[2026-03-16 17:21:35 +0000] [349] [INFO] Application startup complete.
[2026-03-16 17:21:35 +0000] [358] [INFO] Started server process [358]
[2026-03-16 17:21:35 +0000] [358] [INFO] Waiting for application startup.
[2026-03-16 17:21:35 +0000] [358] [INFO] Application startup complete.
[2026-03-16 17:21:35 +0000] [372] [INFO] Booting worker with pid: 372
[2026-03-16 17:21:35 +0000] [353] [INFO] Started server process [353]
[2026-03-16 17:21:35 +0000] [353] [INFO] Waiting for application startup.
[2026-03-16 17:21:35 +0000] [353] [INFO] Application startup complete.
[2026-03-16 17:21:35 +0000] [374] [INFO] Booting worker with pid: 374
[2026-03-16 17:21:35 +0000] [375] [INFO] Booting worker with pid: 375
[2026-03-16 17:21:35 +0000] [361] [INFO] Started server process [361]
[2026-03-16 17:21:35 +0000] [361] [INFO] Waiting for application startup.
[2026-03-16 17:21:35 +0000] [361] [INFO] Application startup complete.
[2026-03-16 17:21:35 +0000] [359] [INFO] Started server process [359]
[2026-03-16 17:21:35 +0000] [359] [INFO] Waiting for application startup.
[2026-03-16 17:21:35 +0000] [359] [INFO] Application startup complete.
[2026-03-16 17:21:35 +0000] [356] [INFO] Started server process [356]
[2026-03-16 17:21:35 +0000] [356] [INFO] Waiting for application startup.
[2026-03-16 17:21:35 +0000] [356] [INFO] Application startup complete.
[2026-03-16 17:21:35 +0000] [379] [INFO] Booting worker with pid: 379
[2026-03-16 17:21:35 +0000] [360] [INFO] Started server process [360]
[2026-03-16 17:21:35 +0000] [360] [INFO] Waiting for application startup.
[2026-03-16 17:21:35 +0000] [360] [INFO] Application startup complete.
[2026-03-16 17:21:35 +0000] [382] [INFO] Booting worker with pid: 382
[2026-03-16 17:21:35 +0000] [365] [INFO] Started server process [365]
[2026-03-16 17:21:35 +0000] [365] [INFO] Waiting for application startup.
[2026-03-16 17:21:35 +0000] [365] [INFO] Application startup complete.
[2026-03-16 17:21:35 +0000] [383] [INFO] Booting worker with pid: 383
[2026-03-16 17:21:35 +0000] [364] [INFO] Started server process [364]
[2026-03-16 17:21:35 +0000] [364] [INFO] Waiting for application startup.
[2026-03-16 17:21:35 +0000] [364] [INFO] Application startup complete.
[2026-03-16 17:21:35 +0000] [369] [INFO] Started server process [369]
[2026-03-16 17:21:35 +0000] [369] [INFO] Waiting for application startup.
[2026-03-16 17:21:35 +0000] [369] [INFO] Application startup complete.
[2026-03-16 17:21:35 +0000] [388] [INFO] Booting worker with pid: 388
[2026-03-16 17:21:35 +0000] [372] [INFO] Started server process [372]
[2026-03-16 17:21:35 +0000] [372] [INFO] Waiting for application startup.
[2026-03-16 17:21:35 +0000] [372] [INFO] Application startup complete.
[2026-03-16 17:21:35 +0000] [389] [INFO] Booting worker with pid: 389
[2026-03-16 17:21:35 +0000] [366] [INFO] Started server process [366]
[2026-03-16 17:21:35 +0000] [366] [INFO] Waiting for application startup.
[2026-03-16 17:21:35 +0000] [366] [INFO] Application startup complete.
[2026-03-16 17:21:35 +0000] [390] [INFO] Booting worker with pid: 390
[2026-03-16 17:21:35 +0000] [391] [INFO] Booting worker with pid: 391
[2026-03-16 17:21:36 +0000] [392] [INFO] Booting worker with pid: 392
[2026-03-16 17:21:36 +0000] [374] [INFO] Started server process [374]
[2026-03-16 17:21:36 +0000] [374] [INFO] Waiting for application startup.
[2026-03-16 17:21:36 +0000] [374] [INFO] Application startup complete.
[2026-03-16 17:21:36 +0000] [394] [INFO] Booting worker with pid: 394
[2026-03-16 17:21:36 +0000] [382] [INFO] Started server process [382]
[2026-03-16 17:21:36 +0000] [382] [INFO] Waiting for application startup.
[2026-03-16 17:21:36 +0000] [382] [INFO] Application startup complete.
[2026-03-16 17:21:36 +0000] [379] [INFO] Started server process [379]
[2026-03-16 17:21:36 +0000] [379] [INFO] Waiting for application startup.
[2026-03-16 17:21:36 +0000] [379] [INFO] Application startup complete.
[2026-03-16 17:21:36 +0000] [399] [INFO] Booting worker with pid: 399
[2026-03-16 17:21:36 +0000] [388] [INFO] Started server process [388]
[2026-03-16 17:21:36 +0000] [388] [INFO] Waiting for application startup.
[2026-03-16 17:21:36 +0000] [388] [INFO] Application startup complete.
[2026-03-16 17:21:36 +0000] [375] [INFO] Started server process [375]
[2026-03-16 17:21:36 +0000] [375] [INFO] Waiting for application startup.
[2026-03-16 17:21:36 +0000] [375] [INFO] Application startup complete.
[2026-03-16 17:21:36 +0000] [400] [INFO] Booting worker with pid: 400
[2026-03-16 17:21:36 +0000] [390] [INFO] Started server process [390]
[2026-03-16 17:21:36 +0000] [390] [INFO] Waiting for application startup.
[2026-03-16 17:21:36 +0000] [390] [INFO] Application startup complete.
[2026-03-16 17:21:36 +0000] [403] [INFO] Booting worker with pid: 403
[2026-03-16 17:21:36 +0000] [389] [INFO] Started server process [389]
[2026-03-16 17:21:36 +0000] [389] [INFO] Waiting for application startup.
[2026-03-16 17:21:36 +0000] [389] [INFO] Application startup complete.
[2026-03-16 17:21:36 +0000] [391] [INFO] Started server process [391]
[2026-03-16 17:21:36 +0000] [391] [INFO] Waiting for application startup.
[2026-03-16 17:21:36 +0000] [391] [INFO] Application startup complete.
[2026-03-16 17:21:36 +0000] [405] [INFO] Booting worker with pid: 405
[2026-03-16 17:21:36 +0000] [406] [INFO] Booting worker with pid: 406
[2026-03-16 17:21:36 +0000] [407] [INFO] Booting worker with pid: 407
[2026-03-16 17:21:36 +0000] [400] [INFO] Started server process [400]
[2026-03-16 17:21:36 +0000] [400] [INFO] Waiting for application startup.
[2026-03-16 17:21:36 +0000] [400] [INFO] Application startup complete.
[2026-03-16 17:21:36 +0000] [412] [INFO] Booting worker with pid: 412
[2026-03-16 17:21:36 +0000] [399] [INFO] Started server process [399]
[2026-03-16 17:21:36 +0000] [399] [INFO] Waiting for application startup.
[2026-03-16 17:21:36 +0000] [394] [INFO] Started server process [394]
[2026-03-16 17:21:36 +0000] [394] [INFO] Waiting for application startup.
[2026-03-16 17:21:36 +0000] [399] [INFO] Application startup complete.
[2026-03-16 17:21:36 +0000] [394] [INFO] Application startup complete.
[2026-03-16 17:21:36 +0000] [392] [INFO] Started server process [392]
[2026-03-16 17:21:36 +0000] [392] [INFO] Waiting for application startup.
[2026-03-16 17:21:36 +0000] [392] [INFO] Application startup complete.
[2026-03-16 17:21:36 +0000] [413] [INFO] Booting worker with pid: 413
[2026-03-16 17:21:36 +0000] [405] [INFO] Started server process [405]
[2026-03-16 17:21:36 +0000] [405] [INFO] Waiting for application startup.
[2026-03-16 17:21:36 +0000] [405] [INFO] Application startup complete.
[2026-03-16 17:21:36 +0000] [383] [INFO] Started server process [383]
[2026-03-16 17:21:36 +0000] [383] [INFO] Waiting for application startup.
[2026-03-16 17:21:36 +0000] [383] [INFO] Application startup complete.
[2026-03-16 17:21:36 +0000] [416] [INFO] Booting worker with pid: 416
[2026-03-16 17:21:36 +0000] [417] [INFO] Booting worker with pid: 417
[2026-03-16 17:21:36 +0000] [418] [INFO] Booting worker with pid: 418
[2026-03-16 17:21:36 +0000] [406] [INFO] Started server process [406]
[2026-03-16 17:21:36 +0000] [406] [INFO] Waiting for application startup.
[2026-03-16 17:21:36 +0000] [406] [INFO] Application startup complete.
[2026-03-16 17:21:36 +0000] [420] [INFO] Booting worker with pid: 420
[2026-03-16 17:21:36 +0000] [403] [INFO] Started server process [403]
[2026-03-16 17:21:36 +0000] [403] [INFO] Waiting for application startup.
[2026-03-16 17:21:36 +0000] [403] [INFO] Application startup complete.
[2026-03-16 17:21:36 +0000] [422] [INFO] Booting worker with pid: 422
[2026-03-16 17:21:36 +0000] [412] [INFO] Started server process [412]
[2026-03-16 17:21:36 +0000] [412] [INFO] Waiting for application startup.
[2026-03-16 17:21:36 +0000] [412] [INFO] Application startup complete.
[2026-03-16 17:21:37 +0000] [407] [INFO] Started server process [407]
[2026-03-16 17:21:37 +0000] [407] [INFO] Waiting for application startup.
[2026-03-16 17:21:37 +0000] [407] [INFO] Application startup complete.
[2026-03-16 17:21:37 +0000] [425] [INFO] Booting worker with pid: 425
[2026-03-16 17:21:37 +0000] [413] [INFO] Started server process [413]
[2026-03-16 17:21:37 +0000] [413] [INFO] Waiting for application startup.
[2026-03-16 17:21:37 +0000] [413] [INFO] Application startup complete.
[2026-03-16 17:21:37 +0000] [416] [INFO] Started server process [416]
[2026-03-16 17:21:37 +0000] [416] [INFO] Waiting for application startup.
[2026-03-16 17:21:37 +0000] [416] [INFO] Application startup complete.
[2026-03-16 17:21:37 +0000] [417] [INFO] Started server process [417]
[2026-03-16 17:21:37 +0000] [417] [INFO] Waiting for application startup.
[2026-03-16 17:21:37 +0000] [417] [INFO] Application startup complete.
[2026-03-16 17:21:37 +0000] [429] [INFO] Booting worker with pid: 429
[2026-03-16 17:21:37 +0000] [418] [INFO] Started server process [418]
[2026-03-16 17:21:37 +0000] [418] [INFO] Waiting for application startup.
[2026-03-16 17:21:37 +0000] [418] [INFO] Application startup complete.
[2026-03-16 17:21:37 +0000] [431] [INFO] Booting worker with pid: 431
[2026-03-16 17:21:37 +0000] [432] [INFO] Booting worker with pid: 432
[2026-03-16 17:21:37 +0000] [433] [INFO] Booting worker with pid: 433
[2026-03-16 17:21:37 +0000] [435] [INFO] Booting worker with pid: 435
[2026-03-16 17:21:37 +0000] [420] [INFO] Started server process [420]
[2026-03-16 17:21:37 +0000] [420] [INFO] Waiting for application startup.
[2026-03-16 17:21:37 +0000] [420] [INFO] Application startup complete.
[2026-03-16 17:21:37 +0000] [422] [INFO] Started server process [422]
[2026-03-16 17:21:37 +0000] [422] [INFO] Waiting for application startup.
[2026-03-16 17:21:37 +0000] [422] [INFO] Application startup complete.
[2026-03-16 17:21:37 +0000] [437] [INFO] Booting worker with pid: 437
[2026-03-16 17:21:37 +0000] [425] [INFO] Started server process [425]
[2026-03-16 17:21:37 +0000] [425] [INFO] Waiting for application startup.
[2026-03-16 17:21:37 +0000] [425] [INFO] Application startup complete.
[2026-03-16 17:21:37 +0000] [429] [INFO] Started server process [429]
[2026-03-16 17:21:37 +0000] [429] [INFO] Waiting for application startup.
[2026-03-16 17:21:37 +0000] [429] [INFO] Application startup complete.
[2026-03-16 17:21:37 +0000] [440] [INFO] Booting worker with pid: 440
[2026-03-16 17:21:37 +0000] [441] [INFO] Booting worker with pid: 441
[2026-03-16 17:21:37 +0000] [431] [INFO] Started server process [431]
[2026-03-16 17:21:37 +0000] [431] [INFO] Waiting for application startup.
[2026-03-16 17:21:37 +0000] [431] [INFO] Application startup complete.
[2026-03-16 17:21:37 +0000] [443] [INFO] Booting worker with pid: 443
[2026-03-16 17:21:37 +0000] [446] [INFO] Booting worker with pid: 446
[2026-03-16 17:21:37 +0000] [432] [INFO] Started server process [432]
[2026-03-16 17:21:37 +0000] [432] [INFO] Waiting for application startup.
[2026-03-16 17:21:37 +0000] [432] [INFO] Application startup complete.
[2026-03-16 17:21:37 +0000] [433] [INFO] Started server process [433]
[2026-03-16 17:21:37 +0000] [433] [INFO] Waiting for application startup.
[2026-03-16 17:21:37 +0000] [433] [INFO] Application startup complete.
[2026-03-16 17:21:37 +0000] [435] [INFO] Started server process [435]
[2026-03-16 17:21:37 +0000] [435] [INFO] Waiting for application startup.
[2026-03-16 17:21:37 +0000] [435] [INFO] Application startup complete.
[2026-03-16 17:21:37 +0000] [448] [INFO] Booting worker with pid: 448
[2026-03-16 17:21:37 +0000] [449] [INFO] Booting worker with pid: 449
[2026-03-16 17:21:37 +0000] [437] [INFO] Started server process [437]
[2026-03-16 17:21:37 +0000] [437] [INFO] Waiting for application startup.
[2026-03-16 17:21:37 +0000] [437] [INFO] Application startup complete.
[2026-03-16 17:21:37 +0000] [452] [INFO] Booting worker with pid: 452
[2026-03-16 17:21:37 +0000] [440] [INFO] Started server process [440]
[2026-03-16 17:21:37 +0000] [440] [INFO] Waiting for application startup.
[2026-03-16 17:21:37 +0000] [440] [INFO] Application startup complete.
[2026-03-16 17:21:38 +0000] [441] [INFO] Started server process [441]
[2026-03-16 17:21:38 +0000] [441] [INFO] Waiting for application startup.
[2026-03-16 17:21:38 +0000] [441] [INFO] Application startup complete.
[2026-03-16 17:21:38 +0000] [443] [INFO] Started server process [443]
[2026-03-16 17:21:38 +0000] [443] [INFO] Waiting for application startup.
[2026-03-16 17:21:38 +0000] [443] [INFO] Application startup complete.
[2026-03-16 17:21:38 +0000] [455] [INFO] Booting worker with pid: 455
[2026-03-16 17:21:38 +0000] [456] [INFO] Booting worker with pid: 456
[2026-03-16 17:21:38 +0000] [458] [INFO] Booting worker with pid: 458
[2026-03-16 17:21:38 +0000] [448] [INFO] Started server process [448]
[2026-03-16 17:21:38 +0000] [448] [INFO] Waiting for application startup.
[2026-03-16 17:21:38 +0000] [448] [INFO] Application startup complete.
[2026-03-16 17:21:38 +0000] [449] [INFO] Started server process [449]
[2026-03-16 17:21:38 +0000] [449] [INFO] Waiting for application startup.
[2026-03-16 17:21:38 +0000] [449] [INFO] Application startup complete.
[2026-03-16 17:21:38 +0000] [446] [INFO] Started server process [446]
[2026-03-16 17:21:38 +0000] [446] [INFO] Waiting for application startup.
[2026-03-16 17:21:38 +0000] [446] [INFO] Application startup complete.
[2026-03-16 17:21:38 +0000] [461] [INFO] Booting worker with pid: 461
[2026-03-16 17:21:38 +0000] [452] [INFO] Started server process [452]
[2026-03-16 17:21:38 +0000] [452] [INFO] Waiting for application startup.
[2026-03-16 17:21:38 +0000] [452] [INFO] Application startup complete.
[2026-03-16 17:21:38 +0000] [463] [INFO] Booting worker with pid: 463
[2026-03-16 17:21:38 +0000] [456] [INFO] Started server process [456]
[2026-03-16 17:21:38 +0000] [456] [INFO] Waiting for application startup.
[2026-03-16 17:21:38 +0000] [456] [INFO] Application startup complete.
[2026-03-16 17:21:38 +0000] [455] [INFO] Started server process [455]
[2026-03-16 17:21:38 +0000] [455] [INFO] Waiting for application startup.
[2026-03-16 17:21:38 +0000] [455] [INFO] Application startup complete.
[2026-03-16 17:21:38 +0000] [466] [INFO] Booting worker with pid: 466
[2026-03-16 17:21:38 +0000] [458] [INFO] Started server process [458]
[2026-03-16 17:21:38 +0000] [458] [INFO] Waiting for application startup.
[2026-03-16 17:21:38 +0000] [458] [INFO] Application startup complete.
[2026-03-16 17:21:38 +0000] [468] [INFO] Booting worker with pid: 468
[2026-03-16 17:21:38 +0000] [461] [INFO] Started server process [461]
[2026-03-16 17:21:38 +0000] [461] [INFO] Waiting for application startup.
[2026-03-16 17:21:38 +0000] [461] [INFO] Application startup complete.
[2026-03-16 17:21:38 +0000] [470] [INFO] Booting worker with pid: 470
[2026-03-16 17:21:38 +0000] [463] [INFO] Started server process [463]
[2026-03-16 17:21:38 +0000] [463] [INFO] Waiting for application startup.
[2026-03-16 17:21:38 +0000] [463] [INFO] Application startup complete.
[2026-03-16 17:21:38 +0000] [472] [INFO] Booting worker with pid: 472
[2026-03-16 17:21:38 +0000] [473] [INFO] Booting worker with pid: 473
[2026-03-16 17:21:38 +0000] [466] [INFO] Started server process [466]
[2026-03-16 17:21:38 +0000] [466] [INFO] Waiting for application startup.
[2026-03-16 17:21:38 +0000] [466] [INFO] Application startup complete.
[2026-03-16 17:21:38 +0000] [475] [INFO] Booting worker with pid: 475
[2026-03-16 17:21:38 +0000] [468] [INFO] Started server process [468]
[2026-03-16 17:21:38 +0000] [468] [INFO] Waiting for application startup.
[2026-03-16 17:21:38 +0000] [468] [INFO] Application startup complete.
[2026-03-16 17:21:38 +0000] [477] [INFO] Booting worker with pid: 477
[2026-03-16 17:21:38 +0000] [479] [INFO] Booting worker with pid: 479
[2026-03-16 17:21:38 +0000] [470] [INFO] Started server process [470]
[2026-03-16 17:21:38 +0000] [470] [INFO] Waiting for application startup.
[2026-03-16 17:21:38 +0000] [470] [INFO] Application startup complete.
[2026-03-16 17:21:38 +0000] [472] [INFO] Started server process [472]
[2026-03-16 17:21:38 +0000] [472] [INFO] Waiting for application startup.
[2026-03-16 17:21:38 +0000] [472] [INFO] Application startup complete.
[2026-03-16 17:21:38 +0000] [473] [INFO] Started server process [473]
[2026-03-16 17:21:38 +0000] [473] [INFO] Waiting for application startup.
[2026-03-16 17:21:38 +0000] [473] [INFO] Application startup complete.
[2026-03-16 17:21:38 +0000] [482] [INFO] Booting worker with pid: 482
[2026-03-16 17:21:38 +0000] [483] [INFO] Booting worker with pid: 483
[2026-03-16 17:21:38 +0000] [475] [INFO] Started server process [475]
[2026-03-16 17:21:38 +0000] [475] [INFO] Waiting for application startup.
[2026-03-16 17:21:38 +0000] [475] [INFO] Application startup complete.
[2026-03-16 17:21:39 +0000] [485] [INFO] Booting worker with pid: 485
[2026-03-16 17:21:39 +0000] [487] [INFO] Booting worker with pid: 487
[2026-03-16 17:21:39 +0000] [477] [INFO] Started server process [477]
[2026-03-16 17:21:39 +0000] [477] [INFO] Waiting for application startup.
[2026-03-16 17:21:39 +0000] [477] [INFO] Application startup complete.
[2026-03-16 17:21:39 +0000] [479] [INFO] Started server process [479]
[2026-03-16 17:21:39 +0000] [479] [INFO] Waiting for application startup.
[2026-03-16 17:21:39 +0000] [479] [INFO] Application startup complete.
[2026-03-16 17:21:39 +0000] [489] [INFO] Booting worker with pid: 489
[2026-03-16 17:21:39 +0000] [490] [INFO] Booting worker with pid: 490
[2026-03-16 17:21:39 +0000] [482] [INFO] Started server process [482]
[2026-03-16 17:21:39 +0000] [482] [INFO] Waiting for application startup.
[2026-03-16 17:21:39 +0000] [482] [INFO] Application startup complete.
[2026-03-16 17:21:39 +0000] [483] [INFO] Started server process [483]
[2026-03-16 17:21:39 +0000] [483] [INFO] Waiting for application startup.
[2026-03-16 17:21:39 +0000] [483] [INFO] Application startup complete.
[2026-03-16 17:21:39 +0000] [493] [INFO] Booting worker with pid: 493
[2026-03-16 17:21:39 +0000] [485] [INFO] Started server process [485]
[2026-03-16 17:21:39 +0000] [485] [INFO] Waiting for application startup.
[2026-03-16 17:21:39 +0000] [485] [INFO] Application startup complete.
[2026-03-16 17:21:39 +0000] [487] [INFO] Started server process [487]
[2026-03-16 17:21:39 +0000] [487] [INFO] Waiting for application startup.
[2026-03-16 17:21:39 +0000] [487] [INFO] Application startup complete.
[2026-03-16 17:21:39 +0000] [496] [INFO] Booting worker with pid: 496
[2026-03-16 17:21:39 +0000] [489] [INFO] Started server process [489]
[2026-03-16 17:21:39 +0000] [489] [INFO] Waiting for application startup.
[2026-03-16 17:21:39 +0000] [489] [INFO] Application startup complete.
[2026-03-16 17:21:39 +0000] [490] [INFO] Started server process [490]
[2026-03-16 17:21:39 +0000] [490] [INFO] Waiting for application startup.
[2026-03-16 17:21:39 +0000] [490] [INFO] Application startup complete.
[2026-03-16 17:21:39 +0000] [499] [INFO] Booting worker with pid: 499
[2026-03-16 17:21:39 +0000] [500] [INFO] Booting worker with pid: 500
[2026-03-16 17:21:39 +0000] [493] [INFO] Started server process [493]
[2026-03-16 17:21:39 +0000] [493] [INFO] Waiting for application startup.
[2026-03-16 17:21:39 +0000] [493] [INFO] Application startup complete.
[2026-03-16 17:21:39 +0000] [502] [INFO] Booting worker with pid: 502
[2026-03-16 17:21:39 +0000] [504] [INFO] Booting worker with pid: 504
[2026-03-16 17:21:39 +0000] [496] [INFO] Started server process [496]
[2026-03-16 17:21:39 +0000] [496] [INFO] Waiting for application startup.
[2026-03-16 17:21:39 +0000] [496] [INFO] Application startup complete.
[2026-03-16 17:21:39 +0000] [505] [INFO] Booting worker with pid: 505
[2026-03-16 17:21:39 +0000] [506] [INFO] Booting worker with pid: 506
[2026-03-16 17:21:39 +0000] [507] [INFO] Booting worker with pid: 507
[2026-03-16 17:21:39 +0000] [499] [INFO] Started server process [499]
[2026-03-16 17:21:39 +0000] [499] [INFO] Waiting for application startup.
[2026-03-16 17:21:39 +0000] [499] [INFO] Application startup complete.
[2026-03-16 17:21:39 +0000] [500] [INFO] Started server process [500]
[2026-03-16 17:21:39 +0000] [500] [INFO] Waiting for application startup.
[2026-03-16 17:21:39 +0000] [500] [INFO] Application startup complete.
[2026-03-16 17:21:39 +0000] [511] [INFO] Booting worker with pid: 511
[2026-03-16 17:21:39 +0000] [502] [INFO] Started server process [502]
[2026-03-16 17:21:39 +0000] [502] [INFO] Waiting for application startup.
[2026-03-16 17:21:39 +0000] [502] [INFO] Application startup complete.
[2026-03-16 17:21:39 +0000] [512] [INFO] Booting worker with pid: 512
[2026-03-16 17:21:39 +0000] [504] [INFO] Started server process [504]
[2026-03-16 17:21:39 +0000] [504] [INFO] Waiting for application startup.
[2026-03-16 17:21:39 +0000] [504] [INFO] Application startup complete.
[2026-03-16 17:21:39 +0000] [505] [INFO] Started server process [505]
[2026-03-16 17:21:39 +0000] [505] [INFO] Waiting for application startup.
[2026-03-16 17:21:39 +0000] [505] [INFO] Application startup complete.
[2026-03-16 17:21:39 +0000] [506] [INFO] Started server process [506]
[2026-03-16 17:21:39 +0000] [506] [INFO] Waiting for application startup.
[2026-03-16 17:21:39 +0000] [506] [INFO] Application startup complete.
[2026-03-16 17:21:39 +0000] [507] [INFO] Started server process [507]
[2026-03-16 17:21:39 +0000] [507] [INFO] Waiting for application startup.
[2026-03-16 17:21:39 +0000] [507] [INFO] Application startup complete.
[2026-03-16 17:21:39 +0000] [511] [INFO] Started server process [511]
[2026-03-16 17:21:39 +0000] [511] [INFO] Waiting for application startup.
[2026-03-16 17:21:39 +0000] [511] [INFO] Application startup complete.
[2026-03-16 17:21:40 +0000] [512] [INFO] Started server process [512]
[2026-03-16 17:21:40 +0000] [512] [INFO] Waiting for application startup.
[2026-03-16 17:21:40 +0000] [512] [INFO] Application startup complete.
