[1] Puma starting in cluster mode...
[1] * Puma version: 6.6.1 ("Return to Forever")
[1] * Ruby version: ruby 3.4.9 (2026-03-11 revision 76cca827ab) +PRISM [x86_64-linux]
[1] *  Min threads: 4
[1] *  Max threads: 4
[1] *  Environment: development
[1] *   Master PID: 1
[1] *      Workers: 128
[1] *     Restarts: (✔) hot (✖) phased (✖) refork
[1] * Preloading application
[1] * Listening on http://0.0.0.0:8080
[1] Use Ctrl-C to stop
[1] - Worker 0 (PID: 8) booted in 0.2s, phase: 0
[1] - Worker 1 (PID: 12) booted in 0.2s, phase: 0
[1] - Worker 2 (PID: 20) booted in 0.2s, phase: 0
[1] - Worker 3 (PID: 28) booted in 0.2s, phase: 0
[1] - Worker 4 (PID: 38) booted in 0.19s, phase: 0
[1] - Worker 5 (PID: 52) booted in 0.19s, phase: 0
[1] - Worker 6 (PID: 64) booted in 0.19s, phase: 0
[1] - Worker 7 (PID: 77) booted in 0.19s, phase: 0
[1] - Worker 8 (PID: 87) booted in 0.19s, phase: 0
[1] - Worker 9 (PID: 100) booted in 0.19s, phase: 0
[1] - Worker 10 (PID: 112) booted in 0.19s, phase: 0
[1] - Worker 11 (PID: 124) booted in 0.19s, phase: 0
[1] - Worker 12 (PID: 137) booted in 0.19s, phase: 0
[1] - Worker 13 (PID: 147) booted in 0.18s, phase: 0
[1] - Worker 14 (PID: 160) booted in 0.18s, phase: 0
[1] - Worker 15 (PID: 172) booted in 0.18s, phase: 0
[1] - Worker 16 (PID: 184) booted in 0.18s, phase: 0
[1] - Worker 17 (PID: 196) booted in 0.18s, phase: 0
[1] - Worker 18 (PID: 208) booted in 0.18s, phase: 0
[1] - Worker 19 (PID: 220) booted in 0.18s, phase: 0
[1] - Worker 20 (PID: 232) booted in 0.18s, phase: 0
[1] - Worker 21 (PID: 243) booted in 0.18s, phase: 0
[1] - Worker 22 (PID: 256) booted in 0.17s, phase: 0
[1] - Worker 23 (PID: 268) booted in 0.17s, phase: 0
[1] - Worker 24 (PID: 280) booted in 0.17s, phase: 0
[1] - Worker 25 (PID: 292) booted in 0.17s, phase: 0
[1] - Worker 26 (PID: 304) booted in 0.17s, phase: 0
[1] - Worker 27 (PID: 316) booted in 0.17s, phase: 0
[1] - Worker 28 (PID: 328) booted in 0.17s, phase: 0
[1] - Worker 29 (PID: 340) booted in 0.17s, phase: 0
[1] - Worker 30 (PID: 352) booted in 0.16s, phase: 0
[1] - Worker 31 (PID: 364) booted in 0.16s, phase: 0
[1] - Worker 32 (PID: 377) booted in 0.16s, phase: 0
[1] - Worker 33 (PID: 388) booted in 0.16s, phase: 0
[1] - Worker 34 (PID: 400) booted in 0.16s, phase: 0
[1] - Worker 35 (PID: 412) booted in 0.16s, phase: 0
[1] - Worker 36 (PID: 424) booted in 0.16s, phase: 0
[1] - Worker 37 (PID: 436) booted in 0.16s, phase: 0
[1] - Worker 38 (PID: 448) booted in 0.16s, phase: 0
[1] - Worker 39 (PID: 460) booted in 0.15s, phase: 0
[1] - Worker 40 (PID: 473) booted in 0.15s, phase: 0
[1] - Worker 41 (PID: 484) booted in 0.15s, phase: 0
[1] - Worker 42 (PID: 496) booted in 0.15s, phase: 0
[1] - Worker 43 (PID: 508) booted in 0.15s, phase: 0
[1] - Worker 44 (PID: 520) booted in 0.15s, phase: 0
[1] - Worker 45 (PID: 532) booted in 0.15s, phase: 0
[1] - Worker 46 (PID: 544) booted in 0.15s, phase: 0
[1] - Worker 47 (PID: 556) booted in 0.14s, phase: 0
[1] - Worker 48 (PID: 568) booted in 0.14s, phase: 0
[1] - Worker 49 (PID: 580) booted in 0.14s, phase: 0
[1] - Worker 50 (PID: 592) booted in 0.14s, phase: 0
[1] - Worker 51 (PID: 604) booted in 0.14s, phase: 0
[1] - Worker 52 (PID: 616) booted in 0.14s, phase: 0
[1] - Worker 53 (PID: 628) booted in 0.14s, phase: 0
[1] - Worker 54 (PID: 640) booted in 0.14s, phase: 0
[1] - Worker 55 (PID: 652) booted in 0.14s, phase: 0
[1] - Worker 56 (PID: 664) booted in 0.13s, phase: 0
[1] - Worker 57 (PID: 676) booted in 0.13s, phase: 0
[1] - Worker 58 (PID: 688) booted in 0.13s, phase: 0
[1] - Worker 59 (PID: 700) booted in 0.13s, phase: 0
[1] - Worker 60 (PID: 713) booted in 0.13s, phase: 0
[1] - Worker 61 (PID: 724) booted in 0.13s, phase: 0
[1] - Worker 62 (PID: 736) booted in 0.13s, phase: 0
[1] - Worker 63 (PID: 750) booted in 0.13s, phase: 0
[1] - Worker 64 (PID: 760) booted in 0.13s, phase: 0
[1] - Worker 65 (PID: 772) booted in 0.12s, phase: 0
[1] - Worker 66 (PID: 784) booted in 0.12s, phase: 0
[1] - Worker 67 (PID: 796) booted in 0.12s, phase: 0
[1] - Worker 68 (PID: 808) booted in 0.12s, phase: 0
[1] - Worker 69 (PID: 818) booted in 0.12s, phase: 0
[1] - Worker 70 (PID: 832) booted in 0.12s, phase: 0
[1] - Worker 71 (PID: 845) booted in 0.12s, phase: 0
[1] - Worker 72 (PID: 857) booted in 0.12s, phase: 0
[1] - Worker 73 (PID: 867) booted in 0.11s, phase: 0
[1] - Worker 74 (PID: 881) booted in 0.11s, phase: 0
[1] - Worker 75 (PID: 892) booted in 0.11s, phase: 0
[1] - Worker 76 (PID: 904) booted in 0.11s, phase: 0
[1] - Worker 77 (PID: 916) booted in 0.11s, phase: 0
[1] - Worker 78 (PID: 929) booted in 0.11s, phase: 0
[1] - Worker 79 (PID: 941) booted in 0.11s, phase: 0
[1] - Worker 80 (PID: 951) booted in 0.11s, phase: 0
[1] - Worker 81 (PID: 968) booted in 0.1s, phase: 0
[1] - Worker 82 (PID: 976) booted in 0.1s, phase: 0
[1] - Worker 83 (PID: 988) booted in 0.1s, phase: 0
[1] - Worker 84 (PID: 1001) booted in 0.1s, phase: 0
[1] - Worker 85 (PID: 1012) booted in 0.1s, phase: 0
[1] - Worker 86 (PID: 1028) booted in 0.1s, phase: 0
[1] - Worker 87 (PID: 1036) booted in 0.1s, phase: 0
[1] - Worker 88 (PID: 1049) booted in 0.1s, phase: 0
[1] - Worker 89 (PID: 1060) booted in 0.1s, phase: 0
[1] - Worker 90 (PID: 1072) booted in 0.09s, phase: 0
[1] - Worker 91 (PID: 1084) booted in 0.09s, phase: 0
[1] - Worker 92 (PID: 1100) booted in 0.09s, phase: 0
[1] - Worker 93 (PID: 1108) booted in 0.09s, phase: 0
[1] - Worker 94 (PID: 1123) booted in 0.09s, phase: 0
[1] - Worker 95 (PID: 1132) booted in 0.09s, phase: 0
[1] - Worker 96 (PID: 1144) booted in 0.09s, phase: 0
[1] - Worker 97 (PID: 1156) booted in 0.09s, phase: 0
[1] - Worker 98 (PID: 1169) booted in 0.08s, phase: 0
[1] - Worker 99 (PID: 1180) booted in 0.08s, phase: 0
[1] - Worker 100 (PID: 1194) booted in 0.08s, phase: 0
[1] - Worker 101 (PID: 1204) booted in 0.08s, phase: 0
[1] - Worker 102 (PID: 1217) booted in 0.08s, phase: 0
[1] - Worker 103 (PID: 1229) booted in 0.08s, phase: 0
[1] - Worker 104 (PID: 1242) booted in 0.08s, phase: 0
[1] - Worker 105 (PID: 1252) booted in 0.08s, phase: 0
[1] - Worker 106 (PID: 1272) booted in 0.07s, phase: 0
[1] - Worker 107 (PID: 1281) booted in 0.07s, phase: 0
[1] - Worker 108 (PID: 1292) booted in 0.07s, phase: 0
[1] - Worker 109 (PID: 1304) booted in 0.07s, phase: 0
[1] - Worker 110 (PID: 1314) booted in 0.07s, phase: 0
[1] - Worker 111 (PID: 1328) booted in 0.07s, phase: 0
[1] - Worker 112 (PID: 1336) booted in 0.07s, phase: 0
[1] - Worker 113 (PID: 1349) booted in 0.06s, phase: 0
[1] - Worker 114 (PID: 1360) booted in 0.06s, phase: 0
[1] - Worker 115 (PID: 1373) booted in 0.06s, phase: 0
[1] - Worker 116 (PID: 1384) booted in 0.06s, phase: 0
[1] - Worker 117 (PID: 1400) booted in 0.06s, phase: 0
[1] - Worker 118 (PID: 1407) booted in 0.06s, phase: 0
[1] - Worker 119 (PID: 1421) booted in 0.06s, phase: 0
[1] - Worker 120 (PID: 1432) booted in 0.06s, phase: 0
[1] - Worker 121 (PID: 1446) booted in 0.06s, phase: 0
[1] - Worker 122 (PID: 1456) booted in 0.05s, phase: 0
[1] - Worker 123 (PID: 1468) booted in 0.05s, phase: 0
[1] - Worker 124 (PID: 1481) booted in 0.05s, phase: 0
[1] - Worker 125 (PID: 1496) booted in 0.05s, phase: 0
[1] - Worker 126 (PID: 1504) booted in 0.05s, phase: 0
[1] - Worker 127 (PID: 1516) booted in 0.05s, phase: 0
