[2026-03-24 15:28:33 +0000] [1] [INFO] Starting gunicorn 23.0.0
[2026-03-24 15:28:33 +0000] [1] [INFO] Listening at: http://0.0.0.0:8080 (1)
[2026-03-24 15:28:33 +0000] [1] [INFO] Using worker: uvicorn.workers.UvicornWorker
[2026-03-24 15:28:33 +0000] [7] [INFO] Booting worker with pid: 7
[2026-03-24 15:28:33 +0000] [8] [INFO] Booting worker with pid: 8
[2026-03-24 15:28:33 +0000] [9] [INFO] Booting worker with pid: 9
[2026-03-24 15:28:33 +0000] [10] [INFO] Booting worker with pid: 10
[2026-03-24 15:28:33 +0000] [7] [INFO] Started server process [7]
[2026-03-24 15:28:33 +0000] [7] [INFO] Waiting for application startup.
[2026-03-24 15:28:33 +0000] [7] [INFO] Application startup complete.
[2026-03-24 15:28:33 +0000] [12] [INFO] Booting worker with pid: 12
[2026-03-24 15:28:33 +0000] [13] [INFO] Booting worker with pid: 13
[2026-03-24 15:28:34 +0000] [14] [INFO] Booting worker with pid: 14
[2026-03-24 15:28:34 +0000] [16] [INFO] Booting worker with pid: 16
[2026-03-24 15:28:34 +0000] [8] [INFO] Started server process [8]
[2026-03-24 15:28:34 +0000] [8] [INFO] Waiting for application startup.
[2026-03-24 15:28:34 +0000] [8] [INFO] Application startup complete.
[2026-03-24 15:28:34 +0000] [17] [INFO] Booting worker with pid: 17
[2026-03-24 15:28:34 +0000] [9] [INFO] Started server process [9]
[2026-03-24 15:28:34 +0000] [9] [INFO] Waiting for application startup.
[2026-03-24 15:28:34 +0000] [9] [INFO] Application startup complete.
[2026-03-24 15:28:34 +0000] [19] [INFO] Booting worker with pid: 19
[2026-03-24 15:28:34 +0000] [20] [INFO] Booting worker with pid: 20
[2026-03-24 15:28:34 +0000] [10] [INFO] Started server process [10]
[2026-03-24 15:28:34 +0000] [10] [INFO] Waiting for application startup.
[2026-03-24 15:28:34 +0000] [10] [INFO] Application startup complete.
[2026-03-24 15:28:34 +0000] [22] [INFO] Booting worker with pid: 22
[2026-03-24 15:28:34 +0000] [12] [INFO] Started server process [12]
[2026-03-24 15:28:34 +0000] [12] [INFO] Waiting for application startup.
[2026-03-24 15:28:34 +0000] [12] [INFO] Application startup complete.
[2026-03-24 15:28:34 +0000] [13] [INFO] Started server process [13]
[2026-03-24 15:28:34 +0000] [13] [INFO] Waiting for application startup.
[2026-03-24 15:28:34 +0000] [13] [INFO] Application startup complete.
[2026-03-24 15:28:34 +0000] [25] [INFO] Booting worker with pid: 25
[2026-03-24 15:28:34 +0000] [14] [INFO] Started server process [14]
[2026-03-24 15:28:34 +0000] [14] [INFO] Waiting for application startup.
[2026-03-24 15:28:34 +0000] [14] [INFO] Application startup complete.
[2026-03-24 15:28:34 +0000] [16] [INFO] Started server process [16]
[2026-03-24 15:28:34 +0000] [16] [INFO] Waiting for application startup.
[2026-03-24 15:28:34 +0000] [16] [INFO] Application startup complete.
[2026-03-24 15:28:34 +0000] [17] [INFO] Started server process [17]
[2026-03-24 15:28:34 +0000] [17] [INFO] Waiting for application startup.
[2026-03-24 15:28:34 +0000] [17] [INFO] Application startup complete.
[2026-03-24 15:28:34 +0000] [30] [INFO] Booting worker with pid: 30
[2026-03-24 15:28:34 +0000] [19] [INFO] Started server process [19]
[2026-03-24 15:28:34 +0000] [19] [INFO] Waiting for application startup.
[2026-03-24 15:28:34 +0000] [19] [INFO] Application startup complete.
[2026-03-24 15:28:34 +0000] [20] [INFO] Started server process [20]
[2026-03-24 15:28:34 +0000] [20] [INFO] Waiting for application startup.
[2026-03-24 15:28:34 +0000] [20] [INFO] Application startup complete.
[2026-03-24 15:28:34 +0000] [32] [INFO] Booting worker with pid: 32
[2026-03-24 15:28:34 +0000] [22] [INFO] Started server process [22]
[2026-03-24 15:28:34 +0000] [22] [INFO] Waiting for application startup.
[2026-03-24 15:28:34 +0000] [22] [INFO] Application startup complete.
[2026-03-24 15:28:34 +0000] [34] [INFO] Booting worker with pid: 34
[2026-03-24 15:28:34 +0000] [25] [INFO] Started server process [25]
[2026-03-24 15:28:34 +0000] [25] [INFO] Waiting for application startup.
[2026-03-24 15:28:34 +0000] [25] [INFO] Application startup complete.
[2026-03-24 15:28:34 +0000] [36] [INFO] Booting worker with pid: 36
[2026-03-24 15:28:34 +0000] [30] [INFO] Started server process [30]
[2026-03-24 15:28:34 +0000] [30] [INFO] Waiting for application startup.
[2026-03-24 15:28:34 +0000] [30] [INFO] Application startup complete.
[2026-03-24 15:28:34 +0000] [38] [INFO] Booting worker with pid: 38
[2026-03-24 15:28:34 +0000] [32] [INFO] Started server process [32]
[2026-03-24 15:28:34 +0000] [32] [INFO] Waiting for application startup.
[2026-03-24 15:28:34 +0000] [32] [INFO] Application startup complete.
[2026-03-24 15:28:34 +0000] [40] [INFO] Booting worker with pid: 40
[2026-03-24 15:28:34 +0000] [41] [INFO] Booting worker with pid: 41
[2026-03-24 15:28:34 +0000] [43] [INFO] Booting worker with pid: 43
[2026-03-24 15:28:34 +0000] [34] [INFO] Started server process [34]
[2026-03-24 15:28:34 +0000] [34] [INFO] Waiting for application startup.
[2026-03-24 15:28:34 +0000] [34] [INFO] Application startup complete.
[2026-03-24 15:28:34 +0000] [45] [INFO] Booting worker with pid: 45
[2026-03-24 15:28:34 +0000] [36] [INFO] Started server process [36]
[2026-03-24 15:28:34 +0000] [36] [INFO] Waiting for application startup.
[2026-03-24 15:28:34 +0000] [36] [INFO] Application startup complete.
[2026-03-24 15:28:34 +0000] [46] [INFO] Booting worker with pid: 46
[2026-03-24 15:28:34 +0000] [47] [INFO] Booting worker with pid: 47
[2026-03-24 15:28:34 +0000] [38] [INFO] Started server process [38]
[2026-03-24 15:28:34 +0000] [38] [INFO] Waiting for application startup.
[2026-03-24 15:28:34 +0000] [38] [INFO] Application startup complete.
[2026-03-24 15:28:34 +0000] [40] [INFO] Started server process [40]
[2026-03-24 15:28:34 +0000] [40] [INFO] Waiting for application startup.
[2026-03-24 15:28:34 +0000] [40] [INFO] Application startup complete.
[2026-03-24 15:28:34 +0000] [50] [INFO] Booting worker with pid: 50
[2026-03-24 15:28:35 +0000] [41] [INFO] Started server process [41]
[2026-03-24 15:28:35 +0000] [41] [INFO] Waiting for application startup.
[2026-03-24 15:28:35 +0000] [41] [INFO] Application startup complete.
[2026-03-24 15:28:35 +0000] [43] [INFO] Started server process [43]
[2026-03-24 15:28:35 +0000] [43] [INFO] Waiting for application startup.
[2026-03-24 15:28:35 +0000] [43] [INFO] Application startup complete.
[2026-03-24 15:28:35 +0000] [53] [INFO] Booting worker with pid: 53
[2026-03-24 15:28:35 +0000] [55] [INFO] Booting worker with pid: 55
[2026-03-24 15:28:35 +0000] [45] [INFO] Started server process [45]
[2026-03-24 15:28:35 +0000] [45] [INFO] Waiting for application startup.
[2026-03-24 15:28:35 +0000] [45] [INFO] Application startup complete.
[2026-03-24 15:28:35 +0000] [46] [INFO] Started server process [46]
[2026-03-24 15:28:35 +0000] [46] [INFO] Waiting for application startup.
[2026-03-24 15:28:35 +0000] [46] [INFO] Application startup complete.
[2026-03-24 15:28:35 +0000] [47] [INFO] Started server process [47]
[2026-03-24 15:28:35 +0000] [47] [INFO] Waiting for application startup.
[2026-03-24 15:28:35 +0000] [47] [INFO] Application startup complete.
[2026-03-24 15:28:35 +0000] [58] [INFO] Booting worker with pid: 58
[2026-03-24 15:28:35 +0000] [59] [INFO] Booting worker with pid: 59
[2026-03-24 15:28:35 +0000] [50] [INFO] Started server process [50]
[2026-03-24 15:28:35 +0000] [50] [INFO] Waiting for application startup.
[2026-03-24 15:28:35 +0000] [50] [INFO] Application startup complete.
[2026-03-24 15:28:35 +0000] [53] [INFO] Started server process [53]
[2026-03-24 15:28:35 +0000] [53] [INFO] Waiting for application startup.
[2026-03-24 15:28:35 +0000] [53] [INFO] Application startup complete.
[2026-03-24 15:28:35 +0000] [62] [INFO] Booting worker with pid: 62
[2026-03-24 15:28:35 +0000] [63] [INFO] Booting worker with pid: 63
[2026-03-24 15:28:35 +0000] [64] [INFO] Booting worker with pid: 64
[2026-03-24 15:28:35 +0000] [65] [INFO] Booting worker with pid: 65
[2026-03-24 15:28:35 +0000] [55] [INFO] Started server process [55]
[2026-03-24 15:28:35 +0000] [55] [INFO] Waiting for application startup.
[2026-03-24 15:28:35 +0000] [55] [INFO] Application startup complete.
[2026-03-24 15:28:35 +0000] [67] [INFO] Booting worker with pid: 67
[2026-03-24 15:28:35 +0000] [58] [INFO] Started server process [58]
[2026-03-24 15:28:35 +0000] [58] [INFO] Waiting for application startup.
[2026-03-24 15:28:35 +0000] [58] [INFO] Application startup complete.
[2026-03-24 15:28:35 +0000] [69] [INFO] Booting worker with pid: 69
[2026-03-24 15:28:35 +0000] [59] [INFO] Started server process [59]
[2026-03-24 15:28:35 +0000] [59] [INFO] Waiting for application startup.
[2026-03-24 15:28:35 +0000] [59] [INFO] Application startup complete.
[2026-03-24 15:28:35 +0000] [71] [INFO] Booting worker with pid: 71
[2026-03-24 15:28:35 +0000] [72] [INFO] Booting worker with pid: 72
[2026-03-24 15:28:35 +0000] [62] [INFO] Started server process [62]
[2026-03-24 15:28:35 +0000] [62] [INFO] Waiting for application startup.
[2026-03-24 15:28:35 +0000] [62] [INFO] Application startup complete.
[2026-03-24 15:28:35 +0000] [74] [INFO] Booting worker with pid: 74
[2026-03-24 15:28:35 +0000] [77] [INFO] Booting worker with pid: 77
[2026-03-24 15:28:35 +0000] [65] [INFO] Started server process [65]
[2026-03-24 15:28:35 +0000] [65] [INFO] Waiting for application startup.
[2026-03-24 15:28:35 +0000] [65] [INFO] Application startup complete.
[2026-03-24 15:28:35 +0000] [63] [INFO] Started server process [63]
[2026-03-24 15:28:35 +0000] [63] [INFO] Waiting for application startup.
[2026-03-24 15:28:35 +0000] [63] [INFO] Application startup complete.
[2026-03-24 15:28:35 +0000] [64] [INFO] Started server process [64]
[2026-03-24 15:28:35 +0000] [64] [INFO] Waiting for application startup.
[2026-03-24 15:28:35 +0000] [64] [INFO] Application startup complete.
[2026-03-24 15:28:35 +0000] [80] [INFO] Booting worker with pid: 80
[2026-03-24 15:28:35 +0000] [67] [INFO] Started server process [67]
[2026-03-24 15:28:35 +0000] [67] [INFO] Waiting for application startup.
[2026-03-24 15:28:35 +0000] [67] [INFO] Application startup complete.
[2026-03-24 15:28:35 +0000] [81] [INFO] Booting worker with pid: 81
[2026-03-24 15:28:35 +0000] [69] [INFO] Started server process [69]
[2026-03-24 15:28:35 +0000] [69] [INFO] Waiting for application startup.
[2026-03-24 15:28:35 +0000] [69] [INFO] Application startup complete.
[2026-03-24 15:28:35 +0000] [83] [INFO] Booting worker with pid: 83
[2026-03-24 15:28:35 +0000] [84] [INFO] Booting worker with pid: 84
[2026-03-24 15:28:35 +0000] [86] [INFO] Booting worker with pid: 86
[2026-03-24 15:28:35 +0000] [71] [INFO] Started server process [71]
[2026-03-24 15:28:35 +0000] [71] [INFO] Waiting for application startup.
[2026-03-24 15:28:35 +0000] [71] [INFO] Application startup complete.
[2026-03-24 15:28:35 +0000] [72] [INFO] Started server process [72]
[2026-03-24 15:28:35 +0000] [72] [INFO] Waiting for application startup.
[2026-03-24 15:28:35 +0000] [72] [INFO] Application startup complete.
[2026-03-24 15:28:35 +0000] [89] [INFO] Booting worker with pid: 89
[2026-03-24 15:28:35 +0000] [74] [INFO] Started server process [74]
[2026-03-24 15:28:35 +0000] [74] [INFO] Waiting for application startup.
[2026-03-24 15:28:35 +0000] [74] [INFO] Application startup complete.
[2026-03-24 15:28:35 +0000] [77] [INFO] Started server process [77]
[2026-03-24 15:28:35 +0000] [77] [INFO] Waiting for application startup.
[2026-03-24 15:28:35 +0000] [77] [INFO] Application startup complete.
[2026-03-24 15:28:35 +0000] [91] [INFO] Booting worker with pid: 91
[2026-03-24 15:28:35 +0000] [92] [INFO] Booting worker with pid: 92
[2026-03-24 15:28:36 +0000] [80] [INFO] Started server process [80]
[2026-03-24 15:28:36 +0000] [80] [INFO] Waiting for application startup.
[2026-03-24 15:28:36 +0000] [80] [INFO] Application startup complete.
[2026-03-24 15:28:36 +0000] [95] [INFO] Booting worker with pid: 95
[2026-03-24 15:28:36 +0000] [81] [INFO] Started server process [81]
[2026-03-24 15:28:36 +0000] [81] [INFO] Waiting for application startup.
[2026-03-24 15:28:36 +0000] [81] [INFO] Application startup complete.
[2026-03-24 15:28:36 +0000] [83] [INFO] Started server process [83]
[2026-03-24 15:28:36 +0000] [83] [INFO] Waiting for application startup.
[2026-03-24 15:28:36 +0000] [83] [INFO] Application startup complete.
[2026-03-24 15:28:36 +0000] [97] [INFO] Booting worker with pid: 97
[2026-03-24 15:28:36 +0000] [99] [INFO] Booting worker with pid: 99
[2026-03-24 15:28:36 +0000] [84] [INFO] Started server process [84]
[2026-03-24 15:28:36 +0000] [84] [INFO] Waiting for application startup.
[2026-03-24 15:28:36 +0000] [84] [INFO] Application startup complete.
[2026-03-24 15:28:36 +0000] [86] [INFO] Started server process [86]
[2026-03-24 15:28:36 +0000] [86] [INFO] Waiting for application startup.
[2026-03-24 15:28:36 +0000] [86] [INFO] Application startup complete.
[2026-03-24 15:28:36 +0000] [89] [INFO] Started server process [89]
[2026-03-24 15:28:36 +0000] [89] [INFO] Waiting for application startup.
[2026-03-24 15:28:36 +0000] [89] [INFO] Application startup complete.
[2026-03-24 15:28:36 +0000] [102] [INFO] Booting worker with pid: 102
[2026-03-24 15:28:36 +0000] [91] [INFO] Started server process [91]
[2026-03-24 15:28:36 +0000] [91] [INFO] Waiting for application startup.
[2026-03-24 15:28:36 +0000] [91] [INFO] Application startup complete.
[2026-03-24 15:28:36 +0000] [104] [INFO] Booting worker with pid: 104
[2026-03-24 15:28:36 +0000] [105] [INFO] Booting worker with pid: 105
[2026-03-24 15:28:36 +0000] [107] [INFO] Booting worker with pid: 107
[2026-03-24 15:28:36 +0000] [92] [INFO] Started server process [92]
[2026-03-24 15:28:36 +0000] [92] [INFO] Waiting for application startup.
[2026-03-24 15:28:36 +0000] [92] [INFO] Application startup complete.
[2026-03-24 15:28:36 +0000] [95] [INFO] Started server process [95]
[2026-03-24 15:28:36 +0000] [95] [INFO] Waiting for application startup.
[2026-03-24 15:28:36 +0000] [95] [INFO] Application startup complete.
[2026-03-24 15:28:36 +0000] [109] [INFO] Booting worker with pid: 109
[2026-03-24 15:28:36 +0000] [110] [INFO] Booting worker with pid: 110
[2026-03-24 15:28:36 +0000] [112] [INFO] Booting worker with pid: 112
[2026-03-24 15:28:36 +0000] [97] [INFO] Started server process [97]
[2026-03-24 15:28:36 +0000] [97] [INFO] Waiting for application startup.
[2026-03-24 15:28:36 +0000] [97] [INFO] Application startup complete.
[2026-03-24 15:28:36 +0000] [113] [INFO] Booting worker with pid: 113
[2026-03-24 15:28:36 +0000] [114] [INFO] Booting worker with pid: 114
[2026-03-24 15:28:36 +0000] [99] [INFO] Started server process [99]
[2026-03-24 15:28:36 +0000] [99] [INFO] Waiting for application startup.
[2026-03-24 15:28:36 +0000] [99] [INFO] Application startup complete.
[2026-03-24 15:28:36 +0000] [102] [INFO] Started server process [102]
[2026-03-24 15:28:36 +0000] [102] [INFO] Waiting for application startup.
[2026-03-24 15:28:36 +0000] [102] [INFO] Application startup complete.
[2026-03-24 15:28:36 +0000] [117] [INFO] Booting worker with pid: 117
[2026-03-24 15:28:36 +0000] [119] [INFO] Booting worker with pid: 119
[2026-03-24 15:28:36 +0000] [120] [INFO] Booting worker with pid: 120
[2026-03-24 15:28:36 +0000] [104] [INFO] Started server process [104]
[2026-03-24 15:28:36 +0000] [104] [INFO] Waiting for application startup.
[2026-03-24 15:28:36 +0000] [104] [INFO] Application startup complete.
[2026-03-24 15:28:36 +0000] [105] [INFO] Started server process [105]
[2026-03-24 15:28:36 +0000] [105] [INFO] Waiting for application startup.
[2026-03-24 15:28:36 +0000] [105] [INFO] Application startup complete.
[2026-03-24 15:28:36 +0000] [123] [INFO] Booting worker with pid: 123
[2026-03-24 15:28:36 +0000] [107] [INFO] Started server process [107]
[2026-03-24 15:28:36 +0000] [107] [INFO] Waiting for application startup.
[2026-03-24 15:28:36 +0000] [107] [INFO] Application startup complete.
[2026-03-24 15:28:36 +0000] [124] [INFO] Booting worker with pid: 124
[2026-03-24 15:28:36 +0000] [109] [INFO] Started server process [109]
[2026-03-24 15:28:36 +0000] [109] [INFO] Waiting for application startup.
[2026-03-24 15:28:36 +0000] [109] [INFO] Application startup complete.
[2026-03-24 15:28:36 +0000] [110] [INFO] Started server process [110]
[2026-03-24 15:28:36 +0000] [110] [INFO] Waiting for application startup.
[2026-03-24 15:28:36 +0000] [110] [INFO] Application startup complete.
[2026-03-24 15:28:36 +0000] [112] [INFO] Started server process [112]
[2026-03-24 15:28:36 +0000] [112] [INFO] Waiting for application startup.
[2026-03-24 15:28:36 +0000] [112] [INFO] Application startup complete.
[2026-03-24 15:28:36 +0000] [113] [INFO] Started server process [113]
[2026-03-24 15:28:36 +0000] [113] [INFO] Waiting for application startup.
[2026-03-24 15:28:36 +0000] [113] [INFO] Application startup complete.
[2026-03-24 15:28:36 +0000] [129] [INFO] Booting worker with pid: 129
[2026-03-24 15:28:36 +0000] [114] [INFO] Started server process [114]
[2026-03-24 15:28:36 +0000] [114] [INFO] Waiting for application startup.
[2026-03-24 15:28:36 +0000] [114] [INFO] Application startup complete.
[2026-03-24 15:28:36 +0000] [131] [INFO] Booting worker with pid: 131
[2026-03-24 15:28:36 +0000] [117] [INFO] Started server process [117]
[2026-03-24 15:28:36 +0000] [119] [INFO] Started server process [119]
[2026-03-24 15:28:36 +0000] [119] [INFO] Waiting for application startup.
[2026-03-24 15:28:36 +0000] [117] [INFO] Waiting for application startup.
[2026-03-24 15:28:36 +0000] [119] [INFO] Application startup complete.
[2026-03-24 15:28:36 +0000] [117] [INFO] Application startup complete.
[2026-03-24 15:28:36 +0000] [136] [INFO] Booting worker with pid: 136
[2026-03-24 15:28:36 +0000] [120] [INFO] Started server process [120]
[2026-03-24 15:28:36 +0000] [120] [INFO] Waiting for application startup.
[2026-03-24 15:28:36 +0000] [120] [INFO] Application startup complete.
[2026-03-24 15:28:37 +0000] [123] [INFO] Started server process [123]
[2026-03-24 15:28:37 +0000] [123] [INFO] Waiting for application startup.
[2026-03-24 15:28:37 +0000] [123] [INFO] Application startup complete.
[2026-03-24 15:28:37 +0000] [137] [INFO] Booting worker with pid: 137
[2026-03-24 15:28:37 +0000] [139] [INFO] Booting worker with pid: 139
[2026-03-24 15:28:37 +0000] [124] [INFO] Started server process [124]
[2026-03-24 15:28:37 +0000] [124] [INFO] Waiting for application startup.
[2026-03-24 15:28:37 +0000] [124] [INFO] Application startup complete.
[2026-03-24 15:28:37 +0000] [140] [INFO] Booting worker with pid: 140
[2026-03-24 15:28:37 +0000] [141] [INFO] Booting worker with pid: 141
[2026-03-24 15:28:37 +0000] [142] [INFO] Booting worker with pid: 142
[2026-03-24 15:28:37 +0000] [143] [INFO] Booting worker with pid: 143
[2026-03-24 15:28:37 +0000] [129] [INFO] Started server process [129]
[2026-03-24 15:28:37 +0000] [129] [INFO] Waiting for application startup.
[2026-03-24 15:28:37 +0000] [129] [INFO] Application startup complete.
[2026-03-24 15:28:37 +0000] [145] [INFO] Booting worker with pid: 145
[2026-03-24 15:28:37 +0000] [146] [INFO] Booting worker with pid: 146
[2026-03-24 15:28:37 +0000] [149] [INFO] Booting worker with pid: 149
[2026-03-24 15:28:37 +0000] [131] [INFO] Started server process [131]
[2026-03-24 15:28:37 +0000] [131] [INFO] Waiting for application startup.
[2026-03-24 15:28:37 +0000] [131] [INFO] Application startup complete.
[2026-03-24 15:28:37 +0000] [136] [INFO] Started server process [136]
[2026-03-24 15:28:37 +0000] [136] [INFO] Waiting for application startup.
[2026-03-24 15:28:37 +0000] [136] [INFO] Application startup complete.
[2026-03-24 15:28:37 +0000] [150] [INFO] Booting worker with pid: 150
[2026-03-24 15:28:37 +0000] [152] [INFO] Booting worker with pid: 152
[2026-03-24 15:28:37 +0000] [137] [INFO] Started server process [137]
[2026-03-24 15:28:37 +0000] [137] [INFO] Waiting for application startup.
[2026-03-24 15:28:37 +0000] [153] [INFO] Booting worker with pid: 153
[2026-03-24 15:28:37 +0000] [137] [INFO] Application startup complete.
[2026-03-24 15:28:37 +0000] [155] [INFO] Booting worker with pid: 155
[2026-03-24 15:28:37 +0000] [139] [INFO] Started server process [139]
[2026-03-24 15:28:37 +0000] [139] [INFO] Waiting for application startup.
[2026-03-24 15:28:37 +0000] [139] [INFO] Application startup complete.
[2026-03-24 15:28:37 +0000] [157] [INFO] Booting worker with pid: 157
[2026-03-24 15:28:37 +0000] [140] [INFO] Started server process [140]
[2026-03-24 15:28:37 +0000] [140] [INFO] Waiting for application startup.
[2026-03-24 15:28:37 +0000] [140] [INFO] Application startup complete.
[2026-03-24 15:28:37 +0000] [141] [INFO] Started server process [141]
[2026-03-24 15:28:37 +0000] [141] [INFO] Waiting for application startup.
[2026-03-24 15:28:37 +0000] [141] [INFO] Application startup complete.
[2026-03-24 15:28:37 +0000] [159] [INFO] Booting worker with pid: 159
[2026-03-24 15:28:37 +0000] [160] [INFO] Booting worker with pid: 160
[2026-03-24 15:28:37 +0000] [163] [INFO] Booting worker with pid: 163
[2026-03-24 15:28:37 +0000] [143] [INFO] Started server process [143]
[2026-03-24 15:28:37 +0000] [143] [INFO] Waiting for application startup.
[2026-03-24 15:28:37 +0000] [143] [INFO] Application startup complete.
[2026-03-24 15:28:37 +0000] [145] [INFO] Started server process [145]
[2026-03-24 15:28:37 +0000] [145] [INFO] Waiting for application startup.
[2026-03-24 15:28:37 +0000] [145] [INFO] Application startup complete.
[2026-03-24 15:28:37 +0000] [165] [INFO] Booting worker with pid: 165
[2026-03-24 15:28:37 +0000] [142] [INFO] Started server process [142]
[2026-03-24 15:28:37 +0000] [142] [INFO] Waiting for application startup.
[2026-03-24 15:28:37 +0000] [142] [INFO] Application startup complete.
[2026-03-24 15:28:37 +0000] [149] [INFO] Started server process [149]
[2026-03-24 15:28:37 +0000] [149] [INFO] Waiting for application startup.
[2026-03-24 15:28:37 +0000] [149] [INFO] Application startup complete.
[2026-03-24 15:28:37 +0000] [167] [INFO] Booting worker with pid: 167
[2026-03-24 15:28:37 +0000] [169] [INFO] Booting worker with pid: 169
[2026-03-24 15:28:37 +0000] [146] [INFO] Started server process [146]
[2026-03-24 15:28:37 +0000] [146] [INFO] Waiting for application startup.
[2026-03-24 15:28:37 +0000] [146] [INFO] Application startup complete.
[2026-03-24 15:28:38 +0000] [170] [INFO] Booting worker with pid: 170
[2026-03-24 15:28:38 +0000] [153] [INFO] Started server process [153]
[2026-03-24 15:28:38 +0000] [153] [INFO] Waiting for application startup.
[2026-03-24 15:28:38 +0000] [153] [INFO] Application startup complete.
[2026-03-24 15:28:38 +0000] [150] [INFO] Started server process [150]
[2026-03-24 15:28:38 +0000] [150] [INFO] Waiting for application startup.
[2026-03-24 15:28:38 +0000] [150] [INFO] Application startup complete.
[2026-03-24 15:28:38 +0000] [173] [INFO] Booting worker with pid: 173
[2026-03-24 15:28:38 +0000] [152] [INFO] Started server process [152]
[2026-03-24 15:28:38 +0000] [152] [INFO] Waiting for application startup.
[2026-03-24 15:28:38 +0000] [152] [INFO] Application startup complete.
[2026-03-24 15:28:38 +0000] [155] [INFO] Started server process [155]
[2026-03-24 15:28:38 +0000] [155] [INFO] Waiting for application startup.
[2026-03-24 15:28:38 +0000] [155] [INFO] Application startup complete.
[2026-03-24 15:28:38 +0000] [176] [INFO] Booting worker with pid: 176
[2026-03-24 15:28:38 +0000] [157] [INFO] Started server process [157]
[2026-03-24 15:28:38 +0000] [157] [INFO] Waiting for application startup.
[2026-03-24 15:28:38 +0000] [157] [INFO] Application startup complete.
[2026-03-24 15:28:38 +0000] [159] [INFO] Started server process [159]
[2026-03-24 15:28:38 +0000] [159] [INFO] Waiting for application startup.
[2026-03-24 15:28:38 +0000] [159] [INFO] Application startup complete.
[2026-03-24 15:28:38 +0000] [179] [INFO] Booting worker with pid: 179
[2026-03-24 15:28:38 +0000] [165] [INFO] Started server process [165]
[2026-03-24 15:28:38 +0000] [165] [INFO] Waiting for application startup.
[2026-03-24 15:28:38 +0000] [165] [INFO] Application startup complete.
[2026-03-24 15:28:38 +0000] [160] [INFO] Started server process [160]
[2026-03-24 15:28:38 +0000] [160] [INFO] Waiting for application startup.
[2026-03-24 15:28:38 +0000] [160] [INFO] Application startup complete.
[2026-03-24 15:28:38 +0000] [182] [INFO] Booting worker with pid: 182
[2026-03-24 15:28:38 +0000] [163] [INFO] Started server process [163]
[2026-03-24 15:28:38 +0000] [163] [INFO] Waiting for application startup.
[2026-03-24 15:28:38 +0000] [163] [INFO] Application startup complete.
[2026-03-24 15:28:38 +0000] [167] [INFO] Started server process [167]
[2026-03-24 15:28:38 +0000] [167] [INFO] Waiting for application startup.
[2026-03-24 15:28:38 +0000] [167] [INFO] Application startup complete.
[2026-03-24 15:28:38 +0000] [185] [INFO] Booting worker with pid: 185
[2026-03-24 15:28:38 +0000] [186] [INFO] Booting worker with pid: 186
[2026-03-24 15:28:38 +0000] [187] [INFO] Booting worker with pid: 187
[2026-03-24 15:28:38 +0000] [170] [INFO] Started server process [170]
[2026-03-24 15:28:38 +0000] [170] [INFO] Waiting for application startup.
[2026-03-24 15:28:38 +0000] [170] [INFO] Application startup complete.
[2026-03-24 15:28:38 +0000] [169] [INFO] Started server process [169]
[2026-03-24 15:28:38 +0000] [169] [INFO] Waiting for application startup.
[2026-03-24 15:28:38 +0000] [169] [INFO] Application startup complete.
[2026-03-24 15:28:38 +0000] [190] [INFO] Booting worker with pid: 190
[2026-03-24 15:28:38 +0000] [191] [INFO] Booting worker with pid: 191
[2026-03-24 15:28:38 +0000] [192] [INFO] Booting worker with pid: 192
[2026-03-24 15:28:38 +0000] [173] [INFO] Started server process [173]
[2026-03-24 15:28:38 +0000] [173] [INFO] Waiting for application startup.
[2026-03-24 15:28:38 +0000] [173] [INFO] Application startup complete.
[2026-03-24 15:28:38 +0000] [194] [INFO] Booting worker with pid: 194
[2026-03-24 15:28:38 +0000] [196] [INFO] Booting worker with pid: 196
[2026-03-24 15:28:38 +0000] [197] [INFO] Booting worker with pid: 197
[2026-03-24 15:28:38 +0000] [176] [INFO] Started server process [176]
[2026-03-24 15:28:38 +0000] [176] [INFO] Waiting for application startup.
[2026-03-24 15:28:38 +0000] [176] [INFO] Application startup complete.
[2026-03-24 15:28:38 +0000] [198] [INFO] Booting worker with pid: 198
[2026-03-24 15:28:38 +0000] [179] [INFO] Started server process [179]
[2026-03-24 15:28:38 +0000] [179] [INFO] Waiting for application startup.
[2026-03-24 15:28:38 +0000] [179] [INFO] Application startup complete.
[2026-03-24 15:28:39 +0000] [200] [INFO] Booting worker with pid: 200
[2026-03-24 15:28:39 +0000] [182] [INFO] Started server process [182]
[2026-03-24 15:28:39 +0000] [182] [INFO] Waiting for application startup.
[2026-03-24 15:28:39 +0000] [182] [INFO] Application startup complete.
[2026-03-24 15:28:39 +0000] [185] [INFO] Started server process [185]
[2026-03-24 15:28:39 +0000] [185] [INFO] Waiting for application startup.
[2026-03-24 15:28:39 +0000] [203] [INFO] Booting worker with pid: 203
[2026-03-24 15:28:39 +0000] [185] [INFO] Application startup complete.
[2026-03-24 15:28:39 +0000] [204] [INFO] Booting worker with pid: 204
[2026-03-24 15:28:39 +0000] [205] [INFO] Booting worker with pid: 205
[2026-03-24 15:28:39 +0000] [206] [INFO] Booting worker with pid: 206
[2026-03-24 15:28:39 +0000] [207] [INFO] Booting worker with pid: 207
[2026-03-24 15:28:39 +0000] [208] [INFO] Booting worker with pid: 208
[2026-03-24 15:28:39 +0000] [210] [INFO] Booting worker with pid: 210
[2026-03-24 15:28:39 +0000] [187] [INFO] Started server process [187]
[2026-03-24 15:28:39 +0000] [187] [INFO] Waiting for application startup.
[2026-03-24 15:28:39 +0000] [187] [INFO] Application startup complete.
[2026-03-24 15:28:39 +0000] [212] [INFO] Booting worker with pid: 212
[2026-03-24 15:28:39 +0000] [186] [INFO] Started server process [186]
[2026-03-24 15:28:39 +0000] [186] [INFO] Waiting for application startup.
[2026-03-24 15:28:39 +0000] [186] [INFO] Application startup complete.
[2026-03-24 15:28:39 +0000] [214] [INFO] Booting worker with pid: 214
[2026-03-24 15:28:39 +0000] [190] [INFO] Started server process [190]
[2026-03-24 15:28:39 +0000] [190] [INFO] Waiting for application startup.
[2026-03-24 15:28:39 +0000] [190] [INFO] Application startup complete.
[2026-03-24 15:28:39 +0000] [217] [INFO] Booting worker with pid: 217
[2026-03-24 15:28:39 +0000] [191] [INFO] Started server process [191]
[2026-03-24 15:28:39 +0000] [191] [INFO] Waiting for application startup.
[2026-03-24 15:28:39 +0000] [191] [INFO] Application startup complete.
[2026-03-24 15:28:39 +0000] [200] [INFO] Started server process [200]
[2026-03-24 15:28:39 +0000] [200] [INFO] Waiting for application startup.
[2026-03-24 15:28:39 +0000] [200] [INFO] Application startup complete.
[2026-03-24 15:28:39 +0000] [219] [INFO] Booting worker with pid: 219
[2026-03-24 15:28:39 +0000] [192] [INFO] Started server process [192]
[2026-03-24 15:28:39 +0000] [192] [INFO] Waiting for application startup.
[2026-03-24 15:28:39 +0000] [192] [INFO] Application startup complete.
[2026-03-24 15:28:39 +0000] [220] [INFO] Booting worker with pid: 220
[2026-03-24 15:28:39 +0000] [222] [INFO] Booting worker with pid: 222
[2026-03-24 15:28:39 +0000] [198] [INFO] Started server process [198]
[2026-03-24 15:28:39 +0000] [198] [INFO] Waiting for application startup.
[2026-03-24 15:28:39 +0000] [198] [INFO] Application startup complete.
[2026-03-24 15:28:39 +0000] [194] [INFO] Started server process [194]
[2026-03-24 15:28:39 +0000] [194] [INFO] Waiting for application startup.
[2026-03-24 15:28:39 +0000] [194] [INFO] Application startup complete.
[2026-03-24 15:28:39 +0000] [197] [INFO] Started server process [197]
[2026-03-24 15:28:39 +0000] [197] [INFO] Waiting for application startup.
[2026-03-24 15:28:39 +0000] [197] [INFO] Application startup complete.
[2026-03-24 15:28:39 +0000] [196] [INFO] Started server process [196]
[2026-03-24 15:28:39 +0000] [196] [INFO] Waiting for application startup.
[2026-03-24 15:28:39 +0000] [196] [INFO] Application startup complete.
[2026-03-24 15:28:39 +0000] [226] [INFO] Booting worker with pid: 226
[2026-03-24 15:28:39 +0000] [228] [INFO] Booting worker with pid: 228
[2026-03-24 15:28:39 +0000] [203] [INFO] Started server process [203]
[2026-03-24 15:28:39 +0000] [203] [INFO] Waiting for application startup.
[2026-03-24 15:28:39 +0000] [203] [INFO] Application startup complete.
[2026-03-24 15:28:39 +0000] [204] [INFO] Started server process [204]
[2026-03-24 15:28:39 +0000] [204] [INFO] Waiting for application startup.
[2026-03-24 15:28:39 +0000] [204] [INFO] Application startup complete.
[2026-03-24 15:28:39 +0000] [206] [INFO] Started server process [206]
[2026-03-24 15:28:39 +0000] [206] [INFO] Waiting for application startup.
[2026-03-24 15:28:39 +0000] [206] [INFO] Application startup complete.
[2026-03-24 15:28:39 +0000] [232] [INFO] Booting worker with pid: 232
[2026-03-24 15:28:39 +0000] [208] [INFO] Started server process [208]
[2026-03-24 15:28:39 +0000] [208] [INFO] Waiting for application startup.
[2026-03-24 15:28:39 +0000] [208] [INFO] Application startup complete.
[2026-03-24 15:28:39 +0000] [207] [INFO] Started server process [207]
[2026-03-24 15:28:39 +0000] [207] [INFO] Waiting for application startup.
[2026-03-24 15:28:39 +0000] [207] [INFO] Application startup complete.
[2026-03-24 15:28:39 +0000] [210] [INFO] Started server process [210]
[2026-03-24 15:28:39 +0000] [210] [INFO] Waiting for application startup.
[2026-03-24 15:28:39 +0000] [205] [INFO] Started server process [205]
[2026-03-24 15:28:39 +0000] [210] [INFO] Application startup complete.
[2026-03-24 15:28:39 +0000] [205] [INFO] Waiting for application startup.
[2026-03-24 15:28:39 +0000] [205] [INFO] Application startup complete.
[2026-03-24 15:28:39 +0000] [237] [INFO] Booting worker with pid: 237
[2026-03-24 15:28:39 +0000] [214] [INFO] Started server process [214]
[2026-03-24 15:28:39 +0000] [214] [INFO] Waiting for application startup.
[2026-03-24 15:28:39 +0000] [214] [INFO] Application startup complete.
[2026-03-24 15:28:39 +0000] [240] [INFO] Booting worker with pid: 240
[2026-03-24 15:28:39 +0000] [212] [INFO] Started server process [212]
[2026-03-24 15:28:39 +0000] [212] [INFO] Waiting for application startup.
[2026-03-24 15:28:39 +0000] [212] [INFO] Application startup complete.
[2026-03-24 15:28:39 +0000] [217] [INFO] Started server process [217]
[2026-03-24 15:28:39 +0000] [217] [INFO] Waiting for application startup.
[2026-03-24 15:28:39 +0000] [217] [INFO] Application startup complete.
[2026-03-24 15:28:39 +0000] [219] [INFO] Started server process [219]
[2026-03-24 15:28:39 +0000] [219] [INFO] Waiting for application startup.
[2026-03-24 15:28:39 +0000] [219] [INFO] Application startup complete.
[2026-03-24 15:28:39 +0000] [242] [INFO] Booting worker with pid: 242
[2026-03-24 15:28:39 +0000] [220] [INFO] Started server process [220]
[2026-03-24 15:28:39 +0000] [220] [INFO] Waiting for application startup.
[2026-03-24 15:28:39 +0000] [220] [INFO] Application startup complete.
[2026-03-24 15:28:39 +0000] [222] [INFO] Started server process [222]
[2026-03-24 15:28:39 +0000] [222] [INFO] Waiting for application startup.
[2026-03-24 15:28:39 +0000] [222] [INFO] Application startup complete.
[2026-03-24 15:28:39 +0000] [245] [INFO] Booting worker with pid: 245
[2026-03-24 15:28:39 +0000] [226] [INFO] Started server process [226]
[2026-03-24 15:28:39 +0000] [226] [INFO] Waiting for application startup.
[2026-03-24 15:28:39 +0000] [226] [INFO] Application startup complete.
[2026-03-24 15:28:40 +0000] [248] [INFO] Booting worker with pid: 248
[2026-03-24 15:28:40 +0000] [228] [INFO] Started server process [228]
[2026-03-24 15:28:40 +0000] [228] [INFO] Waiting for application startup.
[2026-03-24 15:28:40 +0000] [228] [INFO] Application startup complete.
[2026-03-24 15:28:40 +0000] [249] [INFO] Booting worker with pid: 249
[2026-03-24 15:28:40 +0000] [232] [INFO] Started server process [232]
[2026-03-24 15:28:40 +0000] [232] [INFO] Waiting for application startup.
[2026-03-24 15:28:40 +0000] [232] [INFO] Application startup complete.
[2026-03-24 15:28:40 +0000] [253] [INFO] Booting worker with pid: 253
[2026-03-24 15:28:40 +0000] [237] [INFO] Started server process [237]
[2026-03-24 15:28:40 +0000] [237] [INFO] Waiting for application startup.
[2026-03-24 15:28:40 +0000] [237] [INFO] Application startup complete.
[2026-03-24 15:28:40 +0000] [240] [INFO] Started server process [240]
[2026-03-24 15:28:40 +0000] [240] [INFO] Waiting for application startup.
[2026-03-24 15:28:40 +0000] [240] [INFO] Application startup complete.
[2026-03-24 15:28:40 +0000] [254] [INFO] Booting worker with pid: 254
[2026-03-24 15:28:40 +0000] [242] [INFO] Started server process [242]
[2026-03-24 15:28:40 +0000] [242] [INFO] Waiting for application startup.
[2026-03-24 15:28:40 +0000] [242] [INFO] Application startup complete.
[2026-03-24 15:28:40 +0000] [256] [INFO] Booting worker with pid: 256
[2026-03-24 15:28:40 +0000] [245] [INFO] Started server process [245]
[2026-03-24 15:28:40 +0000] [245] [INFO] Waiting for application startup.
[2026-03-24 15:28:40 +0000] [245] [INFO] Application startup complete.
[2026-03-24 15:28:40 +0000] [258] [INFO] Booting worker with pid: 258
[2026-03-24 15:28:40 +0000] [248] [INFO] Started server process [248]
[2026-03-24 15:28:40 +0000] [248] [INFO] Waiting for application startup.
[2026-03-24 15:28:40 +0000] [248] [INFO] Application startup complete.
[2026-03-24 15:28:40 +0000] [249] [INFO] Started server process [249]
[2026-03-24 15:28:40 +0000] [249] [INFO] Waiting for application startup.
[2026-03-24 15:28:40 +0000] [249] [INFO] Application startup complete.
[2026-03-24 15:28:40 +0000] [261] [INFO] Booting worker with pid: 261
[2026-03-24 15:28:40 +0000] [253] [INFO] Started server process [253]
[2026-03-24 15:28:40 +0000] [253] [INFO] Waiting for application startup.
[2026-03-24 15:28:40 +0000] [253] [INFO] Application startup complete.
[2026-03-24 15:28:40 +0000] [254] [INFO] Started server process [254]
[2026-03-24 15:28:40 +0000] [254] [INFO] Waiting for application startup.
[2026-03-24 15:28:40 +0000] [254] [INFO] Application startup complete.
[2026-03-24 15:28:40 +0000] [264] [INFO] Booting worker with pid: 264
[2026-03-24 15:28:40 +0000] [265] [INFO] Booting worker with pid: 265
[2026-03-24 15:28:40 +0000] [256] [INFO] Started server process [256]
[2026-03-24 15:28:40 +0000] [256] [INFO] Waiting for application startup.
[2026-03-24 15:28:40 +0000] [256] [INFO] Application startup complete.
[2026-03-24 15:28:40 +0000] [258] [INFO] Started server process [258]
[2026-03-24 15:28:40 +0000] [258] [INFO] Waiting for application startup.
[2026-03-24 15:28:40 +0000] [258] [INFO] Application startup complete.
[2026-03-24 15:28:40 +0000] [268] [INFO] Booting worker with pid: 268
[2026-03-24 15:28:40 +0000] [269] [INFO] Booting worker with pid: 269
[2026-03-24 15:28:40 +0000] [261] [INFO] Started server process [261]
[2026-03-24 15:28:40 +0000] [261] [INFO] Waiting for application startup.
[2026-03-24 15:28:40 +0000] [261] [INFO] Application startup complete.
[2026-03-24 15:28:40 +0000] [271] [INFO] Booting worker with pid: 271
[2026-03-24 15:28:40 +0000] [264] [INFO] Started server process [264]
[2026-03-24 15:28:40 +0000] [264] [INFO] Waiting for application startup.
[2026-03-24 15:28:40 +0000] [264] [INFO] Application startup complete.
[2026-03-24 15:28:40 +0000] [273] [INFO] Booting worker with pid: 273
[2026-03-24 15:28:40 +0000] [265] [INFO] Started server process [265]
[2026-03-24 15:28:40 +0000] [265] [INFO] Waiting for application startup.
[2026-03-24 15:28:40 +0000] [265] [INFO] Application startup complete.
[2026-03-24 15:28:40 +0000] [275] [INFO] Booting worker with pid: 275
[2026-03-24 15:28:40 +0000] [277] [INFO] Booting worker with pid: 277
[2026-03-24 15:28:40 +0000] [278] [INFO] Booting worker with pid: 278
[2026-03-24 15:28:40 +0000] [268] [INFO] Started server process [268]
[2026-03-24 15:28:40 +0000] [268] [INFO] Waiting for application startup.
[2026-03-24 15:28:40 +0000] [268] [INFO] Application startup complete.
[2026-03-24 15:28:40 +0000] [269] [INFO] Started server process [269]
[2026-03-24 15:28:40 +0000] [269] [INFO] Waiting for application startup.
[2026-03-24 15:28:40 +0000] [269] [INFO] Application startup complete.
[2026-03-24 15:28:40 +0000] [280] [INFO] Booting worker with pid: 280
[2026-03-24 15:28:40 +0000] [271] [INFO] Started server process [271]
[2026-03-24 15:28:40 +0000] [271] [INFO] Waiting for application startup.
[2026-03-24 15:28:40 +0000] [271] [INFO] Application startup complete.
[2026-03-24 15:28:40 +0000] [282] [INFO] Booting worker with pid: 282
[2026-03-24 15:28:40 +0000] [273] [INFO] Started server process [273]
[2026-03-24 15:28:40 +0000] [273] [INFO] Waiting for application startup.
[2026-03-24 15:28:40 +0000] [273] [INFO] Application startup complete.
[2026-03-24 15:28:40 +0000] [275] [INFO] Started server process [275]
[2026-03-24 15:28:40 +0000] [275] [INFO] Waiting for application startup.
[2026-03-24 15:28:40 +0000] [275] [INFO] Application startup complete.
[2026-03-24 15:28:40 +0000] [285] [INFO] Booting worker with pid: 285
[2026-03-24 15:28:41 +0000] [278] [INFO] Started server process [278]
[2026-03-24 15:28:41 +0000] [278] [INFO] Waiting for application startup.
[2026-03-24 15:28:41 +0000] [277] [INFO] Started server process [277]
[2026-03-24 15:28:41 +0000] [278] [INFO] Application startup complete.
[2026-03-24 15:28:41 +0000] [277] [INFO] Waiting for application startup.
[2026-03-24 15:28:41 +0000] [277] [INFO] Application startup complete.
[2026-03-24 15:28:41 +0000] [288] [INFO] Booting worker with pid: 288
[2026-03-24 15:28:41 +0000] [289] [INFO] Booting worker with pid: 289
[2026-03-24 15:28:41 +0000] [290] [INFO] Booting worker with pid: 290
[2026-03-24 15:28:41 +0000] [280] [INFO] Started server process [280]
[2026-03-24 15:28:41 +0000] [280] [INFO] Waiting for application startup.
[2026-03-24 15:28:41 +0000] [280] [INFO] Application startup complete.
[2026-03-24 15:28:41 +0000] [282] [INFO] Started server process [282]
[2026-03-24 15:28:41 +0000] [282] [INFO] Waiting for application startup.
[2026-03-24 15:28:41 +0000] [282] [INFO] Application startup complete.
[2026-03-24 15:28:41 +0000] [293] [INFO] Booting worker with pid: 293
[2026-03-24 15:28:41 +0000] [285] [INFO] Started server process [285]
[2026-03-24 15:28:41 +0000] [285] [INFO] Waiting for application startup.
[2026-03-24 15:28:41 +0000] [285] [INFO] Application startup complete.
[2026-03-24 15:28:41 +0000] [295] [INFO] Booting worker with pid: 295
[2026-03-24 15:28:41 +0000] [296] [INFO] Booting worker with pid: 296
[2026-03-24 15:28:41 +0000] [288] [INFO] Started server process [288]
[2026-03-24 15:28:41 +0000] [288] [INFO] Waiting for application startup.
[2026-03-24 15:28:41 +0000] [288] [INFO] Application startup complete.
[2026-03-24 15:28:41 +0000] [289] [INFO] Started server process [289]
[2026-03-24 15:28:41 +0000] [289] [INFO] Waiting for application startup.
[2026-03-24 15:28:41 +0000] [289] [INFO] Application startup complete.
[2026-03-24 15:28:41 +0000] [290] [INFO] Started server process [290]
[2026-03-24 15:28:41 +0000] [290] [INFO] Waiting for application startup.
[2026-03-24 15:28:41 +0000] [290] [INFO] Application startup complete.
[2026-03-24 15:28:41 +0000] [300] [INFO] Booting worker with pid: 300
[2026-03-24 15:28:41 +0000] [301] [INFO] Booting worker with pid: 301
[2026-03-24 15:28:41 +0000] [293] [INFO] Started server process [293]
[2026-03-24 15:28:41 +0000] [293] [INFO] Waiting for application startup.
[2026-03-24 15:28:41 +0000] [293] [INFO] Application startup complete.
[2026-03-24 15:28:41 +0000] [303] [INFO] Booting worker with pid: 303
[2026-03-24 15:28:41 +0000] [295] [INFO] Started server process [295]
[2026-03-24 15:28:41 +0000] [295] [INFO] Waiting for application startup.
[2026-03-24 15:28:41 +0000] [295] [INFO] Application startup complete.
[2026-03-24 15:28:41 +0000] [296] [INFO] Started server process [296]
[2026-03-24 15:28:41 +0000] [296] [INFO] Waiting for application startup.
[2026-03-24 15:28:41 +0000] [296] [INFO] Application startup complete.
[2026-03-24 15:28:41 +0000] [306] [INFO] Booting worker with pid: 306
[2026-03-24 15:28:41 +0000] [308] [INFO] Booting worker with pid: 308
[2026-03-24 15:28:41 +0000] [300] [INFO] Started server process [300]
[2026-03-24 15:28:41 +0000] [300] [INFO] Waiting for application startup.
[2026-03-24 15:28:41 +0000] [300] [INFO] Application startup complete.
[2026-03-24 15:28:41 +0000] [309] [INFO] Booting worker with pid: 309
[2026-03-24 15:28:41 +0000] [301] [INFO] Started server process [301]
[2026-03-24 15:28:41 +0000] [301] [INFO] Waiting for application startup.
[2026-03-24 15:28:41 +0000] [301] [INFO] Application startup complete.
[2026-03-24 15:28:41 +0000] [311] [INFO] Booting worker with pid: 311
[2026-03-24 15:28:41 +0000] [312] [INFO] Booting worker with pid: 312
[2026-03-24 15:28:41 +0000] [303] [INFO] Started server process [303]
[2026-03-24 15:28:41 +0000] [303] [INFO] Waiting for application startup.
[2026-03-24 15:28:41 +0000] [303] [INFO] Application startup complete.
[2026-03-24 15:28:41 +0000] [314] [INFO] Booting worker with pid: 314
[2026-03-24 15:28:41 +0000] [306] [INFO] Started server process [306]
[2026-03-24 15:28:41 +0000] [306] [INFO] Waiting for application startup.
[2026-03-24 15:28:41 +0000] [306] [INFO] Application startup complete.
[2026-03-24 15:28:41 +0000] [308] [INFO] Started server process [308]
[2026-03-24 15:28:41 +0000] [308] [INFO] Waiting for application startup.
[2026-03-24 15:28:41 +0000] [308] [INFO] Application startup complete.
[2026-03-24 15:28:41 +0000] [317] [INFO] Booting worker with pid: 317
[2026-03-24 15:28:41 +0000] [319] [INFO] Booting worker with pid: 319
[2026-03-24 15:28:41 +0000] [309] [INFO] Started server process [309]
[2026-03-24 15:28:41 +0000] [309] [INFO] Waiting for application startup.
[2026-03-24 15:28:41 +0000] [309] [INFO] Application startup complete.
[2026-03-24 15:28:41 +0000] [311] [INFO] Started server process [311]
[2026-03-24 15:28:41 +0000] [311] [INFO] Waiting for application startup.
[2026-03-24 15:28:41 +0000] [311] [INFO] Application startup complete.
[2026-03-24 15:28:41 +0000] [322] [INFO] Booting worker with pid: 322
[2026-03-24 15:28:41 +0000] [312] [INFO] Started server process [312]
[2026-03-24 15:28:41 +0000] [312] [INFO] Waiting for application startup.
[2026-03-24 15:28:41 +0000] [312] [INFO] Application startup complete.
[2026-03-24 15:28:42 +0000] [324] [INFO] Booting worker with pid: 324
[2026-03-24 15:28:42 +0000] [314] [INFO] Started server process [314]
[2026-03-24 15:28:42 +0000] [314] [INFO] Waiting for application startup.
[2026-03-24 15:28:42 +0000] [314] [INFO] Application startup complete.
[2026-03-24 15:28:42 +0000] [325] [INFO] Booting worker with pid: 325
[2026-03-24 15:28:42 +0000] [317] [INFO] Started server process [317]
[2026-03-24 15:28:42 +0000] [317] [INFO] Waiting for application startup.
[2026-03-24 15:28:42 +0000] [317] [INFO] Application startup complete.
[2026-03-24 15:28:42 +0000] [319] [INFO] Started server process [319]
[2026-03-24 15:28:42 +0000] [319] [INFO] Waiting for application startup.
[2026-03-24 15:28:42 +0000] [319] [INFO] Application startup complete.
[2026-03-24 15:28:42 +0000] [328] [INFO] Booting worker with pid: 328
[2026-03-24 15:28:42 +0000] [329] [INFO] Booting worker with pid: 329
[2026-03-24 15:28:42 +0000] [330] [INFO] Booting worker with pid: 330
[2026-03-24 15:28:42 +0000] [331] [INFO] Booting worker with pid: 331
[2026-03-24 15:28:42 +0000] [322] [INFO] Started server process [322]
[2026-03-24 15:28:42 +0000] [322] [INFO] Waiting for application startup.
[2026-03-24 15:28:42 +0000] [322] [INFO] Application startup complete.
[2026-03-24 15:28:42 +0000] [333] [INFO] Booting worker with pid: 333
[2026-03-24 15:28:42 +0000] [334] [INFO] Booting worker with pid: 334
[2026-03-24 15:28:42 +0000] [335] [INFO] Booting worker with pid: 335
[2026-03-24 15:28:42 +0000] [324] [INFO] Started server process [324]
[2026-03-24 15:28:42 +0000] [324] [INFO] Waiting for application startup.
[2026-03-24 15:28:42 +0000] [324] [INFO] Application startup complete.
[2026-03-24 15:28:42 +0000] [325] [INFO] Started server process [325]
[2026-03-24 15:28:42 +0000] [325] [INFO] Waiting for application startup.
[2026-03-24 15:28:42 +0000] [325] [INFO] Application startup complete.
[2026-03-24 15:28:42 +0000] [339] [INFO] Booting worker with pid: 339
[2026-03-24 15:28:42 +0000] [340] [INFO] Booting worker with pid: 340
[2026-03-24 15:28:42 +0000] [328] [INFO] Started server process [328]
[2026-03-24 15:28:42 +0000] [328] [INFO] Waiting for application startup.
[2026-03-24 15:28:42 +0000] [328] [INFO] Application startup complete.
[2026-03-24 15:28:42 +0000] [329] [INFO] Started server process [329]
[2026-03-24 15:28:42 +0000] [329] [INFO] Waiting for application startup.
[2026-03-24 15:28:42 +0000] [329] [INFO] Application startup complete.
[2026-03-24 15:28:42 +0000] [343] [INFO] Booting worker with pid: 343
[2026-03-24 15:28:42 +0000] [331] [INFO] Started server process [331]
[2026-03-24 15:28:42 +0000] [331] [INFO] Waiting for application startup.
[2026-03-24 15:28:42 +0000] [331] [INFO] Application startup complete.
[2026-03-24 15:28:42 +0000] [344] [INFO] Booting worker with pid: 344
[2026-03-24 15:28:42 +0000] [330] [INFO] Started server process [330]
[2026-03-24 15:28:42 +0000] [330] [INFO] Waiting for application startup.
[2026-03-24 15:28:42 +0000] [330] [INFO] Application startup complete.
[2026-03-24 15:28:42 +0000] [347] [INFO] Booting worker with pid: 347
[2026-03-24 15:28:42 +0000] [334] [INFO] Started server process [334]
[2026-03-24 15:28:42 +0000] [334] [INFO] Waiting for application startup.
[2026-03-24 15:28:42 +0000] [334] [INFO] Application startup complete.
[2026-03-24 15:28:42 +0000] [335] [INFO] Started server process [335]
[2026-03-24 15:28:42 +0000] [335] [INFO] Waiting for application startup.
[2026-03-24 15:28:42 +0000] [335] [INFO] Application startup complete.
[2026-03-24 15:28:42 +0000] [349] [INFO] Booting worker with pid: 349
[2026-03-24 15:28:42 +0000] [340] [INFO] Started server process [340]
[2026-03-24 15:28:42 +0000] [340] [INFO] Waiting for application startup.
[2026-03-24 15:28:42 +0000] [340] [INFO] Application startup complete.
[2026-03-24 15:28:42 +0000] [351] [INFO] Booting worker with pid: 351
[2026-03-24 15:28:42 +0000] [352] [INFO] Booting worker with pid: 352
[2026-03-24 15:28:42 +0000] [354] [INFO] Booting worker with pid: 354
[2026-03-24 15:28:42 +0000] [339] [INFO] Started server process [339]
[2026-03-24 15:28:42 +0000] [339] [INFO] Waiting for application startup.
[2026-03-24 15:28:42 +0000] [339] [INFO] Application startup complete.
[2026-03-24 15:28:42 +0000] [355] [INFO] Booting worker with pid: 355
[2026-03-24 15:28:42 +0000] [333] [INFO] Started server process [333]
[2026-03-24 15:28:42 +0000] [333] [INFO] Waiting for application startup.
[2026-03-24 15:28:42 +0000] [333] [INFO] Application startup complete.
[2026-03-24 15:28:42 +0000] [357] [INFO] Booting worker with pid: 357
[2026-03-24 15:28:42 +0000] [360] [INFO] Booting worker with pid: 360
[2026-03-24 15:28:42 +0000] [344] [INFO] Started server process [344]
[2026-03-24 15:28:42 +0000] [344] [INFO] Waiting for application startup.
[2026-03-24 15:28:42 +0000] [344] [INFO] Application startup complete.
[2026-03-24 15:28:42 +0000] [343] [INFO] Started server process [343]
[2026-03-24 15:28:42 +0000] [343] [INFO] Waiting for application startup.
[2026-03-24 15:28:42 +0000] [343] [INFO] Application startup complete.
[2026-03-24 15:28:42 +0000] [361] [INFO] Booting worker with pid: 361
[2026-03-24 15:28:43 +0000] [362] [INFO] Booting worker with pid: 362
[2026-03-24 15:28:43 +0000] [347] [INFO] Started server process [347]
[2026-03-24 15:28:43 +0000] [347] [INFO] Waiting for application startup.
[2026-03-24 15:28:43 +0000] [347] [INFO] Application startup complete.
[2026-03-24 15:28:43 +0000] [364] [INFO] Booting worker with pid: 364
[2026-03-24 15:28:43 +0000] [365] [INFO] Booting worker with pid: 365
[2026-03-24 15:28:43 +0000] [366] [INFO] Booting worker with pid: 366
[2026-03-24 15:28:43 +0000] [367] [INFO] Booting worker with pid: 367
[2026-03-24 15:28:43 +0000] [368] [INFO] Booting worker with pid: 368
[2026-03-24 15:28:43 +0000] [370] [INFO] Booting worker with pid: 370
[2026-03-24 15:28:43 +0000] [352] [INFO] Started server process [352]
[2026-03-24 15:28:43 +0000] [352] [INFO] Waiting for application startup.
[2026-03-24 15:28:43 +0000] [352] [INFO] Application startup complete.
[2026-03-24 15:28:43 +0000] [355] [INFO] Started server process [355]
[2026-03-24 15:28:43 +0000] [355] [INFO] Waiting for application startup.
[2026-03-24 15:28:43 +0000] [355] [INFO] Application startup complete.
[2026-03-24 15:28:43 +0000] [373] [INFO] Booting worker with pid: 373
[2026-03-24 15:28:43 +0000] [374] [INFO] Booting worker with pid: 374
[2026-03-24 15:28:43 +0000] [376] [INFO] Booting worker with pid: 376
[2026-03-24 15:28:43 +0000] [351] [INFO] Started server process [351]
[2026-03-24 15:28:43 +0000] [351] [INFO] Waiting for application startup.
[2026-03-24 15:28:43 +0000] [351] [INFO] Application startup complete.
[2026-03-24 15:28:43 +0000] [377] [INFO] Booting worker with pid: 377
[2026-03-24 15:28:43 +0000] [354] [INFO] Started server process [354]
[2026-03-24 15:28:43 +0000] [354] [INFO] Waiting for application startup.
[2026-03-24 15:28:43 +0000] [354] [INFO] Application startup complete.
[2026-03-24 15:28:43 +0000] [378] [INFO] Booting worker with pid: 378
[2026-03-24 15:28:43 +0000] [379] [INFO] Booting worker with pid: 379
[2026-03-24 15:28:43 +0000] [381] [INFO] Booting worker with pid: 381
[2026-03-24 15:28:43 +0000] [382] [INFO] Booting worker with pid: 382
[2026-03-24 15:28:44 +0000] [383] [INFO] Booting worker with pid: 383
[2026-03-24 15:28:44 +0000] [349] [INFO] Started server process [349]
[2026-03-24 15:28:44 +0000] [349] [INFO] Waiting for application startup.
[2026-03-24 15:28:44 +0000] [349] [INFO] Application startup complete.
[2026-03-24 15:28:44 +0000] [384] [INFO] Booting worker with pid: 384
[2026-03-24 15:28:44 +0000] [386] [INFO] Booting worker with pid: 386
[2026-03-24 15:28:44 +0000] [361] [INFO] Started server process [361]
[2026-03-24 15:28:44 +0000] [361] [INFO] Waiting for application startup.
[2026-03-24 15:28:44 +0000] [361] [INFO] Application startup complete.
[2026-03-24 15:28:44 +0000] [387] [INFO] Booting worker with pid: 387
[2026-03-24 15:28:44 +0000] [388] [INFO] Booting worker with pid: 388
[2026-03-24 15:28:44 +0000] [389] [INFO] Booting worker with pid: 389
[2026-03-24 15:28:44 +0000] [390] [INFO] Booting worker with pid: 390
[2026-03-24 15:28:44 +0000] [391] [INFO] Booting worker with pid: 391
[2026-03-24 15:28:44 +0000] [392] [INFO] Booting worker with pid: 392
[2026-03-24 15:28:44 +0000] [393] [INFO] Booting worker with pid: 393
[2026-03-24 15:28:44 +0000] [394] [INFO] Booting worker with pid: 394
[2026-03-24 15:28:44 +0000] [395] [INFO] Booting worker with pid: 395
[2026-03-24 15:28:44 +0000] [396] [INFO] Booting worker with pid: 396
[2026-03-24 15:28:44 +0000] [398] [INFO] Booting worker with pid: 398
[2026-03-24 15:28:44 +0000] [357] [INFO] Started server process [357]
[2026-03-24 15:28:44 +0000] [357] [INFO] Waiting for application startup.
[2026-03-24 15:28:44 +0000] [357] [INFO] Application startup complete.
[2026-03-24 15:28:44 +0000] [400] [INFO] Booting worker with pid: 400
[2026-03-24 15:28:44 +0000] [360] [INFO] Started server process [360]
[2026-03-24 15:28:44 +0000] [360] [INFO] Waiting for application startup.
[2026-03-24 15:28:44 +0000] [360] [INFO] Application startup complete.
[2026-03-24 15:28:45 +0000] [401] [INFO] Booting worker with pid: 401
[2026-03-24 15:28:45 +0000] [402] [INFO] Booting worker with pid: 402
[2026-03-24 15:28:45 +0000] [403] [INFO] Booting worker with pid: 403
[2026-03-24 15:28:45 +0000] [405] [INFO] Booting worker with pid: 405
[2026-03-24 15:28:45 +0000] [368] [INFO] Started server process [368]
[2026-03-24 15:28:45 +0000] [368] [INFO] Waiting for application startup.
[2026-03-24 15:28:45 +0000] [368] [INFO] Application startup complete.
[2026-03-24 15:28:45 +0000] [406] [INFO] Booting worker with pid: 406
[2026-03-24 15:28:45 +0000] [407] [INFO] Booting worker with pid: 407
[2026-03-24 15:28:45 +0000] [409] [INFO] Booting worker with pid: 409
[2026-03-24 15:28:45 +0000] [412] [INFO] Booting worker with pid: 412
[2026-03-24 15:28:45 +0000] [379] [INFO] Started server process [379]
[2026-03-24 15:28:45 +0000] [379] [INFO] Waiting for application startup.
[2026-03-24 15:28:45 +0000] [379] [INFO] Application startup complete.
[2026-03-24 15:28:45 +0000] [370] [INFO] Started server process [370]
[2026-03-24 15:28:45 +0000] [370] [INFO] Waiting for application startup.
[2026-03-24 15:28:45 +0000] [370] [INFO] Application startup complete.
[2026-03-24 15:28:45 +0000] [413] [INFO] Booting worker with pid: 413
[2026-03-24 15:28:45 +0000] [376] [INFO] Started server process [376]
[2026-03-24 15:28:45 +0000] [376] [INFO] Waiting for application startup.
[2026-03-24 15:28:45 +0000] [376] [INFO] Application startup complete.
[2026-03-24 15:28:45 +0000] [415] [INFO] Booting worker with pid: 415
[2026-03-24 15:28:45 +0000] [416] [INFO] Booting worker with pid: 416
[2026-03-24 15:28:45 +0000] [417] [INFO] Booting worker with pid: 417
[2026-03-24 15:28:45 +0000] [365] [INFO] Started server process [365]
[2026-03-24 15:28:45 +0000] [365] [INFO] Waiting for application startup.
[2026-03-24 15:28:45 +0000] [365] [INFO] Application startup complete.
[2026-03-24 15:28:45 +0000] [419] [INFO] Booting worker with pid: 419
[2026-03-24 15:28:45 +0000] [421] [INFO] Booting worker with pid: 421
[2026-03-24 15:28:45 +0000] [364] [INFO] Started server process [364]
[2026-03-24 15:28:45 +0000] [364] [INFO] Waiting for application startup.
[2026-03-24 15:28:45 +0000] [364] [INFO] Application startup complete.
[2026-03-24 15:28:45 +0000] [381] [INFO] Started server process [381]
[2026-03-24 15:28:45 +0000] [424] [INFO] Booting worker with pid: 424
[2026-03-24 15:28:45 +0000] [381] [INFO] Waiting for application startup.
[2026-03-24 15:28:45 +0000] [381] [INFO] Application startup complete.
[2026-03-24 15:28:46 +0000] [384] [INFO] Started server process [384]
[2026-03-24 15:28:46 +0000] [384] [INFO] Waiting for application startup.
[2026-03-24 15:28:46 +0000] [384] [INFO] Application startup complete.
[2026-03-24 15:28:46 +0000] [374] [INFO] Started server process [374]
[2026-03-24 15:28:46 +0000] [374] [INFO] Waiting for application startup.
[2026-03-24 15:28:46 +0000] [426] [INFO] Booting worker with pid: 426
[2026-03-24 15:28:46 +0000] [374] [INFO] Application startup complete.
[2026-03-24 15:28:46 +0000] [382] [INFO] Started server process [382]
[2026-03-24 15:28:46 +0000] [382] [INFO] Waiting for application startup.
[2026-03-24 15:28:46 +0000] [382] [INFO] Application startup complete.
[2026-03-24 15:28:46 +0000] [429] [INFO] Booting worker with pid: 429
[2026-03-24 15:28:46 +0000] [386] [INFO] Started server process [386]
[2026-03-24 15:28:46 +0000] [386] [INFO] Waiting for application startup.
[2026-03-24 15:28:46 +0000] [386] [INFO] Application startup complete.
[2026-03-24 15:28:46 +0000] [430] [INFO] Booting worker with pid: 430
[2026-03-24 15:28:46 +0000] [387] [INFO] Started server process [387]
[2026-03-24 15:28:46 +0000] [387] [INFO] Waiting for application startup.
[2026-03-24 15:28:46 +0000] [387] [INFO] Application startup complete.
[2026-03-24 15:28:46 +0000] [433] [INFO] Booting worker with pid: 433
[2026-03-24 15:28:46 +0000] [389] [INFO] Started server process [389]
[2026-03-24 15:28:46 +0000] [389] [INFO] Waiting for application startup.
[2026-03-24 15:28:46 +0000] [389] [INFO] Application startup complete.
[2026-03-24 15:28:46 +0000] [373] [INFO] Started server process [373]
[2026-03-24 15:28:46 +0000] [373] [INFO] Waiting for application startup.
[2026-03-24 15:28:46 +0000] [373] [INFO] Application startup complete.
[2026-03-24 15:28:46 +0000] [435] [INFO] Booting worker with pid: 435
[2026-03-24 15:28:46 +0000] [391] [INFO] Started server process [391]
[2026-03-24 15:28:46 +0000] [391] [INFO] Waiting for application startup.
[2026-03-24 15:28:46 +0000] [391] [INFO] Application startup complete.
[2026-03-24 15:28:46 +0000] [436] [INFO] Booting worker with pid: 436
[2026-03-24 15:28:46 +0000] [438] [INFO] Booting worker with pid: 438
[2026-03-24 15:28:46 +0000] [440] [INFO] Booting worker with pid: 440
[2026-03-24 15:28:46 +0000] [362] [INFO] Started server process [362]
[2026-03-24 15:28:46 +0000] [362] [INFO] Waiting for application startup.
[2026-03-24 15:28:46 +0000] [362] [INFO] Application startup complete.
[2026-03-24 15:28:46 +0000] [441] [INFO] Booting worker with pid: 441
[2026-03-24 15:28:46 +0000] [394] [INFO] Started server process [394]
[2026-03-24 15:28:46 +0000] [394] [INFO] Waiting for application startup.
[2026-03-24 15:28:46 +0000] [394] [INFO] Application startup complete.
[2026-03-24 15:28:46 +0000] [444] [INFO] Booting worker with pid: 444
[2026-03-24 15:28:46 +0000] [400] [INFO] Started server process [400]
[2026-03-24 15:28:46 +0000] [446] [INFO] Booting worker with pid: 446
[2026-03-24 15:28:46 +0000] [400] [INFO] Waiting for application startup.
[2026-03-24 15:28:46 +0000] [400] [INFO] Application startup complete.
[2026-03-24 15:28:46 +0000] [377] [INFO] Started server process [377]
[2026-03-24 15:28:46 +0000] [377] [INFO] Waiting for application startup.
[2026-03-24 15:28:46 +0000] [377] [INFO] Application startup complete.
[2026-03-24 15:28:46 +0000] [398] [INFO] Started server process [398]
[2026-03-24 15:28:46 +0000] [398] [INFO] Waiting for application startup.
[2026-03-24 15:28:46 +0000] [398] [INFO] Application startup complete.
[2026-03-24 15:28:46 +0000] [402] [INFO] Started server process [402]
[2026-03-24 15:28:46 +0000] [402] [INFO] Waiting for application startup.
[2026-03-24 15:28:46 +0000] [402] [INFO] Application startup complete.
[2026-03-24 15:28:46 +0000] [366] [INFO] Started server process [366]
[2026-03-24 15:28:46 +0000] [366] [INFO] Waiting for application startup.
[2026-03-24 15:28:46 +0000] [366] [INFO] Application startup complete.
[2026-03-24 15:28:46 +0000] [403] [INFO] Started server process [403]
[2026-03-24 15:28:46 +0000] [403] [INFO] Waiting for application startup.
[2026-03-24 15:28:46 +0000] [403] [INFO] Application startup complete.
[2026-03-24 15:28:46 +0000] [452] [INFO] Booting worker with pid: 452
[2026-03-24 15:28:46 +0000] [367] [INFO] Started server process [367]
[2026-03-24 15:28:46 +0000] [367] [INFO] Waiting for application startup.
[2026-03-24 15:28:46 +0000] [367] [INFO] Application startup complete.
[2026-03-24 15:28:46 +0000] [396] [INFO] Started server process [396]
[2026-03-24 15:28:46 +0000] [396] [INFO] Waiting for application startup.
[2026-03-24 15:28:46 +0000] [396] [INFO] Application startup complete.
[2026-03-24 15:28:46 +0000] [390] [INFO] Started server process [390]
[2026-03-24 15:28:46 +0000] [390] [INFO] Waiting for application startup.
[2026-03-24 15:28:46 +0000] [390] [INFO] Application startup complete.
[2026-03-24 15:28:46 +0000] [378] [INFO] Started server process [378]
[2026-03-24 15:28:46 +0000] [378] [INFO] Waiting for application startup.
[2026-03-24 15:28:46 +0000] [378] [INFO] Application startup complete.
[2026-03-24 15:28:46 +0000] [392] [INFO] Started server process [392]
[2026-03-24 15:28:46 +0000] [392] [INFO] Waiting for application startup.
[2026-03-24 15:28:46 +0000] [392] [INFO] Application startup complete.
[2026-03-24 15:28:47 +0000] [388] [INFO] Started server process [388]
[2026-03-24 15:28:47 +0000] [388] [INFO] Waiting for application startup.
[2026-03-24 15:28:47 +0000] [388] [INFO] Application startup complete.
[2026-03-24 15:28:47 +0000] [421] [INFO] Started server process [421]
[2026-03-24 15:28:47 +0000] [421] [INFO] Waiting for application startup.
[2026-03-24 15:28:47 +0000] [421] [INFO] Application startup complete.
[2026-03-24 15:28:47 +0000] [383] [INFO] Started server process [383]
[2026-03-24 15:28:47 +0000] [383] [INFO] Waiting for application startup.
[2026-03-24 15:28:47 +0000] [383] [INFO] Application startup complete.
[2026-03-24 15:28:47 +0000] [412] [INFO] Started server process [412]
[2026-03-24 15:28:47 +0000] [412] [INFO] Waiting for application startup.
[2026-03-24 15:28:47 +0000] [412] [INFO] Application startup complete.
[2026-03-24 15:28:47 +0000] [409] [INFO] Started server process [409]
[2026-03-24 15:28:47 +0000] [409] [INFO] Waiting for application startup.
[2026-03-24 15:28:47 +0000] [409] [INFO] Application startup complete.
[2026-03-24 15:28:47 +0000] [463] [INFO] Booting worker with pid: 463
[2026-03-24 15:28:47 +0000] [401] [INFO] Started server process [401]
[2026-03-24 15:28:47 +0000] [401] [INFO] Waiting for application startup.
[2026-03-24 15:28:47 +0000] [401] [INFO] Application startup complete.
[2026-03-24 15:28:47 +0000] [417] [INFO] Started server process [417]
[2026-03-24 15:28:47 +0000] [417] [INFO] Waiting for application startup.
[2026-03-24 15:28:47 +0000] [417] [INFO] Application startup complete.
[2026-03-24 15:28:47 +0000] [419] [INFO] Started server process [419]
[2026-03-24 15:28:47 +0000] [419] [INFO] Waiting for application startup.
[2026-03-24 15:28:47 +0000] [419] [INFO] Application startup complete.
[2026-03-24 15:28:47 +0000] [413] [INFO] Started server process [413]
[2026-03-24 15:28:47 +0000] [413] [INFO] Waiting for application startup.
[2026-03-24 15:28:47 +0000] [413] [INFO] Application startup complete.
[2026-03-24 15:28:47 +0000] [416] [INFO] Started server process [416]
[2026-03-24 15:28:47 +0000] [416] [INFO] Waiting for application startup.
[2026-03-24 15:28:47 +0000] [416] [INFO] Application startup complete.
[2026-03-24 15:28:47 +0000] [393] [INFO] Started server process [393]
[2026-03-24 15:28:47 +0000] [393] [INFO] Waiting for application startup.
[2026-03-24 15:28:47 +0000] [393] [INFO] Application startup complete.
[2026-03-24 15:28:47 +0000] [395] [INFO] Started server process [395]
[2026-03-24 15:28:47 +0000] [395] [INFO] Waiting for application startup.
[2026-03-24 15:28:47 +0000] [395] [INFO] Application startup complete.
[2026-03-24 15:28:47 +0000] [424] [INFO] Started server process [424]
[2026-03-24 15:28:47 +0000] [424] [INFO] Waiting for application startup.
[2026-03-24 15:28:47 +0000] [424] [INFO] Application startup complete.
[2026-03-24 15:28:47 +0000] [407] [INFO] Started server process [407]
[2026-03-24 15:28:47 +0000] [407] [INFO] Waiting for application startup.
[2026-03-24 15:28:47 +0000] [407] [INFO] Application startup complete.
[2026-03-24 15:28:47 +0000] [429] [INFO] Started server process [429]
[2026-03-24 15:28:47 +0000] [429] [INFO] Waiting for application startup.
[2026-03-24 15:28:47 +0000] [429] [INFO] Application startup complete.
[2026-03-24 15:28:47 +0000] [474] [INFO] Booting worker with pid: 474
[2026-03-24 15:28:47 +0000] [405] [INFO] Started server process [405]
[2026-03-24 15:28:47 +0000] [405] [INFO] Waiting for application startup.
[2026-03-24 15:28:47 +0000] [405] [INFO] Application startup complete.
[2026-03-24 15:28:47 +0000] [406] [INFO] Started server process [406]
[2026-03-24 15:28:47 +0000] [406] [INFO] Waiting for application startup.
[2026-03-24 15:28:47 +0000] [406] [INFO] Application startup complete.
[2026-03-24 15:28:47 +0000] [430] [INFO] Started server process [430]
[2026-03-24 15:28:47 +0000] [430] [INFO] Waiting for application startup.
[2026-03-24 15:28:47 +0000] [430] [INFO] Application startup complete.
[2026-03-24 15:28:47 +0000] [415] [INFO] Started server process [415]
[2026-03-24 15:28:47 +0000] [415] [INFO] Waiting for application startup.
[2026-03-24 15:28:47 +0000] [415] [INFO] Application startup complete.
[2026-03-24 15:28:47 +0000] [435] [INFO] Started server process [435]
[2026-03-24 15:28:47 +0000] [435] [INFO] Waiting for application startup.
[2026-03-24 15:28:47 +0000] [435] [INFO] Application startup complete.
[2026-03-24 15:28:47 +0000] [433] [INFO] Started server process [433]
[2026-03-24 15:28:47 +0000] [433] [INFO] Waiting for application startup.
[2026-03-24 15:28:47 +0000] [433] [INFO] Application startup complete.
[2026-03-24 15:28:47 +0000] [426] [INFO] Started server process [426]
[2026-03-24 15:28:47 +0000] [426] [INFO] Waiting for application startup.
[2026-03-24 15:28:47 +0000] [426] [INFO] Application startup complete.
[2026-03-24 15:28:47 +0000] [482] [INFO] Booting worker with pid: 482
[2026-03-24 15:28:47 +0000] [436] [INFO] Started server process [436]
[2026-03-24 15:28:47 +0000] [436] [INFO] Waiting for application startup.
[2026-03-24 15:28:47 +0000] [436] [INFO] Application startup complete.
[2026-03-24 15:28:47 +0000] [438] [INFO] Started server process [438]
[2026-03-24 15:28:47 +0000] [438] [INFO] Waiting for application startup.
[2026-03-24 15:28:47 +0000] [438] [INFO] Application startup complete.
[2026-03-24 15:28:47 +0000] [486] [INFO] Booting worker with pid: 486
[2026-03-24 15:28:47 +0000] [440] [INFO] Started server process [440]
[2026-03-24 15:28:47 +0000] [440] [INFO] Waiting for application startup.
[2026-03-24 15:28:47 +0000] [440] [INFO] Application startup complete.
[2026-03-24 15:28:47 +0000] [441] [INFO] Started server process [441]
[2026-03-24 15:28:47 +0000] [441] [INFO] Waiting for application startup.
[2026-03-24 15:28:47 +0000] [441] [INFO] Application startup complete.
[2026-03-24 15:28:47 +0000] [446] [INFO] Started server process [446]
[2026-03-24 15:28:47 +0000] [446] [INFO] Waiting for application startup.
[2026-03-24 15:28:47 +0000] [446] [INFO] Application startup complete.
[2026-03-24 15:28:47 +0000] [444] [INFO] Started server process [444]
[2026-03-24 15:28:47 +0000] [444] [INFO] Waiting for application startup.
[2026-03-24 15:28:47 +0000] [444] [INFO] Application startup complete.
[2026-03-24 15:28:47 +0000] [452] [INFO] Started server process [452]
[2026-03-24 15:28:47 +0000] [452] [INFO] Waiting for application startup.
[2026-03-24 15:28:47 +0000] [452] [INFO] Application startup complete.
[2026-03-24 15:28:47 +0000] [489] [INFO] Booting worker with pid: 489
[2026-03-24 15:28:47 +0000] [463] [INFO] Started server process [463]
[2026-03-24 15:28:47 +0000] [463] [INFO] Waiting for application startup.
[2026-03-24 15:28:47 +0000] [463] [INFO] Application startup complete.
[2026-03-24 15:28:47 +0000] [491] [INFO] Booting worker with pid: 491
[2026-03-24 15:28:47 +0000] [474] [INFO] Started server process [474]
[2026-03-24 15:28:47 +0000] [474] [INFO] Waiting for application startup.
[2026-03-24 15:28:47 +0000] [474] [INFO] Application startup complete.
[2026-03-24 15:28:47 +0000] [482] [INFO] Started server process [482]
[2026-03-24 15:28:47 +0000] [482] [INFO] Waiting for application startup.
[2026-03-24 15:28:47 +0000] [482] [INFO] Application startup complete.
[2026-03-24 15:28:47 +0000] [494] [INFO] Booting worker with pid: 494
[2026-03-24 15:28:47 +0000] [486] [INFO] Started server process [486]
[2026-03-24 15:28:47 +0000] [486] [INFO] Waiting for application startup.
[2026-03-24 15:28:47 +0000] [486] [INFO] Application startup complete.
[2026-03-24 15:28:47 +0000] [497] [INFO] Booting worker with pid: 497
[2026-03-24 15:28:47 +0000] [489] [INFO] Started server process [489]
[2026-03-24 15:28:47 +0000] [489] [INFO] Waiting for application startup.
[2026-03-24 15:28:47 +0000] [489] [INFO] Application startup complete.
[2026-03-24 15:28:47 +0000] [491] [INFO] Started server process [491]
[2026-03-24 15:28:47 +0000] [491] [INFO] Waiting for application startup.
[2026-03-24 15:28:47 +0000] [491] [INFO] Application startup complete.
[2026-03-24 15:28:47 +0000] [499] [INFO] Booting worker with pid: 499
[2026-03-24 15:28:47 +0000] [501] [INFO] Booting worker with pid: 501
[2026-03-24 15:28:47 +0000] [502] [INFO] Booting worker with pid: 502
[2026-03-24 15:28:47 +0000] [494] [INFO] Started server process [494]
[2026-03-24 15:28:47 +0000] [494] [INFO] Waiting for application startup.
[2026-03-24 15:28:47 +0000] [494] [INFO] Application startup complete.
[2026-03-24 15:28:47 +0000] [503] [INFO] Booting worker with pid: 503
[2026-03-24 15:28:47 +0000] [497] [INFO] Started server process [497]
[2026-03-24 15:28:47 +0000] [497] [INFO] Waiting for application startup.
[2026-03-24 15:28:47 +0000] [497] [INFO] Application startup complete.
[2026-03-24 15:28:47 +0000] [505] [INFO] Booting worker with pid: 505
[2026-03-24 15:28:47 +0000] [506] [INFO] Booting worker with pid: 506
[2026-03-24 15:28:47 +0000] [507] [INFO] Booting worker with pid: 507
[2026-03-24 15:28:47 +0000] [508] [INFO] Booting worker with pid: 508
[2026-03-24 15:28:47 +0000] [499] [INFO] Started server process [499]
[2026-03-24 15:28:47 +0000] [499] [INFO] Waiting for application startup.
[2026-03-24 15:28:47 +0000] [499] [INFO] Application startup complete.
[2026-03-24 15:28:47 +0000] [510] [INFO] Booting worker with pid: 510
[2026-03-24 15:28:47 +0000] [501] [INFO] Started server process [501]
[2026-03-24 15:28:47 +0000] [501] [INFO] Waiting for application startup.
[2026-03-24 15:28:47 +0000] [501] [INFO] Application startup complete.
[2026-03-24 15:28:47 +0000] [502] [INFO] Started server process [502]
[2026-03-24 15:28:47 +0000] [502] [INFO] Waiting for application startup.
[2026-03-24 15:28:47 +0000] [502] [INFO] Application startup complete.
[2026-03-24 15:28:47 +0000] [503] [INFO] Started server process [503]
[2026-03-24 15:28:47 +0000] [503] [INFO] Waiting for application startup.
[2026-03-24 15:28:47 +0000] [503] [INFO] Application startup complete.
[2026-03-24 15:28:48 +0000] [505] [INFO] Started server process [505]
[2026-03-24 15:28:48 +0000] [505] [INFO] Waiting for application startup.
[2026-03-24 15:28:48 +0000] [505] [INFO] Application startup complete.
[2026-03-24 15:28:48 +0000] [506] [INFO] Started server process [506]
[2026-03-24 15:28:48 +0000] [506] [INFO] Waiting for application startup.
[2026-03-24 15:28:48 +0000] [506] [INFO] Application startup complete.
[2026-03-24 15:28:48 +0000] [507] [INFO] Started server process [507]
[2026-03-24 15:28:48 +0000] [507] [INFO] Waiting for application startup.
[2026-03-24 15:28:48 +0000] [507] [INFO] Application startup complete.
[2026-03-24 15:28:48 +0000] [508] [INFO] Started server process [508]
[2026-03-24 15:28:48 +0000] [508] [INFO] Waiting for application startup.
[2026-03-24 15:28:48 +0000] [508] [INFO] Application startup complete.
[2026-03-24 15:28:48 +0000] [510] [INFO] Started server process [510]
[2026-03-24 15:28:48 +0000] [510] [INFO] Waiting for application startup.
[2026-03-24 15:28:48 +0000] [510] [INFO] Application startup complete.
