[1] Puma starting in cluster mode...
[1] * Puma version: 6.6.1 ("Return to Forever")
[1] * Ruby version: ruby 3.4.9 (2026-03-11 revision 76cca827ab) +PRISM [x86_64-linux]
[1] *  Min threads: 4
[1] *  Max threads: 4
[1] *  Environment: development
[1] *   Master PID: 1
[1] *      Workers: 128
[1] *     Restarts: (✔) hot (✖) phased (✖) refork
[1] * Preloading application
[1] * Listening on http://0.0.0.0:8080
[1] Use Ctrl-C to stop
[1] - Worker 0 (PID: 8) booted in 0.27s, phase: 0
[1] - Worker 1 (PID: 11) booted in 0.28s, phase: 0
[1] - Worker 2 (PID: 16) booted in 0.27s, phase: 0
[1] - Worker 3 (PID: 23) booted in 0.27s, phase: 0
[1] - Worker 4 (PID: 34) booted in 0.27s, phase: 0
[1] - Worker 5 (PID: 47) booted in 0.27s, phase: 0
[1] - Worker 6 (PID: 59) booted in 0.27s, phase: 0
[1] - Worker 7 (PID: 70) booted in 0.26s, phase: 0
[1] - Worker 8 (PID: 89) booted in 0.26s, phase: 0
[1] - Worker 9 (PID: 99) booted in 0.26s, phase: 0
[1] - Worker 10 (PID: 108) booted in 0.26s, phase: 0
[1] - Worker 11 (PID: 123) booted in 0.26s, phase: 0
[1] - Worker 12 (PID: 135) booted in 0.26s, phase: 0
[1] - Worker 13 (PID: 146) booted in 0.26s, phase: 0
[1] - Worker 14 (PID: 172) booted in 0.25s, phase: 0
[1] - Worker 15 (PID: 179) booted in 0.25s, phase: 0
[1] - Worker 16 (PID: 187) booted in 0.25s, phase: 0
[1] - Worker 17 (PID: 195) booted in 0.25s, phase: 0
[1] - Worker 18 (PID: 207) booted in 0.25s, phase: 0
[1] - Worker 19 (PID: 219) booted in 0.25s, phase: 0
[1] - Worker 20 (PID: 230) booted in 0.24s, phase: 0
[1] - Worker 21 (PID: 243) booted in 0.24s, phase: 0
[1] - Worker 22 (PID: 256) booted in 0.24s, phase: 0
[1] - Worker 23 (PID: 267) booted in 0.24s, phase: 0
[1] - Worker 24 (PID: 279) booted in 0.24s, phase: 0
[1] - Worker 25 (PID: 291) booted in 0.24s, phase: 0
[1] - Worker 26 (PID: 303) booted in 0.23s, phase: 0
[1] - Worker 27 (PID: 314) booted in 0.23s, phase: 0
[1] - Worker 28 (PID: 327) booted in 0.23s, phase: 0
[1] - Worker 29 (PID: 349) booted in 0.23s, phase: 0
[1] - Worker 30 (PID: 363) booted in 0.23s, phase: 0
[1] - Worker 31 (PID: 367) booted in 0.23s, phase: 0
[1] - Worker 32 (PID: 377) booted in 0.22s, phase: 0
[1] - Worker 33 (PID: 386) booted in 0.22s, phase: 0
[1] - Worker 34 (PID: 398) booted in 0.22s, phase: 0
[1] - Worker 35 (PID: 408) booted in 0.22s, phase: 0
[1] - Worker 36 (PID: 421) booted in 0.22s, phase: 0
[1] - Worker 37 (PID: 434) booted in 0.22s, phase: 0
[1] - Worker 38 (PID: 444) booted in 0.21s, phase: 0
[1] - Worker 39 (PID: 457) booted in 0.21s, phase: 0
[1] - Worker 40 (PID: 470) booted in 0.21s, phase: 0
[1] - Worker 41 (PID: 483) booted in 0.21s, phase: 0
[1] - Worker 42 (PID: 493) booted in 0.21s, phase: 0
[1] - Worker 43 (PID: 504) booted in 0.2s, phase: 0
[1] - Worker 44 (PID: 518) booted in 0.2s, phase: 0
[1] - Worker 45 (PID: 531) booted in 0.2s, phase: 0
[1] - Worker 46 (PID: 543) booted in 0.2s, phase: 0
[1] - Worker 47 (PID: 553) booted in 0.2s, phase: 0
[1] - Worker 48 (PID: 566) booted in 0.2s, phase: 0
[1] - Worker 49 (PID: 576) booted in 0.2s, phase: 0
[1] - Worker 50 (PID: 590) booted in 0.19s, phase: 0
[1] - Worker 51 (PID: 601) booted in 0.19s, phase: 0
[1] - Worker 52 (PID: 613) booted in 0.19s, phase: 0
[1] - Worker 53 (PID: 624) booted in 0.19s, phase: 0
[1] - Worker 54 (PID: 637) booted in 0.19s, phase: 0
[1] - Worker 55 (PID: 649) booted in 0.19s, phase: 0
[1] - Worker 56 (PID: 661) booted in 0.18s, phase: 0
[1] - Worker 57 (PID: 675) booted in 0.18s, phase: 0
[1] - Worker 58 (PID: 685) booted in 0.18s, phase: 0
[1] - Worker 59 (PID: 699) booted in 0.18s, phase: 0
[1] - Worker 60 (PID: 710) booted in 0.18s, phase: 0
[1] - Worker 61 (PID: 722) booted in 0.17s, phase: 0
[1] - Worker 62 (PID: 733) booted in 0.17s, phase: 0
[1] - Worker 63 (PID: 745) booted in 0.17s, phase: 0
[1] - Worker 64 (PID: 758) booted in 0.17s, phase: 0
[1] - Worker 65 (PID: 770) booted in 0.17s, phase: 0
[1] - Worker 66 (PID: 782) booted in 0.17s, phase: 0
[1] - Worker 67 (PID: 794) booted in 0.17s, phase: 0
[1] - Worker 68 (PID: 806) booted in 0.16s, phase: 0
[1] - Worker 69 (PID: 816) booted in 0.16s, phase: 0
[1] - Worker 70 (PID: 831) booted in 0.16s, phase: 0
[1] - Worker 71 (PID: 842) booted in 0.16s, phase: 0
[1] - Worker 72 (PID: 854) booted in 0.16s, phase: 0
[1] - Worker 73 (PID: 863) booted in 0.16s, phase: 0
[1] - Worker 74 (PID: 877) booted in 0.15s, phase: 0
[1] - Worker 75 (PID: 890) booted in 0.15s, phase: 0
[1] - Worker 76 (PID: 901) booted in 0.15s, phase: 0
[1] - Worker 77 (PID: 912) booted in 0.15s, phase: 0
[1] - Worker 78 (PID: 926) booted in 0.15s, phase: 0
[1] - Worker 79 (PID: 935) booted in 0.15s, phase: 0
[1] - Worker 80 (PID: 950) booted in 0.14s, phase: 0
[1] - Worker 81 (PID: 960) booted in 0.14s, phase: 0
[1] - Worker 82 (PID: 971) booted in 0.14s, phase: 0
[1] - Worker 83 (PID: 985) booted in 0.14s, phase: 0
[1] - Worker 84 (PID: 997) booted in 0.14s, phase: 0
[1] - Worker 85 (PID: 1010) booted in 0.13s, phase: 0
[1] - Worker 86 (PID: 1021) booted in 0.13s, phase: 0
[1] - Worker 87 (PID: 1033) booted in 0.13s, phase: 0
[1] - Worker 88 (PID: 1046) booted in 0.13s, phase: 0
[1] - Worker 89 (PID: 1058) booted in 0.13s, phase: 0
[1] - Worker 90 (PID: 1068) booted in 0.13s, phase: 0
[1] - Worker 91 (PID: 1081) booted in 0.12s, phase: 0
[1] - Worker 92 (PID: 1092) booted in 0.12s, phase: 0
[1] - Worker 93 (PID: 1106) booted in 0.12s, phase: 0
[1] - Worker 94 (PID: 1119) booted in 0.12s, phase: 0
[1] - Worker 95 (PID: 1131) booted in 0.12s, phase: 0
[1] - Worker 96 (PID: 1143) booted in 0.12s, phase: 0
[1] - Worker 97 (PID: 1155) booted in 0.11s, phase: 0
[1] - Worker 98 (PID: 1165) booted in 0.11s, phase: 0
[1] - Worker 99 (PID: 1178) booted in 0.11s, phase: 0
[1] - Worker 100 (PID: 1190) booted in 0.11s, phase: 0
[1] - Worker 101 (PID: 1202) booted in 0.11s, phase: 0
[1] - Worker 102 (PID: 1215) booted in 0.11s, phase: 0
[1] - Worker 103 (PID: 1225) booted in 0.1s, phase: 0
[1] - Worker 104 (PID: 1238) booted in 0.1s, phase: 0
[1] - Worker 105 (PID: 1249) booted in 0.1s, phase: 0
[1] - Worker 106 (PID: 1262) booted in 0.1s, phase: 0
[1] - Worker 107 (PID: 1272) booted in 0.1s, phase: 0
[1] - Worker 108 (PID: 1286) booted in 0.1s, phase: 0
[1] - Worker 109 (PID: 1299) booted in 0.09s, phase: 0
[1] - Worker 110 (PID: 1310) booted in 0.09s, phase: 0
[1] - Worker 111 (PID: 1323) booted in 0.09s, phase: 0
[1] - Worker 112 (PID: 1334) booted in 0.09s, phase: 0
[1] - Worker 113 (PID: 1345) booted in 0.09s, phase: 0
[1] - Worker 114 (PID: 1358) booted in 0.08s, phase: 0
[1] - Worker 115 (PID: 1371) booted in 0.08s, phase: 0
[1] - Worker 116 (PID: 1382) booted in 0.08s, phase: 0
[1] - Worker 117 (PID: 1394) booted in 0.08s, phase: 0
[1] - Worker 118 (PID: 1406) booted in 0.08s, phase: 0
[1] - Worker 119 (PID: 1419) booted in 0.08s, phase: 0
[1] - Worker 120 (PID: 1430) booted in 0.07s, phase: 0
[1] - Worker 121 (PID: 1442) booted in 0.07s, phase: 0
[1] - Worker 122 (PID: 1455) booted in 0.07s, phase: 0
[1] - Worker 123 (PID: 1467) booted in 0.07s, phase: 0
[1] - Worker 124 (PID: 1479) booted in 0.07s, phase: 0
[1] - Worker 125 (PID: 1491) booted in 0.07s, phase: 0
[1] - Worker 126 (PID: 1503) booted in 0.06s, phase: 0
[1] - Worker 127 (PID: 1515) booted in 0.06s, phase: 0
