[2026-03-24 16:22:49 +0000] [1] [INFO] Starting gunicorn 23.0.0
[2026-03-24 16:22:49 +0000] [1] [INFO] Listening at: http://0.0.0.0:8080 (1)
[2026-03-24 16:22:49 +0000] [1] [INFO] Using worker: uvicorn.workers.UvicornWorker
[2026-03-24 16:22:49 +0000] [7] [INFO] Booting worker with pid: 7
[2026-03-24 16:22:49 +0000] [8] [INFO] Booting worker with pid: 8
[2026-03-24 16:22:49 +0000] [8] [INFO] Started server process [8]
[2026-03-24 16:22:49 +0000] [7] [INFO] Started server process [7]
[2026-03-24 16:22:49 +0000] [8] [INFO] Waiting for application startup.
[2026-03-24 16:22:49 +0000] [7] [INFO] Waiting for application startup.
[2026-03-24 16:22:49 +0000] [7] [INFO] Application startup complete.
[2026-03-24 16:22:49 +0000] [8] [INFO] Application startup complete.
[2026-03-24 16:22:49 +0000] [11] [INFO] Booting worker with pid: 11
[2026-03-24 16:22:49 +0000] [12] [INFO] Booting worker with pid: 12
[2026-03-24 16:22:49 +0000] [13] [INFO] Booting worker with pid: 13
[2026-03-24 16:22:49 +0000] [11] [INFO] Started server process [11]
[2026-03-24 16:22:49 +0000] [11] [INFO] Waiting for application startup.
[2026-03-24 16:22:49 +0000] [11] [INFO] Application startup complete.
[2026-03-24 16:22:49 +0000] [12] [INFO] Started server process [12]
[2026-03-24 16:22:49 +0000] [12] [INFO] Waiting for application startup.
[2026-03-24 16:22:49 +0000] [12] [INFO] Application startup complete.
[2026-03-24 16:22:49 +0000] [16] [INFO] Booting worker with pid: 16
[2026-03-24 16:22:49 +0000] [13] [INFO] Started server process [13]
[2026-03-24 16:22:49 +0000] [13] [INFO] Waiting for application startup.
[2026-03-24 16:22:49 +0000] [13] [INFO] Application startup complete.
[2026-03-24 16:22:49 +0000] [16] [INFO] Started server process [16]
[2026-03-24 16:22:49 +0000] [16] [INFO] Waiting for application startup.
[2026-03-24 16:22:49 +0000] [16] [INFO] Application startup complete.
[2026-03-24 16:22:49 +0000] [19] [INFO] Booting worker with pid: 19
[2026-03-24 16:22:49 +0000] [19] [INFO] Started server process [19]
[2026-03-24 16:22:49 +0000] [19] [INFO] Waiting for application startup.
[2026-03-24 16:22:49 +0000] [19] [INFO] Application startup complete.
[2026-03-24 16:22:49 +0000] [21] [INFO] Booting worker with pid: 21
[2026-03-24 16:22:49 +0000] [22] [INFO] Booting worker with pid: 22
[2026-03-24 16:22:50 +0000] [21] [INFO] Started server process [21]
[2026-03-24 16:22:50 +0000] [21] [INFO] Waiting for application startup.
[2026-03-24 16:22:50 +0000] [21] [INFO] Application startup complete.
[2026-03-24 16:22:50 +0000] [25] [INFO] Booting worker with pid: 25
[2026-03-24 16:22:50 +0000] [22] [INFO] Started server process [22]
[2026-03-24 16:22:50 +0000] [22] [INFO] Waiting for application startup.
[2026-03-24 16:22:50 +0000] [22] [INFO] Application startup complete.
[2026-03-24 16:22:50 +0000] [25] [INFO] Started server process [25]
[2026-03-24 16:22:50 +0000] [25] [INFO] Waiting for application startup.
[2026-03-24 16:22:50 +0000] [25] [INFO] Application startup complete.
[2026-03-24 16:22:50 +0000] [27] [INFO] Booting worker with pid: 27
[2026-03-24 16:22:50 +0000] [27] [INFO] Started server process [27]
[2026-03-24 16:22:50 +0000] [27] [INFO] Waiting for application startup.
[2026-03-24 16:22:50 +0000] [27] [INFO] Application startup complete.
[2026-03-24 16:22:50 +0000] [29] [INFO] Booting worker with pid: 29
[2026-03-24 16:22:50 +0000] [29] [INFO] Started server process [29]
[2026-03-24 16:22:50 +0000] [29] [INFO] Waiting for application startup.
[2026-03-24 16:22:50 +0000] [29] [INFO] Application startup complete.
[2026-03-24 16:22:50 +0000] [31] [INFO] Booting worker with pid: 31
[2026-03-24 16:22:50 +0000] [32] [INFO] Booting worker with pid: 32
[2026-03-24 16:22:50 +0000] [31] [INFO] Started server process [31]
[2026-03-24 16:22:50 +0000] [31] [INFO] Waiting for application startup.
[2026-03-24 16:22:50 +0000] [31] [INFO] Application startup complete.
[2026-03-24 16:22:50 +0000] [34] [INFO] Booting worker with pid: 34
[2026-03-24 16:22:50 +0000] [36] [INFO] Booting worker with pid: 36
[2026-03-24 16:22:50 +0000] [32] [INFO] Started server process [32]
[2026-03-24 16:22:50 +0000] [32] [INFO] Waiting for application startup.
[2026-03-24 16:22:50 +0000] [32] [INFO] Application startup complete.
[2026-03-24 16:22:50 +0000] [37] [INFO] Booting worker with pid: 37
[2026-03-24 16:22:50 +0000] [34] [INFO] Started server process [34]
[2026-03-24 16:22:50 +0000] [34] [INFO] Waiting for application startup.
[2026-03-24 16:22:50 +0000] [34] [INFO] Application startup complete.
[2026-03-24 16:22:50 +0000] [36] [INFO] Started server process [36]
[2026-03-24 16:22:50 +0000] [36] [INFO] Waiting for application startup.
[2026-03-24 16:22:50 +0000] [36] [INFO] Application startup complete.
[2026-03-24 16:22:50 +0000] [37] [INFO] Started server process [37]
[2026-03-24 16:22:50 +0000] [37] [INFO] Waiting for application startup.
[2026-03-24 16:22:50 +0000] [37] [INFO] Application startup complete.
[2026-03-24 16:22:50 +0000] [41] [INFO] Booting worker with pid: 41
[2026-03-24 16:22:50 +0000] [43] [INFO] Booting worker with pid: 43
[2026-03-24 16:22:50 +0000] [44] [INFO] Booting worker with pid: 44
[2026-03-24 16:22:50 +0000] [41] [INFO] Started server process [41]
[2026-03-24 16:22:50 +0000] [41] [INFO] Waiting for application startup.
[2026-03-24 16:22:50 +0000] [41] [INFO] Application startup complete.
[2026-03-24 16:22:50 +0000] [45] [INFO] Booting worker with pid: 45
[2026-03-24 16:22:50 +0000] [43] [INFO] Started server process [43]
[2026-03-24 16:22:50 +0000] [43] [INFO] Waiting for application startup.
[2026-03-24 16:22:50 +0000] [43] [INFO] Application startup complete.
[2026-03-24 16:22:50 +0000] [44] [INFO] Started server process [44]
[2026-03-24 16:22:50 +0000] [44] [INFO] Waiting for application startup.
[2026-03-24 16:22:50 +0000] [44] [INFO] Application startup complete.
[2026-03-24 16:22:50 +0000] [45] [INFO] Started server process [45]
[2026-03-24 16:22:50 +0000] [45] [INFO] Waiting for application startup.
[2026-03-24 16:22:50 +0000] [45] [INFO] Application startup complete.
[2026-03-24 16:22:50 +0000] [49] [INFO] Booting worker with pid: 49
[2026-03-24 16:22:50 +0000] [49] [INFO] Started server process [49]
[2026-03-24 16:22:50 +0000] [49] [INFO] Waiting for application startup.
[2026-03-24 16:22:50 +0000] [49] [INFO] Application startup complete.
[2026-03-24 16:22:50 +0000] [51] [INFO] Booting worker with pid: 51
[2026-03-24 16:22:50 +0000] [52] [INFO] Booting worker with pid: 52
[2026-03-24 16:22:50 +0000] [51] [INFO] Started server process [51]
[2026-03-24 16:22:50 +0000] [51] [INFO] Waiting for application startup.
[2026-03-24 16:22:50 +0000] [51] [INFO] Application startup complete.
[2026-03-24 16:22:50 +0000] [54] [INFO] Booting worker with pid: 54
[2026-03-24 16:22:50 +0000] [52] [INFO] Started server process [52]
[2026-03-24 16:22:50 +0000] [52] [INFO] Waiting for application startup.
[2026-03-24 16:22:50 +0000] [52] [INFO] Application startup complete.
[2026-03-24 16:22:50 +0000] [54] [INFO] Started server process [54]
[2026-03-24 16:22:50 +0000] [54] [INFO] Waiting for application startup.
[2026-03-24 16:22:50 +0000] [54] [INFO] Application startup complete.
[2026-03-24 16:22:50 +0000] [57] [INFO] Booting worker with pid: 57
[2026-03-24 16:22:50 +0000] [59] [INFO] Booting worker with pid: 59
[2026-03-24 16:22:50 +0000] [57] [INFO] Started server process [57]
[2026-03-24 16:22:50 +0000] [57] [INFO] Waiting for application startup.
[2026-03-24 16:22:50 +0000] [57] [INFO] Application startup complete.
[2026-03-24 16:22:50 +0000] [60] [INFO] Booting worker with pid: 60
[2026-03-24 16:22:50 +0000] [61] [INFO] Booting worker with pid: 61
[2026-03-24 16:22:51 +0000] [59] [INFO] Started server process [59]
[2026-03-24 16:22:51 +0000] [59] [INFO] Waiting for application startup.
[2026-03-24 16:22:51 +0000] [59] [INFO] Application startup complete.
[2026-03-24 16:22:51 +0000] [60] [INFO] Started server process [60]
[2026-03-24 16:22:51 +0000] [60] [INFO] Waiting for application startup.
[2026-03-24 16:22:51 +0000] [60] [INFO] Application startup complete.
[2026-03-24 16:22:51 +0000] [64] [INFO] Booting worker with pid: 64
[2026-03-24 16:22:51 +0000] [61] [INFO] Started server process [61]
[2026-03-24 16:22:51 +0000] [61] [INFO] Waiting for application startup.
[2026-03-24 16:22:51 +0000] [61] [INFO] Application startup complete.
[2026-03-24 16:22:51 +0000] [66] [INFO] Booting worker with pid: 66
[2026-03-24 16:22:51 +0000] [64] [INFO] Started server process [64]
[2026-03-24 16:22:51 +0000] [64] [INFO] Waiting for application startup.
[2026-03-24 16:22:51 +0000] [64] [INFO] Application startup complete.
[2026-03-24 16:22:51 +0000] [68] [INFO] Booting worker with pid: 68
[2026-03-24 16:22:51 +0000] [66] [INFO] Started server process [66]
[2026-03-24 16:22:51 +0000] [66] [INFO] Waiting for application startup.
[2026-03-24 16:22:51 +0000] [66] [INFO] Application startup complete.
[2026-03-24 16:22:51 +0000] [68] [INFO] Started server process [68]
[2026-03-24 16:22:51 +0000] [68] [INFO] Waiting for application startup.
[2026-03-24 16:22:51 +0000] [68] [INFO] Application startup complete.
[2026-03-24 16:22:51 +0000] [71] [INFO] Booting worker with pid: 71
[2026-03-24 16:22:51 +0000] [73] [INFO] Booting worker with pid: 73
[2026-03-24 16:22:51 +0000] [71] [INFO] Started server process [71]
[2026-03-24 16:22:51 +0000] [71] [INFO] Waiting for application startup.
[2026-03-24 16:22:51 +0000] [71] [INFO] Application startup complete.
[2026-03-24 16:22:51 +0000] [73] [INFO] Started server process [73]
[2026-03-24 16:22:51 +0000] [73] [INFO] Waiting for application startup.
[2026-03-24 16:22:51 +0000] [73] [INFO] Application startup complete.
[2026-03-24 16:22:51 +0000] [75] [INFO] Booting worker with pid: 75
[2026-03-24 16:22:51 +0000] [76] [INFO] Booting worker with pid: 76
[2026-03-24 16:22:51 +0000] [75] [INFO] Started server process [75]
[2026-03-24 16:22:51 +0000] [75] [INFO] Waiting for application startup.
[2026-03-24 16:22:51 +0000] [75] [INFO] Application startup complete.
[2026-03-24 16:22:51 +0000] [76] [INFO] Started server process [76]
[2026-03-24 16:22:51 +0000] [76] [INFO] Waiting for application startup.
[2026-03-24 16:22:51 +0000] [76] [INFO] Application startup complete.
[2026-03-24 16:22:51 +0000] [79] [INFO] Booting worker with pid: 79
[2026-03-24 16:22:51 +0000] [80] [INFO] Booting worker with pid: 80
[2026-03-24 16:22:51 +0000] [81] [INFO] Booting worker with pid: 81
[2026-03-24 16:22:51 +0000] [79] [INFO] Started server process [79]
[2026-03-24 16:22:51 +0000] [79] [INFO] Waiting for application startup.
[2026-03-24 16:22:51 +0000] [79] [INFO] Application startup complete.
[2026-03-24 16:22:51 +0000] [80] [INFO] Started server process [80]
[2026-03-24 16:22:51 +0000] [80] [INFO] Waiting for application startup.
[2026-03-24 16:22:51 +0000] [80] [INFO] Application startup complete.
[2026-03-24 16:22:51 +0000] [81] [INFO] Started server process [81]
[2026-03-24 16:22:51 +0000] [81] [INFO] Waiting for application startup.
[2026-03-24 16:22:51 +0000] [81] [INFO] Application startup complete.
[2026-03-24 16:22:51 +0000] [85] [INFO] Booting worker with pid: 85
[2026-03-24 16:22:51 +0000] [86] [INFO] Booting worker with pid: 86
[2026-03-24 16:22:51 +0000] [85] [INFO] Started server process [85]
[2026-03-24 16:22:51 +0000] [85] [INFO] Waiting for application startup.
[2026-03-24 16:22:51 +0000] [85] [INFO] Application startup complete.
[2026-03-24 16:22:51 +0000] [86] [INFO] Started server process [86]
[2026-03-24 16:22:51 +0000] [86] [INFO] Waiting for application startup.
[2026-03-24 16:22:51 +0000] [86] [INFO] Application startup complete.
[2026-03-24 16:22:51 +0000] [89] [INFO] Booting worker with pid: 89
[2026-03-24 16:22:51 +0000] [91] [INFO] Booting worker with pid: 91
[2026-03-24 16:22:51 +0000] [89] [INFO] Started server process [89]
[2026-03-24 16:22:51 +0000] [89] [INFO] Waiting for application startup.
[2026-03-24 16:22:51 +0000] [89] [INFO] Application startup complete.
[2026-03-24 16:22:51 +0000] [92] [INFO] Booting worker with pid: 92
[2026-03-24 16:22:51 +0000] [91] [INFO] Started server process [91]
[2026-03-24 16:22:51 +0000] [91] [INFO] Waiting for application startup.
[2026-03-24 16:22:51 +0000] [91] [INFO] Application startup complete.
[2026-03-24 16:22:51 +0000] [92] [INFO] Started server process [92]
[2026-03-24 16:22:51 +0000] [92] [INFO] Waiting for application startup.
[2026-03-24 16:22:51 +0000] [92] [INFO] Application startup complete.
[2026-03-24 16:22:51 +0000] [95] [INFO] Booting worker with pid: 95
[2026-03-24 16:22:51 +0000] [96] [INFO] Booting worker with pid: 96
[2026-03-24 16:22:51 +0000] [98] [INFO] Booting worker with pid: 98
[2026-03-24 16:22:51 +0000] [95] [INFO] Started server process [95]
[2026-03-24 16:22:51 +0000] [95] [INFO] Waiting for application startup.
[2026-03-24 16:22:51 +0000] [95] [INFO] Application startup complete.
[2026-03-24 16:22:52 +0000] [99] [INFO] Booting worker with pid: 99
[2026-03-24 16:22:52 +0000] [101] [INFO] Booting worker with pid: 101
[2026-03-24 16:22:52 +0000] [96] [INFO] Started server process [96]
[2026-03-24 16:22:52 +0000] [96] [INFO] Waiting for application startup.
[2026-03-24 16:22:52 +0000] [96] [INFO] Application startup complete.
[2026-03-24 16:22:52 +0000] [98] [INFO] Started server process [98]
[2026-03-24 16:22:52 +0000] [98] [INFO] Waiting for application startup.
[2026-03-24 16:22:52 +0000] [98] [INFO] Application startup complete.
[2026-03-24 16:22:52 +0000] [103] [INFO] Booting worker with pid: 103
[2026-03-24 16:22:52 +0000] [99] [INFO] Started server process [99]
[2026-03-24 16:22:52 +0000] [99] [INFO] Waiting for application startup.
[2026-03-24 16:22:52 +0000] [99] [INFO] Application startup complete.
[2026-03-24 16:22:52 +0000] [101] [INFO] Started server process [101]
[2026-03-24 16:22:52 +0000] [101] [INFO] Waiting for application startup.
[2026-03-24 16:22:52 +0000] [101] [INFO] Application startup complete.
[2026-03-24 16:22:52 +0000] [107] [INFO] Booting worker with pid: 107
[2026-03-24 16:22:52 +0000] [103] [INFO] Started server process [103]
[2026-03-24 16:22:52 +0000] [103] [INFO] Waiting for application startup.
[2026-03-24 16:22:52 +0000] [103] [INFO] Application startup complete.
[2026-03-24 16:22:52 +0000] [107] [INFO] Started server process [107]
[2026-03-24 16:22:52 +0000] [107] [INFO] Waiting for application startup.
[2026-03-24 16:22:52 +0000] [107] [INFO] Application startup complete.
[2026-03-24 16:22:52 +0000] [109] [INFO] Booting worker with pid: 109
[2026-03-24 16:22:52 +0000] [109] [INFO] Started server process [109]
[2026-03-24 16:22:52 +0000] [109] [INFO] Waiting for application startup.
[2026-03-24 16:22:52 +0000] [109] [INFO] Application startup complete.
[2026-03-24 16:22:52 +0000] [111] [INFO] Booting worker with pid: 111
[2026-03-24 16:22:52 +0000] [112] [INFO] Booting worker with pid: 112
[2026-03-24 16:22:52 +0000] [111] [INFO] Started server process [111]
[2026-03-24 16:22:52 +0000] [111] [INFO] Waiting for application startup.
[2026-03-24 16:22:52 +0000] [111] [INFO] Application startup complete.
[2026-03-24 16:22:52 +0000] [115] [INFO] Booting worker with pid: 115
[2026-03-24 16:22:52 +0000] [112] [INFO] Started server process [112]
[2026-03-24 16:22:52 +0000] [112] [INFO] Waiting for application startup.
[2026-03-24 16:22:52 +0000] [112] [INFO] Application startup complete.
[2026-03-24 16:22:52 +0000] [116] [INFO] Booting worker with pid: 116
[2026-03-24 16:22:52 +0000] [118] [INFO] Booting worker with pid: 118
[2026-03-24 16:22:52 +0000] [115] [INFO] Started server process [115]
[2026-03-24 16:22:52 +0000] [115] [INFO] Waiting for application startup.
[2026-03-24 16:22:52 +0000] [115] [INFO] Application startup complete.
[2026-03-24 16:22:52 +0000] [116] [INFO] Started server process [116]
[2026-03-24 16:22:52 +0000] [116] [INFO] Waiting for application startup.
[2026-03-24 16:22:52 +0000] [116] [INFO] Application startup complete.
[2026-03-24 16:22:52 +0000] [118] [INFO] Started server process [118]
[2026-03-24 16:22:52 +0000] [118] [INFO] Waiting for application startup.
[2026-03-24 16:22:52 +0000] [118] [INFO] Application startup complete.
[2026-03-24 16:22:52 +0000] [121] [INFO] Booting worker with pid: 121
[2026-03-24 16:22:52 +0000] [123] [INFO] Booting worker with pid: 123
[2026-03-24 16:22:52 +0000] [121] [INFO] Started server process [121]
[2026-03-24 16:22:52 +0000] [121] [INFO] Waiting for application startup.
[2026-03-24 16:22:52 +0000] [121] [INFO] Application startup complete.
[2026-03-24 16:22:52 +0000] [124] [INFO] Booting worker with pid: 124
[2026-03-24 16:22:52 +0000] [126] [INFO] Booting worker with pid: 126
[2026-03-24 16:22:52 +0000] [123] [INFO] Started server process [123]
[2026-03-24 16:22:52 +0000] [123] [INFO] Waiting for application startup.
[2026-03-24 16:22:52 +0000] [123] [INFO] Application startup complete.
[2026-03-24 16:22:52 +0000] [127] [INFO] Booting worker with pid: 127
[2026-03-24 16:22:52 +0000] [129] [INFO] Booting worker with pid: 129
[2026-03-24 16:22:52 +0000] [124] [INFO] Started server process [124]
[2026-03-24 16:22:52 +0000] [124] [INFO] Waiting for application startup.
[2026-03-24 16:22:52 +0000] [124] [INFO] Application startup complete.
[2026-03-24 16:22:52 +0000] [126] [INFO] Started server process [126]
[2026-03-24 16:22:52 +0000] [126] [INFO] Waiting for application startup.
[2026-03-24 16:22:52 +0000] [126] [INFO] Application startup complete.
[2026-03-24 16:22:52 +0000] [127] [INFO] Started server process [127]
[2026-03-24 16:22:52 +0000] [127] [INFO] Waiting for application startup.
[2026-03-24 16:22:52 +0000] [127] [INFO] Application startup complete.
[2026-03-24 16:22:52 +0000] [132] [INFO] Booting worker with pid: 132
[2026-03-24 16:22:52 +0000] [129] [INFO] Started server process [129]
[2026-03-24 16:22:52 +0000] [129] [INFO] Waiting for application startup.
[2026-03-24 16:22:52 +0000] [129] [INFO] Application startup complete.
[2026-03-24 16:22:53 +0000] [132] [INFO] Started server process [132]
[2026-03-24 16:22:53 +0000] [132] [INFO] Waiting for application startup.
[2026-03-24 16:22:53 +0000] [132] [INFO] Application startup complete.
[2026-03-24 16:22:53 +0000] [135] [INFO] Booting worker with pid: 135
[2026-03-24 16:22:53 +0000] [136] [INFO] Booting worker with pid: 136
[2026-03-24 16:22:53 +0000] [137] [INFO] Booting worker with pid: 137
[2026-03-24 16:22:53 +0000] [135] [INFO] Started server process [135]
[2026-03-24 16:22:53 +0000] [135] [INFO] Waiting for application startup.
[2026-03-24 16:22:53 +0000] [139] [INFO] Booting worker with pid: 139
[2026-03-24 16:22:53 +0000] [135] [INFO] Application startup complete.
[2026-03-24 16:22:53 +0000] [136] [INFO] Started server process [136]
[2026-03-24 16:22:53 +0000] [136] [INFO] Waiting for application startup.
[2026-03-24 16:22:53 +0000] [136] [INFO] Application startup complete.
[2026-03-24 16:22:53 +0000] [137] [INFO] Started server process [137]
[2026-03-24 16:22:53 +0000] [137] [INFO] Waiting for application startup.
[2026-03-24 16:22:53 +0000] [137] [INFO] Application startup complete.
[2026-03-24 16:22:53 +0000] [142] [INFO] Booting worker with pid: 142
[2026-03-24 16:22:53 +0000] [139] [INFO] Started server process [139]
[2026-03-24 16:22:53 +0000] [139] [INFO] Waiting for application startup.
[2026-03-24 16:22:53 +0000] [139] [INFO] Application startup complete.
[2026-03-24 16:22:53 +0000] [144] [INFO] Booting worker with pid: 144
[2026-03-24 16:22:53 +0000] [146] [INFO] Booting worker with pid: 146
[2026-03-24 16:22:53 +0000] [142] [INFO] Started server process [142]
[2026-03-24 16:22:53 +0000] [142] [INFO] Waiting for application startup.
[2026-03-24 16:22:53 +0000] [142] [INFO] Application startup complete.
[2026-03-24 16:22:53 +0000] [147] [INFO] Booting worker with pid: 147
[2026-03-24 16:22:53 +0000] [144] [INFO] Started server process [144]
[2026-03-24 16:22:53 +0000] [144] [INFO] Waiting for application startup.
[2026-03-24 16:22:53 +0000] [144] [INFO] Application startup complete.
[2026-03-24 16:22:53 +0000] [146] [INFO] Started server process [146]
[2026-03-24 16:22:53 +0000] [146] [INFO] Waiting for application startup.
[2026-03-24 16:22:53 +0000] [146] [INFO] Application startup complete.
[2026-03-24 16:22:53 +0000] [150] [INFO] Booting worker with pid: 150
[2026-03-24 16:22:53 +0000] [151] [INFO] Booting worker with pid: 151
[2026-03-24 16:22:53 +0000] [152] [INFO] Booting worker with pid: 152
[2026-03-24 16:22:53 +0000] [147] [INFO] Started server process [147]
[2026-03-24 16:22:53 +0000] [147] [INFO] Waiting for application startup.
[2026-03-24 16:22:53 +0000] [147] [INFO] Application startup complete.
[2026-03-24 16:22:53 +0000] [154] [INFO] Booting worker with pid: 154
[2026-03-24 16:22:53 +0000] [150] [INFO] Started server process [150]
[2026-03-24 16:22:53 +0000] [150] [INFO] Waiting for application startup.
[2026-03-24 16:22:53 +0000] [150] [INFO] Application startup complete.
[2026-03-24 16:22:53 +0000] [151] [INFO] Started server process [151]
[2026-03-24 16:22:53 +0000] [151] [INFO] Waiting for application startup.
[2026-03-24 16:22:53 +0000] [151] [INFO] Application startup complete.
[2026-03-24 16:22:53 +0000] [158] [INFO] Booting worker with pid: 158
[2026-03-24 16:22:53 +0000] [152] [INFO] Started server process [152]
[2026-03-24 16:22:53 +0000] [152] [INFO] Waiting for application startup.
[2026-03-24 16:22:53 +0000] [152] [INFO] Application startup complete.
[2026-03-24 16:22:53 +0000] [154] [INFO] Started server process [154]
[2026-03-24 16:22:53 +0000] [154] [INFO] Waiting for application startup.
[2026-03-24 16:22:53 +0000] [154] [INFO] Application startup complete.
[2026-03-24 16:22:53 +0000] [160] [INFO] Booting worker with pid: 160
[2026-03-24 16:22:53 +0000] [162] [INFO] Booting worker with pid: 162
[2026-03-24 16:22:53 +0000] [158] [INFO] Started server process [158]
[2026-03-24 16:22:53 +0000] [158] [INFO] Waiting for application startup.
[2026-03-24 16:22:53 +0000] [158] [INFO] Application startup complete.
[2026-03-24 16:22:53 +0000] [164] [INFO] Booting worker with pid: 164
[2026-03-24 16:22:53 +0000] [160] [INFO] Started server process [160]
[2026-03-24 16:22:53 +0000] [160] [INFO] Waiting for application startup.
[2026-03-24 16:22:53 +0000] [160] [INFO] Application startup complete.
[2026-03-24 16:22:53 +0000] [162] [INFO] Started server process [162]
[2026-03-24 16:22:53 +0000] [162] [INFO] Waiting for application startup.
[2026-03-24 16:22:53 +0000] [162] [INFO] Application startup complete.
[2026-03-24 16:22:53 +0000] [166] [INFO] Booting worker with pid: 166
[2026-03-24 16:22:54 +0000] [164] [INFO] Started server process [164]
[2026-03-24 16:22:54 +0000] [164] [INFO] Waiting for application startup.
[2026-03-24 16:22:54 +0000] [164] [INFO] Application startup complete.
[2026-03-24 16:22:54 +0000] [168] [INFO] Booting worker with pid: 168
[2026-03-24 16:22:54 +0000] [169] [INFO] Booting worker with pid: 169
[2026-03-24 16:22:54 +0000] [166] [INFO] Started server process [166]
[2026-03-24 16:22:54 +0000] [166] [INFO] Waiting for application startup.
[2026-03-24 16:22:54 +0000] [166] [INFO] Application startup complete.
[2026-03-24 16:22:54 +0000] [171] [INFO] Booting worker with pid: 171
[2026-03-24 16:22:54 +0000] [172] [INFO] Booting worker with pid: 172
[2026-03-24 16:22:54 +0000] [174] [INFO] Booting worker with pid: 174
[2026-03-24 16:22:54 +0000] [168] [INFO] Started server process [168]
[2026-03-24 16:22:54 +0000] [168] [INFO] Waiting for application startup.
[2026-03-24 16:22:54 +0000] [168] [INFO] Application startup complete.
[2026-03-24 16:22:54 +0000] [169] [INFO] Started server process [169]
[2026-03-24 16:22:54 +0000] [169] [INFO] Waiting for application startup.
[2026-03-24 16:22:54 +0000] [169] [INFO] Application startup complete.
[2026-03-24 16:22:54 +0000] [176] [INFO] Booting worker with pid: 176
[2026-03-24 16:22:54 +0000] [171] [INFO] Started server process [171]
[2026-03-24 16:22:54 +0000] [171] [INFO] Waiting for application startup.
[2026-03-24 16:22:54 +0000] [171] [INFO] Application startup complete.
[2026-03-24 16:22:54 +0000] [179] [INFO] Booting worker with pid: 179
[2026-03-24 16:22:54 +0000] [172] [INFO] Started server process [172]
[2026-03-24 16:22:54 +0000] [172] [INFO] Waiting for application startup.
[2026-03-24 16:22:54 +0000] [172] [INFO] Application startup complete.
[2026-03-24 16:22:54 +0000] [181] [INFO] Booting worker with pid: 181
[2026-03-24 16:22:54 +0000] [174] [INFO] Started server process [174]
[2026-03-24 16:22:54 +0000] [174] [INFO] Waiting for application startup.
[2026-03-24 16:22:54 +0000] [174] [INFO] Application startup complete.
[2026-03-24 16:22:54 +0000] [182] [INFO] Booting worker with pid: 182
[2026-03-24 16:22:54 +0000] [176] [INFO] Started server process [176]
[2026-03-24 16:22:54 +0000] [176] [INFO] Waiting for application startup.
[2026-03-24 16:22:54 +0000] [176] [INFO] Application startup complete.
[2026-03-24 16:22:54 +0000] [179] [INFO] Started server process [179]
[2026-03-24 16:22:54 +0000] [179] [INFO] Waiting for application startup.
[2026-03-24 16:22:54 +0000] [179] [INFO] Application startup complete.
[2026-03-24 16:22:54 +0000] [185] [INFO] Booting worker with pid: 185
[2026-03-24 16:22:54 +0000] [181] [INFO] Started server process [181]
[2026-03-24 16:22:54 +0000] [181] [INFO] Waiting for application startup.
[2026-03-24 16:22:54 +0000] [181] [INFO] Application startup complete.
[2026-03-24 16:22:54 +0000] [182] [INFO] Started server process [182]
[2026-03-24 16:22:54 +0000] [182] [INFO] Waiting for application startup.
[2026-03-24 16:22:54 +0000] [182] [INFO] Application startup complete.
[2026-03-24 16:22:54 +0000] [188] [INFO] Booting worker with pid: 188
[2026-03-24 16:22:54 +0000] [185] [INFO] Started server process [185]
[2026-03-24 16:22:54 +0000] [185] [INFO] Waiting for application startup.
[2026-03-24 16:22:54 +0000] [185] [INFO] Application startup complete.
[2026-03-24 16:22:54 +0000] [190] [INFO] Booting worker with pid: 190
[2026-03-24 16:22:54 +0000] [192] [INFO] Booting worker with pid: 192
[2026-03-24 16:22:54 +0000] [188] [INFO] Started server process [188]
[2026-03-24 16:22:54 +0000] [188] [INFO] Waiting for application startup.
[2026-03-24 16:22:54 +0000] [188] [INFO] Application startup complete.
[2026-03-24 16:22:54 +0000] [193] [INFO] Booting worker with pid: 193
[2026-03-24 16:22:54 +0000] [194] [INFO] Booting worker with pid: 194
[2026-03-24 16:22:54 +0000] [190] [INFO] Started server process [190]
[2026-03-24 16:22:54 +0000] [190] [INFO] Waiting for application startup.
[2026-03-24 16:22:54 +0000] [190] [INFO] Application startup complete.
[2026-03-24 16:22:54 +0000] [192] [INFO] Started server process [192]
[2026-03-24 16:22:54 +0000] [192] [INFO] Waiting for application startup.
[2026-03-24 16:22:54 +0000] [192] [INFO] Application startup complete.
[2026-03-24 16:22:54 +0000] [197] [INFO] Booting worker with pid: 197
[2026-03-24 16:22:54 +0000] [198] [INFO] Booting worker with pid: 198
[2026-03-24 16:22:54 +0000] [200] [INFO] Booting worker with pid: 200
[2026-03-24 16:22:54 +0000] [193] [INFO] Started server process [193]
[2026-03-24 16:22:54 +0000] [193] [INFO] Waiting for application startup.
[2026-03-24 16:22:54 +0000] [193] [INFO] Application startup complete.
[2026-03-24 16:22:54 +0000] [194] [INFO] Started server process [194]
[2026-03-24 16:22:54 +0000] [194] [INFO] Waiting for application startup.
[2026-03-24 16:22:54 +0000] [194] [INFO] Application startup complete.
[2026-03-24 16:22:54 +0000] [202] [INFO] Booting worker with pid: 202
[2026-03-24 16:22:54 +0000] [198] [INFO] Started server process [198]
[2026-03-24 16:22:54 +0000] [198] [INFO] Waiting for application startup.
[2026-03-24 16:22:54 +0000] [198] [INFO] Application startup complete.
[2026-03-24 16:22:54 +0000] [200] [INFO] Started server process [200]
[2026-03-24 16:22:54 +0000] [200] [INFO] Waiting for application startup.
[2026-03-24 16:22:54 +0000] [200] [INFO] Application startup complete.
[2026-03-24 16:22:54 +0000] [206] [INFO] Booting worker with pid: 206
[2026-03-24 16:22:55 +0000] [197] [INFO] Started server process [197]
[2026-03-24 16:22:55 +0000] [197] [INFO] Waiting for application startup.
[2026-03-24 16:22:55 +0000] [207] [INFO] Booting worker with pid: 207
[2026-03-24 16:22:55 +0000] [197] [INFO] Application startup complete.
[2026-03-24 16:22:55 +0000] [209] [INFO] Booting worker with pid: 209
[2026-03-24 16:22:55 +0000] [202] [INFO] Started server process [202]
[2026-03-24 16:22:55 +0000] [202] [INFO] Waiting for application startup.
[2026-03-24 16:22:55 +0000] [202] [INFO] Application startup complete.
[2026-03-24 16:22:55 +0000] [206] [INFO] Started server process [206]
[2026-03-24 16:22:55 +0000] [206] [INFO] Waiting for application startup.
[2026-03-24 16:22:55 +0000] [206] [INFO] Application startup complete.
[2026-03-24 16:22:55 +0000] [212] [INFO] Booting worker with pid: 212
[2026-03-24 16:22:55 +0000] [213] [INFO] Booting worker with pid: 213
[2026-03-24 16:22:55 +0000] [207] [INFO] Started server process [207]
[2026-03-24 16:22:55 +0000] [207] [INFO] Waiting for application startup.
[2026-03-24 16:22:55 +0000] [207] [INFO] Application startup complete.
[2026-03-24 16:22:55 +0000] [209] [INFO] Started server process [209]
[2026-03-24 16:22:55 +0000] [209] [INFO] Waiting for application startup.
[2026-03-24 16:22:55 +0000] [209] [INFO] Application startup complete.
[2026-03-24 16:22:55 +0000] [215] [INFO] Booting worker with pid: 215
[2026-03-24 16:22:55 +0000] [216] [INFO] Booting worker with pid: 216
[2026-03-24 16:22:55 +0000] [219] [INFO] Booting worker with pid: 219
[2026-03-24 16:22:55 +0000] [213] [INFO] Started server process [213]
[2026-03-24 16:22:55 +0000] [213] [INFO] Waiting for application startup.
[2026-03-24 16:22:55 +0000] [212] [INFO] Started server process [212]
[2026-03-24 16:22:55 +0000] [213] [INFO] Application startup complete.
[2026-03-24 16:22:55 +0000] [212] [INFO] Waiting for application startup.
[2026-03-24 16:22:55 +0000] [212] [INFO] Application startup complete.
[2026-03-24 16:22:55 +0000] [221] [INFO] Booting worker with pid: 221
[2026-03-24 16:22:55 +0000] [215] [INFO] Started server process [215]
[2026-03-24 16:22:55 +0000] [215] [INFO] Waiting for application startup.
[2026-03-24 16:22:55 +0000] [215] [INFO] Application startup complete.
[2026-03-24 16:22:55 +0000] [223] [INFO] Booting worker with pid: 223
[2026-03-24 16:22:55 +0000] [216] [INFO] Started server process [216]
[2026-03-24 16:22:55 +0000] [216] [INFO] Waiting for application startup.
[2026-03-24 16:22:55 +0000] [216] [INFO] Application startup complete.
[2026-03-24 16:22:55 +0000] [219] [INFO] Started server process [219]
[2026-03-24 16:22:55 +0000] [219] [INFO] Waiting for application startup.
[2026-03-24 16:22:55 +0000] [219] [INFO] Application startup complete.
[2026-03-24 16:22:55 +0000] [221] [INFO] Started server process [221]
[2026-03-24 16:22:55 +0000] [221] [INFO] Waiting for application startup.
[2026-03-24 16:22:55 +0000] [221] [INFO] Application startup complete.
[2026-03-24 16:22:55 +0000] [223] [INFO] Started server process [223]
[2026-03-24 16:22:55 +0000] [223] [INFO] Waiting for application startup.
[2026-03-24 16:22:55 +0000] [223] [INFO] Application startup complete.
[2026-03-24 16:22:55 +0000] [227] [INFO] Booting worker with pid: 227
[2026-03-24 16:22:55 +0000] [228] [INFO] Booting worker with pid: 228
[2026-03-24 16:22:55 +0000] [227] [INFO] Started server process [227]
[2026-03-24 16:22:55 +0000] [227] [INFO] Waiting for application startup.
[2026-03-24 16:22:55 +0000] [227] [INFO] Application startup complete.
[2026-03-24 16:22:55 +0000] [228] [INFO] Started server process [228]
[2026-03-24 16:22:55 +0000] [228] [INFO] Waiting for application startup.
[2026-03-24 16:22:55 +0000] [228] [INFO] Application startup complete.
[2026-03-24 16:22:55 +0000] [231] [INFO] Booting worker with pid: 231
[2026-03-24 16:22:55 +0000] [233] [INFO] Booting worker with pid: 233
[2026-03-24 16:22:55 +0000] [231] [INFO] Started server process [231]
[2026-03-24 16:22:55 +0000] [231] [INFO] Waiting for application startup.
[2026-03-24 16:22:55 +0000] [231] [INFO] Application startup complete.
[2026-03-24 16:22:55 +0000] [233] [INFO] Started server process [233]
[2026-03-24 16:22:55 +0000] [233] [INFO] Waiting for application startup.
[2026-03-24 16:22:55 +0000] [233] [INFO] Application startup complete.
[2026-03-24 16:22:55 +0000] [235] [INFO] Booting worker with pid: 235
[2026-03-24 16:22:55 +0000] [235] [INFO] Started server process [235]
[2026-03-24 16:22:55 +0000] [235] [INFO] Waiting for application startup.
[2026-03-24 16:22:55 +0000] [235] [INFO] Application startup complete.
[2026-03-24 16:22:55 +0000] [237] [INFO] Booting worker with pid: 237
[2026-03-24 16:22:55 +0000] [239] [INFO] Booting worker with pid: 239
[2026-03-24 16:22:55 +0000] [237] [INFO] Started server process [237]
[2026-03-24 16:22:55 +0000] [237] [INFO] Waiting for application startup.
[2026-03-24 16:22:55 +0000] [237] [INFO] Application startup complete.
[2026-03-24 16:22:56 +0000] [239] [INFO] Started server process [239]
[2026-03-24 16:22:56 +0000] [239] [INFO] Waiting for application startup.
[2026-03-24 16:22:56 +0000] [239] [INFO] Application startup complete.
[2026-03-24 16:22:56 +0000] [241] [INFO] Booting worker with pid: 241
[2026-03-24 16:22:56 +0000] [242] [INFO] Booting worker with pid: 242
[2026-03-24 16:22:56 +0000] [243] [INFO] Booting worker with pid: 243
[2026-03-24 16:22:56 +0000] [244] [INFO] Booting worker with pid: 244
[2026-03-24 16:22:56 +0000] [241] [INFO] Started server process [241]
[2026-03-24 16:22:56 +0000] [241] [INFO] Waiting for application startup.
[2026-03-24 16:22:56 +0000] [241] [INFO] Application startup complete.
[2026-03-24 16:22:56 +0000] [242] [INFO] Started server process [242]
[2026-03-24 16:22:56 +0000] [242] [INFO] Waiting for application startup.
[2026-03-24 16:22:56 +0000] [242] [INFO] Application startup complete.
[2026-03-24 16:22:56 +0000] [243] [INFO] Started server process [243]
[2026-03-24 16:22:56 +0000] [243] [INFO] Waiting for application startup.
[2026-03-24 16:22:56 +0000] [243] [INFO] Application startup complete.
[2026-03-24 16:22:56 +0000] [249] [INFO] Booting worker with pid: 249
[2026-03-24 16:22:56 +0000] [250] [INFO] Booting worker with pid: 250
[2026-03-24 16:22:56 +0000] [251] [INFO] Booting worker with pid: 251
[2026-03-24 16:22:56 +0000] [244] [INFO] Started server process [244]
[2026-03-24 16:22:56 +0000] [244] [INFO] Waiting for application startup.
[2026-03-24 16:22:56 +0000] [244] [INFO] Application startup complete.
[2026-03-24 16:22:56 +0000] [255] [INFO] Booting worker with pid: 255
[2026-03-24 16:22:56 +0000] [249] [INFO] Started server process [249]
[2026-03-24 16:22:56 +0000] [249] [INFO] Waiting for application startup.
[2026-03-24 16:22:56 +0000] [249] [INFO] Application startup complete.
[2026-03-24 16:22:56 +0000] [250] [INFO] Started server process [250]
[2026-03-24 16:22:56 +0000] [250] [INFO] Waiting for application startup.
[2026-03-24 16:22:56 +0000] [250] [INFO] Application startup complete.
[2026-03-24 16:22:56 +0000] [251] [INFO] Started server process [251]
[2026-03-24 16:22:56 +0000] [251] [INFO] Waiting for application startup.
[2026-03-24 16:22:56 +0000] [251] [INFO] Application startup complete.
[2026-03-24 16:22:56 +0000] [255] [INFO] Started server process [255]
[2026-03-24 16:22:56 +0000] [255] [INFO] Waiting for application startup.
[2026-03-24 16:22:56 +0000] [255] [INFO] Application startup complete.
[2026-03-24 16:22:56 +0000] [257] [INFO] Booting worker with pid: 257
[2026-03-24 16:22:56 +0000] [257] [INFO] Started server process [257]
[2026-03-24 16:22:56 +0000] [257] [INFO] Waiting for application startup.
[2026-03-24 16:22:56 +0000] [257] [INFO] Application startup complete.
[2026-03-24 16:22:56 +0000] [259] [INFO] Booting worker with pid: 259
[2026-03-24 16:22:56 +0000] [260] [INFO] Booting worker with pid: 260
[2026-03-24 16:22:56 +0000] [259] [INFO] Started server process [259]
[2026-03-24 16:22:56 +0000] [259] [INFO] Waiting for application startup.
[2026-03-24 16:22:56 +0000] [259] [INFO] Application startup complete.
[2026-03-24 16:22:56 +0000] [263] [INFO] Booting worker with pid: 263
[2026-03-24 16:22:56 +0000] [260] [INFO] Started server process [260]
[2026-03-24 16:22:56 +0000] [260] [INFO] Waiting for application startup.
[2026-03-24 16:22:56 +0000] [260] [INFO] Application startup complete.
[2026-03-24 16:22:56 +0000] [264] [INFO] Booting worker with pid: 264
[2026-03-24 16:22:56 +0000] [263] [INFO] Started server process [263]
[2026-03-24 16:22:56 +0000] [263] [INFO] Waiting for application startup.
[2026-03-24 16:22:56 +0000] [263] [INFO] Application startup complete.
[2026-03-24 16:22:56 +0000] [264] [INFO] Started server process [264]
[2026-03-24 16:22:56 +0000] [264] [INFO] Waiting for application startup.
[2026-03-24 16:22:56 +0000] [264] [INFO] Application startup complete.
[2026-03-24 16:22:56 +0000] [267] [INFO] Booting worker with pid: 267
[2026-03-24 16:22:56 +0000] [268] [INFO] Booting worker with pid: 268
[2026-03-24 16:22:56 +0000] [269] [INFO] Booting worker with pid: 269
[2026-03-24 16:22:56 +0000] [267] [INFO] Started server process [267]
[2026-03-24 16:22:56 +0000] [267] [INFO] Waiting for application startup.
[2026-03-24 16:22:56 +0000] [267] [INFO] Application startup complete.
[2026-03-24 16:22:56 +0000] [268] [INFO] Started server process [268]
[2026-03-24 16:22:56 +0000] [268] [INFO] Waiting for application startup.
[2026-03-24 16:22:56 +0000] [268] [INFO] Application startup complete.
[2026-03-24 16:22:56 +0000] [269] [INFO] Started server process [269]
[2026-03-24 16:22:56 +0000] [269] [INFO] Waiting for application startup.
[2026-03-24 16:22:56 +0000] [269] [INFO] Application startup complete.
[2026-03-24 16:22:56 +0000] [273] [INFO] Booting worker with pid: 273
[2026-03-24 16:22:56 +0000] [274] [INFO] Booting worker with pid: 274
[2026-03-24 16:22:56 +0000] [276] [INFO] Booting worker with pid: 276
[2026-03-24 16:22:56 +0000] [273] [INFO] Started server process [273]
[2026-03-24 16:22:56 +0000] [273] [INFO] Waiting for application startup.
[2026-03-24 16:22:56 +0000] [273] [INFO] Application startup complete.
[2026-03-24 16:22:56 +0000] [274] [INFO] Started server process [274]
[2026-03-24 16:22:56 +0000] [274] [INFO] Waiting for application startup.
[2026-03-24 16:22:56 +0000] [274] [INFO] Application startup complete.
[2026-03-24 16:22:56 +0000] [276] [INFO] Started server process [276]
[2026-03-24 16:22:56 +0000] [276] [INFO] Waiting for application startup.
[2026-03-24 16:22:56 +0000] [276] [INFO] Application startup complete.
[2026-03-24 16:22:56 +0000] [279] [INFO] Booting worker with pid: 279
[2026-03-24 16:22:56 +0000] [279] [INFO] Started server process [279]
[2026-03-24 16:22:56 +0000] [279] [INFO] Waiting for application startup.
[2026-03-24 16:22:56 +0000] [279] [INFO] Application startup complete.
[2026-03-24 16:22:56 +0000] [281] [INFO] Booting worker with pid: 281
[2026-03-24 16:22:57 +0000] [282] [INFO] Booting worker with pid: 282
[2026-03-24 16:22:57 +0000] [281] [INFO] Started server process [281]
[2026-03-24 16:22:57 +0000] [281] [INFO] Waiting for application startup.
[2026-03-24 16:22:57 +0000] [281] [INFO] Application startup complete.
[2026-03-24 16:22:57 +0000] [282] [INFO] Started server process [282]
[2026-03-24 16:22:57 +0000] [282] [INFO] Waiting for application startup.
[2026-03-24 16:22:57 +0000] [282] [INFO] Application startup complete.
[2026-03-24 16:22:57 +0000] [285] [INFO] Booting worker with pid: 285
[2026-03-24 16:22:57 +0000] [285] [INFO] Started server process [285]
[2026-03-24 16:22:57 +0000] [285] [INFO] Waiting for application startup.
[2026-03-24 16:22:57 +0000] [285] [INFO] Application startup complete.
[2026-03-24 16:22:57 +0000] [287] [INFO] Booting worker with pid: 287
[2026-03-24 16:22:57 +0000] [287] [INFO] Started server process [287]
[2026-03-24 16:22:57 +0000] [287] [INFO] Waiting for application startup.
[2026-03-24 16:22:57 +0000] [287] [INFO] Application startup complete.
[2026-03-24 16:22:57 +0000] [289] [INFO] Booting worker with pid: 289
[2026-03-24 16:22:57 +0000] [290] [INFO] Booting worker with pid: 290
[2026-03-24 16:22:57 +0000] [289] [INFO] Started server process [289]
[2026-03-24 16:22:57 +0000] [289] [INFO] Waiting for application startup.
[2026-03-24 16:22:57 +0000] [289] [INFO] Application startup complete.
[2026-03-24 16:22:57 +0000] [290] [INFO] Started server process [290]
[2026-03-24 16:22:57 +0000] [290] [INFO] Waiting for application startup.
[2026-03-24 16:22:57 +0000] [290] [INFO] Application startup complete.
[2026-03-24 16:22:57 +0000] [293] [INFO] Booting worker with pid: 293
[2026-03-24 16:22:57 +0000] [293] [INFO] Started server process [293]
[2026-03-24 16:22:57 +0000] [293] [INFO] Waiting for application startup.
[2026-03-24 16:22:57 +0000] [293] [INFO] Application startup complete.
[2026-03-24 16:22:57 +0000] [295] [INFO] Booting worker with pid: 295
[2026-03-24 16:22:57 +0000] [295] [INFO] Started server process [295]
[2026-03-24 16:22:57 +0000] [295] [INFO] Waiting for application startup.
[2026-03-24 16:22:57 +0000] [295] [INFO] Application startup complete.
[2026-03-24 16:22:57 +0000] [297] [INFO] Booting worker with pid: 297
[2026-03-24 16:22:57 +0000] [297] [INFO] Started server process [297]
[2026-03-24 16:22:57 +0000] [297] [INFO] Waiting for application startup.
[2026-03-24 16:22:57 +0000] [297] [INFO] Application startup complete.
[2026-03-24 16:22:57 +0000] [299] [INFO] Booting worker with pid: 299
[2026-03-24 16:22:57 +0000] [300] [INFO] Booting worker with pid: 300
[2026-03-24 16:22:57 +0000] [299] [INFO] Started server process [299]
[2026-03-24 16:22:57 +0000] [299] [INFO] Waiting for application startup.
[2026-03-24 16:22:57 +0000] [299] [INFO] Application startup complete.
[2026-03-24 16:22:57 +0000] [303] [INFO] Booting worker with pid: 303
[2026-03-24 16:22:57 +0000] [300] [INFO] Started server process [300]
[2026-03-24 16:22:57 +0000] [300] [INFO] Waiting for application startup.
[2026-03-24 16:22:57 +0000] [300] [INFO] Application startup complete.
[2026-03-24 16:22:57 +0000] [305] [INFO] Booting worker with pid: 305
[2026-03-24 16:22:57 +0000] [303] [INFO] Started server process [303]
[2026-03-24 16:22:57 +0000] [303] [INFO] Waiting for application startup.
[2026-03-24 16:22:57 +0000] [303] [INFO] Application startup complete.
[2026-03-24 16:22:57 +0000] [306] [INFO] Booting worker with pid: 306
[2026-03-24 16:22:57 +0000] [307] [INFO] Booting worker with pid: 307
[2026-03-24 16:22:57 +0000] [305] [INFO] Started server process [305]
[2026-03-24 16:22:57 +0000] [305] [INFO] Waiting for application startup.
[2026-03-24 16:22:57 +0000] [305] [INFO] Application startup complete.
[2026-03-24 16:22:57 +0000] [306] [INFO] Started server process [306]
[2026-03-24 16:22:57 +0000] [306] [INFO] Waiting for application startup.
[2026-03-24 16:22:57 +0000] [306] [INFO] Application startup complete.
[2026-03-24 16:22:57 +0000] [310] [INFO] Booting worker with pid: 310
[2026-03-24 16:22:57 +0000] [307] [INFO] Started server process [307]
[2026-03-24 16:22:57 +0000] [307] [INFO] Waiting for application startup.
[2026-03-24 16:22:57 +0000] [307] [INFO] Application startup complete.
[2026-03-24 16:22:57 +0000] [310] [INFO] Started server process [310]
[2026-03-24 16:22:57 +0000] [310] [INFO] Waiting for application startup.
[2026-03-24 16:22:57 +0000] [310] [INFO] Application startup complete.
[2026-03-24 16:22:57 +0000] [313] [INFO] Booting worker with pid: 313
[2026-03-24 16:22:57 +0000] [314] [INFO] Booting worker with pid: 314
[2026-03-24 16:22:57 +0000] [313] [INFO] Started server process [313]
[2026-03-24 16:22:57 +0000] [313] [INFO] Waiting for application startup.
[2026-03-24 16:22:57 +0000] [313] [INFO] Application startup complete.
[2026-03-24 16:22:58 +0000] [314] [INFO] Started server process [314]
[2026-03-24 16:22:58 +0000] [314] [INFO] Waiting for application startup.
[2026-03-24 16:22:58 +0000] [314] [INFO] Application startup complete.
[2026-03-24 16:22:58 +0000] [317] [INFO] Booting worker with pid: 317
[2026-03-24 16:22:58 +0000] [318] [INFO] Booting worker with pid: 318
[2026-03-24 16:22:58 +0000] [317] [INFO] Started server process [317]
[2026-03-24 16:22:58 +0000] [317] [INFO] Waiting for application startup.
[2026-03-24 16:22:58 +0000] [317] [INFO] Application startup complete.
[2026-03-24 16:22:58 +0000] [320] [INFO] Booting worker with pid: 320
[2026-03-24 16:22:58 +0000] [318] [INFO] Started server process [318]
[2026-03-24 16:22:58 +0000] [318] [INFO] Waiting for application startup.
[2026-03-24 16:22:58 +0000] [318] [INFO] Application startup complete.
[2026-03-24 16:22:58 +0000] [322] [INFO] Booting worker with pid: 322
[2026-03-24 16:22:58 +0000] [323] [INFO] Booting worker with pid: 323
[2026-03-24 16:22:58 +0000] [320] [INFO] Started server process [320]
[2026-03-24 16:22:58 +0000] [320] [INFO] Waiting for application startup.
[2026-03-24 16:22:58 +0000] [320] [INFO] Application startup complete.
[2026-03-24 16:22:58 +0000] [322] [INFO] Started server process [322]
[2026-03-24 16:22:58 +0000] [322] [INFO] Waiting for application startup.
[2026-03-24 16:22:58 +0000] [322] [INFO] Application startup complete.
[2026-03-24 16:22:58 +0000] [327] [INFO] Booting worker with pid: 327
[2026-03-24 16:22:58 +0000] [323] [INFO] Started server process [323]
[2026-03-24 16:22:58 +0000] [323] [INFO] Waiting for application startup.
[2026-03-24 16:22:58 +0000] [323] [INFO] Application startup complete.
[2026-03-24 16:22:58 +0000] [328] [INFO] Booting worker with pid: 328
[2026-03-24 16:22:58 +0000] [327] [INFO] Started server process [327]
[2026-03-24 16:22:58 +0000] [327] [INFO] Waiting for application startup.
[2026-03-24 16:22:58 +0000] [327] [INFO] Application startup complete.
[2026-03-24 16:22:58 +0000] [328] [INFO] Started server process [328]
[2026-03-24 16:22:58 +0000] [328] [INFO] Waiting for application startup.
[2026-03-24 16:22:58 +0000] [328] [INFO] Application startup complete.
[2026-03-24 16:22:58 +0000] [331] [INFO] Booting worker with pid: 331
[2026-03-24 16:22:58 +0000] [332] [INFO] Booting worker with pid: 332
[2026-03-24 16:22:58 +0000] [331] [INFO] Started server process [331]
[2026-03-24 16:22:58 +0000] [331] [INFO] Waiting for application startup.
[2026-03-24 16:22:58 +0000] [331] [INFO] Application startup complete.
[2026-03-24 16:22:58 +0000] [334] [INFO] Booting worker with pid: 334
[2026-03-24 16:22:58 +0000] [332] [INFO] Started server process [332]
[2026-03-24 16:22:58 +0000] [332] [INFO] Waiting for application startup.
[2026-03-24 16:22:58 +0000] [332] [INFO] Application startup complete.
[2026-03-24 16:22:58 +0000] [334] [INFO] Started server process [334]
[2026-03-24 16:22:58 +0000] [334] [INFO] Waiting for application startup.
[2026-03-24 16:22:58 +0000] [334] [INFO] Application startup complete.
[2026-03-24 16:22:58 +0000] [337] [INFO] Booting worker with pid: 337
[2026-03-24 16:22:58 +0000] [337] [INFO] Started server process [337]
[2026-03-24 16:22:58 +0000] [337] [INFO] Waiting for application startup.
[2026-03-24 16:22:58 +0000] [337] [INFO] Application startup complete.
[2026-03-24 16:22:58 +0000] [339] [INFO] Booting worker with pid: 339
[2026-03-24 16:22:58 +0000] [340] [INFO] Booting worker with pid: 340
[2026-03-24 16:22:58 +0000] [341] [INFO] Booting worker with pid: 341
[2026-03-24 16:22:58 +0000] [339] [INFO] Started server process [339]
[2026-03-24 16:22:58 +0000] [339] [INFO] Waiting for application startup.
[2026-03-24 16:22:58 +0000] [339] [INFO] Application startup complete.
[2026-03-24 16:22:58 +0000] [340] [INFO] Started server process [340]
[2026-03-24 16:22:58 +0000] [340] [INFO] Waiting for application startup.
[2026-03-24 16:22:58 +0000] [340] [INFO] Application startup complete.
[2026-03-24 16:22:58 +0000] [345] [INFO] Booting worker with pid: 345
[2026-03-24 16:22:58 +0000] [341] [INFO] Started server process [341]
[2026-03-24 16:22:58 +0000] [341] [INFO] Waiting for application startup.
[2026-03-24 16:22:58 +0000] [341] [INFO] Application startup complete.
[2026-03-24 16:22:58 +0000] [346] [INFO] Booting worker with pid: 346
[2026-03-24 16:22:58 +0000] [345] [INFO] Started server process [345]
[2026-03-24 16:22:58 +0000] [345] [INFO] Waiting for application startup.
[2026-03-24 16:22:58 +0000] [345] [INFO] Application startup complete.
[2026-03-24 16:22:59 +0000] [348] [INFO] Booting worker with pid: 348
[2026-03-24 16:22:59 +0000] [349] [INFO] Booting worker with pid: 349
[2026-03-24 16:22:59 +0000] [351] [INFO] Booting worker with pid: 351
[2026-03-24 16:22:59 +0000] [346] [INFO] Started server process [346]
[2026-03-24 16:22:59 +0000] [346] [INFO] Waiting for application startup.
[2026-03-24 16:22:59 +0000] [346] [INFO] Application startup complete.
[2026-03-24 16:22:59 +0000] [352] [INFO] Booting worker with pid: 352
[2026-03-24 16:22:59 +0000] [354] [INFO] Booting worker with pid: 354
[2026-03-24 16:22:59 +0000] [348] [INFO] Started server process [348]
[2026-03-24 16:22:59 +0000] [348] [INFO] Waiting for application startup.
[2026-03-24 16:22:59 +0000] [355] [INFO] Booting worker with pid: 355
[2026-03-24 16:22:59 +0000] [348] [INFO] Application startup complete.
[2026-03-24 16:22:59 +0000] [357] [INFO] Booting worker with pid: 357
[2026-03-24 16:22:59 +0000] [351] [INFO] Started server process [351]
[2026-03-24 16:22:59 +0000] [351] [INFO] Waiting for application startup.
[2026-03-24 16:22:59 +0000] [351] [INFO] Application startup complete.
[2026-03-24 16:22:59 +0000] [359] [INFO] Booting worker with pid: 359
[2026-03-24 16:22:59 +0000] [349] [INFO] Started server process [349]
[2026-03-24 16:22:59 +0000] [349] [INFO] Waiting for application startup.
[2026-03-24 16:22:59 +0000] [349] [INFO] Application startup complete.
[2026-03-24 16:22:59 +0000] [362] [INFO] Booting worker with pid: 362
[2026-03-24 16:22:59 +0000] [354] [INFO] Started server process [354]
[2026-03-24 16:22:59 +0000] [354] [INFO] Waiting for application startup.
[2026-03-24 16:22:59 +0000] [354] [INFO] Application startup complete.
[2026-03-24 16:22:59 +0000] [352] [INFO] Started server process [352]
[2026-03-24 16:22:59 +0000] [352] [INFO] Waiting for application startup.
[2026-03-24 16:22:59 +0000] [352] [INFO] Application startup complete.
[2026-03-24 16:22:59 +0000] [363] [INFO] Booting worker with pid: 363
[2026-03-24 16:22:59 +0000] [355] [INFO] Started server process [355]
[2026-03-24 16:22:59 +0000] [355] [INFO] Waiting for application startup.
[2026-03-24 16:22:59 +0000] [355] [INFO] Application startup complete.
[2026-03-24 16:22:59 +0000] [365] [INFO] Booting worker with pid: 365
[2026-03-24 16:22:59 +0000] [367] [INFO] Booting worker with pid: 367
[2026-03-24 16:22:59 +0000] [357] [INFO] Started server process [357]
[2026-03-24 16:22:59 +0000] [357] [INFO] Waiting for application startup.
[2026-03-24 16:22:59 +0000] [357] [INFO] Application startup complete.
[2026-03-24 16:22:59 +0000] [369] [INFO] Booting worker with pid: 369
[2026-03-24 16:22:59 +0000] [359] [INFO] Started server process [359]
[2026-03-24 16:22:59 +0000] [359] [INFO] Waiting for application startup.
[2026-03-24 16:22:59 +0000] [359] [INFO] Application startup complete.
[2026-03-24 16:22:59 +0000] [371] [INFO] Booting worker with pid: 371
[2026-03-24 16:22:59 +0000] [372] [INFO] Booting worker with pid: 372
[2026-03-24 16:23:00 +0000] [362] [INFO] Started server process [362]
[2026-03-24 16:23:00 +0000] [362] [INFO] Waiting for application startup.
[2026-03-24 16:23:00 +0000] [362] [INFO] Application startup complete.
[2026-03-24 16:23:00 +0000] [374] [INFO] Booting worker with pid: 374
[2026-03-24 16:23:00 +0000] [363] [INFO] Started server process [363]
[2026-03-24 16:23:00 +0000] [363] [INFO] Waiting for application startup.
[2026-03-24 16:23:00 +0000] [363] [INFO] Application startup complete.
[2026-03-24 16:23:00 +0000] [376] [INFO] Booting worker with pid: 376
[2026-03-24 16:23:00 +0000] [365] [INFO] Started server process [365]
[2026-03-24 16:23:00 +0000] [365] [INFO] Waiting for application startup.
[2026-03-24 16:23:00 +0000] [365] [INFO] Application startup complete.
[2026-03-24 16:23:00 +0000] [378] [INFO] Booting worker with pid: 378
[2026-03-24 16:23:00 +0000] [367] [INFO] Started server process [367]
[2026-03-24 16:23:00 +0000] [367] [INFO] Waiting for application startup.
[2026-03-24 16:23:00 +0000] [367] [INFO] Application startup complete.
[2026-03-24 16:23:00 +0000] [380] [INFO] Booting worker with pid: 380
[2026-03-24 16:23:00 +0000] [383] [INFO] Booting worker with pid: 383
[2026-03-24 16:23:00 +0000] [369] [INFO] Started server process [369]
[2026-03-24 16:23:00 +0000] [369] [INFO] Waiting for application startup.
[2026-03-24 16:23:00 +0000] [369] [INFO] Application startup complete.
[2026-03-24 16:23:00 +0000] [384] [INFO] Booting worker with pid: 384
[2026-03-24 16:23:00 +0000] [371] [INFO] Started server process [371]
[2026-03-24 16:23:00 +0000] [371] [INFO] Waiting for application startup.
[2026-03-24 16:23:00 +0000] [371] [INFO] Application startup complete.
[2026-03-24 16:23:00 +0000] [372] [INFO] Started server process [372]
[2026-03-24 16:23:00 +0000] [372] [INFO] Waiting for application startup.
[2026-03-24 16:23:00 +0000] [372] [INFO] Application startup complete.
[2026-03-24 16:23:00 +0000] [386] [INFO] Booting worker with pid: 386
[2026-03-24 16:23:00 +0000] [387] [INFO] Booting worker with pid: 387
[2026-03-24 16:23:00 +0000] [374] [INFO] Started server process [374]
[2026-03-24 16:23:00 +0000] [374] [INFO] Waiting for application startup.
[2026-03-24 16:23:00 +0000] [374] [INFO] Application startup complete.
[2026-03-24 16:23:00 +0000] [389] [INFO] Booting worker with pid: 389
[2026-03-24 16:23:00 +0000] [376] [INFO] Started server process [376]
[2026-03-24 16:23:00 +0000] [376] [INFO] Waiting for application startup.
[2026-03-24 16:23:00 +0000] [376] [INFO] Application startup complete.
[2026-03-24 16:23:00 +0000] [392] [INFO] Booting worker with pid: 392
[2026-03-24 16:23:00 +0000] [393] [INFO] Booting worker with pid: 393
[2026-03-24 16:23:00 +0000] [378] [INFO] Started server process [378]
[2026-03-24 16:23:00 +0000] [378] [INFO] Waiting for application startup.
[2026-03-24 16:23:00 +0000] [378] [INFO] Application startup complete.
[2026-03-24 16:23:00 +0000] [380] [INFO] Started server process [380]
[2026-03-24 16:23:00 +0000] [380] [INFO] Waiting for application startup.
[2026-03-24 16:23:00 +0000] [380] [INFO] Application startup complete.
[2026-03-24 16:23:00 +0000] [395] [INFO] Booting worker with pid: 395
[2026-03-24 16:23:00 +0000] [398] [INFO] Booting worker with pid: 398
[2026-03-24 16:23:00 +0000] [400] [INFO] Booting worker with pid: 400
[2026-03-24 16:23:00 +0000] [384] [INFO] Started server process [384]
[2026-03-24 16:23:00 +0000] [384] [INFO] Waiting for application startup.
[2026-03-24 16:23:00 +0000] [384] [INFO] Application startup complete.
[2026-03-24 16:23:00 +0000] [386] [INFO] Started server process [386]
[2026-03-24 16:23:00 +0000] [401] [INFO] Booting worker with pid: 401
[2026-03-24 16:23:00 +0000] [386] [INFO] Waiting for application startup.
[2026-03-24 16:23:00 +0000] [386] [INFO] Application startup complete.
[2026-03-24 16:23:00 +0000] [402] [INFO] Booting worker with pid: 402
[2026-03-24 16:23:00 +0000] [383] [INFO] Started server process [383]
[2026-03-24 16:23:00 +0000] [383] [INFO] Waiting for application startup.
[2026-03-24 16:23:00 +0000] [383] [INFO] Application startup complete.
[2026-03-24 16:23:01 +0000] [403] [INFO] Booting worker with pid: 403
[2026-03-24 16:23:01 +0000] [387] [INFO] Started server process [387]
[2026-03-24 16:23:01 +0000] [387] [INFO] Waiting for application startup.
[2026-03-24 16:23:01 +0000] [387] [INFO] Application startup complete.
[2026-03-24 16:23:01 +0000] [389] [INFO] Started server process [389]
[2026-03-24 16:23:01 +0000] [389] [INFO] Waiting for application startup.
[2026-03-24 16:23:01 +0000] [389] [INFO] Application startup complete.
[2026-03-24 16:23:01 +0000] [406] [INFO] Booting worker with pid: 406
[2026-03-24 16:23:01 +0000] [407] [INFO] Booting worker with pid: 407
[2026-03-24 16:23:01 +0000] [392] [INFO] Started server process [392]
[2026-03-24 16:23:01 +0000] [392] [INFO] Waiting for application startup.
[2026-03-24 16:23:01 +0000] [392] [INFO] Application startup complete.
[2026-03-24 16:23:01 +0000] [410] [INFO] Booting worker with pid: 410
[2026-03-24 16:23:01 +0000] [395] [INFO] Started server process [395]
[2026-03-24 16:23:01 +0000] [395] [INFO] Waiting for application startup.
[2026-03-24 16:23:01 +0000] [395] [INFO] Application startup complete.
[2026-03-24 16:23:01 +0000] [393] [INFO] Started server process [393]
[2026-03-24 16:23:01 +0000] [393] [INFO] Waiting for application startup.
[2026-03-24 16:23:01 +0000] [393] [INFO] Application startup complete.
[2026-03-24 16:23:01 +0000] [411] [INFO] Booting worker with pid: 411
[2026-03-24 16:23:01 +0000] [416] [INFO] Booting worker with pid: 416
[2026-03-24 16:23:01 +0000] [400] [INFO] Started server process [400]
[2026-03-24 16:23:01 +0000] [401] [INFO] Started server process [401]
[2026-03-24 16:23:01 +0000] [400] [INFO] Waiting for application startup.
[2026-03-24 16:23:01 +0000] [400] [INFO] Application startup complete.
[2026-03-24 16:23:01 +0000] [401] [INFO] Waiting for application startup.
[2026-03-24 16:23:01 +0000] [401] [INFO] Application startup complete.
[2026-03-24 16:23:01 +0000] [402] [INFO] Started server process [402]
[2026-03-24 16:23:01 +0000] [407] [INFO] Started server process [407]
[2026-03-24 16:23:01 +0000] [407] [INFO] Waiting for application startup.
[2026-03-24 16:23:01 +0000] [407] [INFO] Application startup complete.
[2026-03-24 16:23:01 +0000] [402] [INFO] Waiting for application startup.
[2026-03-24 16:23:01 +0000] [402] [INFO] Application startup complete.
[2026-03-24 16:23:01 +0000] [419] [INFO] Booting worker with pid: 419
[2026-03-24 16:23:01 +0000] [398] [INFO] Started server process [398]
[2026-03-24 16:23:01 +0000] [398] [INFO] Waiting for application startup.
[2026-03-24 16:23:01 +0000] [398] [INFO] Application startup complete.
[2026-03-24 16:23:01 +0000] [421] [INFO] Booting worker with pid: 421
[2026-03-24 16:23:01 +0000] [406] [INFO] Started server process [406]
[2026-03-24 16:23:01 +0000] [406] [INFO] Waiting for application startup.
[2026-03-24 16:23:01 +0000] [406] [INFO] Application startup complete.
[2026-03-24 16:23:01 +0000] [422] [INFO] Booting worker with pid: 422
[2026-03-24 16:23:01 +0000] [423] [INFO] Booting worker with pid: 423
[2026-03-24 16:23:01 +0000] [403] [INFO] Started server process [403]
[2026-03-24 16:23:01 +0000] [403] [INFO] Waiting for application startup.
[2026-03-24 16:23:01 +0000] [403] [INFO] Application startup complete.
[2026-03-24 16:23:01 +0000] [424] [INFO] Booting worker with pid: 424
[2026-03-24 16:23:01 +0000] [426] [INFO] Booting worker with pid: 426
[2026-03-24 16:23:01 +0000] [410] [INFO] Started server process [410]
[2026-03-24 16:23:01 +0000] [410] [INFO] Waiting for application startup.
[2026-03-24 16:23:01 +0000] [410] [INFO] Application startup complete.
[2026-03-24 16:23:01 +0000] [429] [INFO] Booting worker with pid: 429
[2026-03-24 16:23:01 +0000] [416] [INFO] Started server process [416]
[2026-03-24 16:23:01 +0000] [416] [INFO] Waiting for application startup.
[2026-03-24 16:23:01 +0000] [416] [INFO] Application startup complete.
[2026-03-24 16:23:01 +0000] [411] [INFO] Started server process [411]
[2026-03-24 16:23:01 +0000] [411] [INFO] Waiting for application startup.
[2026-03-24 16:23:01 +0000] [411] [INFO] Application startup complete.
[2026-03-24 16:23:01 +0000] [430] [INFO] Booting worker with pid: 430
[2026-03-24 16:23:01 +0000] [431] [INFO] Booting worker with pid: 431
[2026-03-24 16:23:02 +0000] [434] [INFO] Booting worker with pid: 434
[2026-03-24 16:23:02 +0000] [421] [INFO] Started server process [421]
[2026-03-24 16:23:02 +0000] [421] [INFO] Waiting for application startup.
[2026-03-24 16:23:02 +0000] [421] [INFO] Application startup complete.
[2026-03-24 16:23:02 +0000] [437] [INFO] Booting worker with pid: 437
[2026-03-24 16:23:02 +0000] [419] [INFO] Started server process [419]
[2026-03-24 16:23:02 +0000] [419] [INFO] Waiting for application startup.
[2026-03-24 16:23:02 +0000] [419] [INFO] Application startup complete.
[2026-03-24 16:23:02 +0000] [438] [INFO] Booting worker with pid: 438
[2026-03-24 16:23:02 +0000] [422] [INFO] Started server process [422]
[2026-03-24 16:23:02 +0000] [422] [INFO] Waiting for application startup.
[2026-03-24 16:23:02 +0000] [422] [INFO] Application startup complete.
[2026-03-24 16:23:02 +0000] [441] [INFO] Booting worker with pid: 441
[2026-03-24 16:23:02 +0000] [423] [INFO] Started server process [423]
[2026-03-24 16:23:02 +0000] [423] [INFO] Waiting for application startup.
[2026-03-24 16:23:02 +0000] [423] [INFO] Application startup complete.
[2026-03-24 16:23:02 +0000] [431] [INFO] Started server process [431]
[2026-03-24 16:23:02 +0000] [431] [INFO] Waiting for application startup.
[2026-03-24 16:23:02 +0000] [431] [INFO] Application startup complete.
[2026-03-24 16:23:02 +0000] [426] [INFO] Started server process [426]
[2026-03-24 16:23:02 +0000] [426] [INFO] Waiting for application startup.
[2026-03-24 16:23:02 +0000] [426] [INFO] Application startup complete.
[2026-03-24 16:23:02 +0000] [444] [INFO] Booting worker with pid: 444
[2026-03-24 16:23:02 +0000] [429] [INFO] Started server process [429]
[2026-03-24 16:23:02 +0000] [429] [INFO] Waiting for application startup.
[2026-03-24 16:23:02 +0000] [429] [INFO] Application startup complete.
[2026-03-24 16:23:02 +0000] [424] [INFO] Started server process [424]
[2026-03-24 16:23:02 +0000] [424] [INFO] Waiting for application startup.
[2026-03-24 16:23:02 +0000] [424] [INFO] Application startup complete.
[2026-03-24 16:23:02 +0000] [446] [INFO] Booting worker with pid: 446
[2026-03-24 16:23:02 +0000] [430] [INFO] Started server process [430]
[2026-03-24 16:23:02 +0000] [430] [INFO] Waiting for application startup.
[2026-03-24 16:23:02 +0000] [430] [INFO] Application startup complete.
[2026-03-24 16:23:02 +0000] [447] [INFO] Booting worker with pid: 447
[2026-03-24 16:23:02 +0000] [437] [INFO] Started server process [437]
[2026-03-24 16:23:02 +0000] [437] [INFO] Waiting for application startup.
[2026-03-24 16:23:02 +0000] [437] [INFO] Application startup complete.
[2026-03-24 16:23:02 +0000] [451] [INFO] Booting worker with pid: 451
[2026-03-24 16:23:02 +0000] [441] [INFO] Started server process [441]
[2026-03-24 16:23:02 +0000] [441] [INFO] Waiting for application startup.
[2026-03-24 16:23:02 +0000] [441] [INFO] Application startup complete.
[2026-03-24 16:23:02 +0000] [453] [INFO] Booting worker with pid: 453
[2026-03-24 16:23:02 +0000] [434] [INFO] Started server process [434]
[2026-03-24 16:23:02 +0000] [434] [INFO] Waiting for application startup.
[2026-03-24 16:23:02 +0000] [434] [INFO] Application startup complete.
[2026-03-24 16:23:02 +0000] [454] [INFO] Booting worker with pid: 454
[2026-03-24 16:23:02 +0000] [438] [INFO] Started server process [438]
[2026-03-24 16:23:02 +0000] [455] [INFO] Booting worker with pid: 455
[2026-03-24 16:23:02 +0000] [438] [INFO] Waiting for application startup.
[2026-03-24 16:23:02 +0000] [438] [INFO] Application startup complete.
[2026-03-24 16:23:02 +0000] [457] [INFO] Booting worker with pid: 457
[2026-03-24 16:23:02 +0000] [458] [INFO] Booting worker with pid: 458
[2026-03-24 16:23:02 +0000] [444] [INFO] Started server process [444]
[2026-03-24 16:23:02 +0000] [444] [INFO] Waiting for application startup.
[2026-03-24 16:23:02 +0000] [444] [INFO] Application startup complete.
[2026-03-24 16:23:02 +0000] [459] [INFO] Booting worker with pid: 459
[2026-03-24 16:23:02 +0000] [446] [INFO] Started server process [446]
[2026-03-24 16:23:02 +0000] [446] [INFO] Waiting for application startup.
[2026-03-24 16:23:02 +0000] [446] [INFO] Application startup complete.
[2026-03-24 16:23:02 +0000] [462] [INFO] Booting worker with pid: 462
[2026-03-24 16:23:02 +0000] [447] [INFO] Started server process [447]
[2026-03-24 16:23:02 +0000] [447] [INFO] Waiting for application startup.
[2026-03-24 16:23:02 +0000] [447] [INFO] Application startup complete.
[2026-03-24 16:23:02 +0000] [463] [INFO] Booting worker with pid: 463
[2026-03-24 16:23:02 +0000] [451] [INFO] Started server process [451]
[2026-03-24 16:23:02 +0000] [451] [INFO] Waiting for application startup.
[2026-03-24 16:23:02 +0000] [451] [INFO] Application startup complete.
[2026-03-24 16:23:02 +0000] [453] [INFO] Started server process [453]
[2026-03-24 16:23:02 +0000] [453] [INFO] Waiting for application startup.
[2026-03-24 16:23:02 +0000] [453] [INFO] Application startup complete.
[2026-03-24 16:23:02 +0000] [454] [INFO] Started server process [454]
[2026-03-24 16:23:02 +0000] [454] [INFO] Waiting for application startup.
[2026-03-24 16:23:02 +0000] [454] [INFO] Application startup complete.
[2026-03-24 16:23:02 +0000] [455] [INFO] Started server process [455]
[2026-03-24 16:23:02 +0000] [455] [INFO] Waiting for application startup.
[2026-03-24 16:23:02 +0000] [455] [INFO] Application startup complete.
[2026-03-24 16:23:02 +0000] [457] [INFO] Started server process [457]
[2026-03-24 16:23:02 +0000] [457] [INFO] Waiting for application startup.
[2026-03-24 16:23:02 +0000] [457] [INFO] Application startup complete.
[2026-03-24 16:23:02 +0000] [458] [INFO] Started server process [458]
[2026-03-24 16:23:02 +0000] [458] [INFO] Waiting for application startup.
[2026-03-24 16:23:02 +0000] [458] [INFO] Application startup complete.
[2026-03-24 16:23:02 +0000] [459] [INFO] Started server process [459]
[2026-03-24 16:23:02 +0000] [459] [INFO] Waiting for application startup.
[2026-03-24 16:23:02 +0000] [459] [INFO] Application startup complete.
[2026-03-24 16:23:02 +0000] [462] [INFO] Started server process [462]
[2026-03-24 16:23:02 +0000] [462] [INFO] Waiting for application startup.
[2026-03-24 16:23:02 +0000] [462] [INFO] Application startup complete.
[2026-03-24 16:23:02 +0000] [463] [INFO] Started server process [463]
[2026-03-24 16:23:02 +0000] [463] [INFO] Waiting for application startup.
[2026-03-24 16:23:02 +0000] [463] [INFO] Application startup complete.
[2026-03-24 16:23:02 +0000] [473] [INFO] Booting worker with pid: 473
[2026-03-24 16:23:02 +0000] [474] [INFO] Booting worker with pid: 474
[2026-03-24 16:23:02 +0000] [475] [INFO] Booting worker with pid: 475
[2026-03-24 16:23:02 +0000] [473] [INFO] Started server process [473]
[2026-03-24 16:23:02 +0000] [473] [INFO] Waiting for application startup.
[2026-03-24 16:23:02 +0000] [473] [INFO] Application startup complete.
[2026-03-24 16:23:03 +0000] [474] [INFO] Started server process [474]
[2026-03-24 16:23:03 +0000] [474] [INFO] Waiting for application startup.
[2026-03-24 16:23:03 +0000] [474] [INFO] Application startup complete.
[2026-03-24 16:23:03 +0000] [475] [INFO] Started server process [475]
[2026-03-24 16:23:03 +0000] [475] [INFO] Waiting for application startup.
[2026-03-24 16:23:03 +0000] [475] [INFO] Application startup complete.
[2026-03-24 16:23:03 +0000] [479] [INFO] Booting worker with pid: 479
[2026-03-24 16:23:03 +0000] [480] [INFO] Booting worker with pid: 480
[2026-03-24 16:23:03 +0000] [479] [INFO] Started server process [479]
[2026-03-24 16:23:03 +0000] [479] [INFO] Waiting for application startup.
[2026-03-24 16:23:03 +0000] [479] [INFO] Application startup complete.
[2026-03-24 16:23:03 +0000] [480] [INFO] Started server process [480]
[2026-03-24 16:23:03 +0000] [480] [INFO] Waiting for application startup.
[2026-03-24 16:23:03 +0000] [480] [INFO] Application startup complete.
[2026-03-24 16:23:03 +0000] [483] [INFO] Booting worker with pid: 483
[2026-03-24 16:23:03 +0000] [484] [INFO] Booting worker with pid: 484
[2026-03-24 16:23:03 +0000] [485] [INFO] Booting worker with pid: 485
[2026-03-24 16:23:03 +0000] [483] [INFO] Started server process [483]
[2026-03-24 16:23:03 +0000] [483] [INFO] Waiting for application startup.
[2026-03-24 16:23:03 +0000] [483] [INFO] Application startup complete.
[2026-03-24 16:23:03 +0000] [484] [INFO] Started server process [484]
[2026-03-24 16:23:03 +0000] [484] [INFO] Waiting for application startup.
[2026-03-24 16:23:03 +0000] [484] [INFO] Application startup complete.
[2026-03-24 16:23:03 +0000] [485] [INFO] Started server process [485]
[2026-03-24 16:23:03 +0000] [485] [INFO] Waiting for application startup.
[2026-03-24 16:23:03 +0000] [485] [INFO] Application startup complete.
[2026-03-24 16:23:03 +0000] [489] [INFO] Booting worker with pid: 489
[2026-03-24 16:23:03 +0000] [489] [INFO] Started server process [489]
[2026-03-24 16:23:03 +0000] [489] [INFO] Waiting for application startup.
[2026-03-24 16:23:03 +0000] [489] [INFO] Application startup complete.
[2026-03-24 16:23:03 +0000] [491] [INFO] Booting worker with pid: 491
[2026-03-24 16:23:03 +0000] [492] [INFO] Booting worker with pid: 492
[2026-03-24 16:23:03 +0000] [491] [INFO] Started server process [491]
[2026-03-24 16:23:03 +0000] [491] [INFO] Waiting for application startup.
[2026-03-24 16:23:03 +0000] [491] [INFO] Application startup complete.
[2026-03-24 16:23:03 +0000] [495] [INFO] Booting worker with pid: 495
[2026-03-24 16:23:03 +0000] [492] [INFO] Started server process [492]
[2026-03-24 16:23:03 +0000] [492] [INFO] Waiting for application startup.
[2026-03-24 16:23:03 +0000] [492] [INFO] Application startup complete.
[2026-03-24 16:23:03 +0000] [496] [INFO] Booting worker with pid: 496
[2026-03-24 16:23:03 +0000] [498] [INFO] Booting worker with pid: 498
[2026-03-24 16:23:03 +0000] [495] [INFO] Started server process [495]
[2026-03-24 16:23:03 +0000] [495] [INFO] Waiting for application startup.
[2026-03-24 16:23:03 +0000] [495] [INFO] Application startup complete.
[2026-03-24 16:23:03 +0000] [499] [INFO] Booting worker with pid: 499
[2026-03-24 16:23:03 +0000] [500] [INFO] Booting worker with pid: 500
[2026-03-24 16:23:03 +0000] [496] [INFO] Started server process [496]
[2026-03-24 16:23:03 +0000] [496] [INFO] Waiting for application startup.
[2026-03-24 16:23:03 +0000] [496] [INFO] Application startup complete.
[2026-03-24 16:23:03 +0000] [498] [INFO] Started server process [498]
[2026-03-24 16:23:03 +0000] [498] [INFO] Waiting for application startup.
[2026-03-24 16:23:03 +0000] [498] [INFO] Application startup complete.
[2026-03-24 16:23:03 +0000] [499] [INFO] Started server process [499]
[2026-03-24 16:23:03 +0000] [499] [INFO] Waiting for application startup.
[2026-03-24 16:23:03 +0000] [499] [INFO] Application startup complete.
[2026-03-24 16:23:03 +0000] [500] [INFO] Started server process [500]
[2026-03-24 16:23:03 +0000] [500] [INFO] Waiting for application startup.
[2026-03-24 16:23:03 +0000] [500] [INFO] Application startup complete.
[2026-03-24 16:23:03 +0000] [505] [INFO] Booting worker with pid: 505
[2026-03-24 16:23:03 +0000] [506] [INFO] Booting worker with pid: 506
[2026-03-24 16:23:03 +0000] [505] [INFO] Started server process [505]
[2026-03-24 16:23:03 +0000] [505] [INFO] Waiting for application startup.
[2026-03-24 16:23:03 +0000] [505] [INFO] Application startup complete.
[2026-03-24 16:23:03 +0000] [506] [INFO] Started server process [506]
[2026-03-24 16:23:03 +0000] [506] [INFO] Waiting for application startup.
[2026-03-24 16:23:03 +0000] [506] [INFO] Application startup complete.
[2026-03-24 16:23:03 +0000] [509] [INFO] Booting worker with pid: 509
[2026-03-24 16:23:03 +0000] [510] [INFO] Booting worker with pid: 510
[2026-03-24 16:23:03 +0000] [509] [INFO] Started server process [509]
[2026-03-24 16:23:03 +0000] [509] [INFO] Waiting for application startup.
[2026-03-24 16:23:03 +0000] [509] [INFO] Application startup complete.
[2026-03-24 16:23:03 +0000] [510] [INFO] Started server process [510]
[2026-03-24 16:23:03 +0000] [510] [INFO] Waiting for application startup.
[2026-03-24 16:23:03 +0000] [510] [INFO] Application startup complete.
[2026-03-24 16:23:03 +0000] [513] [INFO] Booting worker with pid: 513
[2026-03-24 16:23:03 +0000] [513] [INFO] Started server process [513]
[2026-03-24 16:23:03 +0000] [513] [INFO] Waiting for application startup.
[2026-03-24 16:23:03 +0000] [513] [INFO] Application startup complete.
[2026-03-24 16:23:03 +0000] [515] [INFO] Booting worker with pid: 515
[2026-03-24 16:23:03 +0000] [515] [INFO] Started server process [515]
[2026-03-24 16:23:03 +0000] [515] [INFO] Waiting for application startup.
[2026-03-24 16:23:03 +0000] [515] [INFO] Application startup complete.
[2026-03-24 16:23:03 +0000] [517] [INFO] Booting worker with pid: 517
[2026-03-24 16:23:04 +0000] [517] [INFO] Started server process [517]
[2026-03-24 16:23:04 +0000] [517] [INFO] Waiting for application startup.
[2026-03-24 16:23:04 +0000] [517] [INFO] Application startup complete.
