[2026-03-24 15:27:41 +0000] [1] [INFO] Starting gunicorn 23.0.0
[2026-03-24 15:27:41 +0000] [1] [INFO] Listening at: http://0.0.0.0:8080 (1)
[2026-03-24 15:27:41 +0000] [1] [INFO] Using worker: uvicorn.workers.UvicornWorker
[2026-03-24 15:27:41 +0000] [7] [INFO] Booting worker with pid: 7
[2026-03-24 15:27:41 +0000] [8] [INFO] Booting worker with pid: 8
[2026-03-24 15:27:41 +0000] [9] [INFO] Booting worker with pid: 9
[2026-03-24 15:27:41 +0000] [10] [INFO] Booting worker with pid: 10
[2026-03-24 15:27:41 +0000] [11] [INFO] Booting worker with pid: 11
[2026-03-24 15:27:41 +0000] [12] [INFO] Booting worker with pid: 12
[2026-03-24 15:27:41 +0000] [7] [INFO] Started server process [7]
[2026-03-24 15:27:41 +0000] [8] [INFO] Started server process [8]
[2026-03-24 15:27:41 +0000] [7] [INFO] Waiting for application startup.
[2026-03-24 15:27:41 +0000] [8] [INFO] Waiting for application startup.
[2026-03-24 15:27:41 +0000] [7] [INFO] Application startup complete.
[2026-03-24 15:27:41 +0000] [8] [INFO] Application startup complete.
[2026-03-24 15:27:41 +0000] [9] [INFO] Started server process [9]
[2026-03-24 15:27:41 +0000] [9] [INFO] Waiting for application startup.
[2026-03-24 15:27:41 +0000] [9] [INFO] Application startup complete.
[2026-03-24 15:27:41 +0000] [16] [INFO] Booting worker with pid: 16
[2026-03-24 15:27:41 +0000] [10] [INFO] Started server process [10]
[2026-03-24 15:27:41 +0000] [10] [INFO] Waiting for application startup.
[2026-03-24 15:27:41 +0000] [10] [INFO] Application startup complete.
[2026-03-24 15:27:41 +0000] [18] [INFO] Booting worker with pid: 18
[2026-03-24 15:27:41 +0000] [11] [INFO] Started server process [11]
[2026-03-24 15:27:41 +0000] [11] [INFO] Waiting for application startup.
[2026-03-24 15:27:41 +0000] [11] [INFO] Application startup complete.
[2026-03-24 15:27:41 +0000] [21] [INFO] Booting worker with pid: 21
[2026-03-24 15:27:41 +0000] [12] [INFO] Started server process [12]
[2026-03-24 15:27:41 +0000] [12] [INFO] Waiting for application startup.
[2026-03-24 15:27:41 +0000] [12] [INFO] Application startup complete.
[2026-03-24 15:27:41 +0000] [22] [INFO] Booting worker with pid: 22
[2026-03-24 15:27:41 +0000] [16] [INFO] Started server process [16]
[2026-03-24 15:27:41 +0000] [16] [INFO] Waiting for application startup.
[2026-03-24 15:27:41 +0000] [16] [INFO] Application startup complete.
[2026-03-24 15:27:41 +0000] [24] [INFO] Booting worker with pid: 24
[2026-03-24 15:27:42 +0000] [25] [INFO] Booting worker with pid: 25
[2026-03-24 15:27:42 +0000] [26] [INFO] Booting worker with pid: 26
[2026-03-24 15:27:42 +0000] [18] [INFO] Started server process [18]
[2026-03-24 15:27:42 +0000] [18] [INFO] Waiting for application startup.
[2026-03-24 15:27:42 +0000] [18] [INFO] Application startup complete.
[2026-03-24 15:27:42 +0000] [28] [INFO] Booting worker with pid: 28
[2026-03-24 15:27:42 +0000] [21] [INFO] Started server process [21]
[2026-03-24 15:27:42 +0000] [21] [INFO] Waiting for application startup.
[2026-03-24 15:27:42 +0000] [21] [INFO] Application startup complete.
[2026-03-24 15:27:42 +0000] [30] [INFO] Booting worker with pid: 30
[2026-03-24 15:27:42 +0000] [31] [INFO] Booting worker with pid: 31
[2026-03-24 15:27:42 +0000] [22] [INFO] Started server process [22]
[2026-03-24 15:27:42 +0000] [22] [INFO] Waiting for application startup.
[2026-03-24 15:27:42 +0000] [22] [INFO] Application startup complete.
[2026-03-24 15:27:42 +0000] [33] [INFO] Booting worker with pid: 33
[2026-03-24 15:27:42 +0000] [34] [INFO] Booting worker with pid: 34
[2026-03-24 15:27:42 +0000] [35] [INFO] Booting worker with pid: 35
[2026-03-24 15:27:42 +0000] [24] [INFO] Started server process [24]
[2026-03-24 15:27:42 +0000] [24] [INFO] Waiting for application startup.
[2026-03-24 15:27:42 +0000] [24] [INFO] Application startup complete.
[2026-03-24 15:27:42 +0000] [25] [INFO] Started server process [25]
[2026-03-24 15:27:42 +0000] [25] [INFO] Waiting for application startup.
[2026-03-24 15:27:42 +0000] [25] [INFO] Application startup complete.
[2026-03-24 15:27:42 +0000] [26] [INFO] Started server process [26]
[2026-03-24 15:27:42 +0000] [26] [INFO] Waiting for application startup.
[2026-03-24 15:27:42 +0000] [26] [INFO] Application startup complete.
[2026-03-24 15:27:42 +0000] [39] [INFO] Booting worker with pid: 39
[2026-03-24 15:27:42 +0000] [28] [INFO] Started server process [28]
[2026-03-24 15:27:42 +0000] [28] [INFO] Waiting for application startup.
[2026-03-24 15:27:42 +0000] [28] [INFO] Application startup complete.
[2026-03-24 15:27:42 +0000] [41] [INFO] Booting worker with pid: 41
[2026-03-24 15:27:42 +0000] [30] [INFO] Started server process [30]
[2026-03-24 15:27:42 +0000] [30] [INFO] Waiting for application startup.
[2026-03-24 15:27:42 +0000] [30] [INFO] Application startup complete.
[2026-03-24 15:27:42 +0000] [44] [INFO] Booting worker with pid: 44
[2026-03-24 15:27:42 +0000] [31] [INFO] Started server process [31]
[2026-03-24 15:27:42 +0000] [31] [INFO] Waiting for application startup.
[2026-03-24 15:27:42 +0000] [31] [INFO] Application startup complete.
[2026-03-24 15:27:42 +0000] [33] [INFO] Started server process [33]
[2026-03-24 15:27:42 +0000] [33] [INFO] Waiting for application startup.
[2026-03-24 15:27:42 +0000] [33] [INFO] Application startup complete.
[2026-03-24 15:27:42 +0000] [46] [INFO] Booting worker with pid: 46
[2026-03-24 15:27:42 +0000] [48] [INFO] Booting worker with pid: 48
[2026-03-24 15:27:42 +0000] [34] [INFO] Started server process [34]
[2026-03-24 15:27:42 +0000] [34] [INFO] Waiting for application startup.
[2026-03-24 15:27:42 +0000] [34] [INFO] Application startup complete.
[2026-03-24 15:27:42 +0000] [35] [INFO] Started server process [35]
[2026-03-24 15:27:42 +0000] [35] [INFO] Waiting for application startup.
[2026-03-24 15:27:42 +0000] [35] [INFO] Application startup complete.
[2026-03-24 15:27:42 +0000] [50] [INFO] Booting worker with pid: 50
[2026-03-24 15:27:42 +0000] [39] [INFO] Started server process [39]
[2026-03-24 15:27:42 +0000] [39] [INFO] Waiting for application startup.
[2026-03-24 15:27:42 +0000] [39] [INFO] Application startup complete.
[2026-03-24 15:27:42 +0000] [53] [INFO] Booting worker with pid: 53
[2026-03-24 15:27:42 +0000] [41] [INFO] Started server process [41]
[2026-03-24 15:27:42 +0000] [41] [INFO] Waiting for application startup.
[2026-03-24 15:27:42 +0000] [41] [INFO] Application startup complete.
[2026-03-24 15:27:42 +0000] [44] [INFO] Started server process [44]
[2026-03-24 15:27:42 +0000] [44] [INFO] Waiting for application startup.
[2026-03-24 15:27:42 +0000] [44] [INFO] Application startup complete.
[2026-03-24 15:27:42 +0000] [55] [INFO] Booting worker with pid: 55
[2026-03-24 15:27:42 +0000] [46] [INFO] Started server process [46]
[2026-03-24 15:27:42 +0000] [46] [INFO] Waiting for application startup.
[2026-03-24 15:27:42 +0000] [46] [INFO] Application startup complete.
[2026-03-24 15:27:42 +0000] [57] [INFO] Booting worker with pid: 57
[2026-03-24 15:27:42 +0000] [48] [INFO] Started server process [48]
[2026-03-24 15:27:42 +0000] [48] [INFO] Waiting for application startup.
[2026-03-24 15:27:42 +0000] [48] [INFO] Application startup complete.
[2026-03-24 15:27:42 +0000] [59] [INFO] Booting worker with pid: 59
[2026-03-24 15:27:42 +0000] [61] [INFO] Booting worker with pid: 61
[2026-03-24 15:27:42 +0000] [50] [INFO] Started server process [50]
[2026-03-24 15:27:42 +0000] [50] [INFO] Waiting for application startup.
[2026-03-24 15:27:42 +0000] [50] [INFO] Application startup complete.
[2026-03-24 15:27:42 +0000] [63] [INFO] Booting worker with pid: 63
[2026-03-24 15:27:42 +0000] [53] [INFO] Started server process [53]
[2026-03-24 15:27:42 +0000] [53] [INFO] Waiting for application startup.
[2026-03-24 15:27:42 +0000] [53] [INFO] Application startup complete.
[2026-03-24 15:27:42 +0000] [64] [INFO] Booting worker with pid: 64
[2026-03-24 15:27:42 +0000] [66] [INFO] Booting worker with pid: 66
[2026-03-24 15:27:42 +0000] [55] [INFO] Started server process [55]
[2026-03-24 15:27:42 +0000] [55] [INFO] Waiting for application startup.
[2026-03-24 15:27:42 +0000] [55] [INFO] Application startup complete.
[2026-03-24 15:27:42 +0000] [67] [INFO] Booting worker with pid: 67
[2026-03-24 15:27:42 +0000] [57] [INFO] Started server process [57]
[2026-03-24 15:27:42 +0000] [57] [INFO] Waiting for application startup.
[2026-03-24 15:27:42 +0000] [57] [INFO] Application startup complete.
[2026-03-24 15:27:42 +0000] [69] [INFO] Booting worker with pid: 69
[2026-03-24 15:27:43 +0000] [59] [INFO] Started server process [59]
[2026-03-24 15:27:43 +0000] [59] [INFO] Waiting for application startup.
[2026-03-24 15:27:43 +0000] [59] [INFO] Application startup complete.
[2026-03-24 15:27:43 +0000] [72] [INFO] Booting worker with pid: 72
[2026-03-24 15:27:43 +0000] [61] [INFO] Started server process [61]
[2026-03-24 15:27:43 +0000] [61] [INFO] Waiting for application startup.
[2026-03-24 15:27:43 +0000] [61] [INFO] Application startup complete.
[2026-03-24 15:27:43 +0000] [73] [INFO] Booting worker with pid: 73
[2026-03-24 15:27:43 +0000] [63] [INFO] Started server process [63]
[2026-03-24 15:27:43 +0000] [63] [INFO] Waiting for application startup.
[2026-03-24 15:27:43 +0000] [63] [INFO] Application startup complete.
[2026-03-24 15:27:43 +0000] [64] [INFO] Started server process [64]
[2026-03-24 15:27:43 +0000] [64] [INFO] Waiting for application startup.
[2026-03-24 15:27:43 +0000] [64] [INFO] Application startup complete.
[2026-03-24 15:27:43 +0000] [77] [INFO] Booting worker with pid: 77
[2026-03-24 15:27:43 +0000] [66] [INFO] Started server process [66]
[2026-03-24 15:27:43 +0000] [66] [INFO] Waiting for application startup.
[2026-03-24 15:27:43 +0000] [66] [INFO] Application startup complete.
[2026-03-24 15:27:43 +0000] [67] [INFO] Started server process [67]
[2026-03-24 15:27:43 +0000] [67] [INFO] Waiting for application startup.
[2026-03-24 15:27:43 +0000] [67] [INFO] Application startup complete.
[2026-03-24 15:27:43 +0000] [79] [INFO] Booting worker with pid: 79
[2026-03-24 15:27:43 +0000] [69] [INFO] Started server process [69]
[2026-03-24 15:27:43 +0000] [69] [INFO] Waiting for application startup.
[2026-03-24 15:27:43 +0000] [69] [INFO] Application startup complete.
[2026-03-24 15:27:43 +0000] [82] [INFO] Booting worker with pid: 82
[2026-03-24 15:27:43 +0000] [72] [INFO] Started server process [72]
[2026-03-24 15:27:43 +0000] [72] [INFO] Waiting for application startup.
[2026-03-24 15:27:43 +0000] [72] [INFO] Application startup complete.
[2026-03-24 15:27:43 +0000] [83] [INFO] Booting worker with pid: 83
[2026-03-24 15:27:43 +0000] [73] [INFO] Started server process [73]
[2026-03-24 15:27:43 +0000] [73] [INFO] Waiting for application startup.
[2026-03-24 15:27:43 +0000] [73] [INFO] Application startup complete.
[2026-03-24 15:27:43 +0000] [85] [INFO] Booting worker with pid: 85
[2026-03-24 15:27:43 +0000] [87] [INFO] Booting worker with pid: 87
[2026-03-24 15:27:43 +0000] [77] [INFO] Started server process [77]
[2026-03-24 15:27:43 +0000] [77] [INFO] Waiting for application startup.
[2026-03-24 15:27:43 +0000] [77] [INFO] Application startup complete.
[2026-03-24 15:27:43 +0000] [79] [INFO] Started server process [79]
[2026-03-24 15:27:43 +0000] [79] [INFO] Waiting for application startup.
[2026-03-24 15:27:43 +0000] [79] [INFO] Application startup complete.
[2026-03-24 15:27:43 +0000] [82] [INFO] Started server process [82]
[2026-03-24 15:27:43 +0000] [82] [INFO] Waiting for application startup.
[2026-03-24 15:27:43 +0000] [82] [INFO] Application startup complete.
[2026-03-24 15:27:43 +0000] [90] [INFO] Booting worker with pid: 90
[2026-03-24 15:27:43 +0000] [91] [INFO] Booting worker with pid: 91
[2026-03-24 15:27:43 +0000] [83] [INFO] Started server process [83]
[2026-03-24 15:27:43 +0000] [83] [INFO] Waiting for application startup.
[2026-03-24 15:27:43 +0000] [83] [INFO] Application startup complete.
[2026-03-24 15:27:43 +0000] [85] [INFO] Started server process [85]
[2026-03-24 15:27:43 +0000] [85] [INFO] Waiting for application startup.
[2026-03-24 15:27:43 +0000] [85] [INFO] Application startup complete.
[2026-03-24 15:27:43 +0000] [94] [INFO] Booting worker with pid: 94
[2026-03-24 15:27:43 +0000] [95] [INFO] Booting worker with pid: 95
[2026-03-24 15:27:43 +0000] [87] [INFO] Started server process [87]
[2026-03-24 15:27:43 +0000] [87] [INFO] Waiting for application startup.
[2026-03-24 15:27:43 +0000] [87] [INFO] Application startup complete.
[2026-03-24 15:27:43 +0000] [97] [INFO] Booting worker with pid: 97
[2026-03-24 15:27:43 +0000] [99] [INFO] Booting worker with pid: 99
[2026-03-24 15:27:43 +0000] [90] [INFO] Started server process [90]
[2026-03-24 15:27:43 +0000] [90] [INFO] Waiting for application startup.
[2026-03-24 15:27:43 +0000] [90] [INFO] Application startup complete.
[2026-03-24 15:27:43 +0000] [91] [INFO] Started server process [91]
[2026-03-24 15:27:43 +0000] [91] [INFO] Waiting for application startup.
[2026-03-24 15:27:43 +0000] [91] [INFO] Application startup complete.
[2026-03-24 15:27:43 +0000] [101] [INFO] Booting worker with pid: 101
[2026-03-24 15:27:43 +0000] [102] [INFO] Booting worker with pid: 102
[2026-03-24 15:27:43 +0000] [94] [INFO] Started server process [94]
[2026-03-24 15:27:43 +0000] [94] [INFO] Waiting for application startup.
[2026-03-24 15:27:43 +0000] [94] [INFO] Application startup complete.
[2026-03-24 15:27:43 +0000] [95] [INFO] Started server process [95]
[2026-03-24 15:27:43 +0000] [95] [INFO] Waiting for application startup.
[2026-03-24 15:27:43 +0000] [95] [INFO] Application startup complete.
[2026-03-24 15:27:43 +0000] [105] [INFO] Booting worker with pid: 105
[2026-03-24 15:27:43 +0000] [106] [INFO] Booting worker with pid: 106
[2026-03-24 15:27:44 +0000] [97] [INFO] Started server process [97]
[2026-03-24 15:27:44 +0000] [97] [INFO] Waiting for application startup.
[2026-03-24 15:27:44 +0000] [97] [INFO] Application startup complete.
[2026-03-24 15:27:44 +0000] [99] [INFO] Started server process [99]
[2026-03-24 15:27:44 +0000] [99] [INFO] Waiting for application startup.
[2026-03-24 15:27:44 +0000] [99] [INFO] Application startup complete.
[2026-03-24 15:27:44 +0000] [101] [INFO] Started server process [101]
[2026-03-24 15:27:44 +0000] [101] [INFO] Waiting for application startup.
[2026-03-24 15:27:44 +0000] [101] [INFO] Application startup complete.
[2026-03-24 15:27:44 +0000] [110] [INFO] Booting worker with pid: 110
[2026-03-24 15:27:44 +0000] [102] [INFO] Started server process [102]
[2026-03-24 15:27:44 +0000] [102] [INFO] Waiting for application startup.
[2026-03-24 15:27:44 +0000] [102] [INFO] Application startup complete.
[2026-03-24 15:27:44 +0000] [112] [INFO] Booting worker with pid: 112
[2026-03-24 15:27:44 +0000] [113] [INFO] Booting worker with pid: 113
[2026-03-24 15:27:44 +0000] [115] [INFO] Booting worker with pid: 115
[2026-03-24 15:27:44 +0000] [116] [INFO] Booting worker with pid: 116
[2026-03-24 15:27:44 +0000] [105] [INFO] Started server process [105]
[2026-03-24 15:27:44 +0000] [105] [INFO] Waiting for application startup.
[2026-03-24 15:27:44 +0000] [105] [INFO] Application startup complete.
[2026-03-24 15:27:44 +0000] [106] [INFO] Started server process [106]
[2026-03-24 15:27:44 +0000] [106] [INFO] Waiting for application startup.
[2026-03-24 15:27:44 +0000] [106] [INFO] Application startup complete.
[2026-03-24 15:27:44 +0000] [118] [INFO] Booting worker with pid: 118
[2026-03-24 15:27:44 +0000] [110] [INFO] Started server process [110]
[2026-03-24 15:27:44 +0000] [110] [INFO] Waiting for application startup.
[2026-03-24 15:27:44 +0000] [110] [INFO] Application startup complete.
[2026-03-24 15:27:44 +0000] [120] [INFO] Booting worker with pid: 120
[2026-03-24 15:27:44 +0000] [112] [INFO] Started server process [112]
[2026-03-24 15:27:44 +0000] [112] [INFO] Waiting for application startup.
[2026-03-24 15:27:44 +0000] [112] [INFO] Application startup complete.
[2026-03-24 15:27:44 +0000] [122] [INFO] Booting worker with pid: 122
[2026-03-24 15:27:44 +0000] [124] [INFO] Booting worker with pid: 124
[2026-03-24 15:27:44 +0000] [113] [INFO] Started server process [113]
[2026-03-24 15:27:44 +0000] [113] [INFO] Waiting for application startup.
[2026-03-24 15:27:44 +0000] [113] [INFO] Application startup complete.
[2026-03-24 15:27:44 +0000] [115] [INFO] Started server process [115]
[2026-03-24 15:27:44 +0000] [115] [INFO] Waiting for application startup.
[2026-03-24 15:27:44 +0000] [115] [INFO] Application startup complete.
[2026-03-24 15:27:44 +0000] [116] [INFO] Started server process [116]
[2026-03-24 15:27:44 +0000] [116] [INFO] Waiting for application startup.
[2026-03-24 15:27:44 +0000] [116] [INFO] Application startup complete.
[2026-03-24 15:27:44 +0000] [127] [INFO] Booting worker with pid: 127
[2026-03-24 15:27:44 +0000] [129] [INFO] Booting worker with pid: 129
[2026-03-24 15:27:44 +0000] [118] [INFO] Started server process [118]
[2026-03-24 15:27:44 +0000] [118] [INFO] Waiting for application startup.
[2026-03-24 15:27:44 +0000] [118] [INFO] Application startup complete.
[2026-03-24 15:27:44 +0000] [120] [INFO] Started server process [120]
[2026-03-24 15:27:44 +0000] [120] [INFO] Waiting for application startup.
[2026-03-24 15:27:44 +0000] [120] [INFO] Application startup complete.
[2026-03-24 15:27:44 +0000] [131] [INFO] Booting worker with pid: 131
[2026-03-24 15:27:44 +0000] [122] [INFO] Started server process [122]
[2026-03-24 15:27:44 +0000] [122] [INFO] Waiting for application startup.
[2026-03-24 15:27:44 +0000] [122] [INFO] Application startup complete.
[2026-03-24 15:27:44 +0000] [124] [INFO] Started server process [124]
[2026-03-24 15:27:44 +0000] [124] [INFO] Waiting for application startup.
[2026-03-24 15:27:44 +0000] [124] [INFO] Application startup complete.
[2026-03-24 15:27:44 +0000] [134] [INFO] Booting worker with pid: 134
[2026-03-24 15:27:44 +0000] [135] [INFO] Booting worker with pid: 135
[2026-03-24 15:27:44 +0000] [127] [INFO] Started server process [127]
[2026-03-24 15:27:44 +0000] [127] [INFO] Waiting for application startup.
[2026-03-24 15:27:44 +0000] [127] [INFO] Application startup complete.
[2026-03-24 15:27:44 +0000] [138] [INFO] Booting worker with pid: 138
[2026-03-24 15:27:44 +0000] [129] [INFO] Started server process [129]
[2026-03-24 15:27:44 +0000] [129] [INFO] Waiting for application startup.
[2026-03-24 15:27:44 +0000] [129] [INFO] Application startup complete.
[2026-03-24 15:27:44 +0000] [131] [INFO] Started server process [131]
[2026-03-24 15:27:44 +0000] [131] [INFO] Waiting for application startup.
[2026-03-24 15:27:44 +0000] [131] [INFO] Application startup complete.
[2026-03-24 15:27:44 +0000] [140] [INFO] Booting worker with pid: 140
[2026-03-24 15:27:45 +0000] [134] [INFO] Started server process [134]
[2026-03-24 15:27:45 +0000] [134] [INFO] Waiting for application startup.
[2026-03-24 15:27:45 +0000] [134] [INFO] Application startup complete.
[2026-03-24 15:27:45 +0000] [143] [INFO] Booting worker with pid: 143
[2026-03-24 15:27:45 +0000] [135] [INFO] Started server process [135]
[2026-03-24 15:27:45 +0000] [135] [INFO] Waiting for application startup.
[2026-03-24 15:27:45 +0000] [135] [INFO] Application startup complete.
[2026-03-24 15:27:45 +0000] [144] [INFO] Booting worker with pid: 144
[2026-03-24 15:27:45 +0000] [138] [INFO] Started server process [138]
[2026-03-24 15:27:45 +0000] [138] [INFO] Waiting for application startup.
[2026-03-24 15:27:45 +0000] [138] [INFO] Application startup complete.
[2026-03-24 15:27:45 +0000] [146] [INFO] Booting worker with pid: 146
[2026-03-24 15:27:45 +0000] [140] [INFO] Started server process [140]
[2026-03-24 15:27:45 +0000] [140] [INFO] Waiting for application startup.
[2026-03-24 15:27:45 +0000] [140] [INFO] Application startup complete.
[2026-03-24 15:27:45 +0000] [148] [INFO] Booting worker with pid: 148
[2026-03-24 15:27:45 +0000] [149] [INFO] Booting worker with pid: 149
[2026-03-24 15:27:45 +0000] [143] [INFO] Started server process [143]
[2026-03-24 15:27:45 +0000] [143] [INFO] Waiting for application startup.
[2026-03-24 15:27:45 +0000] [143] [INFO] Application startup complete.
[2026-03-24 15:27:45 +0000] [152] [INFO] Booting worker with pid: 152
[2026-03-24 15:27:45 +0000] [144] [INFO] Started server process [144]
[2026-03-24 15:27:45 +0000] [144] [INFO] Waiting for application startup.
[2026-03-24 15:27:45 +0000] [144] [INFO] Application startup complete.
[2026-03-24 15:27:45 +0000] [153] [INFO] Booting worker with pid: 153
[2026-03-24 15:27:45 +0000] [146] [INFO] Started server process [146]
[2026-03-24 15:27:45 +0000] [146] [INFO] Waiting for application startup.
[2026-03-24 15:27:45 +0000] [146] [INFO] Application startup complete.
[2026-03-24 15:27:45 +0000] [155] [INFO] Booting worker with pid: 155
[2026-03-24 15:27:45 +0000] [156] [INFO] Booting worker with pid: 156
[2026-03-24 15:27:45 +0000] [148] [INFO] Started server process [148]
[2026-03-24 15:27:45 +0000] [148] [INFO] Waiting for application startup.
[2026-03-24 15:27:45 +0000] [148] [INFO] Application startup complete.
[2026-03-24 15:27:45 +0000] [159] [INFO] Booting worker with pid: 159
[2026-03-24 15:27:45 +0000] [160] [INFO] Booting worker with pid: 160
[2026-03-24 15:27:45 +0000] [149] [INFO] Started server process [149]
[2026-03-24 15:27:45 +0000] [149] [INFO] Waiting for application startup.
[2026-03-24 15:27:45 +0000] [149] [INFO] Application startup complete.
[2026-03-24 15:27:45 +0000] [162] [INFO] Booting worker with pid: 162
[2026-03-24 15:27:45 +0000] [152] [INFO] Started server process [152]
[2026-03-24 15:27:45 +0000] [152] [INFO] Waiting for application startup.
[2026-03-24 15:27:45 +0000] [152] [INFO] Application startup complete.
[2026-03-24 15:27:45 +0000] [153] [INFO] Started server process [153]
[2026-03-24 15:27:45 +0000] [153] [INFO] Waiting for application startup.
[2026-03-24 15:27:45 +0000] [153] [INFO] Application startup complete.
[2026-03-24 15:27:45 +0000] [164] [INFO] Booting worker with pid: 164
[2026-03-24 15:27:45 +0000] [155] [INFO] Started server process [155]
[2026-03-24 15:27:45 +0000] [155] [INFO] Waiting for application startup.
[2026-03-24 15:27:45 +0000] [155] [INFO] Application startup complete.
[2026-03-24 15:27:45 +0000] [167] [INFO] Booting worker with pid: 167
[2026-03-24 15:27:45 +0000] [156] [INFO] Started server process [156]
[2026-03-24 15:27:45 +0000] [156] [INFO] Waiting for application startup.
[2026-03-24 15:27:45 +0000] [156] [INFO] Application startup complete.
[2026-03-24 15:27:45 +0000] [168] [INFO] Booting worker with pid: 168
[2026-03-24 15:27:45 +0000] [169] [INFO] Booting worker with pid: 169
[2026-03-24 15:27:45 +0000] [160] [INFO] Started server process [160]
[2026-03-24 15:27:45 +0000] [160] [INFO] Waiting for application startup.
[2026-03-24 15:27:45 +0000] [160] [INFO] Application startup complete.
[2026-03-24 15:27:45 +0000] [159] [INFO] Started server process [159]
[2026-03-24 15:27:45 +0000] [159] [INFO] Waiting for application startup.
[2026-03-24 15:27:45 +0000] [159] [INFO] Application startup complete.
[2026-03-24 15:27:45 +0000] [172] [INFO] Booting worker with pid: 172
[2026-03-24 15:27:45 +0000] [174] [INFO] Booting worker with pid: 174
[2026-03-24 15:27:45 +0000] [162] [INFO] Started server process [162]
[2026-03-24 15:27:45 +0000] [162] [INFO] Waiting for application startup.
[2026-03-24 15:27:45 +0000] [162] [INFO] Application startup complete.
[2026-03-24 15:27:45 +0000] [175] [INFO] Booting worker with pid: 175
[2026-03-24 15:27:45 +0000] [177] [INFO] Booting worker with pid: 177
[2026-03-24 15:27:45 +0000] [178] [INFO] Booting worker with pid: 178
[2026-03-24 15:27:45 +0000] [164] [INFO] Started server process [164]
[2026-03-24 15:27:45 +0000] [164] [INFO] Waiting for application startup.
[2026-03-24 15:27:45 +0000] [164] [INFO] Application startup complete.
[2026-03-24 15:27:45 +0000] [180] [INFO] Booting worker with pid: 180
[2026-03-24 15:27:45 +0000] [167] [INFO] Started server process [167]
[2026-03-24 15:27:45 +0000] [167] [INFO] Waiting for application startup.
[2026-03-24 15:27:45 +0000] [167] [INFO] Application startup complete.
[2026-03-24 15:27:45 +0000] [168] [INFO] Started server process [168]
[2026-03-24 15:27:45 +0000] [168] [INFO] Waiting for application startup.
[2026-03-24 15:27:45 +0000] [168] [INFO] Application startup complete.
[2026-03-24 15:27:45 +0000] [183] [INFO] Booting worker with pid: 183
[2026-03-24 15:27:45 +0000] [169] [INFO] Started server process [169]
[2026-03-24 15:27:45 +0000] [169] [INFO] Waiting for application startup.
[2026-03-24 15:27:45 +0000] [169] [INFO] Application startup complete.
[2026-03-24 15:27:46 +0000] [184] [INFO] Booting worker with pid: 184
[2026-03-24 15:27:46 +0000] [172] [INFO] Started server process [172]
[2026-03-24 15:27:46 +0000] [172] [INFO] Waiting for application startup.
[2026-03-24 15:27:46 +0000] [172] [INFO] Application startup complete.
[2026-03-24 15:27:46 +0000] [187] [INFO] Booting worker with pid: 187
[2026-03-24 15:27:46 +0000] [174] [INFO] Started server process [174]
[2026-03-24 15:27:46 +0000] [174] [INFO] Waiting for application startup.
[2026-03-24 15:27:46 +0000] [174] [INFO] Application startup complete.
[2026-03-24 15:27:46 +0000] [175] [INFO] Started server process [175]
[2026-03-24 15:27:46 +0000] [175] [INFO] Waiting for application startup.
[2026-03-24 15:27:46 +0000] [175] [INFO] Application startup complete.
[2026-03-24 15:27:46 +0000] [177] [INFO] Started server process [177]
[2026-03-24 15:27:46 +0000] [178] [INFO] Started server process [178]
[2026-03-24 15:27:46 +0000] [177] [INFO] Waiting for application startup.
[2026-03-24 15:27:46 +0000] [178] [INFO] Waiting for application startup.
[2026-03-24 15:27:46 +0000] [177] [INFO] Application startup complete.
[2026-03-24 15:27:46 +0000] [178] [INFO] Application startup complete.
[2026-03-24 15:27:46 +0000] [191] [INFO] Booting worker with pid: 191
[2026-03-24 15:27:46 +0000] [192] [INFO] Booting worker with pid: 192
[2026-03-24 15:27:46 +0000] [180] [INFO] Started server process [180]
[2026-03-24 15:27:46 +0000] [180] [INFO] Waiting for application startup.
[2026-03-24 15:27:46 +0000] [180] [INFO] Application startup complete.
[2026-03-24 15:27:46 +0000] [183] [INFO] Started server process [183]
[2026-03-24 15:27:46 +0000] [183] [INFO] Waiting for application startup.
[2026-03-24 15:27:46 +0000] [183] [INFO] Application startup complete.
[2026-03-24 15:27:46 +0000] [195] [INFO] Booting worker with pid: 195
[2026-03-24 15:27:46 +0000] [184] [INFO] Started server process [184]
[2026-03-24 15:27:46 +0000] [184] [INFO] Waiting for application startup.
[2026-03-24 15:27:46 +0000] [184] [INFO] Application startup complete.
[2026-03-24 15:27:46 +0000] [197] [INFO] Booting worker with pid: 197
[2026-03-24 15:27:46 +0000] [187] [INFO] Started server process [187]
[2026-03-24 15:27:46 +0000] [187] [INFO] Waiting for application startup.
[2026-03-24 15:27:46 +0000] [187] [INFO] Application startup complete.
[2026-03-24 15:27:46 +0000] [199] [INFO] Booting worker with pid: 199
[2026-03-24 15:27:46 +0000] [191] [INFO] Started server process [191]
[2026-03-24 15:27:46 +0000] [191] [INFO] Waiting for application startup.
[2026-03-24 15:27:46 +0000] [191] [INFO] Application startup complete.
[2026-03-24 15:27:46 +0000] [192] [INFO] Started server process [192]
[2026-03-24 15:27:46 +0000] [192] [INFO] Waiting for application startup.
[2026-03-24 15:27:46 +0000] [192] [INFO] Application startup complete.
[2026-03-24 15:27:46 +0000] [202] [INFO] Booting worker with pid: 202
[2026-03-24 15:27:46 +0000] [195] [INFO] Started server process [195]
[2026-03-24 15:27:46 +0000] [195] [INFO] Waiting for application startup.
[2026-03-24 15:27:46 +0000] [195] [INFO] Application startup complete.
[2026-03-24 15:27:46 +0000] [204] [INFO] Booting worker with pid: 204
[2026-03-24 15:27:46 +0000] [197] [INFO] Started server process [197]
[2026-03-24 15:27:46 +0000] [197] [INFO] Waiting for application startup.
[2026-03-24 15:27:46 +0000] [197] [INFO] Application startup complete.
[2026-03-24 15:27:46 +0000] [206] [INFO] Booting worker with pid: 206
[2026-03-24 15:27:46 +0000] [208] [INFO] Booting worker with pid: 208
[2026-03-24 15:27:46 +0000] [199] [INFO] Started server process [199]
[2026-03-24 15:27:46 +0000] [199] [INFO] Waiting for application startup.
[2026-03-24 15:27:46 +0000] [199] [INFO] Application startup complete.
[2026-03-24 15:27:46 +0000] [209] [INFO] Booting worker with pid: 209
[2026-03-24 15:27:46 +0000] [210] [INFO] Booting worker with pid: 210
[2026-03-24 15:27:46 +0000] [202] [INFO] Started server process [202]
[2026-03-24 15:27:46 +0000] [202] [INFO] Waiting for application startup.
[2026-03-24 15:27:46 +0000] [202] [INFO] Application startup complete.
[2026-03-24 15:27:46 +0000] [213] [INFO] Booting worker with pid: 213
[2026-03-24 15:27:46 +0000] [204] [INFO] Started server process [204]
[2026-03-24 15:27:46 +0000] [204] [INFO] Waiting for application startup.
[2026-03-24 15:27:46 +0000] [204] [INFO] Application startup complete.
[2026-03-24 15:27:46 +0000] [214] [INFO] Booting worker with pid: 214
[2026-03-24 15:27:46 +0000] [215] [INFO] Booting worker with pid: 215
[2026-03-24 15:27:46 +0000] [216] [INFO] Booting worker with pid: 216
[2026-03-24 15:27:46 +0000] [218] [INFO] Booting worker with pid: 218
[2026-03-24 15:27:46 +0000] [206] [INFO] Started server process [206]
[2026-03-24 15:27:46 +0000] [206] [INFO] Waiting for application startup.
[2026-03-24 15:27:46 +0000] [206] [INFO] Application startup complete.
[2026-03-24 15:27:46 +0000] [208] [INFO] Started server process [208]
[2026-03-24 15:27:46 +0000] [208] [INFO] Waiting for application startup.
[2026-03-24 15:27:46 +0000] [208] [INFO] Application startup complete.
[2026-03-24 15:27:46 +0000] [220] [INFO] Booting worker with pid: 220
[2026-03-24 15:27:46 +0000] [221] [INFO] Booting worker with pid: 221
[2026-03-24 15:27:46 +0000] [209] [INFO] Started server process [209]
[2026-03-24 15:27:46 +0000] [209] [INFO] Waiting for application startup.
[2026-03-24 15:27:46 +0000] [209] [INFO] Application startup complete.
[2026-03-24 15:27:47 +0000] [210] [INFO] Started server process [210]
[2026-03-24 15:27:47 +0000] [210] [INFO] Waiting for application startup.
[2026-03-24 15:27:47 +0000] [210] [INFO] Application startup complete.
[2026-03-24 15:27:47 +0000] [224] [INFO] Booting worker with pid: 224
[2026-03-24 15:27:47 +0000] [225] [INFO] Booting worker with pid: 225
[2026-03-24 15:27:47 +0000] [227] [INFO] Booting worker with pid: 227
[2026-03-24 15:27:47 +0000] [213] [INFO] Started server process [213]
[2026-03-24 15:27:47 +0000] [213] [INFO] Waiting for application startup.
[2026-03-24 15:27:47 +0000] [213] [INFO] Application startup complete.
[2026-03-24 15:27:47 +0000] [214] [INFO] Started server process [214]
[2026-03-24 15:27:47 +0000] [214] [INFO] Waiting for application startup.
[2026-03-24 15:27:47 +0000] [214] [INFO] Application startup complete.
[2026-03-24 15:27:47 +0000] [231] [INFO] Booting worker with pid: 231
[2026-03-24 15:27:47 +0000] [215] [INFO] Started server process [215]
[2026-03-24 15:27:47 +0000] [215] [INFO] Waiting for application startup.
[2026-03-24 15:27:47 +0000] [215] [INFO] Application startup complete.
[2026-03-24 15:27:47 +0000] [216] [INFO] Started server process [216]
[2026-03-24 15:27:47 +0000] [216] [INFO] Waiting for application startup.
[2026-03-24 15:27:47 +0000] [216] [INFO] Application startup complete.
[2026-03-24 15:27:47 +0000] [233] [INFO] Booting worker with pid: 233
[2026-03-24 15:27:47 +0000] [218] [INFO] Started server process [218]
[2026-03-24 15:27:47 +0000] [218] [INFO] Waiting for application startup.
[2026-03-24 15:27:47 +0000] [218] [INFO] Application startup complete.
[2026-03-24 15:27:47 +0000] [220] [INFO] Started server process [220]
[2026-03-24 15:27:47 +0000] [220] [INFO] Waiting for application startup.
[2026-03-24 15:27:47 +0000] [220] [INFO] Application startup complete.
[2026-03-24 15:27:47 +0000] [221] [INFO] Started server process [221]
[2026-03-24 15:27:47 +0000] [221] [INFO] Waiting for application startup.
[2026-03-24 15:27:47 +0000] [221] [INFO] Application startup complete.
[2026-03-24 15:27:47 +0000] [236] [INFO] Booting worker with pid: 236
[2026-03-24 15:27:47 +0000] [224] [INFO] Started server process [224]
[2026-03-24 15:27:47 +0000] [224] [INFO] Waiting for application startup.
[2026-03-24 15:27:47 +0000] [224] [INFO] Application startup complete.
[2026-03-24 15:27:47 +0000] [225] [INFO] Started server process [225]
[2026-03-24 15:27:47 +0000] [225] [INFO] Waiting for application startup.
[2026-03-24 15:27:47 +0000] [225] [INFO] Application startup complete.
[2026-03-24 15:27:47 +0000] [227] [INFO] Started server process [227]
[2026-03-24 15:27:47 +0000] [227] [INFO] Waiting for application startup.
[2026-03-24 15:27:47 +0000] [227] [INFO] Application startup complete.
[2026-03-24 15:27:47 +0000] [240] [INFO] Booting worker with pid: 240
[2026-03-24 15:27:47 +0000] [231] [INFO] Started server process [231]
[2026-03-24 15:27:47 +0000] [231] [INFO] Waiting for application startup.
[2026-03-24 15:27:47 +0000] [231] [INFO] Application startup complete.
[2026-03-24 15:27:47 +0000] [243] [INFO] Booting worker with pid: 243
[2026-03-24 15:27:47 +0000] [233] [INFO] Started server process [233]
[2026-03-24 15:27:47 +0000] [233] [INFO] Waiting for application startup.
[2026-03-24 15:27:47 +0000] [233] [INFO] Application startup complete.
[2026-03-24 15:27:47 +0000] [244] [INFO] Booting worker with pid: 244
[2026-03-24 15:27:47 +0000] [245] [INFO] Booting worker with pid: 245
[2026-03-24 15:27:47 +0000] [246] [INFO] Booting worker with pid: 246
[2026-03-24 15:27:47 +0000] [247] [INFO] Booting worker with pid: 247
[2026-03-24 15:27:47 +0000] [236] [INFO] Started server process [236]
[2026-03-24 15:27:47 +0000] [236] [INFO] Waiting for application startup.
[2026-03-24 15:27:47 +0000] [236] [INFO] Application startup complete.
[2026-03-24 15:27:47 +0000] [249] [INFO] Booting worker with pid: 249
[2026-03-24 15:27:47 +0000] [250] [INFO] Booting worker with pid: 250
[2026-03-24 15:27:47 +0000] [240] [INFO] Started server process [240]
[2026-03-24 15:27:47 +0000] [240] [INFO] Waiting for application startup.
[2026-03-24 15:27:47 +0000] [240] [INFO] Application startup complete.
[2026-03-24 15:27:47 +0000] [252] [INFO] Booting worker with pid: 252
[2026-03-24 15:27:47 +0000] [243] [INFO] Started server process [243]
[2026-03-24 15:27:47 +0000] [243] [INFO] Waiting for application startup.
[2026-03-24 15:27:47 +0000] [243] [INFO] Application startup complete.
[2026-03-24 15:27:47 +0000] [244] [INFO] Started server process [244]
[2026-03-24 15:27:47 +0000] [244] [INFO] Waiting for application startup.
[2026-03-24 15:27:47 +0000] [244] [INFO] Application startup complete.
[2026-03-24 15:27:47 +0000] [245] [INFO] Started server process [245]
[2026-03-24 15:27:47 +0000] [245] [INFO] Waiting for application startup.
[2026-03-24 15:27:47 +0000] [245] [INFO] Application startup complete.
[2026-03-24 15:27:47 +0000] [256] [INFO] Booting worker with pid: 256
[2026-03-24 15:27:47 +0000] [258] [INFO] Booting worker with pid: 258
[2026-03-24 15:27:47 +0000] [246] [INFO] Started server process [246]
[2026-03-24 15:27:47 +0000] [246] [INFO] Waiting for application startup.
[2026-03-24 15:27:47 +0000] [246] [INFO] Application startup complete.
[2026-03-24 15:27:47 +0000] [247] [INFO] Started server process [247]
[2026-03-24 15:27:47 +0000] [247] [INFO] Waiting for application startup.
[2026-03-24 15:27:47 +0000] [247] [INFO] Application startup complete.
[2026-03-24 15:27:47 +0000] [249] [INFO] Started server process [249]
[2026-03-24 15:27:47 +0000] [249] [INFO] Waiting for application startup.
[2026-03-24 15:27:47 +0000] [249] [INFO] Application startup complete.
[2026-03-24 15:27:47 +0000] [262] [INFO] Booting worker with pid: 262
[2026-03-24 15:27:47 +0000] [250] [INFO] Started server process [250]
[2026-03-24 15:27:47 +0000] [250] [INFO] Waiting for application startup.
[2026-03-24 15:27:47 +0000] [250] [INFO] Application startup complete.
[2026-03-24 15:27:47 +0000] [263] [INFO] Booting worker with pid: 263
[2026-03-24 15:27:47 +0000] [252] [INFO] Started server process [252]
[2026-03-24 15:27:47 +0000] [252] [INFO] Waiting for application startup.
[2026-03-24 15:27:47 +0000] [252] [INFO] Application startup complete.
[2026-03-24 15:27:47 +0000] [265] [INFO] Booting worker with pid: 265
[2026-03-24 15:27:47 +0000] [266] [INFO] Booting worker with pid: 266
[2026-03-24 15:27:47 +0000] [256] [INFO] Started server process [256]
[2026-03-24 15:27:47 +0000] [256] [INFO] Waiting for application startup.
[2026-03-24 15:27:47 +0000] [256] [INFO] Application startup complete.
[2026-03-24 15:27:47 +0000] [269] [INFO] Booting worker with pid: 269
[2026-03-24 15:27:47 +0000] [258] [INFO] Started server process [258]
[2026-03-24 15:27:47 +0000] [258] [INFO] Waiting for application startup.
[2026-03-24 15:27:47 +0000] [258] [INFO] Application startup complete.
[2026-03-24 15:27:48 +0000] [270] [INFO] Booting worker with pid: 270
[2026-03-24 15:27:48 +0000] [262] [INFO] Started server process [262]
[2026-03-24 15:27:48 +0000] [262] [INFO] Waiting for application startup.
[2026-03-24 15:27:48 +0000] [262] [INFO] Application startup complete.
[2026-03-24 15:27:48 +0000] [273] [INFO] Booting worker with pid: 273
[2026-03-24 15:27:48 +0000] [263] [INFO] Started server process [263]
[2026-03-24 15:27:48 +0000] [263] [INFO] Waiting for application startup.
[2026-03-24 15:27:48 +0000] [263] [INFO] Application startup complete.
[2026-03-24 15:27:48 +0000] [265] [INFO] Started server process [265]
[2026-03-24 15:27:48 +0000] [265] [INFO] Waiting for application startup.
[2026-03-24 15:27:48 +0000] [265] [INFO] Application startup complete.
[2026-03-24 15:27:48 +0000] [276] [INFO] Booting worker with pid: 276
[2026-03-24 15:27:48 +0000] [266] [INFO] Started server process [266]
[2026-03-24 15:27:48 +0000] [266] [INFO] Waiting for application startup.
[2026-03-24 15:27:48 +0000] [266] [INFO] Application startup complete.
[2026-03-24 15:27:48 +0000] [269] [INFO] Started server process [269]
[2026-03-24 15:27:48 +0000] [269] [INFO] Waiting for application startup.
[2026-03-24 15:27:48 +0000] [269] [INFO] Application startup complete.
[2026-03-24 15:27:48 +0000] [279] [INFO] Booting worker with pid: 279
[2026-03-24 15:27:48 +0000] [270] [INFO] Started server process [270]
[2026-03-24 15:27:48 +0000] [270] [INFO] Waiting for application startup.
[2026-03-24 15:27:48 +0000] [270] [INFO] Application startup complete.
[2026-03-24 15:27:48 +0000] [280] [INFO] Booting worker with pid: 280
[2026-03-24 15:27:48 +0000] [273] [INFO] Started server process [273]
[2026-03-24 15:27:48 +0000] [273] [INFO] Waiting for application startup.
[2026-03-24 15:27:48 +0000] [273] [INFO] Application startup complete.
[2026-03-24 15:27:48 +0000] [282] [INFO] Booting worker with pid: 282
[2026-03-24 15:27:48 +0000] [276] [INFO] Started server process [276]
[2026-03-24 15:27:48 +0000] [276] [INFO] Waiting for application startup.
[2026-03-24 15:27:48 +0000] [276] [INFO] Application startup complete.
[2026-03-24 15:27:48 +0000] [284] [INFO] Booting worker with pid: 284
[2026-03-24 15:27:48 +0000] [286] [INFO] Booting worker with pid: 286
[2026-03-24 15:27:48 +0000] [279] [INFO] Started server process [279]
[2026-03-24 15:27:48 +0000] [279] [INFO] Waiting for application startup.
[2026-03-24 15:27:48 +0000] [279] [INFO] Application startup complete.
[2026-03-24 15:27:48 +0000] [280] [INFO] Started server process [280]
[2026-03-24 15:27:48 +0000] [280] [INFO] Waiting for application startup.
[2026-03-24 15:27:48 +0000] [280] [INFO] Application startup complete.
[2026-03-24 15:27:48 +0000] [288] [INFO] Booting worker with pid: 288
[2026-03-24 15:27:48 +0000] [289] [INFO] Booting worker with pid: 289
[2026-03-24 15:27:48 +0000] [282] [INFO] Started server process [282]
[2026-03-24 15:27:48 +0000] [282] [INFO] Waiting for application startup.
[2026-03-24 15:27:48 +0000] [282] [INFO] Application startup complete.
[2026-03-24 15:27:48 +0000] [292] [INFO] Booting worker with pid: 292
[2026-03-24 15:27:48 +0000] [293] [INFO] Booting worker with pid: 293
[2026-03-24 15:27:48 +0000] [284] [INFO] Started server process [284]
[2026-03-24 15:27:48 +0000] [284] [INFO] Waiting for application startup.
[2026-03-24 15:27:48 +0000] [284] [INFO] Application startup complete.
[2026-03-24 15:27:48 +0000] [294] [INFO] Booting worker with pid: 294
[2026-03-24 15:27:48 +0000] [286] [INFO] Started server process [286]
[2026-03-24 15:27:48 +0000] [286] [INFO] Waiting for application startup.
[2026-03-24 15:27:48 +0000] [286] [INFO] Application startup complete.
[2026-03-24 15:27:48 +0000] [296] [INFO] Booting worker with pid: 296
[2026-03-24 15:27:48 +0000] [288] [INFO] Started server process [288]
[2026-03-24 15:27:48 +0000] [288] [INFO] Waiting for application startup.
[2026-03-24 15:27:48 +0000] [288] [INFO] Application startup complete.
[2026-03-24 15:27:48 +0000] [298] [INFO] Booting worker with pid: 298
[2026-03-24 15:27:48 +0000] [289] [INFO] Started server process [289]
[2026-03-24 15:27:48 +0000] [289] [INFO] Waiting for application startup.
[2026-03-24 15:27:48 +0000] [289] [INFO] Application startup complete.
[2026-03-24 15:27:48 +0000] [300] [INFO] Booting worker with pid: 300
[2026-03-24 15:27:48 +0000] [292] [INFO] Started server process [292]
[2026-03-24 15:27:48 +0000] [292] [INFO] Waiting for application startup.
[2026-03-24 15:27:48 +0000] [292] [INFO] Application startup complete.
[2026-03-24 15:27:48 +0000] [293] [INFO] Started server process [293]
[2026-03-24 15:27:48 +0000] [293] [INFO] Waiting for application startup.
[2026-03-24 15:27:48 +0000] [293] [INFO] Application startup complete.
[2026-03-24 15:27:49 +0000] [294] [INFO] Started server process [294]
[2026-03-24 15:27:49 +0000] [294] [INFO] Waiting for application startup.
[2026-03-24 15:27:49 +0000] [294] [INFO] Application startup complete.
[2026-03-24 15:27:49 +0000] [304] [INFO] Booting worker with pid: 304
[2026-03-24 15:27:49 +0000] [305] [INFO] Booting worker with pid: 305
[2026-03-24 15:27:49 +0000] [296] [INFO] Started server process [296]
[2026-03-24 15:27:49 +0000] [296] [INFO] Waiting for application startup.
[2026-03-24 15:27:49 +0000] [296] [INFO] Application startup complete.
[2026-03-24 15:27:49 +0000] [307] [INFO] Booting worker with pid: 307
[2026-03-24 15:27:49 +0000] [298] [INFO] Started server process [298]
[2026-03-24 15:27:49 +0000] [298] [INFO] Waiting for application startup.
[2026-03-24 15:27:49 +0000] [298] [INFO] Application startup complete.
[2026-03-24 15:27:49 +0000] [300] [INFO] Started server process [300]
[2026-03-24 15:27:49 +0000] [300] [INFO] Waiting for application startup.
[2026-03-24 15:27:49 +0000] [300] [INFO] Application startup complete.
[2026-03-24 15:27:49 +0000] [310] [INFO] Booting worker with pid: 310
[2026-03-24 15:27:49 +0000] [304] [INFO] Started server process [304]
[2026-03-24 15:27:49 +0000] [304] [INFO] Waiting for application startup.
[2026-03-24 15:27:49 +0000] [304] [INFO] Application startup complete.
[2026-03-24 15:27:49 +0000] [305] [INFO] Started server process [305]
[2026-03-24 15:27:49 +0000] [305] [INFO] Waiting for application startup.
[2026-03-24 15:27:49 +0000] [305] [INFO] Application startup complete.
[2026-03-24 15:27:49 +0000] [313] [INFO] Booting worker with pid: 313
[2026-03-24 15:27:49 +0000] [315] [INFO] Booting worker with pid: 315
[2026-03-24 15:27:49 +0000] [307] [INFO] Started server process [307]
[2026-03-24 15:27:49 +0000] [307] [INFO] Waiting for application startup.
[2026-03-24 15:27:49 +0000] [307] [INFO] Application startup complete.
[2026-03-24 15:27:49 +0000] [316] [INFO] Booting worker with pid: 316
[2026-03-24 15:27:49 +0000] [317] [INFO] Booting worker with pid: 317
[2026-03-24 15:27:49 +0000] [318] [INFO] Booting worker with pid: 318
[2026-03-24 15:27:49 +0000] [319] [INFO] Booting worker with pid: 319
[2026-03-24 15:27:49 +0000] [321] [INFO] Booting worker with pid: 321
[2026-03-24 15:27:49 +0000] [310] [INFO] Started server process [310]
[2026-03-24 15:27:49 +0000] [310] [INFO] Waiting for application startup.
[2026-03-24 15:27:49 +0000] [310] [INFO] Application startup complete.
[2026-03-24 15:27:49 +0000] [322] [INFO] Booting worker with pid: 322
[2026-03-24 15:27:49 +0000] [323] [INFO] Booting worker with pid: 323
[2026-03-24 15:27:49 +0000] [324] [INFO] Booting worker with pid: 324
[2026-03-24 15:27:50 +0000] [326] [INFO] Booting worker with pid: 326
[2026-03-24 15:27:50 +0000] [313] [INFO] Started server process [313]
[2026-03-24 15:27:50 +0000] [313] [INFO] Waiting for application startup.
[2026-03-24 15:27:50 +0000] [313] [INFO] Application startup complete.
[2026-03-24 15:27:50 +0000] [327] [INFO] Booting worker with pid: 327
[2026-03-24 15:27:50 +0000] [328] [INFO] Booting worker with pid: 328
[2026-03-24 15:27:50 +0000] [329] [INFO] Booting worker with pid: 329
[2026-03-24 15:27:50 +0000] [331] [INFO] Booting worker with pid: 331
[2026-03-24 15:27:50 +0000] [315] [INFO] Started server process [315]
[2026-03-24 15:27:50 +0000] [315] [INFO] Waiting for application startup.
[2026-03-24 15:27:50 +0000] [315] [INFO] Application startup complete.
[2026-03-24 15:27:50 +0000] [332] [INFO] Booting worker with pid: 332
[2026-03-24 15:27:50 +0000] [316] [INFO] Started server process [316]
[2026-03-24 15:27:50 +0000] [316] [INFO] Waiting for application startup.
[2026-03-24 15:27:50 +0000] [316] [INFO] Application startup complete.
[2026-03-24 15:27:50 +0000] [334] [INFO] Booting worker with pid: 334
[2026-03-24 15:27:50 +0000] [335] [INFO] Booting worker with pid: 335
[2026-03-24 15:27:50 +0000] [317] [INFO] Started server process [317]
[2026-03-24 15:27:50 +0000] [317] [INFO] Waiting for application startup.
[2026-03-24 15:27:50 +0000] [317] [INFO] Application startup complete.
[2026-03-24 15:27:50 +0000] [337] [INFO] Booting worker with pid: 337
[2026-03-24 15:27:50 +0000] [339] [INFO] Booting worker with pid: 339
[2026-03-24 15:27:50 +0000] [318] [INFO] Started server process [318]
[2026-03-24 15:27:50 +0000] [318] [INFO] Waiting for application startup.
[2026-03-24 15:27:50 +0000] [318] [INFO] Application startup complete.
[2026-03-24 15:27:50 +0000] [340] [INFO] Booting worker with pid: 340
[2026-03-24 15:27:50 +0000] [341] [INFO] Booting worker with pid: 341
[2026-03-24 15:27:50 +0000] [322] [INFO] Started server process [322]
[2026-03-24 15:27:50 +0000] [322] [INFO] Waiting for application startup.
[2026-03-24 15:27:50 +0000] [322] [INFO] Application startup complete.
[2026-03-24 15:27:50 +0000] [343] [INFO] Booting worker with pid: 343
[2026-03-24 15:27:50 +0000] [346] [INFO] Booting worker with pid: 346
[2026-03-24 15:27:50 +0000] [347] [INFO] Booting worker with pid: 347
[2026-03-24 15:27:50 +0000] [323] [INFO] Started server process [323]
[2026-03-24 15:27:50 +0000] [323] [INFO] Waiting for application startup.
[2026-03-24 15:27:50 +0000] [323] [INFO] Application startup complete.
[2026-03-24 15:27:50 +0000] [324] [INFO] Started server process [324]
[2026-03-24 15:27:50 +0000] [324] [INFO] Waiting for application startup.
[2026-03-24 15:27:50 +0000] [324] [INFO] Application startup complete.
[2026-03-24 15:27:50 +0000] [348] [INFO] Booting worker with pid: 348
[2026-03-24 15:27:51 +0000] [350] [INFO] Booting worker with pid: 350
[2026-03-24 15:27:51 +0000] [327] [INFO] Started server process [327]
[2026-03-24 15:27:51 +0000] [327] [INFO] Waiting for application startup.
[2026-03-24 15:27:51 +0000] [327] [INFO] Application startup complete.
[2026-03-24 15:27:51 +0000] [354] [INFO] Booting worker with pid: 354
[2026-03-24 15:27:51 +0000] [355] [INFO] Booting worker with pid: 355
[2026-03-24 15:27:51 +0000] [319] [INFO] Started server process [319]
[2026-03-24 15:27:51 +0000] [319] [INFO] Waiting for application startup.
[2026-03-24 15:27:51 +0000] [319] [INFO] Application startup complete.
[2026-03-24 15:27:51 +0000] [328] [INFO] Started server process [328]
[2026-03-24 15:27:51 +0000] [328] [INFO] Waiting for application startup.
[2026-03-24 15:27:51 +0000] [328] [INFO] Application startup complete.
[2026-03-24 15:27:51 +0000] [321] [INFO] Started server process [321]
[2026-03-24 15:27:51 +0000] [321] [INFO] Waiting for application startup.
[2026-03-24 15:27:51 +0000] [321] [INFO] Application startup complete.
[2026-03-24 15:27:51 +0000] [357] [INFO] Booting worker with pid: 357
[2026-03-24 15:27:51 +0000] [326] [INFO] Started server process [326]
[2026-03-24 15:27:51 +0000] [326] [INFO] Waiting for application startup.
[2026-03-24 15:27:51 +0000] [326] [INFO] Application startup complete.
[2026-03-24 15:27:51 +0000] [358] [INFO] Booting worker with pid: 358
[2026-03-24 15:27:51 +0000] [359] [INFO] Booting worker with pid: 359
[2026-03-24 15:27:51 +0000] [360] [INFO] Booting worker with pid: 360
[2026-03-24 15:27:51 +0000] [361] [INFO] Booting worker with pid: 361
[2026-03-24 15:27:51 +0000] [362] [INFO] Booting worker with pid: 362
[2026-03-24 15:27:51 +0000] [363] [INFO] Booting worker with pid: 363
[2026-03-24 15:27:51 +0000] [364] [INFO] Booting worker with pid: 364
[2026-03-24 15:27:51 +0000] [365] [INFO] Booting worker with pid: 365
[2026-03-24 15:27:51 +0000] [332] [INFO] Started server process [332]
[2026-03-24 15:27:51 +0000] [332] [INFO] Waiting for application startup.
[2026-03-24 15:27:51 +0000] [332] [INFO] Application startup complete.
[2026-03-24 15:27:51 +0000] [369] [INFO] Booting worker with pid: 369
[2026-03-24 15:27:51 +0000] [337] [INFO] Started server process [337]
[2026-03-24 15:27:51 +0000] [337] [INFO] Waiting for application startup.
[2026-03-24 15:27:51 +0000] [337] [INFO] Application startup complete.
[2026-03-24 15:27:51 +0000] [334] [INFO] Started server process [334]
[2026-03-24 15:27:51 +0000] [334] [INFO] Waiting for application startup.
[2026-03-24 15:27:51 +0000] [334] [INFO] Application startup complete.
[2026-03-24 15:27:51 +0000] [371] [INFO] Booting worker with pid: 371
[2026-03-24 15:27:51 +0000] [341] [INFO] Started server process [341]
[2026-03-24 15:27:51 +0000] [341] [INFO] Waiting for application startup.
[2026-03-24 15:27:51 +0000] [341] [INFO] Application startup complete.
[2026-03-24 15:27:51 +0000] [373] [INFO] Booting worker with pid: 373
[2026-03-24 15:27:51 +0000] [346] [INFO] Started server process [346]
[2026-03-24 15:27:51 +0000] [346] [INFO] Waiting for application startup.
[2026-03-24 15:27:51 +0000] [346] [INFO] Application startup complete.
[2026-03-24 15:27:51 +0000] [343] [INFO] Started server process [343]
[2026-03-24 15:27:51 +0000] [343] [INFO] Waiting for application startup.
[2026-03-24 15:27:51 +0000] [343] [INFO] Application startup complete.
[2026-03-24 15:27:52 +0000] [376] [INFO] Booting worker with pid: 376
[2026-03-24 15:27:52 +0000] [339] [INFO] Started server process [339]
[2026-03-24 15:27:52 +0000] [339] [INFO] Waiting for application startup.
[2026-03-24 15:27:52 +0000] [339] [INFO] Application startup complete.
[2026-03-24 15:27:52 +0000] [347] [INFO] Started server process [347]
[2026-03-24 15:27:52 +0000] [347] [INFO] Waiting for application startup.
[2026-03-24 15:27:52 +0000] [347] [INFO] Application startup complete.
[2026-03-24 15:27:52 +0000] [331] [INFO] Started server process [331]
[2026-03-24 15:27:52 +0000] [331] [INFO] Waiting for application startup.
[2026-03-24 15:27:52 +0000] [331] [INFO] Application startup complete.
[2026-03-24 15:27:52 +0000] [379] [INFO] Booting worker with pid: 379
[2026-03-24 15:27:52 +0000] [381] [INFO] Booting worker with pid: 381
[2026-03-24 15:27:52 +0000] [348] [INFO] Started server process [348]
[2026-03-24 15:27:52 +0000] [348] [INFO] Waiting for application startup.
[2026-03-24 15:27:52 +0000] [348] [INFO] Application startup complete.
[2026-03-24 15:27:52 +0000] [354] [INFO] Started server process [354]
[2026-03-24 15:27:52 +0000] [354] [INFO] Waiting for application startup.
[2026-03-24 15:27:52 +0000] [354] [INFO] Application startup complete.
[2026-03-24 15:27:52 +0000] [383] [INFO] Booting worker with pid: 383
[2026-03-24 15:27:52 +0000] [355] [INFO] Started server process [355]
[2026-03-24 15:27:52 +0000] [355] [INFO] Waiting for application startup.
[2026-03-24 15:27:52 +0000] [355] [INFO] Application startup complete.
[2026-03-24 15:27:52 +0000] [335] [INFO] Started server process [335]
[2026-03-24 15:27:52 +0000] [335] [INFO] Waiting for application startup.
[2026-03-24 15:27:52 +0000] [335] [INFO] Application startup complete.
[2026-03-24 15:27:52 +0000] [389] [INFO] Booting worker with pid: 389
[2026-03-24 15:27:52 +0000] [340] [INFO] Started server process [340]
[2026-03-24 15:27:52 +0000] [340] [INFO] Waiting for application startup.
[2026-03-24 15:27:52 +0000] [340] [INFO] Application startup complete.
[2026-03-24 15:27:52 +0000] [350] [INFO] Started server process [350]
[2026-03-24 15:27:52 +0000] [350] [INFO] Waiting for application startup.
[2026-03-24 15:27:52 +0000] [350] [INFO] Application startup complete.
[2026-03-24 15:27:52 +0000] [357] [INFO] Started server process [357]
[2026-03-24 15:27:52 +0000] [357] [INFO] Waiting for application startup.
[2026-03-24 15:27:52 +0000] [357] [INFO] Application startup complete.
[2026-03-24 15:27:52 +0000] [390] [INFO] Booting worker with pid: 390
[2026-03-24 15:27:52 +0000] [391] [INFO] Booting worker with pid: 391
[2026-03-24 15:27:52 +0000] [392] [INFO] Booting worker with pid: 392
[2026-03-24 15:27:52 +0000] [359] [INFO] Started server process [359]
[2026-03-24 15:27:52 +0000] [359] [INFO] Waiting for application startup.
[2026-03-24 15:27:52 +0000] [359] [INFO] Application startup complete.
[2026-03-24 15:27:52 +0000] [394] [INFO] Booting worker with pid: 394
[2026-03-24 15:27:52 +0000] [360] [INFO] Started server process [360]
[2026-03-24 15:27:52 +0000] [360] [INFO] Waiting for application startup.
[2026-03-24 15:27:52 +0000] [360] [INFO] Application startup complete.
[2026-03-24 15:27:52 +0000] [396] [INFO] Booting worker with pid: 396
[2026-03-24 15:27:52 +0000] [398] [INFO] Booting worker with pid: 398
[2026-03-24 15:27:52 +0000] [400] [INFO] Booting worker with pid: 400
[2026-03-24 15:27:52 +0000] [401] [INFO] Booting worker with pid: 401
[2026-03-24 15:27:52 +0000] [358] [INFO] Started server process [358]
[2026-03-24 15:27:52 +0000] [358] [INFO] Waiting for application startup.
[2026-03-24 15:27:52 +0000] [358] [INFO] Application startup complete.
[2026-03-24 15:27:52 +0000] [329] [INFO] Started server process [329]
[2026-03-24 15:27:52 +0000] [329] [INFO] Waiting for application startup.
[2026-03-24 15:27:52 +0000] [329] [INFO] Application startup complete.
[2026-03-24 15:27:52 +0000] [404] [INFO] Booting worker with pid: 404
[2026-03-24 15:27:52 +0000] [361] [INFO] Started server process [361]
[2026-03-24 15:27:52 +0000] [361] [INFO] Waiting for application startup.
[2026-03-24 15:27:52 +0000] [361] [INFO] Application startup complete.
[2026-03-24 15:27:52 +0000] [371] [INFO] Started server process [371]
[2026-03-24 15:27:52 +0000] [371] [INFO] Waiting for application startup.
[2026-03-24 15:27:52 +0000] [371] [INFO] Application startup complete.
[2026-03-24 15:27:52 +0000] [365] [INFO] Started server process [365]
[2026-03-24 15:27:52 +0000] [365] [INFO] Waiting for application startup.
[2026-03-24 15:27:52 +0000] [365] [INFO] Application startup complete.
[2026-03-24 15:27:52 +0000] [406] [INFO] Booting worker with pid: 406
[2026-03-24 15:27:53 +0000] [407] [INFO] Booting worker with pid: 407
[2026-03-24 15:27:53 +0000] [410] [INFO] Booting worker with pid: 410
[2026-03-24 15:27:53 +0000] [379] [INFO] Started server process [379]
[2026-03-24 15:27:53 +0000] [379] [INFO] Waiting for application startup.
[2026-03-24 15:27:53 +0000] [379] [INFO] Application startup complete.
[2026-03-24 15:27:53 +0000] [364] [INFO] Started server process [364]
[2026-03-24 15:27:53 +0000] [364] [INFO] Waiting for application startup.
[2026-03-24 15:27:53 +0000] [364] [INFO] Application startup complete.
[2026-03-24 15:27:53 +0000] [411] [INFO] Booting worker with pid: 411
[2026-03-24 15:27:53 +0000] [363] [INFO] Started server process [363]
[2026-03-24 15:27:53 +0000] [363] [INFO] Waiting for application startup.
[2026-03-24 15:27:53 +0000] [363] [INFO] Application startup complete.
[2026-03-24 15:27:53 +0000] [414] [INFO] Booting worker with pid: 414
[2026-03-24 15:27:53 +0000] [383] [INFO] Started server process [383]
[2026-03-24 15:27:53 +0000] [383] [INFO] Waiting for application startup.
[2026-03-24 15:27:53 +0000] [383] [INFO] Application startup complete.
[2026-03-24 15:27:53 +0000] [415] [INFO] Booting worker with pid: 415
[2026-03-24 15:27:53 +0000] [416] [INFO] Booting worker with pid: 416
[2026-03-24 15:27:53 +0000] [417] [INFO] Booting worker with pid: 417
[2026-03-24 15:27:53 +0000] [418] [INFO] Booting worker with pid: 418
[2026-03-24 15:27:53 +0000] [389] [INFO] Started server process [389]
[2026-03-24 15:27:53 +0000] [389] [INFO] Waiting for application startup.
[2026-03-24 15:27:53 +0000] [389] [INFO] Application startup complete.
[2026-03-24 15:27:53 +0000] [373] [INFO] Started server process [373]
[2026-03-24 15:27:53 +0000] [373] [INFO] Waiting for application startup.
[2026-03-24 15:27:53 +0000] [373] [INFO] Application startup complete.
[2026-03-24 15:27:53 +0000] [421] [INFO] Booting worker with pid: 421
[2026-03-24 15:27:53 +0000] [423] [INFO] Booting worker with pid: 423
[2026-03-24 15:27:53 +0000] [390] [INFO] Started server process [390]
[2026-03-24 15:27:53 +0000] [390] [INFO] Waiting for application startup.
[2026-03-24 15:27:53 +0000] [390] [INFO] Application startup complete.
[2026-03-24 15:27:53 +0000] [426] [INFO] Booting worker with pid: 426
[2026-03-24 15:27:53 +0000] [428] [INFO] Booting worker with pid: 428
[2026-03-24 15:27:53 +0000] [362] [INFO] Started server process [362]
[2026-03-24 15:27:53 +0000] [362] [INFO] Waiting for application startup.
[2026-03-24 15:27:53 +0000] [362] [INFO] Application startup complete.
[2026-03-24 15:27:53 +0000] [396] [INFO] Started server process [396]
[2026-03-24 15:27:53 +0000] [396] [INFO] Waiting for application startup.
[2026-03-24 15:27:53 +0000] [396] [INFO] Application startup complete.
[2026-03-24 15:27:53 +0000] [376] [INFO] Started server process [376]
[2026-03-24 15:27:53 +0000] [376] [INFO] Waiting for application startup.
[2026-03-24 15:27:53 +0000] [376] [INFO] Application startup complete.
[2026-03-24 15:27:53 +0000] [430] [INFO] Booting worker with pid: 430
[2026-03-24 15:27:53 +0000] [369] [INFO] Started server process [369]
[2026-03-24 15:27:53 +0000] [369] [INFO] Waiting for application startup.
[2026-03-24 15:27:53 +0000] [369] [INFO] Application startup complete.
[2026-03-24 15:27:53 +0000] [432] [INFO] Booting worker with pid: 432
[2026-03-24 15:27:53 +0000] [381] [INFO] Started server process [381]
[2026-03-24 15:27:53 +0000] [381] [INFO] Waiting for application startup.
[2026-03-24 15:27:53 +0000] [381] [INFO] Application startup complete.
[2026-03-24 15:27:54 +0000] [400] [INFO] Started server process [400]
[2026-03-24 15:27:54 +0000] [400] [INFO] Waiting for application startup.
[2026-03-24 15:27:54 +0000] [400] [INFO] Application startup complete.
[2026-03-24 15:27:54 +0000] [407] [INFO] Started server process [407]
[2026-03-24 15:27:54 +0000] [407] [INFO] Waiting for application startup.
[2026-03-24 15:27:54 +0000] [407] [INFO] Application startup complete.
[2026-03-24 15:27:54 +0000] [436] [INFO] Booting worker with pid: 436
[2026-03-24 15:27:54 +0000] [398] [INFO] Started server process [398]
[2026-03-24 15:27:54 +0000] [398] [INFO] Waiting for application startup.
[2026-03-24 15:27:54 +0000] [398] [INFO] Application startup complete.
[2026-03-24 15:27:54 +0000] [392] [INFO] Started server process [392]
[2026-03-24 15:27:54 +0000] [392] [INFO] Waiting for application startup.
[2026-03-24 15:27:54 +0000] [392] [INFO] Application startup complete.
[2026-03-24 15:27:54 +0000] [440] [INFO] Booting worker with pid: 440
[2026-03-24 15:27:54 +0000] [441] [INFO] Booting worker with pid: 441
[2026-03-24 15:27:54 +0000] [394] [INFO] Started server process [394]
[2026-03-24 15:27:54 +0000] [394] [INFO] Waiting for application startup.
[2026-03-24 15:27:54 +0000] [394] [INFO] Application startup complete.
[2026-03-24 15:27:54 +0000] [404] [INFO] Started server process [404]
[2026-03-24 15:27:54 +0000] [404] [INFO] Waiting for application startup.
[2026-03-24 15:27:54 +0000] [404] [INFO] Application startup complete.
[2026-03-24 15:27:54 +0000] [443] [INFO] Booting worker with pid: 443
[2026-03-24 15:27:54 +0000] [401] [INFO] Started server process [401]
[2026-03-24 15:27:54 +0000] [401] [INFO] Waiting for application startup.
[2026-03-24 15:27:54 +0000] [401] [INFO] Application startup complete.
[2026-03-24 15:27:54 +0000] [406] [INFO] Started server process [406]
[2026-03-24 15:27:54 +0000] [406] [INFO] Waiting for application startup.
[2026-03-24 15:27:54 +0000] [410] [INFO] Started server process [410]
[2026-03-24 15:27:54 +0000] [410] [INFO] Waiting for application startup.
[2026-03-24 15:27:54 +0000] [406] [INFO] Application startup complete.
[2026-03-24 15:27:54 +0000] [410] [INFO] Application startup complete.
[2026-03-24 15:27:54 +0000] [414] [INFO] Started server process [414]
[2026-03-24 15:27:54 +0000] [414] [INFO] Waiting for application startup.
[2026-03-24 15:27:54 +0000] [414] [INFO] Application startup complete.
[2026-03-24 15:27:54 +0000] [391] [INFO] Started server process [391]
[2026-03-24 15:27:54 +0000] [391] [INFO] Waiting for application startup.
[2026-03-24 15:27:54 +0000] [391] [INFO] Application startup complete.
[2026-03-24 15:27:54 +0000] [416] [INFO] Started server process [416]
[2026-03-24 15:27:54 +0000] [416] [INFO] Waiting for application startup.
[2026-03-24 15:27:54 +0000] [416] [INFO] Application startup complete.
[2026-03-24 15:27:54 +0000] [417] [INFO] Started server process [417]
[2026-03-24 15:27:54 +0000] [417] [INFO] Waiting for application startup.
[2026-03-24 15:27:54 +0000] [417] [INFO] Application startup complete.
[2026-03-24 15:27:54 +0000] [411] [INFO] Started server process [411]
[2026-03-24 15:27:54 +0000] [411] [INFO] Waiting for application startup.
[2026-03-24 15:27:54 +0000] [411] [INFO] Application startup complete.
[2026-03-24 15:27:54 +0000] [451] [INFO] Booting worker with pid: 451
[2026-03-24 15:27:54 +0000] [418] [INFO] Started server process [418]
[2026-03-24 15:27:54 +0000] [418] [INFO] Waiting for application startup.
[2026-03-24 15:27:54 +0000] [418] [INFO] Application startup complete.
[2026-03-24 15:27:54 +0000] [415] [INFO] Started server process [415]
[2026-03-24 15:27:54 +0000] [415] [INFO] Waiting for application startup.
[2026-03-24 15:27:54 +0000] [415] [INFO] Application startup complete.
[2026-03-24 15:27:54 +0000] [421] [INFO] Started server process [421]
[2026-03-24 15:27:54 +0000] [421] [INFO] Waiting for application startup.
[2026-03-24 15:27:54 +0000] [421] [INFO] Application startup complete.
[2026-03-24 15:27:54 +0000] [423] [INFO] Started server process [423]
[2026-03-24 15:27:54 +0000] [423] [INFO] Waiting for application startup.
[2026-03-24 15:27:54 +0000] [423] [INFO] Application startup complete.
[2026-03-24 15:27:54 +0000] [456] [INFO] Booting worker with pid: 456
[2026-03-24 15:27:54 +0000] [430] [INFO] Started server process [430]
[2026-03-24 15:27:54 +0000] [430] [INFO] Waiting for application startup.
[2026-03-24 15:27:54 +0000] [430] [INFO] Application startup complete.
[2026-03-24 15:27:54 +0000] [428] [INFO] Started server process [428]
[2026-03-24 15:27:54 +0000] [428] [INFO] Waiting for application startup.
[2026-03-24 15:27:54 +0000] [428] [INFO] Application startup complete.
[2026-03-24 15:27:54 +0000] [426] [INFO] Started server process [426]
[2026-03-24 15:27:54 +0000] [426] [INFO] Waiting for application startup.
[2026-03-24 15:27:54 +0000] [426] [INFO] Application startup complete.
[2026-03-24 15:27:54 +0000] [432] [INFO] Started server process [432]
[2026-03-24 15:27:54 +0000] [432] [INFO] Waiting for application startup.
[2026-03-24 15:27:54 +0000] [432] [INFO] Application startup complete.
[2026-03-24 15:27:54 +0000] [436] [INFO] Started server process [436]
[2026-03-24 15:27:54 +0000] [436] [INFO] Waiting for application startup.
[2026-03-24 15:27:54 +0000] [436] [INFO] Application startup complete.
[2026-03-24 15:27:54 +0000] [441] [INFO] Started server process [441]
[2026-03-24 15:27:54 +0000] [441] [INFO] Waiting for application startup.
[2026-03-24 15:27:54 +0000] [441] [INFO] Application startup complete.
[2026-03-24 15:27:54 +0000] [440] [INFO] Started server process [440]
[2026-03-24 15:27:54 +0000] [440] [INFO] Waiting for application startup.
[2026-03-24 15:27:54 +0000] [440] [INFO] Application startup complete.
[2026-03-24 15:27:54 +0000] [464] [INFO] Booting worker with pid: 464
[2026-03-24 15:27:54 +0000] [443] [INFO] Started server process [443]
[2026-03-24 15:27:54 +0000] [443] [INFO] Waiting for application startup.
[2026-03-24 15:27:54 +0000] [443] [INFO] Application startup complete.
[2026-03-24 15:27:54 +0000] [466] [INFO] Booting worker with pid: 466
[2026-03-24 15:27:54 +0000] [451] [INFO] Started server process [451]
[2026-03-24 15:27:54 +0000] [451] [INFO] Waiting for application startup.
[2026-03-24 15:27:54 +0000] [451] [INFO] Application startup complete.
[2026-03-24 15:27:54 +0000] [468] [INFO] Booting worker with pid: 468
[2026-03-24 15:27:54 +0000] [469] [INFO] Booting worker with pid: 469
[2026-03-24 15:27:54 +0000] [470] [INFO] Booting worker with pid: 470
[2026-03-24 15:27:54 +0000] [456] [INFO] Started server process [456]
[2026-03-24 15:27:54 +0000] [456] [INFO] Waiting for application startup.
[2026-03-24 15:27:54 +0000] [456] [INFO] Application startup complete.
[2026-03-24 15:27:54 +0000] [472] [INFO] Booting worker with pid: 472
[2026-03-24 15:27:54 +0000] [464] [INFO] Started server process [464]
[2026-03-24 15:27:54 +0000] [464] [INFO] Waiting for application startup.
[2026-03-24 15:27:54 +0000] [464] [INFO] Application startup complete.
[2026-03-24 15:27:54 +0000] [474] [INFO] Booting worker with pid: 474
[2026-03-24 15:27:54 +0000] [466] [INFO] Started server process [466]
[2026-03-24 15:27:54 +0000] [466] [INFO] Waiting for application startup.
[2026-03-24 15:27:54 +0000] [466] [INFO] Application startup complete.
[2026-03-24 15:27:54 +0000] [476] [INFO] Booting worker with pid: 476
[2026-03-24 15:27:54 +0000] [477] [INFO] Booting worker with pid: 477
[2026-03-24 15:27:55 +0000] [468] [INFO] Started server process [468]
[2026-03-24 15:27:55 +0000] [468] [INFO] Waiting for application startup.
[2026-03-24 15:27:55 +0000] [468] [INFO] Application startup complete.
[2026-03-24 15:27:55 +0000] [469] [INFO] Started server process [469]
[2026-03-24 15:27:55 +0000] [469] [INFO] Waiting for application startup.
[2026-03-24 15:27:55 +0000] [469] [INFO] Application startup complete.
[2026-03-24 15:27:55 +0000] [470] [INFO] Started server process [470]
[2026-03-24 15:27:55 +0000] [470] [INFO] Waiting for application startup.
[2026-03-24 15:27:55 +0000] [470] [INFO] Application startup complete.
[2026-03-24 15:27:55 +0000] [481] [INFO] Booting worker with pid: 481
[2026-03-24 15:27:55 +0000] [472] [INFO] Started server process [472]
[2026-03-24 15:27:55 +0000] [472] [INFO] Waiting for application startup.
[2026-03-24 15:27:55 +0000] [472] [INFO] Application startup complete.
[2026-03-24 15:27:55 +0000] [474] [INFO] Started server process [474]
[2026-03-24 15:27:55 +0000] [474] [INFO] Waiting for application startup.
[2026-03-24 15:27:55 +0000] [474] [INFO] Application startup complete.
[2026-03-24 15:27:55 +0000] [484] [INFO] Booting worker with pid: 484
[2026-03-24 15:27:55 +0000] [485] [INFO] Booting worker with pid: 485
[2026-03-24 15:27:55 +0000] [486] [INFO] Booting worker with pid: 486
[2026-03-24 15:27:55 +0000] [476] [INFO] Started server process [476]
[2026-03-24 15:27:55 +0000] [476] [INFO] Waiting for application startup.
[2026-03-24 15:27:55 +0000] [476] [INFO] Application startup complete.
[2026-03-24 15:27:55 +0000] [477] [INFO] Started server process [477]
[2026-03-24 15:27:55 +0000] [477] [INFO] Waiting for application startup.
[2026-03-24 15:27:55 +0000] [477] [INFO] Application startup complete.
[2026-03-24 15:27:55 +0000] [489] [INFO] Booting worker with pid: 489
[2026-03-24 15:27:55 +0000] [490] [INFO] Booting worker with pid: 490
[2026-03-24 15:27:55 +0000] [491] [INFO] Booting worker with pid: 491
[2026-03-24 15:27:55 +0000] [493] [INFO] Booting worker with pid: 493
[2026-03-24 15:27:55 +0000] [481] [INFO] Started server process [481]
[2026-03-24 15:27:55 +0000] [481] [INFO] Waiting for application startup.
[2026-03-24 15:27:55 +0000] [481] [INFO] Application startup complete.
[2026-03-24 15:27:55 +0000] [484] [INFO] Started server process [484]
[2026-03-24 15:27:55 +0000] [484] [INFO] Waiting for application startup.
[2026-03-24 15:27:55 +0000] [484] [INFO] Application startup complete.
[2026-03-24 15:27:55 +0000] [496] [INFO] Booting worker with pid: 496
[2026-03-24 15:27:55 +0000] [485] [INFO] Started server process [485]
[2026-03-24 15:27:55 +0000] [485] [INFO] Waiting for application startup.
[2026-03-24 15:27:55 +0000] [485] [INFO] Application startup complete.
[2026-03-24 15:27:55 +0000] [498] [INFO] Booting worker with pid: 498
[2026-03-24 15:27:55 +0000] [486] [INFO] Started server process [486]
[2026-03-24 15:27:55 +0000] [486] [INFO] Waiting for application startup.
[2026-03-24 15:27:55 +0000] [486] [INFO] Application startup complete.
[2026-03-24 15:27:55 +0000] [489] [INFO] Started server process [489]
[2026-03-24 15:27:55 +0000] [489] [INFO] Waiting for application startup.
[2026-03-24 15:27:55 +0000] [489] [INFO] Application startup complete.
[2026-03-24 15:27:55 +0000] [500] [INFO] Booting worker with pid: 500
[2026-03-24 15:27:55 +0000] [490] [INFO] Started server process [490]
[2026-03-24 15:27:55 +0000] [490] [INFO] Waiting for application startup.
[2026-03-24 15:27:55 +0000] [490] [INFO] Application startup complete.
[2026-03-24 15:27:55 +0000] [491] [INFO] Started server process [491]
[2026-03-24 15:27:55 +0000] [491] [INFO] Waiting for application startup.
[2026-03-24 15:27:55 +0000] [491] [INFO] Application startup complete.
[2026-03-24 15:27:55 +0000] [493] [INFO] Started server process [493]
[2026-03-24 15:27:55 +0000] [493] [INFO] Waiting for application startup.
[2026-03-24 15:27:55 +0000] [493] [INFO] Application startup complete.
[2026-03-24 15:27:55 +0000] [504] [INFO] Booting worker with pid: 504
[2026-03-24 15:27:55 +0000] [496] [INFO] Started server process [496]
[2026-03-24 15:27:55 +0000] [496] [INFO] Waiting for application startup.
[2026-03-24 15:27:55 +0000] [496] [INFO] Application startup complete.
[2026-03-24 15:27:55 +0000] [507] [INFO] Booting worker with pid: 507
[2026-03-24 15:27:55 +0000] [498] [INFO] Started server process [498]
[2026-03-24 15:27:55 +0000] [498] [INFO] Waiting for application startup.
[2026-03-24 15:27:55 +0000] [498] [INFO] Application startup complete.
[2026-03-24 15:27:55 +0000] [509] [INFO] Booting worker with pid: 509
[2026-03-24 15:27:55 +0000] [500] [INFO] Started server process [500]
[2026-03-24 15:27:55 +0000] [500] [INFO] Waiting for application startup.
[2026-03-24 15:27:55 +0000] [500] [INFO] Application startup complete.
[2026-03-24 15:27:55 +0000] [510] [INFO] Booting worker with pid: 510
[2026-03-24 15:27:55 +0000] [511] [INFO] Booting worker with pid: 511
[2026-03-24 15:27:55 +0000] [504] [INFO] Started server process [504]
[2026-03-24 15:27:55 +0000] [504] [INFO] Waiting for application startup.
[2026-03-24 15:27:55 +0000] [504] [INFO] Application startup complete.
[2026-03-24 15:27:55 +0000] [513] [INFO] Booting worker with pid: 513
[2026-03-24 15:27:55 +0000] [507] [INFO] Started server process [507]
[2026-03-24 15:27:55 +0000] [507] [INFO] Waiting for application startup.
[2026-03-24 15:27:55 +0000] [507] [INFO] Application startup complete.
[2026-03-24 15:27:56 +0000] [509] [INFO] Started server process [509]
[2026-03-24 15:27:56 +0000] [509] [INFO] Waiting for application startup.
[2026-03-24 15:27:56 +0000] [509] [INFO] Application startup complete.
[2026-03-24 15:27:56 +0000] [510] [INFO] Started server process [510]
[2026-03-24 15:27:56 +0000] [510] [INFO] Waiting for application startup.
[2026-03-24 15:27:56 +0000] [510] [INFO] Application startup complete.
[2026-03-24 15:27:56 +0000] [511] [INFO] Started server process [511]
[2026-03-24 15:27:56 +0000] [511] [INFO] Waiting for application startup.
[2026-03-24 15:27:56 +0000] [511] [INFO] Application startup complete.
[2026-03-24 15:27:56 +0000] [513] [INFO] Started server process [513]
[2026-03-24 15:27:56 +0000] [513] [INFO] Waiting for application startup.
[2026-03-24 15:27:56 +0000] [513] [INFO] Application startup complete.
