[1] Puma starting in cluster mode...
[1] * Puma version: 6.6.1 ("Return to Forever")
[1] * Ruby version: ruby 3.4.9 (2026-03-11 revision 76cca827ab) +PRISM [x86_64-linux]
[1] *  Min threads: 4
[1] *  Max threads: 4
[1] *  Environment: development
[1] *   Master PID: 1
[1] *      Workers: 128
[1] *     Restarts: (✔) hot (✖) phased (✖) refork
[1] * Preloading application
[1] * Listening on http://0.0.0.0:8080
[1] Use Ctrl-C to stop
[1] - Worker 0 (PID: 8) booted in 0.32s, phase: 0
[1] - Worker 1 (PID: 11) booted in 0.32s, phase: 0
[1] - Worker 2 (PID: 14) booted in 0.32s, phase: 0
[1] - Worker 3 (PID: 23) booted in 0.32s, phase: 0
[1] - Worker 4 (PID: 31) booted in 0.32s, phase: 0
[1] - Worker 5 (PID: 38) booted in 0.32s, phase: 0
[1] - Worker 6 (PID: 58) booted in 0.32s, phase: 0
[1] - Worker 7 (PID: 69) booted in 0.31s, phase: 0
[1] - Worker 8 (PID: 92) booted in 0.31s, phase: 0
[1] - Worker 9 (PID: 104) booted in 0.31s, phase: 0
[1] - Worker 10 (PID: 115) booted in 0.31s, phase: 0
[1] - Worker 11 (PID: 128) booted in 0.31s, phase: 0
[1] - Worker 12 (PID: 135) booted in 0.31s, phase: 0
[1] - Worker 13 (PID: 145) booted in 0.3s, phase: 0
[1] - Worker 14 (PID: 176) booted in 0.3s, phase: 0
[1] - Worker 15 (PID: 179) booted in 0.3s, phase: 0
[1] - Worker 16 (PID: 187) booted in 0.3s, phase: 0
[1] - Worker 17 (PID: 195) booted in 0.29s, phase: 0
[1] - Worker 18 (PID: 206) booted in 0.29s, phase: 0
[1] - Worker 19 (PID: 219) booted in 0.29s, phase: 0
[1] - Worker 20 (PID: 231) booted in 0.29s, phase: 0
[1] - Worker 21 (PID: 243) booted in 0.29s, phase: 0
[1] - Worker 22 (PID: 251) booted in 0.29s, phase: 0
[1] - Worker 23 (PID: 266) booted in 0.29s, phase: 0
[1] - Worker 24 (PID: 277) booted in 0.29s, phase: 0
[1] - Worker 25 (PID: 290) booted in 0.28s, phase: 0
[1] - Worker 26 (PID: 303) booted in 0.28s, phase: 0
[1] - Worker 27 (PID: 309) booted in 0.28s, phase: 0
[1] - Worker 28 (PID: 329) booted in 0.28s, phase: 0
[1] - Worker 29 (PID: 352) booted in 0.27s, phase: 0
[1] - Worker 30 (PID: 364) booted in 0.27s, phase: 0
[1] - Worker 31 (PID: 371) booted in 0.27s, phase: 0
[1] - Worker 32 (PID: 380) booted in 0.26s, phase: 0
[1] - Worker 33 (PID: 390) booted in 0.26s, phase: 0
[1] - Worker 34 (PID: 397) booted in 0.26s, phase: 0
[1] - Worker 35 (PID: 414) booted in 0.26s, phase: 0
[1] - Worker 36 (PID: 428) booted in 0.25s, phase: 0
[1] - Worker 37 (PID: 439) booted in 0.25s, phase: 0
[1] - Worker 38 (PID: 452) booted in 0.25s, phase: 0
[1] - Worker 39 (PID: 463) booted in 0.25s, phase: 0
[1] - Worker 40 (PID: 476) booted in 0.24s, phase: 0
[1] - Worker 41 (PID: 488) booted in 0.24s, phase: 0
[1] - Worker 42 (PID: 499) booted in 0.24s, phase: 0
[1] - Worker 43 (PID: 504) booted in 0.24s, phase: 0
[1] - Worker 44 (PID: 514) booted in 0.24s, phase: 0
[1] - Worker 45 (PID: 536) booted in 0.23s, phase: 0
[1] - Worker 46 (PID: 552) booted in 0.23s, phase: 0
[1] - Worker 47 (PID: 560) booted in 0.23s, phase: 0
[1] - Worker 48 (PID: 575) booted in 0.22s, phase: 0
[1] - Worker 49 (PID: 590) booted in 0.22s, phase: 0
[1] - Worker 50 (PID: 595) booted in 0.22s, phase: 0
[1] - Worker 51 (PID: 607) booted in 0.21s, phase: 0
[1] - Worker 52 (PID: 611) booted in 0.21s, phase: 0
[1] - Worker 53 (PID: 627) booted in 0.21s, phase: 0
[1] - Worker 54 (PID: 639) booted in 0.21s, phase: 0
[1] - Worker 55 (PID: 653) booted in 0.21s, phase: 0
[1] - Worker 56 (PID: 667) booted in 0.2s, phase: 0
[1] - Worker 57 (PID: 680) booted in 0.2s, phase: 0
[1] - Worker 58 (PID: 696) booted in 0.2s, phase: 0
[1] - Worker 59 (PID: 704) booted in 0.19s, phase: 0
[1] - Worker 60 (PID: 713) booted in 0.19s, phase: 0
[1] - Worker 61 (PID: 720) booted in 0.19s, phase: 0
[1] - Worker 62 (PID: 733) booted in 0.19s, phase: 0
[1] - Worker 63 (PID: 747) booted in 0.19s, phase: 0
[1] - Worker 64 (PID: 765) booted in 0.18s, phase: 0
[1] - Worker 65 (PID: 775) booted in 0.18s, phase: 0
[1] - Worker 66 (PID: 784) booted in 0.18s, phase: 0
[1] - Worker 67 (PID: 793) booted in 0.18s, phase: 0
[1] - Worker 68 (PID: 807) booted in 0.18s, phase: 0
[1] - Worker 69 (PID: 819) booted in 0.17s, phase: 0
[1] - Worker 70 (PID: 831) booted in 0.17s, phase: 0
[1] - Worker 71 (PID: 843) booted in 0.17s, phase: 0
[1] - Worker 72 (PID: 853) booted in 0.17s, phase: 0
[1] - Worker 73 (PID: 866) booted in 0.17s, phase: 0
[1] - Worker 74 (PID: 878) booted in 0.17s, phase: 0
[1] - Worker 75 (PID: 887) booted in 0.16s, phase: 0
[1] - Worker 76 (PID: 900) booted in 0.16s, phase: 0
[1] - Worker 77 (PID: 910) booted in 0.16s, phase: 0
[1] - Worker 78 (PID: 927) booted in 0.16s, phase: 0
[1] - Worker 79 (PID: 936) booted in 0.16s, phase: 0
[1] - Worker 80 (PID: 948) booted in 0.16s, phase: 0
[1] - Worker 81 (PID: 961) booted in 0.15s, phase: 0
[1] - Worker 82 (PID: 973) booted in 0.15s, phase: 0
[1] - Worker 83 (PID: 986) booted in 0.15s, phase: 0
[1] - Worker 84 (PID: 999) booted in 0.15s, phase: 0
[1] - Worker 85 (PID: 1009) booted in 0.15s, phase: 0
[1] - Worker 86 (PID: 1022) booted in 0.14s, phase: 0
[1] - Worker 87 (PID: 1033) booted in 0.14s, phase: 0
[1] - Worker 88 (PID: 1044) booted in 0.14s, phase: 0
[1] - Worker 89 (PID: 1056) booted in 0.14s, phase: 0
[1] - Worker 90 (PID: 1065) booted in 0.14s, phase: 0
[1] - Worker 91 (PID: 1077) booted in 0.14s, phase: 0
[1] - Worker 92 (PID: 1095) booted in 0.13s, phase: 0
[1] - Worker 93 (PID: 1107) booted in 0.13s, phase: 0
[1] - Worker 94 (PID: 1119) booted in 0.13s, phase: 0
[1] - Worker 95 (PID: 1128) booted in 0.13s, phase: 0
[1] - Worker 96 (PID: 1139) booted in 0.13s, phase: 0
[1] - Worker 97 (PID: 1155) booted in 0.12s, phase: 0
[1] - Worker 98 (PID: 1167) booted in 0.12s, phase: 0
[1] - Worker 99 (PID: 1178) booted in 0.12s, phase: 0
[1] - Worker 100 (PID: 1191) booted in 0.12s, phase: 0
[1] - Worker 101 (PID: 1203) booted in 0.12s, phase: 0
[1] - Worker 102 (PID: 1215) booted in 0.12s, phase: 0
[1] - Worker 103 (PID: 1224) booted in 0.11s, phase: 0
[1] - Worker 104 (PID: 1238) booted in 0.11s, phase: 0
[1] - Worker 105 (PID: 1249) booted in 0.11s, phase: 0
[1] - Worker 106 (PID: 1263) booted in 0.11s, phase: 0
[1] - Worker 107 (PID: 1276) booted in 0.11s, phase: 0
[1] - Worker 108 (PID: 1284) booted in 0.1s, phase: 0
[1] - Worker 109 (PID: 1290) booted in 0.1s, phase: 0
[1] - Worker 110 (PID: 1297) booted in 0.09s, phase: 0
[1] - Worker 111 (PID: 1329) booted in 0.09s, phase: 0
[1] - Worker 112 (PID: 1339) booted in 0.09s, phase: 0
[1] - Worker 113 (PID: 1348) booted in 0.09s, phase: 0
[1] - Worker 114 (PID: 1356) booted in 0.08s, phase: 0
[1] - Worker 115 (PID: 1367) booted in 0.08s, phase: 0
[1] - Worker 116 (PID: 1383) booted in 0.08s, phase: 0
[1] - Worker 117 (PID: 1394) booted in 0.08s, phase: 0
[1] - Worker 118 (PID: 1405) booted in 0.08s, phase: 0
[1] - Worker 119 (PID: 1415) booted in 0.08s, phase: 0
[1] - Worker 120 (PID: 1428) booted in 0.07s, phase: 0
[1] - Worker 121 (PID: 1442) booted in 0.07s, phase: 0
[1] - Worker 122 (PID: 1453) booted in 0.07s, phase: 0
[1] - Worker 123 (PID: 1466) booted in 0.07s, phase: 0
[1] - Worker 124 (PID: 1488) booted in 0.06s, phase: 0
[1] - Worker 125 (PID: 1499) booted in 0.06s, phase: 0
[1] - Worker 126 (PID: 1507) booted in 0.06s, phase: 0
[1] - Worker 127 (PID: 1515) booted in 0.06s, phase: 0
