[2026-03-24 16:21:57 +0000] [1] [INFO] Starting gunicorn 23.0.0
[2026-03-24 16:21:57 +0000] [1] [INFO] Listening at: http://0.0.0.0:8080 (1)
[2026-03-24 16:21:57 +0000] [1] [INFO] Using worker: uvicorn.workers.UvicornWorker
[2026-03-24 16:21:57 +0000] [7] [INFO] Booting worker with pid: 7
[2026-03-24 16:21:57 +0000] [8] [INFO] Booting worker with pid: 8
[2026-03-24 16:21:57 +0000] [7] [INFO] Started server process [7]
[2026-03-24 16:21:57 +0000] [7] [INFO] Waiting for application startup.
[2026-03-24 16:21:57 +0000] [7] [INFO] Application startup complete.
[2026-03-24 16:21:57 +0000] [8] [INFO] Started server process [8]
[2026-03-24 16:21:57 +0000] [8] [INFO] Waiting for application startup.
[2026-03-24 16:21:57 +0000] [8] [INFO] Application startup complete.
[2026-03-24 16:21:57 +0000] [11] [INFO] Booting worker with pid: 11
[2026-03-24 16:21:57 +0000] [13] [INFO] Booting worker with pid: 13
[2026-03-24 16:21:57 +0000] [11] [INFO] Started server process [11]
[2026-03-24 16:21:57 +0000] [11] [INFO] Waiting for application startup.
[2026-03-24 16:21:57 +0000] [11] [INFO] Application startup complete.
[2026-03-24 16:21:57 +0000] [14] [INFO] Booting worker with pid: 14
[2026-03-24 16:21:57 +0000] [13] [INFO] Started server process [13]
[2026-03-24 16:21:57 +0000] [13] [INFO] Waiting for application startup.
[2026-03-24 16:21:57 +0000] [13] [INFO] Application startup complete.
[2026-03-24 16:21:57 +0000] [17] [INFO] Booting worker with pid: 17
[2026-03-24 16:21:57 +0000] [14] [INFO] Started server process [14]
[2026-03-24 16:21:57 +0000] [14] [INFO] Waiting for application startup.
[2026-03-24 16:21:57 +0000] [14] [INFO] Application startup complete.
[2026-03-24 16:21:57 +0000] [18] [INFO] Booting worker with pid: 18
[2026-03-24 16:21:57 +0000] [17] [INFO] Started server process [17]
[2026-03-24 16:21:57 +0000] [17] [INFO] Waiting for application startup.
[2026-03-24 16:21:57 +0000] [17] [INFO] Application startup complete.
[2026-03-24 16:21:57 +0000] [18] [INFO] Started server process [18]
[2026-03-24 16:21:57 +0000] [18] [INFO] Waiting for application startup.
[2026-03-24 16:21:57 +0000] [18] [INFO] Application startup complete.
[2026-03-24 16:21:57 +0000] [21] [INFO] Booting worker with pid: 21
[2026-03-24 16:21:57 +0000] [22] [INFO] Booting worker with pid: 22
[2026-03-24 16:21:57 +0000] [23] [INFO] Booting worker with pid: 23
[2026-03-24 16:21:57 +0000] [21] [INFO] Started server process [21]
[2026-03-24 16:21:57 +0000] [21] [INFO] Waiting for application startup.
[2026-03-24 16:21:57 +0000] [21] [INFO] Application startup complete.
[2026-03-24 16:21:57 +0000] [22] [INFO] Started server process [22]
[2026-03-24 16:21:57 +0000] [22] [INFO] Waiting for application startup.
[2026-03-24 16:21:57 +0000] [22] [INFO] Application startup complete.
[2026-03-24 16:21:57 +0000] [23] [INFO] Started server process [23]
[2026-03-24 16:21:57 +0000] [23] [INFO] Waiting for application startup.
[2026-03-24 16:21:57 +0000] [23] [INFO] Application startup complete.
[2026-03-24 16:21:58 +0000] [27] [INFO] Booting worker with pid: 27
[2026-03-24 16:21:58 +0000] [28] [INFO] Booting worker with pid: 28
[2026-03-24 16:21:58 +0000] [31] [INFO] Booting worker with pid: 31
[2026-03-24 16:21:58 +0000] [27] [INFO] Started server process [27]
[2026-03-24 16:21:58 +0000] [27] [INFO] Waiting for application startup.
[2026-03-24 16:21:58 +0000] [27] [INFO] Application startup complete.
[2026-03-24 16:21:58 +0000] [28] [INFO] Started server process [28]
[2026-03-24 16:21:58 +0000] [28] [INFO] Waiting for application startup.
[2026-03-24 16:21:58 +0000] [28] [INFO] Application startup complete.
[2026-03-24 16:21:58 +0000] [32] [INFO] Booting worker with pid: 32
[2026-03-24 16:21:58 +0000] [34] [INFO] Booting worker with pid: 34
[2026-03-24 16:21:58 +0000] [31] [INFO] Started server process [31]
[2026-03-24 16:21:58 +0000] [31] [INFO] Waiting for application startup.
[2026-03-24 16:21:58 +0000] [31] [INFO] Application startup complete.
[2026-03-24 16:21:58 +0000] [32] [INFO] Started server process [32]
[2026-03-24 16:21:58 +0000] [32] [INFO] Waiting for application startup.
[2026-03-24 16:21:58 +0000] [32] [INFO] Application startup complete.
[2026-03-24 16:21:58 +0000] [34] [INFO] Started server process [34]
[2026-03-24 16:21:58 +0000] [34] [INFO] Waiting for application startup.
[2026-03-24 16:21:58 +0000] [34] [INFO] Application startup complete.
[2026-03-24 16:21:58 +0000] [37] [INFO] Booting worker with pid: 37
[2026-03-24 16:21:58 +0000] [37] [INFO] Started server process [37]
[2026-03-24 16:21:58 +0000] [37] [INFO] Waiting for application startup.
[2026-03-24 16:21:58 +0000] [37] [INFO] Application startup complete.
[2026-03-24 16:21:58 +0000] [39] [INFO] Booting worker with pid: 39
[2026-03-24 16:21:58 +0000] [40] [INFO] Booting worker with pid: 40
[2026-03-24 16:21:58 +0000] [43] [INFO] Booting worker with pid: 43
[2026-03-24 16:21:58 +0000] [39] [INFO] Started server process [39]
[2026-03-24 16:21:58 +0000] [39] [INFO] Waiting for application startup.
[2026-03-24 16:21:58 +0000] [39] [INFO] Application startup complete.
[2026-03-24 16:21:58 +0000] [40] [INFO] Started server process [40]
[2026-03-24 16:21:58 +0000] [40] [INFO] Waiting for application startup.
[2026-03-24 16:21:58 +0000] [40] [INFO] Application startup complete.
[2026-03-24 16:21:58 +0000] [43] [INFO] Started server process [43]
[2026-03-24 16:21:58 +0000] [43] [INFO] Waiting for application startup.
[2026-03-24 16:21:58 +0000] [43] [INFO] Application startup complete.
[2026-03-24 16:21:58 +0000] [45] [INFO] Booting worker with pid: 45
[2026-03-24 16:21:58 +0000] [46] [INFO] Booting worker with pid: 46
[2026-03-24 16:21:58 +0000] [48] [INFO] Booting worker with pid: 48
[2026-03-24 16:21:58 +0000] [45] [INFO] Started server process [45]
[2026-03-24 16:21:58 +0000] [45] [INFO] Waiting for application startup.
[2026-03-24 16:21:58 +0000] [45] [INFO] Application startup complete.
[2026-03-24 16:21:58 +0000] [50] [INFO] Booting worker with pid: 50
[2026-03-24 16:21:58 +0000] [46] [INFO] Started server process [46]
[2026-03-24 16:21:58 +0000] [46] [INFO] Waiting for application startup.
[2026-03-24 16:21:58 +0000] [46] [INFO] Application startup complete.
[2026-03-24 16:21:58 +0000] [48] [INFO] Started server process [48]
[2026-03-24 16:21:58 +0000] [48] [INFO] Waiting for application startup.
[2026-03-24 16:21:58 +0000] [48] [INFO] Application startup complete.
[2026-03-24 16:21:58 +0000] [50] [INFO] Started server process [50]
[2026-03-24 16:21:58 +0000] [50] [INFO] Waiting for application startup.
[2026-03-24 16:21:58 +0000] [50] [INFO] Application startup complete.
[2026-03-24 16:21:58 +0000] [53] [INFO] Booting worker with pid: 53
[2026-03-24 16:21:58 +0000] [54] [INFO] Booting worker with pid: 54
[2026-03-24 16:21:58 +0000] [53] [INFO] Started server process [53]
[2026-03-24 16:21:58 +0000] [53] [INFO] Waiting for application startup.
[2026-03-24 16:21:58 +0000] [53] [INFO] Application startup complete.
[2026-03-24 16:21:58 +0000] [56] [INFO] Booting worker with pid: 56
[2026-03-24 16:21:58 +0000] [54] [INFO] Started server process [54]
[2026-03-24 16:21:58 +0000] [54] [INFO] Waiting for application startup.
[2026-03-24 16:21:58 +0000] [54] [INFO] Application startup complete.
[2026-03-24 16:21:58 +0000] [56] [INFO] Started server process [56]
[2026-03-24 16:21:58 +0000] [56] [INFO] Waiting for application startup.
[2026-03-24 16:21:58 +0000] [56] [INFO] Application startup complete.
[2026-03-24 16:21:58 +0000] [59] [INFO] Booting worker with pid: 59
[2026-03-24 16:21:58 +0000] [59] [INFO] Started server process [59]
[2026-03-24 16:21:58 +0000] [59] [INFO] Waiting for application startup.
[2026-03-24 16:21:58 +0000] [59] [INFO] Application startup complete.
[2026-03-24 16:21:58 +0000] [61] [INFO] Booting worker with pid: 61
[2026-03-24 16:21:58 +0000] [61] [INFO] Started server process [61]
[2026-03-24 16:21:58 +0000] [61] [INFO] Waiting for application startup.
[2026-03-24 16:21:58 +0000] [61] [INFO] Application startup complete.
[2026-03-24 16:21:58 +0000] [63] [INFO] Booting worker with pid: 63
[2026-03-24 16:21:59 +0000] [64] [INFO] Booting worker with pid: 64
[2026-03-24 16:21:59 +0000] [63] [INFO] Started server process [63]
[2026-03-24 16:21:59 +0000] [63] [INFO] Waiting for application startup.
[2026-03-24 16:21:59 +0000] [63] [INFO] Application startup complete.
[2026-03-24 16:21:59 +0000] [64] [INFO] Started server process [64]
[2026-03-24 16:21:59 +0000] [64] [INFO] Waiting for application startup.
[2026-03-24 16:21:59 +0000] [64] [INFO] Application startup complete.
[2026-03-24 16:21:59 +0000] [67] [INFO] Booting worker with pid: 67
[2026-03-24 16:21:59 +0000] [68] [INFO] Booting worker with pid: 68
[2026-03-24 16:21:59 +0000] [67] [INFO] Started server process [67]
[2026-03-24 16:21:59 +0000] [67] [INFO] Waiting for application startup.
[2026-03-24 16:21:59 +0000] [67] [INFO] Application startup complete.
[2026-03-24 16:21:59 +0000] [70] [INFO] Booting worker with pid: 70
[2026-03-24 16:21:59 +0000] [68] [INFO] Started server process [68]
[2026-03-24 16:21:59 +0000] [68] [INFO] Waiting for application startup.
[2026-03-24 16:21:59 +0000] [68] [INFO] Application startup complete.
[2026-03-24 16:21:59 +0000] [72] [INFO] Booting worker with pid: 72
[2026-03-24 16:21:59 +0000] [74] [INFO] Booting worker with pid: 74
[2026-03-24 16:21:59 +0000] [70] [INFO] Started server process [70]
[2026-03-24 16:21:59 +0000] [70] [INFO] Waiting for application startup.
[2026-03-24 16:21:59 +0000] [70] [INFO] Application startup complete.
[2026-03-24 16:21:59 +0000] [72] [INFO] Started server process [72]
[2026-03-24 16:21:59 +0000] [72] [INFO] Waiting for application startup.
[2026-03-24 16:21:59 +0000] [72] [INFO] Application startup complete.
[2026-03-24 16:21:59 +0000] [74] [INFO] Started server process [74]
[2026-03-24 16:21:59 +0000] [74] [INFO] Waiting for application startup.
[2026-03-24 16:21:59 +0000] [74] [INFO] Application startup complete.
[2026-03-24 16:21:59 +0000] [77] [INFO] Booting worker with pid: 77
[2026-03-24 16:21:59 +0000] [78] [INFO] Booting worker with pid: 78
[2026-03-24 16:21:59 +0000] [79] [INFO] Booting worker with pid: 79
[2026-03-24 16:21:59 +0000] [77] [INFO] Started server process [77]
[2026-03-24 16:21:59 +0000] [77] [INFO] Waiting for application startup.
[2026-03-24 16:21:59 +0000] [77] [INFO] Application startup complete.
[2026-03-24 16:21:59 +0000] [78] [INFO] Started server process [78]
[2026-03-24 16:21:59 +0000] [78] [INFO] Waiting for application startup.
[2026-03-24 16:21:59 +0000] [78] [INFO] Application startup complete.
[2026-03-24 16:21:59 +0000] [82] [INFO] Booting worker with pid: 82
[2026-03-24 16:21:59 +0000] [79] [INFO] Started server process [79]
[2026-03-24 16:21:59 +0000] [79] [INFO] Waiting for application startup.
[2026-03-24 16:21:59 +0000] [79] [INFO] Application startup complete.
[2026-03-24 16:21:59 +0000] [84] [INFO] Booting worker with pid: 84
[2026-03-24 16:21:59 +0000] [86] [INFO] Booting worker with pid: 86
[2026-03-24 16:21:59 +0000] [82] [INFO] Started server process [82]
[2026-03-24 16:21:59 +0000] [82] [INFO] Waiting for application startup.
[2026-03-24 16:21:59 +0000] [82] [INFO] Application startup complete.
[2026-03-24 16:21:59 +0000] [84] [INFO] Started server process [84]
[2026-03-24 16:21:59 +0000] [84] [INFO] Waiting for application startup.
[2026-03-24 16:21:59 +0000] [84] [INFO] Application startup complete.
[2026-03-24 16:21:59 +0000] [88] [INFO] Booting worker with pid: 88
[2026-03-24 16:21:59 +0000] [86] [INFO] Started server process [86]
[2026-03-24 16:21:59 +0000] [86] [INFO] Waiting for application startup.
[2026-03-24 16:21:59 +0000] [86] [INFO] Application startup complete.
[2026-03-24 16:21:59 +0000] [88] [INFO] Started server process [88]
[2026-03-24 16:21:59 +0000] [88] [INFO] Waiting for application startup.
[2026-03-24 16:21:59 +0000] [88] [INFO] Application startup complete.
[2026-03-24 16:21:59 +0000] [91] [INFO] Booting worker with pid: 91
[2026-03-24 16:21:59 +0000] [91] [INFO] Started server process [91]
[2026-03-24 16:21:59 +0000] [91] [INFO] Waiting for application startup.
[2026-03-24 16:21:59 +0000] [91] [INFO] Application startup complete.
[2026-03-24 16:21:59 +0000] [93] [INFO] Booting worker with pid: 93
[2026-03-24 16:21:59 +0000] [95] [INFO] Booting worker with pid: 95
[2026-03-24 16:21:59 +0000] [93] [INFO] Started server process [93]
[2026-03-24 16:21:59 +0000] [93] [INFO] Waiting for application startup.
[2026-03-24 16:21:59 +0000] [93] [INFO] Application startup complete.
[2026-03-24 16:21:59 +0000] [96] [INFO] Booting worker with pid: 96
[2026-03-24 16:21:59 +0000] [95] [INFO] Started server process [95]
[2026-03-24 16:21:59 +0000] [95] [INFO] Waiting for application startup.
[2026-03-24 16:21:59 +0000] [95] [INFO] Application startup complete.
[2026-03-24 16:21:59 +0000] [96] [INFO] Started server process [96]
[2026-03-24 16:21:59 +0000] [96] [INFO] Waiting for application startup.
[2026-03-24 16:21:59 +0000] [96] [INFO] Application startup complete.
[2026-03-24 16:21:59 +0000] [99] [INFO] Booting worker with pid: 99
[2026-03-24 16:21:59 +0000] [100] [INFO] Booting worker with pid: 100
[2026-03-24 16:21:59 +0000] [99] [INFO] Started server process [99]
[2026-03-24 16:21:59 +0000] [99] [INFO] Waiting for application startup.
[2026-03-24 16:21:59 +0000] [99] [INFO] Application startup complete.
[2026-03-24 16:22:00 +0000] [100] [INFO] Started server process [100]
[2026-03-24 16:22:00 +0000] [100] [INFO] Waiting for application startup.
[2026-03-24 16:22:00 +0000] [100] [INFO] Application startup complete.
[2026-03-24 16:22:00 +0000] [103] [INFO] Booting worker with pid: 103
[2026-03-24 16:22:00 +0000] [103] [INFO] Started server process [103]
[2026-03-24 16:22:00 +0000] [103] [INFO] Waiting for application startup.
[2026-03-24 16:22:00 +0000] [103] [INFO] Application startup complete.
[2026-03-24 16:22:00 +0000] [105] [INFO] Booting worker with pid: 105
[2026-03-24 16:22:00 +0000] [105] [INFO] Started server process [105]
[2026-03-24 16:22:00 +0000] [105] [INFO] Waiting for application startup.
[2026-03-24 16:22:00 +0000] [105] [INFO] Application startup complete.
[2026-03-24 16:22:00 +0000] [107] [INFO] Booting worker with pid: 107
[2026-03-24 16:22:00 +0000] [107] [INFO] Started server process [107]
[2026-03-24 16:22:00 +0000] [107] [INFO] Waiting for application startup.
[2026-03-24 16:22:00 +0000] [107] [INFO] Application startup complete.
[2026-03-24 16:22:00 +0000] [109] [INFO] Booting worker with pid: 109
[2026-03-24 16:22:00 +0000] [109] [INFO] Started server process [109]
[2026-03-24 16:22:00 +0000] [109] [INFO] Waiting for application startup.
[2026-03-24 16:22:00 +0000] [109] [INFO] Application startup complete.
[2026-03-24 16:22:00 +0000] [111] [INFO] Booting worker with pid: 111
[2026-03-24 16:22:00 +0000] [112] [INFO] Booting worker with pid: 112
[2026-03-24 16:22:00 +0000] [113] [INFO] Booting worker with pid: 113
[2026-03-24 16:22:00 +0000] [111] [INFO] Started server process [111]
[2026-03-24 16:22:00 +0000] [111] [INFO] Waiting for application startup.
[2026-03-24 16:22:00 +0000] [111] [INFO] Application startup complete.
[2026-03-24 16:22:00 +0000] [112] [INFO] Started server process [112]
[2026-03-24 16:22:00 +0000] [112] [INFO] Waiting for application startup.
[2026-03-24 16:22:00 +0000] [112] [INFO] Application startup complete.
[2026-03-24 16:22:00 +0000] [116] [INFO] Booting worker with pid: 116
[2026-03-24 16:22:00 +0000] [113] [INFO] Started server process [113]
[2026-03-24 16:22:00 +0000] [113] [INFO] Waiting for application startup.
[2026-03-24 16:22:00 +0000] [113] [INFO] Application startup complete.
[2026-03-24 16:22:00 +0000] [116] [INFO] Started server process [116]
[2026-03-24 16:22:00 +0000] [116] [INFO] Waiting for application startup.
[2026-03-24 16:22:00 +0000] [116] [INFO] Application startup complete.
[2026-03-24 16:22:00 +0000] [119] [INFO] Booting worker with pid: 119
[2026-03-24 16:22:00 +0000] [120] [INFO] Booting worker with pid: 120
[2026-03-24 16:22:00 +0000] [119] [INFO] Started server process [119]
[2026-03-24 16:22:00 +0000] [119] [INFO] Waiting for application startup.
[2026-03-24 16:22:00 +0000] [119] [INFO] Application startup complete.
[2026-03-24 16:22:00 +0000] [120] [INFO] Started server process [120]
[2026-03-24 16:22:00 +0000] [120] [INFO] Waiting for application startup.
[2026-03-24 16:22:00 +0000] [120] [INFO] Application startup complete.
[2026-03-24 16:22:00 +0000] [123] [INFO] Booting worker with pid: 123
[2026-03-24 16:22:00 +0000] [124] [INFO] Booting worker with pid: 124
[2026-03-24 16:22:00 +0000] [123] [INFO] Started server process [123]
[2026-03-24 16:22:00 +0000] [123] [INFO] Waiting for application startup.
[2026-03-24 16:22:00 +0000] [123] [INFO] Application startup complete.
[2026-03-24 16:22:00 +0000] [126] [INFO] Booting worker with pid: 126
[2026-03-24 16:22:00 +0000] [124] [INFO] Started server process [124]
[2026-03-24 16:22:00 +0000] [124] [INFO] Waiting for application startup.
[2026-03-24 16:22:00 +0000] [124] [INFO] Application startup complete.
[2026-03-24 16:22:00 +0000] [126] [INFO] Started server process [126]
[2026-03-24 16:22:00 +0000] [126] [INFO] Waiting for application startup.
[2026-03-24 16:22:00 +0000] [126] [INFO] Application startup complete.
[2026-03-24 16:22:00 +0000] [129] [INFO] Booting worker with pid: 129
[2026-03-24 16:22:00 +0000] [129] [INFO] Started server process [129]
[2026-03-24 16:22:00 +0000] [129] [INFO] Waiting for application startup.
[2026-03-24 16:22:00 +0000] [129] [INFO] Application startup complete.
[2026-03-24 16:22:00 +0000] [131] [INFO] Booting worker with pid: 131
[2026-03-24 16:22:00 +0000] [131] [INFO] Started server process [131]
[2026-03-24 16:22:00 +0000] [131] [INFO] Waiting for application startup.
[2026-03-24 16:22:00 +0000] [131] [INFO] Application startup complete.
[2026-03-24 16:22:01 +0000] [133] [INFO] Booting worker with pid: 133
[2026-03-24 16:22:01 +0000] [134] [INFO] Booting worker with pid: 134
[2026-03-24 16:22:01 +0000] [135] [INFO] Booting worker with pid: 135
[2026-03-24 16:22:01 +0000] [133] [INFO] Started server process [133]
[2026-03-24 16:22:01 +0000] [133] [INFO] Waiting for application startup.
[2026-03-24 16:22:01 +0000] [133] [INFO] Application startup complete.
[2026-03-24 16:22:01 +0000] [137] [INFO] Booting worker with pid: 137
[2026-03-24 16:22:01 +0000] [134] [INFO] Started server process [134]
[2026-03-24 16:22:01 +0000] [134] [INFO] Waiting for application startup.
[2026-03-24 16:22:01 +0000] [134] [INFO] Application startup complete.
[2026-03-24 16:22:01 +0000] [135] [INFO] Started server process [135]
[2026-03-24 16:22:01 +0000] [135] [INFO] Waiting for application startup.
[2026-03-24 16:22:01 +0000] [135] [INFO] Application startup complete.
[2026-03-24 16:22:01 +0000] [137] [INFO] Started server process [137]
[2026-03-24 16:22:01 +0000] [137] [INFO] Waiting for application startup.
[2026-03-24 16:22:01 +0000] [137] [INFO] Application startup complete.
[2026-03-24 16:22:01 +0000] [141] [INFO] Booting worker with pid: 141
[2026-03-24 16:22:01 +0000] [142] [INFO] Booting worker with pid: 142
[2026-03-24 16:22:01 +0000] [143] [INFO] Booting worker with pid: 143
[2026-03-24 16:22:01 +0000] [145] [INFO] Booting worker with pid: 145
[2026-03-24 16:22:01 +0000] [141] [INFO] Started server process [141]
[2026-03-24 16:22:01 +0000] [141] [INFO] Waiting for application startup.
[2026-03-24 16:22:01 +0000] [141] [INFO] Application startup complete.
[2026-03-24 16:22:01 +0000] [142] [INFO] Started server process [142]
[2026-03-24 16:22:01 +0000] [142] [INFO] Waiting for application startup.
[2026-03-24 16:22:01 +0000] [142] [INFO] Application startup complete.
[2026-03-24 16:22:01 +0000] [143] [INFO] Started server process [143]
[2026-03-24 16:22:01 +0000] [143] [INFO] Waiting for application startup.
[2026-03-24 16:22:01 +0000] [143] [INFO] Application startup complete.
[2026-03-24 16:22:01 +0000] [145] [INFO] Started server process [145]
[2026-03-24 16:22:01 +0000] [145] [INFO] Waiting for application startup.
[2026-03-24 16:22:01 +0000] [145] [INFO] Application startup complete.
[2026-03-24 16:22:01 +0000] [149] [INFO] Booting worker with pid: 149
[2026-03-24 16:22:01 +0000] [149] [INFO] Started server process [149]
[2026-03-24 16:22:01 +0000] [149] [INFO] Waiting for application startup.
[2026-03-24 16:22:01 +0000] [149] [INFO] Application startup complete.
[2026-03-24 16:22:01 +0000] [151] [INFO] Booting worker with pid: 151
[2026-03-24 16:22:01 +0000] [152] [INFO] Booting worker with pid: 152
[2026-03-24 16:22:01 +0000] [151] [INFO] Started server process [151]
[2026-03-24 16:22:01 +0000] [151] [INFO] Waiting for application startup.
[2026-03-24 16:22:01 +0000] [151] [INFO] Application startup complete.
[2026-03-24 16:22:01 +0000] [154] [INFO] Booting worker with pid: 154
[2026-03-24 16:22:01 +0000] [152] [INFO] Started server process [152]
[2026-03-24 16:22:01 +0000] [152] [INFO] Waiting for application startup.
[2026-03-24 16:22:01 +0000] [152] [INFO] Application startup complete.
[2026-03-24 16:22:01 +0000] [156] [INFO] Booting worker with pid: 156
[2026-03-24 16:22:01 +0000] [158] [INFO] Booting worker with pid: 158
[2026-03-24 16:22:01 +0000] [154] [INFO] Started server process [154]
[2026-03-24 16:22:01 +0000] [154] [INFO] Waiting for application startup.
[2026-03-24 16:22:01 +0000] [154] [INFO] Application startup complete.
[2026-03-24 16:22:01 +0000] [156] [INFO] Started server process [156]
[2026-03-24 16:22:01 +0000] [156] [INFO] Waiting for application startup.
[2026-03-24 16:22:01 +0000] [156] [INFO] Application startup complete.
[2026-03-24 16:22:01 +0000] [158] [INFO] Started server process [158]
[2026-03-24 16:22:01 +0000] [158] [INFO] Waiting for application startup.
[2026-03-24 16:22:01 +0000] [158] [INFO] Application startup complete.
[2026-03-24 16:22:01 +0000] [161] [INFO] Booting worker with pid: 161
[2026-03-24 16:22:01 +0000] [162] [INFO] Booting worker with pid: 162
[2026-03-24 16:22:01 +0000] [161] [INFO] Started server process [161]
[2026-03-24 16:22:01 +0000] [161] [INFO] Waiting for application startup.
[2026-03-24 16:22:01 +0000] [164] [INFO] Booting worker with pid: 164
[2026-03-24 16:22:01 +0000] [161] [INFO] Application startup complete.
[2026-03-24 16:22:01 +0000] [166] [INFO] Booting worker with pid: 166
[2026-03-24 16:22:01 +0000] [162] [INFO] Started server process [162]
[2026-03-24 16:22:01 +0000] [162] [INFO] Waiting for application startup.
[2026-03-24 16:22:01 +0000] [162] [INFO] Application startup complete.
[2026-03-24 16:22:01 +0000] [164] [INFO] Started server process [164]
[2026-03-24 16:22:01 +0000] [164] [INFO] Waiting for application startup.
[2026-03-24 16:22:01 +0000] [164] [INFO] Application startup complete.
[2026-03-24 16:22:01 +0000] [168] [INFO] Booting worker with pid: 168
[2026-03-24 16:22:01 +0000] [166] [INFO] Started server process [166]
[2026-03-24 16:22:01 +0000] [166] [INFO] Waiting for application startup.
[2026-03-24 16:22:01 +0000] [166] [INFO] Application startup complete.
[2026-03-24 16:22:01 +0000] [168] [INFO] Started server process [168]
[2026-03-24 16:22:01 +0000] [168] [INFO] Waiting for application startup.
[2026-03-24 16:22:01 +0000] [168] [INFO] Application startup complete.
[2026-03-24 16:22:01 +0000] [171] [INFO] Booting worker with pid: 171
[2026-03-24 16:22:01 +0000] [172] [INFO] Booting worker with pid: 172
[2026-03-24 16:22:02 +0000] [171] [INFO] Started server process [171]
[2026-03-24 16:22:02 +0000] [171] [INFO] Waiting for application startup.
[2026-03-24 16:22:02 +0000] [171] [INFO] Application startup complete.
[2026-03-24 16:22:02 +0000] [174] [INFO] Booting worker with pid: 174
[2026-03-24 16:22:02 +0000] [172] [INFO] Started server process [172]
[2026-03-24 16:22:02 +0000] [172] [INFO] Waiting for application startup.
[2026-03-24 16:22:02 +0000] [172] [INFO] Application startup complete.
[2026-03-24 16:22:02 +0000] [176] [INFO] Booting worker with pid: 176
[2026-03-24 16:22:02 +0000] [174] [INFO] Started server process [174]
[2026-03-24 16:22:02 +0000] [174] [INFO] Waiting for application startup.
[2026-03-24 16:22:02 +0000] [174] [INFO] Application startup complete.
[2026-03-24 16:22:02 +0000] [176] [INFO] Started server process [176]
[2026-03-24 16:22:02 +0000] [176] [INFO] Waiting for application startup.
[2026-03-24 16:22:02 +0000] [176] [INFO] Application startup complete.
[2026-03-24 16:22:02 +0000] [179] [INFO] Booting worker with pid: 179
[2026-03-24 16:22:02 +0000] [180] [INFO] Booting worker with pid: 180
[2026-03-24 16:22:02 +0000] [179] [INFO] Started server process [179]
[2026-03-24 16:22:02 +0000] [179] [INFO] Waiting for application startup.
[2026-03-24 16:22:02 +0000] [179] [INFO] Application startup complete.
[2026-03-24 16:22:02 +0000] [182] [INFO] Booting worker with pid: 182
[2026-03-24 16:22:02 +0000] [183] [INFO] Booting worker with pid: 183
[2026-03-24 16:22:02 +0000] [180] [INFO] Started server process [180]
[2026-03-24 16:22:02 +0000] [180] [INFO] Waiting for application startup.
[2026-03-24 16:22:02 +0000] [180] [INFO] Application startup complete.
[2026-03-24 16:22:02 +0000] [185] [INFO] Booting worker with pid: 185
[2026-03-24 16:22:02 +0000] [187] [INFO] Booting worker with pid: 187
[2026-03-24 16:22:02 +0000] [182] [INFO] Started server process [182]
[2026-03-24 16:22:02 +0000] [182] [INFO] Waiting for application startup.
[2026-03-24 16:22:02 +0000] [182] [INFO] Application startup complete.
[2026-03-24 16:22:02 +0000] [189] [INFO] Booting worker with pid: 189
[2026-03-24 16:22:02 +0000] [183] [INFO] Started server process [183]
[2026-03-24 16:22:02 +0000] [183] [INFO] Waiting for application startup.
[2026-03-24 16:22:02 +0000] [183] [INFO] Application startup complete.
[2026-03-24 16:22:02 +0000] [185] [INFO] Started server process [185]
[2026-03-24 16:22:02 +0000] [185] [INFO] Waiting for application startup.
[2026-03-24 16:22:02 +0000] [185] [INFO] Application startup complete.
[2026-03-24 16:22:02 +0000] [187] [INFO] Started server process [187]
[2026-03-24 16:22:02 +0000] [187] [INFO] Waiting for application startup.
[2026-03-24 16:22:02 +0000] [187] [INFO] Application startup complete.
[2026-03-24 16:22:02 +0000] [189] [INFO] Started server process [189]
[2026-03-24 16:22:02 +0000] [189] [INFO] Waiting for application startup.
[2026-03-24 16:22:02 +0000] [189] [INFO] Application startup complete.
[2026-03-24 16:22:02 +0000] [193] [INFO] Booting worker with pid: 193
[2026-03-24 16:22:02 +0000] [193] [INFO] Started server process [193]
[2026-03-24 16:22:02 +0000] [193] [INFO] Waiting for application startup.
[2026-03-24 16:22:02 +0000] [193] [INFO] Application startup complete.
[2026-03-24 16:22:02 +0000] [195] [INFO] Booting worker with pid: 195
[2026-03-24 16:22:02 +0000] [196] [INFO] Booting worker with pid: 196
[2026-03-24 16:22:02 +0000] [197] [INFO] Booting worker with pid: 197
[2026-03-24 16:22:02 +0000] [199] [INFO] Booting worker with pid: 199
[2026-03-24 16:22:02 +0000] [195] [INFO] Started server process [195]
[2026-03-24 16:22:02 +0000] [195] [INFO] Waiting for application startup.
[2026-03-24 16:22:02 +0000] [195] [INFO] Application startup complete.
[2026-03-24 16:22:02 +0000] [201] [INFO] Booting worker with pid: 201
[2026-03-24 16:22:02 +0000] [203] [INFO] Booting worker with pid: 203
[2026-03-24 16:22:02 +0000] [196] [INFO] Started server process [196]
[2026-03-24 16:22:02 +0000] [196] [INFO] Waiting for application startup.
[2026-03-24 16:22:02 +0000] [196] [INFO] Application startup complete.
[2026-03-24 16:22:02 +0000] [197] [INFO] Started server process [197]
[2026-03-24 16:22:02 +0000] [197] [INFO] Waiting for application startup.
[2026-03-24 16:22:02 +0000] [197] [INFO] Application startup complete.
[2026-03-24 16:22:02 +0000] [199] [INFO] Started server process [199]
[2026-03-24 16:22:02 +0000] [199] [INFO] Waiting for application startup.
[2026-03-24 16:22:02 +0000] [199] [INFO] Application startup complete.
[2026-03-24 16:22:02 +0000] [203] [INFO] Started server process [203]
[2026-03-24 16:22:02 +0000] [203] [INFO] Waiting for application startup.
[2026-03-24 16:22:02 +0000] [203] [INFO] Application startup complete.
[2026-03-24 16:22:02 +0000] [201] [INFO] Started server process [201]
[2026-03-24 16:22:02 +0000] [201] [INFO] Waiting for application startup.
[2026-03-24 16:22:02 +0000] [201] [INFO] Application startup complete.
[2026-03-24 16:22:02 +0000] [207] [INFO] Booting worker with pid: 207
[2026-03-24 16:22:02 +0000] [208] [INFO] Booting worker with pid: 208
[2026-03-24 16:22:02 +0000] [209] [INFO] Booting worker with pid: 209
[2026-03-24 16:22:02 +0000] [210] [INFO] Booting worker with pid: 210
[2026-03-24 16:22:02 +0000] [207] [INFO] Started server process [207]
[2026-03-24 16:22:02 +0000] [207] [INFO] Waiting for application startup.
[2026-03-24 16:22:02 +0000] [207] [INFO] Application startup complete.
[2026-03-24 16:22:02 +0000] [208] [INFO] Started server process [208]
[2026-03-24 16:22:02 +0000] [208] [INFO] Waiting for application startup.
[2026-03-24 16:22:02 +0000] [208] [INFO] Application startup complete.
[2026-03-24 16:22:02 +0000] [214] [INFO] Booting worker with pid: 214
[2026-03-24 16:22:02 +0000] [209] [INFO] Started server process [209]
[2026-03-24 16:22:02 +0000] [209] [INFO] Waiting for application startup.
[2026-03-24 16:22:02 +0000] [209] [INFO] Application startup complete.
[2026-03-24 16:22:02 +0000] [210] [INFO] Started server process [210]
[2026-03-24 16:22:02 +0000] [210] [INFO] Waiting for application startup.
[2026-03-24 16:22:02 +0000] [210] [INFO] Application startup complete.
[2026-03-24 16:22:02 +0000] [217] [INFO] Booting worker with pid: 217
[2026-03-24 16:22:02 +0000] [214] [INFO] Started server process [214]
[2026-03-24 16:22:02 +0000] [214] [INFO] Waiting for application startup.
[2026-03-24 16:22:02 +0000] [214] [INFO] Application startup complete.
[2026-03-24 16:22:02 +0000] [218] [INFO] Booting worker with pid: 218
[2026-03-24 16:22:02 +0000] [219] [INFO] Booting worker with pid: 219
[2026-03-24 16:22:02 +0000] [217] [INFO] Started server process [217]
[2026-03-24 16:22:02 +0000] [217] [INFO] Waiting for application startup.
[2026-03-24 16:22:02 +0000] [217] [INFO] Application startup complete.
[2026-03-24 16:22:02 +0000] [218] [INFO] Started server process [218]
[2026-03-24 16:22:02 +0000] [218] [INFO] Waiting for application startup.
[2026-03-24 16:22:02 +0000] [218] [INFO] Application startup complete.
[2026-03-24 16:22:02 +0000] [223] [INFO] Booting worker with pid: 223
[2026-03-24 16:22:02 +0000] [219] [INFO] Started server process [219]
[2026-03-24 16:22:02 +0000] [219] [INFO] Waiting for application startup.
[2026-03-24 16:22:02 +0000] [219] [INFO] Application startup complete.
[2026-03-24 16:22:02 +0000] [224] [INFO] Booting worker with pid: 224
[2026-03-24 16:22:02 +0000] [225] [INFO] Booting worker with pid: 225
[2026-03-24 16:22:02 +0000] [223] [INFO] Started server process [223]
[2026-03-24 16:22:02 +0000] [223] [INFO] Waiting for application startup.
[2026-03-24 16:22:02 +0000] [223] [INFO] Application startup complete.
[2026-03-24 16:22:03 +0000] [224] [INFO] Started server process [224]
[2026-03-24 16:22:03 +0000] [224] [INFO] Waiting for application startup.
[2026-03-24 16:22:03 +0000] [224] [INFO] Application startup complete.
[2026-03-24 16:22:03 +0000] [229] [INFO] Booting worker with pid: 229
[2026-03-24 16:22:03 +0000] [225] [INFO] Started server process [225]
[2026-03-24 16:22:03 +0000] [225] [INFO] Waiting for application startup.
[2026-03-24 16:22:03 +0000] [225] [INFO] Application startup complete.
[2026-03-24 16:22:03 +0000] [230] [INFO] Booting worker with pid: 230
[2026-03-24 16:22:03 +0000] [231] [INFO] Booting worker with pid: 231
[2026-03-24 16:22:03 +0000] [229] [INFO] Started server process [229]
[2026-03-24 16:22:03 +0000] [229] [INFO] Waiting for application startup.
[2026-03-24 16:22:03 +0000] [229] [INFO] Application startup complete.
[2026-03-24 16:22:03 +0000] [235] [INFO] Booting worker with pid: 235
[2026-03-24 16:22:03 +0000] [230] [INFO] Started server process [230]
[2026-03-24 16:22:03 +0000] [230] [INFO] Waiting for application startup.
[2026-03-24 16:22:03 +0000] [230] [INFO] Application startup complete.
[2026-03-24 16:22:03 +0000] [231] [INFO] Started server process [231]
[2026-03-24 16:22:03 +0000] [231] [INFO] Waiting for application startup.
[2026-03-24 16:22:03 +0000] [231] [INFO] Application startup complete.
[2026-03-24 16:22:03 +0000] [236] [INFO] Booting worker with pid: 236
[2026-03-24 16:22:03 +0000] [237] [INFO] Booting worker with pid: 237
[2026-03-24 16:22:03 +0000] [235] [INFO] Started server process [235]
[2026-03-24 16:22:03 +0000] [235] [INFO] Waiting for application startup.
[2026-03-24 16:22:03 +0000] [235] [INFO] Application startup complete.
[2026-03-24 16:22:03 +0000] [236] [INFO] Started server process [236]
[2026-03-24 16:22:03 +0000] [236] [INFO] Waiting for application startup.
[2026-03-24 16:22:03 +0000] [236] [INFO] Application startup complete.
[2026-03-24 16:22:03 +0000] [237] [INFO] Started server process [237]
[2026-03-24 16:22:03 +0000] [237] [INFO] Waiting for application startup.
[2026-03-24 16:22:03 +0000] [237] [INFO] Application startup complete.
[2026-03-24 16:22:03 +0000] [241] [INFO] Booting worker with pid: 241
[2026-03-24 16:22:03 +0000] [241] [INFO] Started server process [241]
[2026-03-24 16:22:03 +0000] [241] [INFO] Waiting for application startup.
[2026-03-24 16:22:03 +0000] [241] [INFO] Application startup complete.
[2026-03-24 16:22:03 +0000] [243] [INFO] Booting worker with pid: 243
[2026-03-24 16:22:03 +0000] [244] [INFO] Booting worker with pid: 244
[2026-03-24 16:22:03 +0000] [243] [INFO] Started server process [243]
[2026-03-24 16:22:03 +0000] [243] [INFO] Waiting for application startup.
[2026-03-24 16:22:03 +0000] [243] [INFO] Application startup complete.
[2026-03-24 16:22:03 +0000] [247] [INFO] Booting worker with pid: 247
[2026-03-24 16:22:03 +0000] [244] [INFO] Started server process [244]
[2026-03-24 16:22:03 +0000] [244] [INFO] Waiting for application startup.
[2026-03-24 16:22:03 +0000] [244] [INFO] Application startup complete.
[2026-03-24 16:22:03 +0000] [248] [INFO] Booting worker with pid: 248
[2026-03-24 16:22:03 +0000] [249] [INFO] Booting worker with pid: 249
[2026-03-24 16:22:03 +0000] [247] [INFO] Started server process [247]
[2026-03-24 16:22:03 +0000] [247] [INFO] Waiting for application startup.
[2026-03-24 16:22:03 +0000] [247] [INFO] Application startup complete.
[2026-03-24 16:22:03 +0000] [251] [INFO] Booting worker with pid: 251
[2026-03-24 16:22:03 +0000] [248] [INFO] Started server process [248]
[2026-03-24 16:22:03 +0000] [248] [INFO] Waiting for application startup.
[2026-03-24 16:22:03 +0000] [248] [INFO] Application startup complete.
[2026-03-24 16:22:03 +0000] [249] [INFO] Started server process [249]
[2026-03-24 16:22:03 +0000] [249] [INFO] Waiting for application startup.
[2026-03-24 16:22:03 +0000] [249] [INFO] Application startup complete.
[2026-03-24 16:22:03 +0000] [251] [INFO] Started server process [251]
[2026-03-24 16:22:03 +0000] [251] [INFO] Waiting for application startup.
[2026-03-24 16:22:03 +0000] [251] [INFO] Application startup complete.
[2026-03-24 16:22:03 +0000] [255] [INFO] Booting worker with pid: 255
[2026-03-24 16:22:03 +0000] [256] [INFO] Booting worker with pid: 256
[2026-03-24 16:22:03 +0000] [257] [INFO] Booting worker with pid: 257
[2026-03-24 16:22:03 +0000] [255] [INFO] Started server process [255]
[2026-03-24 16:22:03 +0000] [255] [INFO] Waiting for application startup.
[2026-03-24 16:22:03 +0000] [255] [INFO] Application startup complete.
[2026-03-24 16:22:03 +0000] [256] [INFO] Started server process [256]
[2026-03-24 16:22:03 +0000] [256] [INFO] Waiting for application startup.
[2026-03-24 16:22:03 +0000] [256] [INFO] Application startup complete.
[2026-03-24 16:22:03 +0000] [257] [INFO] Started server process [257]
[2026-03-24 16:22:03 +0000] [257] [INFO] Waiting for application startup.
[2026-03-24 16:22:03 +0000] [257] [INFO] Application startup complete.
[2026-03-24 16:22:03 +0000] [261] [INFO] Booting worker with pid: 261
[2026-03-24 16:22:03 +0000] [261] [INFO] Started server process [261]
[2026-03-24 16:22:03 +0000] [261] [INFO] Waiting for application startup.
[2026-03-24 16:22:03 +0000] [261] [INFO] Application startup complete.
[2026-03-24 16:22:03 +0000] [263] [INFO] Booting worker with pid: 263
[2026-03-24 16:22:03 +0000] [263] [INFO] Started server process [263]
[2026-03-24 16:22:03 +0000] [263] [INFO] Waiting for application startup.
[2026-03-24 16:22:03 +0000] [263] [INFO] Application startup complete.
[2026-03-24 16:22:03 +0000] [265] [INFO] Booting worker with pid: 265
[2026-03-24 16:22:03 +0000] [266] [INFO] Booting worker with pid: 266
[2026-03-24 16:22:03 +0000] [265] [INFO] Started server process [265]
[2026-03-24 16:22:03 +0000] [265] [INFO] Waiting for application startup.
[2026-03-24 16:22:03 +0000] [265] [INFO] Application startup complete.
[2026-03-24 16:22:03 +0000] [269] [INFO] Booting worker with pid: 269
[2026-03-24 16:22:03 +0000] [266] [INFO] Started server process [266]
[2026-03-24 16:22:03 +0000] [266] [INFO] Waiting for application startup.
[2026-03-24 16:22:03 +0000] [266] [INFO] Application startup complete.
[2026-03-24 16:22:03 +0000] [270] [INFO] Booting worker with pid: 270
[2026-03-24 16:22:03 +0000] [269] [INFO] Started server process [269]
[2026-03-24 16:22:03 +0000] [269] [INFO] Waiting for application startup.
[2026-03-24 16:22:03 +0000] [269] [INFO] Application startup complete.
[2026-03-24 16:22:04 +0000] [273] [INFO] Booting worker with pid: 273
[2026-03-24 16:22:04 +0000] [270] [INFO] Started server process [270]
[2026-03-24 16:22:04 +0000] [270] [INFO] Waiting for application startup.
[2026-03-24 16:22:04 +0000] [270] [INFO] Application startup complete.
[2026-03-24 16:22:04 +0000] [273] [INFO] Started server process [273]
[2026-03-24 16:22:04 +0000] [273] [INFO] Waiting for application startup.
[2026-03-24 16:22:04 +0000] [273] [INFO] Application startup complete.
[2026-03-24 16:22:04 +0000] [275] [INFO] Booting worker with pid: 275
[2026-03-24 16:22:04 +0000] [275] [INFO] Started server process [275]
[2026-03-24 16:22:04 +0000] [275] [INFO] Waiting for application startup.
[2026-03-24 16:22:04 +0000] [275] [INFO] Application startup complete.
[2026-03-24 16:22:04 +0000] [277] [INFO] Booting worker with pid: 277
[2026-03-24 16:22:04 +0000] [278] [INFO] Booting worker with pid: 278
[2026-03-24 16:22:04 +0000] [279] [INFO] Booting worker with pid: 279
[2026-03-24 16:22:04 +0000] [277] [INFO] Started server process [277]
[2026-03-24 16:22:04 +0000] [277] [INFO] Waiting for application startup.
[2026-03-24 16:22:04 +0000] [277] [INFO] Application startup complete.
[2026-03-24 16:22:04 +0000] [278] [INFO] Started server process [278]
[2026-03-24 16:22:04 +0000] [278] [INFO] Waiting for application startup.
[2026-03-24 16:22:04 +0000] [278] [INFO] Application startup complete.
[2026-03-24 16:22:04 +0000] [279] [INFO] Started server process [279]
[2026-03-24 16:22:04 +0000] [279] [INFO] Waiting for application startup.
[2026-03-24 16:22:04 +0000] [283] [INFO] Booting worker with pid: 283
[2026-03-24 16:22:04 +0000] [279] [INFO] Application startup complete.
[2026-03-24 16:22:04 +0000] [283] [INFO] Started server process [283]
[2026-03-24 16:22:04 +0000] [283] [INFO] Waiting for application startup.
[2026-03-24 16:22:04 +0000] [283] [INFO] Application startup complete.
[2026-03-24 16:22:04 +0000] [285] [INFO] Booting worker with pid: 285
[2026-03-24 16:22:04 +0000] [285] [INFO] Started server process [285]
[2026-03-24 16:22:04 +0000] [285] [INFO] Waiting for application startup.
[2026-03-24 16:22:04 +0000] [285] [INFO] Application startup complete.
[2026-03-24 16:22:04 +0000] [287] [INFO] Booting worker with pid: 287
[2026-03-24 16:22:04 +0000] [287] [INFO] Started server process [287]
[2026-03-24 16:22:04 +0000] [287] [INFO] Waiting for application startup.
[2026-03-24 16:22:04 +0000] [287] [INFO] Application startup complete.
[2026-03-24 16:22:04 +0000] [289] [INFO] Booting worker with pid: 289
[2026-03-24 16:22:04 +0000] [290] [INFO] Booting worker with pid: 290
[2026-03-24 16:22:04 +0000] [289] [INFO] Started server process [289]
[2026-03-24 16:22:04 +0000] [289] [INFO] Waiting for application startup.
[2026-03-24 16:22:04 +0000] [289] [INFO] Application startup complete.
[2026-03-24 16:22:04 +0000] [293] [INFO] Booting worker with pid: 293
[2026-03-24 16:22:04 +0000] [290] [INFO] Started server process [290]
[2026-03-24 16:22:04 +0000] [290] [INFO] Waiting for application startup.
[2026-03-24 16:22:04 +0000] [290] [INFO] Application startup complete.
[2026-03-24 16:22:04 +0000] [293] [INFO] Started server process [293]
[2026-03-24 16:22:04 +0000] [293] [INFO] Waiting for application startup.
[2026-03-24 16:22:04 +0000] [293] [INFO] Application startup complete.
[2026-03-24 16:22:04 +0000] [295] [INFO] Booting worker with pid: 295
[2026-03-24 16:22:04 +0000] [296] [INFO] Booting worker with pid: 296
[2026-03-24 16:22:04 +0000] [295] [INFO] Started server process [295]
[2026-03-24 16:22:04 +0000] [295] [INFO] Waiting for application startup.
[2026-03-24 16:22:04 +0000] [295] [INFO] Application startup complete.
[2026-03-24 16:22:04 +0000] [296] [INFO] Started server process [296]
[2026-03-24 16:22:04 +0000] [296] [INFO] Waiting for application startup.
[2026-03-24 16:22:04 +0000] [296] [INFO] Application startup complete.
[2026-03-24 16:22:04 +0000] [299] [INFO] Booting worker with pid: 299
[2026-03-24 16:22:04 +0000] [300] [INFO] Booting worker with pid: 300
[2026-03-24 16:22:04 +0000] [301] [INFO] Booting worker with pid: 301
[2026-03-24 16:22:04 +0000] [299] [INFO] Started server process [299]
[2026-03-24 16:22:04 +0000] [299] [INFO] Waiting for application startup.
[2026-03-24 16:22:04 +0000] [299] [INFO] Application startup complete.
[2026-03-24 16:22:04 +0000] [303] [INFO] Booting worker with pid: 303
[2026-03-24 16:22:04 +0000] [300] [INFO] Started server process [300]
[2026-03-24 16:22:04 +0000] [300] [INFO] Waiting for application startup.
[2026-03-24 16:22:04 +0000] [300] [INFO] Application startup complete.
[2026-03-24 16:22:04 +0000] [301] [INFO] Started server process [301]
[2026-03-24 16:22:04 +0000] [301] [INFO] Waiting for application startup.
[2026-03-24 16:22:04 +0000] [301] [INFO] Application startup complete.
[2026-03-24 16:22:04 +0000] [303] [INFO] Started server process [303]
[2026-03-24 16:22:04 +0000] [303] [INFO] Waiting for application startup.
[2026-03-24 16:22:04 +0000] [303] [INFO] Application startup complete.
[2026-03-24 16:22:04 +0000] [307] [INFO] Booting worker with pid: 307
[2026-03-24 16:22:05 +0000] [307] [INFO] Started server process [307]
[2026-03-24 16:22:05 +0000] [307] [INFO] Waiting for application startup.
[2026-03-24 16:22:05 +0000] [307] [INFO] Application startup complete.
[2026-03-24 16:22:05 +0000] [309] [INFO] Booting worker with pid: 309
[2026-03-24 16:22:05 +0000] [309] [INFO] Started server process [309]
[2026-03-24 16:22:05 +0000] [309] [INFO] Waiting for application startup.
[2026-03-24 16:22:05 +0000] [309] [INFO] Application startup complete.
[2026-03-24 16:22:05 +0000] [311] [INFO] Booting worker with pid: 311
[2026-03-24 16:22:05 +0000] [312] [INFO] Booting worker with pid: 312
[2026-03-24 16:22:05 +0000] [313] [INFO] Booting worker with pid: 313
[2026-03-24 16:22:05 +0000] [311] [INFO] Started server process [311]
[2026-03-24 16:22:05 +0000] [311] [INFO] Waiting for application startup.
[2026-03-24 16:22:05 +0000] [311] [INFO] Application startup complete.
[2026-03-24 16:22:05 +0000] [312] [INFO] Started server process [312]
[2026-03-24 16:22:05 +0000] [312] [INFO] Waiting for application startup.
[2026-03-24 16:22:05 +0000] [312] [INFO] Application startup complete.
[2026-03-24 16:22:05 +0000] [313] [INFO] Started server process [313]
[2026-03-24 16:22:05 +0000] [313] [INFO] Waiting for application startup.
[2026-03-24 16:22:05 +0000] [313] [INFO] Application startup complete.
[2026-03-24 16:22:05 +0000] [317] [INFO] Booting worker with pid: 317
[2026-03-24 16:22:05 +0000] [317] [INFO] Started server process [317]
[2026-03-24 16:22:05 +0000] [317] [INFO] Waiting for application startup.
[2026-03-24 16:22:05 +0000] [317] [INFO] Application startup complete.
[2026-03-24 16:22:05 +0000] [319] [INFO] Booting worker with pid: 319
[2026-03-24 16:22:05 +0000] [320] [INFO] Booting worker with pid: 320
[2026-03-24 16:22:05 +0000] [319] [INFO] Started server process [319]
[2026-03-24 16:22:05 +0000] [319] [INFO] Waiting for application startup.
[2026-03-24 16:22:05 +0000] [320] [INFO] Started server process [320]
[2026-03-24 16:22:05 +0000] [320] [INFO] Waiting for application startup.
[2026-03-24 16:22:05 +0000] [319] [INFO] Application startup complete.
[2026-03-24 16:22:05 +0000] [320] [INFO] Application startup complete.
[2026-03-24 16:22:05 +0000] [323] [INFO] Booting worker with pid: 323
[2026-03-24 16:22:05 +0000] [324] [INFO] Booting worker with pid: 324
[2026-03-24 16:22:05 +0000] [326] [INFO] Booting worker with pid: 326
[2026-03-24 16:22:05 +0000] [323] [INFO] Started server process [323]
[2026-03-24 16:22:05 +0000] [323] [INFO] Waiting for application startup.
[2026-03-24 16:22:05 +0000] [323] [INFO] Application startup complete.
[2026-03-24 16:22:05 +0000] [324] [INFO] Started server process [324]
[2026-03-24 16:22:05 +0000] [324] [INFO] Waiting for application startup.
[2026-03-24 16:22:05 +0000] [324] [INFO] Application startup complete.
[2026-03-24 16:22:05 +0000] [328] [INFO] Booting worker with pid: 328
[2026-03-24 16:22:05 +0000] [329] [INFO] Booting worker with pid: 329
[2026-03-24 16:22:05 +0000] [330] [INFO] Booting worker with pid: 330
[2026-03-24 16:22:05 +0000] [332] [INFO] Booting worker with pid: 332
[2026-03-24 16:22:05 +0000] [326] [INFO] Started server process [326]
[2026-03-24 16:22:05 +0000] [326] [INFO] Waiting for application startup.
[2026-03-24 16:22:05 +0000] [326] [INFO] Application startup complete.
[2026-03-24 16:22:05 +0000] [336] [INFO] Booting worker with pid: 336
[2026-03-24 16:22:05 +0000] [328] [INFO] Started server process [328]
[2026-03-24 16:22:05 +0000] [328] [INFO] Waiting for application startup.
[2026-03-24 16:22:05 +0000] [328] [INFO] Application startup complete.
[2026-03-24 16:22:05 +0000] [329] [INFO] Started server process [329]
[2026-03-24 16:22:05 +0000] [329] [INFO] Waiting for application startup.
[2026-03-24 16:22:05 +0000] [329] [INFO] Application startup complete.
[2026-03-24 16:22:05 +0000] [330] [INFO] Started server process [330]
[2026-03-24 16:22:05 +0000] [330] [INFO] Waiting for application startup.
[2026-03-24 16:22:05 +0000] [330] [INFO] Application startup complete.
[2026-03-24 16:22:05 +0000] [337] [INFO] Booting worker with pid: 337
[2026-03-24 16:22:05 +0000] [339] [INFO] Booting worker with pid: 339
[2026-03-24 16:22:05 +0000] [340] [INFO] Booting worker with pid: 340
[2026-03-24 16:22:06 +0000] [332] [INFO] Started server process [332]
[2026-03-24 16:22:06 +0000] [332] [INFO] Waiting for application startup.
[2026-03-24 16:22:06 +0000] [332] [INFO] Application startup complete.
[2026-03-24 16:22:06 +0000] [336] [INFO] Started server process [336]
[2026-03-24 16:22:06 +0000] [336] [INFO] Waiting for application startup.
[2026-03-24 16:22:06 +0000] [336] [INFO] Application startup complete.
[2026-03-24 16:22:06 +0000] [343] [INFO] Booting worker with pid: 343
[2026-03-24 16:22:06 +0000] [337] [INFO] Started server process [337]
[2026-03-24 16:22:06 +0000] [337] [INFO] Waiting for application startup.
[2026-03-24 16:22:06 +0000] [337] [INFO] Application startup complete.
[2026-03-24 16:22:06 +0000] [344] [INFO] Booting worker with pid: 344
[2026-03-24 16:22:06 +0000] [340] [INFO] Started server process [340]
[2026-03-24 16:22:06 +0000] [340] [INFO] Waiting for application startup.
[2026-03-24 16:22:06 +0000] [340] [INFO] Application startup complete.
[2026-03-24 16:22:06 +0000] [347] [INFO] Booting worker with pid: 347
[2026-03-24 16:22:06 +0000] [339] [INFO] Started server process [339]
[2026-03-24 16:22:06 +0000] [339] [INFO] Waiting for application startup.
[2026-03-24 16:22:06 +0000] [339] [INFO] Application startup complete.
[2026-03-24 16:22:06 +0000] [348] [INFO] Booting worker with pid: 348
[2026-03-24 16:22:06 +0000] [343] [INFO] Started server process [343]
[2026-03-24 16:22:06 +0000] [343] [INFO] Waiting for application startup.
[2026-03-24 16:22:06 +0000] [343] [INFO] Application startup complete.
[2026-03-24 16:22:06 +0000] [350] [INFO] Booting worker with pid: 350
[2026-03-24 16:22:06 +0000] [344] [INFO] Started server process [344]
[2026-03-24 16:22:06 +0000] [344] [INFO] Waiting for application startup.
[2026-03-24 16:22:06 +0000] [344] [INFO] Application startup complete.
[2026-03-24 16:22:06 +0000] [353] [INFO] Booting worker with pid: 353
[2026-03-24 16:22:06 +0000] [347] [INFO] Started server process [347]
[2026-03-24 16:22:06 +0000] [347] [INFO] Waiting for application startup.
[2026-03-24 16:22:06 +0000] [347] [INFO] Application startup complete.
[2026-03-24 16:22:06 +0000] [348] [INFO] Started server process [348]
[2026-03-24 16:22:06 +0000] [348] [INFO] Waiting for application startup.
[2026-03-24 16:22:06 +0000] [348] [INFO] Application startup complete.
[2026-03-24 16:22:06 +0000] [356] [INFO] Booting worker with pid: 356
[2026-03-24 16:22:06 +0000] [350] [INFO] Started server process [350]
[2026-03-24 16:22:06 +0000] [350] [INFO] Waiting for application startup.
[2026-03-24 16:22:06 +0000] [350] [INFO] Application startup complete.
[2026-03-24 16:22:06 +0000] [357] [INFO] Booting worker with pid: 357
[2026-03-24 16:22:06 +0000] [358] [INFO] Booting worker with pid: 358
[2026-03-24 16:22:06 +0000] [359] [INFO] Booting worker with pid: 359
[2026-03-24 16:22:06 +0000] [360] [INFO] Booting worker with pid: 360
[2026-03-24 16:22:06 +0000] [357] [INFO] Started server process [357]
[2026-03-24 16:22:06 +0000] [357] [INFO] Waiting for application startup.
[2026-03-24 16:22:06 +0000] [357] [INFO] Application startup complete.
[2026-03-24 16:22:06 +0000] [353] [INFO] Started server process [353]
[2026-03-24 16:22:06 +0000] [353] [INFO] Waiting for application startup.
[2026-03-24 16:22:06 +0000] [353] [INFO] Application startup complete.
[2026-03-24 16:22:06 +0000] [363] [INFO] Booting worker with pid: 363
[2026-03-24 16:22:06 +0000] [366] [INFO] Booting worker with pid: 366
[2026-03-24 16:22:06 +0000] [356] [INFO] Started server process [356]
[2026-03-24 16:22:06 +0000] [356] [INFO] Waiting for application startup.
[2026-03-24 16:22:06 +0000] [356] [INFO] Application startup complete.
[2026-03-24 16:22:06 +0000] [360] [INFO] Started server process [360]
[2026-03-24 16:22:06 +0000] [360] [INFO] Waiting for application startup.
[2026-03-24 16:22:06 +0000] [360] [INFO] Application startup complete.
[2026-03-24 16:22:06 +0000] [359] [INFO] Started server process [359]
[2026-03-24 16:22:06 +0000] [359] [INFO] Waiting for application startup.
[2026-03-24 16:22:06 +0000] [359] [INFO] Application startup complete.
[2026-03-24 16:22:07 +0000] [369] [INFO] Booting worker with pid: 369
[2026-03-24 16:22:07 +0000] [358] [INFO] Started server process [358]
[2026-03-24 16:22:07 +0000] [358] [INFO] Waiting for application startup.
[2026-03-24 16:22:07 +0000] [358] [INFO] Application startup complete.
[2026-03-24 16:22:07 +0000] [370] [INFO] Booting worker with pid: 370
[2026-03-24 16:22:07 +0000] [363] [INFO] Started server process [363]
[2026-03-24 16:22:07 +0000] [363] [INFO] Waiting for application startup.
[2026-03-24 16:22:07 +0000] [363] [INFO] Application startup complete.
[2026-03-24 16:22:07 +0000] [372] [INFO] Booting worker with pid: 372
[2026-03-24 16:22:07 +0000] [375] [INFO] Booting worker with pid: 375
[2026-03-24 16:22:07 +0000] [369] [INFO] Started server process [369]
[2026-03-24 16:22:07 +0000] [369] [INFO] Waiting for application startup.
[2026-03-24 16:22:07 +0000] [369] [INFO] Application startup complete.
[2026-03-24 16:22:07 +0000] [376] [INFO] Booting worker with pid: 376
[2026-03-24 16:22:07 +0000] [366] [INFO] Started server process [366]
[2026-03-24 16:22:07 +0000] [366] [INFO] Waiting for application startup.
[2026-03-24 16:22:07 +0000] [366] [INFO] Application startup complete.
[2026-03-24 16:22:07 +0000] [378] [INFO] Booting worker with pid: 378
[2026-03-24 16:22:07 +0000] [370] [INFO] Started server process [370]
[2026-03-24 16:22:07 +0000] [370] [INFO] Waiting for application startup.
[2026-03-24 16:22:07 +0000] [370] [INFO] Application startup complete.
[2026-03-24 16:22:07 +0000] [372] [INFO] Started server process [372]
[2026-03-24 16:22:07 +0000] [372] [INFO] Waiting for application startup.
[2026-03-24 16:22:07 +0000] [372] [INFO] Application startup complete.
[2026-03-24 16:22:07 +0000] [381] [INFO] Booting worker with pid: 381
[2026-03-24 16:22:07 +0000] [382] [INFO] Booting worker with pid: 382
[2026-03-24 16:22:07 +0000] [375] [INFO] Started server process [375]
[2026-03-24 16:22:07 +0000] [375] [INFO] Waiting for application startup.
[2026-03-24 16:22:07 +0000] [375] [INFO] Application startup complete.
[2026-03-24 16:22:07 +0000] [383] [INFO] Booting worker with pid: 383
[2026-03-24 16:22:07 +0000] [385] [INFO] Booting worker with pid: 385
[2026-03-24 16:22:07 +0000] [376] [INFO] Started server process [376]
[2026-03-24 16:22:07 +0000] [376] [INFO] Waiting for application startup.
[2026-03-24 16:22:07 +0000] [376] [INFO] Application startup complete.
[2026-03-24 16:22:07 +0000] [386] [INFO] Booting worker with pid: 386
[2026-03-24 16:22:07 +0000] [387] [INFO] Booting worker with pid: 387
[2026-03-24 16:22:07 +0000] [389] [INFO] Booting worker with pid: 389
[2026-03-24 16:22:07 +0000] [378] [INFO] Started server process [378]
[2026-03-24 16:22:07 +0000] [378] [INFO] Waiting for application startup.
[2026-03-24 16:22:07 +0000] [378] [INFO] Application startup complete.
[2026-03-24 16:22:07 +0000] [386] [INFO] Started server process [386]
[2026-03-24 16:22:07 +0000] [386] [INFO] Waiting for application startup.
[2026-03-24 16:22:07 +0000] [386] [INFO] Application startup complete.
[2026-03-24 16:22:07 +0000] [381] [INFO] Started server process [381]
[2026-03-24 16:22:07 +0000] [381] [INFO] Waiting for application startup.
[2026-03-24 16:22:07 +0000] [381] [INFO] Application startup complete.
[2026-03-24 16:22:07 +0000] [383] [INFO] Started server process [383]
[2026-03-24 16:22:07 +0000] [383] [INFO] Waiting for application startup.
[2026-03-24 16:22:07 +0000] [383] [INFO] Application startup complete.
[2026-03-24 16:22:07 +0000] [394] [INFO] Booting worker with pid: 394
[2026-03-24 16:22:07 +0000] [385] [INFO] Started server process [385]
[2026-03-24 16:22:07 +0000] [385] [INFO] Waiting for application startup.
[2026-03-24 16:22:07 +0000] [385] [INFO] Application startup complete.
[2026-03-24 16:22:07 +0000] [395] [INFO] Booting worker with pid: 395
[2026-03-24 16:22:07 +0000] [382] [INFO] Started server process [382]
[2026-03-24 16:22:07 +0000] [382] [INFO] Waiting for application startup.
[2026-03-24 16:22:07 +0000] [382] [INFO] Application startup complete.
[2026-03-24 16:22:07 +0000] [398] [INFO] Booting worker with pid: 398
[2026-03-24 16:22:08 +0000] [389] [INFO] Started server process [389]
[2026-03-24 16:22:08 +0000] [389] [INFO] Waiting for application startup.
[2026-03-24 16:22:08 +0000] [389] [INFO] Application startup complete.
[2026-03-24 16:22:08 +0000] [387] [INFO] Started server process [387]
[2026-03-24 16:22:08 +0000] [387] [INFO] Waiting for application startup.
[2026-03-24 16:22:08 +0000] [387] [INFO] Application startup complete.
[2026-03-24 16:22:08 +0000] [400] [INFO] Booting worker with pid: 400
[2026-03-24 16:22:08 +0000] [394] [INFO] Started server process [394]
[2026-03-24 16:22:08 +0000] [394] [INFO] Waiting for application startup.
[2026-03-24 16:22:08 +0000] [394] [INFO] Application startup complete.
[2026-03-24 16:22:08 +0000] [402] [INFO] Booting worker with pid: 402
[2026-03-24 16:22:08 +0000] [405] [INFO] Booting worker with pid: 405
[2026-03-24 16:22:08 +0000] [400] [INFO] Started server process [400]
[2026-03-24 16:22:08 +0000] [400] [INFO] Waiting for application startup.
[2026-03-24 16:22:08 +0000] [400] [INFO] Application startup complete.
[2026-03-24 16:22:08 +0000] [395] [INFO] Started server process [395]
[2026-03-24 16:22:08 +0000] [395] [INFO] Waiting for application startup.
[2026-03-24 16:22:08 +0000] [395] [INFO] Application startup complete.
[2026-03-24 16:22:08 +0000] [398] [INFO] Started server process [398]
[2026-03-24 16:22:08 +0000] [398] [INFO] Waiting for application startup.
[2026-03-24 16:22:08 +0000] [398] [INFO] Application startup complete.
[2026-03-24 16:22:08 +0000] [407] [INFO] Booting worker with pid: 407
[2026-03-24 16:22:08 +0000] [408] [INFO] Booting worker with pid: 408
[2026-03-24 16:22:08 +0000] [410] [INFO] Booting worker with pid: 410
[2026-03-24 16:22:08 +0000] [411] [INFO] Booting worker with pid: 411
[2026-03-24 16:22:08 +0000] [402] [INFO] Started server process [402]
[2026-03-24 16:22:08 +0000] [402] [INFO] Waiting for application startup.
[2026-03-24 16:22:08 +0000] [402] [INFO] Application startup complete.
[2026-03-24 16:22:08 +0000] [413] [INFO] Booting worker with pid: 413
[2026-03-24 16:22:08 +0000] [405] [INFO] Started server process [405]
[2026-03-24 16:22:08 +0000] [405] [INFO] Waiting for application startup.
[2026-03-24 16:22:08 +0000] [405] [INFO] Application startup complete.
[2026-03-24 16:22:08 +0000] [414] [INFO] Booting worker with pid: 414
[2026-03-24 16:22:08 +0000] [407] [INFO] Started server process [407]
[2026-03-24 16:22:08 +0000] [407] [INFO] Waiting for application startup.
[2026-03-24 16:22:08 +0000] [407] [INFO] Application startup complete.
[2026-03-24 16:22:08 +0000] [417] [INFO] Booting worker with pid: 417
[2026-03-24 16:22:08 +0000] [408] [INFO] Started server process [408]
[2026-03-24 16:22:08 +0000] [408] [INFO] Waiting for application startup.
[2026-03-24 16:22:08 +0000] [408] [INFO] Application startup complete.
[2026-03-24 16:22:08 +0000] [410] [INFO] Started server process [410]
[2026-03-24 16:22:08 +0000] [410] [INFO] Waiting for application startup.
[2026-03-24 16:22:08 +0000] [410] [INFO] Application startup complete.
[2026-03-24 16:22:08 +0000] [419] [INFO] Booting worker with pid: 419
[2026-03-24 16:22:08 +0000] [413] [INFO] Started server process [413]
[2026-03-24 16:22:08 +0000] [413] [INFO] Waiting for application startup.
[2026-03-24 16:22:08 +0000] [413] [INFO] Application startup complete.
[2026-03-24 16:22:08 +0000] [414] [INFO] Started server process [414]
[2026-03-24 16:22:08 +0000] [414] [INFO] Waiting for application startup.
[2026-03-24 16:22:08 +0000] [414] [INFO] Application startup complete.
[2026-03-24 16:22:08 +0000] [422] [INFO] Booting worker with pid: 422
[2026-03-24 16:22:08 +0000] [423] [INFO] Booting worker with pid: 423
[2026-03-24 16:22:08 +0000] [425] [INFO] Booting worker with pid: 425
[2026-03-24 16:22:09 +0000] [411] [INFO] Started server process [411]
[2026-03-24 16:22:09 +0000] [411] [INFO] Waiting for application startup.
[2026-03-24 16:22:09 +0000] [411] [INFO] Application startup complete.
[2026-03-24 16:22:09 +0000] [426] [INFO] Booting worker with pid: 426
[2026-03-24 16:22:09 +0000] [429] [INFO] Booting worker with pid: 429
[2026-03-24 16:22:09 +0000] [419] [INFO] Started server process [419]
[2026-03-24 16:22:09 +0000] [419] [INFO] Waiting for application startup.
[2026-03-24 16:22:09 +0000] [419] [INFO] Application startup complete.
[2026-03-24 16:22:09 +0000] [422] [INFO] Started server process [422]
[2026-03-24 16:22:09 +0000] [422] [INFO] Waiting for application startup.
[2026-03-24 16:22:09 +0000] [422] [INFO] Application startup complete.
[2026-03-24 16:22:09 +0000] [417] [INFO] Started server process [417]
[2026-03-24 16:22:09 +0000] [417] [INFO] Waiting for application startup.
[2026-03-24 16:22:09 +0000] [417] [INFO] Application startup complete.
[2026-03-24 16:22:09 +0000] [431] [INFO] Booting worker with pid: 431
[2026-03-24 16:22:09 +0000] [433] [INFO] Booting worker with pid: 433
[2026-03-24 16:22:09 +0000] [429] [INFO] Started server process [429]
[2026-03-24 16:22:09 +0000] [429] [INFO] Waiting for application startup.
[2026-03-24 16:22:09 +0000] [429] [INFO] Application startup complete.
[2026-03-24 16:22:09 +0000] [436] [INFO] Booting worker with pid: 436
[2026-03-24 16:22:09 +0000] [437] [INFO] Booting worker with pid: 437
[2026-03-24 16:22:09 +0000] [425] [INFO] Started server process [425]
[2026-03-24 16:22:09 +0000] [425] [INFO] Waiting for application startup.
[2026-03-24 16:22:09 +0000] [425] [INFO] Application startup complete.
[2026-03-24 16:22:09 +0000] [423] [INFO] Started server process [423]
[2026-03-24 16:22:09 +0000] [423] [INFO] Waiting for application startup.
[2026-03-24 16:22:09 +0000] [423] [INFO] Application startup complete.
[2026-03-24 16:22:09 +0000] [441] [INFO] Booting worker with pid: 441
[2026-03-24 16:22:09 +0000] [426] [INFO] Started server process [426]
[2026-03-24 16:22:09 +0000] [426] [INFO] Waiting for application startup.
[2026-03-24 16:22:09 +0000] [426] [INFO] Application startup complete.
[2026-03-24 16:22:09 +0000] [431] [INFO] Started server process [431]
[2026-03-24 16:22:09 +0000] [431] [INFO] Waiting for application startup.
[2026-03-24 16:22:09 +0000] [431] [INFO] Application startup complete.
[2026-03-24 16:22:09 +0000] [442] [INFO] Booting worker with pid: 442
[2026-03-24 16:22:09 +0000] [433] [INFO] Started server process [433]
[2026-03-24 16:22:09 +0000] [433] [INFO] Waiting for application startup.
[2026-03-24 16:22:09 +0000] [433] [INFO] Application startup complete.
[2026-03-24 16:22:09 +0000] [437] [INFO] Started server process [437]
[2026-03-24 16:22:09 +0000] [437] [INFO] Waiting for application startup.
[2026-03-24 16:22:09 +0000] [437] [INFO] Application startup complete.
[2026-03-24 16:22:09 +0000] [444] [INFO] Booting worker with pid: 444
[2026-03-24 16:22:09 +0000] [436] [INFO] Started server process [436]
[2026-03-24 16:22:09 +0000] [436] [INFO] Waiting for application startup.
[2026-03-24 16:22:09 +0000] [436] [INFO] Application startup complete.
[2026-03-24 16:22:09 +0000] [446] [INFO] Booting worker with pid: 446
[2026-03-24 16:22:09 +0000] [441] [INFO] Started server process [441]
[2026-03-24 16:22:09 +0000] [441] [INFO] Waiting for application startup.
[2026-03-24 16:22:09 +0000] [441] [INFO] Application startup complete.
[2026-03-24 16:22:09 +0000] [449] [INFO] Booting worker with pid: 449
[2026-03-24 16:22:09 +0000] [444] [INFO] Started server process [444]
[2026-03-24 16:22:09 +0000] [444] [INFO] Waiting for application startup.
[2026-03-24 16:22:09 +0000] [444] [INFO] Application startup complete.
[2026-03-24 16:22:09 +0000] [442] [INFO] Started server process [442]
[2026-03-24 16:22:09 +0000] [442] [INFO] Waiting for application startup.
[2026-03-24 16:22:09 +0000] [442] [INFO] Application startup complete.
[2026-03-24 16:22:09 +0000] [452] [INFO] Booting worker with pid: 452
[2026-03-24 16:22:09 +0000] [446] [INFO] Started server process [446]
[2026-03-24 16:22:09 +0000] [446] [INFO] Waiting for application startup.
[2026-03-24 16:22:09 +0000] [446] [INFO] Application startup complete.
[2026-03-24 16:22:09 +0000] [453] [INFO] Booting worker with pid: 453
[2026-03-24 16:22:09 +0000] [449] [INFO] Started server process [449]
[2026-03-24 16:22:09 +0000] [449] [INFO] Waiting for application startup.
[2026-03-24 16:22:09 +0000] [449] [INFO] Application startup complete.
[2026-03-24 16:22:10 +0000] [455] [INFO] Booting worker with pid: 455
[2026-03-24 16:22:10 +0000] [456] [INFO] Booting worker with pid: 456
[2026-03-24 16:22:10 +0000] [452] [INFO] Started server process [452]
[2026-03-24 16:22:10 +0000] [452] [INFO] Waiting for application startup.
[2026-03-24 16:22:10 +0000] [452] [INFO] Application startup complete.
[2026-03-24 16:22:10 +0000] [459] [INFO] Booting worker with pid: 459
[2026-03-24 16:22:10 +0000] [453] [INFO] Started server process [453]
[2026-03-24 16:22:10 +0000] [453] [INFO] Waiting for application startup.
[2026-03-24 16:22:10 +0000] [453] [INFO] Application startup complete.
[2026-03-24 16:22:10 +0000] [460] [INFO] Booting worker with pid: 460
[2026-03-24 16:22:10 +0000] [461] [INFO] Booting worker with pid: 461
[2026-03-24 16:22:10 +0000] [464] [INFO] Booting worker with pid: 464
[2026-03-24 16:22:10 +0000] [455] [INFO] Started server process [455]
[2026-03-24 16:22:10 +0000] [455] [INFO] Waiting for application startup.
[2026-03-24 16:22:10 +0000] [455] [INFO] Application startup complete.
[2026-03-24 16:22:10 +0000] [459] [INFO] Started server process [459]
[2026-03-24 16:22:10 +0000] [459] [INFO] Waiting for application startup.
[2026-03-24 16:22:10 +0000] [459] [INFO] Application startup complete.
[2026-03-24 16:22:10 +0000] [466] [INFO] Booting worker with pid: 466
[2026-03-24 16:22:10 +0000] [456] [INFO] Started server process [456]
[2026-03-24 16:22:10 +0000] [456] [INFO] Waiting for application startup.
[2026-03-24 16:22:10 +0000] [456] [INFO] Application startup complete.
[2026-03-24 16:22:10 +0000] [461] [INFO] Started server process [461]
[2026-03-24 16:22:10 +0000] [461] [INFO] Waiting for application startup.
[2026-03-24 16:22:10 +0000] [461] [INFO] Application startup complete.
[2026-03-24 16:22:10 +0000] [460] [INFO] Started server process [460]
[2026-03-24 16:22:10 +0000] [460] [INFO] Waiting for application startup.
[2026-03-24 16:22:10 +0000] [460] [INFO] Application startup complete.
[2026-03-24 16:22:10 +0000] [464] [INFO] Started server process [464]
[2026-03-24 16:22:10 +0000] [464] [INFO] Waiting for application startup.
[2026-03-24 16:22:10 +0000] [464] [INFO] Application startup complete.
[2026-03-24 16:22:10 +0000] [471] [INFO] Booting worker with pid: 471
[2026-03-24 16:22:10 +0000] [466] [INFO] Started server process [466]
[2026-03-24 16:22:10 +0000] [466] [INFO] Waiting for application startup.
[2026-03-24 16:22:10 +0000] [466] [INFO] Application startup complete.
[2026-03-24 16:22:10 +0000] [472] [INFO] Booting worker with pid: 472
[2026-03-24 16:22:10 +0000] [473] [INFO] Booting worker with pid: 473
[2026-03-24 16:22:10 +0000] [471] [INFO] Started server process [471]
[2026-03-24 16:22:10 +0000] [471] [INFO] Waiting for application startup.
[2026-03-24 16:22:10 +0000] [471] [INFO] Application startup complete.
[2026-03-24 16:22:10 +0000] [472] [INFO] Started server process [472]
[2026-03-24 16:22:10 +0000] [472] [INFO] Waiting for application startup.
[2026-03-24 16:22:10 +0000] [472] [INFO] Application startup complete.
[2026-03-24 16:22:10 +0000] [473] [INFO] Started server process [473]
[2026-03-24 16:22:10 +0000] [473] [INFO] Waiting for application startup.
[2026-03-24 16:22:10 +0000] [473] [INFO] Application startup complete.
[2026-03-24 16:22:10 +0000] [477] [INFO] Booting worker with pid: 477
[2026-03-24 16:22:10 +0000] [477] [INFO] Started server process [477]
[2026-03-24 16:22:10 +0000] [477] [INFO] Waiting for application startup.
[2026-03-24 16:22:10 +0000] [477] [INFO] Application startup complete.
[2026-03-24 16:22:10 +0000] [479] [INFO] Booting worker with pid: 479
[2026-03-24 16:22:10 +0000] [481] [INFO] Booting worker with pid: 481
[2026-03-24 16:22:10 +0000] [479] [INFO] Started server process [479]
[2026-03-24 16:22:10 +0000] [479] [INFO] Waiting for application startup.
[2026-03-24 16:22:10 +0000] [479] [INFO] Application startup complete.
[2026-03-24 16:22:10 +0000] [482] [INFO] Booting worker with pid: 482
[2026-03-24 16:22:10 +0000] [481] [INFO] Started server process [481]
[2026-03-24 16:22:10 +0000] [481] [INFO] Waiting for application startup.
[2026-03-24 16:22:10 +0000] [481] [INFO] Application startup complete.
[2026-03-24 16:22:10 +0000] [484] [INFO] Booting worker with pid: 484
[2026-03-24 16:22:10 +0000] [482] [INFO] Started server process [482]
[2026-03-24 16:22:10 +0000] [482] [INFO] Waiting for application startup.
[2026-03-24 16:22:10 +0000] [482] [INFO] Application startup complete.
[2026-03-24 16:22:10 +0000] [486] [INFO] Booting worker with pid: 486
[2026-03-24 16:22:10 +0000] [488] [INFO] Booting worker with pid: 488
[2026-03-24 16:22:10 +0000] [484] [INFO] Started server process [484]
[2026-03-24 16:22:10 +0000] [484] [INFO] Waiting for application startup.
[2026-03-24 16:22:10 +0000] [484] [INFO] Application startup complete.
[2026-03-24 16:22:10 +0000] [489] [INFO] Booting worker with pid: 489
[2026-03-24 16:22:11 +0000] [486] [INFO] Started server process [486]
[2026-03-24 16:22:11 +0000] [486] [INFO] Waiting for application startup.
[2026-03-24 16:22:11 +0000] [486] [INFO] Application startup complete.
[2026-03-24 16:22:11 +0000] [488] [INFO] Started server process [488]
[2026-03-24 16:22:11 +0000] [488] [INFO] Waiting for application startup.
[2026-03-24 16:22:11 +0000] [488] [INFO] Application startup complete.
[2026-03-24 16:22:11 +0000] [493] [INFO] Booting worker with pid: 493
[2026-03-24 16:22:11 +0000] [489] [INFO] Started server process [489]
[2026-03-24 16:22:11 +0000] [489] [INFO] Waiting for application startup.
[2026-03-24 16:22:11 +0000] [489] [INFO] Application startup complete.
[2026-03-24 16:22:11 +0000] [493] [INFO] Started server process [493]
[2026-03-24 16:22:11 +0000] [493] [INFO] Waiting for application startup.
[2026-03-24 16:22:11 +0000] [493] [INFO] Application startup complete.
[2026-03-24 16:22:11 +0000] [495] [INFO] Booting worker with pid: 495
[2026-03-24 16:22:11 +0000] [496] [INFO] Booting worker with pid: 496
[2026-03-24 16:22:11 +0000] [495] [INFO] Started server process [495]
[2026-03-24 16:22:11 +0000] [495] [INFO] Waiting for application startup.
[2026-03-24 16:22:11 +0000] [495] [INFO] Application startup complete.
[2026-03-24 16:22:11 +0000] [499] [INFO] Booting worker with pid: 499
[2026-03-24 16:22:11 +0000] [496] [INFO] Started server process [496]
[2026-03-24 16:22:11 +0000] [496] [INFO] Waiting for application startup.
[2026-03-24 16:22:11 +0000] [496] [INFO] Application startup complete.
[2026-03-24 16:22:11 +0000] [500] [INFO] Booting worker with pid: 500
[2026-03-24 16:22:11 +0000] [499] [INFO] Started server process [499]
[2026-03-24 16:22:11 +0000] [499] [INFO] Waiting for application startup.
[2026-03-24 16:22:11 +0000] [499] [INFO] Application startup complete.
[2026-03-24 16:22:11 +0000] [500] [INFO] Started server process [500]
[2026-03-24 16:22:11 +0000] [500] [INFO] Waiting for application startup.
[2026-03-24 16:22:11 +0000] [500] [INFO] Application startup complete.
[2026-03-24 16:22:11 +0000] [503] [INFO] Booting worker with pid: 503
[2026-03-24 16:22:11 +0000] [505] [INFO] Booting worker with pid: 505
[2026-03-24 16:22:11 +0000] [503] [INFO] Started server process [503]
[2026-03-24 16:22:11 +0000] [503] [INFO] Waiting for application startup.
[2026-03-24 16:22:11 +0000] [503] [INFO] Application startup complete.
[2026-03-24 16:22:11 +0000] [506] [INFO] Booting worker with pid: 506
[2026-03-24 16:22:11 +0000] [505] [INFO] Started server process [505]
[2026-03-24 16:22:11 +0000] [505] [INFO] Waiting for application startup.
[2026-03-24 16:22:11 +0000] [505] [INFO] Application startup complete.
[2026-03-24 16:22:11 +0000] [508] [INFO] Booting worker with pid: 508
[2026-03-24 16:22:11 +0000] [506] [INFO] Started server process [506]
[2026-03-24 16:22:11 +0000] [506] [INFO] Waiting for application startup.
[2026-03-24 16:22:11 +0000] [506] [INFO] Application startup complete.
[2026-03-24 16:22:11 +0000] [511] [INFO] Booting worker with pid: 511
[2026-03-24 16:22:11 +0000] [512] [INFO] Booting worker with pid: 512
[2026-03-24 16:22:11 +0000] [508] [INFO] Started server process [508]
[2026-03-24 16:22:11 +0000] [508] [INFO] Waiting for application startup.
[2026-03-24 16:22:11 +0000] [508] [INFO] Application startup complete.
[2026-03-24 16:22:11 +0000] [511] [INFO] Started server process [511]
[2026-03-24 16:22:11 +0000] [511] [INFO] Waiting for application startup.
[2026-03-24 16:22:11 +0000] [511] [INFO] Application startup complete.
[2026-03-24 16:22:11 +0000] [512] [INFO] Started server process [512]
[2026-03-24 16:22:11 +0000] [512] [INFO] Waiting for application startup.
[2026-03-24 16:22:11 +0000] [512] [INFO] Application startup complete.
[2026-03-24 16:22:11 +0000] [515] [INFO] Booting worker with pid: 515
[2026-03-24 16:22:11 +0000] [515] [INFO] Started server process [515]
[2026-03-24 16:22:11 +0000] [515] [INFO] Waiting for application startup.
[2026-03-24 16:22:11 +0000] [515] [INFO] Application startup complete.
[2026-03-24 16:22:11 +0000] [517] [INFO] Booting worker with pid: 517
[2026-03-24 16:22:11 +0000] [517] [INFO] Started server process [517]
[2026-03-24 16:22:11 +0000] [517] [INFO] Waiting for application startup.
[2026-03-24 16:22:11 +0000] [517] [INFO] Application startup complete.
