[2026-03-16 17:23:59 +0000] [1] [INFO] Starting gunicorn 23.0.0
[2026-03-16 17:23:59 +0000] [1] [INFO] Listening at: http://0.0.0.0:8080 (1)
[2026-03-16 17:23:59 +0000] [1] [INFO] Using worker: uvicorn.workers.UvicornWorker
[2026-03-16 17:23:59 +0000] [7] [INFO] Booting worker with pid: 7
[2026-03-16 17:23:59 +0000] [8] [INFO] Booting worker with pid: 8
[2026-03-16 17:23:59 +0000] [9] [INFO] Booting worker with pid: 9
[2026-03-16 17:23:59 +0000] [10] [INFO] Booting worker with pid: 10
[2026-03-16 17:23:59 +0000] [11] [INFO] Booting worker with pid: 11
[2026-03-16 17:23:59 +0000] [13] [INFO] Booting worker with pid: 13
[2026-03-16 17:24:00 +0000] [14] [INFO] Booting worker with pid: 14
[2026-03-16 17:24:00 +0000] [7] [INFO] Started server process [7]
[2026-03-16 17:24:00 +0000] [7] [INFO] Waiting for application startup.
[2026-03-16 17:24:00 +0000] [7] [INFO] Application startup complete.
[2026-03-16 17:24:00 +0000] [8] [INFO] Started server process [8]
[2026-03-16 17:24:00 +0000] [8] [INFO] Waiting for application startup.
[2026-03-16 17:24:00 +0000] [8] [INFO] Application startup complete.
[2026-03-16 17:24:00 +0000] [16] [INFO] Booting worker with pid: 16
[2026-03-16 17:24:00 +0000] [9] [INFO] Started server process [9]
[2026-03-16 17:24:00 +0000] [9] [INFO] Waiting for application startup.
[2026-03-16 17:24:00 +0000] [9] [INFO] Application startup complete.
[2026-03-16 17:24:00 +0000] [18] [INFO] Booting worker with pid: 18
[2026-03-16 17:24:00 +0000] [10] [INFO] Started server process [10]
[2026-03-16 17:24:00 +0000] [10] [INFO] Waiting for application startup.
[2026-03-16 17:24:00 +0000] [10] [INFO] Application startup complete.
[2026-03-16 17:24:00 +0000] [11] [INFO] Started server process [11]
[2026-03-16 17:24:00 +0000] [11] [INFO] Waiting for application startup.
[2026-03-16 17:24:00 +0000] [11] [INFO] Application startup complete.
[2026-03-16 17:24:00 +0000] [21] [INFO] Booting worker with pid: 21
[2026-03-16 17:24:00 +0000] [13] [INFO] Started server process [13]
[2026-03-16 17:24:00 +0000] [13] [INFO] Waiting for application startup.
[2026-03-16 17:24:00 +0000] [13] [INFO] Application startup complete.
[2026-03-16 17:24:00 +0000] [14] [INFO] Started server process [14]
[2026-03-16 17:24:00 +0000] [14] [INFO] Waiting for application startup.
[2026-03-16 17:24:00 +0000] [14] [INFO] Application startup complete.
[2026-03-16 17:24:00 +0000] [25] [INFO] Booting worker with pid: 25
[2026-03-16 17:24:00 +0000] [16] [INFO] Started server process [16]
[2026-03-16 17:24:00 +0000] [16] [INFO] Waiting for application startup.
[2026-03-16 17:24:00 +0000] [16] [INFO] Application startup complete.
[2026-03-16 17:24:00 +0000] [26] [INFO] Booting worker with pid: 26
[2026-03-16 17:24:00 +0000] [18] [INFO] Started server process [18]
[2026-03-16 17:24:00 +0000] [18] [INFO] Waiting for application startup.
[2026-03-16 17:24:00 +0000] [18] [INFO] Application startup complete.
[2026-03-16 17:24:00 +0000] [28] [INFO] Booting worker with pid: 28
[2026-03-16 17:24:00 +0000] [29] [INFO] Booting worker with pid: 29
[2026-03-16 17:24:00 +0000] [30] [INFO] Booting worker with pid: 30
[2026-03-16 17:24:00 +0000] [21] [INFO] Started server process [21]
[2026-03-16 17:24:00 +0000] [21] [INFO] Waiting for application startup.
[2026-03-16 17:24:00 +0000] [21] [INFO] Application startup complete.
[2026-03-16 17:24:00 +0000] [32] [INFO] Booting worker with pid: 32
[2026-03-16 17:24:00 +0000] [33] [INFO] Booting worker with pid: 33
[2026-03-16 17:24:00 +0000] [25] [INFO] Started server process [25]
[2026-03-16 17:24:00 +0000] [25] [INFO] Waiting for application startup.
[2026-03-16 17:24:00 +0000] [25] [INFO] Application startup complete.
[2026-03-16 17:24:00 +0000] [26] [INFO] Started server process [26]
[2026-03-16 17:24:00 +0000] [26] [INFO] Waiting for application startup.
[2026-03-16 17:24:00 +0000] [26] [INFO] Application startup complete.
[2026-03-16 17:24:00 +0000] [36] [INFO] Booting worker with pid: 36
[2026-03-16 17:24:00 +0000] [37] [INFO] Booting worker with pid: 37
[2026-03-16 17:24:00 +0000] [28] [INFO] Started server process [28]
[2026-03-16 17:24:00 +0000] [28] [INFO] Waiting for application startup.
[2026-03-16 17:24:00 +0000] [28] [INFO] Application startup complete.
[2026-03-16 17:24:00 +0000] [29] [INFO] Started server process [29]
[2026-03-16 17:24:00 +0000] [29] [INFO] Waiting for application startup.
[2026-03-16 17:24:00 +0000] [29] [INFO] Application startup complete.
[2026-03-16 17:24:00 +0000] [30] [INFO] Started server process [30]
[2026-03-16 17:24:00 +0000] [30] [INFO] Waiting for application startup.
[2026-03-16 17:24:00 +0000] [30] [INFO] Application startup complete.
[2026-03-16 17:24:00 +0000] [41] [INFO] Booting worker with pid: 41
[2026-03-16 17:24:00 +0000] [32] [INFO] Started server process [32]
[2026-03-16 17:24:00 +0000] [32] [INFO] Waiting for application startup.
[2026-03-16 17:24:00 +0000] [32] [INFO] Application startup complete.
[2026-03-16 17:24:00 +0000] [43] [INFO] Booting worker with pid: 43
[2026-03-16 17:24:00 +0000] [33] [INFO] Started server process [33]
[2026-03-16 17:24:00 +0000] [33] [INFO] Waiting for application startup.
[2026-03-16 17:24:00 +0000] [33] [INFO] Application startup complete.
[2026-03-16 17:24:00 +0000] [36] [INFO] Started server process [36]
[2026-03-16 17:24:00 +0000] [36] [INFO] Waiting for application startup.
[2026-03-16 17:24:00 +0000] [47] [INFO] Booting worker with pid: 47
[2026-03-16 17:24:00 +0000] [36] [INFO] Application startup complete.
[2026-03-16 17:24:00 +0000] [37] [INFO] Started server process [37]
[2026-03-16 17:24:00 +0000] [37] [INFO] Waiting for application startup.
[2026-03-16 17:24:00 +0000] [37] [INFO] Application startup complete.
[2026-03-16 17:24:00 +0000] [48] [INFO] Booting worker with pid: 48
[2026-03-16 17:24:01 +0000] [41] [INFO] Started server process [41]
[2026-03-16 17:24:01 +0000] [41] [INFO] Waiting for application startup.
[2026-03-16 17:24:01 +0000] [41] [INFO] Application startup complete.
[2026-03-16 17:24:01 +0000] [50] [INFO] Booting worker with pid: 50
[2026-03-16 17:24:01 +0000] [52] [INFO] Booting worker with pid: 52
[2026-03-16 17:24:01 +0000] [43] [INFO] Started server process [43]
[2026-03-16 17:24:01 +0000] [43] [INFO] Waiting for application startup.
[2026-03-16 17:24:01 +0000] [43] [INFO] Application startup complete.
[2026-03-16 17:24:01 +0000] [47] [INFO] Started server process [47]
[2026-03-16 17:24:01 +0000] [47] [INFO] Waiting for application startup.
[2026-03-16 17:24:01 +0000] [47] [INFO] Application startup complete.
[2026-03-16 17:24:01 +0000] [54] [INFO] Booting worker with pid: 54
[2026-03-16 17:24:01 +0000] [56] [INFO] Booting worker with pid: 56
[2026-03-16 17:24:01 +0000] [48] [INFO] Started server process [48]
[2026-03-16 17:24:01 +0000] [48] [INFO] Waiting for application startup.
[2026-03-16 17:24:01 +0000] [48] [INFO] Application startup complete.
[2026-03-16 17:24:01 +0000] [50] [INFO] Started server process [50]
[2026-03-16 17:24:01 +0000] [50] [INFO] Waiting for application startup.
[2026-03-16 17:24:01 +0000] [50] [INFO] Application startup complete.
[2026-03-16 17:24:01 +0000] [58] [INFO] Booting worker with pid: 58
[2026-03-16 17:24:01 +0000] [59] [INFO] Booting worker with pid: 59
[2026-03-16 17:24:01 +0000] [52] [INFO] Started server process [52]
[2026-03-16 17:24:01 +0000] [52] [INFO] Waiting for application startup.
[2026-03-16 17:24:01 +0000] [52] [INFO] Application startup complete.
[2026-03-16 17:24:01 +0000] [61] [INFO] Booting worker with pid: 61
[2026-03-16 17:24:01 +0000] [54] [INFO] Started server process [54]
[2026-03-16 17:24:01 +0000] [54] [INFO] Waiting for application startup.
[2026-03-16 17:24:01 +0000] [54] [INFO] Application startup complete.
[2026-03-16 17:24:01 +0000] [63] [INFO] Booting worker with pid: 63
[2026-03-16 17:24:01 +0000] [65] [INFO] Booting worker with pid: 65
[2026-03-16 17:24:01 +0000] [56] [INFO] Started server process [56]
[2026-03-16 17:24:01 +0000] [56] [INFO] Waiting for application startup.
[2026-03-16 17:24:01 +0000] [56] [INFO] Application startup complete.
[2026-03-16 17:24:01 +0000] [66] [INFO] Booting worker with pid: 66
[2026-03-16 17:24:01 +0000] [67] [INFO] Booting worker with pid: 67
[2026-03-16 17:24:01 +0000] [58] [INFO] Started server process [58]
[2026-03-16 17:24:01 +0000] [58] [INFO] Waiting for application startup.
[2026-03-16 17:24:01 +0000] [58] [INFO] Application startup complete.
[2026-03-16 17:24:01 +0000] [59] [INFO] Started server process [59]
[2026-03-16 17:24:01 +0000] [59] [INFO] Waiting for application startup.
[2026-03-16 17:24:01 +0000] [59] [INFO] Application startup complete.
[2026-03-16 17:24:01 +0000] [61] [INFO] Started server process [61]
[2026-03-16 17:24:01 +0000] [61] [INFO] Waiting for application startup.
[2026-03-16 17:24:01 +0000] [61] [INFO] Application startup complete.
[2026-03-16 17:24:01 +0000] [71] [INFO] Booting worker with pid: 71
[2026-03-16 17:24:01 +0000] [72] [INFO] Booting worker with pid: 72
[2026-03-16 17:24:01 +0000] [63] [INFO] Started server process [63]
[2026-03-16 17:24:01 +0000] [63] [INFO] Waiting for application startup.
[2026-03-16 17:24:01 +0000] [63] [INFO] Application startup complete.
[2026-03-16 17:24:01 +0000] [65] [INFO] Started server process [65]
[2026-03-16 17:24:01 +0000] [65] [INFO] Waiting for application startup.
[2026-03-16 17:24:01 +0000] [65] [INFO] Application startup complete.
[2026-03-16 17:24:01 +0000] [75] [INFO] Booting worker with pid: 75
[2026-03-16 17:24:01 +0000] [66] [INFO] Started server process [66]
[2026-03-16 17:24:01 +0000] [66] [INFO] Waiting for application startup.
[2026-03-16 17:24:01 +0000] [66] [INFO] Application startup complete.
[2026-03-16 17:24:01 +0000] [67] [INFO] Started server process [67]
[2026-03-16 17:24:01 +0000] [67] [INFO] Waiting for application startup.
[2026-03-16 17:24:01 +0000] [67] [INFO] Application startup complete.
[2026-03-16 17:24:01 +0000] [78] [INFO] Booting worker with pid: 78
[2026-03-16 17:24:01 +0000] [71] [INFO] Started server process [71]
[2026-03-16 17:24:01 +0000] [71] [INFO] Waiting for application startup.
[2026-03-16 17:24:01 +0000] [71] [INFO] Application startup complete.
[2026-03-16 17:24:01 +0000] [80] [INFO] Booting worker with pid: 80
[2026-03-16 17:24:01 +0000] [81] [INFO] Booting worker with pid: 81
[2026-03-16 17:24:01 +0000] [72] [INFO] Started server process [72]
[2026-03-16 17:24:01 +0000] [72] [INFO] Waiting for application startup.
[2026-03-16 17:24:01 +0000] [72] [INFO] Application startup complete.
[2026-03-16 17:24:02 +0000] [83] [INFO] Booting worker with pid: 83
[2026-03-16 17:24:02 +0000] [75] [INFO] Started server process [75]
[2026-03-16 17:24:02 +0000] [75] [INFO] Waiting for application startup.
[2026-03-16 17:24:02 +0000] [75] [INFO] Application startup complete.
[2026-03-16 17:24:02 +0000] [85] [INFO] Booting worker with pid: 85
[2026-03-16 17:24:02 +0000] [86] [INFO] Booting worker with pid: 86
[2026-03-16 17:24:02 +0000] [78] [INFO] Started server process [78]
[2026-03-16 17:24:02 +0000] [78] [INFO] Waiting for application startup.
[2026-03-16 17:24:02 +0000] [78] [INFO] Application startup complete.
[2026-03-16 17:24:02 +0000] [88] [INFO] Booting worker with pid: 88
[2026-03-16 17:24:02 +0000] [80] [INFO] Started server process [80]
[2026-03-16 17:24:02 +0000] [80] [INFO] Waiting for application startup.
[2026-03-16 17:24:02 +0000] [80] [INFO] Application startup complete.
[2026-03-16 17:24:02 +0000] [81] [INFO] Started server process [81]
[2026-03-16 17:24:02 +0000] [81] [INFO] Waiting for application startup.
[2026-03-16 17:24:02 +0000] [81] [INFO] Application startup complete.
[2026-03-16 17:24:02 +0000] [91] [INFO] Booting worker with pid: 91
[2026-03-16 17:24:02 +0000] [93] [INFO] Booting worker with pid: 93
[2026-03-16 17:24:02 +0000] [83] [INFO] Started server process [83]
[2026-03-16 17:24:02 +0000] [83] [INFO] Waiting for application startup.
[2026-03-16 17:24:02 +0000] [83] [INFO] Application startup complete.
[2026-03-16 17:24:02 +0000] [85] [INFO] Started server process [85]
[2026-03-16 17:24:02 +0000] [85] [INFO] Waiting for application startup.
[2026-03-16 17:24:02 +0000] [85] [INFO] Application startup complete.
[2026-03-16 17:24:02 +0000] [86] [INFO] Started server process [86]
[2026-03-16 17:24:02 +0000] [86] [INFO] Waiting for application startup.
[2026-03-16 17:24:02 +0000] [86] [INFO] Application startup complete.
[2026-03-16 17:24:02 +0000] [96] [INFO] Booting worker with pid: 96
[2026-03-16 17:24:02 +0000] [97] [INFO] Booting worker with pid: 97
[2026-03-16 17:24:02 +0000] [88] [INFO] Started server process [88]
[2026-03-16 17:24:02 +0000] [88] [INFO] Waiting for application startup.
[2026-03-16 17:24:02 +0000] [88] [INFO] Application startup complete.
[2026-03-16 17:24:02 +0000] [99] [INFO] Booting worker with pid: 99
[2026-03-16 17:24:02 +0000] [101] [INFO] Booting worker with pid: 101
[2026-03-16 17:24:02 +0000] [91] [INFO] Started server process [91]
[2026-03-16 17:24:02 +0000] [91] [INFO] Waiting for application startup.
[2026-03-16 17:24:02 +0000] [91] [INFO] Application startup complete.
[2026-03-16 17:24:02 +0000] [93] [INFO] Started server process [93]
[2026-03-16 17:24:02 +0000] [93] [INFO] Waiting for application startup.
[2026-03-16 17:24:02 +0000] [93] [INFO] Application startup complete.
[2026-03-16 17:24:02 +0000] [103] [INFO] Booting worker with pid: 103
[2026-03-16 17:24:02 +0000] [96] [INFO] Started server process [96]
[2026-03-16 17:24:02 +0000] [96] [INFO] Waiting for application startup.
[2026-03-16 17:24:02 +0000] [96] [INFO] Application startup complete.
[2026-03-16 17:24:02 +0000] [97] [INFO] Started server process [97]
[2026-03-16 17:24:02 +0000] [97] [INFO] Waiting for application startup.
[2026-03-16 17:24:02 +0000] [97] [INFO] Application startup complete.
[2026-03-16 17:24:02 +0000] [106] [INFO] Booting worker with pid: 106
[2026-03-16 17:24:02 +0000] [107] [INFO] Booting worker with pid: 107
[2026-03-16 17:24:02 +0000] [108] [INFO] Booting worker with pid: 108
[2026-03-16 17:24:02 +0000] [109] [INFO] Booting worker with pid: 109
[2026-03-16 17:24:02 +0000] [99] [INFO] Started server process [99]
[2026-03-16 17:24:02 +0000] [99] [INFO] Waiting for application startup.
[2026-03-16 17:24:02 +0000] [99] [INFO] Application startup complete.
[2026-03-16 17:24:02 +0000] [101] [INFO] Started server process [101]
[2026-03-16 17:24:02 +0000] [101] [INFO] Waiting for application startup.
[2026-03-16 17:24:02 +0000] [101] [INFO] Application startup complete.
[2026-03-16 17:24:02 +0000] [112] [INFO] Booting worker with pid: 112
[2026-03-16 17:24:02 +0000] [114] [INFO] Booting worker with pid: 114
[2026-03-16 17:24:02 +0000] [103] [INFO] Started server process [103]
[2026-03-16 17:24:02 +0000] [103] [INFO] Waiting for application startup.
[2026-03-16 17:24:02 +0000] [103] [INFO] Application startup complete.
[2026-03-16 17:24:02 +0000] [115] [INFO] Booting worker with pid: 115
[2026-03-16 17:24:03 +0000] [116] [INFO] Booting worker with pid: 116
[2026-03-16 17:24:03 +0000] [106] [INFO] Started server process [106]
[2026-03-16 17:24:03 +0000] [106] [INFO] Waiting for application startup.
[2026-03-16 17:24:03 +0000] [106] [INFO] Application startup complete.
[2026-03-16 17:24:03 +0000] [107] [INFO] Started server process [107]
[2026-03-16 17:24:03 +0000] [107] [INFO] Waiting for application startup.
[2026-03-16 17:24:03 +0000] [107] [INFO] Application startup complete.
[2026-03-16 17:24:03 +0000] [108] [INFO] Started server process [108]
[2026-03-16 17:24:03 +0000] [108] [INFO] Waiting for application startup.
[2026-03-16 17:24:03 +0000] [108] [INFO] Application startup complete.
[2026-03-16 17:24:03 +0000] [120] [INFO] Booting worker with pid: 120
[2026-03-16 17:24:03 +0000] [109] [INFO] Started server process [109]
[2026-03-16 17:24:03 +0000] [109] [INFO] Waiting for application startup.
[2026-03-16 17:24:03 +0000] [109] [INFO] Application startup complete.
[2026-03-16 17:24:03 +0000] [122] [INFO] Booting worker with pid: 122
[2026-03-16 17:24:03 +0000] [112] [INFO] Started server process [112]
[2026-03-16 17:24:03 +0000] [112] [INFO] Waiting for application startup.
[2026-03-16 17:24:03 +0000] [112] [INFO] Application startup complete.
[2026-03-16 17:24:03 +0000] [124] [INFO] Booting worker with pid: 124
[2026-03-16 17:24:03 +0000] [114] [INFO] Started server process [114]
[2026-03-16 17:24:03 +0000] [114] [INFO] Waiting for application startup.
[2026-03-16 17:24:03 +0000] [114] [INFO] Application startup complete.
[2026-03-16 17:24:03 +0000] [126] [INFO] Booting worker with pid: 126
[2026-03-16 17:24:03 +0000] [127] [INFO] Booting worker with pid: 127
[2026-03-16 17:24:03 +0000] [115] [INFO] Started server process [115]
[2026-03-16 17:24:03 +0000] [115] [INFO] Waiting for application startup.
[2026-03-16 17:24:03 +0000] [115] [INFO] Application startup complete.
[2026-03-16 17:24:03 +0000] [116] [INFO] Started server process [116]
[2026-03-16 17:24:03 +0000] [116] [INFO] Waiting for application startup.
[2026-03-16 17:24:03 +0000] [116] [INFO] Application startup complete.
[2026-03-16 17:24:03 +0000] [130] [INFO] Booting worker with pid: 130
[2026-03-16 17:24:03 +0000] [120] [INFO] Started server process [120]
[2026-03-16 17:24:03 +0000] [120] [INFO] Waiting for application startup.
[2026-03-16 17:24:03 +0000] [120] [INFO] Application startup complete.
[2026-03-16 17:24:03 +0000] [132] [INFO] Booting worker with pid: 132
[2026-03-16 17:24:03 +0000] [133] [INFO] Booting worker with pid: 133
[2026-03-16 17:24:03 +0000] [122] [INFO] Started server process [122]
[2026-03-16 17:24:03 +0000] [122] [INFO] Waiting for application startup.
[2026-03-16 17:24:03 +0000] [122] [INFO] Application startup complete.
[2026-03-16 17:24:03 +0000] [135] [INFO] Booting worker with pid: 135
[2026-03-16 17:24:03 +0000] [136] [INFO] Booting worker with pid: 136
[2026-03-16 17:24:03 +0000] [124] [INFO] Started server process [124]
[2026-03-16 17:24:03 +0000] [124] [INFO] Waiting for application startup.
[2026-03-16 17:24:03 +0000] [124] [INFO] Application startup complete.
[2026-03-16 17:24:03 +0000] [138] [INFO] Booting worker with pid: 138
[2026-03-16 17:24:03 +0000] [126] [INFO] Started server process [126]
[2026-03-16 17:24:03 +0000] [126] [INFO] Waiting for application startup.
[2026-03-16 17:24:03 +0000] [126] [INFO] Application startup complete.
[2026-03-16 17:24:03 +0000] [140] [INFO] Booting worker with pid: 140
[2026-03-16 17:24:03 +0000] [141] [INFO] Booting worker with pid: 141
[2026-03-16 17:24:03 +0000] [127] [INFO] Started server process [127]
[2026-03-16 17:24:03 +0000] [127] [INFO] Waiting for application startup.
[2026-03-16 17:24:03 +0000] [127] [INFO] Application startup complete.
[2026-03-16 17:24:03 +0000] [143] [INFO] Booting worker with pid: 143
[2026-03-16 17:24:03 +0000] [144] [INFO] Booting worker with pid: 144
[2026-03-16 17:24:03 +0000] [145] [INFO] Booting worker with pid: 145
[2026-03-16 17:24:03 +0000] [147] [INFO] Booting worker with pid: 147
[2026-03-16 17:24:03 +0000] [130] [INFO] Started server process [130]
[2026-03-16 17:24:03 +0000] [130] [INFO] Waiting for application startup.
[2026-03-16 17:24:03 +0000] [130] [INFO] Application startup complete.
[2026-03-16 17:24:03 +0000] [148] [INFO] Booting worker with pid: 148
[2026-03-16 17:24:03 +0000] [132] [INFO] Started server process [132]
[2026-03-16 17:24:03 +0000] [132] [INFO] Waiting for application startup.
[2026-03-16 17:24:03 +0000] [132] [INFO] Application startup complete.
[2026-03-16 17:24:03 +0000] [133] [INFO] Started server process [133]
[2026-03-16 17:24:03 +0000] [133] [INFO] Waiting for application startup.
[2026-03-16 17:24:03 +0000] [133] [INFO] Application startup complete.
[2026-03-16 17:24:03 +0000] [152] [INFO] Booting worker with pid: 152
[2026-03-16 17:24:03 +0000] [153] [INFO] Booting worker with pid: 153
[2026-03-16 17:24:03 +0000] [136] [INFO] Started server process [136]
[2026-03-16 17:24:03 +0000] [136] [INFO] Waiting for application startup.
[2026-03-16 17:24:03 +0000] [136] [INFO] Application startup complete.
[2026-03-16 17:24:03 +0000] [135] [INFO] Started server process [135]
[2026-03-16 17:24:03 +0000] [135] [INFO] Waiting for application startup.
[2026-03-16 17:24:03 +0000] [135] [INFO] Application startup complete.
[2026-03-16 17:24:03 +0000] [155] [INFO] Booting worker with pid: 155
[2026-03-16 17:24:04 +0000] [138] [INFO] Started server process [138]
[2026-03-16 17:24:04 +0000] [138] [INFO] Waiting for application startup.
[2026-03-16 17:24:04 +0000] [138] [INFO] Application startup complete.
[2026-03-16 17:24:04 +0000] [158] [INFO] Booting worker with pid: 158
[2026-03-16 17:24:04 +0000] [140] [INFO] Started server process [140]
[2026-03-16 17:24:04 +0000] [140] [INFO] Waiting for application startup.
[2026-03-16 17:24:04 +0000] [140] [INFO] Application startup complete.
[2026-03-16 17:24:04 +0000] [160] [INFO] Booting worker with pid: 160
[2026-03-16 17:24:04 +0000] [141] [INFO] Started server process [141]
[2026-03-16 17:24:04 +0000] [141] [INFO] Waiting for application startup.
[2026-03-16 17:24:04 +0000] [141] [INFO] Application startup complete.
[2026-03-16 17:24:04 +0000] [143] [INFO] Started server process [143]
[2026-03-16 17:24:04 +0000] [143] [INFO] Waiting for application startup.
[2026-03-16 17:24:04 +0000] [143] [INFO] Application startup complete.
[2026-03-16 17:24:04 +0000] [162] [INFO] Booting worker with pid: 162
[2026-03-16 17:24:04 +0000] [144] [INFO] Started server process [144]
[2026-03-16 17:24:04 +0000] [144] [INFO] Waiting for application startup.
[2026-03-16 17:24:04 +0000] [144] [INFO] Application startup complete.
[2026-03-16 17:24:04 +0000] [145] [INFO] Started server process [145]
[2026-03-16 17:24:04 +0000] [145] [INFO] Waiting for application startup.
[2026-03-16 17:24:04 +0000] [145] [INFO] Application startup complete.
[2026-03-16 17:24:04 +0000] [167] [INFO] Booting worker with pid: 167
[2026-03-16 17:24:04 +0000] [147] [INFO] Started server process [147]
[2026-03-16 17:24:04 +0000] [147] [INFO] Waiting for application startup.
[2026-03-16 17:24:04 +0000] [147] [INFO] Application startup complete.
[2026-03-16 17:24:04 +0000] [148] [INFO] Started server process [148]
[2026-03-16 17:24:04 +0000] [148] [INFO] Waiting for application startup.
[2026-03-16 17:24:04 +0000] [148] [INFO] Application startup complete.
[2026-03-16 17:24:04 +0000] [168] [INFO] Booting worker with pid: 168
[2026-03-16 17:24:04 +0000] [171] [INFO] Booting worker with pid: 171
[2026-03-16 17:24:04 +0000] [152] [INFO] Started server process [152]
[2026-03-16 17:24:04 +0000] [152] [INFO] Waiting for application startup.
[2026-03-16 17:24:04 +0000] [152] [INFO] Application startup complete.
[2026-03-16 17:24:04 +0000] [153] [INFO] Started server process [153]
[2026-03-16 17:24:04 +0000] [153] [INFO] Waiting for application startup.
[2026-03-16 17:24:04 +0000] [153] [INFO] Application startup complete.
[2026-03-16 17:24:04 +0000] [172] [INFO] Booting worker with pid: 172
[2026-03-16 17:24:04 +0000] [155] [INFO] Started server process [155]
[2026-03-16 17:24:04 +0000] [155] [INFO] Waiting for application startup.
[2026-03-16 17:24:04 +0000] [155] [INFO] Application startup complete.
[2026-03-16 17:24:04 +0000] [174] [INFO] Booting worker with pid: 174
[2026-03-16 17:24:04 +0000] [158] [INFO] Started server process [158]
[2026-03-16 17:24:04 +0000] [158] [INFO] Waiting for application startup.
[2026-03-16 17:24:04 +0000] [158] [INFO] Application startup complete.
[2026-03-16 17:24:04 +0000] [177] [INFO] Booting worker with pid: 177
[2026-03-16 17:24:04 +0000] [160] [INFO] Started server process [160]
[2026-03-16 17:24:04 +0000] [160] [INFO] Waiting for application startup.
[2026-03-16 17:24:04 +0000] [160] [INFO] Application startup complete.
[2026-03-16 17:24:04 +0000] [162] [INFO] Started server process [162]
[2026-03-16 17:24:04 +0000] [162] [INFO] Waiting for application startup.
[2026-03-16 17:24:04 +0000] [162] [INFO] Application startup complete.
[2026-03-16 17:24:04 +0000] [179] [INFO] Booting worker with pid: 179
[2026-03-16 17:24:04 +0000] [167] [INFO] Started server process [167]
[2026-03-16 17:24:04 +0000] [167] [INFO] Waiting for application startup.
[2026-03-16 17:24:04 +0000] [167] [INFO] Application startup complete.
[2026-03-16 17:24:04 +0000] [168] [INFO] Started server process [168]
[2026-03-16 17:24:04 +0000] [168] [INFO] Waiting for application startup.
[2026-03-16 17:24:04 +0000] [168] [INFO] Application startup complete.
[2026-03-16 17:24:04 +0000] [182] [INFO] Booting worker with pid: 182
[2026-03-16 17:24:04 +0000] [183] [INFO] Booting worker with pid: 183
[2026-03-16 17:24:04 +0000] [171] [INFO] Started server process [171]
[2026-03-16 17:24:04 +0000] [171] [INFO] Waiting for application startup.
[2026-03-16 17:24:04 +0000] [171] [INFO] Application startup complete.
[2026-03-16 17:24:04 +0000] [172] [INFO] Started server process [172]
[2026-03-16 17:24:04 +0000] [172] [INFO] Waiting for application startup.
[2026-03-16 17:24:04 +0000] [172] [INFO] Application startup complete.
[2026-03-16 17:24:04 +0000] [186] [INFO] Booting worker with pid: 186
[2026-03-16 17:24:04 +0000] [188] [INFO] Booting worker with pid: 188
[2026-03-16 17:24:04 +0000] [174] [INFO] Started server process [174]
[2026-03-16 17:24:04 +0000] [174] [INFO] Waiting for application startup.
[2026-03-16 17:24:04 +0000] [174] [INFO] Application startup complete.
[2026-03-16 17:24:04 +0000] [189] [INFO] Booting worker with pid: 189
[2026-03-16 17:24:04 +0000] [177] [INFO] Started server process [177]
[2026-03-16 17:24:04 +0000] [177] [INFO] Waiting for application startup.
[2026-03-16 17:24:04 +0000] [177] [INFO] Application startup complete.
[2026-03-16 17:24:04 +0000] [191] [INFO] Booting worker with pid: 191
[2026-03-16 17:24:05 +0000] [192] [INFO] Booting worker with pid: 192
[2026-03-16 17:24:05 +0000] [179] [INFO] Started server process [179]
[2026-03-16 17:24:05 +0000] [179] [INFO] Waiting for application startup.
[2026-03-16 17:24:05 +0000] [179] [INFO] Application startup complete.
[2026-03-16 17:24:05 +0000] [194] [INFO] Booting worker with pid: 194
[2026-03-16 17:24:05 +0000] [182] [INFO] Started server process [182]
[2026-03-16 17:24:05 +0000] [182] [INFO] Waiting for application startup.
[2026-03-16 17:24:05 +0000] [182] [INFO] Application startup complete.
[2026-03-16 17:24:05 +0000] [196] [INFO] Booting worker with pid: 196
[2026-03-16 17:24:05 +0000] [183] [INFO] Started server process [183]
[2026-03-16 17:24:05 +0000] [183] [INFO] Waiting for application startup.
[2026-03-16 17:24:05 +0000] [183] [INFO] Application startup complete.
[2026-03-16 17:24:05 +0000] [198] [INFO] Booting worker with pid: 198
[2026-03-16 17:24:05 +0000] [199] [INFO] Booting worker with pid: 199
[2026-03-16 17:24:05 +0000] [201] [INFO] Booting worker with pid: 201
[2026-03-16 17:24:05 +0000] [186] [INFO] Started server process [186]
[2026-03-16 17:24:05 +0000] [186] [INFO] Waiting for application startup.
[2026-03-16 17:24:05 +0000] [186] [INFO] Application startup complete.
[2026-03-16 17:24:05 +0000] [188] [INFO] Started server process [188]
[2026-03-16 17:24:05 +0000] [188] [INFO] Waiting for application startup.
[2026-03-16 17:24:05 +0000] [188] [INFO] Application startup complete.
[2026-03-16 17:24:05 +0000] [189] [INFO] Started server process [189]
[2026-03-16 17:24:05 +0000] [189] [INFO] Waiting for application startup.
[2026-03-16 17:24:05 +0000] [189] [INFO] Application startup complete.
[2026-03-16 17:24:05 +0000] [204] [INFO] Booting worker with pid: 204
[2026-03-16 17:24:05 +0000] [205] [INFO] Booting worker with pid: 205
[2026-03-16 17:24:05 +0000] [191] [INFO] Started server process [191]
[2026-03-16 17:24:05 +0000] [191] [INFO] Waiting for application startup.
[2026-03-16 17:24:05 +0000] [191] [INFO] Application startup complete.
[2026-03-16 17:24:05 +0000] [192] [INFO] Started server process [192]
[2026-03-16 17:24:05 +0000] [192] [INFO] Waiting for application startup.
[2026-03-16 17:24:05 +0000] [192] [INFO] Application startup complete.
[2026-03-16 17:24:05 +0000] [208] [INFO] Booting worker with pid: 208
[2026-03-16 17:24:05 +0000] [209] [INFO] Booting worker with pid: 209
[2026-03-16 17:24:05 +0000] [194] [INFO] Started server process [194]
[2026-03-16 17:24:05 +0000] [194] [INFO] Waiting for application startup.
[2026-03-16 17:24:05 +0000] [194] [INFO] Application startup complete.
[2026-03-16 17:24:05 +0000] [196] [INFO] Started server process [196]
[2026-03-16 17:24:05 +0000] [196] [INFO] Waiting for application startup.
[2026-03-16 17:24:05 +0000] [196] [INFO] Application startup complete.
[2026-03-16 17:24:05 +0000] [212] [INFO] Booting worker with pid: 212
[2026-03-16 17:24:05 +0000] [198] [INFO] Started server process [198]
[2026-03-16 17:24:05 +0000] [198] [INFO] Waiting for application startup.
[2026-03-16 17:24:05 +0000] [198] [INFO] Application startup complete.
[2026-03-16 17:24:05 +0000] [214] [INFO] Booting worker with pid: 214
[2026-03-16 17:24:05 +0000] [201] [INFO] Started server process [201]
[2026-03-16 17:24:05 +0000] [201] [INFO] Waiting for application startup.
[2026-03-16 17:24:05 +0000] [201] [INFO] Application startup complete.
[2026-03-16 17:24:05 +0000] [216] [INFO] Booting worker with pid: 216
[2026-03-16 17:24:05 +0000] [199] [INFO] Started server process [199]
[2026-03-16 17:24:05 +0000] [199] [INFO] Waiting for application startup.
[2026-03-16 17:24:05 +0000] [199] [INFO] Application startup complete.
[2026-03-16 17:24:05 +0000] [219] [INFO] Booting worker with pid: 219
[2026-03-16 17:24:05 +0000] [204] [INFO] Started server process [204]
[2026-03-16 17:24:05 +0000] [204] [INFO] Waiting for application startup.
[2026-03-16 17:24:05 +0000] [204] [INFO] Application startup complete.
[2026-03-16 17:24:05 +0000] [220] [INFO] Booting worker with pid: 220
[2026-03-16 17:24:05 +0000] [205] [INFO] Started server process [205]
[2026-03-16 17:24:05 +0000] [205] [INFO] Waiting for application startup.
[2026-03-16 17:24:05 +0000] [205] [INFO] Application startup complete.
[2026-03-16 17:24:05 +0000] [222] [INFO] Booting worker with pid: 222
[2026-03-16 17:24:05 +0000] [223] [INFO] Booting worker with pid: 223
[2026-03-16 17:24:05 +0000] [208] [INFO] Started server process [208]
[2026-03-16 17:24:05 +0000] [208] [INFO] Waiting for application startup.
[2026-03-16 17:24:05 +0000] [208] [INFO] Application startup complete.
[2026-03-16 17:24:05 +0000] [209] [INFO] Started server process [209]
[2026-03-16 17:24:05 +0000] [209] [INFO] Waiting for application startup.
[2026-03-16 17:24:05 +0000] [209] [INFO] Application startup complete.
[2026-03-16 17:24:06 +0000] [226] [INFO] Booting worker with pid: 226
[2026-03-16 17:24:06 +0000] [212] [INFO] Started server process [212]
[2026-03-16 17:24:06 +0000] [212] [INFO] Waiting for application startup.
[2026-03-16 17:24:06 +0000] [212] [INFO] Application startup complete.
[2026-03-16 17:24:06 +0000] [228] [INFO] Booting worker with pid: 228
[2026-03-16 17:24:06 +0000] [214] [INFO] Started server process [214]
[2026-03-16 17:24:06 +0000] [214] [INFO] Waiting for application startup.
[2026-03-16 17:24:06 +0000] [214] [INFO] Application startup complete.
[2026-03-16 17:24:06 +0000] [230] [INFO] Booting worker with pid: 230
[2026-03-16 17:24:06 +0000] [216] [INFO] Started server process [216]
[2026-03-16 17:24:06 +0000] [216] [INFO] Waiting for application startup.
[2026-03-16 17:24:06 +0000] [216] [INFO] Application startup complete.
[2026-03-16 17:24:06 +0000] [219] [INFO] Started server process [219]
[2026-03-16 17:24:06 +0000] [219] [INFO] Waiting for application startup.
[2026-03-16 17:24:06 +0000] [219] [INFO] Application startup complete.
[2026-03-16 17:24:06 +0000] [220] [INFO] Started server process [220]
[2026-03-16 17:24:06 +0000] [220] [INFO] Waiting for application startup.
[2026-03-16 17:24:06 +0000] [220] [INFO] Application startup complete.
[2026-03-16 17:24:06 +0000] [234] [INFO] Booting worker with pid: 234
[2026-03-16 17:24:06 +0000] [222] [INFO] Started server process [222]
[2026-03-16 17:24:06 +0000] [222] [INFO] Waiting for application startup.
[2026-03-16 17:24:06 +0000] [222] [INFO] Application startup complete.
[2026-03-16 17:24:06 +0000] [223] [INFO] Started server process [223]
[2026-03-16 17:24:06 +0000] [223] [INFO] Waiting for application startup.
[2026-03-16 17:24:06 +0000] [223] [INFO] Application startup complete.
[2026-03-16 17:24:06 +0000] [226] [INFO] Started server process [226]
[2026-03-16 17:24:06 +0000] [226] [INFO] Waiting for application startup.
[2026-03-16 17:24:06 +0000] [226] [INFO] Application startup complete.
[2026-03-16 17:24:06 +0000] [238] [INFO] Booting worker with pid: 238
[2026-03-16 17:24:06 +0000] [228] [INFO] Started server process [228]
[2026-03-16 17:24:06 +0000] [228] [INFO] Waiting for application startup.
[2026-03-16 17:24:06 +0000] [228] [INFO] Application startup complete.
[2026-03-16 17:24:06 +0000] [230] [INFO] Started server process [230]
[2026-03-16 17:24:06 +0000] [230] [INFO] Waiting for application startup.
[2026-03-16 17:24:06 +0000] [230] [INFO] Application startup complete.
[2026-03-16 17:24:06 +0000] [241] [INFO] Booting worker with pid: 241
[2026-03-16 17:24:06 +0000] [243] [INFO] Booting worker with pid: 243
[2026-03-16 17:24:06 +0000] [234] [INFO] Started server process [234]
[2026-03-16 17:24:06 +0000] [234] [INFO] Waiting for application startup.
[2026-03-16 17:24:06 +0000] [234] [INFO] Application startup complete.
[2026-03-16 17:24:06 +0000] [244] [INFO] Booting worker with pid: 244
[2026-03-16 17:24:06 +0000] [245] [INFO] Booting worker with pid: 245
[2026-03-16 17:24:06 +0000] [238] [INFO] Started server process [238]
[2026-03-16 17:24:06 +0000] [238] [INFO] Waiting for application startup.
[2026-03-16 17:24:06 +0000] [238] [INFO] Application startup complete.
[2026-03-16 17:24:06 +0000] [247] [INFO] Booting worker with pid: 247
[2026-03-16 17:24:06 +0000] [241] [INFO] Started server process [241]
[2026-03-16 17:24:06 +0000] [241] [INFO] Waiting for application startup.
[2026-03-16 17:24:06 +0000] [241] [INFO] Application startup complete.
[2026-03-16 17:24:06 +0000] [250] [INFO] Booting worker with pid: 250
[2026-03-16 17:24:06 +0000] [243] [INFO] Started server process [243]
[2026-03-16 17:24:06 +0000] [243] [INFO] Waiting for application startup.
[2026-03-16 17:24:06 +0000] [243] [INFO] Application startup complete.
[2026-03-16 17:24:06 +0000] [252] [INFO] Booting worker with pid: 252
[2026-03-16 17:24:06 +0000] [244] [INFO] Started server process [244]
[2026-03-16 17:24:06 +0000] [244] [INFO] Waiting for application startup.
[2026-03-16 17:24:06 +0000] [244] [INFO] Application startup complete.
[2026-03-16 17:24:06 +0000] [253] [INFO] Booting worker with pid: 253
[2026-03-16 17:24:06 +0000] [245] [INFO] Started server process [245]
[2026-03-16 17:24:06 +0000] [245] [INFO] Waiting for application startup.
[2026-03-16 17:24:06 +0000] [245] [INFO] Application startup complete.
[2026-03-16 17:24:06 +0000] [255] [INFO] Booting worker with pid: 255
[2026-03-16 17:24:06 +0000] [257] [INFO] Booting worker with pid: 257
[2026-03-16 17:24:06 +0000] [247] [INFO] Started server process [247]
[2026-03-16 17:24:06 +0000] [247] [INFO] Waiting for application startup.
[2026-03-16 17:24:06 +0000] [247] [INFO] Application startup complete.
[2026-03-16 17:24:06 +0000] [250] [INFO] Started server process [250]
[2026-03-16 17:24:06 +0000] [250] [INFO] Waiting for application startup.
[2026-03-16 17:24:06 +0000] [250] [INFO] Application startup complete.
[2026-03-16 17:24:06 +0000] [260] [INFO] Booting worker with pid: 260
[2026-03-16 17:24:06 +0000] [252] [INFO] Started server process [252]
[2026-03-16 17:24:06 +0000] [252] [INFO] Waiting for application startup.
[2026-03-16 17:24:06 +0000] [252] [INFO] Application startup complete.
[2026-03-16 17:24:06 +0000] [261] [INFO] Booting worker with pid: 261
[2026-03-16 17:24:07 +0000] [253] [INFO] Started server process [253]
[2026-03-16 17:24:07 +0000] [253] [INFO] Waiting for application startup.
[2026-03-16 17:24:07 +0000] [253] [INFO] Application startup complete.
[2026-03-16 17:24:07 +0000] [263] [INFO] Booting worker with pid: 263
[2026-03-16 17:24:07 +0000] [255] [INFO] Started server process [255]
[2026-03-16 17:24:07 +0000] [255] [INFO] Waiting for application startup.
[2026-03-16 17:24:07 +0000] [255] [INFO] Application startup complete.
[2026-03-16 17:24:07 +0000] [265] [INFO] Booting worker with pid: 265
[2026-03-16 17:24:07 +0000] [257] [INFO] Started server process [257]
[2026-03-16 17:24:07 +0000] [257] [INFO] Waiting for application startup.
[2026-03-16 17:24:07 +0000] [257] [INFO] Application startup complete.
[2026-03-16 17:24:07 +0000] [267] [INFO] Booting worker with pid: 267
[2026-03-16 17:24:07 +0000] [268] [INFO] Booting worker with pid: 268
[2026-03-16 17:24:07 +0000] [260] [INFO] Started server process [260]
[2026-03-16 17:24:07 +0000] [261] [INFO] Started server process [261]
[2026-03-16 17:24:07 +0000] [261] [INFO] Waiting for application startup.
[2026-03-16 17:24:07 +0000] [260] [INFO] Waiting for application startup.
[2026-03-16 17:24:07 +0000] [260] [INFO] Application startup complete.
[2026-03-16 17:24:07 +0000] [261] [INFO] Application startup complete.
[2026-03-16 17:24:07 +0000] [271] [INFO] Booting worker with pid: 271
[2026-03-16 17:24:07 +0000] [263] [INFO] Started server process [263]
[2026-03-16 17:24:07 +0000] [263] [INFO] Waiting for application startup.
[2026-03-16 17:24:07 +0000] [263] [INFO] Application startup complete.
[2026-03-16 17:24:07 +0000] [273] [INFO] Booting worker with pid: 273
[2026-03-16 17:24:07 +0000] [265] [INFO] Started server process [265]
[2026-03-16 17:24:07 +0000] [265] [INFO] Waiting for application startup.
[2026-03-16 17:24:07 +0000] [265] [INFO] Application startup complete.
[2026-03-16 17:24:07 +0000] [267] [INFO] Started server process [267]
[2026-03-16 17:24:07 +0000] [267] [INFO] Waiting for application startup.
[2026-03-16 17:24:07 +0000] [267] [INFO] Application startup complete.
[2026-03-16 17:24:07 +0000] [268] [INFO] Started server process [268]
[2026-03-16 17:24:07 +0000] [268] [INFO] Waiting for application startup.
[2026-03-16 17:24:07 +0000] [268] [INFO] Application startup complete.
[2026-03-16 17:24:07 +0000] [277] [INFO] Booting worker with pid: 277
[2026-03-16 17:24:07 +0000] [278] [INFO] Booting worker with pid: 278
[2026-03-16 17:24:07 +0000] [279] [INFO] Booting worker with pid: 279
[2026-03-16 17:24:07 +0000] [271] [INFO] Started server process [271]
[2026-03-16 17:24:07 +0000] [271] [INFO] Waiting for application startup.
[2026-03-16 17:24:07 +0000] [271] [INFO] Application startup complete.
[2026-03-16 17:24:07 +0000] [281] [INFO] Booting worker with pid: 281
[2026-03-16 17:24:07 +0000] [273] [INFO] Started server process [273]
[2026-03-16 17:24:07 +0000] [273] [INFO] Waiting for application startup.
[2026-03-16 17:24:07 +0000] [273] [INFO] Application startup complete.
[2026-03-16 17:24:07 +0000] [283] [INFO] Booting worker with pid: 283
[2026-03-16 17:24:07 +0000] [277] [INFO] Started server process [277]
[2026-03-16 17:24:07 +0000] [277] [INFO] Waiting for application startup.
[2026-03-16 17:24:07 +0000] [277] [INFO] Application startup complete.
[2026-03-16 17:24:07 +0000] [285] [INFO] Booting worker with pid: 285
[2026-03-16 17:24:07 +0000] [278] [INFO] Started server process [278]
[2026-03-16 17:24:07 +0000] [278] [INFO] Waiting for application startup.
[2026-03-16 17:24:07 +0000] [278] [INFO] Application startup complete.
[2026-03-16 17:24:07 +0000] [279] [INFO] Started server process [279]
[2026-03-16 17:24:07 +0000] [279] [INFO] Waiting for application startup.
[2026-03-16 17:24:07 +0000] [279] [INFO] Application startup complete.
[2026-03-16 17:24:07 +0000] [288] [INFO] Booting worker with pid: 288
[2026-03-16 17:24:07 +0000] [290] [INFO] Booting worker with pid: 290
[2026-03-16 17:24:07 +0000] [281] [INFO] Started server process [281]
[2026-03-16 17:24:07 +0000] [281] [INFO] Waiting for application startup.
[2026-03-16 17:24:07 +0000] [281] [INFO] Application startup complete.
[2026-03-16 17:24:07 +0000] [283] [INFO] Started server process [283]
[2026-03-16 17:24:07 +0000] [283] [INFO] Waiting for application startup.
[2026-03-16 17:24:07 +0000] [283] [INFO] Application startup complete.
[2026-03-16 17:24:07 +0000] [292] [INFO] Booting worker with pid: 292
[2026-03-16 17:24:07 +0000] [293] [INFO] Booting worker with pid: 293
[2026-03-16 17:24:08 +0000] [285] [INFO] Started server process [285]
[2026-03-16 17:24:08 +0000] [285] [INFO] Waiting for application startup.
[2026-03-16 17:24:08 +0000] [285] [INFO] Application startup complete.
[2026-03-16 17:24:08 +0000] [295] [INFO] Booting worker with pid: 295
[2026-03-16 17:24:08 +0000] [288] [INFO] Started server process [288]
[2026-03-16 17:24:08 +0000] [288] [INFO] Waiting for application startup.
[2026-03-16 17:24:08 +0000] [288] [INFO] Application startup complete.
[2026-03-16 17:24:08 +0000] [290] [INFO] Started server process [290]
[2026-03-16 17:24:08 +0000] [290] [INFO] Waiting for application startup.
[2026-03-16 17:24:08 +0000] [290] [INFO] Application startup complete.
[2026-03-16 17:24:08 +0000] [298] [INFO] Booting worker with pid: 298
[2026-03-16 17:24:08 +0000] [299] [INFO] Booting worker with pid: 299
[2026-03-16 17:24:08 +0000] [301] [INFO] Booting worker with pid: 301
[2026-03-16 17:24:08 +0000] [292] [INFO] Started server process [292]
[2026-03-16 17:24:08 +0000] [292] [INFO] Waiting for application startup.
[2026-03-16 17:24:08 +0000] [292] [INFO] Application startup complete.
[2026-03-16 17:24:08 +0000] [302] [INFO] Booting worker with pid: 302
[2026-03-16 17:24:08 +0000] [303] [INFO] Booting worker with pid: 303
[2026-03-16 17:24:08 +0000] [305] [INFO] Booting worker with pid: 305
[2026-03-16 17:24:08 +0000] [293] [INFO] Started server process [293]
[2026-03-16 17:24:08 +0000] [293] [INFO] Waiting for application startup.
[2026-03-16 17:24:08 +0000] [293] [INFO] Application startup complete.
[2026-03-16 17:24:08 +0000] [306] [INFO] Booting worker with pid: 306
[2026-03-16 17:24:08 +0000] [295] [INFO] Started server process [295]
[2026-03-16 17:24:08 +0000] [295] [INFO] Waiting for application startup.
[2026-03-16 17:24:08 +0000] [295] [INFO] Application startup complete.
[2026-03-16 17:24:08 +0000] [308] [INFO] Booting worker with pid: 308
[2026-03-16 17:24:08 +0000] [309] [INFO] Booting worker with pid: 309
[2026-03-16 17:24:08 +0000] [310] [INFO] Booting worker with pid: 310
[2026-03-16 17:24:08 +0000] [311] [INFO] Booting worker with pid: 311
[2026-03-16 17:24:08 +0000] [298] [INFO] Started server process [298]
[2026-03-16 17:24:08 +0000] [298] [INFO] Waiting for application startup.
[2026-03-16 17:24:08 +0000] [298] [INFO] Application startup complete.
[2026-03-16 17:24:08 +0000] [314] [INFO] Booting worker with pid: 314
[2026-03-16 17:24:08 +0000] [299] [INFO] Started server process [299]
[2026-03-16 17:24:08 +0000] [299] [INFO] Waiting for application startup.
[2026-03-16 17:24:08 +0000] [299] [INFO] Application startup complete.
[2026-03-16 17:24:08 +0000] [301] [INFO] Started server process [301]
[2026-03-16 17:24:08 +0000] [301] [INFO] Waiting for application startup.
[2026-03-16 17:24:08 +0000] [301] [INFO] Application startup complete.
[2026-03-16 17:24:08 +0000] [302] [INFO] Started server process [302]
[2026-03-16 17:24:08 +0000] [302] [INFO] Waiting for application startup.
[2026-03-16 17:24:08 +0000] [302] [INFO] Application startup complete.
[2026-03-16 17:24:08 +0000] [317] [INFO] Booting worker with pid: 317
[2026-03-16 17:24:08 +0000] [303] [INFO] Started server process [303]
[2026-03-16 17:24:08 +0000] [303] [INFO] Waiting for application startup.
[2026-03-16 17:24:08 +0000] [303] [INFO] Application startup complete.
[2026-03-16 17:24:08 +0000] [319] [INFO] Booting worker with pid: 319
[2026-03-16 17:24:08 +0000] [305] [INFO] Started server process [305]
[2026-03-16 17:24:08 +0000] [305] [INFO] Waiting for application startup.
[2026-03-16 17:24:08 +0000] [305] [INFO] Application startup complete.
[2026-03-16 17:24:08 +0000] [321] [INFO] Booting worker with pid: 321
[2026-03-16 17:24:08 +0000] [306] [INFO] Started server process [306]
[2026-03-16 17:24:08 +0000] [306] [INFO] Waiting for application startup.
[2026-03-16 17:24:08 +0000] [306] [INFO] Application startup complete.
[2026-03-16 17:24:08 +0000] [323] [INFO] Booting worker with pid: 323
[2026-03-16 17:24:08 +0000] [324] [INFO] Booting worker with pid: 324
[2026-03-16 17:24:09 +0000] [325] [INFO] Booting worker with pid: 325
[2026-03-16 17:24:09 +0000] [326] [INFO] Booting worker with pid: 326
[2026-03-16 17:24:09 +0000] [327] [INFO] Booting worker with pid: 327
[2026-03-16 17:24:09 +0000] [308] [INFO] Started server process [308]
[2026-03-16 17:24:09 +0000] [308] [INFO] Waiting for application startup.
[2026-03-16 17:24:09 +0000] [308] [INFO] Application startup complete.
[2026-03-16 17:24:09 +0000] [329] [INFO] Booting worker with pid: 329
[2026-03-16 17:24:09 +0000] [331] [INFO] Booting worker with pid: 331
[2026-03-16 17:24:09 +0000] [310] [INFO] Started server process [310]
[2026-03-16 17:24:09 +0000] [310] [INFO] Waiting for application startup.
[2026-03-16 17:24:09 +0000] [310] [INFO] Application startup complete.
[2026-03-16 17:24:09 +0000] [309] [INFO] Started server process [309]
[2026-03-16 17:24:09 +0000] [309] [INFO] Waiting for application startup.
[2026-03-16 17:24:09 +0000] [309] [INFO] Application startup complete.
[2026-03-16 17:24:09 +0000] [317] [INFO] Started server process [317]
[2026-03-16 17:24:09 +0000] [317] [INFO] Waiting for application startup.
[2026-03-16 17:24:09 +0000] [317] [INFO] Application startup complete.
[2026-03-16 17:24:09 +0000] [334] [INFO] Booting worker with pid: 334
[2026-03-16 17:24:09 +0000] [314] [INFO] Started server process [314]
[2026-03-16 17:24:09 +0000] [314] [INFO] Waiting for application startup.
[2026-03-16 17:24:09 +0000] [314] [INFO] Application startup complete.
[2026-03-16 17:24:09 +0000] [319] [INFO] Started server process [319]
[2026-03-16 17:24:09 +0000] [319] [INFO] Waiting for application startup.
[2026-03-16 17:24:09 +0000] [319] [INFO] Application startup complete.
[2026-03-16 17:24:09 +0000] [311] [INFO] Started server process [311]
[2026-03-16 17:24:09 +0000] [311] [INFO] Waiting for application startup.
[2026-03-16 17:24:09 +0000] [311] [INFO] Application startup complete.
[2026-03-16 17:24:09 +0000] [338] [INFO] Booting worker with pid: 338
[2026-03-16 17:24:09 +0000] [339] [INFO] Booting worker with pid: 339
[2026-03-16 17:24:09 +0000] [340] [INFO] Booting worker with pid: 340
[2026-03-16 17:24:09 +0000] [341] [INFO] Booting worker with pid: 341
[2026-03-16 17:24:09 +0000] [342] [INFO] Booting worker with pid: 342
[2026-03-16 17:24:09 +0000] [321] [INFO] Started server process [321]
[2026-03-16 17:24:09 +0000] [321] [INFO] Waiting for application startup.
[2026-03-16 17:24:09 +0000] [321] [INFO] Application startup complete.
[2026-03-16 17:24:09 +0000] [326] [INFO] Started server process [326]
[2026-03-16 17:24:09 +0000] [326] [INFO] Waiting for application startup.
[2026-03-16 17:24:09 +0000] [326] [INFO] Application startup complete.
[2026-03-16 17:24:09 +0000] [324] [INFO] Started server process [324]
[2026-03-16 17:24:09 +0000] [324] [INFO] Waiting for application startup.
[2026-03-16 17:24:09 +0000] [324] [INFO] Application startup complete.
[2026-03-16 17:24:09 +0000] [329] [INFO] Started server process [329]
[2026-03-16 17:24:09 +0000] [329] [INFO] Waiting for application startup.
[2026-03-16 17:24:09 +0000] [329] [INFO] Application startup complete.
[2026-03-16 17:24:09 +0000] [347] [INFO] Booting worker with pid: 347
[2026-03-16 17:24:09 +0000] [331] [INFO] Started server process [331]
[2026-03-16 17:24:09 +0000] [331] [INFO] Waiting for application startup.
[2026-03-16 17:24:09 +0000] [331] [INFO] Application startup complete.
[2026-03-16 17:24:09 +0000] [349] [INFO] Booting worker with pid: 349
[2026-03-16 17:24:09 +0000] [351] [INFO] Booting worker with pid: 351
[2026-03-16 17:24:09 +0000] [323] [INFO] Started server process [323]
[2026-03-16 17:24:09 +0000] [323] [INFO] Waiting for application startup.
[2026-03-16 17:24:09 +0000] [323] [INFO] Application startup complete.
[2026-03-16 17:24:09 +0000] [353] [INFO] Booting worker with pid: 353
[2026-03-16 17:24:09 +0000] [325] [INFO] Started server process [325]
[2026-03-16 17:24:09 +0000] [325] [INFO] Waiting for application startup.
[2026-03-16 17:24:09 +0000] [325] [INFO] Application startup complete.
[2026-03-16 17:24:09 +0000] [327] [INFO] Started server process [327]
[2026-03-16 17:24:09 +0000] [327] [INFO] Waiting for application startup.
[2026-03-16 17:24:09 +0000] [327] [INFO] Application startup complete.
[2026-03-16 17:24:09 +0000] [338] [INFO] Started server process [338]
[2026-03-16 17:24:09 +0000] [338] [INFO] Waiting for application startup.
[2026-03-16 17:24:09 +0000] [338] [INFO] Application startup complete.
[2026-03-16 17:24:09 +0000] [334] [INFO] Started server process [334]
[2026-03-16 17:24:09 +0000] [334] [INFO] Waiting for application startup.
[2026-03-16 17:24:09 +0000] [334] [INFO] Application startup complete.
[2026-03-16 17:24:09 +0000] [357] [INFO] Booting worker with pid: 357
[2026-03-16 17:24:10 +0000] [358] [INFO] Booting worker with pid: 358
[2026-03-16 17:24:10 +0000] [359] [INFO] Booting worker with pid: 359
[2026-03-16 17:24:10 +0000] [360] [INFO] Booting worker with pid: 360
[2026-03-16 17:24:10 +0000] [340] [INFO] Started server process [340]
[2026-03-16 17:24:10 +0000] [340] [INFO] Waiting for application startup.
[2026-03-16 17:24:10 +0000] [340] [INFO] Application startup complete.
[2026-03-16 17:24:10 +0000] [362] [INFO] Booting worker with pid: 362
[2026-03-16 17:24:10 +0000] [363] [INFO] Booting worker with pid: 363
[2026-03-16 17:24:10 +0000] [365] [INFO] Booting worker with pid: 365
[2026-03-16 17:24:10 +0000] [339] [INFO] Started server process [339]
[2026-03-16 17:24:10 +0000] [339] [INFO] Waiting for application startup.
[2026-03-16 17:24:10 +0000] [339] [INFO] Application startup complete.
[2026-03-16 17:24:10 +0000] [366] [INFO] Booting worker with pid: 366
[2026-03-16 17:24:10 +0000] [367] [INFO] Booting worker with pid: 367
[2026-03-16 17:24:10 +0000] [368] [INFO] Booting worker with pid: 368
[2026-03-16 17:24:10 +0000] [351] [INFO] Started server process [351]
[2026-03-16 17:24:10 +0000] [351] [INFO] Waiting for application startup.
[2026-03-16 17:24:10 +0000] [351] [INFO] Application startup complete.
[2026-03-16 17:24:10 +0000] [371] [INFO] Booting worker with pid: 371
[2026-03-16 17:24:10 +0000] [353] [INFO] Started server process [353]
[2026-03-16 17:24:10 +0000] [353] [INFO] Waiting for application startup.
[2026-03-16 17:24:10 +0000] [353] [INFO] Application startup complete.
[2026-03-16 17:24:10 +0000] [373] [INFO] Booting worker with pid: 373
[2026-03-16 17:24:10 +0000] [357] [INFO] Started server process [357]
[2026-03-16 17:24:10 +0000] [357] [INFO] Waiting for application startup.
[2026-03-16 17:24:10 +0000] [357] [INFO] Application startup complete.
[2026-03-16 17:24:10 +0000] [375] [INFO] Booting worker with pid: 375
[2026-03-16 17:24:10 +0000] [362] [INFO] Started server process [362]
[2026-03-16 17:24:10 +0000] [362] [INFO] Waiting for application startup.
[2026-03-16 17:24:10 +0000] [362] [INFO] Application startup complete.
[2026-03-16 17:24:10 +0000] [376] [INFO] Booting worker with pid: 376
[2026-03-16 17:24:10 +0000] [347] [INFO] Started server process [347]
[2026-03-16 17:24:10 +0000] [347] [INFO] Waiting for application startup.
[2026-03-16 17:24:10 +0000] [347] [INFO] Application startup complete.
[2026-03-16 17:24:10 +0000] [342] [INFO] Started server process [342]
[2026-03-16 17:24:10 +0000] [342] [INFO] Waiting for application startup.
[2026-03-16 17:24:10 +0000] [342] [INFO] Application startup complete.
[2026-03-16 17:24:10 +0000] [379] [INFO] Booting worker with pid: 379
[2026-03-16 17:24:10 +0000] [381] [INFO] Booting worker with pid: 381
[2026-03-16 17:24:10 +0000] [382] [INFO] Booting worker with pid: 382
[2026-03-16 17:24:10 +0000] [384] [INFO] Booting worker with pid: 384
[2026-03-16 17:24:10 +0000] [349] [INFO] Started server process [349]
[2026-03-16 17:24:10 +0000] [349] [INFO] Waiting for application startup.
[2026-03-16 17:24:10 +0000] [349] [INFO] Application startup complete.
[2026-03-16 17:24:10 +0000] [341] [INFO] Started server process [341]
[2026-03-16 17:24:10 +0000] [341] [INFO] Waiting for application startup.
[2026-03-16 17:24:10 +0000] [341] [INFO] Application startup complete.
[2026-03-16 17:24:10 +0000] [363] [INFO] Started server process [363]
[2026-03-16 17:24:10 +0000] [363] [INFO] Waiting for application startup.
[2026-03-16 17:24:10 +0000] [363] [INFO] Application startup complete.
[2026-03-16 17:24:10 +0000] [358] [INFO] Started server process [358]
[2026-03-16 17:24:10 +0000] [358] [INFO] Waiting for application startup.
[2026-03-16 17:24:10 +0000] [358] [INFO] Application startup complete.
[2026-03-16 17:24:10 +0000] [388] [INFO] Booting worker with pid: 388
[2026-03-16 17:24:10 +0000] [366] [INFO] Started server process [366]
[2026-03-16 17:24:10 +0000] [366] [INFO] Waiting for application startup.
[2026-03-16 17:24:10 +0000] [366] [INFO] Application startup complete.
[2026-03-16 17:24:10 +0000] [389] [INFO] Booting worker with pid: 389
[2026-03-16 17:24:10 +0000] [360] [INFO] Started server process [360]
[2026-03-16 17:24:10 +0000] [360] [INFO] Waiting for application startup.
[2026-03-16 17:24:10 +0000] [360] [INFO] Application startup complete.
[2026-03-16 17:24:10 +0000] [365] [INFO] Started server process [365]
[2026-03-16 17:24:10 +0000] [365] [INFO] Waiting for application startup.
[2026-03-16 17:24:10 +0000] [365] [INFO] Application startup complete.
[2026-03-16 17:24:10 +0000] [392] [INFO] Booting worker with pid: 392
[2026-03-16 17:24:10 +0000] [394] [INFO] Booting worker with pid: 394
[2026-03-16 17:24:10 +0000] [359] [INFO] Started server process [359]
[2026-03-16 17:24:10 +0000] [359] [INFO] Waiting for application startup.
[2026-03-16 17:24:10 +0000] [359] [INFO] Application startup complete.
[2026-03-16 17:24:11 +0000] [395] [INFO] Booting worker with pid: 395
[2026-03-16 17:24:11 +0000] [367] [INFO] Started server process [367]
[2026-03-16 17:24:11 +0000] [367] [INFO] Waiting for application startup.
[2026-03-16 17:24:11 +0000] [367] [INFO] Application startup complete.
[2026-03-16 17:24:11 +0000] [397] [INFO] Booting worker with pid: 397
[2026-03-16 17:24:11 +0000] [368] [INFO] Started server process [368]
[2026-03-16 17:24:11 +0000] [368] [INFO] Waiting for application startup.
[2026-03-16 17:24:11 +0000] [368] [INFO] Application startup complete.
[2026-03-16 17:24:11 +0000] [400] [INFO] Booting worker with pid: 400
[2026-03-16 17:24:11 +0000] [371] [INFO] Started server process [371]
[2026-03-16 17:24:11 +0000] [371] [INFO] Waiting for application startup.
[2026-03-16 17:24:11 +0000] [371] [INFO] Application startup complete.
[2026-03-16 17:24:11 +0000] [373] [INFO] Started server process [373]
[2026-03-16 17:24:11 +0000] [373] [INFO] Waiting for application startup.
[2026-03-16 17:24:11 +0000] [373] [INFO] Application startup complete.
[2026-03-16 17:24:11 +0000] [402] [INFO] Booting worker with pid: 402
[2026-03-16 17:24:11 +0000] [381] [INFO] Started server process [381]
[2026-03-16 17:24:11 +0000] [381] [INFO] Waiting for application startup.
[2026-03-16 17:24:11 +0000] [381] [INFO] Application startup complete.
[2026-03-16 17:24:11 +0000] [404] [INFO] Booting worker with pid: 404
[2026-03-16 17:24:11 +0000] [375] [INFO] Started server process [375]
[2026-03-16 17:24:11 +0000] [375] [INFO] Waiting for application startup.
[2026-03-16 17:24:11 +0000] [375] [INFO] Application startup complete.
[2026-03-16 17:24:11 +0000] [389] [INFO] Started server process [389]
[2026-03-16 17:24:11 +0000] [389] [INFO] Waiting for application startup.
[2026-03-16 17:24:11 +0000] [389] [INFO] Application startup complete.
[2026-03-16 17:24:11 +0000] [376] [INFO] Started server process [376]
[2026-03-16 17:24:11 +0000] [376] [INFO] Waiting for application startup.
[2026-03-16 17:24:11 +0000] [376] [INFO] Application startup complete.
[2026-03-16 17:24:11 +0000] [379] [INFO] Started server process [379]
[2026-03-16 17:24:11 +0000] [379] [INFO] Waiting for application startup.
[2026-03-16 17:24:11 +0000] [379] [INFO] Application startup complete.
[2026-03-16 17:24:11 +0000] [409] [INFO] Booting worker with pid: 409
[2026-03-16 17:24:11 +0000] [394] [INFO] Started server process [394]
[2026-03-16 17:24:11 +0000] [394] [INFO] Waiting for application startup.
[2026-03-16 17:24:11 +0000] [394] [INFO] Application startup complete.
[2026-03-16 17:24:11 +0000] [412] [INFO] Booting worker with pid: 412
[2026-03-16 17:24:11 +0000] [414] [INFO] Booting worker with pid: 414
[2026-03-16 17:24:11 +0000] [388] [INFO] Started server process [388]
[2026-03-16 17:24:11 +0000] [388] [INFO] Waiting for application startup.
[2026-03-16 17:24:11 +0000] [388] [INFO] Application startup complete.
[2026-03-16 17:24:11 +0000] [382] [INFO] Started server process [382]
[2026-03-16 17:24:11 +0000] [382] [INFO] Waiting for application startup.
[2026-03-16 17:24:11 +0000] [382] [INFO] Application startup complete.
[2026-03-16 17:24:11 +0000] [416] [INFO] Booting worker with pid: 416
[2026-03-16 17:24:11 +0000] [392] [INFO] Started server process [392]
[2026-03-16 17:24:11 +0000] [392] [INFO] Waiting for application startup.
[2026-03-16 17:24:11 +0000] [392] [INFO] Application startup complete.
[2026-03-16 17:24:11 +0000] [417] [INFO] Booting worker with pid: 417
[2026-03-16 17:24:11 +0000] [397] [INFO] Started server process [397]
[2026-03-16 17:24:11 +0000] [397] [INFO] Waiting for application startup.
[2026-03-16 17:24:11 +0000] [397] [INFO] Application startup complete.
[2026-03-16 17:24:11 +0000] [419] [INFO] Booting worker with pid: 419
[2026-03-16 17:24:11 +0000] [395] [INFO] Started server process [395]
[2026-03-16 17:24:11 +0000] [395] [INFO] Waiting for application startup.
[2026-03-16 17:24:11 +0000] [395] [INFO] Application startup complete.
[2026-03-16 17:24:11 +0000] [402] [INFO] Started server process [402]
[2026-03-16 17:24:11 +0000] [402] [INFO] Waiting for application startup.
[2026-03-16 17:24:11 +0000] [402] [INFO] Application startup complete.
[2026-03-16 17:24:11 +0000] [422] [INFO] Booting worker with pid: 422
[2026-03-16 17:24:11 +0000] [404] [INFO] Started server process [404]
[2026-03-16 17:24:11 +0000] [404] [INFO] Waiting for application startup.
[2026-03-16 17:24:11 +0000] [404] [INFO] Application startup complete.
[2026-03-16 17:24:11 +0000] [425] [INFO] Booting worker with pid: 425
[2026-03-16 17:24:11 +0000] [400] [INFO] Started server process [400]
[2026-03-16 17:24:11 +0000] [400] [INFO] Waiting for application startup.
[2026-03-16 17:24:11 +0000] [400] [INFO] Application startup complete.
[2026-03-16 17:24:11 +0000] [426] [INFO] Booting worker with pid: 426
[2026-03-16 17:24:12 +0000] [428] [INFO] Booting worker with pid: 428
[2026-03-16 17:24:12 +0000] [384] [INFO] Started server process [384]
[2026-03-16 17:24:12 +0000] [384] [INFO] Waiting for application startup.
[2026-03-16 17:24:12 +0000] [384] [INFO] Application startup complete.
[2026-03-16 17:24:12 +0000] [430] [INFO] Booting worker with pid: 430
[2026-03-16 17:24:12 +0000] [414] [INFO] Started server process [414]
[2026-03-16 17:24:12 +0000] [414] [INFO] Waiting for application startup.
[2026-03-16 17:24:12 +0000] [414] [INFO] Application startup complete.
[2026-03-16 17:24:12 +0000] [431] [INFO] Booting worker with pid: 431
[2026-03-16 17:24:12 +0000] [409] [INFO] Started server process [409]
[2026-03-16 17:24:12 +0000] [409] [INFO] Waiting for application startup.
[2026-03-16 17:24:12 +0000] [409] [INFO] Application startup complete.
[2026-03-16 17:24:12 +0000] [433] [INFO] Booting worker with pid: 433
[2026-03-16 17:24:12 +0000] [434] [INFO] Booting worker with pid: 434
[2026-03-16 17:24:12 +0000] [436] [INFO] Booting worker with pid: 436
[2026-03-16 17:24:12 +0000] [416] [INFO] Started server process [416]
[2026-03-16 17:24:12 +0000] [416] [INFO] Waiting for application startup.
[2026-03-16 17:24:12 +0000] [416] [INFO] Application startup complete.
[2026-03-16 17:24:12 +0000] [437] [INFO] Booting worker with pid: 437
[2026-03-16 17:24:12 +0000] [422] [INFO] Started server process [422]
[2026-03-16 17:24:12 +0000] [422] [INFO] Waiting for application startup.
[2026-03-16 17:24:12 +0000] [422] [INFO] Application startup complete.
[2026-03-16 17:24:12 +0000] [412] [INFO] Started server process [412]
[2026-03-16 17:24:12 +0000] [412] [INFO] Waiting for application startup.
[2026-03-16 17:24:12 +0000] [412] [INFO] Application startup complete.
[2026-03-16 17:24:12 +0000] [419] [INFO] Started server process [419]
[2026-03-16 17:24:12 +0000] [419] [INFO] Waiting for application startup.
[2026-03-16 17:24:12 +0000] [419] [INFO] Application startup complete.
[2026-03-16 17:24:12 +0000] [441] [INFO] Booting worker with pid: 441
[2026-03-16 17:24:12 +0000] [443] [INFO] Booting worker with pid: 443
[2026-03-16 17:24:12 +0000] [417] [INFO] Started server process [417]
[2026-03-16 17:24:12 +0000] [417] [INFO] Waiting for application startup.
[2026-03-16 17:24:12 +0000] [417] [INFO] Application startup complete.
[2026-03-16 17:24:12 +0000] [444] [INFO] Booting worker with pid: 444
[2026-03-16 17:24:12 +0000] [445] [INFO] Booting worker with pid: 445
[2026-03-16 17:24:12 +0000] [446] [INFO] Booting worker with pid: 446
[2026-03-16 17:24:12 +0000] [431] [INFO] Started server process [431]
[2026-03-16 17:24:12 +0000] [431] [INFO] Waiting for application startup.
[2026-03-16 17:24:12 +0000] [431] [INFO] Application startup complete.
[2026-03-16 17:24:12 +0000] [425] [INFO] Started server process [425]
[2026-03-16 17:24:12 +0000] [425] [INFO] Waiting for application startup.
[2026-03-16 17:24:12 +0000] [425] [INFO] Application startup complete.
[2026-03-16 17:24:12 +0000] [426] [INFO] Started server process [426]
[2026-03-16 17:24:12 +0000] [426] [INFO] Waiting for application startup.
[2026-03-16 17:24:12 +0000] [426] [INFO] Application startup complete.
[2026-03-16 17:24:12 +0000] [450] [INFO] Booting worker with pid: 450
[2026-03-16 17:24:12 +0000] [452] [INFO] Booting worker with pid: 452
[2026-03-16 17:24:12 +0000] [434] [INFO] Started server process [434]
[2026-03-16 17:24:12 +0000] [434] [INFO] Waiting for application startup.
[2026-03-16 17:24:12 +0000] [434] [INFO] Application startup complete.
[2026-03-16 17:24:12 +0000] [453] [INFO] Booting worker with pid: 453
[2026-03-16 17:24:12 +0000] [454] [INFO] Booting worker with pid: 454
[2026-03-16 17:24:12 +0000] [458] [INFO] Booting worker with pid: 458
[2026-03-16 17:24:12 +0000] [436] [INFO] Started server process [436]
[2026-03-16 17:24:12 +0000] [436] [INFO] Waiting for application startup.
[2026-03-16 17:24:12 +0000] [436] [INFO] Application startup complete.
[2026-03-16 17:24:12 +0000] [428] [INFO] Started server process [428]
[2026-03-16 17:24:12 +0000] [428] [INFO] Waiting for application startup.
[2026-03-16 17:24:12 +0000] [428] [INFO] Application startup complete.
[2026-03-16 17:24:12 +0000] [430] [INFO] Started server process [430]
[2026-03-16 17:24:12 +0000] [430] [INFO] Waiting for application startup.
[2026-03-16 17:24:12 +0000] [430] [INFO] Application startup complete.
[2026-03-16 17:24:12 +0000] [460] [INFO] Booting worker with pid: 460
[2026-03-16 17:24:12 +0000] [437] [INFO] Started server process [437]
[2026-03-16 17:24:12 +0000] [437] [INFO] Waiting for application startup.
[2026-03-16 17:24:12 +0000] [437] [INFO] Application startup complete.
[2026-03-16 17:24:12 +0000] [461] [INFO] Booting worker with pid: 461
[2026-03-16 17:24:12 +0000] [462] [INFO] Booting worker with pid: 462
[2026-03-16 17:24:12 +0000] [443] [INFO] Started server process [443]
[2026-03-16 17:24:12 +0000] [443] [INFO] Waiting for application startup.
[2026-03-16 17:24:12 +0000] [443] [INFO] Application startup complete.
[2026-03-16 17:24:12 +0000] [464] [INFO] Booting worker with pid: 464
[2026-03-16 17:24:13 +0000] [466] [INFO] Booting worker with pid: 466
[2026-03-16 17:24:13 +0000] [433] [INFO] Started server process [433]
[2026-03-16 17:24:13 +0000] [433] [INFO] Waiting for application startup.
[2026-03-16 17:24:13 +0000] [433] [INFO] Application startup complete.
[2026-03-16 17:24:13 +0000] [467] [INFO] Booting worker with pid: 467
[2026-03-16 17:24:13 +0000] [469] [INFO] Booting worker with pid: 469
[2026-03-16 17:24:13 +0000] [470] [INFO] Booting worker with pid: 470
[2026-03-16 17:24:13 +0000] [450] [INFO] Started server process [450]
[2026-03-16 17:24:13 +0000] [450] [INFO] Waiting for application startup.
[2026-03-16 17:24:13 +0000] [450] [INFO] Application startup complete.
[2026-03-16 17:24:13 +0000] [444] [INFO] Started server process [444]
[2026-03-16 17:24:13 +0000] [444] [INFO] Waiting for application startup.
[2026-03-16 17:24:13 +0000] [444] [INFO] Application startup complete.
[2026-03-16 17:24:13 +0000] [472] [INFO] Booting worker with pid: 472
[2026-03-16 17:24:13 +0000] [473] [INFO] Booting worker with pid: 473
[2026-03-16 17:24:13 +0000] [458] [INFO] Started server process [458]
[2026-03-16 17:24:13 +0000] [458] [INFO] Waiting for application startup.
[2026-03-16 17:24:13 +0000] [458] [INFO] Application startup complete.
[2026-03-16 17:24:13 +0000] [452] [INFO] Started server process [452]
[2026-03-16 17:24:13 +0000] [452] [INFO] Waiting for application startup.
[2026-03-16 17:24:13 +0000] [452] [INFO] Application startup complete.
[2026-03-16 17:24:13 +0000] [441] [INFO] Started server process [441]
[2026-03-16 17:24:13 +0000] [441] [INFO] Waiting for application startup.
[2026-03-16 17:24:13 +0000] [441] [INFO] Application startup complete.
[2026-03-16 17:24:13 +0000] [454] [INFO] Started server process [454]
[2026-03-16 17:24:13 +0000] [454] [INFO] Waiting for application startup.
[2026-03-16 17:24:13 +0000] [454] [INFO] Application startup complete.
[2026-03-16 17:24:13 +0000] [478] [INFO] Booting worker with pid: 478
[2026-03-16 17:24:13 +0000] [445] [INFO] Started server process [445]
[2026-03-16 17:24:13 +0000] [445] [INFO] Waiting for application startup.
[2026-03-16 17:24:13 +0000] [445] [INFO] Application startup complete.
[2026-03-16 17:24:13 +0000] [446] [INFO] Started server process [446]
[2026-03-16 17:24:13 +0000] [446] [INFO] Waiting for application startup.
[2026-03-16 17:24:13 +0000] [446] [INFO] Application startup complete.
[2026-03-16 17:24:13 +0000] [482] [INFO] Booting worker with pid: 482
[2026-03-16 17:24:13 +0000] [453] [INFO] Started server process [453]
[2026-03-16 17:24:13 +0000] [453] [INFO] Waiting for application startup.
[2026-03-16 17:24:13 +0000] [453] [INFO] Application startup complete.
[2026-03-16 17:24:13 +0000] [483] [INFO] Booting worker with pid: 483
[2026-03-16 17:24:13 +0000] [461] [INFO] Started server process [461]
[2026-03-16 17:24:13 +0000] [461] [INFO] Waiting for application startup.
[2026-03-16 17:24:13 +0000] [461] [INFO] Application startup complete.
[2026-03-16 17:24:13 +0000] [485] [INFO] Booting worker with pid: 485
[2026-03-16 17:24:13 +0000] [487] [INFO] Booting worker with pid: 487
[2026-03-16 17:24:13 +0000] [460] [INFO] Started server process [460]
[2026-03-16 17:24:13 +0000] [460] [INFO] Waiting for application startup.
[2026-03-16 17:24:13 +0000] [460] [INFO] Application startup complete.
[2026-03-16 17:24:13 +0000] [462] [INFO] Started server process [462]
[2026-03-16 17:24:13 +0000] [462] [INFO] Waiting for application startup.
[2026-03-16 17:24:13 +0000] [462] [INFO] Application startup complete.
[2026-03-16 17:24:13 +0000] [464] [INFO] Started server process [464]
[2026-03-16 17:24:13 +0000] [464] [INFO] Waiting for application startup.
[2026-03-16 17:24:13 +0000] [464] [INFO] Application startup complete.
[2026-03-16 17:24:13 +0000] [466] [INFO] Started server process [466]
[2026-03-16 17:24:13 +0000] [466] [INFO] Waiting for application startup.
[2026-03-16 17:24:13 +0000] [466] [INFO] Application startup complete.
[2026-03-16 17:24:13 +0000] [491] [INFO] Booting worker with pid: 491
[2026-03-16 17:24:13 +0000] [467] [INFO] Started server process [467]
[2026-03-16 17:24:13 +0000] [467] [INFO] Waiting for application startup.
[2026-03-16 17:24:13 +0000] [467] [INFO] Application startup complete.
[2026-03-16 17:24:13 +0000] [469] [INFO] Started server process [469]
[2026-03-16 17:24:13 +0000] [469] [INFO] Waiting for application startup.
[2026-03-16 17:24:13 +0000] [469] [INFO] Application startup complete.
[2026-03-16 17:24:13 +0000] [470] [INFO] Started server process [470]
[2026-03-16 17:24:13 +0000] [470] [INFO] Waiting for application startup.
[2026-03-16 17:24:13 +0000] [470] [INFO] Application startup complete.
[2026-03-16 17:24:13 +0000] [472] [INFO] Started server process [472]
[2026-03-16 17:24:13 +0000] [472] [INFO] Waiting for application startup.
[2026-03-16 17:24:13 +0000] [472] [INFO] Application startup complete.
[2026-03-16 17:24:13 +0000] [473] [INFO] Started server process [473]
[2026-03-16 17:24:13 +0000] [473] [INFO] Waiting for application startup.
[2026-03-16 17:24:13 +0000] [473] [INFO] Application startup complete.
[2026-03-16 17:24:13 +0000] [497] [INFO] Booting worker with pid: 497
[2026-03-16 17:24:13 +0000] [478] [INFO] Started server process [478]
[2026-03-16 17:24:13 +0000] [478] [INFO] Waiting for application startup.
[2026-03-16 17:24:13 +0000] [478] [INFO] Application startup complete.
[2026-03-16 17:24:13 +0000] [482] [INFO] Started server process [482]
[2026-03-16 17:24:13 +0000] [482] [INFO] Waiting for application startup.
[2026-03-16 17:24:13 +0000] [482] [INFO] Application startup complete.
[2026-03-16 17:24:13 +0000] [483] [INFO] Started server process [483]
[2026-03-16 17:24:13 +0000] [483] [INFO] Waiting for application startup.
[2026-03-16 17:24:13 +0000] [483] [INFO] Application startup complete.
[2026-03-16 17:24:13 +0000] [485] [INFO] Started server process [485]
[2026-03-16 17:24:13 +0000] [485] [INFO] Waiting for application startup.
[2026-03-16 17:24:13 +0000] [485] [INFO] Application startup complete.
[2026-03-16 17:24:13 +0000] [487] [INFO] Started server process [487]
[2026-03-16 17:24:13 +0000] [487] [INFO] Waiting for application startup.
[2026-03-16 17:24:13 +0000] [487] [INFO] Application startup complete.
[2026-03-16 17:24:13 +0000] [503] [INFO] Booting worker with pid: 503
[2026-03-16 17:24:13 +0000] [491] [INFO] Started server process [491]
[2026-03-16 17:24:13 +0000] [491] [INFO] Waiting for application startup.
[2026-03-16 17:24:13 +0000] [491] [INFO] Application startup complete.
[2026-03-16 17:24:13 +0000] [505] [INFO] Booting worker with pid: 505
[2026-03-16 17:24:13 +0000] [506] [INFO] Booting worker with pid: 506
[2026-03-16 17:24:13 +0000] [497] [INFO] Started server process [497]
[2026-03-16 17:24:13 +0000] [497] [INFO] Waiting for application startup.
[2026-03-16 17:24:13 +0000] [497] [INFO] Application startup complete.
[2026-03-16 17:24:13 +0000] [508] [INFO] Booting worker with pid: 508
[2026-03-16 17:24:13 +0000] [503] [INFO] Started server process [503]
[2026-03-16 17:24:13 +0000] [503] [INFO] Waiting for application startup.
[2026-03-16 17:24:13 +0000] [503] [INFO] Application startup complete.
[2026-03-16 17:24:14 +0000] [510] [INFO] Booting worker with pid: 510
[2026-03-16 17:24:14 +0000] [511] [INFO] Booting worker with pid: 511
[2026-03-16 17:24:14 +0000] [505] [INFO] Started server process [505]
[2026-03-16 17:24:14 +0000] [505] [INFO] Waiting for application startup.
[2026-03-16 17:24:14 +0000] [505] [INFO] Application startup complete.
[2026-03-16 17:24:14 +0000] [513] [INFO] Booting worker with pid: 513
[2026-03-16 17:24:14 +0000] [506] [INFO] Started server process [506]
[2026-03-16 17:24:14 +0000] [506] [INFO] Waiting for application startup.
[2026-03-16 17:24:14 +0000] [506] [INFO] Application startup complete.
[2026-03-16 17:24:14 +0000] [508] [INFO] Started server process [508]
[2026-03-16 17:24:14 +0000] [508] [INFO] Waiting for application startup.
[2026-03-16 17:24:14 +0000] [508] [INFO] Application startup complete.
[2026-03-16 17:24:14 +0000] [510] [INFO] Started server process [510]
[2026-03-16 17:24:14 +0000] [510] [INFO] Waiting for application startup.
[2026-03-16 17:24:14 +0000] [510] [INFO] Application startup complete.
[2026-03-16 17:24:14 +0000] [511] [INFO] Started server process [511]
[2026-03-16 17:24:14 +0000] [511] [INFO] Waiting for application startup.
[2026-03-16 17:24:14 +0000] [511] [INFO] Application startup complete.
[2026-03-16 17:24:14 +0000] [513] [INFO] Started server process [513]
[2026-03-16 17:24:14 +0000] [513] [INFO] Waiting for application startup.
[2026-03-16 17:24:14 +0000] [513] [INFO] Application startup complete.
