[2026-03-24 15:28:09 +0000] [1] [INFO] Starting gunicorn 23.0.0
[2026-03-24 15:28:09 +0000] [1] [INFO] Listening at: http://0.0.0.0:8080 (1)
[2026-03-24 15:28:09 +0000] [1] [INFO] Using worker: uvicorn.workers.UvicornWorker
[2026-03-24 15:28:09 +0000] [7] [INFO] Booting worker with pid: 7
[2026-03-24 15:28:09 +0000] [8] [INFO] Booting worker with pid: 8
[2026-03-24 15:28:09 +0000] [9] [INFO] Booting worker with pid: 9
[2026-03-24 15:28:09 +0000] [10] [INFO] Booting worker with pid: 10
[2026-03-24 15:28:09 +0000] [11] [INFO] Booting worker with pid: 11
[2026-03-24 15:28:09 +0000] [13] [INFO] Booting worker with pid: 13
[2026-03-24 15:28:09 +0000] [7] [INFO] Started server process [7]
[2026-03-24 15:28:09 +0000] [7] [INFO] Waiting for application startup.
[2026-03-24 15:28:09 +0000] [8] [INFO] Started server process [8]
[2026-03-24 15:28:09 +0000] [8] [INFO] Waiting for application startup.
[2026-03-24 15:28:09 +0000] [7] [INFO] Application startup complete.
[2026-03-24 15:28:09 +0000] [8] [INFO] Application startup complete.
[2026-03-24 15:28:09 +0000] [16] [INFO] Booting worker with pid: 16
[2026-03-24 15:28:09 +0000] [9] [INFO] Started server process [9]
[2026-03-24 15:28:09 +0000] [9] [INFO] Waiting for application startup.
[2026-03-24 15:28:09 +0000] [9] [INFO] Application startup complete.
[2026-03-24 15:28:09 +0000] [18] [INFO] Booting worker with pid: 18
[2026-03-24 15:28:09 +0000] [10] [INFO] Started server process [10]
[2026-03-24 15:28:09 +0000] [10] [INFO] Waiting for application startup.
[2026-03-24 15:28:09 +0000] [10] [INFO] Application startup complete.
[2026-03-24 15:28:09 +0000] [11] [INFO] Started server process [11]
[2026-03-24 15:28:09 +0000] [11] [INFO] Waiting for application startup.
[2026-03-24 15:28:09 +0000] [11] [INFO] Application startup complete.
[2026-03-24 15:28:09 +0000] [20] [INFO] Booting worker with pid: 20
[2026-03-24 15:28:10 +0000] [21] [INFO] Booting worker with pid: 21
[2026-03-24 15:28:10 +0000] [23] [INFO] Booting worker with pid: 23
[2026-03-24 15:28:10 +0000] [13] [INFO] Started server process [13]
[2026-03-24 15:28:10 +0000] [13] [INFO] Waiting for application startup.
[2026-03-24 15:28:10 +0000] [13] [INFO] Application startup complete.
[2026-03-24 15:28:10 +0000] [16] [INFO] Started server process [16]
[2026-03-24 15:28:10 +0000] [16] [INFO] Waiting for application startup.
[2026-03-24 15:28:10 +0000] [16] [INFO] Application startup complete.
[2026-03-24 15:28:10 +0000] [25] [INFO] Booting worker with pid: 25
[2026-03-24 15:28:10 +0000] [18] [INFO] Started server process [18]
[2026-03-24 15:28:10 +0000] [18] [INFO] Waiting for application startup.
[2026-03-24 15:28:10 +0000] [18] [INFO] Application startup complete.
[2026-03-24 15:28:10 +0000] [27] [INFO] Booting worker with pid: 27
[2026-03-24 15:28:10 +0000] [29] [INFO] Booting worker with pid: 29
[2026-03-24 15:28:10 +0000] [20] [INFO] Started server process [20]
[2026-03-24 15:28:10 +0000] [20] [INFO] Waiting for application startup.
[2026-03-24 15:28:10 +0000] [20] [INFO] Application startup complete.
[2026-03-24 15:28:10 +0000] [21] [INFO] Started server process [21]
[2026-03-24 15:28:10 +0000] [21] [INFO] Waiting for application startup.
[2026-03-24 15:28:10 +0000] [21] [INFO] Application startup complete.
[2026-03-24 15:28:10 +0000] [32] [INFO] Booting worker with pid: 32
[2026-03-24 15:28:10 +0000] [23] [INFO] Started server process [23]
[2026-03-24 15:28:10 +0000] [23] [INFO] Waiting for application startup.
[2026-03-24 15:28:10 +0000] [23] [INFO] Application startup complete.
[2026-03-24 15:28:10 +0000] [25] [INFO] Started server process [25]
[2026-03-24 15:28:10 +0000] [25] [INFO] Waiting for application startup.
[2026-03-24 15:28:10 +0000] [25] [INFO] Application startup complete.
[2026-03-24 15:28:10 +0000] [34] [INFO] Booting worker with pid: 34
[2026-03-24 15:28:10 +0000] [35] [INFO] Booting worker with pid: 35
[2026-03-24 15:28:10 +0000] [27] [INFO] Started server process [27]
[2026-03-24 15:28:10 +0000] [27] [INFO] Waiting for application startup.
[2026-03-24 15:28:10 +0000] [27] [INFO] Application startup complete.
[2026-03-24 15:28:10 +0000] [37] [INFO] Booting worker with pid: 37
[2026-03-24 15:28:10 +0000] [29] [INFO] Started server process [29]
[2026-03-24 15:28:10 +0000] [29] [INFO] Waiting for application startup.
[2026-03-24 15:28:10 +0000] [29] [INFO] Application startup complete.
[2026-03-24 15:28:10 +0000] [32] [INFO] Started server process [32]
[2026-03-24 15:28:10 +0000] [32] [INFO] Waiting for application startup.
[2026-03-24 15:28:10 +0000] [32] [INFO] Application startup complete.
[2026-03-24 15:28:10 +0000] [40] [INFO] Booting worker with pid: 40
[2026-03-24 15:28:10 +0000] [42] [INFO] Booting worker with pid: 42
[2026-03-24 15:28:10 +0000] [34] [INFO] Started server process [34]
[2026-03-24 15:28:10 +0000] [34] [INFO] Waiting for application startup.
[2026-03-24 15:28:10 +0000] [34] [INFO] Application startup complete.
[2026-03-24 15:28:10 +0000] [35] [INFO] Started server process [35]
[2026-03-24 15:28:10 +0000] [35] [INFO] Waiting for application startup.
[2026-03-24 15:28:10 +0000] [35] [INFO] Application startup complete.
[2026-03-24 15:28:10 +0000] [44] [INFO] Booting worker with pid: 44
[2026-03-24 15:28:10 +0000] [37] [INFO] Started server process [37]
[2026-03-24 15:28:10 +0000] [37] [INFO] Waiting for application startup.
[2026-03-24 15:28:10 +0000] [37] [INFO] Application startup complete.
[2026-03-24 15:28:10 +0000] [46] [INFO] Booting worker with pid: 46
[2026-03-24 15:28:10 +0000] [40] [INFO] Started server process [40]
[2026-03-24 15:28:10 +0000] [40] [INFO] Waiting for application startup.
[2026-03-24 15:28:10 +0000] [40] [INFO] Application startup complete.
[2026-03-24 15:28:10 +0000] [48] [INFO] Booting worker with pid: 48
[2026-03-24 15:28:10 +0000] [42] [INFO] Started server process [42]
[2026-03-24 15:28:10 +0000] [42] [INFO] Waiting for application startup.
[2026-03-24 15:28:10 +0000] [42] [INFO] Application startup complete.
[2026-03-24 15:28:10 +0000] [50] [INFO] Booting worker with pid: 50
[2026-03-24 15:28:10 +0000] [44] [INFO] Started server process [44]
[2026-03-24 15:28:10 +0000] [44] [INFO] Waiting for application startup.
[2026-03-24 15:28:10 +0000] [44] [INFO] Application startup complete.
[2026-03-24 15:28:10 +0000] [52] [INFO] Booting worker with pid: 52
[2026-03-24 15:28:11 +0000] [46] [INFO] Started server process [46]
[2026-03-24 15:28:11 +0000] [46] [INFO] Waiting for application startup.
[2026-03-24 15:28:11 +0000] [46] [INFO] Application startup complete.
[2026-03-24 15:28:11 +0000] [54] [INFO] Booting worker with pid: 54
[2026-03-24 15:28:11 +0000] [55] [INFO] Booting worker with pid: 55
[2026-03-24 15:28:11 +0000] [56] [INFO] Booting worker with pid: 56
[2026-03-24 15:28:11 +0000] [48] [INFO] Started server process [48]
[2026-03-24 15:28:11 +0000] [48] [INFO] Waiting for application startup.
[2026-03-24 15:28:11 +0000] [48] [INFO] Application startup complete.
[2026-03-24 15:28:11 +0000] [58] [INFO] Booting worker with pid: 58
[2026-03-24 15:28:11 +0000] [59] [INFO] Booting worker with pid: 59
[2026-03-24 15:28:11 +0000] [50] [INFO] Started server process [50]
[2026-03-24 15:28:11 +0000] [50] [INFO] Waiting for application startup.
[2026-03-24 15:28:11 +0000] [50] [INFO] Application startup complete.
[2026-03-24 15:28:11 +0000] [61] [INFO] Booting worker with pid: 61
[2026-03-24 15:28:11 +0000] [52] [INFO] Started server process [52]
[2026-03-24 15:28:11 +0000] [52] [INFO] Waiting for application startup.
[2026-03-24 15:28:11 +0000] [52] [INFO] Application startup complete.
[2026-03-24 15:28:11 +0000] [63] [INFO] Booting worker with pid: 63
[2026-03-24 15:28:11 +0000] [64] [INFO] Booting worker with pid: 64
[2026-03-24 15:28:11 +0000] [54] [INFO] Started server process [54]
[2026-03-24 15:28:11 +0000] [54] [INFO] Waiting for application startup.
[2026-03-24 15:28:11 +0000] [54] [INFO] Application startup complete.
[2026-03-24 15:28:11 +0000] [55] [INFO] Started server process [55]
[2026-03-24 15:28:11 +0000] [55] [INFO] Waiting for application startup.
[2026-03-24 15:28:11 +0000] [55] [INFO] Application startup complete.
[2026-03-24 15:28:11 +0000] [56] [INFO] Started server process [56]
[2026-03-24 15:28:11 +0000] [56] [INFO] Waiting for application startup.
[2026-03-24 15:28:11 +0000] [56] [INFO] Application startup complete.
[2026-03-24 15:28:11 +0000] [69] [INFO] Booting worker with pid: 69
[2026-03-24 15:28:11 +0000] [58] [INFO] Started server process [58]
[2026-03-24 15:28:11 +0000] [58] [INFO] Waiting for application startup.
[2026-03-24 15:28:11 +0000] [58] [INFO] Application startup complete.
[2026-03-24 15:28:11 +0000] [59] [INFO] Started server process [59]
[2026-03-24 15:28:11 +0000] [59] [INFO] Waiting for application startup.
[2026-03-24 15:28:11 +0000] [59] [INFO] Application startup complete.
[2026-03-24 15:28:11 +0000] [71] [INFO] Booting worker with pid: 71
[2026-03-24 15:28:11 +0000] [61] [INFO] Started server process [61]
[2026-03-24 15:28:11 +0000] [61] [INFO] Waiting for application startup.
[2026-03-24 15:28:11 +0000] [61] [INFO] Application startup complete.
[2026-03-24 15:28:11 +0000] [73] [INFO] Booting worker with pid: 73
[2026-03-24 15:28:11 +0000] [74] [INFO] Booting worker with pid: 74
[2026-03-24 15:28:11 +0000] [75] [INFO] Booting worker with pid: 75
[2026-03-24 15:28:11 +0000] [63] [INFO] Started server process [63]
[2026-03-24 15:28:11 +0000] [63] [INFO] Waiting for application startup.
[2026-03-24 15:28:11 +0000] [63] [INFO] Application startup complete.
[2026-03-24 15:28:11 +0000] [64] [INFO] Started server process [64]
[2026-03-24 15:28:11 +0000] [64] [INFO] Waiting for application startup.
[2026-03-24 15:28:11 +0000] [64] [INFO] Application startup complete.
[2026-03-24 15:28:11 +0000] [78] [INFO] Booting worker with pid: 78
[2026-03-24 15:28:11 +0000] [79] [INFO] Booting worker with pid: 79
[2026-03-24 15:28:11 +0000] [80] [INFO] Booting worker with pid: 80
[2026-03-24 15:28:11 +0000] [81] [INFO] Booting worker with pid: 81
[2026-03-24 15:28:11 +0000] [83] [INFO] Booting worker with pid: 83
[2026-03-24 15:28:11 +0000] [69] [INFO] Started server process [69]
[2026-03-24 15:28:11 +0000] [69] [INFO] Waiting for application startup.
[2026-03-24 15:28:11 +0000] [69] [INFO] Application startup complete.
[2026-03-24 15:28:11 +0000] [71] [INFO] Started server process [71]
[2026-03-24 15:28:11 +0000] [71] [INFO] Waiting for application startup.
[2026-03-24 15:28:11 +0000] [71] [INFO] Application startup complete.
[2026-03-24 15:28:11 +0000] [85] [INFO] Booting worker with pid: 85
[2026-03-24 15:28:11 +0000] [73] [INFO] Started server process [73]
[2026-03-24 15:28:11 +0000] [73] [INFO] Waiting for application startup.
[2026-03-24 15:28:11 +0000] [73] [INFO] Application startup complete.
[2026-03-24 15:28:11 +0000] [74] [INFO] Started server process [74]
[2026-03-24 15:28:11 +0000] [74] [INFO] Waiting for application startup.
[2026-03-24 15:28:11 +0000] [74] [INFO] Application startup complete.
[2026-03-24 15:28:11 +0000] [75] [INFO] Started server process [75]
[2026-03-24 15:28:11 +0000] [75] [INFO] Waiting for application startup.
[2026-03-24 15:28:11 +0000] [75] [INFO] Application startup complete.
[2026-03-24 15:28:11 +0000] [89] [INFO] Booting worker with pid: 89
[2026-03-24 15:28:11 +0000] [78] [INFO] Started server process [78]
[2026-03-24 15:28:11 +0000] [78] [INFO] Waiting for application startup.
[2026-03-24 15:28:11 +0000] [78] [INFO] Application startup complete.
[2026-03-24 15:28:11 +0000] [79] [INFO] Started server process [79]
[2026-03-24 15:28:11 +0000] [79] [INFO] Waiting for application startup.
[2026-03-24 15:28:11 +0000] [79] [INFO] Application startup complete.
[2026-03-24 15:28:11 +0000] [93] [INFO] Booting worker with pid: 93
[2026-03-24 15:28:11 +0000] [80] [INFO] Started server process [80]
[2026-03-24 15:28:11 +0000] [80] [INFO] Waiting for application startup.
[2026-03-24 15:28:11 +0000] [80] [INFO] Application startup complete.
[2026-03-24 15:28:11 +0000] [81] [INFO] Started server process [81]
[2026-03-24 15:28:11 +0000] [81] [INFO] Waiting for application startup.
[2026-03-24 15:28:11 +0000] [81] [INFO] Application startup complete.
[2026-03-24 15:28:11 +0000] [95] [INFO] Booting worker with pid: 95
[2026-03-24 15:28:11 +0000] [83] [INFO] Started server process [83]
[2026-03-24 15:28:11 +0000] [83] [INFO] Waiting for application startup.
[2026-03-24 15:28:11 +0000] [83] [INFO] Application startup complete.
[2026-03-24 15:28:12 +0000] [97] [INFO] Booting worker with pid: 97
[2026-03-24 15:28:12 +0000] [85] [INFO] Started server process [85]
[2026-03-24 15:28:12 +0000] [85] [INFO] Waiting for application startup.
[2026-03-24 15:28:12 +0000] [85] [INFO] Application startup complete.
[2026-03-24 15:28:12 +0000] [99] [INFO] Booting worker with pid: 99
[2026-03-24 15:28:12 +0000] [100] [INFO] Booting worker with pid: 100
[2026-03-24 15:28:12 +0000] [89] [INFO] Started server process [89]
[2026-03-24 15:28:12 +0000] [89] [INFO] Waiting for application startup.
[2026-03-24 15:28:12 +0000] [89] [INFO] Application startup complete.
[2026-03-24 15:28:12 +0000] [103] [INFO] Booting worker with pid: 103
[2026-03-24 15:28:12 +0000] [93] [INFO] Started server process [93]
[2026-03-24 15:28:12 +0000] [93] [INFO] Waiting for application startup.
[2026-03-24 15:28:12 +0000] [93] [INFO] Application startup complete.
[2026-03-24 15:28:12 +0000] [95] [INFO] Started server process [95]
[2026-03-24 15:28:12 +0000] [95] [INFO] Waiting for application startup.
[2026-03-24 15:28:12 +0000] [95] [INFO] Application startup complete.
[2026-03-24 15:28:12 +0000] [105] [INFO] Booting worker with pid: 105
[2026-03-24 15:28:12 +0000] [97] [INFO] Started server process [97]
[2026-03-24 15:28:12 +0000] [97] [INFO] Waiting for application startup.
[2026-03-24 15:28:12 +0000] [97] [INFO] Application startup complete.
[2026-03-24 15:28:12 +0000] [107] [INFO] Booting worker with pid: 107
[2026-03-24 15:28:12 +0000] [108] [INFO] Booting worker with pid: 108
[2026-03-24 15:28:12 +0000] [99] [INFO] Started server process [99]
[2026-03-24 15:28:12 +0000] [99] [INFO] Waiting for application startup.
[2026-03-24 15:28:12 +0000] [99] [INFO] Application startup complete.
[2026-03-24 15:28:12 +0000] [100] [INFO] Started server process [100]
[2026-03-24 15:28:12 +0000] [100] [INFO] Waiting for application startup.
[2026-03-24 15:28:12 +0000] [100] [INFO] Application startup complete.
[2026-03-24 15:28:12 +0000] [111] [INFO] Booting worker with pid: 111
[2026-03-24 15:28:12 +0000] [112] [INFO] Booting worker with pid: 112
[2026-03-24 15:28:12 +0000] [113] [INFO] Booting worker with pid: 113
[2026-03-24 15:28:12 +0000] [115] [INFO] Booting worker with pid: 115
[2026-03-24 15:28:12 +0000] [103] [INFO] Started server process [103]
[2026-03-24 15:28:12 +0000] [103] [INFO] Waiting for application startup.
[2026-03-24 15:28:12 +0000] [103] [INFO] Application startup complete.
[2026-03-24 15:28:12 +0000] [105] [INFO] Started server process [105]
[2026-03-24 15:28:12 +0000] [105] [INFO] Waiting for application startup.
[2026-03-24 15:28:12 +0000] [105] [INFO] Application startup complete.
[2026-03-24 15:28:12 +0000] [117] [INFO] Booting worker with pid: 117
[2026-03-24 15:28:12 +0000] [118] [INFO] Booting worker with pid: 118
[2026-03-24 15:28:12 +0000] [107] [INFO] Started server process [107]
[2026-03-24 15:28:12 +0000] [107] [INFO] Waiting for application startup.
[2026-03-24 15:28:12 +0000] [107] [INFO] Application startup complete.
[2026-03-24 15:28:12 +0000] [108] [INFO] Started server process [108]
[2026-03-24 15:28:12 +0000] [108] [INFO] Waiting for application startup.
[2026-03-24 15:28:12 +0000] [108] [INFO] Application startup complete.
[2026-03-24 15:28:12 +0000] [121] [INFO] Booting worker with pid: 121
[2026-03-24 15:28:12 +0000] [122] [INFO] Booting worker with pid: 122
[2026-03-24 15:28:12 +0000] [111] [INFO] Started server process [111]
[2026-03-24 15:28:12 +0000] [111] [INFO] Waiting for application startup.
[2026-03-24 15:28:12 +0000] [111] [INFO] Application startup complete.
[2026-03-24 15:28:12 +0000] [112] [INFO] Started server process [112]
[2026-03-24 15:28:12 +0000] [112] [INFO] Waiting for application startup.
[2026-03-24 15:28:12 +0000] [112] [INFO] Application startup complete.
[2026-03-24 15:28:12 +0000] [113] [INFO] Started server process [113]
[2026-03-24 15:28:12 +0000] [113] [INFO] Waiting for application startup.
[2026-03-24 15:28:12 +0000] [113] [INFO] Application startup complete.
[2026-03-24 15:28:12 +0000] [127] [INFO] Booting worker with pid: 127
[2026-03-24 15:28:12 +0000] [128] [INFO] Booting worker with pid: 128
[2026-03-24 15:28:12 +0000] [115] [INFO] Started server process [115]
[2026-03-24 15:28:12 +0000] [115] [INFO] Waiting for application startup.
[2026-03-24 15:28:12 +0000] [115] [INFO] Application startup complete.
[2026-03-24 15:28:12 +0000] [130] [INFO] Booting worker with pid: 130
[2026-03-24 15:28:12 +0000] [117] [INFO] Started server process [117]
[2026-03-24 15:28:12 +0000] [117] [INFO] Waiting for application startup.
[2026-03-24 15:28:12 +0000] [117] [INFO] Application startup complete.
[2026-03-24 15:28:12 +0000] [131] [INFO] Booting worker with pid: 131
[2026-03-24 15:28:12 +0000] [118] [INFO] Started server process [118]
[2026-03-24 15:28:12 +0000] [118] [INFO] Waiting for application startup.
[2026-03-24 15:28:12 +0000] [118] [INFO] Application startup complete.
[2026-03-24 15:28:12 +0000] [133] [INFO] Booting worker with pid: 133
[2026-03-24 15:28:13 +0000] [121] [INFO] Started server process [121]
[2026-03-24 15:28:13 +0000] [121] [INFO] Waiting for application startup.
[2026-03-24 15:28:13 +0000] [121] [INFO] Application startup complete.
[2026-03-24 15:28:13 +0000] [136] [INFO] Booting worker with pid: 136
[2026-03-24 15:28:13 +0000] [122] [INFO] Started server process [122]
[2026-03-24 15:28:13 +0000] [122] [INFO] Waiting for application startup.
[2026-03-24 15:28:13 +0000] [122] [INFO] Application startup complete.
[2026-03-24 15:28:13 +0000] [127] [INFO] Started server process [127]
[2026-03-24 15:28:13 +0000] [127] [INFO] Waiting for application startup.
[2026-03-24 15:28:13 +0000] [127] [INFO] Application startup complete.
[2026-03-24 15:28:13 +0000] [139] [INFO] Booting worker with pid: 139
[2026-03-24 15:28:13 +0000] [128] [INFO] Started server process [128]
[2026-03-24 15:28:13 +0000] [128] [INFO] Waiting for application startup.
[2026-03-24 15:28:13 +0000] [128] [INFO] Application startup complete.
[2026-03-24 15:28:13 +0000] [140] [INFO] Booting worker with pid: 140
[2026-03-24 15:28:13 +0000] [130] [INFO] Started server process [130]
[2026-03-24 15:28:13 +0000] [130] [INFO] Waiting for application startup.
[2026-03-24 15:28:13 +0000] [130] [INFO] Application startup complete.
[2026-03-24 15:28:13 +0000] [142] [INFO] Booting worker with pid: 142
[2026-03-24 15:28:13 +0000] [143] [INFO] Booting worker with pid: 143
[2026-03-24 15:28:13 +0000] [145] [INFO] Booting worker with pid: 145
[2026-03-24 15:28:13 +0000] [131] [INFO] Started server process [131]
[2026-03-24 15:28:13 +0000] [131] [INFO] Waiting for application startup.
[2026-03-24 15:28:13 +0000] [131] [INFO] Application startup complete.
[2026-03-24 15:28:13 +0000] [133] [INFO] Started server process [133]
[2026-03-24 15:28:13 +0000] [133] [INFO] Waiting for application startup.
[2026-03-24 15:28:13 +0000] [133] [INFO] Application startup complete.
[2026-03-24 15:28:13 +0000] [147] [INFO] Booting worker with pid: 147
[2026-03-24 15:28:13 +0000] [136] [INFO] Started server process [136]
[2026-03-24 15:28:13 +0000] [136] [INFO] Waiting for application startup.
[2026-03-24 15:28:13 +0000] [136] [INFO] Application startup complete.
[2026-03-24 15:28:13 +0000] [149] [INFO] Booting worker with pid: 149
[2026-03-24 15:28:13 +0000] [139] [INFO] Started server process [139]
[2026-03-24 15:28:13 +0000] [139] [INFO] Waiting for application startup.
[2026-03-24 15:28:13 +0000] [139] [INFO] Application startup complete.
[2026-03-24 15:28:13 +0000] [151] [INFO] Booting worker with pid: 151
[2026-03-24 15:28:13 +0000] [140] [INFO] Started server process [140]
[2026-03-24 15:28:13 +0000] [140] [INFO] Waiting for application startup.
[2026-03-24 15:28:13 +0000] [140] [INFO] Application startup complete.
[2026-03-24 15:28:13 +0000] [153] [INFO] Booting worker with pid: 153
[2026-03-24 15:28:13 +0000] [142] [INFO] Started server process [142]
[2026-03-24 15:28:13 +0000] [142] [INFO] Waiting for application startup.
[2026-03-24 15:28:13 +0000] [142] [INFO] Application startup complete.
[2026-03-24 15:28:13 +0000] [143] [INFO] Started server process [143]
[2026-03-24 15:28:13 +0000] [143] [INFO] Waiting for application startup.
[2026-03-24 15:28:13 +0000] [143] [INFO] Application startup complete.
[2026-03-24 15:28:13 +0000] [145] [INFO] Started server process [145]
[2026-03-24 15:28:13 +0000] [145] [INFO] Waiting for application startup.
[2026-03-24 15:28:13 +0000] [145] [INFO] Application startup complete.
[2026-03-24 15:28:13 +0000] [157] [INFO] Booting worker with pid: 157
[2026-03-24 15:28:13 +0000] [147] [INFO] Started server process [147]
[2026-03-24 15:28:13 +0000] [147] [INFO] Waiting for application startup.
[2026-03-24 15:28:13 +0000] [147] [INFO] Application startup complete.
[2026-03-24 15:28:13 +0000] [159] [INFO] Booting worker with pid: 159
[2026-03-24 15:28:13 +0000] [149] [INFO] Started server process [149]
[2026-03-24 15:28:13 +0000] [149] [INFO] Waiting for application startup.
[2026-03-24 15:28:13 +0000] [149] [INFO] Application startup complete.
[2026-03-24 15:28:13 +0000] [151] [INFO] Started server process [151]
[2026-03-24 15:28:13 +0000] [151] [INFO] Waiting for application startup.
[2026-03-24 15:28:13 +0000] [151] [INFO] Application startup complete.
[2026-03-24 15:28:13 +0000] [162] [INFO] Booting worker with pid: 162
[2026-03-24 15:28:13 +0000] [153] [INFO] Started server process [153]
[2026-03-24 15:28:13 +0000] [153] [INFO] Waiting for application startup.
[2026-03-24 15:28:13 +0000] [153] [INFO] Application startup complete.
[2026-03-24 15:28:13 +0000] [164] [INFO] Booting worker with pid: 164
[2026-03-24 15:28:13 +0000] [165] [INFO] Booting worker with pid: 165
[2026-03-24 15:28:13 +0000] [166] [INFO] Booting worker with pid: 166
[2026-03-24 15:28:13 +0000] [157] [INFO] Started server process [157]
[2026-03-24 15:28:13 +0000] [157] [INFO] Waiting for application startup.
[2026-03-24 15:28:13 +0000] [157] [INFO] Application startup complete.
[2026-03-24 15:28:13 +0000] [168] [INFO] Booting worker with pid: 168
[2026-03-24 15:28:13 +0000] [159] [INFO] Started server process [159]
[2026-03-24 15:28:13 +0000] [159] [INFO] Waiting for application startup.
[2026-03-24 15:28:13 +0000] [159] [INFO] Application startup complete.
[2026-03-24 15:28:13 +0000] [170] [INFO] Booting worker with pid: 170
[2026-03-24 15:28:14 +0000] [162] [INFO] Started server process [162]
[2026-03-24 15:28:14 +0000] [162] [INFO] Waiting for application startup.
[2026-03-24 15:28:14 +0000] [162] [INFO] Application startup complete.
[2026-03-24 15:28:14 +0000] [172] [INFO] Booting worker with pid: 172
[2026-03-24 15:28:14 +0000] [164] [INFO] Started server process [164]
[2026-03-24 15:28:14 +0000] [164] [INFO] Waiting for application startup.
[2026-03-24 15:28:14 +0000] [164] [INFO] Application startup complete.
[2026-03-24 15:28:14 +0000] [165] [INFO] Started server process [165]
[2026-03-24 15:28:14 +0000] [165] [INFO] Waiting for application startup.
[2026-03-24 15:28:14 +0000] [165] [INFO] Application startup complete.
[2026-03-24 15:28:14 +0000] [175] [INFO] Booting worker with pid: 175
[2026-03-24 15:28:14 +0000] [176] [INFO] Booting worker with pid: 176
[2026-03-24 15:28:14 +0000] [178] [INFO] Booting worker with pid: 178
[2026-03-24 15:28:14 +0000] [166] [INFO] Started server process [166]
[2026-03-24 15:28:14 +0000] [166] [INFO] Waiting for application startup.
[2026-03-24 15:28:14 +0000] [166] [INFO] Application startup complete.
[2026-03-24 15:28:14 +0000] [168] [INFO] Started server process [168]
[2026-03-24 15:28:14 +0000] [168] [INFO] Waiting for application startup.
[2026-03-24 15:28:14 +0000] [168] [INFO] Application startup complete.
[2026-03-24 15:28:14 +0000] [180] [INFO] Booting worker with pid: 180
[2026-03-24 15:28:14 +0000] [182] [INFO] Booting worker with pid: 182
[2026-03-24 15:28:14 +0000] [170] [INFO] Started server process [170]
[2026-03-24 15:28:14 +0000] [170] [INFO] Waiting for application startup.
[2026-03-24 15:28:14 +0000] [170] [INFO] Application startup complete.
[2026-03-24 15:28:14 +0000] [183] [INFO] Booting worker with pid: 183
[2026-03-24 15:28:14 +0000] [172] [INFO] Started server process [172]
[2026-03-24 15:28:14 +0000] [172] [INFO] Waiting for application startup.
[2026-03-24 15:28:14 +0000] [172] [INFO] Application startup complete.
[2026-03-24 15:28:14 +0000] [185] [INFO] Booting worker with pid: 185
[2026-03-24 15:28:14 +0000] [186] [INFO] Booting worker with pid: 186
[2026-03-24 15:28:14 +0000] [176] [INFO] Started server process [176]
[2026-03-24 15:28:14 +0000] [176] [INFO] Waiting for application startup.
[2026-03-24 15:28:14 +0000] [176] [INFO] Application startup complete.
[2026-03-24 15:28:14 +0000] [175] [INFO] Started server process [175]
[2026-03-24 15:28:14 +0000] [175] [INFO] Waiting for application startup.
[2026-03-24 15:28:14 +0000] [175] [INFO] Application startup complete.
[2026-03-24 15:28:14 +0000] [189] [INFO] Booting worker with pid: 189
[2026-03-24 15:28:14 +0000] [178] [INFO] Started server process [178]
[2026-03-24 15:28:14 +0000] [178] [INFO] Waiting for application startup.
[2026-03-24 15:28:14 +0000] [178] [INFO] Application startup complete.
[2026-03-24 15:28:14 +0000] [192] [INFO] Booting worker with pid: 192
[2026-03-24 15:28:14 +0000] [180] [INFO] Started server process [180]
[2026-03-24 15:28:14 +0000] [180] [INFO] Waiting for application startup.
[2026-03-24 15:28:14 +0000] [180] [INFO] Application startup complete.
[2026-03-24 15:28:14 +0000] [194] [INFO] Booting worker with pid: 194
[2026-03-24 15:28:14 +0000] [182] [INFO] Started server process [182]
[2026-03-24 15:28:14 +0000] [182] [INFO] Waiting for application startup.
[2026-03-24 15:28:14 +0000] [182] [INFO] Application startup complete.
[2026-03-24 15:28:14 +0000] [183] [INFO] Started server process [183]
[2026-03-24 15:28:14 +0000] [183] [INFO] Waiting for application startup.
[2026-03-24 15:28:14 +0000] [183] [INFO] Application startup complete.
[2026-03-24 15:28:14 +0000] [185] [INFO] Started server process [185]
[2026-03-24 15:28:14 +0000] [185] [INFO] Waiting for application startup.
[2026-03-24 15:28:14 +0000] [185] [INFO] Application startup complete.
[2026-03-24 15:28:14 +0000] [198] [INFO] Booting worker with pid: 198
[2026-03-24 15:28:14 +0000] [186] [INFO] Started server process [186]
[2026-03-24 15:28:14 +0000] [186] [INFO] Waiting for application startup.
[2026-03-24 15:28:14 +0000] [186] [INFO] Application startup complete.
[2026-03-24 15:28:14 +0000] [199] [INFO] Booting worker with pid: 199
[2026-03-24 15:28:14 +0000] [200] [INFO] Booting worker with pid: 200
[2026-03-24 15:28:14 +0000] [189] [INFO] Started server process [189]
[2026-03-24 15:28:14 +0000] [189] [INFO] Waiting for application startup.
[2026-03-24 15:28:14 +0000] [189] [INFO] Application startup complete.
[2026-03-24 15:28:14 +0000] [202] [INFO] Booting worker with pid: 202
[2026-03-24 15:28:14 +0000] [192] [INFO] Started server process [192]
[2026-03-24 15:28:14 +0000] [192] [INFO] Waiting for application startup.
[2026-03-24 15:28:14 +0000] [192] [INFO] Application startup complete.
[2026-03-24 15:28:14 +0000] [194] [INFO] Started server process [194]
[2026-03-24 15:28:14 +0000] [194] [INFO] Waiting for application startup.
[2026-03-24 15:28:14 +0000] [194] [INFO] Application startup complete.
[2026-03-24 15:28:14 +0000] [205] [INFO] Booting worker with pid: 205
[2026-03-24 15:28:15 +0000] [198] [INFO] Started server process [198]
[2026-03-24 15:28:15 +0000] [198] [INFO] Waiting for application startup.
[2026-03-24 15:28:15 +0000] [198] [INFO] Application startup complete.
[2026-03-24 15:28:15 +0000] [207] [INFO] Booting worker with pid: 207
[2026-03-24 15:28:15 +0000] [199] [INFO] Started server process [199]
[2026-03-24 15:28:15 +0000] [199] [INFO] Waiting for application startup.
[2026-03-24 15:28:15 +0000] [199] [INFO] Application startup complete.
[2026-03-24 15:28:15 +0000] [210] [INFO] Booting worker with pid: 210
[2026-03-24 15:28:15 +0000] [200] [INFO] Started server process [200]
[2026-03-24 15:28:15 +0000] [200] [INFO] Waiting for application startup.
[2026-03-24 15:28:15 +0000] [200] [INFO] Application startup complete.
[2026-03-24 15:28:15 +0000] [202] [INFO] Started server process [202]
[2026-03-24 15:28:15 +0000] [202] [INFO] Waiting for application startup.
[2026-03-24 15:28:15 +0000] [202] [INFO] Application startup complete.
[2026-03-24 15:28:15 +0000] [212] [INFO] Booting worker with pid: 212
[2026-03-24 15:28:15 +0000] [213] [INFO] Booting worker with pid: 213
[2026-03-24 15:28:15 +0000] [215] [INFO] Booting worker with pid: 215
[2026-03-24 15:28:15 +0000] [205] [INFO] Started server process [205]
[2026-03-24 15:28:15 +0000] [205] [INFO] Waiting for application startup.
[2026-03-24 15:28:15 +0000] [205] [INFO] Application startup complete.
[2026-03-24 15:28:15 +0000] [216] [INFO] Booting worker with pid: 216
[2026-03-24 15:28:15 +0000] [217] [INFO] Booting worker with pid: 217
[2026-03-24 15:28:15 +0000] [207] [INFO] Started server process [207]
[2026-03-24 15:28:15 +0000] [207] [INFO] Waiting for application startup.
[2026-03-24 15:28:15 +0000] [207] [INFO] Application startup complete.
[2026-03-24 15:28:15 +0000] [219] [INFO] Booting worker with pid: 219
[2026-03-24 15:28:15 +0000] [210] [INFO] Started server process [210]
[2026-03-24 15:28:15 +0000] [210] [INFO] Waiting for application startup.
[2026-03-24 15:28:15 +0000] [210] [INFO] Application startup complete.
[2026-03-24 15:28:15 +0000] [221] [INFO] Booting worker with pid: 221
[2026-03-24 15:28:15 +0000] [212] [INFO] Started server process [212]
[2026-03-24 15:28:15 +0000] [212] [INFO] Waiting for application startup.
[2026-03-24 15:28:15 +0000] [212] [INFO] Application startup complete.
[2026-03-24 15:28:15 +0000] [213] [INFO] Started server process [213]
[2026-03-24 15:28:15 +0000] [213] [INFO] Waiting for application startup.
[2026-03-24 15:28:15 +0000] [213] [INFO] Application startup complete.
[2026-03-24 15:28:15 +0000] [224] [INFO] Booting worker with pid: 224
[2026-03-24 15:28:15 +0000] [215] [INFO] Started server process [215]
[2026-03-24 15:28:15 +0000] [215] [INFO] Waiting for application startup.
[2026-03-24 15:28:15 +0000] [215] [INFO] Application startup complete.
[2026-03-24 15:28:15 +0000] [216] [INFO] Started server process [216]
[2026-03-24 15:28:15 +0000] [216] [INFO] Waiting for application startup.
[2026-03-24 15:28:15 +0000] [216] [INFO] Application startup complete.
[2026-03-24 15:28:15 +0000] [227] [INFO] Booting worker with pid: 227
[2026-03-24 15:28:15 +0000] [217] [INFO] Started server process [217]
[2026-03-24 15:28:15 +0000] [217] [INFO] Waiting for application startup.
[2026-03-24 15:28:15 +0000] [217] [INFO] Application startup complete.
[2026-03-24 15:28:15 +0000] [229] [INFO] Booting worker with pid: 229
[2026-03-24 15:28:15 +0000] [219] [INFO] Started server process [219]
[2026-03-24 15:28:15 +0000] [219] [INFO] Waiting for application startup.
[2026-03-24 15:28:15 +0000] [219] [INFO] Application startup complete.
[2026-03-24 15:28:15 +0000] [221] [INFO] Started server process [221]
[2026-03-24 15:28:15 +0000] [221] [INFO] Waiting for application startup.
[2026-03-24 15:28:15 +0000] [221] [INFO] Application startup complete.
[2026-03-24 15:28:15 +0000] [232] [INFO] Booting worker with pid: 232
[2026-03-24 15:28:15 +0000] [233] [INFO] Booting worker with pid: 233
[2026-03-24 15:28:15 +0000] [234] [INFO] Booting worker with pid: 234
[2026-03-24 15:28:15 +0000] [224] [INFO] Started server process [224]
[2026-03-24 15:28:15 +0000] [224] [INFO] Waiting for application startup.
[2026-03-24 15:28:15 +0000] [224] [INFO] Application startup complete.
[2026-03-24 15:28:15 +0000] [237] [INFO] Booting worker with pid: 237
[2026-03-24 15:28:15 +0000] [227] [INFO] Started server process [227]
[2026-03-24 15:28:15 +0000] [227] [INFO] Waiting for application startup.
[2026-03-24 15:28:15 +0000] [227] [INFO] Application startup complete.
[2026-03-24 15:28:15 +0000] [229] [INFO] Started server process [229]
[2026-03-24 15:28:15 +0000] [229] [INFO] Waiting for application startup.
[2026-03-24 15:28:15 +0000] [229] [INFO] Application startup complete.
[2026-03-24 15:28:15 +0000] [239] [INFO] Booting worker with pid: 239
[2026-03-24 15:28:15 +0000] [240] [INFO] Booting worker with pid: 240
[2026-03-24 15:28:15 +0000] [232] [INFO] Started server process [232]
[2026-03-24 15:28:15 +0000] [232] [INFO] Waiting for application startup.
[2026-03-24 15:28:15 +0000] [232] [INFO] Application startup complete.
[2026-03-24 15:28:15 +0000] [243] [INFO] Booting worker with pid: 243
[2026-03-24 15:28:15 +0000] [233] [INFO] Started server process [233]
[2026-03-24 15:28:15 +0000] [233] [INFO] Waiting for application startup.
[2026-03-24 15:28:15 +0000] [233] [INFO] Application startup complete.
[2026-03-24 15:28:15 +0000] [244] [INFO] Booting worker with pid: 244
[2026-03-24 15:28:15 +0000] [246] [INFO] Booting worker with pid: 246
[2026-03-24 15:28:15 +0000] [234] [INFO] Started server process [234]
[2026-03-24 15:28:15 +0000] [234] [INFO] Waiting for application startup.
[2026-03-24 15:28:15 +0000] [234] [INFO] Application startup complete.
[2026-03-24 15:28:16 +0000] [248] [INFO] Booting worker with pid: 248
[2026-03-24 15:28:16 +0000] [237] [INFO] Started server process [237]
[2026-03-24 15:28:16 +0000] [237] [INFO] Waiting for application startup.
[2026-03-24 15:28:16 +0000] [237] [INFO] Application startup complete.
[2026-03-24 15:28:16 +0000] [249] [INFO] Booting worker with pid: 249
[2026-03-24 15:28:16 +0000] [239] [INFO] Started server process [239]
[2026-03-24 15:28:16 +0000] [239] [INFO] Waiting for application startup.
[2026-03-24 15:28:16 +0000] [239] [INFO] Application startup complete.
[2026-03-24 15:28:16 +0000] [251] [INFO] Booting worker with pid: 251
[2026-03-24 15:28:16 +0000] [252] [INFO] Booting worker with pid: 252
[2026-03-24 15:28:16 +0000] [240] [INFO] Started server process [240]
[2026-03-24 15:28:16 +0000] [240] [INFO] Waiting for application startup.
[2026-03-24 15:28:16 +0000] [240] [INFO] Application startup complete.
[2026-03-24 15:28:16 +0000] [254] [INFO] Booting worker with pid: 254
[2026-03-24 15:28:16 +0000] [243] [INFO] Started server process [243]
[2026-03-24 15:28:16 +0000] [243] [INFO] Waiting for application startup.
[2026-03-24 15:28:16 +0000] [243] [INFO] Application startup complete.
[2026-03-24 15:28:16 +0000] [244] [INFO] Started server process [244]
[2026-03-24 15:28:16 +0000] [244] [INFO] Waiting for application startup.
[2026-03-24 15:28:16 +0000] [244] [INFO] Application startup complete.
[2026-03-24 15:28:16 +0000] [246] [INFO] Started server process [246]
[2026-03-24 15:28:16 +0000] [246] [INFO] Waiting for application startup.
[2026-03-24 15:28:16 +0000] [246] [INFO] Application startup complete.
[2026-03-24 15:28:16 +0000] [248] [INFO] Started server process [248]
[2026-03-24 15:28:16 +0000] [248] [INFO] Waiting for application startup.
[2026-03-24 15:28:16 +0000] [248] [INFO] Application startup complete.
[2026-03-24 15:28:16 +0000] [259] [INFO] Booting worker with pid: 259
[2026-03-24 15:28:16 +0000] [249] [INFO] Started server process [249]
[2026-03-24 15:28:16 +0000] [249] [INFO] Waiting for application startup.
[2026-03-24 15:28:16 +0000] [249] [INFO] Application startup complete.
[2026-03-24 15:28:16 +0000] [261] [INFO] Booting worker with pid: 261
[2026-03-24 15:28:16 +0000] [262] [INFO] Booting worker with pid: 262
[2026-03-24 15:28:16 +0000] [263] [INFO] Booting worker with pid: 263
[2026-03-24 15:28:16 +0000] [265] [INFO] Booting worker with pid: 265
[2026-03-24 15:28:16 +0000] [251] [INFO] Started server process [251]
[2026-03-24 15:28:16 +0000] [251] [INFO] Waiting for application startup.
[2026-03-24 15:28:16 +0000] [251] [INFO] Application startup complete.
[2026-03-24 15:28:16 +0000] [252] [INFO] Started server process [252]
[2026-03-24 15:28:16 +0000] [252] [INFO] Waiting for application startup.
[2026-03-24 15:28:16 +0000] [252] [INFO] Application startup complete.
[2026-03-24 15:28:16 +0000] [267] [INFO] Booting worker with pid: 267
[2026-03-24 15:28:16 +0000] [254] [INFO] Started server process [254]
[2026-03-24 15:28:16 +0000] [254] [INFO] Waiting for application startup.
[2026-03-24 15:28:16 +0000] [254] [INFO] Application startup complete.
[2026-03-24 15:28:16 +0000] [269] [INFO] Booting worker with pid: 269
[2026-03-24 15:28:16 +0000] [259] [INFO] Started server process [259]
[2026-03-24 15:28:16 +0000] [259] [INFO] Waiting for application startup.
[2026-03-24 15:28:16 +0000] [259] [INFO] Application startup complete.
[2026-03-24 15:28:16 +0000] [261] [INFO] Started server process [261]
[2026-03-24 15:28:16 +0000] [261] [INFO] Waiting for application startup.
[2026-03-24 15:28:16 +0000] [261] [INFO] Application startup complete.
[2026-03-24 15:28:16 +0000] [262] [INFO] Started server process [262]
[2026-03-24 15:28:16 +0000] [262] [INFO] Waiting for application startup.
[2026-03-24 15:28:16 +0000] [262] [INFO] Application startup complete.
[2026-03-24 15:28:16 +0000] [273] [INFO] Booting worker with pid: 273
[2026-03-24 15:28:16 +0000] [274] [INFO] Booting worker with pid: 274
[2026-03-24 15:28:16 +0000] [263] [INFO] Started server process [263]
[2026-03-24 15:28:16 +0000] [263] [INFO] Waiting for application startup.
[2026-03-24 15:28:16 +0000] [263] [INFO] Application startup complete.
[2026-03-24 15:28:16 +0000] [265] [INFO] Started server process [265]
[2026-03-24 15:28:16 +0000] [265] [INFO] Waiting for application startup.
[2026-03-24 15:28:16 +0000] [265] [INFO] Application startup complete.
[2026-03-24 15:28:16 +0000] [267] [INFO] Started server process [267]
[2026-03-24 15:28:16 +0000] [267] [INFO] Waiting for application startup.
[2026-03-24 15:28:16 +0000] [267] [INFO] Application startup complete.
[2026-03-24 15:28:16 +0000] [278] [INFO] Booting worker with pid: 278
[2026-03-24 15:28:16 +0000] [279] [INFO] Booting worker with pid: 279
[2026-03-24 15:28:16 +0000] [269] [INFO] Started server process [269]
[2026-03-24 15:28:16 +0000] [269] [INFO] Waiting for application startup.
[2026-03-24 15:28:16 +0000] [269] [INFO] Application startup complete.
[2026-03-24 15:28:16 +0000] [281] [INFO] Booting worker with pid: 281
[2026-03-24 15:28:16 +0000] [282] [INFO] Booting worker with pid: 282
[2026-03-24 15:28:16 +0000] [273] [INFO] Started server process [273]
[2026-03-24 15:28:16 +0000] [273] [INFO] Waiting for application startup.
[2026-03-24 15:28:16 +0000] [273] [INFO] Application startup complete.
[2026-03-24 15:28:16 +0000] [274] [INFO] Started server process [274]
[2026-03-24 15:28:16 +0000] [274] [INFO] Waiting for application startup.
[2026-03-24 15:28:16 +0000] [274] [INFO] Application startup complete.
[2026-03-24 15:28:16 +0000] [285] [INFO] Booting worker with pid: 285
[2026-03-24 15:28:16 +0000] [286] [INFO] Booting worker with pid: 286
[2026-03-24 15:28:16 +0000] [278] [INFO] Started server process [278]
[2026-03-24 15:28:16 +0000] [278] [INFO] Waiting for application startup.
[2026-03-24 15:28:16 +0000] [278] [INFO] Application startup complete.
[2026-03-24 15:28:17 +0000] [288] [INFO] Booting worker with pid: 288
[2026-03-24 15:28:17 +0000] [279] [INFO] Started server process [279]
[2026-03-24 15:28:17 +0000] [279] [INFO] Waiting for application startup.
[2026-03-24 15:28:17 +0000] [279] [INFO] Application startup complete.
[2026-03-24 15:28:17 +0000] [281] [INFO] Started server process [281]
[2026-03-24 15:28:17 +0000] [281] [INFO] Waiting for application startup.
[2026-03-24 15:28:17 +0000] [281] [INFO] Application startup complete.
[2026-03-24 15:28:17 +0000] [291] [INFO] Booting worker with pid: 291
[2026-03-24 15:28:17 +0000] [292] [INFO] Booting worker with pid: 292
[2026-03-24 15:28:17 +0000] [293] [INFO] Booting worker with pid: 293
[2026-03-24 15:28:17 +0000] [295] [INFO] Booting worker with pid: 295
[2026-03-24 15:28:17 +0000] [282] [INFO] Started server process [282]
[2026-03-24 15:28:17 +0000] [282] [INFO] Waiting for application startup.
[2026-03-24 15:28:17 +0000] [282] [INFO] Application startup complete.
[2026-03-24 15:28:17 +0000] [285] [INFO] Started server process [285]
[2026-03-24 15:28:17 +0000] [285] [INFO] Waiting for application startup.
[2026-03-24 15:28:17 +0000] [285] [INFO] Application startup complete.
[2026-03-24 15:28:17 +0000] [298] [INFO] Booting worker with pid: 298
[2026-03-24 15:28:17 +0000] [286] [INFO] Started server process [286]
[2026-03-24 15:28:17 +0000] [286] [INFO] Waiting for application startup.
[2026-03-24 15:28:17 +0000] [286] [INFO] Application startup complete.
[2026-03-24 15:28:17 +0000] [299] [INFO] Booting worker with pid: 299
[2026-03-24 15:28:17 +0000] [300] [INFO] Booting worker with pid: 300
[2026-03-24 15:28:17 +0000] [302] [INFO] Booting worker with pid: 302
[2026-03-24 15:28:17 +0000] [288] [INFO] Started server process [288]
[2026-03-24 15:28:17 +0000] [288] [INFO] Waiting for application startup.
[2026-03-24 15:28:17 +0000] [288] [INFO] Application startup complete.
[2026-03-24 15:28:17 +0000] [291] [INFO] Started server process [291]
[2026-03-24 15:28:17 +0000] [291] [INFO] Waiting for application startup.
[2026-03-24 15:28:17 +0000] [291] [INFO] Application startup complete.
[2026-03-24 15:28:17 +0000] [292] [INFO] Started server process [292]
[2026-03-24 15:28:17 +0000] [292] [INFO] Waiting for application startup.
[2026-03-24 15:28:17 +0000] [292] [INFO] Application startup complete.
[2026-03-24 15:28:17 +0000] [305] [INFO] Booting worker with pid: 305
[2026-03-24 15:28:17 +0000] [293] [INFO] Started server process [293]
[2026-03-24 15:28:17 +0000] [293] [INFO] Waiting for application startup.
[2026-03-24 15:28:17 +0000] [293] [INFO] Application startup complete.
[2026-03-24 15:28:17 +0000] [295] [INFO] Started server process [295]
[2026-03-24 15:28:17 +0000] [295] [INFO] Waiting for application startup.
[2026-03-24 15:28:17 +0000] [295] [INFO] Application startup complete.
[2026-03-24 15:28:17 +0000] [308] [INFO] Booting worker with pid: 308
[2026-03-24 15:28:17 +0000] [298] [INFO] Started server process [298]
[2026-03-24 15:28:17 +0000] [298] [INFO] Waiting for application startup.
[2026-03-24 15:28:17 +0000] [298] [INFO] Application startup complete.
[2026-03-24 15:28:17 +0000] [310] [INFO] Booting worker with pid: 310
[2026-03-24 15:28:17 +0000] [312] [INFO] Booting worker with pid: 312
[2026-03-24 15:28:17 +0000] [313] [INFO] Booting worker with pid: 313
[2026-03-24 15:28:17 +0000] [299] [INFO] Started server process [299]
[2026-03-24 15:28:17 +0000] [299] [INFO] Waiting for application startup.
[2026-03-24 15:28:17 +0000] [299] [INFO] Application startup complete.
[2026-03-24 15:28:17 +0000] [300] [INFO] Started server process [300]
[2026-03-24 15:28:17 +0000] [300] [INFO] Waiting for application startup.
[2026-03-24 15:28:17 +0000] [300] [INFO] Application startup complete.
[2026-03-24 15:28:17 +0000] [302] [INFO] Started server process [302]
[2026-03-24 15:28:17 +0000] [302] [INFO] Waiting for application startup.
[2026-03-24 15:28:17 +0000] [302] [INFO] Application startup complete.
[2026-03-24 15:28:17 +0000] [316] [INFO] Booting worker with pid: 316
[2026-03-24 15:28:17 +0000] [305] [INFO] Started server process [305]
[2026-03-24 15:28:17 +0000] [305] [INFO] Waiting for application startup.
[2026-03-24 15:28:17 +0000] [305] [INFO] Application startup complete.
[2026-03-24 15:28:17 +0000] [318] [INFO] Booting worker with pid: 318
[2026-03-24 15:28:17 +0000] [308] [INFO] Started server process [308]
[2026-03-24 15:28:17 +0000] [308] [INFO] Waiting for application startup.
[2026-03-24 15:28:17 +0000] [308] [INFO] Application startup complete.
[2026-03-24 15:28:17 +0000] [320] [INFO] Booting worker with pid: 320
[2026-03-24 15:28:17 +0000] [310] [INFO] Started server process [310]
[2026-03-24 15:28:17 +0000] [310] [INFO] Waiting for application startup.
[2026-03-24 15:28:17 +0000] [310] [INFO] Application startup complete.
[2026-03-24 15:28:17 +0000] [312] [INFO] Started server process [312]
[2026-03-24 15:28:17 +0000] [312] [INFO] Waiting for application startup.
[2026-03-24 15:28:17 +0000] [312] [INFO] Application startup complete.
[2026-03-24 15:28:17 +0000] [313] [INFO] Started server process [313]
[2026-03-24 15:28:17 +0000] [313] [INFO] Waiting for application startup.
[2026-03-24 15:28:17 +0000] [313] [INFO] Application startup complete.
[2026-03-24 15:28:17 +0000] [324] [INFO] Booting worker with pid: 324
[2026-03-24 15:28:17 +0000] [316] [INFO] Started server process [316]
[2026-03-24 15:28:17 +0000] [316] [INFO] Waiting for application startup.
[2026-03-24 15:28:17 +0000] [316] [INFO] Application startup complete.
[2026-03-24 15:28:17 +0000] [326] [INFO] Booting worker with pid: 326
[2026-03-24 15:28:17 +0000] [327] [INFO] Booting worker with pid: 327
[2026-03-24 15:28:17 +0000] [328] [INFO] Booting worker with pid: 328
[2026-03-24 15:28:17 +0000] [330] [INFO] Booting worker with pid: 330
[2026-03-24 15:28:17 +0000] [318] [INFO] Started server process [318]
[2026-03-24 15:28:17 +0000] [318] [INFO] Waiting for application startup.
[2026-03-24 15:28:17 +0000] [318] [INFO] Application startup complete.
[2026-03-24 15:28:18 +0000] [331] [INFO] Booting worker with pid: 331
[2026-03-24 15:28:18 +0000] [332] [INFO] Booting worker with pid: 332
[2026-03-24 15:28:18 +0000] [320] [INFO] Started server process [320]
[2026-03-24 15:28:18 +0000] [320] [INFO] Waiting for application startup.
[2026-03-24 15:28:18 +0000] [320] [INFO] Application startup complete.
[2026-03-24 15:28:18 +0000] [334] [INFO] Booting worker with pid: 334
[2026-03-24 15:28:18 +0000] [335] [INFO] Booting worker with pid: 335
[2026-03-24 15:28:18 +0000] [336] [INFO] Booting worker with pid: 336
[2026-03-24 15:28:18 +0000] [338] [INFO] Booting worker with pid: 338
[2026-03-24 15:28:18 +0000] [324] [INFO] Started server process [324]
[2026-03-24 15:28:18 +0000] [324] [INFO] Waiting for application startup.
[2026-03-24 15:28:18 +0000] [324] [INFO] Application startup complete.
[2026-03-24 15:28:18 +0000] [339] [INFO] Booting worker with pid: 339
[2026-03-24 15:28:18 +0000] [340] [INFO] Booting worker with pid: 340
[2026-03-24 15:28:18 +0000] [326] [INFO] Started server process [326]
[2026-03-24 15:28:18 +0000] [326] [INFO] Waiting for application startup.
[2026-03-24 15:28:18 +0000] [326] [INFO] Application startup complete.
[2026-03-24 15:28:18 +0000] [342] [INFO] Booting worker with pid: 342
[2026-03-24 15:28:18 +0000] [327] [INFO] Started server process [327]
[2026-03-24 15:28:18 +0000] [327] [INFO] Waiting for application startup.
[2026-03-24 15:28:18 +0000] [327] [INFO] Application startup complete.
[2026-03-24 15:28:18 +0000] [344] [INFO] Booting worker with pid: 344
[2026-03-24 15:28:18 +0000] [346] [INFO] Booting worker with pid: 346
[2026-03-24 15:28:18 +0000] [328] [INFO] Started server process [328]
[2026-03-24 15:28:18 +0000] [328] [INFO] Waiting for application startup.
[2026-03-24 15:28:18 +0000] [328] [INFO] Application startup complete.
[2026-03-24 15:28:18 +0000] [347] [INFO] Booting worker with pid: 347
[2026-03-24 15:28:19 +0000] [348] [INFO] Booting worker with pid: 348
[2026-03-24 15:28:19 +0000] [349] [INFO] Booting worker with pid: 349
[2026-03-24 15:28:19 +0000] [350] [INFO] Booting worker with pid: 350
[2026-03-24 15:28:19 +0000] [336] [INFO] Started server process [336]
[2026-03-24 15:28:19 +0000] [336] [INFO] Waiting for application startup.
[2026-03-24 15:28:19 +0000] [336] [INFO] Application startup complete.
[2026-03-24 15:28:19 +0000] [352] [INFO] Booting worker with pid: 352
[2026-03-24 15:28:19 +0000] [353] [INFO] Booting worker with pid: 353
[2026-03-24 15:28:19 +0000] [354] [INFO] Booting worker with pid: 354
[2026-03-24 15:28:19 +0000] [355] [INFO] Booting worker with pid: 355
[2026-03-24 15:28:19 +0000] [356] [INFO] Booting worker with pid: 356
[2026-03-24 15:28:19 +0000] [359] [INFO] Booting worker with pid: 359
[2026-03-24 15:28:19 +0000] [330] [INFO] Started server process [330]
[2026-03-24 15:28:19 +0000] [330] [INFO] Waiting for application startup.
[2026-03-24 15:28:19 +0000] [330] [INFO] Application startup complete.
[2026-03-24 15:28:19 +0000] [361] [INFO] Booting worker with pid: 361
[2026-03-24 15:28:19 +0000] [332] [INFO] Started server process [332]
[2026-03-24 15:28:19 +0000] [332] [INFO] Waiting for application startup.
[2026-03-24 15:28:19 +0000] [332] [INFO] Application startup complete.
[2026-03-24 15:28:19 +0000] [362] [INFO] Booting worker with pid: 362
[2026-03-24 15:28:19 +0000] [340] [INFO] Started server process [340]
[2026-03-24 15:28:19 +0000] [340] [INFO] Waiting for application startup.
[2026-03-24 15:28:19 +0000] [340] [INFO] Application startup complete.
[2026-03-24 15:28:19 +0000] [363] [INFO] Booting worker with pid: 363
[2026-03-24 15:28:20 +0000] [364] [INFO] Booting worker with pid: 364
[2026-03-24 15:28:20 +0000] [366] [INFO] Booting worker with pid: 366
[2026-03-24 15:28:20 +0000] [367] [INFO] Booting worker with pid: 367
[2026-03-24 15:28:20 +0000] [335] [INFO] Started server process [335]
[2026-03-24 15:28:20 +0000] [335] [INFO] Waiting for application startup.
[2026-03-24 15:28:20 +0000] [335] [INFO] Application startup complete.
[2026-03-24 15:28:20 +0000] [368] [INFO] Booting worker with pid: 368
[2026-03-24 15:28:20 +0000] [369] [INFO] Booting worker with pid: 369
[2026-03-24 15:28:20 +0000] [371] [INFO] Booting worker with pid: 371
[2026-03-24 15:28:20 +0000] [339] [INFO] Started server process [339]
[2026-03-24 15:28:20 +0000] [339] [INFO] Waiting for application startup.
[2026-03-24 15:28:20 +0000] [339] [INFO] Application startup complete.
[2026-03-24 15:28:20 +0000] [372] [INFO] Booting worker with pid: 372
[2026-03-24 15:28:20 +0000] [373] [INFO] Booting worker with pid: 373
[2026-03-24 15:28:20 +0000] [374] [INFO] Booting worker with pid: 374
[2026-03-24 15:28:20 +0000] [375] [INFO] Booting worker with pid: 375
[2026-03-24 15:28:20 +0000] [377] [INFO] Booting worker with pid: 377
[2026-03-24 15:28:20 +0000] [352] [INFO] Started server process [352]
[2026-03-24 15:28:20 +0000] [352] [INFO] Waiting for application startup.
[2026-03-24 15:28:20 +0000] [352] [INFO] Application startup complete.
[2026-03-24 15:28:20 +0000] [378] [INFO] Booting worker with pid: 378
[2026-03-24 15:28:20 +0000] [379] [INFO] Booting worker with pid: 379
[2026-03-24 15:28:20 +0000] [381] [INFO] Booting worker with pid: 381
[2026-03-24 15:28:21 +0000] [383] [INFO] Booting worker with pid: 383
[2026-03-24 15:28:21 +0000] [331] [INFO] Started server process [331]
[2026-03-24 15:28:21 +0000] [331] [INFO] Waiting for application startup.
[2026-03-24 15:28:21 +0000] [331] [INFO] Application startup complete.
[2026-03-24 15:28:21 +0000] [385] [INFO] Booting worker with pid: 385
[2026-03-24 15:28:21 +0000] [342] [INFO] Started server process [342]
[2026-03-24 15:28:21 +0000] [342] [INFO] Waiting for application startup.
[2026-03-24 15:28:21 +0000] [342] [INFO] Application startup complete.
[2026-03-24 15:28:21 +0000] [387] [INFO] Booting worker with pid: 387
[2026-03-24 15:28:21 +0000] [334] [INFO] Started server process [334]
[2026-03-24 15:28:21 +0000] [334] [INFO] Waiting for application startup.
[2026-03-24 15:28:21 +0000] [334] [INFO] Application startup complete.
[2026-03-24 15:28:21 +0000] [350] [INFO] Started server process [350]
[2026-03-24 15:28:21 +0000] [350] [INFO] Waiting for application startup.
[2026-03-24 15:28:21 +0000] [350] [INFO] Application startup complete.
[2026-03-24 15:28:21 +0000] [356] [INFO] Started server process [356]
[2026-03-24 15:28:21 +0000] [356] [INFO] Waiting for application startup.
[2026-03-24 15:28:21 +0000] [390] [INFO] Booting worker with pid: 390
[2026-03-24 15:28:21 +0000] [356] [INFO] Application startup complete.
[2026-03-24 15:28:21 +0000] [391] [INFO] Booting worker with pid: 391
[2026-03-24 15:28:21 +0000] [353] [INFO] Started server process [353]
[2026-03-24 15:28:21 +0000] [353] [INFO] Waiting for application startup.
[2026-03-24 15:28:21 +0000] [353] [INFO] Application startup complete.
[2026-03-24 15:28:21 +0000] [349] [INFO] Started server process [349]
[2026-03-24 15:28:21 +0000] [349] [INFO] Waiting for application startup.
[2026-03-24 15:28:21 +0000] [349] [INFO] Application startup complete.
[2026-03-24 15:28:21 +0000] [393] [INFO] Booting worker with pid: 393
[2026-03-24 15:28:21 +0000] [396] [INFO] Booting worker with pid: 396
[2026-03-24 15:28:21 +0000] [355] [INFO] Started server process [355]
[2026-03-24 15:28:21 +0000] [355] [INFO] Waiting for application startup.
[2026-03-24 15:28:21 +0000] [355] [INFO] Application startup complete.
[2026-03-24 15:28:21 +0000] [398] [INFO] Booting worker with pid: 398
[2026-03-24 15:28:21 +0000] [363] [INFO] Started server process [363]
[2026-03-24 15:28:21 +0000] [363] [INFO] Waiting for application startup.
[2026-03-24 15:28:21 +0000] [363] [INFO] Application startup complete.
[2026-03-24 15:28:21 +0000] [338] [INFO] Started server process [338]
[2026-03-24 15:28:21 +0000] [338] [INFO] Waiting for application startup.
[2026-03-24 15:28:21 +0000] [338] [INFO] Application startup complete.
[2026-03-24 15:28:21 +0000] [366] [INFO] Started server process [366]
[2026-03-24 15:28:21 +0000] [366] [INFO] Waiting for application startup.
[2026-03-24 15:28:21 +0000] [366] [INFO] Application startup complete.
[2026-03-24 15:28:21 +0000] [400] [INFO] Booting worker with pid: 400
[2026-03-24 15:28:21 +0000] [401] [INFO] Booting worker with pid: 401
[2026-03-24 15:28:21 +0000] [347] [INFO] Started server process [347]
[2026-03-24 15:28:21 +0000] [347] [INFO] Waiting for application startup.
[2026-03-24 15:28:21 +0000] [347] [INFO] Application startup complete.
[2026-03-24 15:28:21 +0000] [405] [INFO] Booting worker with pid: 405
[2026-03-24 15:28:21 +0000] [406] [INFO] Booting worker with pid: 406
[2026-03-24 15:28:21 +0000] [361] [INFO] Started server process [361]
[2026-03-24 15:28:21 +0000] [361] [INFO] Waiting for application startup.
[2026-03-24 15:28:21 +0000] [361] [INFO] Application startup complete.
[2026-03-24 15:28:22 +0000] [407] [INFO] Booting worker with pid: 407
[2026-03-24 15:28:22 +0000] [344] [INFO] Started server process [344]
[2026-03-24 15:28:22 +0000] [344] [INFO] Waiting for application startup.
[2026-03-24 15:28:22 +0000] [344] [INFO] Application startup complete.
[2026-03-24 15:28:22 +0000] [409] [INFO] Booting worker with pid: 409
[2026-03-24 15:28:22 +0000] [364] [INFO] Started server process [364]
[2026-03-24 15:28:22 +0000] [364] [INFO] Waiting for application startup.
[2026-03-24 15:28:22 +0000] [364] [INFO] Application startup complete.
[2026-03-24 15:28:22 +0000] [379] [INFO] Started server process [379]
[2026-03-24 15:28:22 +0000] [379] [INFO] Waiting for application startup.
[2026-03-24 15:28:22 +0000] [379] [INFO] Application startup complete.
[2026-03-24 15:28:22 +0000] [413] [INFO] Booting worker with pid: 413
[2026-03-24 15:28:22 +0000] [354] [INFO] Started server process [354]
[2026-03-24 15:28:22 +0000] [354] [INFO] Waiting for application startup.
[2026-03-24 15:28:22 +0000] [354] [INFO] Application startup complete.
[2026-03-24 15:28:22 +0000] [367] [INFO] Started server process [367]
[2026-03-24 15:28:22 +0000] [367] [INFO] Waiting for application startup.
[2026-03-24 15:28:22 +0000] [367] [INFO] Application startup complete.
[2026-03-24 15:28:22 +0000] [346] [INFO] Started server process [346]
[2026-03-24 15:28:22 +0000] [346] [INFO] Waiting for application startup.
[2026-03-24 15:28:22 +0000] [346] [INFO] Application startup complete.
[2026-03-24 15:28:22 +0000] [415] [INFO] Booting worker with pid: 415
[2026-03-24 15:28:22 +0000] [418] [INFO] Booting worker with pid: 418
[2026-03-24 15:28:22 +0000] [419] [INFO] Booting worker with pid: 419
[2026-03-24 15:28:22 +0000] [372] [INFO] Started server process [372]
[2026-03-24 15:28:22 +0000] [372] [INFO] Waiting for application startup.
[2026-03-24 15:28:22 +0000] [372] [INFO] Application startup complete.
[2026-03-24 15:28:22 +0000] [362] [INFO] Started server process [362]
[2026-03-24 15:28:22 +0000] [362] [INFO] Waiting for application startup.
[2026-03-24 15:28:22 +0000] [362] [INFO] Application startup complete.
[2026-03-24 15:28:22 +0000] [423] [INFO] Booting worker with pid: 423
[2026-03-24 15:28:22 +0000] [348] [INFO] Started server process [348]
[2026-03-24 15:28:22 +0000] [348] [INFO] Waiting for application startup.
[2026-03-24 15:28:22 +0000] [348] [INFO] Application startup complete.
[2026-03-24 15:28:22 +0000] [359] [INFO] Started server process [359]
[2026-03-24 15:28:22 +0000] [359] [INFO] Waiting for application startup.
[2026-03-24 15:28:22 +0000] [369] [INFO] Started server process [369]
[2026-03-24 15:28:22 +0000] [369] [INFO] Waiting for application startup.
[2026-03-24 15:28:22 +0000] [359] [INFO] Application startup complete.
[2026-03-24 15:28:22 +0000] [369] [INFO] Application startup complete.
[2026-03-24 15:28:22 +0000] [426] [INFO] Booting worker with pid: 426
[2026-03-24 15:28:22 +0000] [373] [INFO] Started server process [373]
[2026-03-24 15:28:22 +0000] [373] [INFO] Waiting for application startup.
[2026-03-24 15:28:22 +0000] [373] [INFO] Application startup complete.
[2026-03-24 15:28:22 +0000] [368] [INFO] Started server process [368]
[2026-03-24 15:28:22 +0000] [368] [INFO] Waiting for application startup.
[2026-03-24 15:28:22 +0000] [368] [INFO] Application startup complete.
[2026-03-24 15:28:22 +0000] [427] [INFO] Booting worker with pid: 427
[2026-03-24 15:28:22 +0000] [378] [INFO] Started server process [378]
[2026-03-24 15:28:22 +0000] [378] [INFO] Waiting for application startup.
[2026-03-24 15:28:22 +0000] [378] [INFO] Application startup complete.
[2026-03-24 15:28:22 +0000] [385] [INFO] Started server process [385]
[2026-03-24 15:28:22 +0000] [385] [INFO] Waiting for application startup.
[2026-03-24 15:28:22 +0000] [385] [INFO] Application startup complete.
[2026-03-24 15:28:22 +0000] [405] [INFO] Started server process [405]
[2026-03-24 15:28:22 +0000] [405] [INFO] Waiting for application startup.
[2026-03-24 15:28:22 +0000] [405] [INFO] Application startup complete.
[2026-03-24 15:28:22 +0000] [387] [INFO] Started server process [387]
[2026-03-24 15:28:22 +0000] [387] [INFO] Waiting for application startup.
[2026-03-24 15:28:22 +0000] [387] [INFO] Application startup complete.
[2026-03-24 15:28:22 +0000] [377] [INFO] Started server process [377]
[2026-03-24 15:28:22 +0000] [377] [INFO] Waiting for application startup.
[2026-03-24 15:28:22 +0000] [377] [INFO] Application startup complete.
[2026-03-24 15:28:22 +0000] [375] [INFO] Started server process [375]
[2026-03-24 15:28:22 +0000] [375] [INFO] Waiting for application startup.
[2026-03-24 15:28:22 +0000] [375] [INFO] Application startup complete.
[2026-03-24 15:28:22 +0000] [371] [INFO] Started server process [371]
[2026-03-24 15:28:22 +0000] [371] [INFO] Waiting for application startup.
[2026-03-24 15:28:22 +0000] [371] [INFO] Application startup complete.
[2026-03-24 15:28:22 +0000] [374] [INFO] Started server process [374]
[2026-03-24 15:28:22 +0000] [374] [INFO] Waiting for application startup.
[2026-03-24 15:28:22 +0000] [374] [INFO] Application startup complete.
[2026-03-24 15:28:22 +0000] [391] [INFO] Started server process [391]
[2026-03-24 15:28:22 +0000] [391] [INFO] Waiting for application startup.
[2026-03-24 15:28:22 +0000] [391] [INFO] Application startup complete.
[2026-03-24 15:28:22 +0000] [438] [INFO] Booting worker with pid: 438
[2026-03-24 15:28:22 +0000] [381] [INFO] Started server process [381]
[2026-03-24 15:28:22 +0000] [381] [INFO] Waiting for application startup.
[2026-03-24 15:28:22 +0000] [381] [INFO] Application startup complete.
[2026-03-24 15:28:22 +0000] [390] [INFO] Started server process [390]
[2026-03-24 15:28:22 +0000] [390] [INFO] Waiting for application startup.
[2026-03-24 15:28:22 +0000] [390] [INFO] Application startup complete.
[2026-03-24 15:28:22 +0000] [406] [INFO] Started server process [406]
[2026-03-24 15:28:22 +0000] [406] [INFO] Waiting for application startup.
[2026-03-24 15:28:22 +0000] [406] [INFO] Application startup complete.
[2026-03-24 15:28:22 +0000] [383] [INFO] Started server process [383]
[2026-03-24 15:28:22 +0000] [383] [INFO] Waiting for application startup.
[2026-03-24 15:28:22 +0000] [383] [INFO] Application startup complete.
[2026-03-24 15:28:22 +0000] [393] [INFO] Started server process [393]
[2026-03-24 15:28:22 +0000] [393] [INFO] Waiting for application startup.
[2026-03-24 15:28:22 +0000] [393] [INFO] Application startup complete.
[2026-03-24 15:28:22 +0000] [398] [INFO] Started server process [398]
[2026-03-24 15:28:22 +0000] [398] [INFO] Waiting for application startup.
[2026-03-24 15:28:22 +0000] [398] [INFO] Application startup complete.
[2026-03-24 15:28:22 +0000] [400] [INFO] Started server process [400]
[2026-03-24 15:28:22 +0000] [400] [INFO] Waiting for application startup.
[2026-03-24 15:28:22 +0000] [400] [INFO] Application startup complete.
[2026-03-24 15:28:22 +0000] [445] [INFO] Booting worker with pid: 445
[2026-03-24 15:28:22 +0000] [447] [INFO] Booting worker with pid: 447
[2026-03-24 15:28:22 +0000] [396] [INFO] Started server process [396]
[2026-03-24 15:28:22 +0000] [396] [INFO] Waiting for application startup.
[2026-03-24 15:28:22 +0000] [396] [INFO] Application startup complete.
[2026-03-24 15:28:22 +0000] [401] [INFO] Started server process [401]
[2026-03-24 15:28:22 +0000] [401] [INFO] Waiting for application startup.
[2026-03-24 15:28:22 +0000] [401] [INFO] Application startup complete.
[2026-03-24 15:28:22 +0000] [407] [INFO] Started server process [407]
[2026-03-24 15:28:22 +0000] [407] [INFO] Waiting for application startup.
[2026-03-24 15:28:22 +0000] [407] [INFO] Application startup complete.
[2026-03-24 15:28:22 +0000] [413] [INFO] Started server process [413]
[2026-03-24 15:28:22 +0000] [413] [INFO] Waiting for application startup.
[2026-03-24 15:28:22 +0000] [413] [INFO] Application startup complete.
[2026-03-24 15:28:22 +0000] [409] [INFO] Started server process [409]
[2026-03-24 15:28:22 +0000] [409] [INFO] Waiting for application startup.
[2026-03-24 15:28:22 +0000] [409] [INFO] Application startup complete.
[2026-03-24 15:28:22 +0000] [415] [INFO] Started server process [415]
[2026-03-24 15:28:22 +0000] [415] [INFO] Waiting for application startup.
[2026-03-24 15:28:22 +0000] [415] [INFO] Application startup complete.
[2026-03-24 15:28:22 +0000] [455] [INFO] Booting worker with pid: 455
[2026-03-24 15:28:22 +0000] [419] [INFO] Started server process [419]
[2026-03-24 15:28:22 +0000] [419] [INFO] Waiting for application startup.
[2026-03-24 15:28:22 +0000] [419] [INFO] Application startup complete.
[2026-03-24 15:28:22 +0000] [418] [INFO] Started server process [418]
[2026-03-24 15:28:22 +0000] [418] [INFO] Waiting for application startup.
[2026-03-24 15:28:22 +0000] [418] [INFO] Application startup complete.
[2026-03-24 15:28:22 +0000] [423] [INFO] Started server process [423]
[2026-03-24 15:28:22 +0000] [423] [INFO] Waiting for application startup.
[2026-03-24 15:28:22 +0000] [423] [INFO] Application startup complete.
[2026-03-24 15:28:22 +0000] [426] [INFO] Started server process [426]
[2026-03-24 15:28:22 +0000] [426] [INFO] Waiting for application startup.
[2026-03-24 15:28:22 +0000] [426] [INFO] Application startup complete.
[2026-03-24 15:28:22 +0000] [427] [INFO] Started server process [427]
[2026-03-24 15:28:22 +0000] [427] [INFO] Waiting for application startup.
[2026-03-24 15:28:22 +0000] [427] [INFO] Application startup complete.
[2026-03-24 15:28:23 +0000] [459] [INFO] Booting worker with pid: 459
[2026-03-24 15:28:23 +0000] [438] [INFO] Started server process [438]
[2026-03-24 15:28:23 +0000] [438] [INFO] Waiting for application startup.
[2026-03-24 15:28:23 +0000] [438] [INFO] Application startup complete.
[2026-03-24 15:28:23 +0000] [461] [INFO] Booting worker with pid: 461
[2026-03-24 15:28:23 +0000] [445] [INFO] Started server process [445]
[2026-03-24 15:28:23 +0000] [445] [INFO] Waiting for application startup.
[2026-03-24 15:28:23 +0000] [445] [INFO] Application startup complete.
[2026-03-24 15:28:23 +0000] [447] [INFO] Started server process [447]
[2026-03-24 15:28:23 +0000] [447] [INFO] Waiting for application startup.
[2026-03-24 15:28:23 +0000] [447] [INFO] Application startup complete.
[2026-03-24 15:28:23 +0000] [464] [INFO] Booting worker with pid: 464
[2026-03-24 15:28:23 +0000] [455] [INFO] Started server process [455]
[2026-03-24 15:28:23 +0000] [455] [INFO] Waiting for application startup.
[2026-03-24 15:28:23 +0000] [455] [INFO] Application startup complete.
[2026-03-24 15:28:23 +0000] [467] [INFO] Booting worker with pid: 467
[2026-03-24 15:28:23 +0000] [459] [INFO] Started server process [459]
[2026-03-24 15:28:23 +0000] [459] [INFO] Waiting for application startup.
[2026-03-24 15:28:23 +0000] [459] [INFO] Application startup complete.
[2026-03-24 15:28:23 +0000] [468] [INFO] Booting worker with pid: 468
[2026-03-24 15:28:23 +0000] [461] [INFO] Started server process [461]
[2026-03-24 15:28:23 +0000] [461] [INFO] Waiting for application startup.
[2026-03-24 15:28:23 +0000] [461] [INFO] Application startup complete.
[2026-03-24 15:28:23 +0000] [470] [INFO] Booting worker with pid: 470
[2026-03-24 15:28:23 +0000] [471] [INFO] Booting worker with pid: 471
[2026-03-24 15:28:23 +0000] [464] [INFO] Started server process [464]
[2026-03-24 15:28:23 +0000] [464] [INFO] Waiting for application startup.
[2026-03-24 15:28:23 +0000] [464] [INFO] Application startup complete.
[2026-03-24 15:28:23 +0000] [473] [INFO] Booting worker with pid: 473
[2026-03-24 15:28:23 +0000] [474] [INFO] Booting worker with pid: 474
[2026-03-24 15:28:23 +0000] [467] [INFO] Started server process [467]
[2026-03-24 15:28:23 +0000] [467] [INFO] Waiting for application startup.
[2026-03-24 15:28:23 +0000] [467] [INFO] Application startup complete.
[2026-03-24 15:28:23 +0000] [468] [INFO] Started server process [468]
[2026-03-24 15:28:23 +0000] [468] [INFO] Waiting for application startup.
[2026-03-24 15:28:23 +0000] [468] [INFO] Application startup complete.
[2026-03-24 15:28:23 +0000] [477] [INFO] Booting worker with pid: 477
[2026-03-24 15:28:23 +0000] [470] [INFO] Started server process [470]
[2026-03-24 15:28:23 +0000] [470] [INFO] Waiting for application startup.
[2026-03-24 15:28:23 +0000] [470] [INFO] Application startup complete.
[2026-03-24 15:28:23 +0000] [471] [INFO] Started server process [471]
[2026-03-24 15:28:23 +0000] [471] [INFO] Waiting for application startup.
[2026-03-24 15:28:23 +0000] [471] [INFO] Application startup complete.
[2026-03-24 15:28:23 +0000] [480] [INFO] Booting worker with pid: 480
[2026-03-24 15:28:23 +0000] [473] [INFO] Started server process [473]
[2026-03-24 15:28:23 +0000] [473] [INFO] Waiting for application startup.
[2026-03-24 15:28:23 +0000] [473] [INFO] Application startup complete.
[2026-03-24 15:28:23 +0000] [482] [INFO] Booting worker with pid: 482
[2026-03-24 15:28:23 +0000] [483] [INFO] Booting worker with pid: 483
[2026-03-24 15:28:23 +0000] [474] [INFO] Started server process [474]
[2026-03-24 15:28:23 +0000] [474] [INFO] Waiting for application startup.
[2026-03-24 15:28:23 +0000] [474] [INFO] Application startup complete.
[2026-03-24 15:28:23 +0000] [485] [INFO] Booting worker with pid: 485
[2026-03-24 15:28:23 +0000] [477] [INFO] Started server process [477]
[2026-03-24 15:28:23 +0000] [477] [INFO] Waiting for application startup.
[2026-03-24 15:28:23 +0000] [477] [INFO] Application startup complete.
[2026-03-24 15:28:23 +0000] [487] [INFO] Booting worker with pid: 487
[2026-03-24 15:28:23 +0000] [488] [INFO] Booting worker with pid: 488
[2026-03-24 15:28:23 +0000] [490] [INFO] Booting worker with pid: 490
[2026-03-24 15:28:23 +0000] [480] [INFO] Started server process [480]
[2026-03-24 15:28:23 +0000] [480] [INFO] Waiting for application startup.
[2026-03-24 15:28:23 +0000] [480] [INFO] Application startup complete.
[2026-03-24 15:28:23 +0000] [491] [INFO] Booting worker with pid: 491
[2026-03-24 15:28:23 +0000] [482] [INFO] Started server process [482]
[2026-03-24 15:28:23 +0000] [482] [INFO] Waiting for application startup.
[2026-03-24 15:28:23 +0000] [482] [INFO] Application startup complete.
[2026-03-24 15:28:23 +0000] [483] [INFO] Started server process [483]
[2026-03-24 15:28:23 +0000] [483] [INFO] Waiting for application startup.
[2026-03-24 15:28:23 +0000] [483] [INFO] Application startup complete.
[2026-03-24 15:28:24 +0000] [494] [INFO] Booting worker with pid: 494
[2026-03-24 15:28:24 +0000] [485] [INFO] Started server process [485]
[2026-03-24 15:28:24 +0000] [485] [INFO] Waiting for application startup.
[2026-03-24 15:28:24 +0000] [485] [INFO] Application startup complete.
[2026-03-24 15:28:24 +0000] [487] [INFO] Started server process [487]
[2026-03-24 15:28:24 +0000] [487] [INFO] Waiting for application startup.
[2026-03-24 15:28:24 +0000] [487] [INFO] Application startup complete.
[2026-03-24 15:28:24 +0000] [488] [INFO] Started server process [488]
[2026-03-24 15:28:24 +0000] [488] [INFO] Waiting for application startup.
[2026-03-24 15:28:24 +0000] [498] [INFO] Booting worker with pid: 498
[2026-03-24 15:28:24 +0000] [488] [INFO] Application startup complete.
[2026-03-24 15:28:24 +0000] [490] [INFO] Started server process [490]
[2026-03-24 15:28:24 +0000] [490] [INFO] Waiting for application startup.
[2026-03-24 15:28:24 +0000] [490] [INFO] Application startup complete.
[2026-03-24 15:28:24 +0000] [491] [INFO] Started server process [491]
[2026-03-24 15:28:24 +0000] [491] [INFO] Waiting for application startup.
[2026-03-24 15:28:24 +0000] [491] [INFO] Application startup complete.
[2026-03-24 15:28:24 +0000] [501] [INFO] Booting worker with pid: 501
[2026-03-24 15:28:24 +0000] [502] [INFO] Booting worker with pid: 502
[2026-03-24 15:28:24 +0000] [494] [INFO] Started server process [494]
[2026-03-24 15:28:24 +0000] [494] [INFO] Waiting for application startup.
[2026-03-24 15:28:24 +0000] [494] [INFO] Application startup complete.
[2026-03-24 15:28:24 +0000] [504] [INFO] Booting worker with pid: 504
[2026-03-24 15:28:24 +0000] [505] [INFO] Booting worker with pid: 505
[2026-03-24 15:28:24 +0000] [498] [INFO] Started server process [498]
[2026-03-24 15:28:24 +0000] [498] [INFO] Waiting for application startup.
[2026-03-24 15:28:24 +0000] [498] [INFO] Application startup complete.
[2026-03-24 15:28:24 +0000] [507] [INFO] Booting worker with pid: 507
[2026-03-24 15:28:24 +0000] [501] [INFO] Started server process [501]
[2026-03-24 15:28:24 +0000] [501] [INFO] Waiting for application startup.
[2026-03-24 15:28:24 +0000] [501] [INFO] Application startup complete.
[2026-03-24 15:28:24 +0000] [509] [INFO] Booting worker with pid: 509
[2026-03-24 15:28:24 +0000] [502] [INFO] Started server process [502]
[2026-03-24 15:28:24 +0000] [502] [INFO] Waiting for application startup.
[2026-03-24 15:28:24 +0000] [502] [INFO] Application startup complete.
[2026-03-24 15:28:24 +0000] [512] [INFO] Booting worker with pid: 512
[2026-03-24 15:28:24 +0000] [504] [INFO] Started server process [504]
[2026-03-24 15:28:24 +0000] [504] [INFO] Waiting for application startup.
[2026-03-24 15:28:24 +0000] [504] [INFO] Application startup complete.
[2026-03-24 15:28:24 +0000] [505] [INFO] Started server process [505]
[2026-03-24 15:28:24 +0000] [505] [INFO] Waiting for application startup.
[2026-03-24 15:28:24 +0000] [505] [INFO] Application startup complete.
[2026-03-24 15:28:24 +0000] [514] [INFO] Booting worker with pid: 514
[2026-03-24 15:28:24 +0000] [507] [INFO] Started server process [507]
[2026-03-24 15:28:24 +0000] [507] [INFO] Waiting for application startup.
[2026-03-24 15:28:24 +0000] [507] [INFO] Application startup complete.
[2026-03-24 15:28:24 +0000] [509] [INFO] Started server process [509]
[2026-03-24 15:28:24 +0000] [509] [INFO] Waiting for application startup.
[2026-03-24 15:28:24 +0000] [509] [INFO] Application startup complete.
[2026-03-24 15:28:24 +0000] [512] [INFO] Started server process [512]
[2026-03-24 15:28:24 +0000] [512] [INFO] Waiting for application startup.
[2026-03-24 15:28:24 +0000] [512] [INFO] Application startup complete.
[2026-03-24 15:28:24 +0000] [514] [INFO] Started server process [514]
[2026-03-24 15:28:24 +0000] [514] [INFO] Waiting for application startup.
[2026-03-24 15:28:24 +0000] [514] [INFO] Application startup complete.
