[1] Puma starting in cluster mode...
[1] * Puma version: 6.6.1 ("Return to Forever")
[1] * Ruby version: ruby 3.4.9 (2026-03-11 revision 76cca827ab) +PRISM [x86_64-linux]
[1] *  Min threads: 4
[1] *  Max threads: 4
[1] *  Environment: development
[1] *   Master PID: 1
[1] *      Workers: 128
[1] *     Restarts: (✔) hot (✖) phased (✖) refork
[1] * Preloading application
[1] * Listening on http://0.0.0.0:8080
[1] Use Ctrl-C to stop
[1] - Worker 0 (PID: 8) booted in 0.29s, phase: 0
[1] - Worker 1 (PID: 11) booted in 0.29s, phase: 0
[1] - Worker 2 (PID: 16) booted in 0.28s, phase: 0
[1] - Worker 3 (PID: 23) booted in 0.28s, phase: 0
[1] - Worker 4 (PID: 42) booted in 0.28s, phase: 0
[1] - Worker 5 (PID: 51) booted in 0.28s, phase: 0
[1] - Worker 6 (PID: 67) booted in 0.28s, phase: 0
[1] - Worker 7 (PID: 79) booted in 0.27s, phase: 0
[1] - Worker 8 (PID: 93) booted in 0.27s, phase: 0
[1] - Worker 9 (PID: 103) booted in 0.27s, phase: 0
[1] - Worker 10 (PID: 115) booted in 0.27s, phase: 0
[1] - Worker 11 (PID: 123) booted in 0.27s, phase: 0
[1] - Worker 12 (PID: 135) booted in 0.27s, phase: 0
[1] - Worker 13 (PID: 147) booted in 0.27s, phase: 0
[1] - Worker 14 (PID: 170) booted in 0.26s, phase: 0
[1] - Worker 15 (PID: 179) booted in 0.26s, phase: 0
[1] - Worker 16 (PID: 185) booted in 0.26s, phase: 0
[1] - Worker 17 (PID: 195) booted in 0.26s, phase: 0
[1] - Worker 18 (PID: 207) booted in 0.25s, phase: 0
[1] - Worker 19 (PID: 219) booted in 0.25s, phase: 0
[1] - Worker 20 (PID: 231) booted in 0.25s, phase: 0
[1] - Worker 21 (PID: 243) booted in 0.25s, phase: 0
[1] - Worker 22 (PID: 255) booted in 0.25s, phase: 0
[1] - Worker 23 (PID: 267) booted in 0.25s, phase: 0
[1] - Worker 24 (PID: 279) booted in 0.25s, phase: 0
[1] - Worker 25 (PID: 292) booted in 0.24s, phase: 0
[1] - Worker 26 (PID: 303) booted in 0.24s, phase: 0
[1] - Worker 27 (PID: 315) booted in 0.24s, phase: 0
[1] - Worker 28 (PID: 326) booted in 0.24s, phase: 0
[1] - Worker 29 (PID: 351) booted in 0.24s, phase: 0
[1] - Worker 30 (PID: 364) booted in 0.23s, phase: 0
[1] - Worker 31 (PID: 367) booted in 0.23s, phase: 0
[1] - Worker 32 (PID: 377) booted in 0.23s, phase: 0
[1] - Worker 33 (PID: 386) booted in 0.23s, phase: 0
[1] - Worker 34 (PID: 395) booted in 0.23s, phase: 0
[1] - Worker 35 (PID: 410) booted in 0.23s, phase: 0
[1] - Worker 36 (PID: 418) booted in 0.23s, phase: 0
[1] - Worker 37 (PID: 432) booted in 0.22s, phase: 0
[1] - Worker 38 (PID: 446) booted in 0.22s, phase: 0
[1] - Worker 39 (PID: 456) booted in 0.22s, phase: 0
[1] - Worker 40 (PID: 468) booted in 0.22s, phase: 0
[1] - Worker 41 (PID: 482) booted in 0.22s, phase: 0
[1] - Worker 42 (PID: 492) booted in 0.22s, phase: 0
[1] - Worker 43 (PID: 504) booted in 0.22s, phase: 0
[1] - Worker 44 (PID: 518) booted in 0.21s, phase: 0
[1] - Worker 45 (PID: 527) booted in 0.21s, phase: 0
[1] - Worker 46 (PID: 539) booted in 0.21s, phase: 0
[1] - Worker 47 (PID: 553) booted in 0.21s, phase: 0
[1] - Worker 48 (PID: 562) booted in 0.21s, phase: 0
[1] - Worker 49 (PID: 576) booted in 0.21s, phase: 0
[1] - Worker 50 (PID: 589) booted in 0.2s, phase: 0
[1] - Worker 51 (PID: 601) booted in 0.2s, phase: 0
[1] - Worker 52 (PID: 613) booted in 0.2s, phase: 0
[1] - Worker 53 (PID: 627) booted in 0.2s, phase: 0
[1] - Worker 54 (PID: 636) booted in 0.2s, phase: 0
[1] - Worker 55 (PID: 650) booted in 0.2s, phase: 0
[1] - Worker 56 (PID: 661) booted in 0.19s, phase: 0
[1] - Worker 57 (PID: 672) booted in 0.19s, phase: 0
[1] - Worker 58 (PID: 685) booted in 0.19s, phase: 0
[1] - Worker 59 (PID: 699) booted in 0.19s, phase: 0
[1] - Worker 60 (PID: 709) booted in 0.19s, phase: 0
[1] - Worker 61 (PID: 722) booted in 0.19s, phase: 0
[1] - Worker 62 (PID: 733) booted in 0.18s, phase: 0
[1] - Worker 63 (PID: 743) booted in 0.18s, phase: 0
[1] - Worker 64 (PID: 756) booted in 0.18s, phase: 0
[1] - Worker 65 (PID: 769) booted in 0.18s, phase: 0
[1] - Worker 66 (PID: 777) booted in 0.18s, phase: 0
[1] - Worker 67 (PID: 794) booted in 0.18s, phase: 0
[1] - Worker 68 (PID: 813) booted in 0.17s, phase: 0
[1] - Worker 69 (PID: 823) booted in 0.17s, phase: 0
[1] - Worker 70 (PID: 835) booted in 0.17s, phase: 0
[1] - Worker 71 (PID: 844) booted in 0.17s, phase: 0
[1] - Worker 72 (PID: 855) booted in 0.16s, phase: 0
[1] - Worker 73 (PID: 866) booted in 0.16s, phase: 0
[1] - Worker 74 (PID: 879) booted in 0.16s, phase: 0
[1] - Worker 75 (PID: 889) booted in 0.16s, phase: 0
[1] - Worker 76 (PID: 900) booted in 0.16s, phase: 0
[1] - Worker 77 (PID: 914) booted in 0.16s, phase: 0
[1] - Worker 78 (PID: 925) booted in 0.15s, phase: 0
[1] - Worker 79 (PID: 938) booted in 0.15s, phase: 0
[1] - Worker 80 (PID: 949) booted in 0.15s, phase: 0
[1] - Worker 81 (PID: 963) booted in 0.15s, phase: 0
[1] - Worker 82 (PID: 974) booted in 0.15s, phase: 0
[1] - Worker 83 (PID: 986) booted in 0.15s, phase: 0
[1] - Worker 84 (PID: 999) booted in 0.14s, phase: 0
[1] - Worker 85 (PID: 1010) booted in 0.14s, phase: 0
[1] - Worker 86 (PID: 1023) booted in 0.14s, phase: 0
[1] - Worker 87 (PID: 1034) booted in 0.14s, phase: 0
[1] - Worker 88 (PID: 1045) booted in 0.14s, phase: 0
[1] - Worker 89 (PID: 1066) booted in 0.13s, phase: 0
[1] - Worker 90 (PID: 1075) booted in 0.13s, phase: 0
[1] - Worker 91 (PID: 1085) booted in 0.13s, phase: 0
[1] - Worker 92 (PID: 1094) booted in 0.13s, phase: 0
[1] - Worker 93 (PID: 1107) booted in 0.12s, phase: 0
[1] - Worker 94 (PID: 1123) booted in 0.12s, phase: 0
[1] - Worker 95 (PID: 1135) booted in 0.12s, phase: 0
[1] - Worker 96 (PID: 1147) booted in 0.12s, phase: 0
[1] - Worker 97 (PID: 1155) booted in 0.12s, phase: 0
[1] - Worker 98 (PID: 1167) booted in 0.11s, phase: 0
[1] - Worker 99 (PID: 1179) booted in 0.11s, phase: 0
[1] - Worker 100 (PID: 1191) booted in 0.11s, phase: 0
[1] - Worker 101 (PID: 1203) booted in 0.11s, phase: 0
[1] - Worker 102 (PID: 1213) booted in 0.11s, phase: 0
[1] - Worker 103 (PID: 1227) booted in 0.11s, phase: 0
[1] - Worker 104 (PID: 1237) booted in 0.1s, phase: 0
[1] - Worker 105 (PID: 1251) booted in 0.1s, phase: 0
[1] - Worker 106 (PID: 1263) booted in 0.1s, phase: 0
[1] - Worker 107 (PID: 1273) booted in 0.1s, phase: 0
[1] - Worker 108 (PID: 1284) booted in 0.1s, phase: 0
[1] - Worker 109 (PID: 1298) booted in 0.1s, phase: 0
[1] - Worker 110 (PID: 1309) booted in 0.09s, phase: 0
[1] - Worker 111 (PID: 1321) booted in 0.09s, phase: 0
[1] - Worker 112 (PID: 1335) booted in 0.09s, phase: 0
[1] - Worker 113 (PID: 1346) booted in 0.09s, phase: 0
[1] - Worker 114 (PID: 1356) booted in 0.09s, phase: 0
[1] - Worker 115 (PID: 1368) booted in 0.09s, phase: 0
[1] - Worker 116 (PID: 1381) booted in 0.08s, phase: 0
[1] - Worker 117 (PID: 1392) booted in 0.08s, phase: 0
[1] - Worker 118 (PID: 1407) booted in 0.08s, phase: 0
[1] - Worker 119 (PID: 1420) booted in 0.08s, phase: 0
[1] - Worker 120 (PID: 1435) booted in 0.08s, phase: 0
[1] - Worker 121 (PID: 1446) booted in 0.07s, phase: 0
[1] - Worker 122 (PID: 1453) booted in 0.07s, phase: 0
[1] - Worker 123 (PID: 1464) booted in 0.07s, phase: 0
[1] - Worker 124 (PID: 1478) booted in 0.07s, phase: 0
[1] - Worker 125 (PID: 1488) booted in 0.07s, phase: 0
[1] - Worker 126 (PID: 1500) booted in 0.06s, phase: 0
[1] - Worker 127 (PID: 1507) booted in 0.06s, phase: 0
