[2026-03-24 16:22:25 +0000] [1] [INFO] Starting gunicorn 23.0.0
[2026-03-24 16:22:25 +0000] [1] [INFO] Listening at: http://0.0.0.0:8080 (1)
[2026-03-24 16:22:25 +0000] [1] [INFO] Using worker: uvicorn.workers.UvicornWorker
[2026-03-24 16:22:25 +0000] [8] [INFO] Booting worker with pid: 8
[2026-03-24 16:22:25 +0000] [9] [INFO] Booting worker with pid: 9
[2026-03-24 16:22:25 +0000] [10] [INFO] Booting worker with pid: 10
[2026-03-24 16:22:25 +0000] [8] [INFO] Started server process [8]
[2026-03-24 16:22:25 +0000] [8] [INFO] Waiting for application startup.
[2026-03-24 16:22:25 +0000] [8] [INFO] Application startup complete.
[2026-03-24 16:22:25 +0000] [12] [INFO] Booting worker with pid: 12
[2026-03-24 16:22:25 +0000] [13] [INFO] Booting worker with pid: 13
[2026-03-24 16:22:25 +0000] [9] [INFO] Started server process [9]
[2026-03-24 16:22:25 +0000] [9] [INFO] Waiting for application startup.
[2026-03-24 16:22:25 +0000] [9] [INFO] Application startup complete.
[2026-03-24 16:22:25 +0000] [10] [INFO] Started server process [10]
[2026-03-24 16:22:25 +0000] [10] [INFO] Waiting for application startup.
[2026-03-24 16:22:25 +0000] [10] [INFO] Application startup complete.
[2026-03-24 16:22:25 +0000] [12] [INFO] Started server process [12]
[2026-03-24 16:22:25 +0000] [12] [INFO] Waiting for application startup.
[2026-03-24 16:22:25 +0000] [12] [INFO] Application startup complete.
[2026-03-24 16:22:25 +0000] [13] [INFO] Started server process [13]
[2026-03-24 16:22:25 +0000] [13] [INFO] Waiting for application startup.
[2026-03-24 16:22:25 +0000] [13] [INFO] Application startup complete.
[2026-03-24 16:22:25 +0000] [18] [INFO] Booting worker with pid: 18
[2026-03-24 16:22:25 +0000] [18] [INFO] Started server process [18]
[2026-03-24 16:22:25 +0000] [18] [INFO] Waiting for application startup.
[2026-03-24 16:22:25 +0000] [18] [INFO] Application startup complete.
[2026-03-24 16:22:25 +0000] [20] [INFO] Booting worker with pid: 20
[2026-03-24 16:22:25 +0000] [21] [INFO] Booting worker with pid: 21
[2026-03-24 16:22:25 +0000] [23] [INFO] Booting worker with pid: 23
[2026-03-24 16:22:25 +0000] [20] [INFO] Started server process [20]
[2026-03-24 16:22:25 +0000] [20] [INFO] Waiting for application startup.
[2026-03-24 16:22:25 +0000] [20] [INFO] Application startup complete.
[2026-03-24 16:22:25 +0000] [21] [INFO] Started server process [21]
[2026-03-24 16:22:25 +0000] [21] [INFO] Waiting for application startup.
[2026-03-24 16:22:25 +0000] [21] [INFO] Application startup complete.
[2026-03-24 16:22:26 +0000] [23] [INFO] Started server process [23]
[2026-03-24 16:22:26 +0000] [23] [INFO] Waiting for application startup.
[2026-03-24 16:22:26 +0000] [23] [INFO] Application startup complete.
[2026-03-24 16:22:26 +0000] [26] [INFO] Booting worker with pid: 26
[2026-03-24 16:22:26 +0000] [28] [INFO] Booting worker with pid: 28
[2026-03-24 16:22:26 +0000] [26] [INFO] Started server process [26]
[2026-03-24 16:22:26 +0000] [26] [INFO] Waiting for application startup.
[2026-03-24 16:22:26 +0000] [26] [INFO] Application startup complete.
[2026-03-24 16:22:26 +0000] [29] [INFO] Booting worker with pid: 29
[2026-03-24 16:22:26 +0000] [28] [INFO] Started server process [28]
[2026-03-24 16:22:26 +0000] [28] [INFO] Waiting for application startup.
[2026-03-24 16:22:26 +0000] [28] [INFO] Application startup complete.
[2026-03-24 16:22:26 +0000] [31] [INFO] Booting worker with pid: 31
[2026-03-24 16:22:26 +0000] [29] [INFO] Started server process [29]
[2026-03-24 16:22:26 +0000] [29] [INFO] Waiting for application startup.
[2026-03-24 16:22:26 +0000] [29] [INFO] Application startup complete.
[2026-03-24 16:22:26 +0000] [33] [INFO] Booting worker with pid: 33
[2026-03-24 16:22:26 +0000] [31] [INFO] Started server process [31]
[2026-03-24 16:22:26 +0000] [31] [INFO] Waiting for application startup.
[2026-03-24 16:22:26 +0000] [31] [INFO] Application startup complete.
[2026-03-24 16:22:26 +0000] [33] [INFO] Started server process [33]
[2026-03-24 16:22:26 +0000] [33] [INFO] Waiting for application startup.
[2026-03-24 16:22:26 +0000] [33] [INFO] Application startup complete.
[2026-03-24 16:22:26 +0000] [36] [INFO] Booting worker with pid: 36
[2026-03-24 16:22:26 +0000] [37] [INFO] Booting worker with pid: 37
[2026-03-24 16:22:26 +0000] [38] [INFO] Booting worker with pid: 38
[2026-03-24 16:22:26 +0000] [36] [INFO] Started server process [36]
[2026-03-24 16:22:26 +0000] [36] [INFO] Waiting for application startup.
[2026-03-24 16:22:26 +0000] [36] [INFO] Application startup complete.
[2026-03-24 16:22:26 +0000] [37] [INFO] Started server process [37]
[2026-03-24 16:22:26 +0000] [37] [INFO] Waiting for application startup.
[2026-03-24 16:22:26 +0000] [37] [INFO] Application startup complete.
[2026-03-24 16:22:26 +0000] [38] [INFO] Started server process [38]
[2026-03-24 16:22:26 +0000] [38] [INFO] Waiting for application startup.
[2026-03-24 16:22:26 +0000] [38] [INFO] Application startup complete.
[2026-03-24 16:22:26 +0000] [42] [INFO] Booting worker with pid: 42
[2026-03-24 16:22:26 +0000] [44] [INFO] Booting worker with pid: 44
[2026-03-24 16:22:26 +0000] [42] [INFO] Started server process [42]
[2026-03-24 16:22:26 +0000] [42] [INFO] Waiting for application startup.
[2026-03-24 16:22:26 +0000] [42] [INFO] Application startup complete.
[2026-03-24 16:22:26 +0000] [45] [INFO] Booting worker with pid: 45
[2026-03-24 16:22:26 +0000] [44] [INFO] Started server process [44]
[2026-03-24 16:22:26 +0000] [44] [INFO] Waiting for application startup.
[2026-03-24 16:22:26 +0000] [44] [INFO] Application startup complete.
[2026-03-24 16:22:26 +0000] [48] [INFO] Booting worker with pid: 48
[2026-03-24 16:22:26 +0000] [45] [INFO] Started server process [45]
[2026-03-24 16:22:26 +0000] [45] [INFO] Waiting for application startup.
[2026-03-24 16:22:26 +0000] [45] [INFO] Application startup complete.
[2026-03-24 16:22:26 +0000] [49] [INFO] Booting worker with pid: 49
[2026-03-24 16:22:26 +0000] [48] [INFO] Started server process [48]
[2026-03-24 16:22:26 +0000] [48] [INFO] Waiting for application startup.
[2026-03-24 16:22:26 +0000] [48] [INFO] Application startup complete.
[2026-03-24 16:22:26 +0000] [49] [INFO] Started server process [49]
[2026-03-24 16:22:26 +0000] [49] [INFO] Waiting for application startup.
[2026-03-24 16:22:26 +0000] [49] [INFO] Application startup complete.
[2026-03-24 16:22:26 +0000] [52] [INFO] Booting worker with pid: 52
[2026-03-24 16:22:26 +0000] [53] [INFO] Booting worker with pid: 53
[2026-03-24 16:22:26 +0000] [54] [INFO] Booting worker with pid: 54
[2026-03-24 16:22:26 +0000] [52] [INFO] Started server process [52]
[2026-03-24 16:22:26 +0000] [52] [INFO] Waiting for application startup.
[2026-03-24 16:22:26 +0000] [52] [INFO] Application startup complete.
[2026-03-24 16:22:26 +0000] [53] [INFO] Started server process [53]
[2026-03-24 16:22:26 +0000] [53] [INFO] Waiting for application startup.
[2026-03-24 16:22:26 +0000] [53] [INFO] Application startup complete.
[2026-03-24 16:22:26 +0000] [54] [INFO] Started server process [54]
[2026-03-24 16:22:26 +0000] [54] [INFO] Waiting for application startup.
[2026-03-24 16:22:26 +0000] [54] [INFO] Application startup complete.
[2026-03-24 16:22:26 +0000] [58] [INFO] Booting worker with pid: 58
[2026-03-24 16:22:26 +0000] [59] [INFO] Booting worker with pid: 59
[2026-03-24 16:22:26 +0000] [60] [INFO] Booting worker with pid: 60
[2026-03-24 16:22:26 +0000] [59] [INFO] Started server process [59]
[2026-03-24 16:22:26 +0000] [59] [INFO] Waiting for application startup.
[2026-03-24 16:22:26 +0000] [59] [INFO] Application startup complete.
[2026-03-24 16:22:26 +0000] [58] [INFO] Started server process [58]
[2026-03-24 16:22:26 +0000] [58] [INFO] Waiting for application startup.
[2026-03-24 16:22:26 +0000] [58] [INFO] Application startup complete.
[2026-03-24 16:22:26 +0000] [60] [INFO] Started server process [60]
[2026-03-24 16:22:26 +0000] [60] [INFO] Waiting for application startup.
[2026-03-24 16:22:26 +0000] [60] [INFO] Application startup complete.
[2026-03-24 16:22:26 +0000] [64] [INFO] Booting worker with pid: 64
[2026-03-24 16:22:26 +0000] [65] [INFO] Booting worker with pid: 65
[2026-03-24 16:22:27 +0000] [64] [INFO] Started server process [64]
[2026-03-24 16:22:27 +0000] [64] [INFO] Waiting for application startup.
[2026-03-24 16:22:27 +0000] [64] [INFO] Application startup complete.
[2026-03-24 16:22:27 +0000] [65] [INFO] Started server process [65]
[2026-03-24 16:22:27 +0000] [65] [INFO] Waiting for application startup.
[2026-03-24 16:22:27 +0000] [65] [INFO] Application startup complete.
[2026-03-24 16:22:27 +0000] [68] [INFO] Booting worker with pid: 68
[2026-03-24 16:22:27 +0000] [70] [INFO] Booting worker with pid: 70
[2026-03-24 16:22:27 +0000] [68] [INFO] Started server process [68]
[2026-03-24 16:22:27 +0000] [68] [INFO] Waiting for application startup.
[2026-03-24 16:22:27 +0000] [68] [INFO] Application startup complete.
[2026-03-24 16:22:27 +0000] [71] [INFO] Booting worker with pid: 71
[2026-03-24 16:22:27 +0000] [72] [INFO] Booting worker with pid: 72
[2026-03-24 16:22:27 +0000] [73] [INFO] Booting worker with pid: 73
[2026-03-24 16:22:27 +0000] [74] [INFO] Booting worker with pid: 74
[2026-03-24 16:22:27 +0000] [70] [INFO] Started server process [70]
[2026-03-24 16:22:27 +0000] [70] [INFO] Waiting for application startup.
[2026-03-24 16:22:27 +0000] [70] [INFO] Application startup complete.
[2026-03-24 16:22:27 +0000] [71] [INFO] Started server process [71]
[2026-03-24 16:22:27 +0000] [71] [INFO] Waiting for application startup.
[2026-03-24 16:22:27 +0000] [71] [INFO] Application startup complete.
[2026-03-24 16:22:27 +0000] [72] [INFO] Started server process [72]
[2026-03-24 16:22:27 +0000] [72] [INFO] Waiting for application startup.
[2026-03-24 16:22:27 +0000] [72] [INFO] Application startup complete.
[2026-03-24 16:22:27 +0000] [80] [INFO] Booting worker with pid: 80
[2026-03-24 16:22:27 +0000] [74] [INFO] Started server process [74]
[2026-03-24 16:22:27 +0000] [74] [INFO] Waiting for application startup.
[2026-03-24 16:22:27 +0000] [74] [INFO] Application startup complete.
[2026-03-24 16:22:27 +0000] [73] [INFO] Started server process [73]
[2026-03-24 16:22:27 +0000] [73] [INFO] Waiting for application startup.
[2026-03-24 16:22:27 +0000] [73] [INFO] Application startup complete.
[2026-03-24 16:22:27 +0000] [81] [INFO] Booting worker with pid: 81
[2026-03-24 16:22:27 +0000] [80] [INFO] Started server process [80]
[2026-03-24 16:22:27 +0000] [80] [INFO] Waiting for application startup.
[2026-03-24 16:22:27 +0000] [80] [INFO] Application startup complete.
[2026-03-24 16:22:27 +0000] [83] [INFO] Booting worker with pid: 83
[2026-03-24 16:22:27 +0000] [81] [INFO] Started server process [81]
[2026-03-24 16:22:27 +0000] [81] [INFO] Waiting for application startup.
[2026-03-24 16:22:27 +0000] [81] [INFO] Application startup complete.
[2026-03-24 16:22:27 +0000] [86] [INFO] Booting worker with pid: 86
[2026-03-24 16:22:27 +0000] [83] [INFO] Started server process [83]
[2026-03-24 16:22:27 +0000] [83] [INFO] Waiting for application startup.
[2026-03-24 16:22:27 +0000] [83] [INFO] Application startup complete.
[2026-03-24 16:22:27 +0000] [87] [INFO] Booting worker with pid: 87
[2026-03-24 16:22:27 +0000] [88] [INFO] Booting worker with pid: 88
[2026-03-24 16:22:27 +0000] [86] [INFO] Started server process [86]
[2026-03-24 16:22:27 +0000] [86] [INFO] Waiting for application startup.
[2026-03-24 16:22:27 +0000] [86] [INFO] Application startup complete.
[2026-03-24 16:22:27 +0000] [90] [INFO] Booting worker with pid: 90
[2026-03-24 16:22:27 +0000] [87] [INFO] Started server process [87]
[2026-03-24 16:22:27 +0000] [87] [INFO] Waiting for application startup.
[2026-03-24 16:22:27 +0000] [87] [INFO] Application startup complete.
[2026-03-24 16:22:27 +0000] [88] [INFO] Started server process [88]
[2026-03-24 16:22:27 +0000] [88] [INFO] Waiting for application startup.
[2026-03-24 16:22:27 +0000] [88] [INFO] Application startup complete.
[2026-03-24 16:22:27 +0000] [90] [INFO] Started server process [90]
[2026-03-24 16:22:27 +0000] [90] [INFO] Waiting for application startup.
[2026-03-24 16:22:27 +0000] [90] [INFO] Application startup complete.
[2026-03-24 16:22:27 +0000] [94] [INFO] Booting worker with pid: 94
[2026-03-24 16:22:27 +0000] [96] [INFO] Booting worker with pid: 96
[2026-03-24 16:22:27 +0000] [94] [INFO] Started server process [94]
[2026-03-24 16:22:27 +0000] [94] [INFO] Waiting for application startup.
[2026-03-24 16:22:27 +0000] [94] [INFO] Application startup complete.
[2026-03-24 16:22:27 +0000] [97] [INFO] Booting worker with pid: 97
[2026-03-24 16:22:27 +0000] [98] [INFO] Booting worker with pid: 98
[2026-03-24 16:22:27 +0000] [96] [INFO] Started server process [96]
[2026-03-24 16:22:27 +0000] [96] [INFO] Waiting for application startup.
[2026-03-24 16:22:27 +0000] [96] [INFO] Application startup complete.
[2026-03-24 16:22:27 +0000] [97] [INFO] Started server process [97]
[2026-03-24 16:22:27 +0000] [97] [INFO] Waiting for application startup.
[2026-03-24 16:22:27 +0000] [97] [INFO] Application startup complete.
[2026-03-24 16:22:27 +0000] [98] [INFO] Started server process [98]
[2026-03-24 16:22:27 +0000] [98] [INFO] Waiting for application startup.
[2026-03-24 16:22:27 +0000] [98] [INFO] Application startup complete.
[2026-03-24 16:22:27 +0000] [102] [INFO] Booting worker with pid: 102
[2026-03-24 16:22:27 +0000] [104] [INFO] Booting worker with pid: 104
[2026-03-24 16:22:27 +0000] [102] [INFO] Started server process [102]
[2026-03-24 16:22:27 +0000] [102] [INFO] Waiting for application startup.
[2026-03-24 16:22:27 +0000] [102] [INFO] Application startup complete.
[2026-03-24 16:22:27 +0000] [105] [INFO] Booting worker with pid: 105
[2026-03-24 16:22:27 +0000] [104] [INFO] Started server process [104]
[2026-03-24 16:22:27 +0000] [104] [INFO] Waiting for application startup.
[2026-03-24 16:22:27 +0000] [104] [INFO] Application startup complete.
[2026-03-24 16:22:27 +0000] [107] [INFO] Booting worker with pid: 107
[2026-03-24 16:22:28 +0000] [109] [INFO] Booting worker with pid: 109
[2026-03-24 16:22:28 +0000] [105] [INFO] Started server process [105]
[2026-03-24 16:22:28 +0000] [105] [INFO] Waiting for application startup.
[2026-03-24 16:22:28 +0000] [105] [INFO] Application startup complete.
[2026-03-24 16:22:28 +0000] [110] [INFO] Booting worker with pid: 110
[2026-03-24 16:22:28 +0000] [107] [INFO] Started server process [107]
[2026-03-24 16:22:28 +0000] [107] [INFO] Waiting for application startup.
[2026-03-24 16:22:28 +0000] [107] [INFO] Application startup complete.
[2026-03-24 16:22:28 +0000] [109] [INFO] Started server process [109]
[2026-03-24 16:22:28 +0000] [109] [INFO] Waiting for application startup.
[2026-03-24 16:22:28 +0000] [109] [INFO] Application startup complete.
[2026-03-24 16:22:28 +0000] [110] [INFO] Started server process [110]
[2026-03-24 16:22:28 +0000] [110] [INFO] Waiting for application startup.
[2026-03-24 16:22:28 +0000] [110] [INFO] Application startup complete.
[2026-03-24 16:22:28 +0000] [114] [INFO] Booting worker with pid: 114
[2026-03-24 16:22:28 +0000] [115] [INFO] Booting worker with pid: 115
[2026-03-24 16:22:28 +0000] [116] [INFO] Booting worker with pid: 116
[2026-03-24 16:22:28 +0000] [114] [INFO] Started server process [114]
[2026-03-24 16:22:28 +0000] [114] [INFO] Waiting for application startup.
[2026-03-24 16:22:28 +0000] [114] [INFO] Application startup complete.
[2026-03-24 16:22:28 +0000] [115] [INFO] Started server process [115]
[2026-03-24 16:22:28 +0000] [115] [INFO] Waiting for application startup.
[2026-03-24 16:22:28 +0000] [115] [INFO] Application startup complete.
[2026-03-24 16:22:28 +0000] [116] [INFO] Started server process [116]
[2026-03-24 16:22:28 +0000] [116] [INFO] Waiting for application startup.
[2026-03-24 16:22:28 +0000] [116] [INFO] Application startup complete.
[2026-03-24 16:22:28 +0000] [120] [INFO] Booting worker with pid: 120
[2026-03-24 16:22:28 +0000] [121] [INFO] Booting worker with pid: 121
[2026-03-24 16:22:28 +0000] [122] [INFO] Booting worker with pid: 122
[2026-03-24 16:22:28 +0000] [120] [INFO] Started server process [120]
[2026-03-24 16:22:28 +0000] [120] [INFO] Waiting for application startup.
[2026-03-24 16:22:28 +0000] [120] [INFO] Application startup complete.
[2026-03-24 16:22:28 +0000] [125] [INFO] Booting worker with pid: 125
[2026-03-24 16:22:28 +0000] [121] [INFO] Started server process [121]
[2026-03-24 16:22:28 +0000] [121] [INFO] Waiting for application startup.
[2026-03-24 16:22:28 +0000] [121] [INFO] Application startup complete.
[2026-03-24 16:22:28 +0000] [122] [INFO] Started server process [122]
[2026-03-24 16:22:28 +0000] [122] [INFO] Waiting for application startup.
[2026-03-24 16:22:28 +0000] [122] [INFO] Application startup complete.
[2026-03-24 16:22:28 +0000] [127] [INFO] Booting worker with pid: 127
[2026-03-24 16:22:28 +0000] [125] [INFO] Started server process [125]
[2026-03-24 16:22:28 +0000] [125] [INFO] Waiting for application startup.
[2026-03-24 16:22:28 +0000] [125] [INFO] Application startup complete.
[2026-03-24 16:22:28 +0000] [127] [INFO] Started server process [127]
[2026-03-24 16:22:28 +0000] [127] [INFO] Waiting for application startup.
[2026-03-24 16:22:28 +0000] [127] [INFO] Application startup complete.
[2026-03-24 16:22:28 +0000] [130] [INFO] Booting worker with pid: 130
[2026-03-24 16:22:28 +0000] [130] [INFO] Started server process [130]
[2026-03-24 16:22:28 +0000] [130] [INFO] Waiting for application startup.
[2026-03-24 16:22:28 +0000] [130] [INFO] Application startup complete.
[2026-03-24 16:22:28 +0000] [132] [INFO] Booting worker with pid: 132
[2026-03-24 16:22:28 +0000] [133] [INFO] Booting worker with pid: 133
[2026-03-24 16:22:28 +0000] [132] [INFO] Started server process [132]
[2026-03-24 16:22:28 +0000] [132] [INFO] Waiting for application startup.
[2026-03-24 16:22:28 +0000] [132] [INFO] Application startup complete.
[2026-03-24 16:22:28 +0000] [136] [INFO] Booting worker with pid: 136
[2026-03-24 16:22:28 +0000] [133] [INFO] Started server process [133]
[2026-03-24 16:22:28 +0000] [133] [INFO] Waiting for application startup.
[2026-03-24 16:22:28 +0000] [133] [INFO] Application startup complete.
[2026-03-24 16:22:28 +0000] [137] [INFO] Booting worker with pid: 137
[2026-03-24 16:22:28 +0000] [136] [INFO] Started server process [136]
[2026-03-24 16:22:28 +0000] [136] [INFO] Waiting for application startup.
[2026-03-24 16:22:28 +0000] [136] [INFO] Application startup complete.
[2026-03-24 16:22:28 +0000] [139] [INFO] Booting worker with pid: 139
[2026-03-24 16:22:28 +0000] [137] [INFO] Started server process [137]
[2026-03-24 16:22:28 +0000] [137] [INFO] Waiting for application startup.
[2026-03-24 16:22:28 +0000] [137] [INFO] Application startup complete.
[2026-03-24 16:22:28 +0000] [141] [INFO] Booting worker with pid: 141
[2026-03-24 16:22:28 +0000] [139] [INFO] Started server process [139]
[2026-03-24 16:22:28 +0000] [139] [INFO] Waiting for application startup.
[2026-03-24 16:22:28 +0000] [139] [INFO] Application startup complete.
[2026-03-24 16:22:28 +0000] [144] [INFO] Booting worker with pid: 144
[2026-03-24 16:22:28 +0000] [141] [INFO] Started server process [141]
[2026-03-24 16:22:28 +0000] [141] [INFO] Waiting for application startup.
[2026-03-24 16:22:28 +0000] [141] [INFO] Application startup complete.
[2026-03-24 16:22:29 +0000] [144] [INFO] Started server process [144]
[2026-03-24 16:22:29 +0000] [144] [INFO] Waiting for application startup.
[2026-03-24 16:22:29 +0000] [144] [INFO] Application startup complete.
[2026-03-24 16:22:29 +0000] [146] [INFO] Booting worker with pid: 146
[2026-03-24 16:22:29 +0000] [147] [INFO] Booting worker with pid: 147
[2026-03-24 16:22:29 +0000] [148] [INFO] Booting worker with pid: 148
[2026-03-24 16:22:29 +0000] [149] [INFO] Booting worker with pid: 149
[2026-03-24 16:22:29 +0000] [146] [INFO] Started server process [146]
[2026-03-24 16:22:29 +0000] [146] [INFO] Waiting for application startup.
[2026-03-24 16:22:29 +0000] [146] [INFO] Application startup complete.
[2026-03-24 16:22:29 +0000] [147] [INFO] Started server process [147]
[2026-03-24 16:22:29 +0000] [147] [INFO] Waiting for application startup.
[2026-03-24 16:22:29 +0000] [147] [INFO] Application startup complete.
[2026-03-24 16:22:29 +0000] [153] [INFO] Booting worker with pid: 153
[2026-03-24 16:22:29 +0000] [148] [INFO] Started server process [148]
[2026-03-24 16:22:29 +0000] [148] [INFO] Waiting for application startup.
[2026-03-24 16:22:29 +0000] [148] [INFO] Application startup complete.
[2026-03-24 16:22:29 +0000] [149] [INFO] Started server process [149]
[2026-03-24 16:22:29 +0000] [149] [INFO] Waiting for application startup.
[2026-03-24 16:22:29 +0000] [149] [INFO] Application startup complete.
[2026-03-24 16:22:29 +0000] [156] [INFO] Booting worker with pid: 156
[2026-03-24 16:22:29 +0000] [153] [INFO] Started server process [153]
[2026-03-24 16:22:29 +0000] [153] [INFO] Waiting for application startup.
[2026-03-24 16:22:29 +0000] [153] [INFO] Application startup complete.
[2026-03-24 16:22:29 +0000] [156] [INFO] Started server process [156]
[2026-03-24 16:22:29 +0000] [156] [INFO] Waiting for application startup.
[2026-03-24 16:22:29 +0000] [156] [INFO] Application startup complete.
[2026-03-24 16:22:29 +0000] [158] [INFO] Booting worker with pid: 158
[2026-03-24 16:22:29 +0000] [158] [INFO] Started server process [158]
[2026-03-24 16:22:29 +0000] [158] [INFO] Waiting for application startup.
[2026-03-24 16:22:29 +0000] [158] [INFO] Application startup complete.
[2026-03-24 16:22:29 +0000] [160] [INFO] Booting worker with pid: 160
[2026-03-24 16:22:29 +0000] [160] [INFO] Started server process [160]
[2026-03-24 16:22:29 +0000] [160] [INFO] Waiting for application startup.
[2026-03-24 16:22:29 +0000] [160] [INFO] Application startup complete.
[2026-03-24 16:22:29 +0000] [162] [INFO] Booting worker with pid: 162
[2026-03-24 16:22:29 +0000] [163] [INFO] Booting worker with pid: 163
[2026-03-24 16:22:29 +0000] [164] [INFO] Booting worker with pid: 164
[2026-03-24 16:22:29 +0000] [165] [INFO] Booting worker with pid: 165
[2026-03-24 16:22:29 +0000] [162] [INFO] Started server process [162]
[2026-03-24 16:22:29 +0000] [162] [INFO] Waiting for application startup.
[2026-03-24 16:22:29 +0000] [162] [INFO] Application startup complete.
[2026-03-24 16:22:29 +0000] [163] [INFO] Started server process [163]
[2026-03-24 16:22:29 +0000] [163] [INFO] Waiting for application startup.
[2026-03-24 16:22:29 +0000] [163] [INFO] Application startup complete.
[2026-03-24 16:22:29 +0000] [170] [INFO] Booting worker with pid: 170
[2026-03-24 16:22:29 +0000] [164] [INFO] Started server process [164]
[2026-03-24 16:22:29 +0000] [164] [INFO] Waiting for application startup.
[2026-03-24 16:22:29 +0000] [164] [INFO] Application startup complete.
[2026-03-24 16:22:29 +0000] [165] [INFO] Started server process [165]
[2026-03-24 16:22:29 +0000] [165] [INFO] Waiting for application startup.
[2026-03-24 16:22:29 +0000] [165] [INFO] Application startup complete.
[2026-03-24 16:22:29 +0000] [171] [INFO] Booting worker with pid: 171
[2026-03-24 16:22:29 +0000] [170] [INFO] Started server process [170]
[2026-03-24 16:22:29 +0000] [170] [INFO] Waiting for application startup.
[2026-03-24 16:22:29 +0000] [170] [INFO] Application startup complete.
[2026-03-24 16:22:29 +0000] [174] [INFO] Booting worker with pid: 174
[2026-03-24 16:22:29 +0000] [171] [INFO] Started server process [171]
[2026-03-24 16:22:29 +0000] [171] [INFO] Waiting for application startup.
[2026-03-24 16:22:29 +0000] [171] [INFO] Application startup complete.
[2026-03-24 16:22:29 +0000] [175] [INFO] Booting worker with pid: 175
[2026-03-24 16:22:29 +0000] [174] [INFO] Started server process [174]
[2026-03-24 16:22:29 +0000] [174] [INFO] Waiting for application startup.
[2026-03-24 16:22:29 +0000] [174] [INFO] Application startup complete.
[2026-03-24 16:22:29 +0000] [178] [INFO] Booting worker with pid: 178
[2026-03-24 16:22:29 +0000] [175] [INFO] Started server process [175]
[2026-03-24 16:22:29 +0000] [175] [INFO] Waiting for application startup.
[2026-03-24 16:22:29 +0000] [175] [INFO] Application startup complete.
[2026-03-24 16:22:29 +0000] [178] [INFO] Started server process [178]
[2026-03-24 16:22:29 +0000] [178] [INFO] Waiting for application startup.
[2026-03-24 16:22:29 +0000] [178] [INFO] Application startup complete.
[2026-03-24 16:22:29 +0000] [180] [INFO] Booting worker with pid: 180
[2026-03-24 16:22:29 +0000] [182] [INFO] Booting worker with pid: 182
[2026-03-24 16:22:29 +0000] [180] [INFO] Started server process [180]
[2026-03-24 16:22:29 +0000] [180] [INFO] Waiting for application startup.
[2026-03-24 16:22:29 +0000] [180] [INFO] Application startup complete.
[2026-03-24 16:22:30 +0000] [183] [INFO] Booting worker with pid: 183
[2026-03-24 16:22:30 +0000] [185] [INFO] Booting worker with pid: 185
[2026-03-24 16:22:30 +0000] [182] [INFO] Started server process [182]
[2026-03-24 16:22:30 +0000] [182] [INFO] Waiting for application startup.
[2026-03-24 16:22:30 +0000] [182] [INFO] Application startup complete.
[2026-03-24 16:22:30 +0000] [183] [INFO] Started server process [183]
[2026-03-24 16:22:30 +0000] [183] [INFO] Waiting for application startup.
[2026-03-24 16:22:30 +0000] [183] [INFO] Application startup complete.
[2026-03-24 16:22:30 +0000] [185] [INFO] Started server process [185]
[2026-03-24 16:22:30 +0000] [185] [INFO] Waiting for application startup.
[2026-03-24 16:22:30 +0000] [185] [INFO] Application startup complete.
[2026-03-24 16:22:30 +0000] [188] [INFO] Booting worker with pid: 188
[2026-03-24 16:22:30 +0000] [190] [INFO] Booting worker with pid: 190
[2026-03-24 16:22:30 +0000] [188] [INFO] Started server process [188]
[2026-03-24 16:22:30 +0000] [188] [INFO] Waiting for application startup.
[2026-03-24 16:22:30 +0000] [188] [INFO] Application startup complete.
[2026-03-24 16:22:30 +0000] [192] [INFO] Booting worker with pid: 192
[2026-03-24 16:22:30 +0000] [190] [INFO] Started server process [190]
[2026-03-24 16:22:30 +0000] [190] [INFO] Waiting for application startup.
[2026-03-24 16:22:30 +0000] [190] [INFO] Application startup complete.
[2026-03-24 16:22:30 +0000] [193] [INFO] Booting worker with pid: 193
[2026-03-24 16:22:30 +0000] [194] [INFO] Booting worker with pid: 194
[2026-03-24 16:22:30 +0000] [195] [INFO] Booting worker with pid: 195
[2026-03-24 16:22:30 +0000] [192] [INFO] Started server process [192]
[2026-03-24 16:22:30 +0000] [192] [INFO] Waiting for application startup.
[2026-03-24 16:22:30 +0000] [192] [INFO] Application startup complete.
[2026-03-24 16:22:30 +0000] [193] [INFO] Started server process [193]
[2026-03-24 16:22:30 +0000] [193] [INFO] Waiting for application startup.
[2026-03-24 16:22:30 +0000] [193] [INFO] Application startup complete.
[2026-03-24 16:22:30 +0000] [194] [INFO] Started server process [194]
[2026-03-24 16:22:30 +0000] [194] [INFO] Waiting for application startup.
[2026-03-24 16:22:30 +0000] [194] [INFO] Application startup complete.
[2026-03-24 16:22:30 +0000] [200] [INFO] Booting worker with pid: 200
[2026-03-24 16:22:30 +0000] [195] [INFO] Started server process [195]
[2026-03-24 16:22:30 +0000] [195] [INFO] Waiting for application startup.
[2026-03-24 16:22:30 +0000] [195] [INFO] Application startup complete.
[2026-03-24 16:22:30 +0000] [201] [INFO] Booting worker with pid: 201
[2026-03-24 16:22:30 +0000] [200] [INFO] Started server process [200]
[2026-03-24 16:22:30 +0000] [200] [INFO] Waiting for application startup.
[2026-03-24 16:22:30 +0000] [200] [INFO] Application startup complete.
[2026-03-24 16:22:30 +0000] [201] [INFO] Started server process [201]
[2026-03-24 16:22:30 +0000] [201] [INFO] Waiting for application startup.
[2026-03-24 16:22:30 +0000] [201] [INFO] Application startup complete.
[2026-03-24 16:22:30 +0000] [204] [INFO] Booting worker with pid: 204
[2026-03-24 16:22:30 +0000] [205] [INFO] Booting worker with pid: 205
[2026-03-24 16:22:30 +0000] [207] [INFO] Booting worker with pid: 207
[2026-03-24 16:22:30 +0000] [208] [INFO] Booting worker with pid: 208
[2026-03-24 16:22:30 +0000] [204] [INFO] Started server process [204]
[2026-03-24 16:22:30 +0000] [204] [INFO] Waiting for application startup.
[2026-03-24 16:22:30 +0000] [204] [INFO] Application startup complete.
[2026-03-24 16:22:30 +0000] [205] [INFO] Started server process [205]
[2026-03-24 16:22:30 +0000] [205] [INFO] Waiting for application startup.
[2026-03-24 16:22:30 +0000] [205] [INFO] Application startup complete.
[2026-03-24 16:22:30 +0000] [212] [INFO] Booting worker with pid: 212
[2026-03-24 16:22:30 +0000] [208] [INFO] Started server process [208]
[2026-03-24 16:22:30 +0000] [208] [INFO] Waiting for application startup.
[2026-03-24 16:22:30 +0000] [208] [INFO] Application startup complete.
[2026-03-24 16:22:30 +0000] [207] [INFO] Started server process [207]
[2026-03-24 16:22:30 +0000] [207] [INFO] Waiting for application startup.
[2026-03-24 16:22:30 +0000] [207] [INFO] Application startup complete.
[2026-03-24 16:22:30 +0000] [213] [INFO] Booting worker with pid: 213
[2026-03-24 16:22:30 +0000] [214] [INFO] Booting worker with pid: 214
[2026-03-24 16:22:30 +0000] [212] [INFO] Started server process [212]
[2026-03-24 16:22:30 +0000] [212] [INFO] Waiting for application startup.
[2026-03-24 16:22:30 +0000] [212] [INFO] Application startup complete.
[2026-03-24 16:22:30 +0000] [213] [INFO] Started server process [213]
[2026-03-24 16:22:30 +0000] [213] [INFO] Waiting for application startup.
[2026-03-24 16:22:30 +0000] [213] [INFO] Application startup complete.
[2026-03-24 16:22:30 +0000] [218] [INFO] Booting worker with pid: 218
[2026-03-24 16:22:30 +0000] [214] [INFO] Started server process [214]
[2026-03-24 16:22:30 +0000] [214] [INFO] Waiting for application startup.
[2026-03-24 16:22:30 +0000] [214] [INFO] Application startup complete.
[2026-03-24 16:22:30 +0000] [219] [INFO] Booting worker with pid: 219
[2026-03-24 16:22:31 +0000] [218] [INFO] Started server process [218]
[2026-03-24 16:22:31 +0000] [218] [INFO] Waiting for application startup.
[2026-03-24 16:22:31 +0000] [218] [INFO] Application startup complete.
[2026-03-24 16:22:31 +0000] [221] [INFO] Booting worker with pid: 221
[2026-03-24 16:22:31 +0000] [219] [INFO] Started server process [219]
[2026-03-24 16:22:31 +0000] [219] [INFO] Waiting for application startup.
[2026-03-24 16:22:31 +0000] [219] [INFO] Application startup complete.
[2026-03-24 16:22:31 +0000] [221] [INFO] Started server process [221]
[2026-03-24 16:22:31 +0000] [221] [INFO] Waiting for application startup.
[2026-03-24 16:22:31 +0000] [221] [INFO] Application startup complete.
[2026-03-24 16:22:31 +0000] [224] [INFO] Booting worker with pid: 224
[2026-03-24 16:22:31 +0000] [225] [INFO] Booting worker with pid: 225
[2026-03-24 16:22:31 +0000] [228] [INFO] Booting worker with pid: 228
[2026-03-24 16:22:31 +0000] [224] [INFO] Started server process [224]
[2026-03-24 16:22:31 +0000] [224] [INFO] Waiting for application startup.
[2026-03-24 16:22:31 +0000] [224] [INFO] Application startup complete.
[2026-03-24 16:22:31 +0000] [225] [INFO] Started server process [225]
[2026-03-24 16:22:31 +0000] [225] [INFO] Waiting for application startup.
[2026-03-24 16:22:31 +0000] [225] [INFO] Application startup complete.
[2026-03-24 16:22:31 +0000] [229] [INFO] Booting worker with pid: 229
[2026-03-24 16:22:31 +0000] [230] [INFO] Booting worker with pid: 230
[2026-03-24 16:22:31 +0000] [228] [INFO] Started server process [228]
[2026-03-24 16:22:31 +0000] [228] [INFO] Waiting for application startup.
[2026-03-24 16:22:31 +0000] [228] [INFO] Application startup complete.
[2026-03-24 16:22:31 +0000] [233] [INFO] Booting worker with pid: 233
[2026-03-24 16:22:31 +0000] [229] [INFO] Started server process [229]
[2026-03-24 16:22:31 +0000] [229] [INFO] Waiting for application startup.
[2026-03-24 16:22:31 +0000] [229] [INFO] Application startup complete.
[2026-03-24 16:22:31 +0000] [230] [INFO] Started server process [230]
[2026-03-24 16:22:31 +0000] [230] [INFO] Waiting for application startup.
[2026-03-24 16:22:31 +0000] [230] [INFO] Application startup complete.
[2026-03-24 16:22:31 +0000] [235] [INFO] Booting worker with pid: 235
[2026-03-24 16:22:31 +0000] [236] [INFO] Booting worker with pid: 236
[2026-03-24 16:22:31 +0000] [233] [INFO] Started server process [233]
[2026-03-24 16:22:31 +0000] [233] [INFO] Waiting for application startup.
[2026-03-24 16:22:31 +0000] [233] [INFO] Application startup complete.
[2026-03-24 16:22:31 +0000] [238] [INFO] Booting worker with pid: 238
[2026-03-24 16:22:31 +0000] [235] [INFO] Started server process [235]
[2026-03-24 16:22:31 +0000] [235] [INFO] Waiting for application startup.
[2026-03-24 16:22:31 +0000] [235] [INFO] Application startup complete.
[2026-03-24 16:22:31 +0000] [236] [INFO] Started server process [236]
[2026-03-24 16:22:31 +0000] [236] [INFO] Waiting for application startup.
[2026-03-24 16:22:31 +0000] [236] [INFO] Application startup complete.
[2026-03-24 16:22:31 +0000] [241] [INFO] Booting worker with pid: 241
[2026-03-24 16:22:31 +0000] [243] [INFO] Booting worker with pid: 243
[2026-03-24 16:22:31 +0000] [238] [INFO] Started server process [238]
[2026-03-24 16:22:31 +0000] [238] [INFO] Waiting for application startup.
[2026-03-24 16:22:31 +0000] [238] [INFO] Application startup complete.
[2026-03-24 16:22:31 +0000] [241] [INFO] Started server process [241]
[2026-03-24 16:22:31 +0000] [241] [INFO] Waiting for application startup.
[2026-03-24 16:22:31 +0000] [241] [INFO] Application startup complete.
[2026-03-24 16:22:31 +0000] [243] [INFO] Started server process [243]
[2026-03-24 16:22:31 +0000] [243] [INFO] Waiting for application startup.
[2026-03-24 16:22:31 +0000] [243] [INFO] Application startup complete.
[2026-03-24 16:22:31 +0000] [246] [INFO] Booting worker with pid: 246
[2026-03-24 16:22:31 +0000] [247] [INFO] Booting worker with pid: 247
[2026-03-24 16:22:31 +0000] [246] [INFO] Started server process [246]
[2026-03-24 16:22:31 +0000] [246] [INFO] Waiting for application startup.
[2026-03-24 16:22:31 +0000] [246] [INFO] Application startup complete.
[2026-03-24 16:22:31 +0000] [247] [INFO] Started server process [247]
[2026-03-24 16:22:31 +0000] [247] [INFO] Waiting for application startup.
[2026-03-24 16:22:31 +0000] [247] [INFO] Application startup complete.
[2026-03-24 16:22:31 +0000] [250] [INFO] Booting worker with pid: 250
[2026-03-24 16:22:31 +0000] [252] [INFO] Booting worker with pid: 252
[2026-03-24 16:22:31 +0000] [250] [INFO] Started server process [250]
[2026-03-24 16:22:31 +0000] [250] [INFO] Waiting for application startup.
[2026-03-24 16:22:31 +0000] [250] [INFO] Application startup complete.
[2026-03-24 16:22:31 +0000] [252] [INFO] Started server process [252]
[2026-03-24 16:22:31 +0000] [252] [INFO] Waiting for application startup.
[2026-03-24 16:22:31 +0000] [252] [INFO] Application startup complete.
[2026-03-24 16:22:31 +0000] [254] [INFO] Booting worker with pid: 254
[2026-03-24 16:22:31 +0000] [255] [INFO] Booting worker with pid: 255
[2026-03-24 16:22:31 +0000] [256] [INFO] Booting worker with pid: 256
[2026-03-24 16:22:31 +0000] [254] [INFO] Started server process [254]
[2026-03-24 16:22:31 +0000] [254] [INFO] Waiting for application startup.
[2026-03-24 16:22:31 +0000] [254] [INFO] Application startup complete.
[2026-03-24 16:22:31 +0000] [259] [INFO] Booting worker with pid: 259
[2026-03-24 16:22:31 +0000] [255] [INFO] Started server process [255]
[2026-03-24 16:22:31 +0000] [255] [INFO] Waiting for application startup.
[2026-03-24 16:22:31 +0000] [255] [INFO] Application startup complete.
[2026-03-24 16:22:31 +0000] [261] [INFO] Booting worker with pid: 261
[2026-03-24 16:22:31 +0000] [256] [INFO] Started server process [256]
[2026-03-24 16:22:31 +0000] [256] [INFO] Waiting for application startup.
[2026-03-24 16:22:31 +0000] [256] [INFO] Application startup complete.
[2026-03-24 16:22:31 +0000] [262] [INFO] Booting worker with pid: 262
[2026-03-24 16:22:32 +0000] [259] [INFO] Started server process [259]
[2026-03-24 16:22:32 +0000] [259] [INFO] Waiting for application startup.
[2026-03-24 16:22:32 +0000] [259] [INFO] Application startup complete.
[2026-03-24 16:22:32 +0000] [265] [INFO] Booting worker with pid: 265
[2026-03-24 16:22:32 +0000] [261] [INFO] Started server process [261]
[2026-03-24 16:22:32 +0000] [261] [INFO] Waiting for application startup.
[2026-03-24 16:22:32 +0000] [261] [INFO] Application startup complete.
[2026-03-24 16:22:32 +0000] [262] [INFO] Started server process [262]
[2026-03-24 16:22:32 +0000] [262] [INFO] Waiting for application startup.
[2026-03-24 16:22:32 +0000] [262] [INFO] Application startup complete.
[2026-03-24 16:22:32 +0000] [267] [INFO] Booting worker with pid: 267
[2026-03-24 16:22:32 +0000] [268] [INFO] Booting worker with pid: 268
[2026-03-24 16:22:32 +0000] [269] [INFO] Booting worker with pid: 269
[2026-03-24 16:22:32 +0000] [265] [INFO] Started server process [265]
[2026-03-24 16:22:32 +0000] [265] [INFO] Waiting for application startup.
[2026-03-24 16:22:32 +0000] [265] [INFO] Application startup complete.
[2026-03-24 16:22:32 +0000] [267] [INFO] Started server process [267]
[2026-03-24 16:22:32 +0000] [267] [INFO] Waiting for application startup.
[2026-03-24 16:22:32 +0000] [267] [INFO] Application startup complete.
[2026-03-24 16:22:32 +0000] [268] [INFO] Started server process [268]
[2026-03-24 16:22:32 +0000] [268] [INFO] Waiting for application startup.
[2026-03-24 16:22:32 +0000] [268] [INFO] Application startup complete.
[2026-03-24 16:22:32 +0000] [269] [INFO] Started server process [269]
[2026-03-24 16:22:32 +0000] [269] [INFO] Waiting for application startup.
[2026-03-24 16:22:32 +0000] [269] [INFO] Application startup complete.
[2026-03-24 16:22:32 +0000] [274] [INFO] Booting worker with pid: 274
[2026-03-24 16:22:32 +0000] [274] [INFO] Started server process [274]
[2026-03-24 16:22:32 +0000] [274] [INFO] Waiting for application startup.
[2026-03-24 16:22:32 +0000] [274] [INFO] Application startup complete.
[2026-03-24 16:22:32 +0000] [276] [INFO] Booting worker with pid: 276
[2026-03-24 16:22:32 +0000] [277] [INFO] Booting worker with pid: 277
[2026-03-24 16:22:32 +0000] [276] [INFO] Started server process [276]
[2026-03-24 16:22:32 +0000] [276] [INFO] Waiting for application startup.
[2026-03-24 16:22:32 +0000] [276] [INFO] Application startup complete.
[2026-03-24 16:22:32 +0000] [280] [INFO] Booting worker with pid: 280
[2026-03-24 16:22:32 +0000] [277] [INFO] Started server process [277]
[2026-03-24 16:22:32 +0000] [277] [INFO] Waiting for application startup.
[2026-03-24 16:22:32 +0000] [277] [INFO] Application startup complete.
[2026-03-24 16:22:32 +0000] [280] [INFO] Started server process [280]
[2026-03-24 16:22:32 +0000] [280] [INFO] Waiting for application startup.
[2026-03-24 16:22:32 +0000] [280] [INFO] Application startup complete.
[2026-03-24 16:22:32 +0000] [282] [INFO] Booting worker with pid: 282
[2026-03-24 16:22:32 +0000] [282] [INFO] Started server process [282]
[2026-03-24 16:22:32 +0000] [282] [INFO] Waiting for application startup.
[2026-03-24 16:22:32 +0000] [282] [INFO] Application startup complete.
[2026-03-24 16:22:32 +0000] [284] [INFO] Booting worker with pid: 284
[2026-03-24 16:22:32 +0000] [285] [INFO] Booting worker with pid: 285
[2026-03-24 16:22:32 +0000] [287] [INFO] Booting worker with pid: 287
[2026-03-24 16:22:32 +0000] [284] [INFO] Started server process [284]
[2026-03-24 16:22:32 +0000] [284] [INFO] Waiting for application startup.
[2026-03-24 16:22:32 +0000] [284] [INFO] Application startup complete.
[2026-03-24 16:22:32 +0000] [285] [INFO] Started server process [285]
[2026-03-24 16:22:32 +0000] [285] [INFO] Waiting for application startup.
[2026-03-24 16:22:32 +0000] [285] [INFO] Application startup complete.
[2026-03-24 16:22:32 +0000] [287] [INFO] Started server process [287]
[2026-03-24 16:22:32 +0000] [287] [INFO] Waiting for application startup.
[2026-03-24 16:22:32 +0000] [287] [INFO] Application startup complete.
[2026-03-24 16:22:32 +0000] [290] [INFO] Booting worker with pid: 290
[2026-03-24 16:22:32 +0000] [290] [INFO] Started server process [290]
[2026-03-24 16:22:32 +0000] [290] [INFO] Waiting for application startup.
[2026-03-24 16:22:32 +0000] [290] [INFO] Application startup complete.
[2026-03-24 16:22:32 +0000] [292] [INFO] Booting worker with pid: 292
[2026-03-24 16:22:32 +0000] [293] [INFO] Booting worker with pid: 293
[2026-03-24 16:22:32 +0000] [294] [INFO] Booting worker with pid: 294
[2026-03-24 16:22:32 +0000] [292] [INFO] Started server process [292]
[2026-03-24 16:22:32 +0000] [292] [INFO] Waiting for application startup.
[2026-03-24 16:22:32 +0000] [292] [INFO] Application startup complete.
[2026-03-24 16:22:32 +0000] [297] [INFO] Booting worker with pid: 297
[2026-03-24 16:22:32 +0000] [293] [INFO] Started server process [293]
[2026-03-24 16:22:32 +0000] [293] [INFO] Waiting for application startup.
[2026-03-24 16:22:32 +0000] [293] [INFO] Application startup complete.
[2026-03-24 16:22:32 +0000] [294] [INFO] Started server process [294]
[2026-03-24 16:22:32 +0000] [294] [INFO] Waiting for application startup.
[2026-03-24 16:22:32 +0000] [294] [INFO] Application startup complete.
[2026-03-24 16:22:32 +0000] [297] [INFO] Started server process [297]
[2026-03-24 16:22:32 +0000] [297] [INFO] Waiting for application startup.
[2026-03-24 16:22:32 +0000] [297] [INFO] Application startup complete.
[2026-03-24 16:22:32 +0000] [300] [INFO] Booting worker with pid: 300
[2026-03-24 16:22:32 +0000] [300] [INFO] Started server process [300]
[2026-03-24 16:22:32 +0000] [300] [INFO] Waiting for application startup.
[2026-03-24 16:22:32 +0000] [300] [INFO] Application startup complete.
[2026-03-24 16:22:33 +0000] [302] [INFO] Booting worker with pid: 302
[2026-03-24 16:22:33 +0000] [303] [INFO] Booting worker with pid: 303
[2026-03-24 16:22:33 +0000] [302] [INFO] Started server process [302]
[2026-03-24 16:22:33 +0000] [302] [INFO] Waiting for application startup.
[2026-03-24 16:22:33 +0000] [302] [INFO] Application startup complete.
[2026-03-24 16:22:33 +0000] [306] [INFO] Booting worker with pid: 306
[2026-03-24 16:22:33 +0000] [303] [INFO] Started server process [303]
[2026-03-24 16:22:33 +0000] [303] [INFO] Waiting for application startup.
[2026-03-24 16:22:33 +0000] [303] [INFO] Application startup complete.
[2026-03-24 16:22:33 +0000] [306] [INFO] Started server process [306]
[2026-03-24 16:22:33 +0000] [306] [INFO] Waiting for application startup.
[2026-03-24 16:22:33 +0000] [306] [INFO] Application startup complete.
[2026-03-24 16:22:33 +0000] [308] [INFO] Booting worker with pid: 308
[2026-03-24 16:22:33 +0000] [308] [INFO] Started server process [308]
[2026-03-24 16:22:33 +0000] [308] [INFO] Waiting for application startup.
[2026-03-24 16:22:33 +0000] [308] [INFO] Application startup complete.
[2026-03-24 16:22:33 +0000] [310] [INFO] Booting worker with pid: 310
[2026-03-24 16:22:33 +0000] [311] [INFO] Booting worker with pid: 311
[2026-03-24 16:22:33 +0000] [313] [INFO] Booting worker with pid: 313
[2026-03-24 16:22:33 +0000] [310] [INFO] Started server process [310]
[2026-03-24 16:22:33 +0000] [310] [INFO] Waiting for application startup.
[2026-03-24 16:22:33 +0000] [310] [INFO] Application startup complete.
[2026-03-24 16:22:33 +0000] [311] [INFO] Started server process [311]
[2026-03-24 16:22:33 +0000] [311] [INFO] Waiting for application startup.
[2026-03-24 16:22:33 +0000] [311] [INFO] Application startup complete.
[2026-03-24 16:22:33 +0000] [316] [INFO] Booting worker with pid: 316
[2026-03-24 16:22:33 +0000] [313] [INFO] Started server process [313]
[2026-03-24 16:22:33 +0000] [313] [INFO] Waiting for application startup.
[2026-03-24 16:22:33 +0000] [313] [INFO] Application startup complete.
[2026-03-24 16:22:33 +0000] [317] [INFO] Booting worker with pid: 317
[2026-03-24 16:22:33 +0000] [316] [INFO] Started server process [316]
[2026-03-24 16:22:33 +0000] [316] [INFO] Waiting for application startup.
[2026-03-24 16:22:33 +0000] [316] [INFO] Application startup complete.
[2026-03-24 16:22:33 +0000] [320] [INFO] Booting worker with pid: 320
[2026-03-24 16:22:33 +0000] [317] [INFO] Started server process [317]
[2026-03-24 16:22:33 +0000] [317] [INFO] Waiting for application startup.
[2026-03-24 16:22:33 +0000] [317] [INFO] Application startup complete.
[2026-03-24 16:22:33 +0000] [321] [INFO] Booting worker with pid: 321
[2026-03-24 16:22:33 +0000] [323] [INFO] Booting worker with pid: 323
[2026-03-24 16:22:33 +0000] [320] [INFO] Started server process [320]
[2026-03-24 16:22:33 +0000] [320] [INFO] Waiting for application startup.
[2026-03-24 16:22:33 +0000] [320] [INFO] Application startup complete.
[2026-03-24 16:22:33 +0000] [324] [INFO] Booting worker with pid: 324
[2026-03-24 16:22:33 +0000] [325] [INFO] Booting worker with pid: 325
[2026-03-24 16:22:33 +0000] [326] [INFO] Booting worker with pid: 326
[2026-03-24 16:22:33 +0000] [321] [INFO] Started server process [321]
[2026-03-24 16:22:33 +0000] [321] [INFO] Waiting for application startup.
[2026-03-24 16:22:33 +0000] [321] [INFO] Application startup complete.
[2026-03-24 16:22:33 +0000] [328] [INFO] Booting worker with pid: 328
[2026-03-24 16:22:33 +0000] [331] [INFO] Booting worker with pid: 331
[2026-03-24 16:22:33 +0000] [323] [INFO] Started server process [323]
[2026-03-24 16:22:33 +0000] [323] [INFO] Waiting for application startup.
[2026-03-24 16:22:33 +0000] [323] [INFO] Application startup complete.
[2026-03-24 16:22:33 +0000] [324] [INFO] Started server process [324]
[2026-03-24 16:22:33 +0000] [324] [INFO] Waiting for application startup.
[2026-03-24 16:22:33 +0000] [324] [INFO] Application startup complete.
[2026-03-24 16:22:33 +0000] [325] [INFO] Started server process [325]
[2026-03-24 16:22:33 +0000] [325] [INFO] Waiting for application startup.
[2026-03-24 16:22:33 +0000] [325] [INFO] Application startup complete.
[2026-03-24 16:22:33 +0000] [326] [INFO] Started server process [326]
[2026-03-24 16:22:33 +0000] [326] [INFO] Waiting for application startup.
[2026-03-24 16:22:33 +0000] [326] [INFO] Application startup complete.
[2026-03-24 16:22:33 +0000] [334] [INFO] Booting worker with pid: 334
[2026-03-24 16:22:33 +0000] [328] [INFO] Started server process [328]
[2026-03-24 16:22:33 +0000] [328] [INFO] Waiting for application startup.
[2026-03-24 16:22:33 +0000] [328] [INFO] Application startup complete.
[2026-03-24 16:22:33 +0000] [331] [INFO] Started server process [331]
[2026-03-24 16:22:33 +0000] [331] [INFO] Waiting for application startup.
[2026-03-24 16:22:33 +0000] [331] [INFO] Application startup complete.
[2026-03-24 16:22:33 +0000] [334] [INFO] Started server process [334]
[2026-03-24 16:22:33 +0000] [334] [INFO] Waiting for application startup.
[2026-03-24 16:22:33 +0000] [334] [INFO] Application startup complete.
[2026-03-24 16:22:33 +0000] [338] [INFO] Booting worker with pid: 338
[2026-03-24 16:22:33 +0000] [339] [INFO] Booting worker with pid: 339
[2026-03-24 16:22:33 +0000] [338] [INFO] Started server process [338]
[2026-03-24 16:22:33 +0000] [338] [INFO] Waiting for application startup.
[2026-03-24 16:22:33 +0000] [338] [INFO] Application startup complete.
[2026-03-24 16:22:33 +0000] [341] [INFO] Booting worker with pid: 341
[2026-03-24 16:22:33 +0000] [339] [INFO] Started server process [339]
[2026-03-24 16:22:33 +0000] [339] [INFO] Waiting for application startup.
[2026-03-24 16:22:33 +0000] [339] [INFO] Application startup complete.
[2026-03-24 16:22:33 +0000] [343] [INFO] Booting worker with pid: 343
[2026-03-24 16:22:33 +0000] [344] [INFO] Booting worker with pid: 344
[2026-03-24 16:22:33 +0000] [346] [INFO] Booting worker with pid: 346
[2026-03-24 16:22:33 +0000] [341] [INFO] Started server process [341]
[2026-03-24 16:22:33 +0000] [341] [INFO] Waiting for application startup.
[2026-03-24 16:22:33 +0000] [341] [INFO] Application startup complete.
[2026-03-24 16:22:33 +0000] [347] [INFO] Booting worker with pid: 347
[2026-03-24 16:22:33 +0000] [343] [INFO] Started server process [343]
[2026-03-24 16:22:33 +0000] [343] [INFO] Waiting for application startup.
[2026-03-24 16:22:33 +0000] [343] [INFO] Application startup complete.
[2026-03-24 16:22:33 +0000] [344] [INFO] Started server process [344]
[2026-03-24 16:22:33 +0000] [344] [INFO] Waiting for application startup.
[2026-03-24 16:22:33 +0000] [344] [INFO] Application startup complete.
[2026-03-24 16:22:33 +0000] [346] [INFO] Started server process [346]
[2026-03-24 16:22:33 +0000] [346] [INFO] Waiting for application startup.
[2026-03-24 16:22:33 +0000] [346] [INFO] Application startup complete.
[2026-03-24 16:22:33 +0000] [347] [INFO] Started server process [347]
[2026-03-24 16:22:33 +0000] [347] [INFO] Waiting for application startup.
[2026-03-24 16:22:33 +0000] [347] [INFO] Application startup complete.
[2026-03-24 16:22:33 +0000] [352] [INFO] Booting worker with pid: 352
[2026-03-24 16:22:34 +0000] [353] [INFO] Booting worker with pid: 353
[2026-03-24 16:22:34 +0000] [354] [INFO] Booting worker with pid: 354
[2026-03-24 16:22:34 +0000] [353] [INFO] Started server process [353]
[2026-03-24 16:22:34 +0000] [353] [INFO] Waiting for application startup.
[2026-03-24 16:22:34 +0000] [353] [INFO] Application startup complete.
[2026-03-24 16:22:34 +0000] [357] [INFO] Booting worker with pid: 357
[2026-03-24 16:22:34 +0000] [352] [INFO] Started server process [352]
[2026-03-24 16:22:34 +0000] [352] [INFO] Waiting for application startup.
[2026-03-24 16:22:34 +0000] [352] [INFO] Application startup complete.
[2026-03-24 16:22:34 +0000] [358] [INFO] Booting worker with pid: 358
[2026-03-24 16:22:34 +0000] [359] [INFO] Booting worker with pid: 359
[2026-03-24 16:22:34 +0000] [360] [INFO] Booting worker with pid: 360
[2026-03-24 16:22:34 +0000] [362] [INFO] Booting worker with pid: 362
[2026-03-24 16:22:34 +0000] [358] [INFO] Started server process [358]
[2026-03-24 16:22:34 +0000] [358] [INFO] Waiting for application startup.
[2026-03-24 16:22:34 +0000] [358] [INFO] Application startup complete.
[2026-03-24 16:22:34 +0000] [364] [INFO] Booting worker with pid: 364
[2026-03-24 16:22:34 +0000] [354] [INFO] Started server process [354]
[2026-03-24 16:22:34 +0000] [354] [INFO] Waiting for application startup.
[2026-03-24 16:22:34 +0000] [354] [INFO] Application startup complete.
[2026-03-24 16:22:34 +0000] [365] [INFO] Booting worker with pid: 365
[2026-03-24 16:22:34 +0000] [366] [INFO] Booting worker with pid: 366
[2026-03-24 16:22:34 +0000] [368] [INFO] Booting worker with pid: 368
[2026-03-24 16:22:34 +0000] [359] [INFO] Started server process [359]
[2026-03-24 16:22:34 +0000] [359] [INFO] Waiting for application startup.
[2026-03-24 16:22:34 +0000] [359] [INFO] Application startup complete.
[2026-03-24 16:22:34 +0000] [372] [INFO] Booting worker with pid: 372
[2026-03-24 16:22:34 +0000] [360] [INFO] Started server process [360]
[2026-03-24 16:22:34 +0000] [360] [INFO] Waiting for application startup.
[2026-03-24 16:22:34 +0000] [360] [INFO] Application startup complete.
[2026-03-24 16:22:34 +0000] [357] [INFO] Started server process [357]
[2026-03-24 16:22:34 +0000] [357] [INFO] Waiting for application startup.
[2026-03-24 16:22:34 +0000] [357] [INFO] Application startup complete.
[2026-03-24 16:22:34 +0000] [362] [INFO] Started server process [362]
[2026-03-24 16:22:34 +0000] [362] [INFO] Waiting for application startup.
[2026-03-24 16:22:34 +0000] [373] [INFO] Booting worker with pid: 373
[2026-03-24 16:22:34 +0000] [362] [INFO] Application startup complete.
[2026-03-24 16:22:34 +0000] [364] [INFO] Started server process [364]
[2026-03-24 16:22:34 +0000] [364] [INFO] Waiting for application startup.
[2026-03-24 16:22:34 +0000] [364] [INFO] Application startup complete.
[2026-03-24 16:22:34 +0000] [375] [INFO] Booting worker with pid: 375
[2026-03-24 16:22:35 +0000] [378] [INFO] Booting worker with pid: 378
[2026-03-24 16:22:35 +0000] [365] [INFO] Started server process [365]
[2026-03-24 16:22:35 +0000] [365] [INFO] Waiting for application startup.
[2026-03-24 16:22:35 +0000] [365] [INFO] Application startup complete.
[2026-03-24 16:22:35 +0000] [366] [INFO] Started server process [366]
[2026-03-24 16:22:35 +0000] [366] [INFO] Waiting for application startup.
[2026-03-24 16:22:35 +0000] [366] [INFO] Application startup complete.
[2026-03-24 16:22:35 +0000] [368] [INFO] Started server process [368]
[2026-03-24 16:22:35 +0000] [368] [INFO] Waiting for application startup.
[2026-03-24 16:22:35 +0000] [368] [INFO] Application startup complete.
[2026-03-24 16:22:35 +0000] [380] [INFO] Booting worker with pid: 380
[2026-03-24 16:22:35 +0000] [381] [INFO] Booting worker with pid: 381
[2026-03-24 16:22:35 +0000] [384] [INFO] Booting worker with pid: 384
[2026-03-24 16:22:35 +0000] [385] [INFO] Booting worker with pid: 385
[2026-03-24 16:22:35 +0000] [372] [INFO] Started server process [372]
[2026-03-24 16:22:35 +0000] [372] [INFO] Waiting for application startup.
[2026-03-24 16:22:35 +0000] [372] [INFO] Application startup complete.
[2026-03-24 16:22:35 +0000] [375] [INFO] Started server process [375]
[2026-03-24 16:22:35 +0000] [375] [INFO] Waiting for application startup.
[2026-03-24 16:22:35 +0000] [375] [INFO] Application startup complete.
[2026-03-24 16:22:35 +0000] [387] [INFO] Booting worker with pid: 387
[2026-03-24 16:22:35 +0000] [373] [INFO] Started server process [373]
[2026-03-24 16:22:35 +0000] [373] [INFO] Waiting for application startup.
[2026-03-24 16:22:35 +0000] [373] [INFO] Application startup complete.
[2026-03-24 16:22:35 +0000] [380] [INFO] Started server process [380]
[2026-03-24 16:22:35 +0000] [380] [INFO] Waiting for application startup.
[2026-03-24 16:22:35 +0000] [380] [INFO] Application startup complete.
[2026-03-24 16:22:35 +0000] [390] [INFO] Booting worker with pid: 390
[2026-03-24 16:22:35 +0000] [391] [INFO] Booting worker with pid: 391
[2026-03-24 16:22:35 +0000] [378] [INFO] Started server process [378]
[2026-03-24 16:22:35 +0000] [378] [INFO] Waiting for application startup.
[2026-03-24 16:22:35 +0000] [378] [INFO] Application startup complete.
[2026-03-24 16:22:35 +0000] [395] [INFO] Booting worker with pid: 395
[2026-03-24 16:22:35 +0000] [396] [INFO] Booting worker with pid: 396
[2026-03-24 16:22:35 +0000] [381] [INFO] Started server process [381]
[2026-03-24 16:22:35 +0000] [381] [INFO] Waiting for application startup.
[2026-03-24 16:22:35 +0000] [381] [INFO] Application startup complete.
[2026-03-24 16:22:35 +0000] [397] [INFO] Booting worker with pid: 397
[2026-03-24 16:22:35 +0000] [384] [INFO] Started server process [384]
[2026-03-24 16:22:35 +0000] [384] [INFO] Waiting for application startup.
[2026-03-24 16:22:35 +0000] [384] [INFO] Application startup complete.
[2026-03-24 16:22:35 +0000] [385] [INFO] Started server process [385]
[2026-03-24 16:22:35 +0000] [385] [INFO] Waiting for application startup.
[2026-03-24 16:22:35 +0000] [385] [INFO] Application startup complete.
[2026-03-24 16:22:35 +0000] [398] [INFO] Booting worker with pid: 398
[2026-03-24 16:22:35 +0000] [399] [INFO] Booting worker with pid: 399
[2026-03-24 16:22:35 +0000] [402] [INFO] Booting worker with pid: 402
[2026-03-24 16:22:35 +0000] [387] [INFO] Started server process [387]
[2026-03-24 16:22:35 +0000] [387] [INFO] Waiting for application startup.
[2026-03-24 16:22:35 +0000] [387] [INFO] Application startup complete.
[2026-03-24 16:22:35 +0000] [390] [INFO] Started server process [390]
[2026-03-24 16:22:35 +0000] [390] [INFO] Waiting for application startup.
[2026-03-24 16:22:35 +0000] [390] [INFO] Application startup complete.
[2026-03-24 16:22:35 +0000] [404] [INFO] Booting worker with pid: 404
[2026-03-24 16:22:35 +0000] [391] [INFO] Started server process [391]
[2026-03-24 16:22:35 +0000] [391] [INFO] Waiting for application startup.
[2026-03-24 16:22:35 +0000] [391] [INFO] Application startup complete.
[2026-03-24 16:22:35 +0000] [406] [INFO] Booting worker with pid: 406
[2026-03-24 16:22:36 +0000] [397] [INFO] Started server process [397]
[2026-03-24 16:22:36 +0000] [397] [INFO] Waiting for application startup.
[2026-03-24 16:22:36 +0000] [397] [INFO] Application startup complete.
[2026-03-24 16:22:36 +0000] [408] [INFO] Booting worker with pid: 408
[2026-03-24 16:22:36 +0000] [396] [INFO] Started server process [396]
[2026-03-24 16:22:36 +0000] [396] [INFO] Waiting for application startup.
[2026-03-24 16:22:36 +0000] [396] [INFO] Application startup complete.
[2026-03-24 16:22:36 +0000] [410] [INFO] Booting worker with pid: 410
[2026-03-24 16:22:36 +0000] [413] [INFO] Booting worker with pid: 413
[2026-03-24 16:22:36 +0000] [395] [INFO] Started server process [395]
[2026-03-24 16:22:36 +0000] [395] [INFO] Waiting for application startup.
[2026-03-24 16:22:36 +0000] [395] [INFO] Application startup complete.
[2026-03-24 16:22:36 +0000] [415] [INFO] Booting worker with pid: 415
[2026-03-24 16:22:36 +0000] [399] [INFO] Started server process [399]
[2026-03-24 16:22:36 +0000] [399] [INFO] Waiting for application startup.
[2026-03-24 16:22:36 +0000] [399] [INFO] Application startup complete.
[2026-03-24 16:22:36 +0000] [398] [INFO] Started server process [398]
[2026-03-24 16:22:36 +0000] [398] [INFO] Waiting for application startup.
[2026-03-24 16:22:36 +0000] [398] [INFO] Application startup complete.
[2026-03-24 16:22:36 +0000] [402] [INFO] Started server process [402]
[2026-03-24 16:22:36 +0000] [402] [INFO] Waiting for application startup.
[2026-03-24 16:22:36 +0000] [402] [INFO] Application startup complete.
[2026-03-24 16:22:36 +0000] [416] [INFO] Booting worker with pid: 416
[2026-03-24 16:22:36 +0000] [417] [INFO] Booting worker with pid: 417
[2026-03-24 16:22:36 +0000] [404] [INFO] Started server process [404]
[2026-03-24 16:22:36 +0000] [404] [INFO] Waiting for application startup.
[2026-03-24 16:22:36 +0000] [404] [INFO] Application startup complete.
[2026-03-24 16:22:36 +0000] [419] [INFO] Booting worker with pid: 419
[2026-03-24 16:22:36 +0000] [422] [INFO] Booting worker with pid: 422
[2026-03-24 16:22:36 +0000] [425] [INFO] Booting worker with pid: 425
[2026-03-24 16:22:36 +0000] [410] [INFO] Started server process [410]
[2026-03-24 16:22:36 +0000] [410] [INFO] Waiting for application startup.
[2026-03-24 16:22:36 +0000] [410] [INFO] Application startup complete.
[2026-03-24 16:22:36 +0000] [406] [INFO] Started server process [406]
[2026-03-24 16:22:36 +0000] [406] [INFO] Waiting for application startup.
[2026-03-24 16:22:36 +0000] [406] [INFO] Application startup complete.
[2026-03-24 16:22:36 +0000] [413] [INFO] Started server process [413]
[2026-03-24 16:22:36 +0000] [413] [INFO] Waiting for application startup.
[2026-03-24 16:22:36 +0000] [413] [INFO] Application startup complete.
[2026-03-24 16:22:36 +0000] [426] [INFO] Booting worker with pid: 426
[2026-03-24 16:22:36 +0000] [408] [INFO] Started server process [408]
[2026-03-24 16:22:36 +0000] [408] [INFO] Waiting for application startup.
[2026-03-24 16:22:36 +0000] [408] [INFO] Application startup complete.
[2026-03-24 16:22:36 +0000] [429] [INFO] Booting worker with pid: 429
[2026-03-24 16:22:36 +0000] [416] [INFO] Started server process [416]
[2026-03-24 16:22:36 +0000] [416] [INFO] Waiting for application startup.
[2026-03-24 16:22:36 +0000] [416] [INFO] Application startup complete.
[2026-03-24 16:22:36 +0000] [431] [INFO] Booting worker with pid: 431
[2026-03-24 16:22:36 +0000] [415] [INFO] Started server process [415]
[2026-03-24 16:22:36 +0000] [415] [INFO] Waiting for application startup.
[2026-03-24 16:22:36 +0000] [415] [INFO] Application startup complete.
[2026-03-24 16:22:36 +0000] [419] [INFO] Started server process [419]
[2026-03-24 16:22:36 +0000] [419] [INFO] Waiting for application startup.
[2026-03-24 16:22:36 +0000] [419] [INFO] Application startup complete.
[2026-03-24 16:22:36 +0000] [434] [INFO] Booting worker with pid: 434
[2026-03-24 16:22:37 +0000] [422] [INFO] Started server process [422]
[2026-03-24 16:22:37 +0000] [422] [INFO] Waiting for application startup.
[2026-03-24 16:22:37 +0000] [417] [INFO] Started server process [417]
[2026-03-24 16:22:37 +0000] [417] [INFO] Waiting for application startup.
[2026-03-24 16:22:37 +0000] [422] [INFO] Application startup complete.
[2026-03-24 16:22:37 +0000] [417] [INFO] Application startup complete.
[2026-03-24 16:22:37 +0000] [425] [INFO] Started server process [425]
[2026-03-24 16:22:37 +0000] [425] [INFO] Waiting for application startup.
[2026-03-24 16:22:37 +0000] [436] [INFO] Booting worker with pid: 436
[2026-03-24 16:22:37 +0000] [425] [INFO] Application startup complete.
[2026-03-24 16:22:37 +0000] [438] [INFO] Booting worker with pid: 438
[2026-03-24 16:22:37 +0000] [429] [INFO] Started server process [429]
[2026-03-24 16:22:37 +0000] [429] [INFO] Waiting for application startup.
[2026-03-24 16:22:37 +0000] [429] [INFO] Application startup complete.
[2026-03-24 16:22:37 +0000] [441] [INFO] Booting worker with pid: 441
[2026-03-24 16:22:37 +0000] [431] [INFO] Started server process [431]
[2026-03-24 16:22:37 +0000] [431] [INFO] Waiting for application startup.
[2026-03-24 16:22:37 +0000] [431] [INFO] Application startup complete.
[2026-03-24 16:22:37 +0000] [442] [INFO] Booting worker with pid: 442
[2026-03-24 16:22:37 +0000] [443] [INFO] Booting worker with pid: 443
[2026-03-24 16:22:37 +0000] [426] [INFO] Started server process [426]
[2026-03-24 16:22:37 +0000] [426] [INFO] Waiting for application startup.
[2026-03-24 16:22:37 +0000] [426] [INFO] Application startup complete.
[2026-03-24 16:22:37 +0000] [445] [INFO] Booting worker with pid: 445
[2026-03-24 16:22:37 +0000] [446] [INFO] Booting worker with pid: 446
[2026-03-24 16:22:37 +0000] [434] [INFO] Started server process [434]
[2026-03-24 16:22:37 +0000] [434] [INFO] Waiting for application startup.
[2026-03-24 16:22:37 +0000] [434] [INFO] Application startup complete.
[2026-03-24 16:22:37 +0000] [448] [INFO] Booting worker with pid: 448
[2026-03-24 16:22:37 +0000] [451] [INFO] Booting worker with pid: 451
[2026-03-24 16:22:37 +0000] [436] [INFO] Started server process [436]
[2026-03-24 16:22:37 +0000] [436] [INFO] Waiting for application startup.
[2026-03-24 16:22:37 +0000] [436] [INFO] Application startup complete.
[2026-03-24 16:22:37 +0000] [441] [INFO] Started server process [441]
[2026-03-24 16:22:37 +0000] [441] [INFO] Waiting for application startup.
[2026-03-24 16:22:37 +0000] [441] [INFO] Application startup complete.
[2026-03-24 16:22:37 +0000] [453] [INFO] Booting worker with pid: 453
[2026-03-24 16:22:37 +0000] [438] [INFO] Started server process [438]
[2026-03-24 16:22:37 +0000] [438] [INFO] Waiting for application startup.
[2026-03-24 16:22:37 +0000] [438] [INFO] Application startup complete.
[2026-03-24 16:22:37 +0000] [442] [INFO] Started server process [442]
[2026-03-24 16:22:37 +0000] [442] [INFO] Waiting for application startup.
[2026-03-24 16:22:37 +0000] [442] [INFO] Application startup complete.
[2026-03-24 16:22:37 +0000] [445] [INFO] Started server process [445]
[2026-03-24 16:22:37 +0000] [445] [INFO] Waiting for application startup.
[2026-03-24 16:22:37 +0000] [445] [INFO] Application startup complete.
[2026-03-24 16:22:37 +0000] [456] [INFO] Booting worker with pid: 456
[2026-03-24 16:22:37 +0000] [458] [INFO] Booting worker with pid: 458
[2026-03-24 16:22:37 +0000] [443] [INFO] Started server process [443]
[2026-03-24 16:22:37 +0000] [443] [INFO] Waiting for application startup.
[2026-03-24 16:22:37 +0000] [443] [INFO] Application startup complete.
[2026-03-24 16:22:38 +0000] [448] [INFO] Started server process [448]
[2026-03-24 16:22:38 +0000] [448] [INFO] Waiting for application startup.
[2026-03-24 16:22:38 +0000] [448] [INFO] Application startup complete.
[2026-03-24 16:22:38 +0000] [461] [INFO] Booting worker with pid: 461
[2026-03-24 16:22:38 +0000] [446] [INFO] Started server process [446]
[2026-03-24 16:22:38 +0000] [446] [INFO] Waiting for application startup.
[2026-03-24 16:22:38 +0000] [446] [INFO] Application startup complete.
[2026-03-24 16:22:38 +0000] [451] [INFO] Started server process [451]
[2026-03-24 16:22:38 +0000] [451] [INFO] Waiting for application startup.
[2026-03-24 16:22:38 +0000] [451] [INFO] Application startup complete.
[2026-03-24 16:22:38 +0000] [463] [INFO] Booting worker with pid: 463
[2026-03-24 16:22:38 +0000] [464] [INFO] Booting worker with pid: 464
[2026-03-24 16:22:38 +0000] [453] [INFO] Started server process [453]
[2026-03-24 16:22:38 +0000] [453] [INFO] Waiting for application startup.
[2026-03-24 16:22:38 +0000] [453] [INFO] Application startup complete.
[2026-03-24 16:22:38 +0000] [466] [INFO] Booting worker with pid: 466
[2026-03-24 16:22:38 +0000] [456] [INFO] Started server process [456]
[2026-03-24 16:22:38 +0000] [456] [INFO] Waiting for application startup.
[2026-03-24 16:22:38 +0000] [456] [INFO] Application startup complete.
[2026-03-24 16:22:38 +0000] [467] [INFO] Booting worker with pid: 467
[2026-03-24 16:22:38 +0000] [468] [INFO] Booting worker with pid: 468
[2026-03-24 16:22:38 +0000] [470] [INFO] Booting worker with pid: 470
[2026-03-24 16:22:38 +0000] [472] [INFO] Booting worker with pid: 472
[2026-03-24 16:22:38 +0000] [458] [INFO] Started server process [458]
[2026-03-24 16:22:38 +0000] [458] [INFO] Waiting for application startup.
[2026-03-24 16:22:38 +0000] [458] [INFO] Application startup complete.
[2026-03-24 16:22:38 +0000] [473] [INFO] Booting worker with pid: 473
[2026-03-24 16:22:38 +0000] [464] [INFO] Started server process [464]
[2026-03-24 16:22:38 +0000] [464] [INFO] Waiting for application startup.
[2026-03-24 16:22:38 +0000] [464] [INFO] Application startup complete.
[2026-03-24 16:22:38 +0000] [474] [INFO] Booting worker with pid: 474
[2026-03-24 16:22:38 +0000] [478] [INFO] Booting worker with pid: 478
[2026-03-24 16:22:38 +0000] [468] [INFO] Started server process [468]
[2026-03-24 16:22:38 +0000] [468] [INFO] Waiting for application startup.
[2026-03-24 16:22:38 +0000] [468] [INFO] Application startup complete.
[2026-03-24 16:22:38 +0000] [479] [INFO] Booting worker with pid: 479
[2026-03-24 16:22:38 +0000] [463] [INFO] Started server process [463]
[2026-03-24 16:22:38 +0000] [463] [INFO] Waiting for application startup.
[2026-03-24 16:22:38 +0000] [463] [INFO] Application startup complete.
[2026-03-24 16:22:38 +0000] [461] [INFO] Started server process [461]
[2026-03-24 16:22:38 +0000] [461] [INFO] Waiting for application startup.
[2026-03-24 16:22:38 +0000] [461] [INFO] Application startup complete.
[2026-03-24 16:22:38 +0000] [466] [INFO] Started server process [466]
[2026-03-24 16:22:38 +0000] [466] [INFO] Waiting for application startup.
[2026-03-24 16:22:38 +0000] [467] [INFO] Started server process [467]
[2026-03-24 16:22:38 +0000] [467] [INFO] Waiting for application startup.
[2026-03-24 16:22:38 +0000] [466] [INFO] Application startup complete.
[2026-03-24 16:22:38 +0000] [467] [INFO] Application startup complete.
[2026-03-24 16:22:38 +0000] [470] [INFO] Started server process [470]
[2026-03-24 16:22:38 +0000] [470] [INFO] Waiting for application startup.
[2026-03-24 16:22:38 +0000] [470] [INFO] Application startup complete.
[2026-03-24 16:22:38 +0000] [472] [INFO] Started server process [472]
[2026-03-24 16:22:38 +0000] [472] [INFO] Waiting for application startup.
[2026-03-24 16:22:38 +0000] [472] [INFO] Application startup complete.
[2026-03-24 16:22:38 +0000] [473] [INFO] Started server process [473]
[2026-03-24 16:22:38 +0000] [473] [INFO] Waiting for application startup.
[2026-03-24 16:22:38 +0000] [473] [INFO] Application startup complete.
[2026-03-24 16:22:38 +0000] [474] [INFO] Started server process [474]
[2026-03-24 16:22:38 +0000] [474] [INFO] Waiting for application startup.
[2026-03-24 16:22:38 +0000] [474] [INFO] Application startup complete.
[2026-03-24 16:22:38 +0000] [478] [INFO] Started server process [478]
[2026-03-24 16:22:38 +0000] [478] [INFO] Waiting for application startup.
[2026-03-24 16:22:38 +0000] [478] [INFO] Application startup complete.
[2026-03-24 16:22:38 +0000] [488] [INFO] Booting worker with pid: 488
[2026-03-24 16:22:38 +0000] [479] [INFO] Started server process [479]
[2026-03-24 16:22:38 +0000] [479] [INFO] Waiting for application startup.
[2026-03-24 16:22:38 +0000] [479] [INFO] Application startup complete.
[2026-03-24 16:22:38 +0000] [488] [INFO] Started server process [488]
[2026-03-24 16:22:38 +0000] [488] [INFO] Waiting for application startup.
[2026-03-24 16:22:38 +0000] [488] [INFO] Application startup complete.
[2026-03-24 16:22:39 +0000] [490] [INFO] Booting worker with pid: 490
[2026-03-24 16:22:39 +0000] [490] [INFO] Started server process [490]
[2026-03-24 16:22:39 +0000] [490] [INFO] Waiting for application startup.
[2026-03-24 16:22:39 +0000] [490] [INFO] Application startup complete.
[2026-03-24 16:22:39 +0000] [492] [INFO] Booting worker with pid: 492
[2026-03-24 16:22:39 +0000] [493] [INFO] Booting worker with pid: 493
[2026-03-24 16:22:39 +0000] [494] [INFO] Booting worker with pid: 494
[2026-03-24 16:22:39 +0000] [492] [INFO] Started server process [492]
[2026-03-24 16:22:39 +0000] [492] [INFO] Waiting for application startup.
[2026-03-24 16:22:39 +0000] [492] [INFO] Application startup complete.
[2026-03-24 16:22:39 +0000] [493] [INFO] Started server process [493]
[2026-03-24 16:22:39 +0000] [493] [INFO] Waiting for application startup.
[2026-03-24 16:22:39 +0000] [493] [INFO] Application startup complete.
[2026-03-24 16:22:39 +0000] [494] [INFO] Started server process [494]
[2026-03-24 16:22:39 +0000] [494] [INFO] Waiting for application startup.
[2026-03-24 16:22:39 +0000] [494] [INFO] Application startup complete.
[2026-03-24 16:22:39 +0000] [498] [INFO] Booting worker with pid: 498
[2026-03-24 16:22:39 +0000] [499] [INFO] Booting worker with pid: 499
[2026-03-24 16:22:39 +0000] [498] [INFO] Started server process [498]
[2026-03-24 16:22:39 +0000] [498] [INFO] Waiting for application startup.
[2026-03-24 16:22:39 +0000] [498] [INFO] Application startup complete.
[2026-03-24 16:22:39 +0000] [501] [INFO] Booting worker with pid: 501
[2026-03-24 16:22:39 +0000] [499] [INFO] Started server process [499]
[2026-03-24 16:22:39 +0000] [499] [INFO] Waiting for application startup.
[2026-03-24 16:22:39 +0000] [499] [INFO] Application startup complete.
[2026-03-24 16:22:39 +0000] [503] [INFO] Booting worker with pid: 503
[2026-03-24 16:22:39 +0000] [501] [INFO] Started server process [501]
[2026-03-24 16:22:39 +0000] [501] [INFO] Waiting for application startup.
[2026-03-24 16:22:39 +0000] [501] [INFO] Application startup complete.
[2026-03-24 16:22:39 +0000] [503] [INFO] Started server process [503]
[2026-03-24 16:22:39 +0000] [503] [INFO] Waiting for application startup.
[2026-03-24 16:22:39 +0000] [503] [INFO] Application startup complete.
[2026-03-24 16:22:39 +0000] [506] [INFO] Booting worker with pid: 506
[2026-03-24 16:22:39 +0000] [507] [INFO] Booting worker with pid: 507
[2026-03-24 16:22:39 +0000] [506] [INFO] Started server process [506]
[2026-03-24 16:22:39 +0000] [506] [INFO] Waiting for application startup.
[2026-03-24 16:22:39 +0000] [506] [INFO] Application startup complete.
[2026-03-24 16:22:39 +0000] [509] [INFO] Booting worker with pid: 509
[2026-03-24 16:22:39 +0000] [507] [INFO] Started server process [507]
[2026-03-24 16:22:39 +0000] [507] [INFO] Waiting for application startup.
[2026-03-24 16:22:39 +0000] [507] [INFO] Application startup complete.
[2026-03-24 16:22:39 +0000] [511] [INFO] Booting worker with pid: 511
[2026-03-24 16:22:39 +0000] [509] [INFO] Started server process [509]
[2026-03-24 16:22:39 +0000] [509] [INFO] Waiting for application startup.
[2026-03-24 16:22:39 +0000] [509] [INFO] Application startup complete.
[2026-03-24 16:22:39 +0000] [511] [INFO] Started server process [511]
[2026-03-24 16:22:39 +0000] [511] [INFO] Waiting for application startup.
[2026-03-24 16:22:39 +0000] [511] [INFO] Application startup complete.
[2026-03-24 16:22:39 +0000] [514] [INFO] Booting worker with pid: 514
[2026-03-24 16:22:39 +0000] [516] [INFO] Booting worker with pid: 516
[2026-03-24 16:22:39 +0000] [514] [INFO] Started server process [514]
[2026-03-24 16:22:39 +0000] [514] [INFO] Waiting for application startup.
[2026-03-24 16:22:39 +0000] [514] [INFO] Application startup complete.
[2026-03-24 16:22:39 +0000] [517] [INFO] Booting worker with pid: 517
[2026-03-24 16:22:39 +0000] [516] [INFO] Started server process [516]
[2026-03-24 16:22:39 +0000] [516] [INFO] Waiting for application startup.
[2026-03-24 16:22:39 +0000] [516] [INFO] Application startup complete.
[2026-03-24 16:22:39 +0000] [517] [INFO] Started server process [517]
[2026-03-24 16:22:39 +0000] [517] [INFO] Waiting for application startup.
[2026-03-24 16:22:39 +0000] [517] [INFO] Application startup complete.
