[2026-03-16 17:21:49 +0000] [1] [INFO] Starting gunicorn 23.0.0
[2026-03-16 17:21:49 +0000] [1] [INFO] Listening at: http://0.0.0.0:8080 (1)
[2026-03-16 17:21:49 +0000] [1] [INFO] Using worker: uvicorn.workers.UvicornWorker
[2026-03-16 17:21:49 +0000] [7] [INFO] Booting worker with pid: 7
[2026-03-16 17:21:49 +0000] [8] [INFO] Booting worker with pid: 8
[2026-03-16 17:21:49 +0000] [9] [INFO] Booting worker with pid: 9
[2026-03-16 17:21:49 +0000] [10] [INFO] Booting worker with pid: 10
[2026-03-16 17:21:49 +0000] [11] [INFO] Booting worker with pid: 11
[2026-03-16 17:21:49 +0000] [13] [INFO] Booting worker with pid: 13
[2026-03-16 17:21:49 +0000] [7] [INFO] Started server process [7]
[2026-03-16 17:21:49 +0000] [7] [INFO] Waiting for application startup.
[2026-03-16 17:21:49 +0000] [7] [INFO] Application startup complete.
[2026-03-16 17:21:49 +0000] [8] [INFO] Started server process [8]
[2026-03-16 17:21:49 +0000] [8] [INFO] Waiting for application startup.
[2026-03-16 17:21:49 +0000] [8] [INFO] Application startup complete.
[2026-03-16 17:21:49 +0000] [15] [INFO] Booting worker with pid: 15
[2026-03-16 17:21:49 +0000] [9] [INFO] Started server process [9]
[2026-03-16 17:21:49 +0000] [9] [INFO] Waiting for application startup.
[2026-03-16 17:21:49 +0000] [9] [INFO] Application startup complete.
[2026-03-16 17:21:49 +0000] [18] [INFO] Booting worker with pid: 18
[2026-03-16 17:21:49 +0000] [10] [INFO] Started server process [10]
[2026-03-16 17:21:49 +0000] [10] [INFO] Waiting for application startup.
[2026-03-16 17:21:49 +0000] [10] [INFO] Application startup complete.
[2026-03-16 17:21:49 +0000] [11] [INFO] Started server process [11]
[2026-03-16 17:21:49 +0000] [11] [INFO] Waiting for application startup.
[2026-03-16 17:21:49 +0000] [11] [INFO] Application startup complete.
[2026-03-16 17:21:49 +0000] [20] [INFO] Booting worker with pid: 20
[2026-03-16 17:21:49 +0000] [21] [INFO] Booting worker with pid: 21
[2026-03-16 17:21:49 +0000] [13] [INFO] Started server process [13]
[2026-03-16 17:21:49 +0000] [13] [INFO] Waiting for application startup.
[2026-03-16 17:21:49 +0000] [13] [INFO] Application startup complete.
[2026-03-16 17:21:49 +0000] [23] [INFO] Booting worker with pid: 23
[2026-03-16 17:21:49 +0000] [15] [INFO] Started server process [15]
[2026-03-16 17:21:49 +0000] [15] [INFO] Waiting for application startup.
[2026-03-16 17:21:49 +0000] [15] [INFO] Application startup complete.
[2026-03-16 17:21:49 +0000] [25] [INFO] Booting worker with pid: 25
[2026-03-16 17:21:49 +0000] [18] [INFO] Started server process [18]
[2026-03-16 17:21:49 +0000] [18] [INFO] Waiting for application startup.
[2026-03-16 17:21:49 +0000] [18] [INFO] Application startup complete.
[2026-03-16 17:21:49 +0000] [27] [INFO] Booting worker with pid: 27
[2026-03-16 17:21:49 +0000] [28] [INFO] Booting worker with pid: 28
[2026-03-16 17:21:49 +0000] [29] [INFO] Booting worker with pid: 29
[2026-03-16 17:21:49 +0000] [20] [INFO] Started server process [20]
[2026-03-16 17:21:49 +0000] [20] [INFO] Waiting for application startup.
[2026-03-16 17:21:49 +0000] [20] [INFO] Application startup complete.
[2026-03-16 17:21:49 +0000] [21] [INFO] Started server process [21]
[2026-03-16 17:21:49 +0000] [21] [INFO] Waiting for application startup.
[2026-03-16 17:21:49 +0000] [21] [INFO] Application startup complete.
[2026-03-16 17:21:49 +0000] [32] [INFO] Booting worker with pid: 32
[2026-03-16 17:21:49 +0000] [23] [INFO] Started server process [23]
[2026-03-16 17:21:49 +0000] [23] [INFO] Waiting for application startup.
[2026-03-16 17:21:49 +0000] [23] [INFO] Application startup complete.
[2026-03-16 17:21:49 +0000] [34] [INFO] Booting worker with pid: 34
[2026-03-16 17:21:49 +0000] [36] [INFO] Booting worker with pid: 36
[2026-03-16 17:21:49 +0000] [25] [INFO] Started server process [25]
[2026-03-16 17:21:49 +0000] [25] [INFO] Waiting for application startup.
[2026-03-16 17:21:49 +0000] [25] [INFO] Application startup complete.
[2026-03-16 17:21:49 +0000] [38] [INFO] Booting worker with pid: 38
[2026-03-16 17:21:49 +0000] [27] [INFO] Started server process [27]
[2026-03-16 17:21:49 +0000] [27] [INFO] Waiting for application startup.
[2026-03-16 17:21:49 +0000] [27] [INFO] Application startup complete.
[2026-03-16 17:21:50 +0000] [39] [INFO] Booting worker with pid: 39
[2026-03-16 17:21:50 +0000] [28] [INFO] Started server process [28]
[2026-03-16 17:21:50 +0000] [28] [INFO] Waiting for application startup.
[2026-03-16 17:21:50 +0000] [28] [INFO] Application startup complete.
[2026-03-16 17:21:50 +0000] [29] [INFO] Started server process [29]
[2026-03-16 17:21:50 +0000] [29] [INFO] Waiting for application startup.
[2026-03-16 17:21:50 +0000] [29] [INFO] Application startup complete.
[2026-03-16 17:21:50 +0000] [42] [INFO] Booting worker with pid: 42
[2026-03-16 17:21:50 +0000] [32] [INFO] Started server process [32]
[2026-03-16 17:21:50 +0000] [32] [INFO] Waiting for application startup.
[2026-03-16 17:21:50 +0000] [32] [INFO] Application startup complete.
[2026-03-16 17:21:50 +0000] [44] [INFO] Booting worker with pid: 44
[2026-03-16 17:21:50 +0000] [34] [INFO] Started server process [34]
[2026-03-16 17:21:50 +0000] [34] [INFO] Waiting for application startup.
[2026-03-16 17:21:50 +0000] [34] [INFO] Application startup complete.
[2026-03-16 17:21:50 +0000] [36] [INFO] Started server process [36]
[2026-03-16 17:21:50 +0000] [36] [INFO] Waiting for application startup.
[2026-03-16 17:21:50 +0000] [36] [INFO] Application startup complete.
[2026-03-16 17:21:50 +0000] [47] [INFO] Booting worker with pid: 47
[2026-03-16 17:21:50 +0000] [38] [INFO] Started server process [38]
[2026-03-16 17:21:50 +0000] [38] [INFO] Waiting for application startup.
[2026-03-16 17:21:50 +0000] [38] [INFO] Application startup complete.
[2026-03-16 17:21:50 +0000] [39] [INFO] Started server process [39]
[2026-03-16 17:21:50 +0000] [39] [INFO] Waiting for application startup.
[2026-03-16 17:21:50 +0000] [39] [INFO] Application startup complete.
[2026-03-16 17:21:50 +0000] [50] [INFO] Booting worker with pid: 50
[2026-03-16 17:21:50 +0000] [51] [INFO] Booting worker with pid: 51
[2026-03-16 17:21:50 +0000] [42] [INFO] Started server process [42]
[2026-03-16 17:21:50 +0000] [42] [INFO] Waiting for application startup.
[2026-03-16 17:21:50 +0000] [42] [INFO] Application startup complete.
[2026-03-16 17:21:50 +0000] [54] [INFO] Booting worker with pid: 54
[2026-03-16 17:21:50 +0000] [44] [INFO] Started server process [44]
[2026-03-16 17:21:50 +0000] [44] [INFO] Waiting for application startup.
[2026-03-16 17:21:50 +0000] [44] [INFO] Application startup complete.
[2026-03-16 17:21:50 +0000] [55] [INFO] Booting worker with pid: 55
[2026-03-16 17:21:50 +0000] [47] [INFO] Started server process [47]
[2026-03-16 17:21:50 +0000] [47] [INFO] Waiting for application startup.
[2026-03-16 17:21:50 +0000] [47] [INFO] Application startup complete.
[2026-03-16 17:21:50 +0000] [57] [INFO] Booting worker with pid: 57
[2026-03-16 17:21:50 +0000] [58] [INFO] Booting worker with pid: 58
[2026-03-16 17:21:50 +0000] [51] [INFO] Started server process [51]
[2026-03-16 17:21:50 +0000] [51] [INFO] Waiting for application startup.
[2026-03-16 17:21:50 +0000] [51] [INFO] Application startup complete.
[2026-03-16 17:21:50 +0000] [50] [INFO] Started server process [50]
[2026-03-16 17:21:50 +0000] [50] [INFO] Waiting for application startup.
[2026-03-16 17:21:50 +0000] [50] [INFO] Application startup complete.
[2026-03-16 17:21:50 +0000] [61] [INFO] Booting worker with pid: 61
[2026-03-16 17:21:50 +0000] [63] [INFO] Booting worker with pid: 63
[2026-03-16 17:21:50 +0000] [54] [INFO] Started server process [54]
[2026-03-16 17:21:50 +0000] [54] [INFO] Waiting for application startup.
[2026-03-16 17:21:50 +0000] [54] [INFO] Application startup complete.
[2026-03-16 17:21:50 +0000] [55] [INFO] Started server process [55]
[2026-03-16 17:21:50 +0000] [55] [INFO] Waiting for application startup.
[2026-03-16 17:21:50 +0000] [55] [INFO] Application startup complete.
[2026-03-16 17:21:50 +0000] [65] [INFO] Booting worker with pid: 65
[2026-03-16 17:21:50 +0000] [66] [INFO] Booting worker with pid: 66
[2026-03-16 17:21:50 +0000] [57] [INFO] Started server process [57]
[2026-03-16 17:21:50 +0000] [57] [INFO] Waiting for application startup.
[2026-03-16 17:21:50 +0000] [57] [INFO] Application startup complete.
[2026-03-16 17:21:50 +0000] [69] [INFO] Booting worker with pid: 69
[2026-03-16 17:21:50 +0000] [58] [INFO] Started server process [58]
[2026-03-16 17:21:50 +0000] [58] [INFO] Waiting for application startup.
[2026-03-16 17:21:50 +0000] [58] [INFO] Application startup complete.
[2026-03-16 17:21:50 +0000] [70] [INFO] Booting worker with pid: 70
[2026-03-16 17:21:50 +0000] [71] [INFO] Booting worker with pid: 71
[2026-03-16 17:21:50 +0000] [61] [INFO] Started server process [61]
[2026-03-16 17:21:50 +0000] [61] [INFO] Waiting for application startup.
[2026-03-16 17:21:50 +0000] [61] [INFO] Application startup complete.
[2026-03-16 17:21:50 +0000] [73] [INFO] Booting worker with pid: 73
[2026-03-16 17:21:50 +0000] [63] [INFO] Started server process [63]
[2026-03-16 17:21:50 +0000] [63] [INFO] Waiting for application startup.
[2026-03-16 17:21:50 +0000] [63] [INFO] Application startup complete.
[2026-03-16 17:21:51 +0000] [76] [INFO] Booting worker with pid: 76
[2026-03-16 17:21:51 +0000] [65] [INFO] Started server process [65]
[2026-03-16 17:21:51 +0000] [65] [INFO] Waiting for application startup.
[2026-03-16 17:21:51 +0000] [65] [INFO] Application startup complete.
[2026-03-16 17:21:51 +0000] [66] [INFO] Started server process [66]
[2026-03-16 17:21:51 +0000] [66] [INFO] Waiting for application startup.
[2026-03-16 17:21:51 +0000] [66] [INFO] Application startup complete.
[2026-03-16 17:21:51 +0000] [78] [INFO] Booting worker with pid: 78
[2026-03-16 17:21:51 +0000] [79] [INFO] Booting worker with pid: 79
[2026-03-16 17:21:51 +0000] [69] [INFO] Started server process [69]
[2026-03-16 17:21:51 +0000] [69] [INFO] Waiting for application startup.
[2026-03-16 17:21:51 +0000] [69] [INFO] Application startup complete.
[2026-03-16 17:21:51 +0000] [70] [INFO] Started server process [70]
[2026-03-16 17:21:51 +0000] [70] [INFO] Waiting for application startup.
[2026-03-16 17:21:51 +0000] [70] [INFO] Application startup complete.
[2026-03-16 17:21:51 +0000] [71] [INFO] Started server process [71]
[2026-03-16 17:21:51 +0000] [71] [INFO] Waiting for application startup.
[2026-03-16 17:21:51 +0000] [71] [INFO] Application startup complete.
[2026-03-16 17:21:51 +0000] [84] [INFO] Booting worker with pid: 84
[2026-03-16 17:21:51 +0000] [73] [INFO] Started server process [73]
[2026-03-16 17:21:51 +0000] [73] [INFO] Waiting for application startup.
[2026-03-16 17:21:51 +0000] [73] [INFO] Application startup complete.
[2026-03-16 17:21:51 +0000] [85] [INFO] Booting worker with pid: 85
[2026-03-16 17:21:51 +0000] [86] [INFO] Booting worker with pid: 86
[2026-03-16 17:21:51 +0000] [87] [INFO] Booting worker with pid: 87
[2026-03-16 17:21:51 +0000] [89] [INFO] Booting worker with pid: 89
[2026-03-16 17:21:51 +0000] [76] [INFO] Started server process [76]
[2026-03-16 17:21:51 +0000] [76] [INFO] Waiting for application startup.
[2026-03-16 17:21:51 +0000] [76] [INFO] Application startup complete.
[2026-03-16 17:21:51 +0000] [78] [INFO] Started server process [78]
[2026-03-16 17:21:51 +0000] [78] [INFO] Waiting for application startup.
[2026-03-16 17:21:51 +0000] [78] [INFO] Application startup complete.
[2026-03-16 17:21:51 +0000] [79] [INFO] Started server process [79]
[2026-03-16 17:21:51 +0000] [79] [INFO] Waiting for application startup.
[2026-03-16 17:21:51 +0000] [79] [INFO] Application startup complete.
[2026-03-16 17:21:51 +0000] [92] [INFO] Booting worker with pid: 92
[2026-03-16 17:21:51 +0000] [93] [INFO] Booting worker with pid: 93
[2026-03-16 17:21:51 +0000] [94] [INFO] Booting worker with pid: 94
[2026-03-16 17:21:51 +0000] [84] [INFO] Started server process [84]
[2026-03-16 17:21:51 +0000] [84] [INFO] Waiting for application startup.
[2026-03-16 17:21:51 +0000] [84] [INFO] Application startup complete.
[2026-03-16 17:21:51 +0000] [97] [INFO] Booting worker with pid: 97
[2026-03-16 17:21:51 +0000] [87] [INFO] Started server process [87]
[2026-03-16 17:21:51 +0000] [87] [INFO] Waiting for application startup.
[2026-03-16 17:21:51 +0000] [87] [INFO] Application startup complete.
[2026-03-16 17:21:51 +0000] [85] [INFO] Started server process [85]
[2026-03-16 17:21:51 +0000] [85] [INFO] Waiting for application startup.
[2026-03-16 17:21:51 +0000] [85] [INFO] Application startup complete.
[2026-03-16 17:21:51 +0000] [86] [INFO] Started server process [86]
[2026-03-16 17:21:51 +0000] [86] [INFO] Waiting for application startup.
[2026-03-16 17:21:51 +0000] [86] [INFO] Application startup complete.
[2026-03-16 17:21:51 +0000] [89] [INFO] Started server process [89]
[2026-03-16 17:21:51 +0000] [89] [INFO] Waiting for application startup.
[2026-03-16 17:21:51 +0000] [89] [INFO] Application startup complete.
[2026-03-16 17:21:51 +0000] [101] [INFO] Booting worker with pid: 101
[2026-03-16 17:21:51 +0000] [103] [INFO] Booting worker with pid: 103
[2026-03-16 17:21:51 +0000] [92] [INFO] Started server process [92]
[2026-03-16 17:21:51 +0000] [92] [INFO] Waiting for application startup.
[2026-03-16 17:21:51 +0000] [92] [INFO] Application startup complete.
[2026-03-16 17:21:51 +0000] [93] [INFO] Started server process [93]
[2026-03-16 17:21:51 +0000] [93] [INFO] Waiting for application startup.
[2026-03-16 17:21:51 +0000] [93] [INFO] Application startup complete.
[2026-03-16 17:21:51 +0000] [94] [INFO] Started server process [94]
[2026-03-16 17:21:51 +0000] [94] [INFO] Waiting for application startup.
[2026-03-16 17:21:51 +0000] [94] [INFO] Application startup complete.
[2026-03-16 17:21:51 +0000] [106] [INFO] Booting worker with pid: 106
[2026-03-16 17:21:51 +0000] [97] [INFO] Started server process [97]
[2026-03-16 17:21:51 +0000] [97] [INFO] Waiting for application startup.
[2026-03-16 17:21:51 +0000] [97] [INFO] Application startup complete.
[2026-03-16 17:21:51 +0000] [108] [INFO] Booting worker with pid: 108
[2026-03-16 17:21:51 +0000] [109] [INFO] Booting worker with pid: 109
[2026-03-16 17:21:52 +0000] [101] [INFO] Started server process [101]
[2026-03-16 17:21:52 +0000] [101] [INFO] Waiting for application startup.
[2026-03-16 17:21:52 +0000] [101] [INFO] Application startup complete.
[2026-03-16 17:21:52 +0000] [111] [INFO] Booting worker with pid: 111
[2026-03-16 17:21:52 +0000] [103] [INFO] Started server process [103]
[2026-03-16 17:21:52 +0000] [103] [INFO] Waiting for application startup.
[2026-03-16 17:21:52 +0000] [103] [INFO] Application startup complete.
[2026-03-16 17:21:52 +0000] [113] [INFO] Booting worker with pid: 113
[2026-03-16 17:21:52 +0000] [114] [INFO] Booting worker with pid: 114
[2026-03-16 17:21:52 +0000] [115] [INFO] Booting worker with pid: 115
[2026-03-16 17:21:52 +0000] [106] [INFO] Started server process [106]
[2026-03-16 17:21:52 +0000] [106] [INFO] Waiting for application startup.
[2026-03-16 17:21:52 +0000] [106] [INFO] Application startup complete.
[2026-03-16 17:21:52 +0000] [117] [INFO] Booting worker with pid: 117
[2026-03-16 17:21:52 +0000] [118] [INFO] Booting worker with pid: 118
[2026-03-16 17:21:52 +0000] [108] [INFO] Started server process [108]
[2026-03-16 17:21:52 +0000] [108] [INFO] Waiting for application startup.
[2026-03-16 17:21:52 +0000] [108] [INFO] Application startup complete.
[2026-03-16 17:21:52 +0000] [109] [INFO] Started server process [109]
[2026-03-16 17:21:52 +0000] [109] [INFO] Waiting for application startup.
[2026-03-16 17:21:52 +0000] [109] [INFO] Application startup complete.
[2026-03-16 17:21:52 +0000] [121] [INFO] Booting worker with pid: 121
[2026-03-16 17:21:52 +0000] [122] [INFO] Booting worker with pid: 122
[2026-03-16 17:21:52 +0000] [111] [INFO] Started server process [111]
[2026-03-16 17:21:52 +0000] [111] [INFO] Waiting for application startup.
[2026-03-16 17:21:52 +0000] [111] [INFO] Application startup complete.
[2026-03-16 17:21:52 +0000] [125] [INFO] Booting worker with pid: 125
[2026-03-16 17:21:52 +0000] [113] [INFO] Started server process [113]
[2026-03-16 17:21:52 +0000] [113] [INFO] Waiting for application startup.
[2026-03-16 17:21:52 +0000] [113] [INFO] Application startup complete.
[2026-03-16 17:21:52 +0000] [128] [INFO] Booting worker with pid: 128
[2026-03-16 17:21:52 +0000] [114] [INFO] Started server process [114]
[2026-03-16 17:21:52 +0000] [114] [INFO] Waiting for application startup.
[2026-03-16 17:21:52 +0000] [114] [INFO] Application startup complete.
[2026-03-16 17:21:52 +0000] [115] [INFO] Started server process [115]
[2026-03-16 17:21:52 +0000] [115] [INFO] Waiting for application startup.
[2026-03-16 17:21:52 +0000] [115] [INFO] Application startup complete.
[2026-03-16 17:21:52 +0000] [129] [INFO] Booting worker with pid: 129
[2026-03-16 17:21:52 +0000] [130] [INFO] Booting worker with pid: 130
[2026-03-16 17:21:52 +0000] [117] [INFO] Started server process [117]
[2026-03-16 17:21:52 +0000] [117] [INFO] Waiting for application startup.
[2026-03-16 17:21:52 +0000] [117] [INFO] Application startup complete.
[2026-03-16 17:21:52 +0000] [118] [INFO] Started server process [118]
[2026-03-16 17:21:52 +0000] [118] [INFO] Waiting for application startup.
[2026-03-16 17:21:52 +0000] [118] [INFO] Application startup complete.
[2026-03-16 17:21:52 +0000] [133] [INFO] Booting worker with pid: 133
[2026-03-16 17:21:52 +0000] [121] [INFO] Started server process [121]
[2026-03-16 17:21:52 +0000] [121] [INFO] Waiting for application startup.
[2026-03-16 17:21:52 +0000] [121] [INFO] Application startup complete.
[2026-03-16 17:21:52 +0000] [135] [INFO] Booting worker with pid: 135
[2026-03-16 17:21:52 +0000] [136] [INFO] Booting worker with pid: 136
[2026-03-16 17:21:52 +0000] [122] [INFO] Started server process [122]
[2026-03-16 17:21:52 +0000] [122] [INFO] Waiting for application startup.
[2026-03-16 17:21:52 +0000] [122] [INFO] Application startup complete.
[2026-03-16 17:21:52 +0000] [139] [INFO] Booting worker with pid: 139
[2026-03-16 17:21:52 +0000] [125] [INFO] Started server process [125]
[2026-03-16 17:21:52 +0000] [125] [INFO] Waiting for application startup.
[2026-03-16 17:21:52 +0000] [125] [INFO] Application startup complete.
[2026-03-16 17:21:52 +0000] [140] [INFO] Booting worker with pid: 140
[2026-03-16 17:21:52 +0000] [128] [INFO] Started server process [128]
[2026-03-16 17:21:52 +0000] [128] [INFO] Waiting for application startup.
[2026-03-16 17:21:52 +0000] [128] [INFO] Application startup complete.
[2026-03-16 17:21:52 +0000] [143] [INFO] Booting worker with pid: 143
[2026-03-16 17:21:52 +0000] [129] [INFO] Started server process [129]
[2026-03-16 17:21:52 +0000] [129] [INFO] Waiting for application startup.
[2026-03-16 17:21:52 +0000] [129] [INFO] Application startup complete.
[2026-03-16 17:21:52 +0000] [130] [INFO] Started server process [130]
[2026-03-16 17:21:52 +0000] [130] [INFO] Waiting for application startup.
[2026-03-16 17:21:52 +0000] [130] [INFO] Application startup complete.
[2026-03-16 17:21:52 +0000] [145] [INFO] Booting worker with pid: 145
[2026-03-16 17:21:52 +0000] [133] [INFO] Started server process [133]
[2026-03-16 17:21:52 +0000] [133] [INFO] Waiting for application startup.
[2026-03-16 17:21:52 +0000] [133] [INFO] Application startup complete.
[2026-03-16 17:21:52 +0000] [148] [INFO] Booting worker with pid: 148
[2026-03-16 17:21:52 +0000] [135] [INFO] Started server process [135]
[2026-03-16 17:21:52 +0000] [135] [INFO] Waiting for application startup.
[2026-03-16 17:21:52 +0000] [135] [INFO] Application startup complete.
[2026-03-16 17:21:52 +0000] [136] [INFO] Started server process [136]
[2026-03-16 17:21:52 +0000] [136] [INFO] Waiting for application startup.
[2026-03-16 17:21:52 +0000] [136] [INFO] Application startup complete.
[2026-03-16 17:21:53 +0000] [150] [INFO] Booting worker with pid: 150
[2026-03-16 17:21:53 +0000] [139] [INFO] Started server process [139]
[2026-03-16 17:21:53 +0000] [139] [INFO] Waiting for application startup.
[2026-03-16 17:21:53 +0000] [139] [INFO] Application startup complete.
[2026-03-16 17:21:53 +0000] [153] [INFO] Booting worker with pid: 153
[2026-03-16 17:21:53 +0000] [154] [INFO] Booting worker with pid: 154
[2026-03-16 17:21:53 +0000] [140] [INFO] Started server process [140]
[2026-03-16 17:21:53 +0000] [140] [INFO] Waiting for application startup.
[2026-03-16 17:21:53 +0000] [140] [INFO] Application startup complete.
[2026-03-16 17:21:53 +0000] [155] [INFO] Booting worker with pid: 155
[2026-03-16 17:21:53 +0000] [143] [INFO] Started server process [143]
[2026-03-16 17:21:53 +0000] [143] [INFO] Waiting for application startup.
[2026-03-16 17:21:53 +0000] [143] [INFO] Application startup complete.
[2026-03-16 17:21:53 +0000] [157] [INFO] Booting worker with pid: 157
[2026-03-16 17:21:53 +0000] [145] [INFO] Started server process [145]
[2026-03-16 17:21:53 +0000] [145] [INFO] Waiting for application startup.
[2026-03-16 17:21:53 +0000] [145] [INFO] Application startup complete.
[2026-03-16 17:21:53 +0000] [159] [INFO] Booting worker with pid: 159
[2026-03-16 17:21:53 +0000] [148] [INFO] Started server process [148]
[2026-03-16 17:21:53 +0000] [148] [INFO] Waiting for application startup.
[2026-03-16 17:21:53 +0000] [148] [INFO] Application startup complete.
[2026-03-16 17:21:53 +0000] [162] [INFO] Booting worker with pid: 162
[2026-03-16 17:21:53 +0000] [150] [INFO] Started server process [150]
[2026-03-16 17:21:53 +0000] [150] [INFO] Waiting for application startup.
[2026-03-16 17:21:53 +0000] [150] [INFO] Application startup complete.
[2026-03-16 17:21:53 +0000] [163] [INFO] Booting worker with pid: 163
[2026-03-16 17:21:53 +0000] [153] [INFO] Started server process [153]
[2026-03-16 17:21:53 +0000] [153] [INFO] Waiting for application startup.
[2026-03-16 17:21:53 +0000] [153] [INFO] Application startup complete.
[2026-03-16 17:21:53 +0000] [154] [INFO] Started server process [154]
[2026-03-16 17:21:53 +0000] [154] [INFO] Waiting for application startup.
[2026-03-16 17:21:53 +0000] [154] [INFO] Application startup complete.
[2026-03-16 17:21:53 +0000] [155] [INFO] Started server process [155]
[2026-03-16 17:21:53 +0000] [155] [INFO] Waiting for application startup.
[2026-03-16 17:21:53 +0000] [155] [INFO] Application startup complete.
[2026-03-16 17:21:53 +0000] [167] [INFO] Booting worker with pid: 167
[2026-03-16 17:21:53 +0000] [157] [INFO] Started server process [157]
[2026-03-16 17:21:53 +0000] [157] [INFO] Waiting for application startup.
[2026-03-16 17:21:53 +0000] [157] [INFO] Application startup complete.
[2026-03-16 17:21:53 +0000] [169] [INFO] Booting worker with pid: 169
[2026-03-16 17:21:53 +0000] [170] [INFO] Booting worker with pid: 170
[2026-03-16 17:21:53 +0000] [159] [INFO] Started server process [159]
[2026-03-16 17:21:53 +0000] [159] [INFO] Waiting for application startup.
[2026-03-16 17:21:53 +0000] [159] [INFO] Application startup complete.
[2026-03-16 17:21:53 +0000] [172] [INFO] Booting worker with pid: 172
[2026-03-16 17:21:53 +0000] [162] [INFO] Started server process [162]
[2026-03-16 17:21:53 +0000] [162] [INFO] Waiting for application startup.
[2026-03-16 17:21:53 +0000] [162] [INFO] Application startup complete.
[2026-03-16 17:21:53 +0000] [163] [INFO] Started server process [163]
[2026-03-16 17:21:53 +0000] [163] [INFO] Waiting for application startup.
[2026-03-16 17:21:53 +0000] [163] [INFO] Application startup complete.
[2026-03-16 17:21:53 +0000] [175] [INFO] Booting worker with pid: 175
[2026-03-16 17:21:53 +0000] [176] [INFO] Booting worker with pid: 176
[2026-03-16 17:21:53 +0000] [178] [INFO] Booting worker with pid: 178
[2026-03-16 17:21:53 +0000] [167] [INFO] Started server process [167]
[2026-03-16 17:21:53 +0000] [167] [INFO] Waiting for application startup.
[2026-03-16 17:21:53 +0000] [167] [INFO] Application startup complete.
[2026-03-16 17:21:53 +0000] [180] [INFO] Booting worker with pid: 180
[2026-03-16 17:21:53 +0000] [169] [INFO] Started server process [169]
[2026-03-16 17:21:53 +0000] [169] [INFO] Waiting for application startup.
[2026-03-16 17:21:53 +0000] [169] [INFO] Application startup complete.
[2026-03-16 17:21:53 +0000] [170] [INFO] Started server process [170]
[2026-03-16 17:21:53 +0000] [170] [INFO] Waiting for application startup.
[2026-03-16 17:21:53 +0000] [170] [INFO] Application startup complete.
[2026-03-16 17:21:53 +0000] [182] [INFO] Booting worker with pid: 182
[2026-03-16 17:21:53 +0000] [172] [INFO] Started server process [172]
[2026-03-16 17:21:53 +0000] [172] [INFO] Waiting for application startup.
[2026-03-16 17:21:53 +0000] [172] [INFO] Application startup complete.
[2026-03-16 17:21:53 +0000] [184] [INFO] Booting worker with pid: 184
[2026-03-16 17:21:54 +0000] [175] [INFO] Started server process [175]
[2026-03-16 17:21:54 +0000] [175] [INFO] Waiting for application startup.
[2026-03-16 17:21:54 +0000] [175] [INFO] Application startup complete.
[2026-03-16 17:21:54 +0000] [187] [INFO] Booting worker with pid: 187
[2026-03-16 17:21:54 +0000] [176] [INFO] Started server process [176]
[2026-03-16 17:21:54 +0000] [176] [INFO] Waiting for application startup.
[2026-03-16 17:21:54 +0000] [176] [INFO] Application startup complete.
[2026-03-16 17:21:54 +0000] [188] [INFO] Booting worker with pid: 188
[2026-03-16 17:21:54 +0000] [178] [INFO] Started server process [178]
[2026-03-16 17:21:54 +0000] [178] [INFO] Waiting for application startup.
[2026-03-16 17:21:54 +0000] [178] [INFO] Application startup complete.
[2026-03-16 17:21:54 +0000] [180] [INFO] Started server process [180]
[2026-03-16 17:21:54 +0000] [180] [INFO] Waiting for application startup.
[2026-03-16 17:21:54 +0000] [180] [INFO] Application startup complete.
[2026-03-16 17:21:54 +0000] [191] [INFO] Booting worker with pid: 191
[2026-03-16 17:21:54 +0000] [182] [INFO] Started server process [182]
[2026-03-16 17:21:54 +0000] [182] [INFO] Waiting for application startup.
[2026-03-16 17:21:54 +0000] [182] [INFO] Application startup complete.
[2026-03-16 17:21:54 +0000] [194] [INFO] Booting worker with pid: 194
[2026-03-16 17:21:54 +0000] [184] [INFO] Started server process [184]
[2026-03-16 17:21:54 +0000] [184] [INFO] Waiting for application startup.
[2026-03-16 17:21:54 +0000] [184] [INFO] Application startup complete.
[2026-03-16 17:21:54 +0000] [195] [INFO] Booting worker with pid: 195
[2026-03-16 17:21:54 +0000] [187] [INFO] Started server process [187]
[2026-03-16 17:21:54 +0000] [187] [INFO] Waiting for application startup.
[2026-03-16 17:21:54 +0000] [187] [INFO] Application startup complete.
[2026-03-16 17:21:54 +0000] [188] [INFO] Started server process [188]
[2026-03-16 17:21:54 +0000] [188] [INFO] Waiting for application startup.
[2026-03-16 17:21:54 +0000] [188] [INFO] Application startup complete.
[2026-03-16 17:21:54 +0000] [198] [INFO] Booting worker with pid: 198
[2026-03-16 17:21:54 +0000] [199] [INFO] Booting worker with pid: 199
[2026-03-16 17:21:54 +0000] [200] [INFO] Booting worker with pid: 200
[2026-03-16 17:21:54 +0000] [191] [INFO] Started server process [191]
[2026-03-16 17:21:54 +0000] [191] [INFO] Waiting for application startup.
[2026-03-16 17:21:54 +0000] [191] [INFO] Application startup complete.
[2026-03-16 17:21:54 +0000] [202] [INFO] Booting worker with pid: 202
[2026-03-16 17:21:54 +0000] [194] [INFO] Started server process [194]
[2026-03-16 17:21:54 +0000] [194] [INFO] Waiting for application startup.
[2026-03-16 17:21:54 +0000] [194] [INFO] Application startup complete.
[2026-03-16 17:21:54 +0000] [204] [INFO] Booting worker with pid: 204
[2026-03-16 17:21:54 +0000] [206] [INFO] Booting worker with pid: 206
[2026-03-16 17:21:54 +0000] [195] [INFO] Started server process [195]
[2026-03-16 17:21:54 +0000] [195] [INFO] Waiting for application startup.
[2026-03-16 17:21:54 +0000] [195] [INFO] Application startup complete.
[2026-03-16 17:21:54 +0000] [207] [INFO] Booting worker with pid: 207
[2026-03-16 17:21:54 +0000] [198] [INFO] Started server process [198]
[2026-03-16 17:21:54 +0000] [198] [INFO] Waiting for application startup.
[2026-03-16 17:21:54 +0000] [198] [INFO] Application startup complete.
[2026-03-16 17:21:54 +0000] [209] [INFO] Booting worker with pid: 209
[2026-03-16 17:21:54 +0000] [199] [INFO] Started server process [199]
[2026-03-16 17:21:54 +0000] [199] [INFO] Waiting for application startup.
[2026-03-16 17:21:54 +0000] [199] [INFO] Application startup complete.
[2026-03-16 17:21:54 +0000] [212] [INFO] Booting worker with pid: 212
[2026-03-16 17:21:54 +0000] [200] [INFO] Started server process [200]
[2026-03-16 17:21:54 +0000] [200] [INFO] Waiting for application startup.
[2026-03-16 17:21:54 +0000] [200] [INFO] Application startup complete.
[2026-03-16 17:21:54 +0000] [213] [INFO] Booting worker with pid: 213
[2026-03-16 17:21:54 +0000] [202] [INFO] Started server process [202]
[2026-03-16 17:21:54 +0000] [202] [INFO] Waiting for application startup.
[2026-03-16 17:21:54 +0000] [202] [INFO] Application startup complete.
[2026-03-16 17:21:54 +0000] [215] [INFO] Booting worker with pid: 215
[2026-03-16 17:21:54 +0000] [204] [INFO] Started server process [204]
[2026-03-16 17:21:54 +0000] [204] [INFO] Waiting for application startup.
[2026-03-16 17:21:54 +0000] [204] [INFO] Application startup complete.
[2026-03-16 17:21:54 +0000] [217] [INFO] Booting worker with pid: 217
[2026-03-16 17:21:54 +0000] [219] [INFO] Booting worker with pid: 219
[2026-03-16 17:21:54 +0000] [206] [INFO] Started server process [206]
[2026-03-16 17:21:54 +0000] [206] [INFO] Waiting for application startup.
[2026-03-16 17:21:54 +0000] [206] [INFO] Application startup complete.
[2026-03-16 17:21:55 +0000] [221] [INFO] Booting worker with pid: 221
[2026-03-16 17:21:55 +0000] [207] [INFO] Started server process [207]
[2026-03-16 17:21:55 +0000] [207] [INFO] Waiting for application startup.
[2026-03-16 17:21:55 +0000] [207] [INFO] Application startup complete.
[2026-03-16 17:21:55 +0000] [209] [INFO] Started server process [209]
[2026-03-16 17:21:55 +0000] [209] [INFO] Waiting for application startup.
[2026-03-16 17:21:55 +0000] [209] [INFO] Application startup complete.
[2026-03-16 17:21:55 +0000] [223] [INFO] Booting worker with pid: 223
[2026-03-16 17:21:55 +0000] [212] [INFO] Started server process [212]
[2026-03-16 17:21:55 +0000] [212] [INFO] Waiting for application startup.
[2026-03-16 17:21:55 +0000] [212] [INFO] Application startup complete.
[2026-03-16 17:21:55 +0000] [213] [INFO] Started server process [213]
[2026-03-16 17:21:55 +0000] [213] [INFO] Waiting for application startup.
[2026-03-16 17:21:55 +0000] [213] [INFO] Application startup complete.
[2026-03-16 17:21:55 +0000] [227] [INFO] Booting worker with pid: 227
[2026-03-16 17:21:55 +0000] [215] [INFO] Started server process [215]
[2026-03-16 17:21:55 +0000] [215] [INFO] Waiting for application startup.
[2026-03-16 17:21:55 +0000] [215] [INFO] Application startup complete.
[2026-03-16 17:21:55 +0000] [229] [INFO] Booting worker with pid: 229
[2026-03-16 17:21:55 +0000] [217] [INFO] Started server process [217]
[2026-03-16 17:21:55 +0000] [217] [INFO] Waiting for application startup.
[2026-03-16 17:21:55 +0000] [217] [INFO] Application startup complete.
[2026-03-16 17:21:55 +0000] [219] [INFO] Started server process [219]
[2026-03-16 17:21:55 +0000] [219] [INFO] Waiting for application startup.
[2026-03-16 17:21:55 +0000] [219] [INFO] Application startup complete.
[2026-03-16 17:21:55 +0000] [231] [INFO] Booting worker with pid: 231
[2026-03-16 17:21:55 +0000] [221] [INFO] Started server process [221]
[2026-03-16 17:21:55 +0000] [221] [INFO] Waiting for application startup.
[2026-03-16 17:21:55 +0000] [221] [INFO] Application startup complete.
[2026-03-16 17:21:55 +0000] [233] [INFO] Booting worker with pid: 233
[2026-03-16 17:21:55 +0000] [235] [INFO] Booting worker with pid: 235
[2026-03-16 17:21:55 +0000] [223] [INFO] Started server process [223]
[2026-03-16 17:21:55 +0000] [223] [INFO] Waiting for application startup.
[2026-03-16 17:21:55 +0000] [223] [INFO] Application startup complete.
[2026-03-16 17:21:55 +0000] [236] [INFO] Booting worker with pid: 236
[2026-03-16 17:21:55 +0000] [227] [INFO] Started server process [227]
[2026-03-16 17:21:55 +0000] [227] [INFO] Waiting for application startup.
[2026-03-16 17:21:55 +0000] [227] [INFO] Application startup complete.
[2026-03-16 17:21:55 +0000] [238] [INFO] Booting worker with pid: 238
[2026-03-16 17:21:55 +0000] [239] [INFO] Booting worker with pid: 239
[2026-03-16 17:21:55 +0000] [241] [INFO] Booting worker with pid: 241
[2026-03-16 17:21:55 +0000] [229] [INFO] Started server process [229]
[2026-03-16 17:21:55 +0000] [229] [INFO] Waiting for application startup.
[2026-03-16 17:21:55 +0000] [229] [INFO] Application startup complete.
[2026-03-16 17:21:55 +0000] [231] [INFO] Started server process [231]
[2026-03-16 17:21:55 +0000] [231] [INFO] Waiting for application startup.
[2026-03-16 17:21:55 +0000] [231] [INFO] Application startup complete.
[2026-03-16 17:21:55 +0000] [244] [INFO] Booting worker with pid: 244
[2026-03-16 17:21:55 +0000] [233] [INFO] Started server process [233]
[2026-03-16 17:21:55 +0000] [233] [INFO] Waiting for application startup.
[2026-03-16 17:21:55 +0000] [233] [INFO] Application startup complete.
[2026-03-16 17:21:55 +0000] [235] [INFO] Started server process [235]
[2026-03-16 17:21:55 +0000] [235] [INFO] Waiting for application startup.
[2026-03-16 17:21:55 +0000] [235] [INFO] Application startup complete.
[2026-03-16 17:21:55 +0000] [246] [INFO] Booting worker with pid: 246
[2026-03-16 17:21:55 +0000] [236] [INFO] Started server process [236]
[2026-03-16 17:21:55 +0000] [248] [INFO] Booting worker with pid: 248
[2026-03-16 17:21:55 +0000] [236] [INFO] Waiting for application startup.
[2026-03-16 17:21:55 +0000] [236] [INFO] Application startup complete.
[2026-03-16 17:21:55 +0000] [238] [INFO] Started server process [238]
[2026-03-16 17:21:55 +0000] [238] [INFO] Waiting for application startup.
[2026-03-16 17:21:55 +0000] [238] [INFO] Application startup complete.
[2026-03-16 17:21:55 +0000] [252] [INFO] Booting worker with pid: 252
[2026-03-16 17:21:55 +0000] [241] [INFO] Started server process [241]
[2026-03-16 17:21:55 +0000] [241] [INFO] Waiting for application startup.
[2026-03-16 17:21:55 +0000] [241] [INFO] Application startup complete.
[2026-03-16 17:21:55 +0000] [239] [INFO] Started server process [239]
[2026-03-16 17:21:55 +0000] [239] [INFO] Waiting for application startup.
[2026-03-16 17:21:55 +0000] [239] [INFO] Application startup complete.
[2026-03-16 17:21:55 +0000] [244] [INFO] Started server process [244]
[2026-03-16 17:21:55 +0000] [244] [INFO] Waiting for application startup.
[2026-03-16 17:21:55 +0000] [244] [INFO] Application startup complete.
[2026-03-16 17:21:55 +0000] [254] [INFO] Booting worker with pid: 254
[2026-03-16 17:21:55 +0000] [246] [INFO] Started server process [246]
[2026-03-16 17:21:55 +0000] [246] [INFO] Waiting for application startup.
[2026-03-16 17:21:55 +0000] [246] [INFO] Application startup complete.
[2026-03-16 17:21:55 +0000] [257] [INFO] Booting worker with pid: 257
[2026-03-16 17:21:55 +0000] [248] [INFO] Started server process [248]
[2026-03-16 17:21:55 +0000] [248] [INFO] Waiting for application startup.
[2026-03-16 17:21:55 +0000] [248] [INFO] Application startup complete.
[2026-03-16 17:21:55 +0000] [258] [INFO] Booting worker with pid: 258
[2026-03-16 17:21:55 +0000] [252] [INFO] Started server process [252]
[2026-03-16 17:21:55 +0000] [252] [INFO] Waiting for application startup.
[2026-03-16 17:21:55 +0000] [252] [INFO] Application startup complete.
[2026-03-16 17:21:56 +0000] [260] [INFO] Booting worker with pid: 260
[2026-03-16 17:21:56 +0000] [261] [INFO] Booting worker with pid: 261
[2026-03-16 17:21:56 +0000] [254] [INFO] Started server process [254]
[2026-03-16 17:21:56 +0000] [254] [INFO] Waiting for application startup.
[2026-03-16 17:21:56 +0000] [254] [INFO] Application startup complete.
[2026-03-16 17:21:56 +0000] [263] [INFO] Booting worker with pid: 263
[2026-03-16 17:21:56 +0000] [257] [INFO] Started server process [257]
[2026-03-16 17:21:56 +0000] [257] [INFO] Waiting for application startup.
[2026-03-16 17:21:56 +0000] [257] [INFO] Application startup complete.
[2026-03-16 17:21:56 +0000] [266] [INFO] Booting worker with pid: 266
[2026-03-16 17:21:56 +0000] [258] [INFO] Started server process [258]
[2026-03-16 17:21:56 +0000] [258] [INFO] Waiting for application startup.
[2026-03-16 17:21:56 +0000] [258] [INFO] Application startup complete.
[2026-03-16 17:21:56 +0000] [267] [INFO] Booting worker with pid: 267
[2026-03-16 17:21:56 +0000] [260] [INFO] Started server process [260]
[2026-03-16 17:21:56 +0000] [260] [INFO] Waiting for application startup.
[2026-03-16 17:21:56 +0000] [260] [INFO] Application startup complete.
[2026-03-16 17:21:56 +0000] [269] [INFO] Booting worker with pid: 269
[2026-03-16 17:21:56 +0000] [261] [INFO] Started server process [261]
[2026-03-16 17:21:56 +0000] [261] [INFO] Waiting for application startup.
[2026-03-16 17:21:56 +0000] [261] [INFO] Application startup complete.
[2026-03-16 17:21:56 +0000] [263] [INFO] Started server process [263]
[2026-03-16 17:21:56 +0000] [263] [INFO] Waiting for application startup.
[2026-03-16 17:21:56 +0000] [263] [INFO] Application startup complete.
[2026-03-16 17:21:56 +0000] [272] [INFO] Booting worker with pid: 272
[2026-03-16 17:21:56 +0000] [273] [INFO] Booting worker with pid: 273
[2026-03-16 17:21:56 +0000] [274] [INFO] Booting worker with pid: 274
[2026-03-16 17:21:56 +0000] [266] [INFO] Started server process [266]
[2026-03-16 17:21:56 +0000] [266] [INFO] Waiting for application startup.
[2026-03-16 17:21:56 +0000] [266] [INFO] Application startup complete.
[2026-03-16 17:21:56 +0000] [267] [INFO] Started server process [267]
[2026-03-16 17:21:56 +0000] [267] [INFO] Waiting for application startup.
[2026-03-16 17:21:56 +0000] [267] [INFO] Application startup complete.
[2026-03-16 17:21:56 +0000] [269] [INFO] Started server process [269]
[2026-03-16 17:21:56 +0000] [269] [INFO] Waiting for application startup.
[2026-03-16 17:21:56 +0000] [269] [INFO] Application startup complete.
[2026-03-16 17:21:56 +0000] [278] [INFO] Booting worker with pid: 278
[2026-03-16 17:21:56 +0000] [279] [INFO] Booting worker with pid: 279
[2026-03-16 17:21:56 +0000] [280] [INFO] Booting worker with pid: 280
[2026-03-16 17:21:56 +0000] [272] [INFO] Started server process [272]
[2026-03-16 17:21:56 +0000] [272] [INFO] Waiting for application startup.
[2026-03-16 17:21:56 +0000] [272] [INFO] Application startup complete.
[2026-03-16 17:21:56 +0000] [273] [INFO] Started server process [273]
[2026-03-16 17:21:56 +0000] [273] [INFO] Waiting for application startup.
[2026-03-16 17:21:56 +0000] [273] [INFO] Application startup complete.
[2026-03-16 17:21:56 +0000] [283] [INFO] Booting worker with pid: 283
[2026-03-16 17:21:56 +0000] [274] [INFO] Started server process [274]
[2026-03-16 17:21:56 +0000] [274] [INFO] Waiting for application startup.
[2026-03-16 17:21:56 +0000] [274] [INFO] Application startup complete.
[2026-03-16 17:21:56 +0000] [285] [INFO] Booting worker with pid: 285
[2026-03-16 17:21:56 +0000] [287] [INFO] Booting worker with pid: 287
[2026-03-16 17:21:56 +0000] [278] [INFO] Started server process [278]
[2026-03-16 17:21:56 +0000] [278] [INFO] Waiting for application startup.
[2026-03-16 17:21:56 +0000] [278] [INFO] Application startup complete.
[2026-03-16 17:21:56 +0000] [279] [INFO] Started server process [279]
[2026-03-16 17:21:56 +0000] [279] [INFO] Waiting for application startup.
[2026-03-16 17:21:56 +0000] [279] [INFO] Application startup complete.
[2026-03-16 17:21:56 +0000] [280] [INFO] Started server process [280]
[2026-03-16 17:21:56 +0000] [280] [INFO] Waiting for application startup.
[2026-03-16 17:21:56 +0000] [280] [INFO] Application startup complete.
[2026-03-16 17:21:56 +0000] [290] [INFO] Booting worker with pid: 290
[2026-03-16 17:21:56 +0000] [291] [INFO] Booting worker with pid: 291
[2026-03-16 17:21:56 +0000] [283] [INFO] Started server process [283]
[2026-03-16 17:21:56 +0000] [283] [INFO] Waiting for application startup.
[2026-03-16 17:21:56 +0000] [283] [INFO] Application startup complete.
[2026-03-16 17:21:56 +0000] [293] [INFO] Booting worker with pid: 293
[2026-03-16 17:21:57 +0000] [285] [INFO] Started server process [285]
[2026-03-16 17:21:57 +0000] [285] [INFO] Waiting for application startup.
[2026-03-16 17:21:57 +0000] [285] [INFO] Application startup complete.
[2026-03-16 17:21:57 +0000] [295] [INFO] Booting worker with pid: 295
[2026-03-16 17:21:57 +0000] [296] [INFO] Booting worker with pid: 296
[2026-03-16 17:21:57 +0000] [297] [INFO] Booting worker with pid: 297
[2026-03-16 17:21:57 +0000] [287] [INFO] Started server process [287]
[2026-03-16 17:21:57 +0000] [287] [INFO] Waiting for application startup.
[2026-03-16 17:21:57 +0000] [287] [INFO] Application startup complete.
[2026-03-16 17:21:57 +0000] [299] [INFO] Booting worker with pid: 299
[2026-03-16 17:21:57 +0000] [300] [INFO] Booting worker with pid: 300
[2026-03-16 17:21:57 +0000] [290] [INFO] Started server process [290]
[2026-03-16 17:21:57 +0000] [290] [INFO] Waiting for application startup.
[2026-03-16 17:21:57 +0000] [290] [INFO] Application startup complete.
[2026-03-16 17:21:57 +0000] [291] [INFO] Started server process [291]
[2026-03-16 17:21:57 +0000] [291] [INFO] Waiting for application startup.
[2026-03-16 17:21:57 +0000] [291] [INFO] Application startup complete.
[2026-03-16 17:21:57 +0000] [303] [INFO] Booting worker with pid: 303
[2026-03-16 17:21:57 +0000] [293] [INFO] Started server process [293]
[2026-03-16 17:21:57 +0000] [293] [INFO] Waiting for application startup.
[2026-03-16 17:21:57 +0000] [293] [INFO] Application startup complete.
[2026-03-16 17:21:57 +0000] [295] [INFO] Started server process [295]
[2026-03-16 17:21:57 +0000] [295] [INFO] Waiting for application startup.
[2026-03-16 17:21:57 +0000] [295] [INFO] Application startup complete.
[2026-03-16 17:21:57 +0000] [306] [INFO] Booting worker with pid: 306
[2026-03-16 17:21:57 +0000] [296] [INFO] Started server process [296]
[2026-03-16 17:21:57 +0000] [296] [INFO] Waiting for application startup.
[2026-03-16 17:21:57 +0000] [296] [INFO] Application startup complete.
[2026-03-16 17:21:57 +0000] [297] [INFO] Started server process [297]
[2026-03-16 17:21:57 +0000] [297] [INFO] Waiting for application startup.
[2026-03-16 17:21:57 +0000] [297] [INFO] Application startup complete.
[2026-03-16 17:21:57 +0000] [309] [INFO] Booting worker with pid: 309
[2026-03-16 17:21:57 +0000] [310] [INFO] Booting worker with pid: 310
[2026-03-16 17:21:57 +0000] [313] [INFO] Booting worker with pid: 313
[2026-03-16 17:21:57 +0000] [300] [INFO] Started server process [300]
[2026-03-16 17:21:57 +0000] [300] [INFO] Waiting for application startup.
[2026-03-16 17:21:57 +0000] [300] [INFO] Application startup complete.
[2026-03-16 17:21:57 +0000] [299] [INFO] Started server process [299]
[2026-03-16 17:21:57 +0000] [299] [INFO] Waiting for application startup.
[2026-03-16 17:21:57 +0000] [299] [INFO] Application startup complete.
[2026-03-16 17:21:57 +0000] [314] [INFO] Booting worker with pid: 314
[2026-03-16 17:21:57 +0000] [303] [INFO] Started server process [303]
[2026-03-16 17:21:57 +0000] [303] [INFO] Waiting for application startup.
[2026-03-16 17:21:57 +0000] [303] [INFO] Application startup complete.
[2026-03-16 17:21:57 +0000] [316] [INFO] Booting worker with pid: 316
[2026-03-16 17:21:57 +0000] [317] [INFO] Booting worker with pid: 317
[2026-03-16 17:21:57 +0000] [318] [INFO] Booting worker with pid: 318
[2026-03-16 17:21:57 +0000] [319] [INFO] Booting worker with pid: 319
[2026-03-16 17:21:57 +0000] [321] [INFO] Booting worker with pid: 321
[2026-03-16 17:21:57 +0000] [322] [INFO] Booting worker with pid: 322
[2026-03-16 17:21:57 +0000] [306] [INFO] Started server process [306]
[2026-03-16 17:21:57 +0000] [306] [INFO] Waiting for application startup.
[2026-03-16 17:21:57 +0000] [306] [INFO] Application startup complete.
[2026-03-16 17:21:57 +0000] [310] [INFO] Started server process [310]
[2026-03-16 17:21:57 +0000] [310] [INFO] Waiting for application startup.
[2026-03-16 17:21:57 +0000] [310] [INFO] Application startup complete.
[2026-03-16 17:21:57 +0000] [309] [INFO] Started server process [309]
[2026-03-16 17:21:57 +0000] [309] [INFO] Waiting for application startup.
[2026-03-16 17:21:57 +0000] [309] [INFO] Application startup complete.
[2026-03-16 17:21:57 +0000] [325] [INFO] Booting worker with pid: 325
[2026-03-16 17:21:57 +0000] [326] [INFO] Booting worker with pid: 326
[2026-03-16 17:21:57 +0000] [327] [INFO] Booting worker with pid: 327
[2026-03-16 17:21:57 +0000] [313] [INFO] Started server process [313]
[2026-03-16 17:21:57 +0000] [313] [INFO] Waiting for application startup.
[2026-03-16 17:21:57 +0000] [313] [INFO] Application startup complete.
[2026-03-16 17:21:58 +0000] [314] [INFO] Started server process [314]
[2026-03-16 17:21:58 +0000] [314] [INFO] Waiting for application startup.
[2026-03-16 17:21:58 +0000] [314] [INFO] Application startup complete.
[2026-03-16 17:21:58 +0000] [330] [INFO] Booting worker with pid: 330
[2026-03-16 17:21:58 +0000] [331] [INFO] Booting worker with pid: 331
[2026-03-16 17:21:58 +0000] [316] [INFO] Started server process [316]
[2026-03-16 17:21:58 +0000] [316] [INFO] Waiting for application startup.
[2026-03-16 17:21:58 +0000] [316] [INFO] Application startup complete.
[2026-03-16 17:21:58 +0000] [333] [INFO] Booting worker with pid: 333
[2026-03-16 17:21:58 +0000] [334] [INFO] Booting worker with pid: 334
[2026-03-16 17:21:58 +0000] [335] [INFO] Booting worker with pid: 335
[2026-03-16 17:21:58 +0000] [319] [INFO] Started server process [319]
[2026-03-16 17:21:58 +0000] [319] [INFO] Waiting for application startup.
[2026-03-16 17:21:58 +0000] [319] [INFO] Application startup complete.
[2026-03-16 17:21:58 +0000] [337] [INFO] Booting worker with pid: 337
[2026-03-16 17:21:58 +0000] [338] [INFO] Booting worker with pid: 338
[2026-03-16 17:21:58 +0000] [325] [INFO] Started server process [325]
[2026-03-16 17:21:58 +0000] [325] [INFO] Waiting for application startup.
[2026-03-16 17:21:58 +0000] [325] [INFO] Application startup complete.
[2026-03-16 17:21:58 +0000] [340] [INFO] Booting worker with pid: 340
[2026-03-16 17:21:58 +0000] [321] [INFO] Started server process [321]
[2026-03-16 17:21:58 +0000] [321] [INFO] Waiting for application startup.
[2026-03-16 17:21:58 +0000] [321] [INFO] Application startup complete.
[2026-03-16 17:21:58 +0000] [318] [INFO] Started server process [318]
[2026-03-16 17:21:58 +0000] [318] [INFO] Waiting for application startup.
[2026-03-16 17:21:58 +0000] [318] [INFO] Application startup complete.
[2026-03-16 17:21:58 +0000] [343] [INFO] Booting worker with pid: 343
[2026-03-16 17:21:58 +0000] [344] [INFO] Booting worker with pid: 344
[2026-03-16 17:21:58 +0000] [326] [INFO] Started server process [326]
[2026-03-16 17:21:58 +0000] [326] [INFO] Waiting for application startup.
[2026-03-16 17:21:58 +0000] [326] [INFO] Application startup complete.
[2026-03-16 17:21:58 +0000] [327] [INFO] Started server process [327]
[2026-03-16 17:21:58 +0000] [327] [INFO] Waiting for application startup.
[2026-03-16 17:21:58 +0000] [327] [INFO] Application startup complete.
[2026-03-16 17:21:58 +0000] [349] [INFO] Booting worker with pid: 349
[2026-03-16 17:21:58 +0000] [333] [INFO] Started server process [333]
[2026-03-16 17:21:58 +0000] [333] [INFO] Waiting for application startup.
[2026-03-16 17:21:58 +0000] [333] [INFO] Application startup complete.
[2026-03-16 17:21:58 +0000] [317] [INFO] Started server process [317]
[2026-03-16 17:21:58 +0000] [317] [INFO] Waiting for application startup.
[2026-03-16 17:21:58 +0000] [317] [INFO] Application startup complete.
[2026-03-16 17:21:58 +0000] [350] [INFO] Booting worker with pid: 350
[2026-03-16 17:21:58 +0000] [351] [INFO] Booting worker with pid: 351
[2026-03-16 17:21:58 +0000] [322] [INFO] Started server process [322]
[2026-03-16 17:21:58 +0000] [322] [INFO] Waiting for application startup.
[2026-03-16 17:21:58 +0000] [322] [INFO] Application startup complete.
[2026-03-16 17:21:58 +0000] [330] [INFO] Started server process [330]
[2026-03-16 17:21:58 +0000] [330] [INFO] Waiting for application startup.
[2026-03-16 17:21:58 +0000] [330] [INFO] Application startup complete.
[2026-03-16 17:21:58 +0000] [354] [INFO] Booting worker with pid: 354
[2026-03-16 17:21:59 +0000] [355] [INFO] Booting worker with pid: 355
[2026-03-16 17:21:59 +0000] [337] [INFO] Started server process [337]
[2026-03-16 17:21:59 +0000] [337] [INFO] Waiting for application startup.
[2026-03-16 17:21:59 +0000] [337] [INFO] Application startup complete.
[2026-03-16 17:21:59 +0000] [357] [INFO] Booting worker with pid: 357
[2026-03-16 17:21:59 +0000] [358] [INFO] Booting worker with pid: 358
[2026-03-16 17:21:59 +0000] [359] [INFO] Booting worker with pid: 359
[2026-03-16 17:21:59 +0000] [360] [INFO] Booting worker with pid: 360
[2026-03-16 17:21:59 +0000] [335] [INFO] Started server process [335]
[2026-03-16 17:21:59 +0000] [335] [INFO] Waiting for application startup.
[2026-03-16 17:21:59 +0000] [335] [INFO] Application startup complete.
[2026-03-16 17:21:59 +0000] [365] [INFO] Booting worker with pid: 365
[2026-03-16 17:21:59 +0000] [366] [INFO] Booting worker with pid: 366
[2026-03-16 17:21:59 +0000] [331] [INFO] Started server process [331]
[2026-03-16 17:21:59 +0000] [331] [INFO] Waiting for application startup.
[2026-03-16 17:21:59 +0000] [331] [INFO] Application startup complete.
[2026-03-16 17:21:59 +0000] [344] [INFO] Started server process [344]
[2026-03-16 17:21:59 +0000] [344] [INFO] Waiting for application startup.
[2026-03-16 17:21:59 +0000] [344] [INFO] Application startup complete.
[2026-03-16 17:21:59 +0000] [334] [INFO] Started server process [334]
[2026-03-16 17:21:59 +0000] [334] [INFO] Waiting for application startup.
[2026-03-16 17:21:59 +0000] [334] [INFO] Application startup complete.
[2026-03-16 17:21:59 +0000] [367] [INFO] Booting worker with pid: 367
[2026-03-16 17:21:59 +0000] [369] [INFO] Booting worker with pid: 369
[2026-03-16 17:21:59 +0000] [340] [INFO] Started server process [340]
[2026-03-16 17:21:59 +0000] [340] [INFO] Waiting for application startup.
[2026-03-16 17:21:59 +0000] [340] [INFO] Application startup complete.
[2026-03-16 17:21:59 +0000] [370] [INFO] Booting worker with pid: 370
[2026-03-16 17:21:59 +0000] [371] [INFO] Booting worker with pid: 371
[2026-03-16 17:21:59 +0000] [373] [INFO] Booting worker with pid: 373
[2026-03-16 17:21:59 +0000] [343] [INFO] Started server process [343]
[2026-03-16 17:21:59 +0000] [343] [INFO] Waiting for application startup.
[2026-03-16 17:21:59 +0000] [343] [INFO] Application startup complete.
[2026-03-16 17:21:59 +0000] [355] [INFO] Started server process [355]
[2026-03-16 17:21:59 +0000] [355] [INFO] Waiting for application startup.
[2026-03-16 17:21:59 +0000] [355] [INFO] Application startup complete.
[2026-03-16 17:21:59 +0000] [377] [INFO] Booting worker with pid: 377
[2026-03-16 17:21:59 +0000] [358] [INFO] Started server process [358]
[2026-03-16 17:21:59 +0000] [358] [INFO] Waiting for application startup.
[2026-03-16 17:21:59 +0000] [358] [INFO] Application startup complete.
[2026-03-16 17:21:59 +0000] [338] [INFO] Started server process [338]
[2026-03-16 17:21:59 +0000] [338] [INFO] Waiting for application startup.
[2026-03-16 17:21:59 +0000] [338] [INFO] Application startup complete.
[2026-03-16 17:21:59 +0000] [349] [INFO] Started server process [349]
[2026-03-16 17:21:59 +0000] [349] [INFO] Waiting for application startup.
[2026-03-16 17:21:59 +0000] [349] [INFO] Application startup complete.
[2026-03-16 17:21:59 +0000] [380] [INFO] Booting worker with pid: 380
[2026-03-16 17:21:59 +0000] [381] [INFO] Booting worker with pid: 381
[2026-03-16 17:21:59 +0000] [382] [INFO] Booting worker with pid: 382
[2026-03-16 17:21:59 +0000] [351] [INFO] Started server process [351]
[2026-03-16 17:21:59 +0000] [351] [INFO] Waiting for application startup.
[2026-03-16 17:21:59 +0000] [351] [INFO] Application startup complete.
[2026-03-16 17:21:59 +0000] [384] [INFO] Booting worker with pid: 384
[2026-03-16 17:21:59 +0000] [354] [INFO] Started server process [354]
[2026-03-16 17:21:59 +0000] [354] [INFO] Waiting for application startup.
[2026-03-16 17:21:59 +0000] [354] [INFO] Application startup complete.
[2026-03-16 17:22:00 +0000] [385] [INFO] Booting worker with pid: 385
[2026-03-16 17:22:00 +0000] [386] [INFO] Booting worker with pid: 386
[2026-03-16 17:22:00 +0000] [387] [INFO] Booting worker with pid: 387
[2026-03-16 17:22:00 +0000] [389] [INFO] Booting worker with pid: 389
[2026-03-16 17:22:00 +0000] [357] [INFO] Started server process [357]
[2026-03-16 17:22:00 +0000] [357] [INFO] Waiting for application startup.
[2026-03-16 17:22:00 +0000] [357] [INFO] Application startup complete.
[2026-03-16 17:22:00 +0000] [350] [INFO] Started server process [350]
[2026-03-16 17:22:00 +0000] [350] [INFO] Waiting for application startup.
[2026-03-16 17:22:00 +0000] [350] [INFO] Application startup complete.
[2026-03-16 17:22:00 +0000] [367] [INFO] Started server process [367]
[2026-03-16 17:22:00 +0000] [367] [INFO] Waiting for application startup.
[2026-03-16 17:22:00 +0000] [367] [INFO] Application startup complete.
[2026-03-16 17:22:00 +0000] [373] [INFO] Started server process [373]
[2026-03-16 17:22:00 +0000] [373] [INFO] Waiting for application startup.
[2026-03-16 17:22:00 +0000] [373] [INFO] Application startup complete.
[2026-03-16 17:22:00 +0000] [393] [INFO] Booting worker with pid: 393
[2026-03-16 17:22:00 +0000] [394] [INFO] Booting worker with pid: 394
[2026-03-16 17:22:00 +0000] [397] [INFO] Booting worker with pid: 397
[2026-03-16 17:22:00 +0000] [371] [INFO] Started server process [371]
[2026-03-16 17:22:00 +0000] [371] [INFO] Waiting for application startup.
[2026-03-16 17:22:00 +0000] [371] [INFO] Application startup complete.
[2026-03-16 17:22:00 +0000] [365] [INFO] Started server process [365]
[2026-03-16 17:22:00 +0000] [365] [INFO] Waiting for application startup.
[2026-03-16 17:22:00 +0000] [365] [INFO] Application startup complete.
[2026-03-16 17:22:00 +0000] [400] [INFO] Booting worker with pid: 400
[2026-03-16 17:22:00 +0000] [377] [INFO] Started server process [377]
[2026-03-16 17:22:00 +0000] [377] [INFO] Waiting for application startup.
[2026-03-16 17:22:00 +0000] [377] [INFO] Application startup complete.
[2026-03-16 17:22:00 +0000] [359] [INFO] Started server process [359]
[2026-03-16 17:22:00 +0000] [359] [INFO] Waiting for application startup.
[2026-03-16 17:22:00 +0000] [359] [INFO] Application startup complete.
[2026-03-16 17:22:00 +0000] [401] [INFO] Booting worker with pid: 401
[2026-03-16 17:22:00 +0000] [402] [INFO] Booting worker with pid: 402
[2026-03-16 17:22:00 +0000] [382] [INFO] Started server process [382]
[2026-03-16 17:22:00 +0000] [382] [INFO] Waiting for application startup.
[2026-03-16 17:22:00 +0000] [382] [INFO] Application startup complete.
[2026-03-16 17:22:00 +0000] [405] [INFO] Booting worker with pid: 405
[2026-03-16 17:22:00 +0000] [366] [INFO] Started server process [366]
[2026-03-16 17:22:00 +0000] [366] [INFO] Waiting for application startup.
[2026-03-16 17:22:00 +0000] [366] [INFO] Application startup complete.
[2026-03-16 17:22:00 +0000] [360] [INFO] Started server process [360]
[2026-03-16 17:22:00 +0000] [360] [INFO] Waiting for application startup.
[2026-03-16 17:22:00 +0000] [360] [INFO] Application startup complete.
[2026-03-16 17:22:00 +0000] [407] [INFO] Booting worker with pid: 407
[2026-03-16 17:22:00 +0000] [380] [INFO] Started server process [380]
[2026-03-16 17:22:00 +0000] [380] [INFO] Waiting for application startup.
[2026-03-16 17:22:00 +0000] [380] [INFO] Application startup complete.
[2026-03-16 17:22:00 +0000] [409] [INFO] Booting worker with pid: 409
[2026-03-16 17:22:00 +0000] [411] [INFO] Booting worker with pid: 411
[2026-03-16 17:22:00 +0000] [412] [INFO] Booting worker with pid: 412
[2026-03-16 17:22:00 +0000] [384] [INFO] Started server process [384]
[2026-03-16 17:22:00 +0000] [384] [INFO] Waiting for application startup.
[2026-03-16 17:22:00 +0000] [384] [INFO] Application startup complete.
[2026-03-16 17:22:00 +0000] [370] [INFO] Started server process [370]
[2026-03-16 17:22:00 +0000] [370] [INFO] Waiting for application startup.
[2026-03-16 17:22:00 +0000] [370] [INFO] Application startup complete.
[2026-03-16 17:22:00 +0000] [389] [INFO] Started server process [389]
[2026-03-16 17:22:00 +0000] [416] [INFO] Booting worker with pid: 416
[2026-03-16 17:22:00 +0000] [389] [INFO] Waiting for application startup.
[2026-03-16 17:22:00 +0000] [389] [INFO] Application startup complete.
[2026-03-16 17:22:00 +0000] [393] [INFO] Started server process [393]
[2026-03-16 17:22:00 +0000] [393] [INFO] Waiting for application startup.
[2026-03-16 17:22:00 +0000] [393] [INFO] Application startup complete.
[2026-03-16 17:22:00 +0000] [418] [INFO] Booting worker with pid: 418
[2026-03-16 17:22:00 +0000] [385] [INFO] Started server process [385]
[2026-03-16 17:22:00 +0000] [385] [INFO] Waiting for application startup.
[2026-03-16 17:22:00 +0000] [385] [INFO] Application startup complete.
[2026-03-16 17:22:00 +0000] [401] [INFO] Started server process [401]
[2026-03-16 17:22:00 +0000] [401] [INFO] Waiting for application startup.
[2026-03-16 17:22:00 +0000] [401] [INFO] Application startup complete.
[2026-03-16 17:22:00 +0000] [420] [INFO] Booting worker with pid: 420
[2026-03-16 17:22:00 +0000] [421] [INFO] Booting worker with pid: 421
[2026-03-16 17:22:00 +0000] [422] [INFO] Booting worker with pid: 422
[2026-03-16 17:22:01 +0000] [423] [INFO] Booting worker with pid: 423
[2026-03-16 17:22:01 +0000] [409] [INFO] Started server process [409]
[2026-03-16 17:22:01 +0000] [409] [INFO] Waiting for application startup.
[2026-03-16 17:22:01 +0000] [409] [INFO] Application startup complete.
[2026-03-16 17:22:01 +0000] [402] [INFO] Started server process [402]
[2026-03-16 17:22:01 +0000] [402] [INFO] Waiting for application startup.
[2026-03-16 17:22:01 +0000] [402] [INFO] Application startup complete.
[2026-03-16 17:22:01 +0000] [427] [INFO] Booting worker with pid: 427
[2026-03-16 17:22:01 +0000] [369] [INFO] Started server process [369]
[2026-03-16 17:22:01 +0000] [369] [INFO] Waiting for application startup.
[2026-03-16 17:22:01 +0000] [369] [INFO] Application startup complete.
[2026-03-16 17:22:01 +0000] [400] [INFO] Started server process [400]
[2026-03-16 17:22:01 +0000] [400] [INFO] Waiting for application startup.
[2026-03-16 17:22:01 +0000] [400] [INFO] Application startup complete.
[2026-03-16 17:22:01 +0000] [430] [INFO] Booting worker with pid: 430
[2026-03-16 17:22:01 +0000] [397] [INFO] Started server process [397]
[2026-03-16 17:22:01 +0000] [397] [INFO] Waiting for application startup.
[2026-03-16 17:22:01 +0000] [397] [INFO] Application startup complete.
[2026-03-16 17:22:01 +0000] [412] [INFO] Started server process [412]
[2026-03-16 17:22:01 +0000] [412] [INFO] Waiting for application startup.
[2026-03-16 17:22:01 +0000] [412] [INFO] Application startup complete.
[2026-03-16 17:22:01 +0000] [381] [INFO] Started server process [381]
[2026-03-16 17:22:01 +0000] [381] [INFO] Waiting for application startup.
[2026-03-16 17:22:01 +0000] [381] [INFO] Application startup complete.
[2026-03-16 17:22:01 +0000] [434] [INFO] Booting worker with pid: 434
[2026-03-16 17:22:01 +0000] [394] [INFO] Started server process [394]
[2026-03-16 17:22:01 +0000] [394] [INFO] Waiting for application startup.
[2026-03-16 17:22:01 +0000] [394] [INFO] Application startup complete.
[2026-03-16 17:22:01 +0000] [438] [INFO] Booting worker with pid: 438
[2026-03-16 17:22:01 +0000] [405] [INFO] Started server process [405]
[2026-03-16 17:22:01 +0000] [405] [INFO] Waiting for application startup.
[2026-03-16 17:22:01 +0000] [405] [INFO] Application startup complete.
[2026-03-16 17:22:01 +0000] [420] [INFO] Started server process [420]
[2026-03-16 17:22:01 +0000] [420] [INFO] Waiting for application startup.
[2026-03-16 17:22:01 +0000] [420] [INFO] Application startup complete.
[2026-03-16 17:22:01 +0000] [387] [INFO] Started server process [387]
[2026-03-16 17:22:01 +0000] [387] [INFO] Waiting for application startup.
[2026-03-16 17:22:01 +0000] [387] [INFO] Application startup complete.
[2026-03-16 17:22:01 +0000] [441] [INFO] Booting worker with pid: 441
[2026-03-16 17:22:01 +0000] [411] [INFO] Started server process [411]
[2026-03-16 17:22:01 +0000] [411] [INFO] Waiting for application startup.
[2026-03-16 17:22:01 +0000] [411] [INFO] Application startup complete.
[2026-03-16 17:22:01 +0000] [443] [INFO] Booting worker with pid: 443
[2026-03-16 17:22:01 +0000] [421] [INFO] Started server process [421]
[2026-03-16 17:22:01 +0000] [421] [INFO] Waiting for application startup.
[2026-03-16 17:22:01 +0000] [421] [INFO] Application startup complete.
[2026-03-16 17:22:01 +0000] [418] [INFO] Started server process [418]
[2026-03-16 17:22:01 +0000] [418] [INFO] Waiting for application startup.
[2026-03-16 17:22:01 +0000] [418] [INFO] Application startup complete.
[2026-03-16 17:22:01 +0000] [407] [INFO] Started server process [407]
[2026-03-16 17:22:01 +0000] [407] [INFO] Waiting for application startup.
[2026-03-16 17:22:01 +0000] [407] [INFO] Application startup complete.
[2026-03-16 17:22:01 +0000] [416] [INFO] Started server process [416]
[2026-03-16 17:22:01 +0000] [416] [INFO] Waiting for application startup.
[2026-03-16 17:22:01 +0000] [416] [INFO] Application startup complete.
[2026-03-16 17:22:01 +0000] [447] [INFO] Booting worker with pid: 447
[2026-03-16 17:22:01 +0000] [386] [INFO] Started server process [386]
[2026-03-16 17:22:01 +0000] [386] [INFO] Waiting for application startup.
[2026-03-16 17:22:01 +0000] [386] [INFO] Application startup complete.
[2026-03-16 17:22:01 +0000] [448] [INFO] Booting worker with pid: 448
[2026-03-16 17:22:01 +0000] [450] [INFO] Booting worker with pid: 450
[2026-03-16 17:22:01 +0000] [427] [INFO] Started server process [427]
[2026-03-16 17:22:01 +0000] [427] [INFO] Waiting for application startup.
[2026-03-16 17:22:01 +0000] [427] [INFO] Application startup complete.
[2026-03-16 17:22:01 +0000] [452] [INFO] Booting worker with pid: 452
[2026-03-16 17:22:01 +0000] [430] [INFO] Started server process [430]
[2026-03-16 17:22:01 +0000] [430] [INFO] Waiting for application startup.
[2026-03-16 17:22:01 +0000] [430] [INFO] Application startup complete.
[2026-03-16 17:22:01 +0000] [454] [INFO] Booting worker with pid: 454
[2026-03-16 17:22:01 +0000] [422] [INFO] Started server process [422]
[2026-03-16 17:22:01 +0000] [422] [INFO] Waiting for application startup.
[2026-03-16 17:22:01 +0000] [422] [INFO] Application startup complete.
[2026-03-16 17:22:01 +0000] [455] [INFO] Booting worker with pid: 455
[2026-03-16 17:22:01 +0000] [456] [INFO] Booting worker with pid: 456
[2026-03-16 17:22:01 +0000] [441] [INFO] Started server process [441]
[2026-03-16 17:22:01 +0000] [441] [INFO] Waiting for application startup.
[2026-03-16 17:22:01 +0000] [441] [INFO] Application startup complete.
[2026-03-16 17:22:01 +0000] [423] [INFO] Started server process [423]
[2026-03-16 17:22:01 +0000] [423] [INFO] Waiting for application startup.
[2026-03-16 17:22:01 +0000] [423] [INFO] Application startup complete.
[2026-03-16 17:22:01 +0000] [459] [INFO] Booting worker with pid: 459
[2026-03-16 17:22:01 +0000] [460] [INFO] Booting worker with pid: 460
[2026-03-16 17:22:02 +0000] [443] [INFO] Started server process [443]
[2026-03-16 17:22:02 +0000] [443] [INFO] Waiting for application startup.
[2026-03-16 17:22:02 +0000] [443] [INFO] Application startup complete.
[2026-03-16 17:22:02 +0000] [462] [INFO] Booting worker with pid: 462
[2026-03-16 17:22:02 +0000] [463] [INFO] Booting worker with pid: 463
[2026-03-16 17:22:02 +0000] [447] [INFO] Started server process [447]
[2026-03-16 17:22:02 +0000] [447] [INFO] Waiting for application startup.
[2026-03-16 17:22:02 +0000] [447] [INFO] Application startup complete.
[2026-03-16 17:22:02 +0000] [466] [INFO] Booting worker with pid: 466
[2026-03-16 17:22:02 +0000] [438] [INFO] Started server process [438]
[2026-03-16 17:22:02 +0000] [438] [INFO] Waiting for application startup.
[2026-03-16 17:22:02 +0000] [438] [INFO] Application startup complete.
[2026-03-16 17:22:02 +0000] [467] [INFO] Booting worker with pid: 467
[2026-03-16 17:22:02 +0000] [448] [INFO] Started server process [448]
[2026-03-16 17:22:02 +0000] [448] [INFO] Waiting for application startup.
[2026-03-16 17:22:02 +0000] [448] [INFO] Application startup complete.
[2026-03-16 17:22:02 +0000] [469] [INFO] Booting worker with pid: 469
[2026-03-16 17:22:02 +0000] [450] [INFO] Started server process [450]
[2026-03-16 17:22:02 +0000] [450] [INFO] Waiting for application startup.
[2026-03-16 17:22:02 +0000] [450] [INFO] Application startup complete.
[2026-03-16 17:22:02 +0000] [434] [INFO] Started server process [434]
[2026-03-16 17:22:02 +0000] [434] [INFO] Waiting for application startup.
[2026-03-16 17:22:02 +0000] [434] [INFO] Application startup complete.
[2026-03-16 17:22:02 +0000] [454] [INFO] Started server process [454]
[2026-03-16 17:22:02 +0000] [454] [INFO] Waiting for application startup.
[2026-03-16 17:22:02 +0000] [454] [INFO] Application startup complete.
[2026-03-16 17:22:02 +0000] [452] [INFO] Started server process [452]
[2026-03-16 17:22:02 +0000] [452] [INFO] Waiting for application startup.
[2026-03-16 17:22:02 +0000] [452] [INFO] Application startup complete.
[2026-03-16 17:22:02 +0000] [475] [INFO] Booting worker with pid: 475
[2026-03-16 17:22:02 +0000] [456] [INFO] Started server process [456]
[2026-03-16 17:22:02 +0000] [456] [INFO] Waiting for application startup.
[2026-03-16 17:22:02 +0000] [456] [INFO] Application startup complete.
[2026-03-16 17:22:02 +0000] [476] [INFO] Booting worker with pid: 476
[2026-03-16 17:22:02 +0000] [455] [INFO] Started server process [455]
[2026-03-16 17:22:02 +0000] [455] [INFO] Waiting for application startup.
[2026-03-16 17:22:02 +0000] [455] [INFO] Application startup complete.
[2026-03-16 17:22:02 +0000] [460] [INFO] Started server process [460]
[2026-03-16 17:22:02 +0000] [460] [INFO] Waiting for application startup.
[2026-03-16 17:22:02 +0000] [460] [INFO] Application startup complete.
[2026-03-16 17:22:02 +0000] [459] [INFO] Started server process [459]
[2026-03-16 17:22:02 +0000] [459] [INFO] Waiting for application startup.
[2026-03-16 17:22:02 +0000] [459] [INFO] Application startup complete.
[2026-03-16 17:22:02 +0000] [482] [INFO] Booting worker with pid: 482
[2026-03-16 17:22:02 +0000] [462] [INFO] Started server process [462]
[2026-03-16 17:22:02 +0000] [462] [INFO] Waiting for application startup.
[2026-03-16 17:22:02 +0000] [462] [INFO] Application startup complete.
[2026-03-16 17:22:02 +0000] [463] [INFO] Started server process [463]
[2026-03-16 17:22:02 +0000] [463] [INFO] Waiting for application startup.
[2026-03-16 17:22:02 +0000] [463] [INFO] Application startup complete.
[2026-03-16 17:22:02 +0000] [466] [INFO] Started server process [466]
[2026-03-16 17:22:02 +0000] [466] [INFO] Waiting for application startup.
[2026-03-16 17:22:02 +0000] [466] [INFO] Application startup complete.
[2026-03-16 17:22:02 +0000] [467] [INFO] Started server process [467]
[2026-03-16 17:22:02 +0000] [467] [INFO] Waiting for application startup.
[2026-03-16 17:22:02 +0000] [467] [INFO] Application startup complete.
[2026-03-16 17:22:02 +0000] [486] [INFO] Booting worker with pid: 486
[2026-03-16 17:22:02 +0000] [469] [INFO] Started server process [469]
[2026-03-16 17:22:02 +0000] [469] [INFO] Waiting for application startup.
[2026-03-16 17:22:02 +0000] [469] [INFO] Application startup complete.
[2026-03-16 17:22:02 +0000] [487] [INFO] Booting worker with pid: 487
[2026-03-16 17:22:02 +0000] [475] [INFO] Started server process [475]
[2026-03-16 17:22:02 +0000] [475] [INFO] Waiting for application startup.
[2026-03-16 17:22:02 +0000] [475] [INFO] Application startup complete.
[2026-03-16 17:22:02 +0000] [489] [INFO] Booting worker with pid: 489
[2026-03-16 17:22:02 +0000] [476] [INFO] Started server process [476]
[2026-03-16 17:22:02 +0000] [476] [INFO] Waiting for application startup.
[2026-03-16 17:22:02 +0000] [476] [INFO] Application startup complete.
[2026-03-16 17:22:02 +0000] [491] [INFO] Booting worker with pid: 491
[2026-03-16 17:22:02 +0000] [492] [INFO] Booting worker with pid: 492
[2026-03-16 17:22:02 +0000] [493] [INFO] Booting worker with pid: 493
[2026-03-16 17:22:02 +0000] [482] [INFO] Started server process [482]
[2026-03-16 17:22:02 +0000] [482] [INFO] Waiting for application startup.
[2026-03-16 17:22:02 +0000] [482] [INFO] Application startup complete.
[2026-03-16 17:22:02 +0000] [495] [INFO] Booting worker with pid: 495
[2026-03-16 17:22:02 +0000] [496] [INFO] Booting worker with pid: 496
[2026-03-16 17:22:02 +0000] [486] [INFO] Started server process [486]
[2026-03-16 17:22:02 +0000] [486] [INFO] Waiting for application startup.
[2026-03-16 17:22:02 +0000] [486] [INFO] Application startup complete.
[2026-03-16 17:22:02 +0000] [498] [INFO] Booting worker with pid: 498
[2026-03-16 17:22:02 +0000] [487] [INFO] Started server process [487]
[2026-03-16 17:22:02 +0000] [487] [INFO] Waiting for application startup.
[2026-03-16 17:22:02 +0000] [487] [INFO] Application startup complete.
[2026-03-16 17:22:02 +0000] [501] [INFO] Booting worker with pid: 501
[2026-03-16 17:22:02 +0000] [489] [INFO] Started server process [489]
[2026-03-16 17:22:02 +0000] [489] [INFO] Waiting for application startup.
[2026-03-16 17:22:02 +0000] [489] [INFO] Application startup complete.
[2026-03-16 17:22:02 +0000] [502] [INFO] Booting worker with pid: 502
[2026-03-16 17:22:02 +0000] [491] [INFO] Started server process [491]
[2026-03-16 17:22:02 +0000] [491] [INFO] Waiting for application startup.
[2026-03-16 17:22:02 +0000] [491] [INFO] Application startup complete.
[2026-03-16 17:22:02 +0000] [504] [INFO] Booting worker with pid: 504
[2026-03-16 17:22:02 +0000] [492] [INFO] Started server process [492]
[2026-03-16 17:22:02 +0000] [492] [INFO] Waiting for application startup.
[2026-03-16 17:22:02 +0000] [492] [INFO] Application startup complete.
[2026-03-16 17:22:02 +0000] [493] [INFO] Started server process [493]
[2026-03-16 17:22:02 +0000] [493] [INFO] Waiting for application startup.
[2026-03-16 17:22:02 +0000] [493] [INFO] Application startup complete.
[2026-03-16 17:22:02 +0000] [507] [INFO] Booting worker with pid: 507
[2026-03-16 17:22:02 +0000] [495] [INFO] Started server process [495]
[2026-03-16 17:22:02 +0000] [495] [INFO] Waiting for application startup.
[2026-03-16 17:22:02 +0000] [495] [INFO] Application startup complete.
[2026-03-16 17:22:03 +0000] [496] [INFO] Started server process [496]
[2026-03-16 17:22:03 +0000] [496] [INFO] Waiting for application startup.
[2026-03-16 17:22:03 +0000] [496] [INFO] Application startup complete.
[2026-03-16 17:22:03 +0000] [510] [INFO] Booting worker with pid: 510
[2026-03-16 17:22:03 +0000] [498] [INFO] Started server process [498]
[2026-03-16 17:22:03 +0000] [498] [INFO] Waiting for application startup.
[2026-03-16 17:22:03 +0000] [498] [INFO] Application startup complete.
[2026-03-16 17:22:03 +0000] [501] [INFO] Started server process [501]
[2026-03-16 17:22:03 +0000] [501] [INFO] Waiting for application startup.
[2026-03-16 17:22:03 +0000] [501] [INFO] Application startup complete.
[2026-03-16 17:22:03 +0000] [514] [INFO] Booting worker with pid: 514
[2026-03-16 17:22:03 +0000] [502] [INFO] Started server process [502]
[2026-03-16 17:22:03 +0000] [502] [INFO] Waiting for application startup.
[2026-03-16 17:22:03 +0000] [502] [INFO] Application startup complete.
[2026-03-16 17:22:03 +0000] [504] [INFO] Started server process [504]
[2026-03-16 17:22:03 +0000] [504] [INFO] Waiting for application startup.
[2026-03-16 17:22:03 +0000] [504] [INFO] Application startup complete.
[2026-03-16 17:22:03 +0000] [507] [INFO] Started server process [507]
[2026-03-16 17:22:03 +0000] [507] [INFO] Waiting for application startup.
[2026-03-16 17:22:03 +0000] [507] [INFO] Application startup complete.
[2026-03-16 17:22:03 +0000] [510] [INFO] Started server process [510]
[2026-03-16 17:22:03 +0000] [510] [INFO] Waiting for application startup.
[2026-03-16 17:22:03 +0000] [510] [INFO] Application startup complete.
[2026-03-16 17:22:03 +0000] [514] [INFO] Started server process [514]
[2026-03-16 17:22:03 +0000] [514] [INFO] Waiting for application startup.
[2026-03-16 17:22:03 +0000] [514] [INFO] Application startup complete.
